[2024-04-26T22:34:09.493+0000] {local_task_job_runner.py:120} INFO - ::group::Pre task execution logs
[2024-04-26T22:34:09.696+0000] {taskinstance.py:2073} INFO - Dependencies all met for dep_context=non-requeueable deps ti=<TaskInstance: Crypto_ETL.fetch_and_save_data scheduled__2024-04-19T00:00:00+00:00 [queued]>
[2024-04-26T22:34:09.731+0000] {taskinstance.py:2073} INFO - Dependencies all met for dep_context=requeueable deps ti=<TaskInstance: Crypto_ETL.fetch_and_save_data scheduled__2024-04-19T00:00:00+00:00 [queued]>
[2024-04-26T22:34:09.736+0000] {taskinstance.py:2303} INFO - Starting attempt 1 of 1
[2024-04-26T22:34:10.334+0000] {taskinstance.py:2327} INFO - Executing <Task(PythonOperator): fetch_and_save_data> on 2024-04-19 00:00:00+00:00
[2024-04-26T22:34:10.403+0000] {warnings.py:110} WARNING - /home/***/.local/lib/python3.12/site-packages/***/task/task_runner/standard_task_runner.py:61: DeprecationWarning: This process (pid=161) is multi-threaded, use of fork() may lead to deadlocks in the child.
  pid = os.fork()

[2024-04-26T22:34:10.409+0000] {standard_task_runner.py:63} INFO - Started process 208 to run task
[2024-04-26T22:34:10.414+0000] {standard_task_runner.py:90} INFO - Running: ['***', 'tasks', 'run', 'Crypto_ETL', 'fetch_and_save_data', 'scheduled__2024-04-19T00:00:00+00:00', '--job-id', '73', '--raw', '--subdir', 'DAGS_FOLDER/processing_ETL.py', '--cfg-path', '/tmp/tmpdql7q3br']
[2024-04-26T22:34:10.417+0000] {standard_task_runner.py:91} INFO - Job 73: Subtask fetch_and_save_data
[2024-04-26T22:34:11.254+0000] {task_command.py:426} INFO - Running <TaskInstance: Crypto_ETL.fetch_and_save_data scheduled__2024-04-19T00:00:00+00:00 [running]> on host 7542c54372fc
[2024-04-26T22:34:11.784+0000] {taskinstance.py:2644} INFO - Exporting env vars: AIRFLOW_CTX_DAG_OWNER='***' AIRFLOW_CTX_DAG_ID='Crypto_ETL' AIRFLOW_CTX_TASK_ID='fetch_and_save_data' AIRFLOW_CTX_EXECUTION_DATE='2024-04-19T00:00:00+00:00' AIRFLOW_CTX_TRY_NUMBER='1' AIRFLOW_CTX_DAG_RUN_ID='scheduled__2024-04-19T00:00:00+00:00'
[2024-04-26T22:34:11.797+0000] {taskinstance.py:430} INFO - ::endgroup::
[2024-04-26T22:34:11.926+0000] {logging_mixin.py:188} INFO - Data saved to binance_dataset.csv
[2024-04-26T22:34:11.932+0000] {python.py:237} INFO - Done. Returned value was: None
[2024-04-26T22:34:11.934+0000] {taskinstance.py:441} INFO - ::group::Post task execution logs
[2024-04-26T22:34:12.016+0000] {taskinstance.py:1205} INFO - Marking task as SUCCESS. dag_id=Crypto_ETL, task_id=fetch_and_save_data, execution_date=20240419T000000, start_date=20240426T223409, end_date=20240426T223412
[2024-04-26T22:34:12.199+0000] {local_task_job_runner.py:240} INFO - Task exited with return code 0
[2024-04-26T22:34:12.553+0000] {taskinstance.py:3482} INFO - 1 downstream tasks scheduled from follow-on schedule check
[2024-04-26T22:34:12.611+0000] {local_task_job_runner.py:222} INFO - ::endgroup::
