[2024-04-26T07:00:57.368+0000] {local_task_job_runner.py:120} INFO - ::group::Pre task execution logs
[2024-04-26T07:00:57.393+0000] {taskinstance.py:2073} INFO - Dependencies all met for dep_context=non-requeueable deps ti=<TaskInstance: Crypto_ETL.fetch_and_save_data manual__2024-04-26T07:00:41.683023+00:00 [queued]>
[2024-04-26T07:00:57.403+0000] {taskinstance.py:2073} INFO - Dependencies all met for dep_context=requeueable deps ti=<TaskInstance: Crypto_ETL.fetch_and_save_data manual__2024-04-26T07:00:41.683023+00:00 [queued]>
[2024-04-26T07:00:57.403+0000] {taskinstance.py:2303} INFO - Starting attempt 1 of 1
[2024-04-26T07:00:57.414+0000] {taskinstance.py:2327} INFO - Executing <Task(PythonOperator): fetch_and_save_data> on 2024-04-26 07:00:41.683023+00:00
[2024-04-26T07:00:57.422+0000] {warnings.py:110} WARNING - /home/***/.local/lib/python3.12/site-packages/***/task/task_runner/standard_task_runner.py:61: DeprecationWarning: This process (pid=5850) is multi-threaded, use of fork() may lead to deadlocks in the child.
  pid = os.fork()

[2024-04-26T07:00:57.424+0000] {standard_task_runner.py:63} INFO - Started process 5859 to run task
[2024-04-26T07:00:57.423+0000] {standard_task_runner.py:90} INFO - Running: ['***', 'tasks', 'run', 'Crypto_ETL', 'fetch_and_save_data', 'manual__2024-04-26T07:00:41.683023+00:00', '--job-id', '27', '--raw', '--subdir', 'DAGS_FOLDER/processing_ETL.py', '--cfg-path', '/tmp/tmpkkk7os9n']
[2024-04-26T07:00:57.425+0000] {standard_task_runner.py:91} INFO - Job 27: Subtask fetch_and_save_data
[2024-04-26T07:00:57.462+0000] {task_command.py:426} INFO - Running <TaskInstance: Crypto_ETL.fetch_and_save_data manual__2024-04-26T07:00:41.683023+00:00 [running]> on host e30f8265f0c9
[2024-04-26T07:00:57.537+0000] {taskinstance.py:2644} INFO - Exporting env vars: AIRFLOW_CTX_DAG_OWNER='***' AIRFLOW_CTX_DAG_ID='Crypto_ETL' AIRFLOW_CTX_TASK_ID='fetch_and_save_data' AIRFLOW_CTX_EXECUTION_DATE='2024-04-26T07:00:41.683023+00:00' AIRFLOW_CTX_TRY_NUMBER='1' AIRFLOW_CTX_DAG_RUN_ID='manual__2024-04-26T07:00:41.683023+00:00'
[2024-04-26T07:00:57.539+0000] {taskinstance.py:430} INFO - ::endgroup::
[2024-04-26T07:00:57.552+0000] {logging_mixin.py:188} INFO - Data saved to binance_dataset.csv
[2024-04-26T07:00:57.553+0000] {python.py:237} INFO - Done. Returned value was: None
[2024-04-26T07:00:57.553+0000] {taskinstance.py:441} INFO - ::group::Post task execution logs
[2024-04-26T07:00:57.560+0000] {taskinstance.py:1205} INFO - Marking task as SUCCESS. dag_id=Crypto_ETL, task_id=fetch_and_save_data, execution_date=20240426T070041, start_date=20240426T070057, end_date=20240426T070057
[2024-04-26T07:00:57.598+0000] {local_task_job_runner.py:240} INFO - Task exited with return code 0
[2024-04-26T07:00:57.613+0000] {taskinstance.py:3482} INFO - 1 downstream tasks scheduled from follow-on schedule check
[2024-04-26T07:00:57.617+0000] {local_task_job_runner.py:222} INFO - ::endgroup::
