[2024-04-26T04:15:22.642+0000] {local_task_job_runner.py:120} INFO - ::group::Pre task execution logs
[2024-04-26T04:15:22.668+0000] {taskinstance.py:2073} INFO - Dependencies all met for dep_context=non-requeueable deps ti=<TaskInstance: Crypto_ETL.Telechagement_API_Binance manual__2024-04-26T04:15:19.453704+00:00 [queued]>
[2024-04-26T04:15:22.678+0000] {taskinstance.py:2073} INFO - Dependencies all met for dep_context=requeueable deps ti=<TaskInstance: Crypto_ETL.Telechagement_API_Binance manual__2024-04-26T04:15:19.453704+00:00 [queued]>
[2024-04-26T04:15:22.680+0000] {taskinstance.py:2303} INFO - Starting attempt 1 of 1
[2024-04-26T04:15:22.701+0000] {taskinstance.py:2327} INFO - Executing <Task(BashOperator): Telechagement_API_Binance> on 2024-04-26 04:15:19.453704+00:00
[2024-04-26T04:15:22.709+0000] {warnings.py:110} WARNING - /home/***/.local/lib/python3.12/site-packages/***/task/task_runner/standard_task_runner.py:61: DeprecationWarning: This process (pid=3711) is multi-threaded, use of fork() may lead to deadlocks in the child.
  pid = os.fork()

[2024-04-26T04:15:22.711+0000] {standard_task_runner.py:63} INFO - Started process 3715 to run task
[2024-04-26T04:15:22.712+0000] {standard_task_runner.py:90} INFO - Running: ['***', 'tasks', 'run', 'Crypto_ETL', 'Telechagement_API_Binance', 'manual__2024-04-26T04:15:19.453704+00:00', '--job-id', '13', '--raw', '--subdir', 'DAGS_FOLDER/processing_ETL.py', '--cfg-path', '/tmp/tmpoii2webo']
[2024-04-26T04:15:22.714+0000] {standard_task_runner.py:91} INFO - Job 13: Subtask Telechagement_API_Binance
[2024-04-26T04:15:22.780+0000] {task_command.py:426} INFO - Running <TaskInstance: Crypto_ETL.Telechagement_API_Binance manual__2024-04-26T04:15:19.453704+00:00 [running]> on host e30f8265f0c9
[2024-04-26T04:15:22.893+0000] {taskinstance.py:2644} INFO - Exporting env vars: AIRFLOW_CTX_DAG_OWNER='***' AIRFLOW_CTX_DAG_ID='Crypto_ETL' AIRFLOW_CTX_TASK_ID='Telechagement_API_Binance' AIRFLOW_CTX_EXECUTION_DATE='2024-04-26T04:15:19.453704+00:00' AIRFLOW_CTX_TRY_NUMBER='1' AIRFLOW_CTX_DAG_RUN_ID='manual__2024-04-26T04:15:19.453704+00:00'
[2024-04-26T04:15:22.900+0000] {taskinstance.py:430} INFO - ::endgroup::
[2024-04-26T04:15:22.902+0000] {subprocess.py:63} INFO - Tmp dir root location: /tmp
[2024-04-26T04:15:22.904+0000] {subprocess.py:75} INFO - Running command: ['/usr/bin/bash', '-c', "curl -o /tmp/download.json -L 'https://api.sampleapis.com/bitcoin/historical_prices'"]
[2024-04-26T04:15:22.922+0000] {subprocess.py:86} INFO - Output:
[2024-04-26T04:15:22.938+0000] {subprocess.py:93} INFO -   % Total    % Received % Xferd  Average Speed   Time    Time     Time  Current
[2024-04-26T04:15:22.939+0000] {subprocess.py:93} INFO -                                  Dload  Upload   Total   Spent    Left  Speed
[2024-04-26T04:15:23.171+0000] {subprocess.py:93} INFO -   0     0    0     0    0     0      0      0 --:--:-- --:--:-- --:--:--     0100 15834  100 15834    0     0  67256      0 --:--:-- --:--:-- --:--:-- 67957
[2024-04-26T04:15:23.174+0000] {subprocess.py:97} INFO - Command exited with return code 0
[2024-04-26T04:15:23.175+0000] {taskinstance.py:441} INFO - ::group::Post task execution logs
[2024-04-26T04:15:23.204+0000] {taskinstance.py:1205} INFO - Marking task as SUCCESS. dag_id=Crypto_ETL, task_id=Telechagement_API_Binance, execution_date=20240426T041519, start_date=20240426T041522, end_date=20240426T041523
[2024-04-26T04:15:23.249+0000] {local_task_job_runner.py:240} INFO - Task exited with return code 0
[2024-04-26T04:15:23.285+0000] {taskinstance.py:3482} INFO - 0 downstream tasks scheduled from follow-on schedule check
[2024-04-26T04:15:23.301+0000] {local_task_job_runner.py:222} INFO - ::endgroup::
