[2024-04-25T23:36:21.805+0000] {processor.py:161} INFO - Started process (PID=48) to work on /home/airflow/.local/lib/python3.12/site-packages/airflow/example_dags/example_branch_operator.py
[2024-04-25T23:36:21.810+0000] {processor.py:830} INFO - Processing file /home/airflow/.local/lib/python3.12/site-packages/airflow/example_dags/example_branch_operator.py for tasks to queue
[2024-04-25T23:36:21.818+0000] {logging_mixin.py:188} INFO - [2024-04-25T23:36:21.818+0000] {dagbag.py:540} INFO - Filling up the DagBag from /home/airflow/.local/lib/python3.12/site-packages/airflow/example_dags/example_branch_operator.py
[2024-04-25T23:36:21.874+0000] {processor.py:840} INFO - DAG(s) 'example_branch_operator' retrieved from /home/airflow/.local/lib/python3.12/site-packages/airflow/example_dags/example_branch_operator.py
[2024-04-25T23:36:21.894+0000] {logging_mixin.py:188} INFO - [2024-04-25T23:36:21.893+0000] {dag.py:3096} INFO - Sync 1 DAGs
[2024-04-25T23:36:21.943+0000] {logging_mixin.py:188} INFO - [2024-04-25T23:36:21.943+0000] {dag.py:3954} INFO - Setting next_dagrun for example_branch_operator to 2024-04-24 00:00:00+00:00, run_after=2024-04-25 00:00:00+00:00
[2024-04-25T23:36:21.981+0000] {processor.py:183} INFO - Processing /home/airflow/.local/lib/python3.12/site-packages/airflow/example_dags/example_branch_operator.py took 0.189 seconds
[2024-04-25T23:36:53.159+0000] {processor.py:161} INFO - Started process (PID=107) to work on /home/airflow/.local/lib/python3.12/site-packages/airflow/example_dags/example_branch_operator.py
[2024-04-25T23:36:53.161+0000] {processor.py:830} INFO - Processing file /home/airflow/.local/lib/python3.12/site-packages/airflow/example_dags/example_branch_operator.py for tasks to queue
[2024-04-25T23:36:53.164+0000] {logging_mixin.py:188} INFO - [2024-04-25T23:36:53.163+0000] {dagbag.py:540} INFO - Filling up the DagBag from /home/airflow/.local/lib/python3.12/site-packages/airflow/example_dags/example_branch_operator.py
[2024-04-25T23:36:53.180+0000] {processor.py:840} INFO - DAG(s) 'example_branch_operator' retrieved from /home/airflow/.local/lib/python3.12/site-packages/airflow/example_dags/example_branch_operator.py
[2024-04-25T23:36:53.332+0000] {logging_mixin.py:188} INFO - [2024-04-25T23:36:53.332+0000] {dag.py:3096} INFO - Sync 1 DAGs
[2024-04-25T23:36:53.357+0000] {logging_mixin.py:188} INFO - [2024-04-25T23:36:53.357+0000] {dag.py:3954} INFO - Setting next_dagrun for example_branch_operator to 2024-04-24 00:00:00+00:00, run_after=2024-04-25 00:00:00+00:00
[2024-04-25T23:36:53.394+0000] {processor.py:183} INFO - Processing /home/airflow/.local/lib/python3.12/site-packages/airflow/example_dags/example_branch_operator.py took 0.240 seconds
[2024-04-25T23:37:23.797+0000] {processor.py:161} INFO - Started process (PID=166) to work on /home/airflow/.local/lib/python3.12/site-packages/airflow/example_dags/example_branch_operator.py
[2024-04-25T23:37:23.798+0000] {processor.py:830} INFO - Processing file /home/airflow/.local/lib/python3.12/site-packages/airflow/example_dags/example_branch_operator.py for tasks to queue
[2024-04-25T23:37:23.800+0000] {logging_mixin.py:188} INFO - [2024-04-25T23:37:23.799+0000] {dagbag.py:540} INFO - Filling up the DagBag from /home/airflow/.local/lib/python3.12/site-packages/airflow/example_dags/example_branch_operator.py
[2024-04-25T23:37:23.813+0000] {processor.py:840} INFO - DAG(s) 'example_branch_operator' retrieved from /home/airflow/.local/lib/python3.12/site-packages/airflow/example_dags/example_branch_operator.py
[2024-04-25T23:37:23.836+0000] {logging_mixin.py:188} INFO - [2024-04-25T23:37:23.836+0000] {dag.py:3096} INFO - Sync 1 DAGs
[2024-04-25T23:37:23.855+0000] {logging_mixin.py:188} INFO - [2024-04-25T23:37:23.854+0000] {dag.py:3954} INFO - Setting next_dagrun for example_branch_operator to 2024-04-24 00:00:00+00:00, run_after=2024-04-25 00:00:00+00:00
[2024-04-25T23:37:23.885+0000] {processor.py:183} INFO - Processing /home/airflow/.local/lib/python3.12/site-packages/airflow/example_dags/example_branch_operator.py took 0.093 seconds
[2024-04-25T23:37:54.365+0000] {processor.py:161} INFO - Started process (PID=225) to work on /home/airflow/.local/lib/python3.12/site-packages/airflow/example_dags/example_branch_operator.py
[2024-04-25T23:37:54.366+0000] {processor.py:830} INFO - Processing file /home/airflow/.local/lib/python3.12/site-packages/airflow/example_dags/example_branch_operator.py for tasks to queue
[2024-04-25T23:37:54.368+0000] {logging_mixin.py:188} INFO - [2024-04-25T23:37:54.368+0000] {dagbag.py:540} INFO - Filling up the DagBag from /home/airflow/.local/lib/python3.12/site-packages/airflow/example_dags/example_branch_operator.py
[2024-04-25T23:37:54.381+0000] {processor.py:840} INFO - DAG(s) 'example_branch_operator' retrieved from /home/airflow/.local/lib/python3.12/site-packages/airflow/example_dags/example_branch_operator.py
[2024-04-25T23:37:54.406+0000] {logging_mixin.py:188} INFO - [2024-04-25T23:37:54.406+0000] {dag.py:3096} INFO - Sync 1 DAGs
[2024-04-25T23:37:54.424+0000] {logging_mixin.py:188} INFO - [2024-04-25T23:37:54.424+0000] {dag.py:3954} INFO - Setting next_dagrun for example_branch_operator to 2024-04-24 00:00:00+00:00, run_after=2024-04-25 00:00:00+00:00
[2024-04-25T23:37:54.442+0000] {processor.py:183} INFO - Processing /home/airflow/.local/lib/python3.12/site-packages/airflow/example_dags/example_branch_operator.py took 0.082 seconds
[2024-04-25T23:38:25.386+0000] {processor.py:161} INFO - Started process (PID=284) to work on /home/airflow/.local/lib/python3.12/site-packages/airflow/example_dags/example_branch_operator.py
[2024-04-25T23:38:25.387+0000] {processor.py:830} INFO - Processing file /home/airflow/.local/lib/python3.12/site-packages/airflow/example_dags/example_branch_operator.py for tasks to queue
[2024-04-25T23:38:25.390+0000] {logging_mixin.py:188} INFO - [2024-04-25T23:38:25.389+0000] {dagbag.py:540} INFO - Filling up the DagBag from /home/airflow/.local/lib/python3.12/site-packages/airflow/example_dags/example_branch_operator.py
[2024-04-25T23:38:25.406+0000] {processor.py:840} INFO - DAG(s) 'example_branch_operator' retrieved from /home/airflow/.local/lib/python3.12/site-packages/airflow/example_dags/example_branch_operator.py
[2024-04-25T23:38:25.439+0000] {logging_mixin.py:188} INFO - [2024-04-25T23:38:25.438+0000] {dag.py:3096} INFO - Sync 1 DAGs
[2024-04-25T23:38:25.460+0000] {logging_mixin.py:188} INFO - [2024-04-25T23:38:25.460+0000] {dag.py:3954} INFO - Setting next_dagrun for example_branch_operator to 2024-04-24 00:00:00+00:00, run_after=2024-04-25 00:00:00+00:00
[2024-04-25T23:38:25.488+0000] {processor.py:183} INFO - Processing /home/airflow/.local/lib/python3.12/site-packages/airflow/example_dags/example_branch_operator.py took 0.108 seconds
[2024-04-25T23:38:55.893+0000] {processor.py:161} INFO - Started process (PID=344) to work on /home/airflow/.local/lib/python3.12/site-packages/airflow/example_dags/example_branch_operator.py
[2024-04-25T23:38:55.894+0000] {processor.py:830} INFO - Processing file /home/airflow/.local/lib/python3.12/site-packages/airflow/example_dags/example_branch_operator.py for tasks to queue
[2024-04-25T23:38:55.899+0000] {logging_mixin.py:188} INFO - [2024-04-25T23:38:55.898+0000] {dagbag.py:540} INFO - Filling up the DagBag from /home/airflow/.local/lib/python3.12/site-packages/airflow/example_dags/example_branch_operator.py
[2024-04-25T23:38:55.918+0000] {processor.py:840} INFO - DAG(s) 'example_branch_operator' retrieved from /home/airflow/.local/lib/python3.12/site-packages/airflow/example_dags/example_branch_operator.py
[2024-04-25T23:38:55.950+0000] {logging_mixin.py:188} INFO - [2024-04-25T23:38:55.950+0000] {dag.py:3096} INFO - Sync 1 DAGs
[2024-04-25T23:38:55.977+0000] {logging_mixin.py:188} INFO - [2024-04-25T23:38:55.976+0000] {dag.py:3954} INFO - Setting next_dagrun for example_branch_operator to 2024-04-24 00:00:00+00:00, run_after=2024-04-25 00:00:00+00:00
[2024-04-25T23:38:56.009+0000] {processor.py:183} INFO - Processing /home/airflow/.local/lib/python3.12/site-packages/airflow/example_dags/example_branch_operator.py took 0.123 seconds
[2024-04-25T23:39:26.392+0000] {processor.py:161} INFO - Started process (PID=403) to work on /home/airflow/.local/lib/python3.12/site-packages/airflow/example_dags/example_branch_operator.py
[2024-04-25T23:39:26.393+0000] {processor.py:830} INFO - Processing file /home/airflow/.local/lib/python3.12/site-packages/airflow/example_dags/example_branch_operator.py for tasks to queue
[2024-04-25T23:39:26.395+0000] {logging_mixin.py:188} INFO - [2024-04-25T23:39:26.395+0000] {dagbag.py:540} INFO - Filling up the DagBag from /home/airflow/.local/lib/python3.12/site-packages/airflow/example_dags/example_branch_operator.py
[2024-04-25T23:39:26.410+0000] {processor.py:840} INFO - DAG(s) 'example_branch_operator' retrieved from /home/airflow/.local/lib/python3.12/site-packages/airflow/example_dags/example_branch_operator.py
[2024-04-25T23:39:26.435+0000] {logging_mixin.py:188} INFO - [2024-04-25T23:39:26.435+0000] {dag.py:3096} INFO - Sync 1 DAGs
[2024-04-25T23:39:26.457+0000] {logging_mixin.py:188} INFO - [2024-04-25T23:39:26.457+0000] {dag.py:3954} INFO - Setting next_dagrun for example_branch_operator to 2024-04-24 00:00:00+00:00, run_after=2024-04-25 00:00:00+00:00
[2024-04-25T23:39:26.477+0000] {processor.py:183} INFO - Processing /home/airflow/.local/lib/python3.12/site-packages/airflow/example_dags/example_branch_operator.py took 0.089 seconds
[2024-04-25T23:39:56.811+0000] {processor.py:161} INFO - Started process (PID=462) to work on /home/airflow/.local/lib/python3.12/site-packages/airflow/example_dags/example_branch_operator.py
[2024-04-25T23:39:56.812+0000] {processor.py:830} INFO - Processing file /home/airflow/.local/lib/python3.12/site-packages/airflow/example_dags/example_branch_operator.py for tasks to queue
[2024-04-25T23:39:56.813+0000] {logging_mixin.py:188} INFO - [2024-04-25T23:39:56.813+0000] {dagbag.py:540} INFO - Filling up the DagBag from /home/airflow/.local/lib/python3.12/site-packages/airflow/example_dags/example_branch_operator.py
[2024-04-25T23:39:56.831+0000] {processor.py:840} INFO - DAG(s) 'example_branch_operator' retrieved from /home/airflow/.local/lib/python3.12/site-packages/airflow/example_dags/example_branch_operator.py
[2024-04-25T23:39:56.857+0000] {logging_mixin.py:188} INFO - [2024-04-25T23:39:56.857+0000] {dag.py:3096} INFO - Sync 1 DAGs
[2024-04-25T23:39:56.878+0000] {logging_mixin.py:188} INFO - [2024-04-25T23:39:56.877+0000] {dag.py:3954} INFO - Setting next_dagrun for example_branch_operator to 2024-04-24 00:00:00+00:00, run_after=2024-04-25 00:00:00+00:00
[2024-04-25T23:39:56.898+0000] {processor.py:183} INFO - Processing /home/airflow/.local/lib/python3.12/site-packages/airflow/example_dags/example_branch_operator.py took 0.092 seconds
[2024-04-25T23:40:27.185+0000] {processor.py:161} INFO - Started process (PID=521) to work on /home/airflow/.local/lib/python3.12/site-packages/airflow/example_dags/example_branch_operator.py
[2024-04-25T23:40:27.186+0000] {processor.py:830} INFO - Processing file /home/airflow/.local/lib/python3.12/site-packages/airflow/example_dags/example_branch_operator.py for tasks to queue
[2024-04-25T23:40:27.188+0000] {logging_mixin.py:188} INFO - [2024-04-25T23:40:27.188+0000] {dagbag.py:540} INFO - Filling up the DagBag from /home/airflow/.local/lib/python3.12/site-packages/airflow/example_dags/example_branch_operator.py
[2024-04-25T23:40:27.204+0000] {processor.py:840} INFO - DAG(s) 'example_branch_operator' retrieved from /home/airflow/.local/lib/python3.12/site-packages/airflow/example_dags/example_branch_operator.py
[2024-04-25T23:40:27.231+0000] {logging_mixin.py:188} INFO - [2024-04-25T23:40:27.231+0000] {dag.py:3096} INFO - Sync 1 DAGs
[2024-04-25T23:40:27.254+0000] {logging_mixin.py:188} INFO - [2024-04-25T23:40:27.254+0000] {dag.py:3954} INFO - Setting next_dagrun for example_branch_operator to 2024-04-24 00:00:00+00:00, run_after=2024-04-25 00:00:00+00:00
[2024-04-25T23:40:27.277+0000] {processor.py:183} INFO - Processing /home/airflow/.local/lib/python3.12/site-packages/airflow/example_dags/example_branch_operator.py took 0.098 seconds
[2024-04-25T23:40:57.407+0000] {processor.py:161} INFO - Started process (PID=580) to work on /home/airflow/.local/lib/python3.12/site-packages/airflow/example_dags/example_branch_operator.py
[2024-04-25T23:40:57.408+0000] {processor.py:830} INFO - Processing file /home/airflow/.local/lib/python3.12/site-packages/airflow/example_dags/example_branch_operator.py for tasks to queue
[2024-04-25T23:40:57.410+0000] {logging_mixin.py:188} INFO - [2024-04-25T23:40:57.410+0000] {dagbag.py:540} INFO - Filling up the DagBag from /home/airflow/.local/lib/python3.12/site-packages/airflow/example_dags/example_branch_operator.py
[2024-04-25T23:40:57.425+0000] {processor.py:840} INFO - DAG(s) 'example_branch_operator' retrieved from /home/airflow/.local/lib/python3.12/site-packages/airflow/example_dags/example_branch_operator.py
[2024-04-25T23:40:57.451+0000] {logging_mixin.py:188} INFO - [2024-04-25T23:40:57.450+0000] {dag.py:3096} INFO - Sync 1 DAGs
[2024-04-25T23:40:57.475+0000] {logging_mixin.py:188} INFO - [2024-04-25T23:40:57.475+0000] {dag.py:3954} INFO - Setting next_dagrun for example_branch_operator to 2024-04-24 00:00:00+00:00, run_after=2024-04-25 00:00:00+00:00
[2024-04-25T23:40:57.495+0000] {processor.py:183} INFO - Processing /home/airflow/.local/lib/python3.12/site-packages/airflow/example_dags/example_branch_operator.py took 0.094 seconds
[2024-04-25T23:41:28.109+0000] {processor.py:161} INFO - Started process (PID=639) to work on /home/airflow/.local/lib/python3.12/site-packages/airflow/example_dags/example_branch_operator.py
[2024-04-25T23:41:28.109+0000] {processor.py:830} INFO - Processing file /home/airflow/.local/lib/python3.12/site-packages/airflow/example_dags/example_branch_operator.py for tasks to queue
[2024-04-25T23:41:28.111+0000] {logging_mixin.py:188} INFO - [2024-04-25T23:41:28.111+0000] {dagbag.py:540} INFO - Filling up the DagBag from /home/airflow/.local/lib/python3.12/site-packages/airflow/example_dags/example_branch_operator.py
[2024-04-25T23:41:28.127+0000] {processor.py:840} INFO - DAG(s) 'example_branch_operator' retrieved from /home/airflow/.local/lib/python3.12/site-packages/airflow/example_dags/example_branch_operator.py
[2024-04-25T23:41:28.158+0000] {logging_mixin.py:188} INFO - [2024-04-25T23:41:28.158+0000] {dag.py:3096} INFO - Sync 1 DAGs
[2024-04-25T23:41:28.193+0000] {logging_mixin.py:188} INFO - [2024-04-25T23:41:28.193+0000] {dag.py:3954} INFO - Setting next_dagrun for example_branch_operator to 2024-04-24 00:00:00+00:00, run_after=2024-04-25 00:00:00+00:00
[2024-04-25T23:41:28.214+0000] {processor.py:183} INFO - Processing /home/airflow/.local/lib/python3.12/site-packages/airflow/example_dags/example_branch_operator.py took 0.112 seconds
[2024-04-25T23:41:58.614+0000] {processor.py:161} INFO - Started process (PID=698) to work on /home/airflow/.local/lib/python3.12/site-packages/airflow/example_dags/example_branch_operator.py
[2024-04-25T23:41:58.615+0000] {processor.py:830} INFO - Processing file /home/airflow/.local/lib/python3.12/site-packages/airflow/example_dags/example_branch_operator.py for tasks to queue
[2024-04-25T23:41:58.617+0000] {logging_mixin.py:188} INFO - [2024-04-25T23:41:58.617+0000] {dagbag.py:540} INFO - Filling up the DagBag from /home/airflow/.local/lib/python3.12/site-packages/airflow/example_dags/example_branch_operator.py
[2024-04-25T23:41:58.632+0000] {processor.py:840} INFO - DAG(s) 'example_branch_operator' retrieved from /home/airflow/.local/lib/python3.12/site-packages/airflow/example_dags/example_branch_operator.py
[2024-04-25T23:41:58.660+0000] {logging_mixin.py:188} INFO - [2024-04-25T23:41:58.660+0000] {dag.py:3096} INFO - Sync 1 DAGs
[2024-04-25T23:41:58.681+0000] {logging_mixin.py:188} INFO - [2024-04-25T23:41:58.681+0000] {dag.py:3954} INFO - Setting next_dagrun for example_branch_operator to 2024-04-24 00:00:00+00:00, run_after=2024-04-25 00:00:00+00:00
[2024-04-25T23:41:58.702+0000] {processor.py:183} INFO - Processing /home/airflow/.local/lib/python3.12/site-packages/airflow/example_dags/example_branch_operator.py took 0.093 seconds
[2024-04-25T23:42:28.933+0000] {processor.py:161} INFO - Started process (PID=758) to work on /home/airflow/.local/lib/python3.12/site-packages/airflow/example_dags/example_branch_operator.py
[2024-04-25T23:42:28.935+0000] {processor.py:830} INFO - Processing file /home/airflow/.local/lib/python3.12/site-packages/airflow/example_dags/example_branch_operator.py for tasks to queue
[2024-04-25T23:42:28.936+0000] {logging_mixin.py:188} INFO - [2024-04-25T23:42:28.936+0000] {dagbag.py:540} INFO - Filling up the DagBag from /home/airflow/.local/lib/python3.12/site-packages/airflow/example_dags/example_branch_operator.py
[2024-04-25T23:42:28.950+0000] {processor.py:840} INFO - DAG(s) 'example_branch_operator' retrieved from /home/airflow/.local/lib/python3.12/site-packages/airflow/example_dags/example_branch_operator.py
[2024-04-25T23:42:28.973+0000] {logging_mixin.py:188} INFO - [2024-04-25T23:42:28.973+0000] {dag.py:3096} INFO - Sync 1 DAGs
[2024-04-25T23:42:28.993+0000] {logging_mixin.py:188} INFO - [2024-04-25T23:42:28.992+0000] {dag.py:3954} INFO - Setting next_dagrun for example_branch_operator to 2024-04-24 00:00:00+00:00, run_after=2024-04-25 00:00:00+00:00
[2024-04-25T23:42:29.012+0000] {processor.py:183} INFO - Processing /home/airflow/.local/lib/python3.12/site-packages/airflow/example_dags/example_branch_operator.py took 0.084 seconds
[2024-04-25T23:42:59.410+0000] {processor.py:161} INFO - Started process (PID=817) to work on /home/airflow/.local/lib/python3.12/site-packages/airflow/example_dags/example_branch_operator.py
[2024-04-25T23:42:59.412+0000] {processor.py:830} INFO - Processing file /home/airflow/.local/lib/python3.12/site-packages/airflow/example_dags/example_branch_operator.py for tasks to queue
[2024-04-25T23:42:59.414+0000] {logging_mixin.py:188} INFO - [2024-04-25T23:42:59.414+0000] {dagbag.py:540} INFO - Filling up the DagBag from /home/airflow/.local/lib/python3.12/site-packages/airflow/example_dags/example_branch_operator.py
[2024-04-25T23:42:59.429+0000] {processor.py:840} INFO - DAG(s) 'example_branch_operator' retrieved from /home/airflow/.local/lib/python3.12/site-packages/airflow/example_dags/example_branch_operator.py
[2024-04-25T23:42:59.455+0000] {logging_mixin.py:188} INFO - [2024-04-25T23:42:59.455+0000] {dag.py:3096} INFO - Sync 1 DAGs
[2024-04-25T23:42:59.477+0000] {logging_mixin.py:188} INFO - [2024-04-25T23:42:59.477+0000] {dag.py:3954} INFO - Setting next_dagrun for example_branch_operator to 2024-04-24 00:00:00+00:00, run_after=2024-04-25 00:00:00+00:00
[2024-04-25T23:42:59.499+0000] {processor.py:183} INFO - Processing /home/airflow/.local/lib/python3.12/site-packages/airflow/example_dags/example_branch_operator.py took 0.095 seconds
[2024-04-25T23:43:30.170+0000] {processor.py:161} INFO - Started process (PID=876) to work on /home/airflow/.local/lib/python3.12/site-packages/airflow/example_dags/example_branch_operator.py
[2024-04-25T23:43:30.172+0000] {processor.py:830} INFO - Processing file /home/airflow/.local/lib/python3.12/site-packages/airflow/example_dags/example_branch_operator.py for tasks to queue
[2024-04-25T23:43:30.174+0000] {logging_mixin.py:188} INFO - [2024-04-25T23:43:30.174+0000] {dagbag.py:540} INFO - Filling up the DagBag from /home/airflow/.local/lib/python3.12/site-packages/airflow/example_dags/example_branch_operator.py
[2024-04-25T23:43:30.207+0000] {processor.py:840} INFO - DAG(s) 'example_branch_operator' retrieved from /home/airflow/.local/lib/python3.12/site-packages/airflow/example_dags/example_branch_operator.py
[2024-04-25T23:43:30.246+0000] {logging_mixin.py:188} INFO - [2024-04-25T23:43:30.245+0000] {dag.py:3096} INFO - Sync 1 DAGs
[2024-04-25T23:43:30.283+0000] {logging_mixin.py:188} INFO - [2024-04-25T23:43:30.282+0000] {dag.py:3954} INFO - Setting next_dagrun for example_branch_operator to 2024-04-24 00:00:00+00:00, run_after=2024-04-25 00:00:00+00:00
[2024-04-25T23:43:30.490+0000] {processor.py:183} INFO - Processing /home/airflow/.local/lib/python3.12/site-packages/airflow/example_dags/example_branch_operator.py took 0.326 seconds
[2024-04-25T23:44:00.531+0000] {processor.py:161} INFO - Started process (PID=935) to work on /home/airflow/.local/lib/python3.12/site-packages/airflow/example_dags/example_branch_operator.py
[2024-04-25T23:44:00.532+0000] {processor.py:830} INFO - Processing file /home/airflow/.local/lib/python3.12/site-packages/airflow/example_dags/example_branch_operator.py for tasks to queue
[2024-04-25T23:44:00.534+0000] {logging_mixin.py:188} INFO - [2024-04-25T23:44:00.534+0000] {dagbag.py:540} INFO - Filling up the DagBag from /home/airflow/.local/lib/python3.12/site-packages/airflow/example_dags/example_branch_operator.py
[2024-04-25T23:44:00.548+0000] {processor.py:840} INFO - DAG(s) 'example_branch_operator' retrieved from /home/airflow/.local/lib/python3.12/site-packages/airflow/example_dags/example_branch_operator.py
[2024-04-25T23:44:00.574+0000] {logging_mixin.py:188} INFO - [2024-04-25T23:44:00.573+0000] {dag.py:3096} INFO - Sync 1 DAGs
[2024-04-25T23:44:00.593+0000] {logging_mixin.py:188} INFO - [2024-04-25T23:44:00.593+0000] {dag.py:3954} INFO - Setting next_dagrun for example_branch_operator to 2024-04-24 00:00:00+00:00, run_after=2024-04-25 00:00:00+00:00
[2024-04-25T23:44:00.614+0000] {processor.py:183} INFO - Processing /home/airflow/.local/lib/python3.12/site-packages/airflow/example_dags/example_branch_operator.py took 0.088 seconds
[2024-04-25T23:44:31.326+0000] {processor.py:161} INFO - Started process (PID=994) to work on /home/airflow/.local/lib/python3.12/site-packages/airflow/example_dags/example_branch_operator.py
[2024-04-25T23:44:31.328+0000] {processor.py:830} INFO - Processing file /home/airflow/.local/lib/python3.12/site-packages/airflow/example_dags/example_branch_operator.py for tasks to queue
[2024-04-25T23:44:31.330+0000] {logging_mixin.py:188} INFO - [2024-04-25T23:44:31.330+0000] {dagbag.py:540} INFO - Filling up the DagBag from /home/airflow/.local/lib/python3.12/site-packages/airflow/example_dags/example_branch_operator.py
[2024-04-25T23:44:31.345+0000] {processor.py:840} INFO - DAG(s) 'example_branch_operator' retrieved from /home/airflow/.local/lib/python3.12/site-packages/airflow/example_dags/example_branch_operator.py
[2024-04-25T23:44:31.371+0000] {logging_mixin.py:188} INFO - [2024-04-25T23:44:31.371+0000] {dag.py:3096} INFO - Sync 1 DAGs
[2024-04-25T23:44:31.391+0000] {logging_mixin.py:188} INFO - [2024-04-25T23:44:31.391+0000] {dag.py:3954} INFO - Setting next_dagrun for example_branch_operator to 2024-04-24 00:00:00+00:00, run_after=2024-04-25 00:00:00+00:00
[2024-04-25T23:44:31.410+0000] {processor.py:183} INFO - Processing /home/airflow/.local/lib/python3.12/site-packages/airflow/example_dags/example_branch_operator.py took 0.089 seconds
[2024-04-25T23:45:02.153+0000] {processor.py:161} INFO - Started process (PID=1053) to work on /home/airflow/.local/lib/python3.12/site-packages/airflow/example_dags/example_branch_operator.py
[2024-04-25T23:45:02.154+0000] {processor.py:830} INFO - Processing file /home/airflow/.local/lib/python3.12/site-packages/airflow/example_dags/example_branch_operator.py for tasks to queue
[2024-04-25T23:45:02.156+0000] {logging_mixin.py:188} INFO - [2024-04-25T23:45:02.156+0000] {dagbag.py:540} INFO - Filling up the DagBag from /home/airflow/.local/lib/python3.12/site-packages/airflow/example_dags/example_branch_operator.py
[2024-04-25T23:45:02.173+0000] {processor.py:840} INFO - DAG(s) 'example_branch_operator' retrieved from /home/airflow/.local/lib/python3.12/site-packages/airflow/example_dags/example_branch_operator.py
[2024-04-25T23:45:02.203+0000] {logging_mixin.py:188} INFO - [2024-04-25T23:45:02.202+0000] {dag.py:3096} INFO - Sync 1 DAGs
[2024-04-25T23:45:02.227+0000] {logging_mixin.py:188} INFO - [2024-04-25T23:45:02.227+0000] {dag.py:3954} INFO - Setting next_dagrun for example_branch_operator to 2024-04-24 00:00:00+00:00, run_after=2024-04-25 00:00:00+00:00
[2024-04-25T23:45:02.265+0000] {processor.py:183} INFO - Processing /home/airflow/.local/lib/python3.12/site-packages/airflow/example_dags/example_branch_operator.py took 0.119 seconds
[2024-04-25T23:45:32.921+0000] {processor.py:161} INFO - Started process (PID=1112) to work on /home/airflow/.local/lib/python3.12/site-packages/airflow/example_dags/example_branch_operator.py
[2024-04-25T23:45:32.922+0000] {processor.py:830} INFO - Processing file /home/airflow/.local/lib/python3.12/site-packages/airflow/example_dags/example_branch_operator.py for tasks to queue
[2024-04-25T23:45:32.924+0000] {logging_mixin.py:188} INFO - [2024-04-25T23:45:32.924+0000] {dagbag.py:540} INFO - Filling up the DagBag from /home/airflow/.local/lib/python3.12/site-packages/airflow/example_dags/example_branch_operator.py
[2024-04-25T23:45:32.938+0000] {processor.py:840} INFO - DAG(s) 'example_branch_operator' retrieved from /home/airflow/.local/lib/python3.12/site-packages/airflow/example_dags/example_branch_operator.py
[2024-04-25T23:45:32.962+0000] {logging_mixin.py:188} INFO - [2024-04-25T23:45:32.962+0000] {dag.py:3096} INFO - Sync 1 DAGs
[2024-04-25T23:45:32.980+0000] {logging_mixin.py:188} INFO - [2024-04-25T23:45:32.980+0000] {dag.py:3954} INFO - Setting next_dagrun for example_branch_operator to 2024-04-24 00:00:00+00:00, run_after=2024-04-25 00:00:00+00:00
[2024-04-25T23:45:32.997+0000] {processor.py:183} INFO - Processing /home/airflow/.local/lib/python3.12/site-packages/airflow/example_dags/example_branch_operator.py took 0.082 seconds
[2024-04-25T23:46:03.230+0000] {processor.py:161} INFO - Started process (PID=1171) to work on /home/airflow/.local/lib/python3.12/site-packages/airflow/example_dags/example_branch_operator.py
[2024-04-25T23:46:03.231+0000] {processor.py:830} INFO - Processing file /home/airflow/.local/lib/python3.12/site-packages/airflow/example_dags/example_branch_operator.py for tasks to queue
[2024-04-25T23:46:03.233+0000] {logging_mixin.py:188} INFO - [2024-04-25T23:46:03.233+0000] {dagbag.py:540} INFO - Filling up the DagBag from /home/airflow/.local/lib/python3.12/site-packages/airflow/example_dags/example_branch_operator.py
[2024-04-25T23:46:03.251+0000] {processor.py:840} INFO - DAG(s) 'example_branch_operator' retrieved from /home/airflow/.local/lib/python3.12/site-packages/airflow/example_dags/example_branch_operator.py
[2024-04-25T23:46:03.277+0000] {logging_mixin.py:188} INFO - [2024-04-25T23:46:03.276+0000] {dag.py:3096} INFO - Sync 1 DAGs
[2024-04-25T23:46:03.432+0000] {logging_mixin.py:188} INFO - [2024-04-25T23:46:03.431+0000] {dag.py:3954} INFO - Setting next_dagrun for example_branch_operator to 2024-04-24 00:00:00+00:00, run_after=2024-04-25 00:00:00+00:00
[2024-04-25T23:46:03.449+0000] {processor.py:183} INFO - Processing /home/airflow/.local/lib/python3.12/site-packages/airflow/example_dags/example_branch_operator.py took 0.224 seconds
[2024-04-25T23:46:34.263+0000] {processor.py:161} INFO - Started process (PID=1236) to work on /home/airflow/.local/lib/python3.12/site-packages/airflow/example_dags/example_branch_operator.py
[2024-04-25T23:46:34.265+0000] {processor.py:830} INFO - Processing file /home/airflow/.local/lib/python3.12/site-packages/airflow/example_dags/example_branch_operator.py for tasks to queue
[2024-04-25T23:46:34.266+0000] {logging_mixin.py:188} INFO - [2024-04-25T23:46:34.266+0000] {dagbag.py:540} INFO - Filling up the DagBag from /home/airflow/.local/lib/python3.12/site-packages/airflow/example_dags/example_branch_operator.py
[2024-04-25T23:46:34.283+0000] {processor.py:840} INFO - DAG(s) 'example_branch_operator' retrieved from /home/airflow/.local/lib/python3.12/site-packages/airflow/example_dags/example_branch_operator.py
[2024-04-25T23:46:34.312+0000] {logging_mixin.py:188} INFO - [2024-04-25T23:46:34.312+0000] {dag.py:3096} INFO - Sync 1 DAGs
[2024-04-25T23:46:34.334+0000] {logging_mixin.py:188} INFO - [2024-04-25T23:46:34.334+0000] {dag.py:3954} INFO - Setting next_dagrun for example_branch_operator to 2024-04-24 00:00:00+00:00, run_after=2024-04-25 00:00:00+00:00
[2024-04-25T23:46:34.353+0000] {processor.py:183} INFO - Processing /home/airflow/.local/lib/python3.12/site-packages/airflow/example_dags/example_branch_operator.py took 0.097 seconds
[2024-04-25T23:47:04.665+0000] {processor.py:161} INFO - Started process (PID=1294) to work on /home/airflow/.local/lib/python3.12/site-packages/airflow/example_dags/example_branch_operator.py
[2024-04-25T23:47:04.667+0000] {processor.py:830} INFO - Processing file /home/airflow/.local/lib/python3.12/site-packages/airflow/example_dags/example_branch_operator.py for tasks to queue
[2024-04-25T23:47:04.668+0000] {logging_mixin.py:188} INFO - [2024-04-25T23:47:04.668+0000] {dagbag.py:540} INFO - Filling up the DagBag from /home/airflow/.local/lib/python3.12/site-packages/airflow/example_dags/example_branch_operator.py
[2024-04-25T23:47:04.682+0000] {processor.py:840} INFO - DAG(s) 'example_branch_operator' retrieved from /home/airflow/.local/lib/python3.12/site-packages/airflow/example_dags/example_branch_operator.py
[2024-04-25T23:47:04.707+0000] {logging_mixin.py:188} INFO - [2024-04-25T23:47:04.707+0000] {dag.py:3096} INFO - Sync 1 DAGs
[2024-04-25T23:47:04.731+0000] {logging_mixin.py:188} INFO - [2024-04-25T23:47:04.730+0000] {dag.py:3954} INFO - Setting next_dagrun for example_branch_operator to 2024-04-24 00:00:00+00:00, run_after=2024-04-25 00:00:00+00:00
[2024-04-25T23:47:04.749+0000] {processor.py:183} INFO - Processing /home/airflow/.local/lib/python3.12/site-packages/airflow/example_dags/example_branch_operator.py took 0.089 seconds
[2024-04-25T23:47:34.879+0000] {processor.py:161} INFO - Started process (PID=1353) to work on /home/airflow/.local/lib/python3.12/site-packages/airflow/example_dags/example_branch_operator.py
[2024-04-25T23:47:34.880+0000] {processor.py:830} INFO - Processing file /home/airflow/.local/lib/python3.12/site-packages/airflow/example_dags/example_branch_operator.py for tasks to queue
[2024-04-25T23:47:34.882+0000] {logging_mixin.py:188} INFO - [2024-04-25T23:47:34.882+0000] {dagbag.py:540} INFO - Filling up the DagBag from /home/airflow/.local/lib/python3.12/site-packages/airflow/example_dags/example_branch_operator.py
[2024-04-25T23:47:34.901+0000] {processor.py:840} INFO - DAG(s) 'example_branch_operator' retrieved from /home/airflow/.local/lib/python3.12/site-packages/airflow/example_dags/example_branch_operator.py
[2024-04-25T23:47:34.945+0000] {logging_mixin.py:188} INFO - [2024-04-25T23:47:34.944+0000] {dag.py:3096} INFO - Sync 1 DAGs
[2024-04-25T23:47:34.968+0000] {logging_mixin.py:188} INFO - [2024-04-25T23:47:34.968+0000] {dag.py:3954} INFO - Setting next_dagrun for example_branch_operator to 2024-04-24 00:00:00+00:00, run_after=2024-04-25 00:00:00+00:00
[2024-04-25T23:47:34.991+0000] {processor.py:183} INFO - Processing /home/airflow/.local/lib/python3.12/site-packages/airflow/example_dags/example_branch_operator.py took 0.121 seconds
[2024-04-25T23:48:05.393+0000] {processor.py:161} INFO - Started process (PID=1412) to work on /home/airflow/.local/lib/python3.12/site-packages/airflow/example_dags/example_branch_operator.py
[2024-04-25T23:48:05.394+0000] {processor.py:830} INFO - Processing file /home/airflow/.local/lib/python3.12/site-packages/airflow/example_dags/example_branch_operator.py for tasks to queue
[2024-04-25T23:48:05.396+0000] {logging_mixin.py:188} INFO - [2024-04-25T23:48:05.396+0000] {dagbag.py:540} INFO - Filling up the DagBag from /home/airflow/.local/lib/python3.12/site-packages/airflow/example_dags/example_branch_operator.py
[2024-04-25T23:48:05.412+0000] {processor.py:840} INFO - DAG(s) 'example_branch_operator' retrieved from /home/airflow/.local/lib/python3.12/site-packages/airflow/example_dags/example_branch_operator.py
[2024-04-25T23:48:05.439+0000] {logging_mixin.py:188} INFO - [2024-04-25T23:48:05.438+0000] {dag.py:3096} INFO - Sync 1 DAGs
[2024-04-25T23:48:05.461+0000] {logging_mixin.py:188} INFO - [2024-04-25T23:48:05.460+0000] {dag.py:3954} INFO - Setting next_dagrun for example_branch_operator to 2024-04-24 00:00:00+00:00, run_after=2024-04-25 00:00:00+00:00
[2024-04-25T23:48:05.480+0000] {processor.py:183} INFO - Processing /home/airflow/.local/lib/python3.12/site-packages/airflow/example_dags/example_branch_operator.py took 0.093 seconds
[2024-04-25T23:48:35.614+0000] {processor.py:161} INFO - Started process (PID=1472) to work on /home/airflow/.local/lib/python3.12/site-packages/airflow/example_dags/example_branch_operator.py
[2024-04-25T23:48:35.615+0000] {processor.py:830} INFO - Processing file /home/airflow/.local/lib/python3.12/site-packages/airflow/example_dags/example_branch_operator.py for tasks to queue
[2024-04-25T23:48:35.617+0000] {logging_mixin.py:188} INFO - [2024-04-25T23:48:35.617+0000] {dagbag.py:540} INFO - Filling up the DagBag from /home/airflow/.local/lib/python3.12/site-packages/airflow/example_dags/example_branch_operator.py
[2024-04-25T23:48:35.631+0000] {processor.py:840} INFO - DAG(s) 'example_branch_operator' retrieved from /home/airflow/.local/lib/python3.12/site-packages/airflow/example_dags/example_branch_operator.py
[2024-04-25T23:48:35.656+0000] {logging_mixin.py:188} INFO - [2024-04-25T23:48:35.656+0000] {dag.py:3096} INFO - Sync 1 DAGs
[2024-04-25T23:48:35.674+0000] {logging_mixin.py:188} INFO - [2024-04-25T23:48:35.674+0000] {dag.py:3954} INFO - Setting next_dagrun for example_branch_operator to 2024-04-24 00:00:00+00:00, run_after=2024-04-25 00:00:00+00:00
[2024-04-25T23:48:35.693+0000] {processor.py:183} INFO - Processing /home/airflow/.local/lib/python3.12/site-packages/airflow/example_dags/example_branch_operator.py took 0.085 seconds
[2024-04-25T23:49:05.907+0000] {processor.py:161} INFO - Started process (PID=1531) to work on /home/airflow/.local/lib/python3.12/site-packages/airflow/example_dags/example_branch_operator.py
[2024-04-25T23:49:05.908+0000] {processor.py:830} INFO - Processing file /home/airflow/.local/lib/python3.12/site-packages/airflow/example_dags/example_branch_operator.py for tasks to queue
[2024-04-25T23:49:05.909+0000] {logging_mixin.py:188} INFO - [2024-04-25T23:49:05.909+0000] {dagbag.py:540} INFO - Filling up the DagBag from /home/airflow/.local/lib/python3.12/site-packages/airflow/example_dags/example_branch_operator.py
[2024-04-25T23:49:05.925+0000] {processor.py:840} INFO - DAG(s) 'example_branch_operator' retrieved from /home/airflow/.local/lib/python3.12/site-packages/airflow/example_dags/example_branch_operator.py
[2024-04-25T23:49:05.951+0000] {logging_mixin.py:188} INFO - [2024-04-25T23:49:05.951+0000] {dag.py:3096} INFO - Sync 1 DAGs
[2024-04-25T23:49:05.975+0000] {logging_mixin.py:188} INFO - [2024-04-25T23:49:05.975+0000] {dag.py:3954} INFO - Setting next_dagrun for example_branch_operator to 2024-04-24 00:00:00+00:00, run_after=2024-04-25 00:00:00+00:00
[2024-04-25T23:49:05.998+0000] {processor.py:183} INFO - Processing /home/airflow/.local/lib/python3.12/site-packages/airflow/example_dags/example_branch_operator.py took 0.096 seconds
[2024-04-25T23:49:36.453+0000] {processor.py:161} INFO - Started process (PID=1590) to work on /home/airflow/.local/lib/python3.12/site-packages/airflow/example_dags/example_branch_operator.py
[2024-04-25T23:49:36.454+0000] {processor.py:830} INFO - Processing file /home/airflow/.local/lib/python3.12/site-packages/airflow/example_dags/example_branch_operator.py for tasks to queue
[2024-04-25T23:49:36.456+0000] {logging_mixin.py:188} INFO - [2024-04-25T23:49:36.455+0000] {dagbag.py:540} INFO - Filling up the DagBag from /home/airflow/.local/lib/python3.12/site-packages/airflow/example_dags/example_branch_operator.py
[2024-04-25T23:49:36.469+0000] {processor.py:840} INFO - DAG(s) 'example_branch_operator' retrieved from /home/airflow/.local/lib/python3.12/site-packages/airflow/example_dags/example_branch_operator.py
[2024-04-25T23:49:36.496+0000] {logging_mixin.py:188} INFO - [2024-04-25T23:49:36.496+0000] {dag.py:3096} INFO - Sync 1 DAGs
[2024-04-25T23:49:36.523+0000] {logging_mixin.py:188} INFO - [2024-04-25T23:49:36.522+0000] {dag.py:3954} INFO - Setting next_dagrun for example_branch_operator to 2024-04-24 00:00:00+00:00, run_after=2024-04-25 00:00:00+00:00
[2024-04-25T23:49:36.546+0000] {processor.py:183} INFO - Processing /home/airflow/.local/lib/python3.12/site-packages/airflow/example_dags/example_branch_operator.py took 0.097 seconds
[2024-04-25T23:50:07.058+0000] {processor.py:161} INFO - Started process (PID=1649) to work on /home/airflow/.local/lib/python3.12/site-packages/airflow/example_dags/example_branch_operator.py
[2024-04-25T23:50:07.060+0000] {processor.py:830} INFO - Processing file /home/airflow/.local/lib/python3.12/site-packages/airflow/example_dags/example_branch_operator.py for tasks to queue
[2024-04-25T23:50:07.062+0000] {logging_mixin.py:188} INFO - [2024-04-25T23:50:07.061+0000] {dagbag.py:540} INFO - Filling up the DagBag from /home/airflow/.local/lib/python3.12/site-packages/airflow/example_dags/example_branch_operator.py
[2024-04-25T23:50:07.076+0000] {processor.py:840} INFO - DAG(s) 'example_branch_operator' retrieved from /home/airflow/.local/lib/python3.12/site-packages/airflow/example_dags/example_branch_operator.py
[2024-04-25T23:50:07.100+0000] {logging_mixin.py:188} INFO - [2024-04-25T23:50:07.100+0000] {dag.py:3096} INFO - Sync 1 DAGs
[2024-04-25T23:50:07.119+0000] {logging_mixin.py:188} INFO - [2024-04-25T23:50:07.119+0000] {dag.py:3954} INFO - Setting next_dagrun for example_branch_operator to 2024-04-24 00:00:00+00:00, run_after=2024-04-25 00:00:00+00:00
[2024-04-25T23:50:07.140+0000] {processor.py:183} INFO - Processing /home/airflow/.local/lib/python3.12/site-packages/airflow/example_dags/example_branch_operator.py took 0.088 seconds
[2024-04-25T23:50:37.400+0000] {processor.py:161} INFO - Started process (PID=1708) to work on /home/airflow/.local/lib/python3.12/site-packages/airflow/example_dags/example_branch_operator.py
[2024-04-25T23:50:37.401+0000] {processor.py:830} INFO - Processing file /home/airflow/.local/lib/python3.12/site-packages/airflow/example_dags/example_branch_operator.py for tasks to queue
[2024-04-25T23:50:37.402+0000] {logging_mixin.py:188} INFO - [2024-04-25T23:50:37.402+0000] {dagbag.py:540} INFO - Filling up the DagBag from /home/airflow/.local/lib/python3.12/site-packages/airflow/example_dags/example_branch_operator.py
[2024-04-25T23:50:37.418+0000] {processor.py:840} INFO - DAG(s) 'example_branch_operator' retrieved from /home/airflow/.local/lib/python3.12/site-packages/airflow/example_dags/example_branch_operator.py
[2024-04-25T23:50:37.443+0000] {logging_mixin.py:188} INFO - [2024-04-25T23:50:37.443+0000] {dag.py:3096} INFO - Sync 1 DAGs
[2024-04-25T23:50:37.462+0000] {logging_mixin.py:188} INFO - [2024-04-25T23:50:37.462+0000] {dag.py:3954} INFO - Setting next_dagrun for example_branch_operator to 2024-04-24 00:00:00+00:00, run_after=2024-04-25 00:00:00+00:00
[2024-04-25T23:50:37.480+0000] {processor.py:183} INFO - Processing /home/airflow/.local/lib/python3.12/site-packages/airflow/example_dags/example_branch_operator.py took 0.086 seconds
[2024-04-25T23:51:07.770+0000] {processor.py:161} INFO - Started process (PID=1767) to work on /home/airflow/.local/lib/python3.12/site-packages/airflow/example_dags/example_branch_operator.py
[2024-04-25T23:51:07.775+0000] {processor.py:830} INFO - Processing file /home/airflow/.local/lib/python3.12/site-packages/airflow/example_dags/example_branch_operator.py for tasks to queue
[2024-04-25T23:51:07.778+0000] {logging_mixin.py:188} INFO - [2024-04-25T23:51:07.777+0000] {dagbag.py:540} INFO - Filling up the DagBag from /home/airflow/.local/lib/python3.12/site-packages/airflow/example_dags/example_branch_operator.py
[2024-04-25T23:51:07.796+0000] {processor.py:840} INFO - DAG(s) 'example_branch_operator' retrieved from /home/airflow/.local/lib/python3.12/site-packages/airflow/example_dags/example_branch_operator.py
[2024-04-25T23:51:07.828+0000] {logging_mixin.py:188} INFO - [2024-04-25T23:51:07.827+0000] {dag.py:3096} INFO - Sync 1 DAGs
[2024-04-25T23:51:07.853+0000] {logging_mixin.py:188} INFO - [2024-04-25T23:51:07.852+0000] {dag.py:3954} INFO - Setting next_dagrun for example_branch_operator to 2024-04-24 00:00:00+00:00, run_after=2024-04-25 00:00:00+00:00
[2024-04-25T23:51:07.876+0000] {processor.py:183} INFO - Processing /home/airflow/.local/lib/python3.12/site-packages/airflow/example_dags/example_branch_operator.py took 0.115 seconds
[2024-04-25T23:51:37.951+0000] {processor.py:161} INFO - Started process (PID=1826) to work on /home/airflow/.local/lib/python3.12/site-packages/airflow/example_dags/example_branch_operator.py
[2024-04-25T23:51:37.952+0000] {processor.py:830} INFO - Processing file /home/airflow/.local/lib/python3.12/site-packages/airflow/example_dags/example_branch_operator.py for tasks to queue
[2024-04-25T23:51:37.954+0000] {logging_mixin.py:188} INFO - [2024-04-25T23:51:37.953+0000] {dagbag.py:540} INFO - Filling up the DagBag from /home/airflow/.local/lib/python3.12/site-packages/airflow/example_dags/example_branch_operator.py
[2024-04-25T23:51:37.971+0000] {processor.py:840} INFO - DAG(s) 'example_branch_operator' retrieved from /home/airflow/.local/lib/python3.12/site-packages/airflow/example_dags/example_branch_operator.py
[2024-04-25T23:51:37.996+0000] {logging_mixin.py:188} INFO - [2024-04-25T23:51:37.995+0000] {dag.py:3096} INFO - Sync 1 DAGs
[2024-04-25T23:51:38.017+0000] {logging_mixin.py:188} INFO - [2024-04-25T23:51:38.016+0000] {dag.py:3954} INFO - Setting next_dagrun for example_branch_operator to 2024-04-24 00:00:00+00:00, run_after=2024-04-25 00:00:00+00:00
[2024-04-25T23:51:38.035+0000] {processor.py:183} INFO - Processing /home/airflow/.local/lib/python3.12/site-packages/airflow/example_dags/example_branch_operator.py took 0.089 seconds
[2024-04-25T23:52:08.135+0000] {processor.py:161} INFO - Started process (PID=1885) to work on /home/airflow/.local/lib/python3.12/site-packages/airflow/example_dags/example_branch_operator.py
[2024-04-25T23:52:08.136+0000] {processor.py:830} INFO - Processing file /home/airflow/.local/lib/python3.12/site-packages/airflow/example_dags/example_branch_operator.py for tasks to queue
[2024-04-25T23:52:08.138+0000] {logging_mixin.py:188} INFO - [2024-04-25T23:52:08.138+0000] {dagbag.py:540} INFO - Filling up the DagBag from /home/airflow/.local/lib/python3.12/site-packages/airflow/example_dags/example_branch_operator.py
[2024-04-25T23:52:08.155+0000] {processor.py:840} INFO - DAG(s) 'example_branch_operator' retrieved from /home/airflow/.local/lib/python3.12/site-packages/airflow/example_dags/example_branch_operator.py
[2024-04-25T23:52:08.183+0000] {logging_mixin.py:188} INFO - [2024-04-25T23:52:08.183+0000] {dag.py:3096} INFO - Sync 1 DAGs
[2024-04-25T23:52:08.205+0000] {logging_mixin.py:188} INFO - [2024-04-25T23:52:08.205+0000] {dag.py:3954} INFO - Setting next_dagrun for example_branch_operator to 2024-04-24 00:00:00+00:00, run_after=2024-04-25 00:00:00+00:00
[2024-04-25T23:52:08.224+0000] {processor.py:183} INFO - Processing /home/airflow/.local/lib/python3.12/site-packages/airflow/example_dags/example_branch_operator.py took 0.095 seconds
[2024-04-25T23:52:38.294+0000] {processor.py:161} INFO - Started process (PID=1944) to work on /home/airflow/.local/lib/python3.12/site-packages/airflow/example_dags/example_branch_operator.py
[2024-04-25T23:52:38.296+0000] {processor.py:830} INFO - Processing file /home/airflow/.local/lib/python3.12/site-packages/airflow/example_dags/example_branch_operator.py for tasks to queue
[2024-04-25T23:52:38.299+0000] {logging_mixin.py:188} INFO - [2024-04-25T23:52:38.298+0000] {dagbag.py:540} INFO - Filling up the DagBag from /home/airflow/.local/lib/python3.12/site-packages/airflow/example_dags/example_branch_operator.py
[2024-04-25T23:52:38.321+0000] {processor.py:840} INFO - DAG(s) 'example_branch_operator' retrieved from /home/airflow/.local/lib/python3.12/site-packages/airflow/example_dags/example_branch_operator.py
[2024-04-25T23:52:38.349+0000] {logging_mixin.py:188} INFO - [2024-04-25T23:52:38.349+0000] {dag.py:3096} INFO - Sync 1 DAGs
[2024-04-25T23:52:38.375+0000] {logging_mixin.py:188} INFO - [2024-04-25T23:52:38.374+0000] {dag.py:3954} INFO - Setting next_dagrun for example_branch_operator to 2024-04-24 00:00:00+00:00, run_after=2024-04-25 00:00:00+00:00
[2024-04-25T23:52:38.395+0000] {processor.py:183} INFO - Processing /home/airflow/.local/lib/python3.12/site-packages/airflow/example_dags/example_branch_operator.py took 0.106 seconds
[2024-04-25T23:53:08.536+0000] {processor.py:161} INFO - Started process (PID=2003) to work on /home/airflow/.local/lib/python3.12/site-packages/airflow/example_dags/example_branch_operator.py
[2024-04-25T23:53:08.537+0000] {processor.py:830} INFO - Processing file /home/airflow/.local/lib/python3.12/site-packages/airflow/example_dags/example_branch_operator.py for tasks to queue
[2024-04-25T23:53:08.539+0000] {logging_mixin.py:188} INFO - [2024-04-25T23:53:08.538+0000] {dagbag.py:540} INFO - Filling up the DagBag from /home/airflow/.local/lib/python3.12/site-packages/airflow/example_dags/example_branch_operator.py
[2024-04-25T23:53:08.553+0000] {processor.py:840} INFO - DAG(s) 'example_branch_operator' retrieved from /home/airflow/.local/lib/python3.12/site-packages/airflow/example_dags/example_branch_operator.py
[2024-04-25T23:53:08.580+0000] {logging_mixin.py:188} INFO - [2024-04-25T23:53:08.580+0000] {dag.py:3096} INFO - Sync 1 DAGs
[2024-04-25T23:53:08.598+0000] {logging_mixin.py:188} INFO - [2024-04-25T23:53:08.598+0000] {dag.py:3954} INFO - Setting next_dagrun for example_branch_operator to 2024-04-24 00:00:00+00:00, run_after=2024-04-25 00:00:00+00:00
[2024-04-25T23:53:08.618+0000] {processor.py:183} INFO - Processing /home/airflow/.local/lib/python3.12/site-packages/airflow/example_dags/example_branch_operator.py took 0.088 seconds
[2024-04-25T23:53:38.655+0000] {processor.py:161} INFO - Started process (PID=2062) to work on /home/airflow/.local/lib/python3.12/site-packages/airflow/example_dags/example_branch_operator.py
[2024-04-25T23:53:38.657+0000] {processor.py:830} INFO - Processing file /home/airflow/.local/lib/python3.12/site-packages/airflow/example_dags/example_branch_operator.py for tasks to queue
[2024-04-25T23:53:38.660+0000] {logging_mixin.py:188} INFO - [2024-04-25T23:53:38.659+0000] {dagbag.py:540} INFO - Filling up the DagBag from /home/airflow/.local/lib/python3.12/site-packages/airflow/example_dags/example_branch_operator.py
[2024-04-25T23:53:38.675+0000] {processor.py:840} INFO - DAG(s) 'example_branch_operator' retrieved from /home/airflow/.local/lib/python3.12/site-packages/airflow/example_dags/example_branch_operator.py
[2024-04-25T23:53:38.705+0000] {logging_mixin.py:188} INFO - [2024-04-25T23:53:38.704+0000] {dag.py:3096} INFO - Sync 1 DAGs
[2024-04-25T23:53:38.728+0000] {logging_mixin.py:188} INFO - [2024-04-25T23:53:38.728+0000] {dag.py:3954} INFO - Setting next_dagrun for example_branch_operator to 2024-04-24 00:00:00+00:00, run_after=2024-04-25 00:00:00+00:00
[2024-04-25T23:53:38.748+0000] {processor.py:183} INFO - Processing /home/airflow/.local/lib/python3.12/site-packages/airflow/example_dags/example_branch_operator.py took 0.098 seconds
[2024-04-25T23:54:08.957+0000] {processor.py:161} INFO - Started process (PID=2121) to work on /home/airflow/.local/lib/python3.12/site-packages/airflow/example_dags/example_branch_operator.py
[2024-04-25T23:54:08.958+0000] {processor.py:830} INFO - Processing file /home/airflow/.local/lib/python3.12/site-packages/airflow/example_dags/example_branch_operator.py for tasks to queue
[2024-04-25T23:54:08.961+0000] {logging_mixin.py:188} INFO - [2024-04-25T23:54:08.961+0000] {dagbag.py:540} INFO - Filling up the DagBag from /home/airflow/.local/lib/python3.12/site-packages/airflow/example_dags/example_branch_operator.py
[2024-04-25T23:54:08.976+0000] {processor.py:840} INFO - DAG(s) 'example_branch_operator' retrieved from /home/airflow/.local/lib/python3.12/site-packages/airflow/example_dags/example_branch_operator.py
[2024-04-25T23:54:09.009+0000] {logging_mixin.py:188} INFO - [2024-04-25T23:54:09.009+0000] {dag.py:3096} INFO - Sync 1 DAGs
[2024-04-25T23:54:09.033+0000] {logging_mixin.py:188} INFO - [2024-04-25T23:54:09.033+0000] {dag.py:3954} INFO - Setting next_dagrun for example_branch_operator to 2024-04-24 00:00:00+00:00, run_after=2024-04-25 00:00:00+00:00
[2024-04-25T23:54:09.056+0000] {processor.py:183} INFO - Processing /home/airflow/.local/lib/python3.12/site-packages/airflow/example_dags/example_branch_operator.py took 0.104 seconds
[2024-04-25T23:54:39.232+0000] {processor.py:161} INFO - Started process (PID=2180) to work on /home/airflow/.local/lib/python3.12/site-packages/airflow/example_dags/example_branch_operator.py
[2024-04-25T23:54:39.234+0000] {processor.py:830} INFO - Processing file /home/airflow/.local/lib/python3.12/site-packages/airflow/example_dags/example_branch_operator.py for tasks to queue
[2024-04-25T23:54:39.235+0000] {logging_mixin.py:188} INFO - [2024-04-25T23:54:39.235+0000] {dagbag.py:540} INFO - Filling up the DagBag from /home/airflow/.local/lib/python3.12/site-packages/airflow/example_dags/example_branch_operator.py
[2024-04-25T23:54:39.250+0000] {processor.py:840} INFO - DAG(s) 'example_branch_operator' retrieved from /home/airflow/.local/lib/python3.12/site-packages/airflow/example_dags/example_branch_operator.py
[2024-04-25T23:54:39.276+0000] {logging_mixin.py:188} INFO - [2024-04-25T23:54:39.276+0000] {dag.py:3096} INFO - Sync 1 DAGs
[2024-04-25T23:54:39.296+0000] {logging_mixin.py:188} INFO - [2024-04-25T23:54:39.296+0000] {dag.py:3954} INFO - Setting next_dagrun for example_branch_operator to 2024-04-24 00:00:00+00:00, run_after=2024-04-25 00:00:00+00:00
[2024-04-25T23:54:39.316+0000] {processor.py:183} INFO - Processing /home/airflow/.local/lib/python3.12/site-packages/airflow/example_dags/example_branch_operator.py took 0.089 seconds
[2024-04-25T23:55:09.375+0000] {processor.py:161} INFO - Started process (PID=2239) to work on /home/airflow/.local/lib/python3.12/site-packages/airflow/example_dags/example_branch_operator.py
[2024-04-25T23:55:09.376+0000] {processor.py:830} INFO - Processing file /home/airflow/.local/lib/python3.12/site-packages/airflow/example_dags/example_branch_operator.py for tasks to queue
[2024-04-25T23:55:09.377+0000] {logging_mixin.py:188} INFO - [2024-04-25T23:55:09.377+0000] {dagbag.py:540} INFO - Filling up the DagBag from /home/airflow/.local/lib/python3.12/site-packages/airflow/example_dags/example_branch_operator.py
[2024-04-25T23:55:09.395+0000] {processor.py:840} INFO - DAG(s) 'example_branch_operator' retrieved from /home/airflow/.local/lib/python3.12/site-packages/airflow/example_dags/example_branch_operator.py
[2024-04-25T23:55:09.422+0000] {logging_mixin.py:188} INFO - [2024-04-25T23:55:09.422+0000] {dag.py:3096} INFO - Sync 1 DAGs
[2024-04-25T23:55:09.443+0000] {logging_mixin.py:188} INFO - [2024-04-25T23:55:09.442+0000] {dag.py:3954} INFO - Setting next_dagrun for example_branch_operator to 2024-04-24 00:00:00+00:00, run_after=2024-04-25 00:00:00+00:00
[2024-04-25T23:55:09.462+0000] {processor.py:183} INFO - Processing /home/airflow/.local/lib/python3.12/site-packages/airflow/example_dags/example_branch_operator.py took 0.092 seconds
[2024-04-25T23:55:39.516+0000] {processor.py:161} INFO - Started process (PID=2298) to work on /home/airflow/.local/lib/python3.12/site-packages/airflow/example_dags/example_branch_operator.py
[2024-04-25T23:55:39.517+0000] {processor.py:830} INFO - Processing file /home/airflow/.local/lib/python3.12/site-packages/airflow/example_dags/example_branch_operator.py for tasks to queue
[2024-04-25T23:55:39.519+0000] {logging_mixin.py:188} INFO - [2024-04-25T23:55:39.519+0000] {dagbag.py:540} INFO - Filling up the DagBag from /home/airflow/.local/lib/python3.12/site-packages/airflow/example_dags/example_branch_operator.py
[2024-04-25T23:55:39.535+0000] {processor.py:840} INFO - DAG(s) 'example_branch_operator' retrieved from /home/airflow/.local/lib/python3.12/site-packages/airflow/example_dags/example_branch_operator.py
[2024-04-25T23:55:39.562+0000] {logging_mixin.py:188} INFO - [2024-04-25T23:55:39.561+0000] {dag.py:3096} INFO - Sync 1 DAGs
[2024-04-25T23:55:39.581+0000] {logging_mixin.py:188} INFO - [2024-04-25T23:55:39.581+0000] {dag.py:3954} INFO - Setting next_dagrun for example_branch_operator to 2024-04-24 00:00:00+00:00, run_after=2024-04-25 00:00:00+00:00
[2024-04-25T23:55:39.598+0000] {processor.py:183} INFO - Processing /home/airflow/.local/lib/python3.12/site-packages/airflow/example_dags/example_branch_operator.py took 0.089 seconds
[2024-04-25T23:56:10.449+0000] {processor.py:161} INFO - Started process (PID=2357) to work on /home/airflow/.local/lib/python3.12/site-packages/airflow/example_dags/example_branch_operator.py
[2024-04-25T23:56:10.450+0000] {processor.py:830} INFO - Processing file /home/airflow/.local/lib/python3.12/site-packages/airflow/example_dags/example_branch_operator.py for tasks to queue
[2024-04-25T23:56:10.452+0000] {logging_mixin.py:188} INFO - [2024-04-25T23:56:10.451+0000] {dagbag.py:540} INFO - Filling up the DagBag from /home/airflow/.local/lib/python3.12/site-packages/airflow/example_dags/example_branch_operator.py
[2024-04-25T23:56:10.468+0000] {processor.py:840} INFO - DAG(s) 'example_branch_operator' retrieved from /home/airflow/.local/lib/python3.12/site-packages/airflow/example_dags/example_branch_operator.py
[2024-04-25T23:56:10.501+0000] {logging_mixin.py:188} INFO - [2024-04-25T23:56:10.501+0000] {dag.py:3096} INFO - Sync 1 DAGs
[2024-04-25T23:56:10.524+0000] {logging_mixin.py:188} INFO - [2024-04-25T23:56:10.523+0000] {dag.py:3954} INFO - Setting next_dagrun for example_branch_operator to 2024-04-24 00:00:00+00:00, run_after=2024-04-25 00:00:00+00:00
[2024-04-25T23:56:10.546+0000] {processor.py:183} INFO - Processing /home/airflow/.local/lib/python3.12/site-packages/airflow/example_dags/example_branch_operator.py took 0.102 seconds
[2024-04-25T23:56:41.060+0000] {processor.py:161} INFO - Started process (PID=2416) to work on /home/airflow/.local/lib/python3.12/site-packages/airflow/example_dags/example_branch_operator.py
[2024-04-25T23:56:41.061+0000] {processor.py:830} INFO - Processing file /home/airflow/.local/lib/python3.12/site-packages/airflow/example_dags/example_branch_operator.py for tasks to queue
[2024-04-25T23:56:41.063+0000] {logging_mixin.py:188} INFO - [2024-04-25T23:56:41.063+0000] {dagbag.py:540} INFO - Filling up the DagBag from /home/airflow/.local/lib/python3.12/site-packages/airflow/example_dags/example_branch_operator.py
[2024-04-25T23:56:41.088+0000] {processor.py:840} INFO - DAG(s) 'example_branch_operator' retrieved from /home/airflow/.local/lib/python3.12/site-packages/airflow/example_dags/example_branch_operator.py
[2024-04-25T23:56:41.170+0000] {logging_mixin.py:188} INFO - [2024-04-25T23:56:41.170+0000] {dag.py:3096} INFO - Sync 1 DAGs
[2024-04-25T23:56:41.229+0000] {logging_mixin.py:188} INFO - [2024-04-25T23:56:41.228+0000] {dag.py:3954} INFO - Setting next_dagrun for example_branch_operator to 2024-04-24 00:00:00+00:00, run_after=2024-04-25 00:00:00+00:00
[2024-04-25T23:56:41.257+0000] {processor.py:183} INFO - Processing /home/airflow/.local/lib/python3.12/site-packages/airflow/example_dags/example_branch_operator.py took 0.202 seconds
[2024-04-25T23:57:11.893+0000] {processor.py:161} INFO - Started process (PID=2475) to work on /home/airflow/.local/lib/python3.12/site-packages/airflow/example_dags/example_branch_operator.py
[2024-04-25T23:57:11.894+0000] {processor.py:830} INFO - Processing file /home/airflow/.local/lib/python3.12/site-packages/airflow/example_dags/example_branch_operator.py for tasks to queue
[2024-04-25T23:57:11.896+0000] {logging_mixin.py:188} INFO - [2024-04-25T23:57:11.896+0000] {dagbag.py:540} INFO - Filling up the DagBag from /home/airflow/.local/lib/python3.12/site-packages/airflow/example_dags/example_branch_operator.py
[2024-04-25T23:57:11.912+0000] {processor.py:840} INFO - DAG(s) 'example_branch_operator' retrieved from /home/airflow/.local/lib/python3.12/site-packages/airflow/example_dags/example_branch_operator.py
[2024-04-25T23:57:11.943+0000] {logging_mixin.py:188} INFO - [2024-04-25T23:57:11.942+0000] {dag.py:3096} INFO - Sync 1 DAGs
[2024-04-25T23:57:11.967+0000] {logging_mixin.py:188} INFO - [2024-04-25T23:57:11.967+0000] {dag.py:3954} INFO - Setting next_dagrun for example_branch_operator to 2024-04-24 00:00:00+00:00, run_after=2024-04-25 00:00:00+00:00
[2024-04-25T23:57:11.992+0000] {processor.py:183} INFO - Processing /home/airflow/.local/lib/python3.12/site-packages/airflow/example_dags/example_branch_operator.py took 0.106 seconds
[2024-04-25T23:57:42.491+0000] {processor.py:161} INFO - Started process (PID=2534) to work on /home/airflow/.local/lib/python3.12/site-packages/airflow/example_dags/example_branch_operator.py
[2024-04-25T23:57:42.492+0000] {processor.py:830} INFO - Processing file /home/airflow/.local/lib/python3.12/site-packages/airflow/example_dags/example_branch_operator.py for tasks to queue
[2024-04-25T23:57:42.496+0000] {logging_mixin.py:188} INFO - [2024-04-25T23:57:42.496+0000] {dagbag.py:540} INFO - Filling up the DagBag from /home/airflow/.local/lib/python3.12/site-packages/airflow/example_dags/example_branch_operator.py
[2024-04-25T23:57:42.509+0000] {processor.py:840} INFO - DAG(s) 'example_branch_operator' retrieved from /home/airflow/.local/lib/python3.12/site-packages/airflow/example_dags/example_branch_operator.py
[2024-04-25T23:57:42.535+0000] {logging_mixin.py:188} INFO - [2024-04-25T23:57:42.535+0000] {dag.py:3096} INFO - Sync 1 DAGs
[2024-04-25T23:57:42.554+0000] {logging_mixin.py:188} INFO - [2024-04-25T23:57:42.554+0000] {dag.py:3954} INFO - Setting next_dagrun for example_branch_operator to 2024-04-24 00:00:00+00:00, run_after=2024-04-25 00:00:00+00:00
[2024-04-25T23:57:42.572+0000] {processor.py:183} INFO - Processing /home/airflow/.local/lib/python3.12/site-packages/airflow/example_dags/example_branch_operator.py took 0.087 seconds
[2024-04-25T23:58:12.696+0000] {processor.py:161} INFO - Started process (PID=2593) to work on /home/airflow/.local/lib/python3.12/site-packages/airflow/example_dags/example_branch_operator.py
[2024-04-25T23:58:12.697+0000] {processor.py:830} INFO - Processing file /home/airflow/.local/lib/python3.12/site-packages/airflow/example_dags/example_branch_operator.py for tasks to queue
[2024-04-25T23:58:12.699+0000] {logging_mixin.py:188} INFO - [2024-04-25T23:58:12.699+0000] {dagbag.py:540} INFO - Filling up the DagBag from /home/airflow/.local/lib/python3.12/site-packages/airflow/example_dags/example_branch_operator.py
[2024-04-25T23:58:12.712+0000] {processor.py:840} INFO - DAG(s) 'example_branch_operator' retrieved from /home/airflow/.local/lib/python3.12/site-packages/airflow/example_dags/example_branch_operator.py
[2024-04-25T23:58:12.737+0000] {logging_mixin.py:188} INFO - [2024-04-25T23:58:12.736+0000] {dag.py:3096} INFO - Sync 1 DAGs
[2024-04-25T23:58:12.757+0000] {logging_mixin.py:188} INFO - [2024-04-25T23:58:12.756+0000] {dag.py:3954} INFO - Setting next_dagrun for example_branch_operator to 2024-04-24 00:00:00+00:00, run_after=2024-04-25 00:00:00+00:00
[2024-04-25T23:58:12.775+0000] {processor.py:183} INFO - Processing /home/airflow/.local/lib/python3.12/site-packages/airflow/example_dags/example_branch_operator.py took 0.083 seconds
[2024-04-25T23:58:42.898+0000] {processor.py:161} INFO - Started process (PID=2652) to work on /home/airflow/.local/lib/python3.12/site-packages/airflow/example_dags/example_branch_operator.py
[2024-04-25T23:58:42.899+0000] {processor.py:830} INFO - Processing file /home/airflow/.local/lib/python3.12/site-packages/airflow/example_dags/example_branch_operator.py for tasks to queue
[2024-04-25T23:58:42.900+0000] {logging_mixin.py:188} INFO - [2024-04-25T23:58:42.900+0000] {dagbag.py:540} INFO - Filling up the DagBag from /home/airflow/.local/lib/python3.12/site-packages/airflow/example_dags/example_branch_operator.py
[2024-04-25T23:58:42.916+0000] {processor.py:840} INFO - DAG(s) 'example_branch_operator' retrieved from /home/airflow/.local/lib/python3.12/site-packages/airflow/example_dags/example_branch_operator.py
[2024-04-25T23:58:42.942+0000] {logging_mixin.py:188} INFO - [2024-04-25T23:58:42.942+0000] {dag.py:3096} INFO - Sync 1 DAGs
[2024-04-25T23:58:42.965+0000] {logging_mixin.py:188} INFO - [2024-04-25T23:58:42.964+0000] {dag.py:3954} INFO - Setting next_dagrun for example_branch_operator to 2024-04-24 00:00:00+00:00, run_after=2024-04-25 00:00:00+00:00
[2024-04-25T23:58:42.995+0000] {processor.py:183} INFO - Processing /home/airflow/.local/lib/python3.12/site-packages/airflow/example_dags/example_branch_operator.py took 0.102 seconds
[2024-04-25T23:59:13.545+0000] {processor.py:161} INFO - Started process (PID=2711) to work on /home/airflow/.local/lib/python3.12/site-packages/airflow/example_dags/example_branch_operator.py
[2024-04-25T23:59:13.546+0000] {processor.py:830} INFO - Processing file /home/airflow/.local/lib/python3.12/site-packages/airflow/example_dags/example_branch_operator.py for tasks to queue
[2024-04-25T23:59:13.548+0000] {logging_mixin.py:188} INFO - [2024-04-25T23:59:13.548+0000] {dagbag.py:540} INFO - Filling up the DagBag from /home/airflow/.local/lib/python3.12/site-packages/airflow/example_dags/example_branch_operator.py
[2024-04-25T23:59:13.562+0000] {processor.py:840} INFO - DAG(s) 'example_branch_operator' retrieved from /home/airflow/.local/lib/python3.12/site-packages/airflow/example_dags/example_branch_operator.py
[2024-04-25T23:59:13.589+0000] {logging_mixin.py:188} INFO - [2024-04-25T23:59:13.588+0000] {dag.py:3096} INFO - Sync 1 DAGs
[2024-04-25T23:59:13.613+0000] {logging_mixin.py:188} INFO - [2024-04-25T23:59:13.613+0000] {dag.py:3954} INFO - Setting next_dagrun for example_branch_operator to 2024-04-24 00:00:00+00:00, run_after=2024-04-25 00:00:00+00:00
[2024-04-25T23:59:13.640+0000] {processor.py:183} INFO - Processing /home/airflow/.local/lib/python3.12/site-packages/airflow/example_dags/example_branch_operator.py took 0.101 seconds
[2024-04-25T23:59:43.793+0000] {processor.py:161} INFO - Started process (PID=2770) to work on /home/airflow/.local/lib/python3.12/site-packages/airflow/example_dags/example_branch_operator.py
[2024-04-25T23:59:43.794+0000] {processor.py:830} INFO - Processing file /home/airflow/.local/lib/python3.12/site-packages/airflow/example_dags/example_branch_operator.py for tasks to queue
[2024-04-25T23:59:43.795+0000] {logging_mixin.py:188} INFO - [2024-04-25T23:59:43.795+0000] {dagbag.py:540} INFO - Filling up the DagBag from /home/airflow/.local/lib/python3.12/site-packages/airflow/example_dags/example_branch_operator.py
[2024-04-25T23:59:43.811+0000] {processor.py:840} INFO - DAG(s) 'example_branch_operator' retrieved from /home/airflow/.local/lib/python3.12/site-packages/airflow/example_dags/example_branch_operator.py
[2024-04-25T23:59:43.837+0000] {logging_mixin.py:188} INFO - [2024-04-25T23:59:43.837+0000] {dag.py:3096} INFO - Sync 1 DAGs
[2024-04-25T23:59:43.861+0000] {logging_mixin.py:188} INFO - [2024-04-25T23:59:43.861+0000] {dag.py:3954} INFO - Setting next_dagrun for example_branch_operator to 2024-04-24 00:00:00+00:00, run_after=2024-04-25 00:00:00+00:00
[2024-04-25T23:59:43.882+0000] {processor.py:183} INFO - Processing /home/airflow/.local/lib/python3.12/site-packages/airflow/example_dags/example_branch_operator.py took 0.095 seconds
