[2024-04-25T23:36:23.051+0000] {processor.py:161} INFO - Started process (PID=58) to work on /home/airflow/.local/lib/python3.12/site-packages/airflow/example_dags/example_xcomargs.py
[2024-04-25T23:36:23.055+0000] {processor.py:830} INFO - Processing file /home/airflow/.local/lib/python3.12/site-packages/airflow/example_dags/example_xcomargs.py for tasks to queue
[2024-04-25T23:36:23.058+0000] {logging_mixin.py:188} INFO - [2024-04-25T23:36:23.058+0000] {dagbag.py:540} INFO - Filling up the DagBag from /home/airflow/.local/lib/python3.12/site-packages/airflow/example_dags/example_xcomargs.py
[2024-04-25T23:36:23.092+0000] {processor.py:840} INFO - DAG(s) 'example_xcom_args', 'example_xcom_args_with_operators' retrieved from /home/airflow/.local/lib/python3.12/site-packages/airflow/example_dags/example_xcomargs.py
[2024-04-25T23:36:23.115+0000] {logging_mixin.py:188} INFO - [2024-04-25T23:36:23.115+0000] {dag.py:3096} INFO - Sync 2 DAGs
[2024-04-25T23:36:23.152+0000] {logging_mixin.py:188} INFO - [2024-04-25T23:36:23.151+0000] {dag.py:3954} INFO - Setting next_dagrun for example_xcom_args to None, run_after=None
[2024-04-25T23:36:23.162+0000] {logging_mixin.py:188} INFO - [2024-04-25T23:36:23.162+0000] {dag.py:3954} INFO - Setting next_dagrun for example_xcom_args_with_operators to None, run_after=None
[2024-04-25T23:36:23.197+0000] {processor.py:183} INFO - Processing /home/airflow/.local/lib/python3.12/site-packages/airflow/example_dags/example_xcomargs.py took 0.160 seconds
[2024-04-25T23:36:54.898+0000] {processor.py:161} INFO - Started process (PID=117) to work on /home/airflow/.local/lib/python3.12/site-packages/airflow/example_dags/example_xcomargs.py
[2024-04-25T23:36:54.899+0000] {processor.py:830} INFO - Processing file /home/airflow/.local/lib/python3.12/site-packages/airflow/example_dags/example_xcomargs.py for tasks to queue
[2024-04-25T23:36:54.901+0000] {logging_mixin.py:188} INFO - [2024-04-25T23:36:54.901+0000] {dagbag.py:540} INFO - Filling up the DagBag from /home/airflow/.local/lib/python3.12/site-packages/airflow/example_dags/example_xcomargs.py
[2024-04-25T23:36:54.943+0000] {processor.py:840} INFO - DAG(s) 'example_xcom_args', 'example_xcom_args_with_operators' retrieved from /home/airflow/.local/lib/python3.12/site-packages/airflow/example_dags/example_xcomargs.py
[2024-04-25T23:36:55.155+0000] {logging_mixin.py:188} INFO - [2024-04-25T23:36:55.155+0000] {dag.py:3096} INFO - Sync 2 DAGs
[2024-04-25T23:36:55.164+0000] {logging_mixin.py:188} INFO - [2024-04-25T23:36:55.164+0000] {dag.py:3954} INFO - Setting next_dagrun for example_xcom_args to None, run_after=None
[2024-04-25T23:36:55.167+0000] {logging_mixin.py:188} INFO - [2024-04-25T23:36:55.167+0000] {dag.py:3954} INFO - Setting next_dagrun for example_xcom_args_with_operators to None, run_after=None
[2024-04-25T23:36:55.194+0000] {processor.py:183} INFO - Processing /home/airflow/.local/lib/python3.12/site-packages/airflow/example_dags/example_xcomargs.py took 0.314 seconds
[2024-04-25T23:37:25.424+0000] {processor.py:161} INFO - Started process (PID=176) to work on /home/airflow/.local/lib/python3.12/site-packages/airflow/example_dags/example_xcomargs.py
[2024-04-25T23:37:25.425+0000] {processor.py:830} INFO - Processing file /home/airflow/.local/lib/python3.12/site-packages/airflow/example_dags/example_xcomargs.py for tasks to queue
[2024-04-25T23:37:25.427+0000] {logging_mixin.py:188} INFO - [2024-04-25T23:37:25.426+0000] {dagbag.py:540} INFO - Filling up the DagBag from /home/airflow/.local/lib/python3.12/site-packages/airflow/example_dags/example_xcomargs.py
[2024-04-25T23:37:25.434+0000] {processor.py:840} INFO - DAG(s) 'example_xcom_args', 'example_xcom_args_with_operators' retrieved from /home/airflow/.local/lib/python3.12/site-packages/airflow/example_dags/example_xcomargs.py
[2024-04-25T23:37:25.455+0000] {logging_mixin.py:188} INFO - [2024-04-25T23:37:25.455+0000] {dag.py:3096} INFO - Sync 2 DAGs
[2024-04-25T23:37:25.466+0000] {logging_mixin.py:188} INFO - [2024-04-25T23:37:25.465+0000] {dag.py:3954} INFO - Setting next_dagrun for example_xcom_args to None, run_after=None
[2024-04-25T23:37:25.469+0000] {logging_mixin.py:188} INFO - [2024-04-25T23:37:25.469+0000] {dag.py:3954} INFO - Setting next_dagrun for example_xcom_args_with_operators to None, run_after=None
[2024-04-25T23:37:25.497+0000] {processor.py:183} INFO - Processing /home/airflow/.local/lib/python3.12/site-packages/airflow/example_dags/example_xcomargs.py took 0.078 seconds
[2024-04-25T23:37:55.880+0000] {processor.py:161} INFO - Started process (PID=235) to work on /home/airflow/.local/lib/python3.12/site-packages/airflow/example_dags/example_xcomargs.py
[2024-04-25T23:37:55.881+0000] {processor.py:830} INFO - Processing file /home/airflow/.local/lib/python3.12/site-packages/airflow/example_dags/example_xcomargs.py for tasks to queue
[2024-04-25T23:37:55.883+0000] {logging_mixin.py:188} INFO - [2024-04-25T23:37:55.883+0000] {dagbag.py:540} INFO - Filling up the DagBag from /home/airflow/.local/lib/python3.12/site-packages/airflow/example_dags/example_xcomargs.py
[2024-04-25T23:37:55.890+0000] {processor.py:840} INFO - DAG(s) 'example_xcom_args_with_operators', 'example_xcom_args' retrieved from /home/airflow/.local/lib/python3.12/site-packages/airflow/example_dags/example_xcomargs.py
[2024-04-25T23:37:55.908+0000] {logging_mixin.py:188} INFO - [2024-04-25T23:37:55.908+0000] {dag.py:3096} INFO - Sync 2 DAGs
[2024-04-25T23:37:55.920+0000] {logging_mixin.py:188} INFO - [2024-04-25T23:37:55.920+0000] {dag.py:3954} INFO - Setting next_dagrun for example_xcom_args to None, run_after=None
[2024-04-25T23:37:55.925+0000] {logging_mixin.py:188} INFO - [2024-04-25T23:37:55.924+0000] {dag.py:3954} INFO - Setting next_dagrun for example_xcom_args_with_operators to None, run_after=None
[2024-04-25T23:37:55.944+0000] {processor.py:183} INFO - Processing /home/airflow/.local/lib/python3.12/site-packages/airflow/example_dags/example_xcomargs.py took 0.069 seconds
[2024-04-25T23:38:26.940+0000] {processor.py:161} INFO - Started process (PID=294) to work on /home/airflow/.local/lib/python3.12/site-packages/airflow/example_dags/example_xcomargs.py
[2024-04-25T23:38:26.941+0000] {processor.py:830} INFO - Processing file /home/airflow/.local/lib/python3.12/site-packages/airflow/example_dags/example_xcomargs.py for tasks to queue
[2024-04-25T23:38:26.942+0000] {logging_mixin.py:188} INFO - [2024-04-25T23:38:26.942+0000] {dagbag.py:540} INFO - Filling up the DagBag from /home/airflow/.local/lib/python3.12/site-packages/airflow/example_dags/example_xcomargs.py
[2024-04-25T23:38:26.949+0000] {processor.py:840} INFO - DAG(s) 'example_xcom_args_with_operators', 'example_xcom_args' retrieved from /home/airflow/.local/lib/python3.12/site-packages/airflow/example_dags/example_xcomargs.py
[2024-04-25T23:38:26.967+0000] {logging_mixin.py:188} INFO - [2024-04-25T23:38:26.966+0000] {dag.py:3096} INFO - Sync 2 DAGs
[2024-04-25T23:38:26.978+0000] {logging_mixin.py:188} INFO - [2024-04-25T23:38:26.977+0000] {dag.py:3954} INFO - Setting next_dagrun for example_xcom_args to None, run_after=None
[2024-04-25T23:38:26.981+0000] {logging_mixin.py:188} INFO - [2024-04-25T23:38:26.981+0000] {dag.py:3954} INFO - Setting next_dagrun for example_xcom_args_with_operators to None, run_after=None
[2024-04-25T23:38:26.995+0000] {processor.py:183} INFO - Processing /home/airflow/.local/lib/python3.12/site-packages/airflow/example_dags/example_xcomargs.py took 0.060 seconds
[2024-04-25T23:38:57.864+0000] {processor.py:161} INFO - Started process (PID=354) to work on /home/airflow/.local/lib/python3.12/site-packages/airflow/example_dags/example_xcomargs.py
[2024-04-25T23:38:57.866+0000] {processor.py:830} INFO - Processing file /home/airflow/.local/lib/python3.12/site-packages/airflow/example_dags/example_xcomargs.py for tasks to queue
[2024-04-25T23:38:57.868+0000] {logging_mixin.py:188} INFO - [2024-04-25T23:38:57.868+0000] {dagbag.py:540} INFO - Filling up the DagBag from /home/airflow/.local/lib/python3.12/site-packages/airflow/example_dags/example_xcomargs.py
[2024-04-25T23:38:57.878+0000] {processor.py:840} INFO - DAG(s) 'example_xcom_args_with_operators', 'example_xcom_args' retrieved from /home/airflow/.local/lib/python3.12/site-packages/airflow/example_dags/example_xcomargs.py
[2024-04-25T23:38:57.918+0000] {logging_mixin.py:188} INFO - [2024-04-25T23:38:57.918+0000] {dag.py:3096} INFO - Sync 2 DAGs
[2024-04-25T23:38:57.930+0000] {logging_mixin.py:188} INFO - [2024-04-25T23:38:57.929+0000] {dag.py:3954} INFO - Setting next_dagrun for example_xcom_args to None, run_after=None
[2024-04-25T23:38:57.934+0000] {logging_mixin.py:188} INFO - [2024-04-25T23:38:57.934+0000] {dag.py:3954} INFO - Setting next_dagrun for example_xcom_args_with_operators to None, run_after=None
[2024-04-25T23:38:57.951+0000] {processor.py:183} INFO - Processing /home/airflow/.local/lib/python3.12/site-packages/airflow/example_dags/example_xcomargs.py took 0.095 seconds
[2024-04-25T23:39:27.998+0000] {processor.py:161} INFO - Started process (PID=413) to work on /home/airflow/.local/lib/python3.12/site-packages/airflow/example_dags/example_xcomargs.py
[2024-04-25T23:39:28.000+0000] {processor.py:830} INFO - Processing file /home/airflow/.local/lib/python3.12/site-packages/airflow/example_dags/example_xcomargs.py for tasks to queue
[2024-04-25T23:39:28.001+0000] {logging_mixin.py:188} INFO - [2024-04-25T23:39:28.001+0000] {dagbag.py:540} INFO - Filling up the DagBag from /home/airflow/.local/lib/python3.12/site-packages/airflow/example_dags/example_xcomargs.py
[2024-04-25T23:39:28.009+0000] {processor.py:840} INFO - DAG(s) 'example_xcom_args', 'example_xcom_args_with_operators' retrieved from /home/airflow/.local/lib/python3.12/site-packages/airflow/example_dags/example_xcomargs.py
[2024-04-25T23:39:28.032+0000] {logging_mixin.py:188} INFO - [2024-04-25T23:39:28.032+0000] {dag.py:3096} INFO - Sync 2 DAGs
[2024-04-25T23:39:28.043+0000] {logging_mixin.py:188} INFO - [2024-04-25T23:39:28.043+0000] {dag.py:3954} INFO - Setting next_dagrun for example_xcom_args to None, run_after=None
[2024-04-25T23:39:28.047+0000] {logging_mixin.py:188} INFO - [2024-04-25T23:39:28.046+0000] {dag.py:3954} INFO - Setting next_dagrun for example_xcom_args_with_operators to None, run_after=None
[2024-04-25T23:39:28.062+0000] {processor.py:183} INFO - Processing /home/airflow/.local/lib/python3.12/site-packages/airflow/example_dags/example_xcomargs.py took 0.068 seconds
[2024-04-25T23:39:58.346+0000] {processor.py:161} INFO - Started process (PID=472) to work on /home/airflow/.local/lib/python3.12/site-packages/airflow/example_dags/example_xcomargs.py
[2024-04-25T23:39:58.347+0000] {processor.py:830} INFO - Processing file /home/airflow/.local/lib/python3.12/site-packages/airflow/example_dags/example_xcomargs.py for tasks to queue
[2024-04-25T23:39:58.349+0000] {logging_mixin.py:188} INFO - [2024-04-25T23:39:58.349+0000] {dagbag.py:540} INFO - Filling up the DagBag from /home/airflow/.local/lib/python3.12/site-packages/airflow/example_dags/example_xcomargs.py
[2024-04-25T23:39:58.356+0000] {processor.py:840} INFO - DAG(s) 'example_xcom_args', 'example_xcom_args_with_operators' retrieved from /home/airflow/.local/lib/python3.12/site-packages/airflow/example_dags/example_xcomargs.py
[2024-04-25T23:39:58.378+0000] {logging_mixin.py:188} INFO - [2024-04-25T23:39:58.378+0000] {dag.py:3096} INFO - Sync 2 DAGs
[2024-04-25T23:39:58.391+0000] {logging_mixin.py:188} INFO - [2024-04-25T23:39:58.391+0000] {dag.py:3954} INFO - Setting next_dagrun for example_xcom_args to None, run_after=None
[2024-04-25T23:39:58.396+0000] {logging_mixin.py:188} INFO - [2024-04-25T23:39:58.395+0000] {dag.py:3954} INFO - Setting next_dagrun for example_xcom_args_with_operators to None, run_after=None
[2024-04-25T23:39:58.412+0000] {processor.py:183} INFO - Processing /home/airflow/.local/lib/python3.12/site-packages/airflow/example_dags/example_xcomargs.py took 0.071 seconds
[2024-04-25T23:40:28.741+0000] {processor.py:161} INFO - Started process (PID=531) to work on /home/airflow/.local/lib/python3.12/site-packages/airflow/example_dags/example_xcomargs.py
[2024-04-25T23:40:28.742+0000] {processor.py:830} INFO - Processing file /home/airflow/.local/lib/python3.12/site-packages/airflow/example_dags/example_xcomargs.py for tasks to queue
[2024-04-25T23:40:28.744+0000] {logging_mixin.py:188} INFO - [2024-04-25T23:40:28.744+0000] {dagbag.py:540} INFO - Filling up the DagBag from /home/airflow/.local/lib/python3.12/site-packages/airflow/example_dags/example_xcomargs.py
[2024-04-25T23:40:28.751+0000] {processor.py:840} INFO - DAG(s) 'example_xcom_args', 'example_xcom_args_with_operators' retrieved from /home/airflow/.local/lib/python3.12/site-packages/airflow/example_dags/example_xcomargs.py
[2024-04-25T23:40:28.775+0000] {logging_mixin.py:188} INFO - [2024-04-25T23:40:28.774+0000] {dag.py:3096} INFO - Sync 2 DAGs
[2024-04-25T23:40:28.788+0000] {logging_mixin.py:188} INFO - [2024-04-25T23:40:28.788+0000] {dag.py:3954} INFO - Setting next_dagrun for example_xcom_args to None, run_after=None
[2024-04-25T23:40:28.791+0000] {logging_mixin.py:188} INFO - [2024-04-25T23:40:28.791+0000] {dag.py:3954} INFO - Setting next_dagrun for example_xcom_args_with_operators to None, run_after=None
[2024-04-25T23:40:28.811+0000] {processor.py:183} INFO - Processing /home/airflow/.local/lib/python3.12/site-packages/airflow/example_dags/example_xcomargs.py took 0.075 seconds
[2024-04-25T23:40:58.954+0000] {processor.py:161} INFO - Started process (PID=590) to work on /home/airflow/.local/lib/python3.12/site-packages/airflow/example_dags/example_xcomargs.py
[2024-04-25T23:40:58.955+0000] {processor.py:830} INFO - Processing file /home/airflow/.local/lib/python3.12/site-packages/airflow/example_dags/example_xcomargs.py for tasks to queue
[2024-04-25T23:40:58.957+0000] {logging_mixin.py:188} INFO - [2024-04-25T23:40:58.957+0000] {dagbag.py:540} INFO - Filling up the DagBag from /home/airflow/.local/lib/python3.12/site-packages/airflow/example_dags/example_xcomargs.py
[2024-04-25T23:40:58.964+0000] {processor.py:840} INFO - DAG(s) 'example_xcom_args_with_operators', 'example_xcom_args' retrieved from /home/airflow/.local/lib/python3.12/site-packages/airflow/example_dags/example_xcomargs.py
[2024-04-25T23:40:58.986+0000] {logging_mixin.py:188} INFO - [2024-04-25T23:40:58.986+0000] {dag.py:3096} INFO - Sync 2 DAGs
[2024-04-25T23:40:58.997+0000] {logging_mixin.py:188} INFO - [2024-04-25T23:40:58.997+0000] {dag.py:3954} INFO - Setting next_dagrun for example_xcom_args to None, run_after=None
[2024-04-25T23:40:59.001+0000] {logging_mixin.py:188} INFO - [2024-04-25T23:40:59.001+0000] {dag.py:3954} INFO - Setting next_dagrun for example_xcom_args_with_operators to None, run_after=None
[2024-04-25T23:40:59.016+0000] {processor.py:183} INFO - Processing /home/airflow/.local/lib/python3.12/site-packages/airflow/example_dags/example_xcomargs.py took 0.066 seconds
[2024-04-25T23:41:29.762+0000] {processor.py:161} INFO - Started process (PID=649) to work on /home/airflow/.local/lib/python3.12/site-packages/airflow/example_dags/example_xcomargs.py
[2024-04-25T23:41:29.763+0000] {processor.py:830} INFO - Processing file /home/airflow/.local/lib/python3.12/site-packages/airflow/example_dags/example_xcomargs.py for tasks to queue
[2024-04-25T23:41:29.766+0000] {logging_mixin.py:188} INFO - [2024-04-25T23:41:29.765+0000] {dagbag.py:540} INFO - Filling up the DagBag from /home/airflow/.local/lib/python3.12/site-packages/airflow/example_dags/example_xcomargs.py
[2024-04-25T23:41:29.773+0000] {processor.py:840} INFO - DAG(s) 'example_xcom_args', 'example_xcom_args_with_operators' retrieved from /home/airflow/.local/lib/python3.12/site-packages/airflow/example_dags/example_xcomargs.py
[2024-04-25T23:41:29.793+0000] {logging_mixin.py:188} INFO - [2024-04-25T23:41:29.793+0000] {dag.py:3096} INFO - Sync 2 DAGs
[2024-04-25T23:41:29.804+0000] {logging_mixin.py:188} INFO - [2024-04-25T23:41:29.804+0000] {dag.py:3954} INFO - Setting next_dagrun for example_xcom_args to None, run_after=None
[2024-04-25T23:41:29.808+0000] {logging_mixin.py:188} INFO - [2024-04-25T23:41:29.808+0000] {dag.py:3954} INFO - Setting next_dagrun for example_xcom_args_with_operators to None, run_after=None
[2024-04-25T23:41:29.829+0000] {processor.py:183} INFO - Processing /home/airflow/.local/lib/python3.12/site-packages/airflow/example_dags/example_xcomargs.py took 0.072 seconds
[2024-04-25T23:42:00.176+0000] {processor.py:161} INFO - Started process (PID=708) to work on /home/airflow/.local/lib/python3.12/site-packages/airflow/example_dags/example_xcomargs.py
[2024-04-25T23:42:00.177+0000] {processor.py:830} INFO - Processing file /home/airflow/.local/lib/python3.12/site-packages/airflow/example_dags/example_xcomargs.py for tasks to queue
[2024-04-25T23:42:00.179+0000] {logging_mixin.py:188} INFO - [2024-04-25T23:42:00.179+0000] {dagbag.py:540} INFO - Filling up the DagBag from /home/airflow/.local/lib/python3.12/site-packages/airflow/example_dags/example_xcomargs.py
[2024-04-25T23:42:00.186+0000] {processor.py:840} INFO - DAG(s) 'example_xcom_args_with_operators', 'example_xcom_args' retrieved from /home/airflow/.local/lib/python3.12/site-packages/airflow/example_dags/example_xcomargs.py
[2024-04-25T23:42:00.208+0000] {logging_mixin.py:188} INFO - [2024-04-25T23:42:00.207+0000] {dag.py:3096} INFO - Sync 2 DAGs
[2024-04-25T23:42:00.219+0000] {logging_mixin.py:188} INFO - [2024-04-25T23:42:00.219+0000] {dag.py:3954} INFO - Setting next_dagrun for example_xcom_args to None, run_after=None
[2024-04-25T23:42:00.224+0000] {logging_mixin.py:188} INFO - [2024-04-25T23:42:00.223+0000] {dag.py:3954} INFO - Setting next_dagrun for example_xcom_args_with_operators to None, run_after=None
[2024-04-25T23:42:00.243+0000] {processor.py:183} INFO - Processing /home/airflow/.local/lib/python3.12/site-packages/airflow/example_dags/example_xcomargs.py took 0.071 seconds
[2024-04-25T23:42:30.426+0000] {processor.py:161} INFO - Started process (PID=768) to work on /home/airflow/.local/lib/python3.12/site-packages/airflow/example_dags/example_xcomargs.py
[2024-04-25T23:42:30.427+0000] {processor.py:830} INFO - Processing file /home/airflow/.local/lib/python3.12/site-packages/airflow/example_dags/example_xcomargs.py for tasks to queue
[2024-04-25T23:42:30.429+0000] {logging_mixin.py:188} INFO - [2024-04-25T23:42:30.428+0000] {dagbag.py:540} INFO - Filling up the DagBag from /home/airflow/.local/lib/python3.12/site-packages/airflow/example_dags/example_xcomargs.py
[2024-04-25T23:42:30.436+0000] {processor.py:840} INFO - DAG(s) 'example_xcom_args_with_operators', 'example_xcom_args' retrieved from /home/airflow/.local/lib/python3.12/site-packages/airflow/example_dags/example_xcomargs.py
[2024-04-25T23:42:30.454+0000] {logging_mixin.py:188} INFO - [2024-04-25T23:42:30.454+0000] {dag.py:3096} INFO - Sync 2 DAGs
[2024-04-25T23:42:30.464+0000] {logging_mixin.py:188} INFO - [2024-04-25T23:42:30.464+0000] {dag.py:3954} INFO - Setting next_dagrun for example_xcom_args to None, run_after=None
[2024-04-25T23:42:30.468+0000] {logging_mixin.py:188} INFO - [2024-04-25T23:42:30.468+0000] {dag.py:3954} INFO - Setting next_dagrun for example_xcom_args_with_operators to None, run_after=None
[2024-04-25T23:42:30.483+0000] {processor.py:183} INFO - Processing /home/airflow/.local/lib/python3.12/site-packages/airflow/example_dags/example_xcomargs.py took 0.061 seconds
[2024-04-25T23:43:00.990+0000] {processor.py:161} INFO - Started process (PID=827) to work on /home/airflow/.local/lib/python3.12/site-packages/airflow/example_dags/example_xcomargs.py
[2024-04-25T23:43:00.992+0000] {processor.py:830} INFO - Processing file /home/airflow/.local/lib/python3.12/site-packages/airflow/example_dags/example_xcomargs.py for tasks to queue
[2024-04-25T23:43:00.994+0000] {logging_mixin.py:188} INFO - [2024-04-25T23:43:00.994+0000] {dagbag.py:540} INFO - Filling up the DagBag from /home/airflow/.local/lib/python3.12/site-packages/airflow/example_dags/example_xcomargs.py
[2024-04-25T23:43:01.002+0000] {processor.py:840} INFO - DAG(s) 'example_xcom_args_with_operators', 'example_xcom_args' retrieved from /home/airflow/.local/lib/python3.12/site-packages/airflow/example_dags/example_xcomargs.py
[2024-04-25T23:43:01.023+0000] {logging_mixin.py:188} INFO - [2024-04-25T23:43:01.023+0000] {dag.py:3096} INFO - Sync 2 DAGs
[2024-04-25T23:43:01.037+0000] {logging_mixin.py:188} INFO - [2024-04-25T23:43:01.037+0000] {dag.py:3954} INFO - Setting next_dagrun for example_xcom_args to None, run_after=None
[2024-04-25T23:43:01.046+0000] {logging_mixin.py:188} INFO - [2024-04-25T23:43:01.046+0000] {dag.py:3954} INFO - Setting next_dagrun for example_xcom_args_with_operators to None, run_after=None
[2024-04-25T23:43:01.063+0000] {processor.py:183} INFO - Processing /home/airflow/.local/lib/python3.12/site-packages/airflow/example_dags/example_xcomargs.py took 0.077 seconds
[2024-04-25T23:43:31.865+0000] {processor.py:161} INFO - Started process (PID=886) to work on /home/airflow/.local/lib/python3.12/site-packages/airflow/example_dags/example_xcomargs.py
[2024-04-25T23:43:31.866+0000] {processor.py:830} INFO - Processing file /home/airflow/.local/lib/python3.12/site-packages/airflow/example_dags/example_xcomargs.py for tasks to queue
[2024-04-25T23:43:31.868+0000] {logging_mixin.py:188} INFO - [2024-04-25T23:43:31.868+0000] {dagbag.py:540} INFO - Filling up the DagBag from /home/airflow/.local/lib/python3.12/site-packages/airflow/example_dags/example_xcomargs.py
[2024-04-25T23:43:31.878+0000] {processor.py:840} INFO - DAG(s) 'example_xcom_args', 'example_xcom_args_with_operators' retrieved from /home/airflow/.local/lib/python3.12/site-packages/airflow/example_dags/example_xcomargs.py
[2024-04-25T23:43:31.914+0000] {logging_mixin.py:188} INFO - [2024-04-25T23:43:31.913+0000] {dag.py:3096} INFO - Sync 2 DAGs
[2024-04-25T23:43:31.932+0000] {logging_mixin.py:188} INFO - [2024-04-25T23:43:31.932+0000] {dag.py:3954} INFO - Setting next_dagrun for example_xcom_args to None, run_after=None
[2024-04-25T23:43:31.938+0000] {logging_mixin.py:188} INFO - [2024-04-25T23:43:31.938+0000] {dag.py:3954} INFO - Setting next_dagrun for example_xcom_args_with_operators to None, run_after=None
[2024-04-25T23:43:31.963+0000] {processor.py:183} INFO - Processing /home/airflow/.local/lib/python3.12/site-packages/airflow/example_dags/example_xcomargs.py took 0.105 seconds
[2024-04-25T23:44:02.155+0000] {processor.py:161} INFO - Started process (PID=945) to work on /home/airflow/.local/lib/python3.12/site-packages/airflow/example_dags/example_xcomargs.py
[2024-04-25T23:44:02.156+0000] {processor.py:830} INFO - Processing file /home/airflow/.local/lib/python3.12/site-packages/airflow/example_dags/example_xcomargs.py for tasks to queue
[2024-04-25T23:44:02.157+0000] {logging_mixin.py:188} INFO - [2024-04-25T23:44:02.157+0000] {dagbag.py:540} INFO - Filling up the DagBag from /home/airflow/.local/lib/python3.12/site-packages/airflow/example_dags/example_xcomargs.py
[2024-04-25T23:44:02.165+0000] {processor.py:840} INFO - DAG(s) 'example_xcom_args', 'example_xcom_args_with_operators' retrieved from /home/airflow/.local/lib/python3.12/site-packages/airflow/example_dags/example_xcomargs.py
[2024-04-25T23:44:02.185+0000] {logging_mixin.py:188} INFO - [2024-04-25T23:44:02.184+0000] {dag.py:3096} INFO - Sync 2 DAGs
[2024-04-25T23:44:02.196+0000] {logging_mixin.py:188} INFO - [2024-04-25T23:44:02.196+0000] {dag.py:3954} INFO - Setting next_dagrun for example_xcom_args to None, run_after=None
[2024-04-25T23:44:02.200+0000] {logging_mixin.py:188} INFO - [2024-04-25T23:44:02.200+0000] {dag.py:3954} INFO - Setting next_dagrun for example_xcom_args_with_operators to None, run_after=None
[2024-04-25T23:44:02.217+0000] {processor.py:183} INFO - Processing /home/airflow/.local/lib/python3.12/site-packages/airflow/example_dags/example_xcomargs.py took 0.069 seconds
[2024-04-25T23:44:32.867+0000] {processor.py:161} INFO - Started process (PID=1004) to work on /home/airflow/.local/lib/python3.12/site-packages/airflow/example_dags/example_xcomargs.py
[2024-04-25T23:44:32.869+0000] {processor.py:830} INFO - Processing file /home/airflow/.local/lib/python3.12/site-packages/airflow/example_dags/example_xcomargs.py for tasks to queue
[2024-04-25T23:44:32.870+0000] {logging_mixin.py:188} INFO - [2024-04-25T23:44:32.870+0000] {dagbag.py:540} INFO - Filling up the DagBag from /home/airflow/.local/lib/python3.12/site-packages/airflow/example_dags/example_xcomargs.py
[2024-04-25T23:44:32.877+0000] {processor.py:840} INFO - DAG(s) 'example_xcom_args_with_operators', 'example_xcom_args' retrieved from /home/airflow/.local/lib/python3.12/site-packages/airflow/example_dags/example_xcomargs.py
[2024-04-25T23:44:32.903+0000] {logging_mixin.py:188} INFO - [2024-04-25T23:44:32.903+0000] {dag.py:3096} INFO - Sync 2 DAGs
[2024-04-25T23:44:32.918+0000] {logging_mixin.py:188} INFO - [2024-04-25T23:44:32.918+0000] {dag.py:3954} INFO - Setting next_dagrun for example_xcom_args to None, run_after=None
[2024-04-25T23:44:32.922+0000] {logging_mixin.py:188} INFO - [2024-04-25T23:44:32.922+0000] {dag.py:3954} INFO - Setting next_dagrun for example_xcom_args_with_operators to None, run_after=None
[2024-04-25T23:44:32.940+0000] {processor.py:183} INFO - Processing /home/airflow/.local/lib/python3.12/site-packages/airflow/example_dags/example_xcomargs.py took 0.080 seconds
[2024-04-25T23:45:03.755+0000] {processor.py:161} INFO - Started process (PID=1063) to work on /home/airflow/.local/lib/python3.12/site-packages/airflow/example_dags/example_xcomargs.py
[2024-04-25T23:45:03.756+0000] {processor.py:830} INFO - Processing file /home/airflow/.local/lib/python3.12/site-packages/airflow/example_dags/example_xcomargs.py for tasks to queue
[2024-04-25T23:45:03.757+0000] {logging_mixin.py:188} INFO - [2024-04-25T23:45:03.757+0000] {dagbag.py:540} INFO - Filling up the DagBag from /home/airflow/.local/lib/python3.12/site-packages/airflow/example_dags/example_xcomargs.py
[2024-04-25T23:45:03.769+0000] {processor.py:840} INFO - DAG(s) 'example_xcom_args', 'example_xcom_args_with_operators' retrieved from /home/airflow/.local/lib/python3.12/site-packages/airflow/example_dags/example_xcomargs.py
[2024-04-25T23:45:03.790+0000] {logging_mixin.py:188} INFO - [2024-04-25T23:45:03.790+0000] {dag.py:3096} INFO - Sync 2 DAGs
[2024-04-25T23:45:03.803+0000] {logging_mixin.py:188} INFO - [2024-04-25T23:45:03.803+0000] {dag.py:3954} INFO - Setting next_dagrun for example_xcom_args to None, run_after=None
[2024-04-25T23:45:03.806+0000] {logging_mixin.py:188} INFO - [2024-04-25T23:45:03.806+0000] {dag.py:3954} INFO - Setting next_dagrun for example_xcom_args_with_operators to None, run_after=None
[2024-04-25T23:45:03.842+0000] {processor.py:183} INFO - Processing /home/airflow/.local/lib/python3.12/site-packages/airflow/example_dags/example_xcomargs.py took 0.092 seconds
[2024-04-25T23:45:34.433+0000] {processor.py:161} INFO - Started process (PID=1128) to work on /home/airflow/.local/lib/python3.12/site-packages/airflow/example_dags/example_xcomargs.py
[2024-04-25T23:45:34.434+0000] {processor.py:830} INFO - Processing file /home/airflow/.local/lib/python3.12/site-packages/airflow/example_dags/example_xcomargs.py for tasks to queue
[2024-04-25T23:45:34.436+0000] {logging_mixin.py:188} INFO - [2024-04-25T23:45:34.435+0000] {dagbag.py:540} INFO - Filling up the DagBag from /home/airflow/.local/lib/python3.12/site-packages/airflow/example_dags/example_xcomargs.py
[2024-04-25T23:45:34.442+0000] {processor.py:840} INFO - DAG(s) 'example_xcom_args', 'example_xcom_args_with_operators' retrieved from /home/airflow/.local/lib/python3.12/site-packages/airflow/example_dags/example_xcomargs.py
[2024-04-25T23:45:34.461+0000] {logging_mixin.py:188} INFO - [2024-04-25T23:45:34.461+0000] {dag.py:3096} INFO - Sync 2 DAGs
[2024-04-25T23:45:34.471+0000] {logging_mixin.py:188} INFO - [2024-04-25T23:45:34.471+0000] {dag.py:3954} INFO - Setting next_dagrun for example_xcom_args to None, run_after=None
[2024-04-25T23:45:34.474+0000] {logging_mixin.py:188} INFO - [2024-04-25T23:45:34.474+0000] {dag.py:3954} INFO - Setting next_dagrun for example_xcom_args_with_operators to None, run_after=None
[2024-04-25T23:45:34.488+0000] {processor.py:183} INFO - Processing /home/airflow/.local/lib/python3.12/site-packages/airflow/example_dags/example_xcomargs.py took 0.060 seconds
[2024-04-25T23:46:05.044+0000] {processor.py:161} INFO - Started process (PID=1187) to work on /home/airflow/.local/lib/python3.12/site-packages/airflow/example_dags/example_xcomargs.py
[2024-04-25T23:46:05.046+0000] {processor.py:830} INFO - Processing file /home/airflow/.local/lib/python3.12/site-packages/airflow/example_dags/example_xcomargs.py for tasks to queue
[2024-04-25T23:46:05.049+0000] {logging_mixin.py:188} INFO - [2024-04-25T23:46:05.048+0000] {dagbag.py:540} INFO - Filling up the DagBag from /home/airflow/.local/lib/python3.12/site-packages/airflow/example_dags/example_xcomargs.py
[2024-04-25T23:46:05.061+0000] {processor.py:840} INFO - DAG(s) 'example_xcom_args_with_operators', 'example_xcom_args' retrieved from /home/airflow/.local/lib/python3.12/site-packages/airflow/example_dags/example_xcomargs.py
[2024-04-25T23:46:05.082+0000] {logging_mixin.py:188} INFO - [2024-04-25T23:46:05.082+0000] {dag.py:3096} INFO - Sync 2 DAGs
[2024-04-25T23:46:05.216+0000] {logging_mixin.py:188} INFO - [2024-04-25T23:46:05.216+0000] {dag.py:3954} INFO - Setting next_dagrun for example_xcom_args to None, run_after=None
[2024-04-25T23:46:05.219+0000] {logging_mixin.py:188} INFO - [2024-04-25T23:46:05.219+0000] {dag.py:3954} INFO - Setting next_dagrun for example_xcom_args_with_operators to None, run_after=None
[2024-04-25T23:46:05.234+0000] {processor.py:183} INFO - Processing /home/airflow/.local/lib/python3.12/site-packages/airflow/example_dags/example_xcomargs.py took 0.195 seconds
[2024-04-25T23:46:35.992+0000] {processor.py:161} INFO - Started process (PID=1246) to work on /home/airflow/.local/lib/python3.12/site-packages/airflow/example_dags/example_xcomargs.py
[2024-04-25T23:46:35.994+0000] {processor.py:830} INFO - Processing file /home/airflow/.local/lib/python3.12/site-packages/airflow/example_dags/example_xcomargs.py for tasks to queue
[2024-04-25T23:46:35.996+0000] {logging_mixin.py:188} INFO - [2024-04-25T23:46:35.995+0000] {dagbag.py:540} INFO - Filling up the DagBag from /home/airflow/.local/lib/python3.12/site-packages/airflow/example_dags/example_xcomargs.py
[2024-04-25T23:46:36.003+0000] {processor.py:840} INFO - DAG(s) 'example_xcom_args_with_operators', 'example_xcom_args' retrieved from /home/airflow/.local/lib/python3.12/site-packages/airflow/example_dags/example_xcomargs.py
[2024-04-25T23:46:36.035+0000] {logging_mixin.py:188} INFO - [2024-04-25T23:46:36.035+0000] {dag.py:3096} INFO - Sync 2 DAGs
[2024-04-25T23:46:36.052+0000] {logging_mixin.py:188} INFO - [2024-04-25T23:46:36.052+0000] {dag.py:3954} INFO - Setting next_dagrun for example_xcom_args to None, run_after=None
[2024-04-25T23:46:36.055+0000] {logging_mixin.py:188} INFO - [2024-04-25T23:46:36.055+0000] {dag.py:3954} INFO - Setting next_dagrun for example_xcom_args_with_operators to None, run_after=None
[2024-04-25T23:46:36.070+0000] {processor.py:183} INFO - Processing /home/airflow/.local/lib/python3.12/site-packages/airflow/example_dags/example_xcomargs.py took 0.083 seconds
[2024-04-25T23:47:06.507+0000] {processor.py:161} INFO - Started process (PID=1304) to work on /home/airflow/.local/lib/python3.12/site-packages/airflow/example_dags/example_xcomargs.py
[2024-04-25T23:47:06.508+0000] {processor.py:830} INFO - Processing file /home/airflow/.local/lib/python3.12/site-packages/airflow/example_dags/example_xcomargs.py for tasks to queue
[2024-04-25T23:47:06.513+0000] {logging_mixin.py:188} INFO - [2024-04-25T23:47:06.512+0000] {dagbag.py:540} INFO - Filling up the DagBag from /home/airflow/.local/lib/python3.12/site-packages/airflow/example_dags/example_xcomargs.py
[2024-04-25T23:47:06.520+0000] {processor.py:840} INFO - DAG(s) 'example_xcom_args_with_operators', 'example_xcom_args' retrieved from /home/airflow/.local/lib/python3.12/site-packages/airflow/example_dags/example_xcomargs.py
[2024-04-25T23:47:06.546+0000] {logging_mixin.py:188} INFO - [2024-04-25T23:47:06.546+0000] {dag.py:3096} INFO - Sync 2 DAGs
[2024-04-25T23:47:06.558+0000] {logging_mixin.py:188} INFO - [2024-04-25T23:47:06.558+0000] {dag.py:3954} INFO - Setting next_dagrun for example_xcom_args to None, run_after=None
[2024-04-25T23:47:06.564+0000] {logging_mixin.py:188} INFO - [2024-04-25T23:47:06.564+0000] {dag.py:3954} INFO - Setting next_dagrun for example_xcom_args_with_operators to None, run_after=None
[2024-04-25T23:47:06.585+0000] {processor.py:183} INFO - Processing /home/airflow/.local/lib/python3.12/site-packages/airflow/example_dags/example_xcomargs.py took 0.086 seconds
[2024-04-25T23:47:36.728+0000] {processor.py:161} INFO - Started process (PID=1363) to work on /home/airflow/.local/lib/python3.12/site-packages/airflow/example_dags/example_xcomargs.py
[2024-04-25T23:47:36.729+0000] {processor.py:830} INFO - Processing file /home/airflow/.local/lib/python3.12/site-packages/airflow/example_dags/example_xcomargs.py for tasks to queue
[2024-04-25T23:47:36.731+0000] {logging_mixin.py:188} INFO - [2024-04-25T23:47:36.730+0000] {dagbag.py:540} INFO - Filling up the DagBag from /home/airflow/.local/lib/python3.12/site-packages/airflow/example_dags/example_xcomargs.py
[2024-04-25T23:47:36.738+0000] {processor.py:840} INFO - DAG(s) 'example_xcom_args', 'example_xcom_args_with_operators' retrieved from /home/airflow/.local/lib/python3.12/site-packages/airflow/example_dags/example_xcomargs.py
[2024-04-25T23:47:36.763+0000] {logging_mixin.py:188} INFO - [2024-04-25T23:47:36.762+0000] {dag.py:3096} INFO - Sync 2 DAGs
[2024-04-25T23:47:36.775+0000] {logging_mixin.py:188} INFO - [2024-04-25T23:47:36.775+0000] {dag.py:3954} INFO - Setting next_dagrun for example_xcom_args to None, run_after=None
[2024-04-25T23:47:36.779+0000] {logging_mixin.py:188} INFO - [2024-04-25T23:47:36.779+0000] {dag.py:3954} INFO - Setting next_dagrun for example_xcom_args_with_operators to None, run_after=None
[2024-04-25T23:47:36.799+0000] {processor.py:183} INFO - Processing /home/airflow/.local/lib/python3.12/site-packages/airflow/example_dags/example_xcomargs.py took 0.077 seconds
[2024-04-25T23:48:07.068+0000] {processor.py:161} INFO - Started process (PID=1422) to work on /home/airflow/.local/lib/python3.12/site-packages/airflow/example_dags/example_xcomargs.py
[2024-04-25T23:48:07.069+0000] {processor.py:830} INFO - Processing file /home/airflow/.local/lib/python3.12/site-packages/airflow/example_dags/example_xcomargs.py for tasks to queue
[2024-04-25T23:48:07.071+0000] {logging_mixin.py:188} INFO - [2024-04-25T23:48:07.070+0000] {dagbag.py:540} INFO - Filling up the DagBag from /home/airflow/.local/lib/python3.12/site-packages/airflow/example_dags/example_xcomargs.py
[2024-04-25T23:48:07.077+0000] {processor.py:840} INFO - DAG(s) 'example_xcom_args', 'example_xcom_args_with_operators' retrieved from /home/airflow/.local/lib/python3.12/site-packages/airflow/example_dags/example_xcomargs.py
[2024-04-25T23:48:07.097+0000] {logging_mixin.py:188} INFO - [2024-04-25T23:48:07.097+0000] {dag.py:3096} INFO - Sync 2 DAGs
[2024-04-25T23:48:07.108+0000] {logging_mixin.py:188} INFO - [2024-04-25T23:48:07.108+0000] {dag.py:3954} INFO - Setting next_dagrun for example_xcom_args to None, run_after=None
[2024-04-25T23:48:07.112+0000] {logging_mixin.py:188} INFO - [2024-04-25T23:48:07.112+0000] {dag.py:3954} INFO - Setting next_dagrun for example_xcom_args_with_operators to None, run_after=None
[2024-04-25T23:48:07.130+0000] {processor.py:183} INFO - Processing /home/airflow/.local/lib/python3.12/site-packages/airflow/example_dags/example_xcomargs.py took 0.067 seconds
[2024-04-25T23:48:37.723+0000] {processor.py:161} INFO - Started process (PID=1482) to work on /home/airflow/.local/lib/python3.12/site-packages/airflow/example_dags/example_xcomargs.py
[2024-04-25T23:48:37.724+0000] {processor.py:830} INFO - Processing file /home/airflow/.local/lib/python3.12/site-packages/airflow/example_dags/example_xcomargs.py for tasks to queue
[2024-04-25T23:48:37.726+0000] {logging_mixin.py:188} INFO - [2024-04-25T23:48:37.726+0000] {dagbag.py:540} INFO - Filling up the DagBag from /home/airflow/.local/lib/python3.12/site-packages/airflow/example_dags/example_xcomargs.py
[2024-04-25T23:48:37.740+0000] {processor.py:840} INFO - DAG(s) 'example_xcom_args', 'example_xcom_args_with_operators' retrieved from /home/airflow/.local/lib/python3.12/site-packages/airflow/example_dags/example_xcomargs.py
[2024-04-25T23:48:37.780+0000] {logging_mixin.py:188} INFO - [2024-04-25T23:48:37.780+0000] {dag.py:3096} INFO - Sync 2 DAGs
[2024-04-25T23:48:37.791+0000] {logging_mixin.py:188} INFO - [2024-04-25T23:48:37.791+0000] {dag.py:3954} INFO - Setting next_dagrun for example_xcom_args to None, run_after=None
[2024-04-25T23:48:37.795+0000] {logging_mixin.py:188} INFO - [2024-04-25T23:48:37.795+0000] {dag.py:3954} INFO - Setting next_dagrun for example_xcom_args_with_operators to None, run_after=None
[2024-04-25T23:48:37.810+0000] {processor.py:183} INFO - Processing /home/airflow/.local/lib/python3.12/site-packages/airflow/example_dags/example_xcomargs.py took 0.096 seconds
[2024-04-25T23:49:08.733+0000] {processor.py:161} INFO - Started process (PID=1541) to work on /home/airflow/.local/lib/python3.12/site-packages/airflow/example_dags/example_xcomargs.py
[2024-04-25T23:49:08.734+0000] {processor.py:830} INFO - Processing file /home/airflow/.local/lib/python3.12/site-packages/airflow/example_dags/example_xcomargs.py for tasks to queue
[2024-04-25T23:49:08.736+0000] {logging_mixin.py:188} INFO - [2024-04-25T23:49:08.736+0000] {dagbag.py:540} INFO - Filling up the DagBag from /home/airflow/.local/lib/python3.12/site-packages/airflow/example_dags/example_xcomargs.py
[2024-04-25T23:49:08.743+0000] {processor.py:840} INFO - DAG(s) 'example_xcom_args_with_operators', 'example_xcom_args' retrieved from /home/airflow/.local/lib/python3.12/site-packages/airflow/example_dags/example_xcomargs.py
[2024-04-25T23:49:08.766+0000] {logging_mixin.py:188} INFO - [2024-04-25T23:49:08.765+0000] {dag.py:3096} INFO - Sync 2 DAGs
[2024-04-25T23:49:08.778+0000] {logging_mixin.py:188} INFO - [2024-04-25T23:49:08.778+0000] {dag.py:3954} INFO - Setting next_dagrun for example_xcom_args to None, run_after=None
[2024-04-25T23:49:08.781+0000] {logging_mixin.py:188} INFO - [2024-04-25T23:49:08.781+0000] {dag.py:3954} INFO - Setting next_dagrun for example_xcom_args_with_operators to None, run_after=None
[2024-04-25T23:49:08.800+0000] {processor.py:183} INFO - Processing /home/airflow/.local/lib/python3.12/site-packages/airflow/example_dags/example_xcomargs.py took 0.071 seconds
[2024-04-25T23:49:39.257+0000] {processor.py:161} INFO - Started process (PID=1600) to work on /home/airflow/.local/lib/python3.12/site-packages/airflow/example_dags/example_xcomargs.py
[2024-04-25T23:49:39.258+0000] {processor.py:830} INFO - Processing file /home/airflow/.local/lib/python3.12/site-packages/airflow/example_dags/example_xcomargs.py for tasks to queue
[2024-04-25T23:49:39.260+0000] {logging_mixin.py:188} INFO - [2024-04-25T23:49:39.260+0000] {dagbag.py:540} INFO - Filling up the DagBag from /home/airflow/.local/lib/python3.12/site-packages/airflow/example_dags/example_xcomargs.py
[2024-04-25T23:49:39.267+0000] {processor.py:840} INFO - DAG(s) 'example_xcom_args', 'example_xcom_args_with_operators' retrieved from /home/airflow/.local/lib/python3.12/site-packages/airflow/example_dags/example_xcomargs.py
[2024-04-25T23:49:39.292+0000] {logging_mixin.py:188} INFO - [2024-04-25T23:49:39.292+0000] {dag.py:3096} INFO - Sync 2 DAGs
[2024-04-25T23:49:39.305+0000] {logging_mixin.py:188} INFO - [2024-04-25T23:49:39.304+0000] {dag.py:3954} INFO - Setting next_dagrun for example_xcom_args to None, run_after=None
[2024-04-25T23:49:39.309+0000] {logging_mixin.py:188} INFO - [2024-04-25T23:49:39.309+0000] {dag.py:3954} INFO - Setting next_dagrun for example_xcom_args_with_operators to None, run_after=None
[2024-04-25T23:49:39.332+0000] {processor.py:183} INFO - Processing /home/airflow/.local/lib/python3.12/site-packages/airflow/example_dags/example_xcomargs.py took 0.081 seconds
[2024-04-25T23:50:09.773+0000] {processor.py:161} INFO - Started process (PID=1659) to work on /home/airflow/.local/lib/python3.12/site-packages/airflow/example_dags/example_xcomargs.py
[2024-04-25T23:50:09.774+0000] {processor.py:830} INFO - Processing file /home/airflow/.local/lib/python3.12/site-packages/airflow/example_dags/example_xcomargs.py for tasks to queue
[2024-04-25T23:50:09.776+0000] {logging_mixin.py:188} INFO - [2024-04-25T23:50:09.775+0000] {dagbag.py:540} INFO - Filling up the DagBag from /home/airflow/.local/lib/python3.12/site-packages/airflow/example_dags/example_xcomargs.py
[2024-04-25T23:50:09.783+0000] {processor.py:840} INFO - DAG(s) 'example_xcom_args', 'example_xcom_args_with_operators' retrieved from /home/airflow/.local/lib/python3.12/site-packages/airflow/example_dags/example_xcomargs.py
[2024-04-25T23:50:09.803+0000] {logging_mixin.py:188} INFO - [2024-04-25T23:50:09.803+0000] {dag.py:3096} INFO - Sync 2 DAGs
[2024-04-25T23:50:09.814+0000] {logging_mixin.py:188} INFO - [2024-04-25T23:50:09.814+0000] {dag.py:3954} INFO - Setting next_dagrun for example_xcom_args to None, run_after=None
[2024-04-25T23:50:09.818+0000] {logging_mixin.py:188} INFO - [2024-04-25T23:50:09.818+0000] {dag.py:3954} INFO - Setting next_dagrun for example_xcom_args_with_operators to None, run_after=None
[2024-04-25T23:50:09.834+0000] {processor.py:183} INFO - Processing /home/airflow/.local/lib/python3.12/site-packages/airflow/example_dags/example_xcomargs.py took 0.067 seconds
[2024-04-25T23:50:40.190+0000] {processor.py:161} INFO - Started process (PID=1718) to work on /home/airflow/.local/lib/python3.12/site-packages/airflow/example_dags/example_xcomargs.py
[2024-04-25T23:50:40.191+0000] {processor.py:830} INFO - Processing file /home/airflow/.local/lib/python3.12/site-packages/airflow/example_dags/example_xcomargs.py for tasks to queue
[2024-04-25T23:50:40.193+0000] {logging_mixin.py:188} INFO - [2024-04-25T23:50:40.193+0000] {dagbag.py:540} INFO - Filling up the DagBag from /home/airflow/.local/lib/python3.12/site-packages/airflow/example_dags/example_xcomargs.py
[2024-04-25T23:50:40.200+0000] {processor.py:840} INFO - DAG(s) 'example_xcom_args_with_operators', 'example_xcom_args' retrieved from /home/airflow/.local/lib/python3.12/site-packages/airflow/example_dags/example_xcomargs.py
[2024-04-25T23:50:40.222+0000] {logging_mixin.py:188} INFO - [2024-04-25T23:50:40.221+0000] {dag.py:3096} INFO - Sync 2 DAGs
[2024-04-25T23:50:40.233+0000] {logging_mixin.py:188} INFO - [2024-04-25T23:50:40.233+0000] {dag.py:3954} INFO - Setting next_dagrun for example_xcom_args to None, run_after=None
[2024-04-25T23:50:40.236+0000] {logging_mixin.py:188} INFO - [2024-04-25T23:50:40.236+0000] {dag.py:3954} INFO - Setting next_dagrun for example_xcom_args_with_operators to None, run_after=None
[2024-04-25T23:50:40.252+0000] {processor.py:183} INFO - Processing /home/airflow/.local/lib/python3.12/site-packages/airflow/example_dags/example_xcomargs.py took 0.067 seconds
[2024-04-25T23:51:10.449+0000] {processor.py:161} INFO - Started process (PID=1777) to work on /home/airflow/.local/lib/python3.12/site-packages/airflow/example_dags/example_xcomargs.py
[2024-04-25T23:51:10.450+0000] {processor.py:830} INFO - Processing file /home/airflow/.local/lib/python3.12/site-packages/airflow/example_dags/example_xcomargs.py for tasks to queue
[2024-04-25T23:51:10.452+0000] {logging_mixin.py:188} INFO - [2024-04-25T23:51:10.451+0000] {dagbag.py:540} INFO - Filling up the DagBag from /home/airflow/.local/lib/python3.12/site-packages/airflow/example_dags/example_xcomargs.py
[2024-04-25T23:51:10.458+0000] {processor.py:840} INFO - DAG(s) 'example_xcom_args', 'example_xcom_args_with_operators' retrieved from /home/airflow/.local/lib/python3.12/site-packages/airflow/example_dags/example_xcomargs.py
[2024-04-25T23:51:10.478+0000] {logging_mixin.py:188} INFO - [2024-04-25T23:51:10.478+0000] {dag.py:3096} INFO - Sync 2 DAGs
[2024-04-25T23:51:10.490+0000] {logging_mixin.py:188} INFO - [2024-04-25T23:51:10.489+0000] {dag.py:3954} INFO - Setting next_dagrun for example_xcom_args to None, run_after=None
[2024-04-25T23:51:10.493+0000] {logging_mixin.py:188} INFO - [2024-04-25T23:51:10.493+0000] {dag.py:3954} INFO - Setting next_dagrun for example_xcom_args_with_operators to None, run_after=None
[2024-04-25T23:51:10.511+0000] {processor.py:183} INFO - Processing /home/airflow/.local/lib/python3.12/site-packages/airflow/example_dags/example_xcomargs.py took 0.068 seconds
[2024-04-25T23:51:40.610+0000] {processor.py:161} INFO - Started process (PID=1836) to work on /home/airflow/.local/lib/python3.12/site-packages/airflow/example_dags/example_xcomargs.py
[2024-04-25T23:51:40.611+0000] {processor.py:830} INFO - Processing file /home/airflow/.local/lib/python3.12/site-packages/airflow/example_dags/example_xcomargs.py for tasks to queue
[2024-04-25T23:51:40.614+0000] {logging_mixin.py:188} INFO - [2024-04-25T23:51:40.613+0000] {dagbag.py:540} INFO - Filling up the DagBag from /home/airflow/.local/lib/python3.12/site-packages/airflow/example_dags/example_xcomargs.py
[2024-04-25T23:51:40.621+0000] {processor.py:840} INFO - DAG(s) 'example_xcom_args', 'example_xcom_args_with_operators' retrieved from /home/airflow/.local/lib/python3.12/site-packages/airflow/example_dags/example_xcomargs.py
[2024-04-25T23:51:40.643+0000] {logging_mixin.py:188} INFO - [2024-04-25T23:51:40.643+0000] {dag.py:3096} INFO - Sync 2 DAGs
[2024-04-25T23:51:40.656+0000] {logging_mixin.py:188} INFO - [2024-04-25T23:51:40.656+0000] {dag.py:3954} INFO - Setting next_dagrun for example_xcom_args to None, run_after=None
[2024-04-25T23:51:40.660+0000] {logging_mixin.py:188} INFO - [2024-04-25T23:51:40.660+0000] {dag.py:3954} INFO - Setting next_dagrun for example_xcom_args_with_operators to None, run_after=None
[2024-04-25T23:51:40.700+0000] {processor.py:183} INFO - Processing /home/airflow/.local/lib/python3.12/site-packages/airflow/example_dags/example_xcomargs.py took 0.095 seconds
[2024-04-25T23:52:10.770+0000] {processor.py:161} INFO - Started process (PID=1895) to work on /home/airflow/.local/lib/python3.12/site-packages/airflow/example_dags/example_xcomargs.py
[2024-04-25T23:52:10.771+0000] {processor.py:830} INFO - Processing file /home/airflow/.local/lib/python3.12/site-packages/airflow/example_dags/example_xcomargs.py for tasks to queue
[2024-04-25T23:52:10.772+0000] {logging_mixin.py:188} INFO - [2024-04-25T23:52:10.772+0000] {dagbag.py:540} INFO - Filling up the DagBag from /home/airflow/.local/lib/python3.12/site-packages/airflow/example_dags/example_xcomargs.py
[2024-04-25T23:52:10.779+0000] {processor.py:840} INFO - DAG(s) 'example_xcom_args_with_operators', 'example_xcom_args' retrieved from /home/airflow/.local/lib/python3.12/site-packages/airflow/example_dags/example_xcomargs.py
[2024-04-25T23:52:10.800+0000] {logging_mixin.py:188} INFO - [2024-04-25T23:52:10.799+0000] {dag.py:3096} INFO - Sync 2 DAGs
[2024-04-25T23:52:10.812+0000] {logging_mixin.py:188} INFO - [2024-04-25T23:52:10.812+0000] {dag.py:3954} INFO - Setting next_dagrun for example_xcom_args to None, run_after=None
[2024-04-25T23:52:10.816+0000] {logging_mixin.py:188} INFO - [2024-04-25T23:52:10.816+0000] {dag.py:3954} INFO - Setting next_dagrun for example_xcom_args_with_operators to None, run_after=None
[2024-04-25T23:52:10.837+0000] {processor.py:183} INFO - Processing /home/airflow/.local/lib/python3.12/site-packages/airflow/example_dags/example_xcomargs.py took 0.073 seconds
[2024-04-25T23:52:41.046+0000] {processor.py:161} INFO - Started process (PID=1954) to work on /home/airflow/.local/lib/python3.12/site-packages/airflow/example_dags/example_xcomargs.py
[2024-04-25T23:52:41.047+0000] {processor.py:830} INFO - Processing file /home/airflow/.local/lib/python3.12/site-packages/airflow/example_dags/example_xcomargs.py for tasks to queue
[2024-04-25T23:52:41.049+0000] {logging_mixin.py:188} INFO - [2024-04-25T23:52:41.048+0000] {dagbag.py:540} INFO - Filling up the DagBag from /home/airflow/.local/lib/python3.12/site-packages/airflow/example_dags/example_xcomargs.py
[2024-04-25T23:52:41.056+0000] {processor.py:840} INFO - DAG(s) 'example_xcom_args_with_operators', 'example_xcom_args' retrieved from /home/airflow/.local/lib/python3.12/site-packages/airflow/example_dags/example_xcomargs.py
[2024-04-25T23:52:41.078+0000] {logging_mixin.py:188} INFO - [2024-04-25T23:52:41.078+0000] {dag.py:3096} INFO - Sync 2 DAGs
[2024-04-25T23:52:41.090+0000] {logging_mixin.py:188} INFO - [2024-04-25T23:52:41.090+0000] {dag.py:3954} INFO - Setting next_dagrun for example_xcom_args to None, run_after=None
[2024-04-25T23:52:41.095+0000] {logging_mixin.py:188} INFO - [2024-04-25T23:52:41.094+0000] {dag.py:3954} INFO - Setting next_dagrun for example_xcom_args_with_operators to None, run_after=None
[2024-04-25T23:52:41.110+0000] {processor.py:183} INFO - Processing /home/airflow/.local/lib/python3.12/site-packages/airflow/example_dags/example_xcomargs.py took 0.069 seconds
[2024-04-25T23:53:11.250+0000] {processor.py:161} INFO - Started process (PID=2013) to work on /home/airflow/.local/lib/python3.12/site-packages/airflow/example_dags/example_xcomargs.py
[2024-04-25T23:53:11.252+0000] {processor.py:830} INFO - Processing file /home/airflow/.local/lib/python3.12/site-packages/airflow/example_dags/example_xcomargs.py for tasks to queue
[2024-04-25T23:53:11.254+0000] {logging_mixin.py:188} INFO - [2024-04-25T23:53:11.254+0000] {dagbag.py:540} INFO - Filling up the DagBag from /home/airflow/.local/lib/python3.12/site-packages/airflow/example_dags/example_xcomargs.py
[2024-04-25T23:53:11.262+0000] {processor.py:840} INFO - DAG(s) 'example_xcom_args_with_operators', 'example_xcom_args' retrieved from /home/airflow/.local/lib/python3.12/site-packages/airflow/example_dags/example_xcomargs.py
[2024-04-25T23:53:11.282+0000] {logging_mixin.py:188} INFO - [2024-04-25T23:53:11.282+0000] {dag.py:3096} INFO - Sync 2 DAGs
[2024-04-25T23:53:11.294+0000] {logging_mixin.py:188} INFO - [2024-04-25T23:53:11.294+0000] {dag.py:3954} INFO - Setting next_dagrun for example_xcom_args to None, run_after=None
[2024-04-25T23:53:11.297+0000] {logging_mixin.py:188} INFO - [2024-04-25T23:53:11.297+0000] {dag.py:3954} INFO - Setting next_dagrun for example_xcom_args_with_operators to None, run_after=None
[2024-04-25T23:53:11.313+0000] {processor.py:183} INFO - Processing /home/airflow/.local/lib/python3.12/site-packages/airflow/example_dags/example_xcomargs.py took 0.068 seconds
[2024-04-25T23:53:41.420+0000] {processor.py:161} INFO - Started process (PID=2072) to work on /home/airflow/.local/lib/python3.12/site-packages/airflow/example_dags/example_xcomargs.py
[2024-04-25T23:53:41.421+0000] {processor.py:830} INFO - Processing file /home/airflow/.local/lib/python3.12/site-packages/airflow/example_dags/example_xcomargs.py for tasks to queue
[2024-04-25T23:53:41.422+0000] {logging_mixin.py:188} INFO - [2024-04-25T23:53:41.422+0000] {dagbag.py:540} INFO - Filling up the DagBag from /home/airflow/.local/lib/python3.12/site-packages/airflow/example_dags/example_xcomargs.py
[2024-04-25T23:53:41.431+0000] {processor.py:840} INFO - DAG(s) 'example_xcom_args', 'example_xcom_args_with_operators' retrieved from /home/airflow/.local/lib/python3.12/site-packages/airflow/example_dags/example_xcomargs.py
[2024-04-25T23:53:41.451+0000] {logging_mixin.py:188} INFO - [2024-04-25T23:53:41.451+0000] {dag.py:3096} INFO - Sync 2 DAGs
[2024-04-25T23:53:41.463+0000] {logging_mixin.py:188} INFO - [2024-04-25T23:53:41.463+0000] {dag.py:3954} INFO - Setting next_dagrun for example_xcom_args to None, run_after=None
[2024-04-25T23:53:41.467+0000] {logging_mixin.py:188} INFO - [2024-04-25T23:53:41.466+0000] {dag.py:3954} INFO - Setting next_dagrun for example_xcom_args_with_operators to None, run_after=None
[2024-04-25T23:53:41.482+0000] {processor.py:183} INFO - Processing /home/airflow/.local/lib/python3.12/site-packages/airflow/example_dags/example_xcomargs.py took 0.068 seconds
[2024-04-25T23:54:11.650+0000] {processor.py:161} INFO - Started process (PID=2131) to work on /home/airflow/.local/lib/python3.12/site-packages/airflow/example_dags/example_xcomargs.py
[2024-04-25T23:54:11.651+0000] {processor.py:830} INFO - Processing file /home/airflow/.local/lib/python3.12/site-packages/airflow/example_dags/example_xcomargs.py for tasks to queue
[2024-04-25T23:54:11.653+0000] {logging_mixin.py:188} INFO - [2024-04-25T23:54:11.653+0000] {dagbag.py:540} INFO - Filling up the DagBag from /home/airflow/.local/lib/python3.12/site-packages/airflow/example_dags/example_xcomargs.py
[2024-04-25T23:54:11.661+0000] {processor.py:840} INFO - DAG(s) 'example_xcom_args', 'example_xcom_args_with_operators' retrieved from /home/airflow/.local/lib/python3.12/site-packages/airflow/example_dags/example_xcomargs.py
[2024-04-25T23:54:11.684+0000] {logging_mixin.py:188} INFO - [2024-04-25T23:54:11.684+0000] {dag.py:3096} INFO - Sync 2 DAGs
[2024-04-25T23:54:11.698+0000] {logging_mixin.py:188} INFO - [2024-04-25T23:54:11.698+0000] {dag.py:3954} INFO - Setting next_dagrun for example_xcom_args to None, run_after=None
[2024-04-25T23:54:11.703+0000] {logging_mixin.py:188} INFO - [2024-04-25T23:54:11.703+0000] {dag.py:3954} INFO - Setting next_dagrun for example_xcom_args_with_operators to None, run_after=None
[2024-04-25T23:54:11.722+0000] {processor.py:183} INFO - Processing /home/airflow/.local/lib/python3.12/site-packages/airflow/example_dags/example_xcomargs.py took 0.076 seconds
[2024-04-25T23:54:41.857+0000] {processor.py:161} INFO - Started process (PID=2190) to work on /home/airflow/.local/lib/python3.12/site-packages/airflow/example_dags/example_xcomargs.py
[2024-04-25T23:54:41.858+0000] {processor.py:830} INFO - Processing file /home/airflow/.local/lib/python3.12/site-packages/airflow/example_dags/example_xcomargs.py for tasks to queue
[2024-04-25T23:54:41.860+0000] {logging_mixin.py:188} INFO - [2024-04-25T23:54:41.860+0000] {dagbag.py:540} INFO - Filling up the DagBag from /home/airflow/.local/lib/python3.12/site-packages/airflow/example_dags/example_xcomargs.py
[2024-04-25T23:54:41.867+0000] {processor.py:840} INFO - DAG(s) 'example_xcom_args_with_operators', 'example_xcom_args' retrieved from /home/airflow/.local/lib/python3.12/site-packages/airflow/example_dags/example_xcomargs.py
[2024-04-25T23:54:41.891+0000] {logging_mixin.py:188} INFO - [2024-04-25T23:54:41.890+0000] {dag.py:3096} INFO - Sync 2 DAGs
[2024-04-25T23:54:41.903+0000] {logging_mixin.py:188} INFO - [2024-04-25T23:54:41.902+0000] {dag.py:3954} INFO - Setting next_dagrun for example_xcom_args to None, run_after=None
[2024-04-25T23:54:41.907+0000] {logging_mixin.py:188} INFO - [2024-04-25T23:54:41.906+0000] {dag.py:3954} INFO - Setting next_dagrun for example_xcom_args_with_operators to None, run_after=None
[2024-04-25T23:54:41.924+0000] {processor.py:183} INFO - Processing /home/airflow/.local/lib/python3.12/site-packages/airflow/example_dags/example_xcomargs.py took 0.072 seconds
[2024-04-25T23:55:12.031+0000] {processor.py:161} INFO - Started process (PID=2249) to work on /home/airflow/.local/lib/python3.12/site-packages/airflow/example_dags/example_xcomargs.py
[2024-04-25T23:55:12.032+0000] {processor.py:830} INFO - Processing file /home/airflow/.local/lib/python3.12/site-packages/airflow/example_dags/example_xcomargs.py for tasks to queue
[2024-04-25T23:55:12.034+0000] {logging_mixin.py:188} INFO - [2024-04-25T23:55:12.034+0000] {dagbag.py:540} INFO - Filling up the DagBag from /home/airflow/.local/lib/python3.12/site-packages/airflow/example_dags/example_xcomargs.py
[2024-04-25T23:55:12.041+0000] {processor.py:840} INFO - DAG(s) 'example_xcom_args_with_operators', 'example_xcom_args' retrieved from /home/airflow/.local/lib/python3.12/site-packages/airflow/example_dags/example_xcomargs.py
[2024-04-25T23:55:12.063+0000] {logging_mixin.py:188} INFO - [2024-04-25T23:55:12.062+0000] {dag.py:3096} INFO - Sync 2 DAGs
[2024-04-25T23:55:12.074+0000] {logging_mixin.py:188} INFO - [2024-04-25T23:55:12.074+0000] {dag.py:3954} INFO - Setting next_dagrun for example_xcom_args to None, run_after=None
[2024-04-25T23:55:12.078+0000] {logging_mixin.py:188} INFO - [2024-04-25T23:55:12.078+0000] {dag.py:3954} INFO - Setting next_dagrun for example_xcom_args_with_operators to None, run_after=None
[2024-04-25T23:55:12.096+0000] {processor.py:183} INFO - Processing /home/airflow/.local/lib/python3.12/site-packages/airflow/example_dags/example_xcomargs.py took 0.070 seconds
[2024-04-25T23:55:42.165+0000] {processor.py:161} INFO - Started process (PID=2308) to work on /home/airflow/.local/lib/python3.12/site-packages/airflow/example_dags/example_xcomargs.py
[2024-04-25T23:55:42.167+0000] {processor.py:830} INFO - Processing file /home/airflow/.local/lib/python3.12/site-packages/airflow/example_dags/example_xcomargs.py for tasks to queue
[2024-04-25T23:55:42.170+0000] {logging_mixin.py:188} INFO - [2024-04-25T23:55:42.170+0000] {dagbag.py:540} INFO - Filling up the DagBag from /home/airflow/.local/lib/python3.12/site-packages/airflow/example_dags/example_xcomargs.py
[2024-04-25T23:55:42.178+0000] {processor.py:840} INFO - DAG(s) 'example_xcom_args_with_operators', 'example_xcom_args' retrieved from /home/airflow/.local/lib/python3.12/site-packages/airflow/example_dags/example_xcomargs.py
[2024-04-25T23:55:42.205+0000] {logging_mixin.py:188} INFO - [2024-04-25T23:55:42.205+0000] {dag.py:3096} INFO - Sync 2 DAGs
[2024-04-25T23:55:42.219+0000] {logging_mixin.py:188} INFO - [2024-04-25T23:55:42.218+0000] {dag.py:3954} INFO - Setting next_dagrun for example_xcom_args to None, run_after=None
[2024-04-25T23:55:42.223+0000] {logging_mixin.py:188} INFO - [2024-04-25T23:55:42.223+0000] {dag.py:3954} INFO - Setting next_dagrun for example_xcom_args_with_operators to None, run_after=None
[2024-04-25T23:55:42.245+0000] {processor.py:183} INFO - Processing /home/airflow/.local/lib/python3.12/site-packages/airflow/example_dags/example_xcomargs.py took 0.086 seconds
[2024-04-25T23:56:13.196+0000] {processor.py:161} INFO - Started process (PID=2367) to work on /home/airflow/.local/lib/python3.12/site-packages/airflow/example_dags/example_xcomargs.py
[2024-04-25T23:56:13.197+0000] {processor.py:830} INFO - Processing file /home/airflow/.local/lib/python3.12/site-packages/airflow/example_dags/example_xcomargs.py for tasks to queue
[2024-04-25T23:56:13.199+0000] {logging_mixin.py:188} INFO - [2024-04-25T23:56:13.199+0000] {dagbag.py:540} INFO - Filling up the DagBag from /home/airflow/.local/lib/python3.12/site-packages/airflow/example_dags/example_xcomargs.py
[2024-04-25T23:56:13.206+0000] {processor.py:840} INFO - DAG(s) 'example_xcom_args', 'example_xcom_args_with_operators' retrieved from /home/airflow/.local/lib/python3.12/site-packages/airflow/example_dags/example_xcomargs.py
[2024-04-25T23:56:13.228+0000] {logging_mixin.py:188} INFO - [2024-04-25T23:56:13.228+0000] {dag.py:3096} INFO - Sync 2 DAGs
[2024-04-25T23:56:13.240+0000] {logging_mixin.py:188} INFO - [2024-04-25T23:56:13.240+0000] {dag.py:3954} INFO - Setting next_dagrun for example_xcom_args to None, run_after=None
[2024-04-25T23:56:13.244+0000] {logging_mixin.py:188} INFO - [2024-04-25T23:56:13.243+0000] {dag.py:3954} INFO - Setting next_dagrun for example_xcom_args_with_operators to None, run_after=None
[2024-04-25T23:56:13.263+0000] {processor.py:183} INFO - Processing /home/airflow/.local/lib/python3.12/site-packages/airflow/example_dags/example_xcomargs.py took 0.074 seconds
[2024-04-25T23:56:44.005+0000] {processor.py:161} INFO - Started process (PID=2426) to work on /home/airflow/.local/lib/python3.12/site-packages/airflow/example_dags/example_xcomargs.py
[2024-04-25T23:56:44.006+0000] {processor.py:830} INFO - Processing file /home/airflow/.local/lib/python3.12/site-packages/airflow/example_dags/example_xcomargs.py for tasks to queue
[2024-04-25T23:56:44.008+0000] {logging_mixin.py:188} INFO - [2024-04-25T23:56:44.008+0000] {dagbag.py:540} INFO - Filling up the DagBag from /home/airflow/.local/lib/python3.12/site-packages/airflow/example_dags/example_xcomargs.py
[2024-04-25T23:56:44.019+0000] {processor.py:840} INFO - DAG(s) 'example_xcom_args_with_operators', 'example_xcom_args' retrieved from /home/airflow/.local/lib/python3.12/site-packages/airflow/example_dags/example_xcomargs.py
[2024-04-25T23:56:44.053+0000] {logging_mixin.py:188} INFO - [2024-04-25T23:56:44.052+0000] {dag.py:3096} INFO - Sync 2 DAGs
[2024-04-25T23:56:44.073+0000] {logging_mixin.py:188} INFO - [2024-04-25T23:56:44.073+0000] {dag.py:3954} INFO - Setting next_dagrun for example_xcom_args to None, run_after=None
[2024-04-25T23:56:44.079+0000] {logging_mixin.py:188} INFO - [2024-04-25T23:56:44.079+0000] {dag.py:3954} INFO - Setting next_dagrun for example_xcom_args_with_operators to None, run_after=None
[2024-04-25T23:56:44.104+0000] {processor.py:183} INFO - Processing /home/airflow/.local/lib/python3.12/site-packages/airflow/example_dags/example_xcomargs.py took 0.106 seconds
[2024-04-25T23:57:14.742+0000] {processor.py:161} INFO - Started process (PID=2485) to work on /home/airflow/.local/lib/python3.12/site-packages/airflow/example_dags/example_xcomargs.py
[2024-04-25T23:57:14.744+0000] {processor.py:830} INFO - Processing file /home/airflow/.local/lib/python3.12/site-packages/airflow/example_dags/example_xcomargs.py for tasks to queue
[2024-04-25T23:57:14.746+0000] {logging_mixin.py:188} INFO - [2024-04-25T23:57:14.746+0000] {dagbag.py:540} INFO - Filling up the DagBag from /home/airflow/.local/lib/python3.12/site-packages/airflow/example_dags/example_xcomargs.py
[2024-04-25T23:57:14.753+0000] {processor.py:840} INFO - DAG(s) 'example_xcom_args_with_operators', 'example_xcom_args' retrieved from /home/airflow/.local/lib/python3.12/site-packages/airflow/example_dags/example_xcomargs.py
[2024-04-25T23:57:14.775+0000] {logging_mixin.py:188} INFO - [2024-04-25T23:57:14.774+0000] {dag.py:3096} INFO - Sync 2 DAGs
[2024-04-25T23:57:14.786+0000] {logging_mixin.py:188} INFO - [2024-04-25T23:57:14.786+0000] {dag.py:3954} INFO - Setting next_dagrun for example_xcom_args to None, run_after=None
[2024-04-25T23:57:14.790+0000] {logging_mixin.py:188} INFO - [2024-04-25T23:57:14.790+0000] {dag.py:3954} INFO - Setting next_dagrun for example_xcom_args_with_operators to None, run_after=None
[2024-04-25T23:57:14.807+0000] {processor.py:183} INFO - Processing /home/airflow/.local/lib/python3.12/site-packages/airflow/example_dags/example_xcomargs.py took 0.072 seconds
[2024-04-25T23:57:45.160+0000] {processor.py:161} INFO - Started process (PID=2544) to work on /home/airflow/.local/lib/python3.12/site-packages/airflow/example_dags/example_xcomargs.py
[2024-04-25T23:57:45.161+0000] {processor.py:830} INFO - Processing file /home/airflow/.local/lib/python3.12/site-packages/airflow/example_dags/example_xcomargs.py for tasks to queue
[2024-04-25T23:57:45.163+0000] {logging_mixin.py:188} INFO - [2024-04-25T23:57:45.162+0000] {dagbag.py:540} INFO - Filling up the DagBag from /home/airflow/.local/lib/python3.12/site-packages/airflow/example_dags/example_xcomargs.py
[2024-04-25T23:57:45.171+0000] {processor.py:840} INFO - DAG(s) 'example_xcom_args_with_operators', 'example_xcom_args' retrieved from /home/airflow/.local/lib/python3.12/site-packages/airflow/example_dags/example_xcomargs.py
[2024-04-25T23:57:45.194+0000] {logging_mixin.py:188} INFO - [2024-04-25T23:57:45.194+0000] {dag.py:3096} INFO - Sync 2 DAGs
[2024-04-25T23:57:45.207+0000] {logging_mixin.py:188} INFO - [2024-04-25T23:57:45.207+0000] {dag.py:3954} INFO - Setting next_dagrun for example_xcom_args to None, run_after=None
[2024-04-25T23:57:45.211+0000] {logging_mixin.py:188} INFO - [2024-04-25T23:57:45.211+0000] {dag.py:3954} INFO - Setting next_dagrun for example_xcom_args_with_operators to None, run_after=None
[2024-04-25T23:57:45.228+0000] {processor.py:183} INFO - Processing /home/airflow/.local/lib/python3.12/site-packages/airflow/example_dags/example_xcomargs.py took 0.075 seconds
[2024-04-25T23:58:15.408+0000] {processor.py:161} INFO - Started process (PID=2603) to work on /home/airflow/.local/lib/python3.12/site-packages/airflow/example_dags/example_xcomargs.py
[2024-04-25T23:58:15.409+0000] {processor.py:830} INFO - Processing file /home/airflow/.local/lib/python3.12/site-packages/airflow/example_dags/example_xcomargs.py for tasks to queue
[2024-04-25T23:58:15.411+0000] {logging_mixin.py:188} INFO - [2024-04-25T23:58:15.411+0000] {dagbag.py:540} INFO - Filling up the DagBag from /home/airflow/.local/lib/python3.12/site-packages/airflow/example_dags/example_xcomargs.py
[2024-04-25T23:58:15.418+0000] {processor.py:840} INFO - DAG(s) 'example_xcom_args_with_operators', 'example_xcom_args' retrieved from /home/airflow/.local/lib/python3.12/site-packages/airflow/example_dags/example_xcomargs.py
[2024-04-25T23:58:15.437+0000] {logging_mixin.py:188} INFO - [2024-04-25T23:58:15.437+0000] {dag.py:3096} INFO - Sync 2 DAGs
[2024-04-25T23:58:15.448+0000] {logging_mixin.py:188} INFO - [2024-04-25T23:58:15.447+0000] {dag.py:3954} INFO - Setting next_dagrun for example_xcom_args to None, run_after=None
[2024-04-25T23:58:15.451+0000] {logging_mixin.py:188} INFO - [2024-04-25T23:58:15.451+0000] {dag.py:3954} INFO - Setting next_dagrun for example_xcom_args_with_operators to None, run_after=None
[2024-04-25T23:58:15.465+0000] {processor.py:183} INFO - Processing /home/airflow/.local/lib/python3.12/site-packages/airflow/example_dags/example_xcomargs.py took 0.062 seconds
[2024-04-25T23:58:45.742+0000] {processor.py:161} INFO - Started process (PID=2662) to work on /home/airflow/.local/lib/python3.12/site-packages/airflow/example_dags/example_xcomargs.py
[2024-04-25T23:58:45.743+0000] {processor.py:830} INFO - Processing file /home/airflow/.local/lib/python3.12/site-packages/airflow/example_dags/example_xcomargs.py for tasks to queue
[2024-04-25T23:58:45.744+0000] {logging_mixin.py:188} INFO - [2024-04-25T23:58:45.744+0000] {dagbag.py:540} INFO - Filling up the DagBag from /home/airflow/.local/lib/python3.12/site-packages/airflow/example_dags/example_xcomargs.py
[2024-04-25T23:58:45.752+0000] {processor.py:840} INFO - DAG(s) 'example_xcom_args_with_operators', 'example_xcom_args' retrieved from /home/airflow/.local/lib/python3.12/site-packages/airflow/example_dags/example_xcomargs.py
[2024-04-25T23:58:45.772+0000] {logging_mixin.py:188} INFO - [2024-04-25T23:58:45.772+0000] {dag.py:3096} INFO - Sync 2 DAGs
[2024-04-25T23:58:45.783+0000] {logging_mixin.py:188} INFO - [2024-04-25T23:58:45.783+0000] {dag.py:3954} INFO - Setting next_dagrun for example_xcom_args to None, run_after=None
[2024-04-25T23:58:45.786+0000] {logging_mixin.py:188} INFO - [2024-04-25T23:58:45.786+0000] {dag.py:3954} INFO - Setting next_dagrun for example_xcom_args_with_operators to None, run_after=None
[2024-04-25T23:58:45.814+0000] {processor.py:183} INFO - Processing /home/airflow/.local/lib/python3.12/site-packages/airflow/example_dags/example_xcomargs.py took 0.077 seconds
[2024-04-25T23:59:16.335+0000] {processor.py:161} INFO - Started process (PID=2721) to work on /home/airflow/.local/lib/python3.12/site-packages/airflow/example_dags/example_xcomargs.py
[2024-04-25T23:59:16.337+0000] {processor.py:830} INFO - Processing file /home/airflow/.local/lib/python3.12/site-packages/airflow/example_dags/example_xcomargs.py for tasks to queue
[2024-04-25T23:59:16.340+0000] {logging_mixin.py:188} INFO - [2024-04-25T23:59:16.340+0000] {dagbag.py:540} INFO - Filling up the DagBag from /home/airflow/.local/lib/python3.12/site-packages/airflow/example_dags/example_xcomargs.py
[2024-04-25T23:59:16.349+0000] {processor.py:840} INFO - DAG(s) 'example_xcom_args', 'example_xcom_args_with_operators' retrieved from /home/airflow/.local/lib/python3.12/site-packages/airflow/example_dags/example_xcomargs.py
[2024-04-25T23:59:16.371+0000] {logging_mixin.py:188} INFO - [2024-04-25T23:59:16.370+0000] {dag.py:3096} INFO - Sync 2 DAGs
[2024-04-25T23:59:16.383+0000] {logging_mixin.py:188} INFO - [2024-04-25T23:59:16.383+0000] {dag.py:3954} INFO - Setting next_dagrun for example_xcom_args to None, run_after=None
[2024-04-25T23:59:16.387+0000] {logging_mixin.py:188} INFO - [2024-04-25T23:59:16.387+0000] {dag.py:3954} INFO - Setting next_dagrun for example_xcom_args_with_operators to None, run_after=None
[2024-04-25T23:59:16.404+0000] {processor.py:183} INFO - Processing /home/airflow/.local/lib/python3.12/site-packages/airflow/example_dags/example_xcomargs.py took 0.075 seconds
[2024-04-25T23:59:46.569+0000] {processor.py:161} INFO - Started process (PID=2780) to work on /home/airflow/.local/lib/python3.12/site-packages/airflow/example_dags/example_xcomargs.py
[2024-04-25T23:59:46.570+0000] {processor.py:830} INFO - Processing file /home/airflow/.local/lib/python3.12/site-packages/airflow/example_dags/example_xcomargs.py for tasks to queue
[2024-04-25T23:59:46.573+0000] {logging_mixin.py:188} INFO - [2024-04-25T23:59:46.572+0000] {dagbag.py:540} INFO - Filling up the DagBag from /home/airflow/.local/lib/python3.12/site-packages/airflow/example_dags/example_xcomargs.py
[2024-04-25T23:59:46.580+0000] {processor.py:840} INFO - DAG(s) 'example_xcom_args_with_operators', 'example_xcom_args' retrieved from /home/airflow/.local/lib/python3.12/site-packages/airflow/example_dags/example_xcomargs.py
[2024-04-25T23:59:46.601+0000] {logging_mixin.py:188} INFO - [2024-04-25T23:59:46.601+0000] {dag.py:3096} INFO - Sync 2 DAGs
[2024-04-25T23:59:46.613+0000] {logging_mixin.py:188} INFO - [2024-04-25T23:59:46.612+0000] {dag.py:3954} INFO - Setting next_dagrun for example_xcom_args to None, run_after=None
[2024-04-25T23:59:46.617+0000] {logging_mixin.py:188} INFO - [2024-04-25T23:59:46.616+0000] {dag.py:3954} INFO - Setting next_dagrun for example_xcom_args_with_operators to None, run_after=None
[2024-04-25T23:59:46.642+0000] {processor.py:183} INFO - Processing /home/airflow/.local/lib/python3.12/site-packages/airflow/example_dags/example_xcomargs.py took 0.078 seconds
