[2024-04-25T23:36:20.781+0000] {processor.py:161} INFO - Started process (PID=41) to work on /home/airflow/.local/lib/python3.12/site-packages/airflow/example_dags/example_branch_day_of_week_operator.py
[2024-04-25T23:36:20.785+0000] {processor.py:830} INFO - Processing file /home/airflow/.local/lib/python3.12/site-packages/airflow/example_dags/example_branch_day_of_week_operator.py for tasks to queue
[2024-04-25T23:36:20.798+0000] {logging_mixin.py:188} INFO - [2024-04-25T23:36:20.795+0000] {dagbag.py:540} INFO - Filling up the DagBag from /home/airflow/.local/lib/python3.12/site-packages/airflow/example_dags/example_branch_day_of_week_operator.py
[2024-04-25T23:36:20.859+0000] {processor.py:840} INFO - DAG(s) 'example_weekday_branch_operator' retrieved from /home/airflow/.local/lib/python3.12/site-packages/airflow/example_dags/example_branch_day_of_week_operator.py
[2024-04-25T23:36:20.884+0000] {logging_mixin.py:188} INFO - [2024-04-25T23:36:20.884+0000] {dag.py:3096} INFO - Sync 1 DAGs
[2024-04-25T23:36:20.966+0000] {logging_mixin.py:188} INFO - [2024-04-25T23:36:20.965+0000] {dag.py:3954} INFO - Setting next_dagrun for example_weekday_branch_operator to 2024-04-24 00:00:00+00:00, run_after=2024-04-25 00:00:00+00:00
[2024-04-25T23:36:21.005+0000] {processor.py:183} INFO - Processing /home/airflow/.local/lib/python3.12/site-packages/airflow/example_dags/example_branch_day_of_week_operator.py took 0.253 seconds
[2024-04-25T23:36:51.594+0000] {processor.py:161} INFO - Started process (PID=100) to work on /home/airflow/.local/lib/python3.12/site-packages/airflow/example_dags/example_branch_day_of_week_operator.py
[2024-04-25T23:36:51.596+0000] {processor.py:830} INFO - Processing file /home/airflow/.local/lib/python3.12/site-packages/airflow/example_dags/example_branch_day_of_week_operator.py for tasks to queue
[2024-04-25T23:36:51.598+0000] {logging_mixin.py:188} INFO - [2024-04-25T23:36:51.598+0000] {dagbag.py:540} INFO - Filling up the DagBag from /home/airflow/.local/lib/python3.12/site-packages/airflow/example_dags/example_branch_day_of_week_operator.py
[2024-04-25T23:36:51.606+0000] {processor.py:840} INFO - DAG(s) 'example_weekday_branch_operator' retrieved from /home/airflow/.local/lib/python3.12/site-packages/airflow/example_dags/example_branch_day_of_week_operator.py
[2024-04-25T23:36:51.697+0000] {logging_mixin.py:188} INFO - [2024-04-25T23:36:51.697+0000] {dag.py:3096} INFO - Sync 1 DAGs
[2024-04-25T23:36:51.763+0000] {logging_mixin.py:188} INFO - [2024-04-25T23:36:51.761+0000] {dag.py:3954} INFO - Setting next_dagrun for example_weekday_branch_operator to 2024-04-24 00:00:00+00:00, run_after=2024-04-25 00:00:00+00:00
[2024-04-25T23:36:51.880+0000] {processor.py:183} INFO - Processing /home/airflow/.local/lib/python3.12/site-packages/airflow/example_dags/example_branch_day_of_week_operator.py took 0.291 seconds
[2024-04-25T23:37:22.339+0000] {processor.py:161} INFO - Started process (PID=159) to work on /home/airflow/.local/lib/python3.12/site-packages/airflow/example_dags/example_branch_day_of_week_operator.py
[2024-04-25T23:37:22.340+0000] {processor.py:830} INFO - Processing file /home/airflow/.local/lib/python3.12/site-packages/airflow/example_dags/example_branch_day_of_week_operator.py for tasks to queue
[2024-04-25T23:37:22.342+0000] {logging_mixin.py:188} INFO - [2024-04-25T23:37:22.342+0000] {dagbag.py:540} INFO - Filling up the DagBag from /home/airflow/.local/lib/python3.12/site-packages/airflow/example_dags/example_branch_day_of_week_operator.py
[2024-04-25T23:37:22.348+0000] {processor.py:840} INFO - DAG(s) 'example_weekday_branch_operator' retrieved from /home/airflow/.local/lib/python3.12/site-packages/airflow/example_dags/example_branch_day_of_week_operator.py
[2024-04-25T23:37:22.365+0000] {logging_mixin.py:188} INFO - [2024-04-25T23:37:22.365+0000] {dag.py:3096} INFO - Sync 1 DAGs
[2024-04-25T23:37:22.384+0000] {logging_mixin.py:188} INFO - [2024-04-25T23:37:22.384+0000] {dag.py:3954} INFO - Setting next_dagrun for example_weekday_branch_operator to 2024-04-24 00:00:00+00:00, run_after=2024-04-25 00:00:00+00:00
[2024-04-25T23:37:22.410+0000] {processor.py:183} INFO - Processing /home/airflow/.local/lib/python3.12/site-packages/airflow/example_dags/example_branch_day_of_week_operator.py took 0.076 seconds
[2024-04-25T23:37:52.903+0000] {processor.py:161} INFO - Started process (PID=218) to work on /home/airflow/.local/lib/python3.12/site-packages/airflow/example_dags/example_branch_day_of_week_operator.py
[2024-04-25T23:37:52.904+0000] {processor.py:830} INFO - Processing file /home/airflow/.local/lib/python3.12/site-packages/airflow/example_dags/example_branch_day_of_week_operator.py for tasks to queue
[2024-04-25T23:37:52.906+0000] {logging_mixin.py:188} INFO - [2024-04-25T23:37:52.906+0000] {dagbag.py:540} INFO - Filling up the DagBag from /home/airflow/.local/lib/python3.12/site-packages/airflow/example_dags/example_branch_day_of_week_operator.py
[2024-04-25T23:37:52.912+0000] {processor.py:840} INFO - DAG(s) 'example_weekday_branch_operator' retrieved from /home/airflow/.local/lib/python3.12/site-packages/airflow/example_dags/example_branch_day_of_week_operator.py
[2024-04-25T23:37:52.929+0000] {logging_mixin.py:188} INFO - [2024-04-25T23:37:52.928+0000] {dag.py:3096} INFO - Sync 1 DAGs
[2024-04-25T23:37:52.950+0000] {logging_mixin.py:188} INFO - [2024-04-25T23:37:52.950+0000] {dag.py:3954} INFO - Setting next_dagrun for example_weekday_branch_operator to 2024-04-24 00:00:00+00:00, run_after=2024-04-25 00:00:00+00:00
[2024-04-25T23:37:52.967+0000] {processor.py:183} INFO - Processing /home/airflow/.local/lib/python3.12/site-packages/airflow/example_dags/example_branch_day_of_week_operator.py took 0.069 seconds
[2024-04-25T23:38:23.603+0000] {processor.py:161} INFO - Started process (PID=277) to work on /home/airflow/.local/lib/python3.12/site-packages/airflow/example_dags/example_branch_day_of_week_operator.py
[2024-04-25T23:38:23.604+0000] {processor.py:830} INFO - Processing file /home/airflow/.local/lib/python3.12/site-packages/airflow/example_dags/example_branch_day_of_week_operator.py for tasks to queue
[2024-04-25T23:38:23.606+0000] {logging_mixin.py:188} INFO - [2024-04-25T23:38:23.606+0000] {dagbag.py:540} INFO - Filling up the DagBag from /home/airflow/.local/lib/python3.12/site-packages/airflow/example_dags/example_branch_day_of_week_operator.py
[2024-04-25T23:38:23.618+0000] {processor.py:840} INFO - DAG(s) 'example_weekday_branch_operator' retrieved from /home/airflow/.local/lib/python3.12/site-packages/airflow/example_dags/example_branch_day_of_week_operator.py
[2024-04-25T23:38:23.648+0000] {logging_mixin.py:188} INFO - [2024-04-25T23:38:23.647+0000] {dag.py:3096} INFO - Sync 1 DAGs
[2024-04-25T23:38:23.673+0000] {logging_mixin.py:188} INFO - [2024-04-25T23:38:23.673+0000] {dag.py:3954} INFO - Setting next_dagrun for example_weekday_branch_operator to 2024-04-24 00:00:00+00:00, run_after=2024-04-25 00:00:00+00:00
[2024-04-25T23:38:23.698+0000] {processor.py:183} INFO - Processing /home/airflow/.local/lib/python3.12/site-packages/airflow/example_dags/example_branch_day_of_week_operator.py took 0.101 seconds
[2024-04-25T23:38:53.995+0000] {processor.py:161} INFO - Started process (PID=337) to work on /home/airflow/.local/lib/python3.12/site-packages/airflow/example_dags/example_branch_day_of_week_operator.py
[2024-04-25T23:38:53.996+0000] {processor.py:830} INFO - Processing file /home/airflow/.local/lib/python3.12/site-packages/airflow/example_dags/example_branch_day_of_week_operator.py for tasks to queue
[2024-04-25T23:38:53.998+0000] {logging_mixin.py:188} INFO - [2024-04-25T23:38:53.998+0000] {dagbag.py:540} INFO - Filling up the DagBag from /home/airflow/.local/lib/python3.12/site-packages/airflow/example_dags/example_branch_day_of_week_operator.py
[2024-04-25T23:38:54.005+0000] {processor.py:840} INFO - DAG(s) 'example_weekday_branch_operator' retrieved from /home/airflow/.local/lib/python3.12/site-packages/airflow/example_dags/example_branch_day_of_week_operator.py
[2024-04-25T23:38:54.022+0000] {logging_mixin.py:188} INFO - [2024-04-25T23:38:54.022+0000] {dag.py:3096} INFO - Sync 1 DAGs
[2024-04-25T23:38:54.041+0000] {logging_mixin.py:188} INFO - [2024-04-25T23:38:54.041+0000] {dag.py:3954} INFO - Setting next_dagrun for example_weekday_branch_operator to 2024-04-24 00:00:00+00:00, run_after=2024-04-25 00:00:00+00:00
[2024-04-25T23:38:54.057+0000] {processor.py:183} INFO - Processing /home/airflow/.local/lib/python3.12/site-packages/airflow/example_dags/example_branch_day_of_week_operator.py took 0.068 seconds
[2024-04-25T23:39:24.891+0000] {processor.py:161} INFO - Started process (PID=396) to work on /home/airflow/.local/lib/python3.12/site-packages/airflow/example_dags/example_branch_day_of_week_operator.py
[2024-04-25T23:39:24.892+0000] {processor.py:830} INFO - Processing file /home/airflow/.local/lib/python3.12/site-packages/airflow/example_dags/example_branch_day_of_week_operator.py for tasks to queue
[2024-04-25T23:39:24.895+0000] {logging_mixin.py:188} INFO - [2024-04-25T23:39:24.894+0000] {dagbag.py:540} INFO - Filling up the DagBag from /home/airflow/.local/lib/python3.12/site-packages/airflow/example_dags/example_branch_day_of_week_operator.py
[2024-04-25T23:39:24.904+0000] {processor.py:840} INFO - DAG(s) 'example_weekday_branch_operator' retrieved from /home/airflow/.local/lib/python3.12/site-packages/airflow/example_dags/example_branch_day_of_week_operator.py
[2024-04-25T23:39:24.925+0000] {logging_mixin.py:188} INFO - [2024-04-25T23:39:24.924+0000] {dag.py:3096} INFO - Sync 1 DAGs
[2024-04-25T23:39:24.946+0000] {logging_mixin.py:188} INFO - [2024-04-25T23:39:24.946+0000] {dag.py:3954} INFO - Setting next_dagrun for example_weekday_branch_operator to 2024-04-24 00:00:00+00:00, run_after=2024-04-25 00:00:00+00:00
[2024-04-25T23:39:24.964+0000] {processor.py:183} INFO - Processing /home/airflow/.local/lib/python3.12/site-packages/airflow/example_dags/example_branch_day_of_week_operator.py took 0.081 seconds
[2024-04-25T23:39:55.371+0000] {processor.py:161} INFO - Started process (PID=455) to work on /home/airflow/.local/lib/python3.12/site-packages/airflow/example_dags/example_branch_day_of_week_operator.py
[2024-04-25T23:39:55.372+0000] {processor.py:830} INFO - Processing file /home/airflow/.local/lib/python3.12/site-packages/airflow/example_dags/example_branch_day_of_week_operator.py for tasks to queue
[2024-04-25T23:39:55.374+0000] {logging_mixin.py:188} INFO - [2024-04-25T23:39:55.373+0000] {dagbag.py:540} INFO - Filling up the DagBag from /home/airflow/.local/lib/python3.12/site-packages/airflow/example_dags/example_branch_day_of_week_operator.py
[2024-04-25T23:39:55.380+0000] {processor.py:840} INFO - DAG(s) 'example_weekday_branch_operator' retrieved from /home/airflow/.local/lib/python3.12/site-packages/airflow/example_dags/example_branch_day_of_week_operator.py
[2024-04-25T23:39:55.399+0000] {logging_mixin.py:188} INFO - [2024-04-25T23:39:55.399+0000] {dag.py:3096} INFO - Sync 1 DAGs
[2024-04-25T23:39:55.420+0000] {logging_mixin.py:188} INFO - [2024-04-25T23:39:55.420+0000] {dag.py:3954} INFO - Setting next_dagrun for example_weekday_branch_operator to 2024-04-24 00:00:00+00:00, run_after=2024-04-25 00:00:00+00:00
[2024-04-25T23:39:55.438+0000] {processor.py:183} INFO - Processing /home/airflow/.local/lib/python3.12/site-packages/airflow/example_dags/example_branch_day_of_week_operator.py took 0.073 seconds
[2024-04-25T23:40:25.697+0000] {processor.py:161} INFO - Started process (PID=514) to work on /home/airflow/.local/lib/python3.12/site-packages/airflow/example_dags/example_branch_day_of_week_operator.py
[2024-04-25T23:40:25.699+0000] {processor.py:830} INFO - Processing file /home/airflow/.local/lib/python3.12/site-packages/airflow/example_dags/example_branch_day_of_week_operator.py for tasks to queue
[2024-04-25T23:40:25.703+0000] {logging_mixin.py:188} INFO - [2024-04-25T23:40:25.702+0000] {dagbag.py:540} INFO - Filling up the DagBag from /home/airflow/.local/lib/python3.12/site-packages/airflow/example_dags/example_branch_day_of_week_operator.py
[2024-04-25T23:40:25.716+0000] {processor.py:840} INFO - DAG(s) 'example_weekday_branch_operator' retrieved from /home/airflow/.local/lib/python3.12/site-packages/airflow/example_dags/example_branch_day_of_week_operator.py
[2024-04-25T23:40:25.760+0000] {logging_mixin.py:188} INFO - [2024-04-25T23:40:25.758+0000] {dag.py:3096} INFO - Sync 1 DAGs
[2024-04-25T23:40:25.804+0000] {logging_mixin.py:188} INFO - [2024-04-25T23:40:25.804+0000] {dag.py:3954} INFO - Setting next_dagrun for example_weekday_branch_operator to 2024-04-24 00:00:00+00:00, run_after=2024-04-25 00:00:00+00:00
[2024-04-25T23:40:25.845+0000] {processor.py:183} INFO - Processing /home/airflow/.local/lib/python3.12/site-packages/airflow/example_dags/example_branch_day_of_week_operator.py took 0.160 seconds
[2024-04-25T23:40:55.955+0000] {processor.py:161} INFO - Started process (PID=573) to work on /home/airflow/.local/lib/python3.12/site-packages/airflow/example_dags/example_branch_day_of_week_operator.py
[2024-04-25T23:40:55.958+0000] {processor.py:830} INFO - Processing file /home/airflow/.local/lib/python3.12/site-packages/airflow/example_dags/example_branch_day_of_week_operator.py for tasks to queue
[2024-04-25T23:40:55.962+0000] {logging_mixin.py:188} INFO - [2024-04-25T23:40:55.961+0000] {dagbag.py:540} INFO - Filling up the DagBag from /home/airflow/.local/lib/python3.12/site-packages/airflow/example_dags/example_branch_day_of_week_operator.py
[2024-04-25T23:40:55.972+0000] {processor.py:840} INFO - DAG(s) 'example_weekday_branch_operator' retrieved from /home/airflow/.local/lib/python3.12/site-packages/airflow/example_dags/example_branch_day_of_week_operator.py
[2024-04-25T23:40:55.997+0000] {logging_mixin.py:188} INFO - [2024-04-25T23:40:55.997+0000] {dag.py:3096} INFO - Sync 1 DAGs
[2024-04-25T23:40:56.019+0000] {logging_mixin.py:188} INFO - [2024-04-25T23:40:56.019+0000] {dag.py:3954} INFO - Setting next_dagrun for example_weekday_branch_operator to 2024-04-24 00:00:00+00:00, run_after=2024-04-25 00:00:00+00:00
[2024-04-25T23:40:56.041+0000] {processor.py:183} INFO - Processing /home/airflow/.local/lib/python3.12/site-packages/airflow/example_dags/example_branch_day_of_week_operator.py took 0.097 seconds
[2024-04-25T23:41:26.625+0000] {processor.py:161} INFO - Started process (PID=632) to work on /home/airflow/.local/lib/python3.12/site-packages/airflow/example_dags/example_branch_day_of_week_operator.py
[2024-04-25T23:41:26.626+0000] {processor.py:830} INFO - Processing file /home/airflow/.local/lib/python3.12/site-packages/airflow/example_dags/example_branch_day_of_week_operator.py for tasks to queue
[2024-04-25T23:41:26.628+0000] {logging_mixin.py:188} INFO - [2024-04-25T23:41:26.628+0000] {dagbag.py:540} INFO - Filling up the DagBag from /home/airflow/.local/lib/python3.12/site-packages/airflow/example_dags/example_branch_day_of_week_operator.py
[2024-04-25T23:41:26.636+0000] {processor.py:840} INFO - DAG(s) 'example_weekday_branch_operator' retrieved from /home/airflow/.local/lib/python3.12/site-packages/airflow/example_dags/example_branch_day_of_week_operator.py
[2024-04-25T23:41:26.658+0000] {logging_mixin.py:188} INFO - [2024-04-25T23:41:26.658+0000] {dag.py:3096} INFO - Sync 1 DAGs
[2024-04-25T23:41:26.684+0000] {logging_mixin.py:188} INFO - [2024-04-25T23:41:26.684+0000] {dag.py:3954} INFO - Setting next_dagrun for example_weekday_branch_operator to 2024-04-24 00:00:00+00:00, run_after=2024-04-25 00:00:00+00:00
[2024-04-25T23:41:26.712+0000] {processor.py:183} INFO - Processing /home/airflow/.local/lib/python3.12/site-packages/airflow/example_dags/example_branch_day_of_week_operator.py took 0.094 seconds
[2024-04-25T23:41:57.158+0000] {processor.py:161} INFO - Started process (PID=691) to work on /home/airflow/.local/lib/python3.12/site-packages/airflow/example_dags/example_branch_day_of_week_operator.py
[2024-04-25T23:41:57.159+0000] {processor.py:830} INFO - Processing file /home/airflow/.local/lib/python3.12/site-packages/airflow/example_dags/example_branch_day_of_week_operator.py for tasks to queue
[2024-04-25T23:41:57.162+0000] {logging_mixin.py:188} INFO - [2024-04-25T23:41:57.161+0000] {dagbag.py:540} INFO - Filling up the DagBag from /home/airflow/.local/lib/python3.12/site-packages/airflow/example_dags/example_branch_day_of_week_operator.py
[2024-04-25T23:41:57.168+0000] {processor.py:840} INFO - DAG(s) 'example_weekday_branch_operator' retrieved from /home/airflow/.local/lib/python3.12/site-packages/airflow/example_dags/example_branch_day_of_week_operator.py
[2024-04-25T23:41:57.185+0000] {logging_mixin.py:188} INFO - [2024-04-25T23:41:57.185+0000] {dag.py:3096} INFO - Sync 1 DAGs
[2024-04-25T23:41:57.204+0000] {logging_mixin.py:188} INFO - [2024-04-25T23:41:57.204+0000] {dag.py:3954} INFO - Setting next_dagrun for example_weekday_branch_operator to 2024-04-24 00:00:00+00:00, run_after=2024-04-25 00:00:00+00:00
[2024-04-25T23:41:57.221+0000] {processor.py:183} INFO - Processing /home/airflow/.local/lib/python3.12/site-packages/airflow/example_dags/example_branch_day_of_week_operator.py took 0.067 seconds
[2024-04-25T23:42:27.505+0000] {processor.py:161} INFO - Started process (PID=751) to work on /home/airflow/.local/lib/python3.12/site-packages/airflow/example_dags/example_branch_day_of_week_operator.py
[2024-04-25T23:42:27.506+0000] {processor.py:830} INFO - Processing file /home/airflow/.local/lib/python3.12/site-packages/airflow/example_dags/example_branch_day_of_week_operator.py for tasks to queue
[2024-04-25T23:42:27.507+0000] {logging_mixin.py:188} INFO - [2024-04-25T23:42:27.507+0000] {dagbag.py:540} INFO - Filling up the DagBag from /home/airflow/.local/lib/python3.12/site-packages/airflow/example_dags/example_branch_day_of_week_operator.py
[2024-04-25T23:42:27.514+0000] {processor.py:840} INFO - DAG(s) 'example_weekday_branch_operator' retrieved from /home/airflow/.local/lib/python3.12/site-packages/airflow/example_dags/example_branch_day_of_week_operator.py
[2024-04-25T23:42:27.532+0000] {logging_mixin.py:188} INFO - [2024-04-25T23:42:27.532+0000] {dag.py:3096} INFO - Sync 1 DAGs
[2024-04-25T23:42:27.552+0000] {logging_mixin.py:188} INFO - [2024-04-25T23:42:27.552+0000] {dag.py:3954} INFO - Setting next_dagrun for example_weekday_branch_operator to 2024-04-24 00:00:00+00:00, run_after=2024-04-25 00:00:00+00:00
[2024-04-25T23:42:27.568+0000] {processor.py:183} INFO - Processing /home/airflow/.local/lib/python3.12/site-packages/airflow/example_dags/example_branch_day_of_week_operator.py took 0.069 seconds
[2024-04-25T23:42:57.858+0000] {processor.py:161} INFO - Started process (PID=810) to work on /home/airflow/.local/lib/python3.12/site-packages/airflow/example_dags/example_branch_day_of_week_operator.py
[2024-04-25T23:42:57.859+0000] {processor.py:830} INFO - Processing file /home/airflow/.local/lib/python3.12/site-packages/airflow/example_dags/example_branch_day_of_week_operator.py for tasks to queue
[2024-04-25T23:42:57.862+0000] {logging_mixin.py:188} INFO - [2024-04-25T23:42:57.862+0000] {dagbag.py:540} INFO - Filling up the DagBag from /home/airflow/.local/lib/python3.12/site-packages/airflow/example_dags/example_branch_day_of_week_operator.py
[2024-04-25T23:42:57.870+0000] {processor.py:840} INFO - DAG(s) 'example_weekday_branch_operator' retrieved from /home/airflow/.local/lib/python3.12/site-packages/airflow/example_dags/example_branch_day_of_week_operator.py
[2024-04-25T23:42:57.891+0000] {logging_mixin.py:188} INFO - [2024-04-25T23:42:57.891+0000] {dag.py:3096} INFO - Sync 1 DAGs
[2024-04-25T23:42:57.912+0000] {logging_mixin.py:188} INFO - [2024-04-25T23:42:57.912+0000] {dag.py:3954} INFO - Setting next_dagrun for example_weekday_branch_operator to 2024-04-24 00:00:00+00:00, run_after=2024-04-25 00:00:00+00:00
[2024-04-25T23:42:57.937+0000] {processor.py:183} INFO - Processing /home/airflow/.local/lib/python3.12/site-packages/airflow/example_dags/example_branch_day_of_week_operator.py took 0.084 seconds
[2024-04-25T23:43:28.773+0000] {processor.py:161} INFO - Started process (PID=869) to work on /home/airflow/.local/lib/python3.12/site-packages/airflow/example_dags/example_branch_day_of_week_operator.py
[2024-04-25T23:43:28.774+0000] {processor.py:830} INFO - Processing file /home/airflow/.local/lib/python3.12/site-packages/airflow/example_dags/example_branch_day_of_week_operator.py for tasks to queue
[2024-04-25T23:43:28.776+0000] {logging_mixin.py:188} INFO - [2024-04-25T23:43:28.776+0000] {dagbag.py:540} INFO - Filling up the DagBag from /home/airflow/.local/lib/python3.12/site-packages/airflow/example_dags/example_branch_day_of_week_operator.py
[2024-04-25T23:43:28.784+0000] {processor.py:840} INFO - DAG(s) 'example_weekday_branch_operator' retrieved from /home/airflow/.local/lib/python3.12/site-packages/airflow/example_dags/example_branch_day_of_week_operator.py
[2024-04-25T23:43:28.809+0000] {logging_mixin.py:188} INFO - [2024-04-25T23:43:28.808+0000] {dag.py:3096} INFO - Sync 1 DAGs
[2024-04-25T23:43:28.832+0000] {logging_mixin.py:188} INFO - [2024-04-25T23:43:28.832+0000] {dag.py:3954} INFO - Setting next_dagrun for example_weekday_branch_operator to 2024-04-24 00:00:00+00:00, run_after=2024-04-25 00:00:00+00:00
[2024-04-25T23:43:28.856+0000] {processor.py:183} INFO - Processing /home/airflow/.local/lib/python3.12/site-packages/airflow/example_dags/example_branch_day_of_week_operator.py took 0.088 seconds
[2024-04-25T23:43:59.170+0000] {processor.py:161} INFO - Started process (PID=928) to work on /home/airflow/.local/lib/python3.12/site-packages/airflow/example_dags/example_branch_day_of_week_operator.py
[2024-04-25T23:43:59.171+0000] {processor.py:830} INFO - Processing file /home/airflow/.local/lib/python3.12/site-packages/airflow/example_dags/example_branch_day_of_week_operator.py for tasks to queue
[2024-04-25T23:43:59.173+0000] {logging_mixin.py:188} INFO - [2024-04-25T23:43:59.173+0000] {dagbag.py:540} INFO - Filling up the DagBag from /home/airflow/.local/lib/python3.12/site-packages/airflow/example_dags/example_branch_day_of_week_operator.py
[2024-04-25T23:43:59.179+0000] {processor.py:840} INFO - DAG(s) 'example_weekday_branch_operator' retrieved from /home/airflow/.local/lib/python3.12/site-packages/airflow/example_dags/example_branch_day_of_week_operator.py
[2024-04-25T23:43:59.196+0000] {logging_mixin.py:188} INFO - [2024-04-25T23:43:59.196+0000] {dag.py:3096} INFO - Sync 1 DAGs
[2024-04-25T23:43:59.214+0000] {logging_mixin.py:188} INFO - [2024-04-25T23:43:59.214+0000] {dag.py:3954} INFO - Setting next_dagrun for example_weekday_branch_operator to 2024-04-24 00:00:00+00:00, run_after=2024-04-25 00:00:00+00:00
[2024-04-25T23:43:59.230+0000] {processor.py:183} INFO - Processing /home/airflow/.local/lib/python3.12/site-packages/airflow/example_dags/example_branch_day_of_week_operator.py took 0.065 seconds
[2024-04-25T23:44:29.814+0000] {processor.py:161} INFO - Started process (PID=987) to work on /home/airflow/.local/lib/python3.12/site-packages/airflow/example_dags/example_branch_day_of_week_operator.py
[2024-04-25T23:44:29.815+0000] {processor.py:830} INFO - Processing file /home/airflow/.local/lib/python3.12/site-packages/airflow/example_dags/example_branch_day_of_week_operator.py for tasks to queue
[2024-04-25T23:44:29.818+0000] {logging_mixin.py:188} INFO - [2024-04-25T23:44:29.818+0000] {dagbag.py:540} INFO - Filling up the DagBag from /home/airflow/.local/lib/python3.12/site-packages/airflow/example_dags/example_branch_day_of_week_operator.py
[2024-04-25T23:44:29.826+0000] {processor.py:840} INFO - DAG(s) 'example_weekday_branch_operator' retrieved from /home/airflow/.local/lib/python3.12/site-packages/airflow/example_dags/example_branch_day_of_week_operator.py
[2024-04-25T23:44:29.844+0000] {logging_mixin.py:188} INFO - [2024-04-25T23:44:29.844+0000] {dag.py:3096} INFO - Sync 1 DAGs
[2024-04-25T23:44:29.869+0000] {logging_mixin.py:188} INFO - [2024-04-25T23:44:29.869+0000] {dag.py:3954} INFO - Setting next_dagrun for example_weekday_branch_operator to 2024-04-24 00:00:00+00:00, run_after=2024-04-25 00:00:00+00:00
[2024-04-25T23:44:29.889+0000] {processor.py:183} INFO - Processing /home/airflow/.local/lib/python3.12/site-packages/airflow/example_dags/example_branch_day_of_week_operator.py took 0.081 seconds
[2024-04-25T23:45:00.580+0000] {processor.py:161} INFO - Started process (PID=1046) to work on /home/airflow/.local/lib/python3.12/site-packages/airflow/example_dags/example_branch_day_of_week_operator.py
[2024-04-25T23:45:00.581+0000] {processor.py:830} INFO - Processing file /home/airflow/.local/lib/python3.12/site-packages/airflow/example_dags/example_branch_day_of_week_operator.py for tasks to queue
[2024-04-25T23:45:00.583+0000] {logging_mixin.py:188} INFO - [2024-04-25T23:45:00.582+0000] {dagbag.py:540} INFO - Filling up the DagBag from /home/airflow/.local/lib/python3.12/site-packages/airflow/example_dags/example_branch_day_of_week_operator.py
[2024-04-25T23:45:00.594+0000] {processor.py:840} INFO - DAG(s) 'example_weekday_branch_operator' retrieved from /home/airflow/.local/lib/python3.12/site-packages/airflow/example_dags/example_branch_day_of_week_operator.py
[2024-04-25T23:45:00.621+0000] {logging_mixin.py:188} INFO - [2024-04-25T23:45:00.621+0000] {dag.py:3096} INFO - Sync 1 DAGs
[2024-04-25T23:45:00.640+0000] {logging_mixin.py:188} INFO - [2024-04-25T23:45:00.640+0000] {dag.py:3954} INFO - Setting next_dagrun for example_weekday_branch_operator to 2024-04-24 00:00:00+00:00, run_after=2024-04-25 00:00:00+00:00
[2024-04-25T23:45:00.669+0000] {processor.py:183} INFO - Processing /home/airflow/.local/lib/python3.12/site-packages/airflow/example_dags/example_branch_day_of_week_operator.py took 0.096 seconds
[2024-04-25T23:45:31.916+0000] {processor.py:161} INFO - Started process (PID=1105) to work on /home/airflow/.local/lib/python3.12/site-packages/airflow/example_dags/example_branch_day_of_week_operator.py
[2024-04-25T23:45:31.917+0000] {processor.py:830} INFO - Processing file /home/airflow/.local/lib/python3.12/site-packages/airflow/example_dags/example_branch_day_of_week_operator.py for tasks to queue
[2024-04-25T23:45:31.919+0000] {logging_mixin.py:188} INFO - [2024-04-25T23:45:31.919+0000] {dagbag.py:540} INFO - Filling up the DagBag from /home/airflow/.local/lib/python3.12/site-packages/airflow/example_dags/example_branch_day_of_week_operator.py
[2024-04-25T23:45:31.927+0000] {processor.py:840} INFO - DAG(s) 'example_weekday_branch_operator' retrieved from /home/airflow/.local/lib/python3.12/site-packages/airflow/example_dags/example_branch_day_of_week_operator.py
[2024-04-25T23:45:31.945+0000] {logging_mixin.py:188} INFO - [2024-04-25T23:45:31.944+0000] {dag.py:3096} INFO - Sync 1 DAGs
[2024-04-25T23:45:32.106+0000] {logging_mixin.py:188} INFO - [2024-04-25T23:45:32.106+0000] {dag.py:3954} INFO - Setting next_dagrun for example_weekday_branch_operator to 2024-04-24 00:00:00+00:00, run_after=2024-04-25 00:00:00+00:00
[2024-04-25T23:45:32.124+0000] {processor.py:183} INFO - Processing /home/airflow/.local/lib/python3.12/site-packages/airflow/example_dags/example_branch_day_of_week_operator.py took 0.212 seconds
[2024-04-25T23:46:02.260+0000] {processor.py:161} INFO - Started process (PID=1164) to work on /home/airflow/.local/lib/python3.12/site-packages/airflow/example_dags/example_branch_day_of_week_operator.py
[2024-04-25T23:46:02.261+0000] {processor.py:830} INFO - Processing file /home/airflow/.local/lib/python3.12/site-packages/airflow/example_dags/example_branch_day_of_week_operator.py for tasks to queue
[2024-04-25T23:46:02.263+0000] {logging_mixin.py:188} INFO - [2024-04-25T23:46:02.262+0000] {dagbag.py:540} INFO - Filling up the DagBag from /home/airflow/.local/lib/python3.12/site-packages/airflow/example_dags/example_branch_day_of_week_operator.py
[2024-04-25T23:46:02.269+0000] {processor.py:840} INFO - DAG(s) 'example_weekday_branch_operator' retrieved from /home/airflow/.local/lib/python3.12/site-packages/airflow/example_dags/example_branch_day_of_week_operator.py
[2024-04-25T23:46:02.287+0000] {logging_mixin.py:188} INFO - [2024-04-25T23:46:02.287+0000] {dag.py:3096} INFO - Sync 1 DAGs
[2024-04-25T23:46:02.307+0000] {logging_mixin.py:188} INFO - [2024-04-25T23:46:02.306+0000] {dag.py:3954} INFO - Setting next_dagrun for example_weekday_branch_operator to 2024-04-24 00:00:00+00:00, run_after=2024-04-25 00:00:00+00:00
[2024-04-25T23:46:02.326+0000] {processor.py:183} INFO - Processing /home/airflow/.local/lib/python3.12/site-packages/airflow/example_dags/example_branch_day_of_week_operator.py took 0.072 seconds
[2024-04-25T23:46:32.945+0000] {processor.py:161} INFO - Started process (PID=1223) to work on /home/airflow/.local/lib/python3.12/site-packages/airflow/example_dags/example_branch_day_of_week_operator.py
[2024-04-25T23:46:32.946+0000] {processor.py:830} INFO - Processing file /home/airflow/.local/lib/python3.12/site-packages/airflow/example_dags/example_branch_day_of_week_operator.py for tasks to queue
[2024-04-25T23:46:32.949+0000] {logging_mixin.py:188} INFO - [2024-04-25T23:46:32.949+0000] {dagbag.py:540} INFO - Filling up the DagBag from /home/airflow/.local/lib/python3.12/site-packages/airflow/example_dags/example_branch_day_of_week_operator.py
[2024-04-25T23:46:32.956+0000] {processor.py:840} INFO - DAG(s) 'example_weekday_branch_operator' retrieved from /home/airflow/.local/lib/python3.12/site-packages/airflow/example_dags/example_branch_day_of_week_operator.py
[2024-04-25T23:46:32.976+0000] {logging_mixin.py:188} INFO - [2024-04-25T23:46:32.976+0000] {dag.py:3096} INFO - Sync 1 DAGs
[2024-04-25T23:46:32.998+0000] {logging_mixin.py:188} INFO - [2024-04-25T23:46:32.998+0000] {dag.py:3954} INFO - Setting next_dagrun for example_weekday_branch_operator to 2024-04-24 00:00:00+00:00, run_after=2024-04-25 00:00:00+00:00
[2024-04-25T23:46:33.022+0000] {processor.py:183} INFO - Processing /home/airflow/.local/lib/python3.12/site-packages/airflow/example_dags/example_branch_day_of_week_operator.py took 0.084 seconds
[2024-04-25T23:47:03.332+0000] {processor.py:161} INFO - Started process (PID=1282) to work on /home/airflow/.local/lib/python3.12/site-packages/airflow/example_dags/example_branch_day_of_week_operator.py
[2024-04-25T23:47:03.333+0000] {processor.py:830} INFO - Processing file /home/airflow/.local/lib/python3.12/site-packages/airflow/example_dags/example_branch_day_of_week_operator.py for tasks to queue
[2024-04-25T23:47:03.335+0000] {logging_mixin.py:188} INFO - [2024-04-25T23:47:03.335+0000] {dagbag.py:540} INFO - Filling up the DagBag from /home/airflow/.local/lib/python3.12/site-packages/airflow/example_dags/example_branch_day_of_week_operator.py
[2024-04-25T23:47:03.341+0000] {processor.py:840} INFO - DAG(s) 'example_weekday_branch_operator' retrieved from /home/airflow/.local/lib/python3.12/site-packages/airflow/example_dags/example_branch_day_of_week_operator.py
[2024-04-25T23:47:03.360+0000] {logging_mixin.py:188} INFO - [2024-04-25T23:47:03.360+0000] {dag.py:3096} INFO - Sync 1 DAGs
[2024-04-25T23:47:03.380+0000] {logging_mixin.py:188} INFO - [2024-04-25T23:47:03.380+0000] {dag.py:3954} INFO - Setting next_dagrun for example_weekday_branch_operator to 2024-04-24 00:00:00+00:00, run_after=2024-04-25 00:00:00+00:00
[2024-04-25T23:47:03.397+0000] {processor.py:183} INFO - Processing /home/airflow/.local/lib/python3.12/site-packages/airflow/example_dags/example_branch_day_of_week_operator.py took 0.069 seconds
[2024-04-25T23:47:33.495+0000] {processor.py:161} INFO - Started process (PID=1340) to work on /home/airflow/.local/lib/python3.12/site-packages/airflow/example_dags/example_branch_day_of_week_operator.py
[2024-04-25T23:47:33.496+0000] {processor.py:830} INFO - Processing file /home/airflow/.local/lib/python3.12/site-packages/airflow/example_dags/example_branch_day_of_week_operator.py for tasks to queue
[2024-04-25T23:47:33.501+0000] {logging_mixin.py:188} INFO - [2024-04-25T23:47:33.501+0000] {dagbag.py:540} INFO - Filling up the DagBag from /home/airflow/.local/lib/python3.12/site-packages/airflow/example_dags/example_branch_day_of_week_operator.py
[2024-04-25T23:47:33.507+0000] {processor.py:840} INFO - DAG(s) 'example_weekday_branch_operator' retrieved from /home/airflow/.local/lib/python3.12/site-packages/airflow/example_dags/example_branch_day_of_week_operator.py
[2024-04-25T23:47:33.527+0000] {logging_mixin.py:188} INFO - [2024-04-25T23:47:33.527+0000] {dag.py:3096} INFO - Sync 1 DAGs
[2024-04-25T23:47:33.546+0000] {logging_mixin.py:188} INFO - [2024-04-25T23:47:33.546+0000] {dag.py:3954} INFO - Setting next_dagrun for example_weekday_branch_operator to 2024-04-24 00:00:00+00:00, run_after=2024-04-25 00:00:00+00:00
[2024-04-25T23:47:33.565+0000] {processor.py:183} INFO - Processing /home/airflow/.local/lib/python3.12/site-packages/airflow/example_dags/example_branch_day_of_week_operator.py took 0.076 seconds
[2024-04-25T23:48:03.957+0000] {processor.py:161} INFO - Started process (PID=1399) to work on /home/airflow/.local/lib/python3.12/site-packages/airflow/example_dags/example_branch_day_of_week_operator.py
[2024-04-25T23:48:03.958+0000] {processor.py:830} INFO - Processing file /home/airflow/.local/lib/python3.12/site-packages/airflow/example_dags/example_branch_day_of_week_operator.py for tasks to queue
[2024-04-25T23:48:03.960+0000] {logging_mixin.py:188} INFO - [2024-04-25T23:48:03.959+0000] {dagbag.py:540} INFO - Filling up the DagBag from /home/airflow/.local/lib/python3.12/site-packages/airflow/example_dags/example_branch_day_of_week_operator.py
[2024-04-25T23:48:03.966+0000] {processor.py:840} INFO - DAG(s) 'example_weekday_branch_operator' retrieved from /home/airflow/.local/lib/python3.12/site-packages/airflow/example_dags/example_branch_day_of_week_operator.py
[2024-04-25T23:48:03.983+0000] {logging_mixin.py:188} INFO - [2024-04-25T23:48:03.983+0000] {dag.py:3096} INFO - Sync 1 DAGs
[2024-04-25T23:48:04.002+0000] {logging_mixin.py:188} INFO - [2024-04-25T23:48:04.001+0000] {dag.py:3954} INFO - Setting next_dagrun for example_weekday_branch_operator to 2024-04-24 00:00:00+00:00, run_after=2024-04-25 00:00:00+00:00
[2024-04-25T23:48:04.023+0000] {processor.py:183} INFO - Processing /home/airflow/.local/lib/python3.12/site-packages/airflow/example_dags/example_branch_day_of_week_operator.py took 0.071 seconds
[2024-04-25T23:48:34.116+0000] {processor.py:161} INFO - Started process (PID=1459) to work on /home/airflow/.local/lib/python3.12/site-packages/airflow/example_dags/example_branch_day_of_week_operator.py
[2024-04-25T23:48:34.117+0000] {processor.py:830} INFO - Processing file /home/airflow/.local/lib/python3.12/site-packages/airflow/example_dags/example_branch_day_of_week_operator.py for tasks to queue
[2024-04-25T23:48:34.120+0000] {logging_mixin.py:188} INFO - [2024-04-25T23:48:34.120+0000] {dagbag.py:540} INFO - Filling up the DagBag from /home/airflow/.local/lib/python3.12/site-packages/airflow/example_dags/example_branch_day_of_week_operator.py
[2024-04-25T23:48:34.129+0000] {processor.py:840} INFO - DAG(s) 'example_weekday_branch_operator' retrieved from /home/airflow/.local/lib/python3.12/site-packages/airflow/example_dags/example_branch_day_of_week_operator.py
[2024-04-25T23:48:34.157+0000] {logging_mixin.py:188} INFO - [2024-04-25T23:48:34.157+0000] {dag.py:3096} INFO - Sync 1 DAGs
[2024-04-25T23:48:34.179+0000] {logging_mixin.py:188} INFO - [2024-04-25T23:48:34.179+0000] {dag.py:3954} INFO - Setting next_dagrun for example_weekday_branch_operator to 2024-04-24 00:00:00+00:00, run_after=2024-04-25 00:00:00+00:00
[2024-04-25T23:48:34.202+0000] {processor.py:183} INFO - Processing /home/airflow/.local/lib/python3.12/site-packages/airflow/example_dags/example_branch_day_of_week_operator.py took 0.092 seconds
[2024-04-25T23:49:04.506+0000] {processor.py:161} INFO - Started process (PID=1524) to work on /home/airflow/.local/lib/python3.12/site-packages/airflow/example_dags/example_branch_day_of_week_operator.py
[2024-04-25T23:49:04.508+0000] {processor.py:830} INFO - Processing file /home/airflow/.local/lib/python3.12/site-packages/airflow/example_dags/example_branch_day_of_week_operator.py for tasks to queue
[2024-04-25T23:49:04.510+0000] {logging_mixin.py:188} INFO - [2024-04-25T23:49:04.509+0000] {dagbag.py:540} INFO - Filling up the DagBag from /home/airflow/.local/lib/python3.12/site-packages/airflow/example_dags/example_branch_day_of_week_operator.py
[2024-04-25T23:49:04.520+0000] {processor.py:840} INFO - DAG(s) 'example_weekday_branch_operator' retrieved from /home/airflow/.local/lib/python3.12/site-packages/airflow/example_dags/example_branch_day_of_week_operator.py
[2024-04-25T23:49:04.541+0000] {logging_mixin.py:188} INFO - [2024-04-25T23:49:04.541+0000] {dag.py:3096} INFO - Sync 1 DAGs
[2024-04-25T23:49:04.562+0000] {logging_mixin.py:188} INFO - [2024-04-25T23:49:04.562+0000] {dag.py:3954} INFO - Setting next_dagrun for example_weekday_branch_operator to 2024-04-24 00:00:00+00:00, run_after=2024-04-25 00:00:00+00:00
[2024-04-25T23:49:04.582+0000] {processor.py:183} INFO - Processing /home/airflow/.local/lib/python3.12/site-packages/airflow/example_dags/example_branch_day_of_week_operator.py took 0.081 seconds
[2024-04-25T23:49:34.821+0000] {processor.py:161} INFO - Started process (PID=1583) to work on /home/airflow/.local/lib/python3.12/site-packages/airflow/example_dags/example_branch_day_of_week_operator.py
[2024-04-25T23:49:34.823+0000] {processor.py:830} INFO - Processing file /home/airflow/.local/lib/python3.12/site-packages/airflow/example_dags/example_branch_day_of_week_operator.py for tasks to queue
[2024-04-25T23:49:34.825+0000] {logging_mixin.py:188} INFO - [2024-04-25T23:49:34.825+0000] {dagbag.py:540} INFO - Filling up the DagBag from /home/airflow/.local/lib/python3.12/site-packages/airflow/example_dags/example_branch_day_of_week_operator.py
[2024-04-25T23:49:34.833+0000] {processor.py:840} INFO - DAG(s) 'example_weekday_branch_operator' retrieved from /home/airflow/.local/lib/python3.12/site-packages/airflow/example_dags/example_branch_day_of_week_operator.py
[2024-04-25T23:49:34.852+0000] {logging_mixin.py:188} INFO - [2024-04-25T23:49:34.852+0000] {dag.py:3096} INFO - Sync 1 DAGs
[2024-04-25T23:49:34.871+0000] {logging_mixin.py:188} INFO - [2024-04-25T23:49:34.871+0000] {dag.py:3954} INFO - Setting next_dagrun for example_weekday_branch_operator to 2024-04-24 00:00:00+00:00, run_after=2024-04-25 00:00:00+00:00
[2024-04-25T23:49:34.890+0000] {processor.py:183} INFO - Processing /home/airflow/.local/lib/python3.12/site-packages/airflow/example_dags/example_branch_day_of_week_operator.py took 0.075 seconds
[2024-04-25T23:50:05.737+0000] {processor.py:161} INFO - Started process (PID=1642) to work on /home/airflow/.local/lib/python3.12/site-packages/airflow/example_dags/example_branch_day_of_week_operator.py
[2024-04-25T23:50:05.738+0000] {processor.py:830} INFO - Processing file /home/airflow/.local/lib/python3.12/site-packages/airflow/example_dags/example_branch_day_of_week_operator.py for tasks to queue
[2024-04-25T23:50:05.740+0000] {logging_mixin.py:188} INFO - [2024-04-25T23:50:05.740+0000] {dagbag.py:540} INFO - Filling up the DagBag from /home/airflow/.local/lib/python3.12/site-packages/airflow/example_dags/example_branch_day_of_week_operator.py
[2024-04-25T23:50:05.746+0000] {processor.py:840} INFO - DAG(s) 'example_weekday_branch_operator' retrieved from /home/airflow/.local/lib/python3.12/site-packages/airflow/example_dags/example_branch_day_of_week_operator.py
[2024-04-25T23:50:05.766+0000] {logging_mixin.py:188} INFO - [2024-04-25T23:50:05.766+0000] {dag.py:3096} INFO - Sync 1 DAGs
[2024-04-25T23:50:05.786+0000] {logging_mixin.py:188} INFO - [2024-04-25T23:50:05.786+0000] {dag.py:3954} INFO - Setting next_dagrun for example_weekday_branch_operator to 2024-04-24 00:00:00+00:00, run_after=2024-04-25 00:00:00+00:00
[2024-04-25T23:50:05.805+0000] {processor.py:183} INFO - Processing /home/airflow/.local/lib/python3.12/site-packages/airflow/example_dags/example_branch_day_of_week_operator.py took 0.073 seconds
[2024-04-25T23:50:36.049+0000] {processor.py:161} INFO - Started process (PID=1701) to work on /home/airflow/.local/lib/python3.12/site-packages/airflow/example_dags/example_branch_day_of_week_operator.py
[2024-04-25T23:50:36.050+0000] {processor.py:830} INFO - Processing file /home/airflow/.local/lib/python3.12/site-packages/airflow/example_dags/example_branch_day_of_week_operator.py for tasks to queue
[2024-04-25T23:50:36.052+0000] {logging_mixin.py:188} INFO - [2024-04-25T23:50:36.052+0000] {dagbag.py:540} INFO - Filling up the DagBag from /home/airflow/.local/lib/python3.12/site-packages/airflow/example_dags/example_branch_day_of_week_operator.py
[2024-04-25T23:50:36.059+0000] {processor.py:840} INFO - DAG(s) 'example_weekday_branch_operator' retrieved from /home/airflow/.local/lib/python3.12/site-packages/airflow/example_dags/example_branch_day_of_week_operator.py
[2024-04-25T23:50:36.083+0000] {logging_mixin.py:188} INFO - [2024-04-25T23:50:36.082+0000] {dag.py:3096} INFO - Sync 1 DAGs
[2024-04-25T23:50:36.108+0000] {logging_mixin.py:188} INFO - [2024-04-25T23:50:36.108+0000] {dag.py:3954} INFO - Setting next_dagrun for example_weekday_branch_operator to 2024-04-24 00:00:00+00:00, run_after=2024-04-25 00:00:00+00:00
[2024-04-25T23:50:36.130+0000] {processor.py:183} INFO - Processing /home/airflow/.local/lib/python3.12/site-packages/airflow/example_dags/example_branch_day_of_week_operator.py took 0.086 seconds
[2024-04-25T23:51:06.444+0000] {processor.py:161} INFO - Started process (PID=1760) to work on /home/airflow/.local/lib/python3.12/site-packages/airflow/example_dags/example_branch_day_of_week_operator.py
[2024-04-25T23:51:06.445+0000] {processor.py:830} INFO - Processing file /home/airflow/.local/lib/python3.12/site-packages/airflow/example_dags/example_branch_day_of_week_operator.py for tasks to queue
[2024-04-25T23:51:06.446+0000] {logging_mixin.py:188} INFO - [2024-04-25T23:51:06.446+0000] {dagbag.py:540} INFO - Filling up the DagBag from /home/airflow/.local/lib/python3.12/site-packages/airflow/example_dags/example_branch_day_of_week_operator.py
[2024-04-25T23:51:06.452+0000] {processor.py:840} INFO - DAG(s) 'example_weekday_branch_operator' retrieved from /home/airflow/.local/lib/python3.12/site-packages/airflow/example_dags/example_branch_day_of_week_operator.py
[2024-04-25T23:51:06.472+0000] {logging_mixin.py:188} INFO - [2024-04-25T23:51:06.472+0000] {dag.py:3096} INFO - Sync 1 DAGs
[2024-04-25T23:51:06.498+0000] {logging_mixin.py:188} INFO - [2024-04-25T23:51:06.498+0000] {dag.py:3954} INFO - Setting next_dagrun for example_weekday_branch_operator to 2024-04-24 00:00:00+00:00, run_after=2024-04-25 00:00:00+00:00
[2024-04-25T23:51:06.518+0000] {processor.py:183} INFO - Processing /home/airflow/.local/lib/python3.12/site-packages/airflow/example_dags/example_branch_day_of_week_operator.py took 0.078 seconds
[2024-04-25T23:51:36.623+0000] {processor.py:161} INFO - Started process (PID=1819) to work on /home/airflow/.local/lib/python3.12/site-packages/airflow/example_dags/example_branch_day_of_week_operator.py
[2024-04-25T23:51:36.624+0000] {processor.py:830} INFO - Processing file /home/airflow/.local/lib/python3.12/site-packages/airflow/example_dags/example_branch_day_of_week_operator.py for tasks to queue
[2024-04-25T23:51:36.626+0000] {logging_mixin.py:188} INFO - [2024-04-25T23:51:36.626+0000] {dagbag.py:540} INFO - Filling up the DagBag from /home/airflow/.local/lib/python3.12/site-packages/airflow/example_dags/example_branch_day_of_week_operator.py
[2024-04-25T23:51:36.632+0000] {processor.py:840} INFO - DAG(s) 'example_weekday_branch_operator' retrieved from /home/airflow/.local/lib/python3.12/site-packages/airflow/example_dags/example_branch_day_of_week_operator.py
[2024-04-25T23:51:36.651+0000] {logging_mixin.py:188} INFO - [2024-04-25T23:51:36.651+0000] {dag.py:3096} INFO - Sync 1 DAGs
[2024-04-25T23:51:36.671+0000] {logging_mixin.py:188} INFO - [2024-04-25T23:51:36.670+0000] {dag.py:3954} INFO - Setting next_dagrun for example_weekday_branch_operator to 2024-04-24 00:00:00+00:00, run_after=2024-04-25 00:00:00+00:00
[2024-04-25T23:51:36.688+0000] {processor.py:183} INFO - Processing /home/airflow/.local/lib/python3.12/site-packages/airflow/example_dags/example_branch_day_of_week_operator.py took 0.070 seconds
[2024-04-25T23:52:06.779+0000] {processor.py:161} INFO - Started process (PID=1878) to work on /home/airflow/.local/lib/python3.12/site-packages/airflow/example_dags/example_branch_day_of_week_operator.py
[2024-04-25T23:52:06.780+0000] {processor.py:830} INFO - Processing file /home/airflow/.local/lib/python3.12/site-packages/airflow/example_dags/example_branch_day_of_week_operator.py for tasks to queue
[2024-04-25T23:52:06.783+0000] {logging_mixin.py:188} INFO - [2024-04-25T23:52:06.782+0000] {dagbag.py:540} INFO - Filling up the DagBag from /home/airflow/.local/lib/python3.12/site-packages/airflow/example_dags/example_branch_day_of_week_operator.py
[2024-04-25T23:52:06.793+0000] {processor.py:840} INFO - DAG(s) 'example_weekday_branch_operator' retrieved from /home/airflow/.local/lib/python3.12/site-packages/airflow/example_dags/example_branch_day_of_week_operator.py
[2024-04-25T23:52:06.817+0000] {logging_mixin.py:188} INFO - [2024-04-25T23:52:06.816+0000] {dag.py:3096} INFO - Sync 1 DAGs
[2024-04-25T23:52:06.842+0000] {logging_mixin.py:188} INFO - [2024-04-25T23:52:06.841+0000] {dag.py:3954} INFO - Setting next_dagrun for example_weekday_branch_operator to 2024-04-24 00:00:00+00:00, run_after=2024-04-25 00:00:00+00:00
[2024-04-25T23:52:06.863+0000] {processor.py:183} INFO - Processing /home/airflow/.local/lib/python3.12/site-packages/airflow/example_dags/example_branch_day_of_week_operator.py took 0.089 seconds
[2024-04-25T23:52:36.961+0000] {processor.py:161} INFO - Started process (PID=1937) to work on /home/airflow/.local/lib/python3.12/site-packages/airflow/example_dags/example_branch_day_of_week_operator.py
[2024-04-25T23:52:36.963+0000] {processor.py:830} INFO - Processing file /home/airflow/.local/lib/python3.12/site-packages/airflow/example_dags/example_branch_day_of_week_operator.py for tasks to queue
[2024-04-25T23:52:36.965+0000] {logging_mixin.py:188} INFO - [2024-04-25T23:52:36.965+0000] {dagbag.py:540} INFO - Filling up the DagBag from /home/airflow/.local/lib/python3.12/site-packages/airflow/example_dags/example_branch_day_of_week_operator.py
[2024-04-25T23:52:36.975+0000] {processor.py:840} INFO - DAG(s) 'example_weekday_branch_operator' retrieved from /home/airflow/.local/lib/python3.12/site-packages/airflow/example_dags/example_branch_day_of_week_operator.py
[2024-04-25T23:52:36.997+0000] {logging_mixin.py:188} INFO - [2024-04-25T23:52:36.997+0000] {dag.py:3096} INFO - Sync 1 DAGs
[2024-04-25T23:52:37.018+0000] {logging_mixin.py:188} INFO - [2024-04-25T23:52:37.017+0000] {dag.py:3954} INFO - Setting next_dagrun for example_weekday_branch_operator to 2024-04-24 00:00:00+00:00, run_after=2024-04-25 00:00:00+00:00
[2024-04-25T23:52:37.034+0000] {processor.py:183} INFO - Processing /home/airflow/.local/lib/python3.12/site-packages/airflow/example_dags/example_branch_day_of_week_operator.py took 0.078 seconds
[2024-04-25T23:53:07.149+0000] {processor.py:161} INFO - Started process (PID=1996) to work on /home/airflow/.local/lib/python3.12/site-packages/airflow/example_dags/example_branch_day_of_week_operator.py
[2024-04-25T23:53:07.150+0000] {processor.py:830} INFO - Processing file /home/airflow/.local/lib/python3.12/site-packages/airflow/example_dags/example_branch_day_of_week_operator.py for tasks to queue
[2024-04-25T23:53:07.153+0000] {logging_mixin.py:188} INFO - [2024-04-25T23:53:07.152+0000] {dagbag.py:540} INFO - Filling up the DagBag from /home/airflow/.local/lib/python3.12/site-packages/airflow/example_dags/example_branch_day_of_week_operator.py
[2024-04-25T23:53:07.159+0000] {processor.py:840} INFO - DAG(s) 'example_weekday_branch_operator' retrieved from /home/airflow/.local/lib/python3.12/site-packages/airflow/example_dags/example_branch_day_of_week_operator.py
[2024-04-25T23:53:07.178+0000] {logging_mixin.py:188} INFO - [2024-04-25T23:53:07.178+0000] {dag.py:3096} INFO - Sync 1 DAGs
[2024-04-25T23:53:07.198+0000] {logging_mixin.py:188} INFO - [2024-04-25T23:53:07.198+0000] {dag.py:3954} INFO - Setting next_dagrun for example_weekday_branch_operator to 2024-04-24 00:00:00+00:00, run_after=2024-04-25 00:00:00+00:00
[2024-04-25T23:53:07.215+0000] {processor.py:183} INFO - Processing /home/airflow/.local/lib/python3.12/site-packages/airflow/example_dags/example_branch_day_of_week_operator.py took 0.074 seconds
[2024-04-25T23:53:37.319+0000] {processor.py:161} INFO - Started process (PID=2055) to work on /home/airflow/.local/lib/python3.12/site-packages/airflow/example_dags/example_branch_day_of_week_operator.py
[2024-04-25T23:53:37.320+0000] {processor.py:830} INFO - Processing file /home/airflow/.local/lib/python3.12/site-packages/airflow/example_dags/example_branch_day_of_week_operator.py for tasks to queue
[2024-04-25T23:53:37.322+0000] {logging_mixin.py:188} INFO - [2024-04-25T23:53:37.322+0000] {dagbag.py:540} INFO - Filling up the DagBag from /home/airflow/.local/lib/python3.12/site-packages/airflow/example_dags/example_branch_day_of_week_operator.py
[2024-04-25T23:53:37.328+0000] {processor.py:840} INFO - DAG(s) 'example_weekday_branch_operator' retrieved from /home/airflow/.local/lib/python3.12/site-packages/airflow/example_dags/example_branch_day_of_week_operator.py
[2024-04-25T23:53:37.347+0000] {logging_mixin.py:188} INFO - [2024-04-25T23:53:37.347+0000] {dag.py:3096} INFO - Sync 1 DAGs
[2024-04-25T23:53:37.376+0000] {logging_mixin.py:188} INFO - [2024-04-25T23:53:37.375+0000] {dag.py:3954} INFO - Setting next_dagrun for example_weekday_branch_operator to 2024-04-24 00:00:00+00:00, run_after=2024-04-25 00:00:00+00:00
[2024-04-25T23:53:37.404+0000] {processor.py:183} INFO - Processing /home/airflow/.local/lib/python3.12/site-packages/airflow/example_dags/example_branch_day_of_week_operator.py took 0.090 seconds
[2024-04-25T23:54:07.612+0000] {processor.py:161} INFO - Started process (PID=2114) to work on /home/airflow/.local/lib/python3.12/site-packages/airflow/example_dags/example_branch_day_of_week_operator.py
[2024-04-25T23:54:07.614+0000] {processor.py:830} INFO - Processing file /home/airflow/.local/lib/python3.12/site-packages/airflow/example_dags/example_branch_day_of_week_operator.py for tasks to queue
[2024-04-25T23:54:07.615+0000] {logging_mixin.py:188} INFO - [2024-04-25T23:54:07.615+0000] {dagbag.py:540} INFO - Filling up the DagBag from /home/airflow/.local/lib/python3.12/site-packages/airflow/example_dags/example_branch_day_of_week_operator.py
[2024-04-25T23:54:07.622+0000] {processor.py:840} INFO - DAG(s) 'example_weekday_branch_operator' retrieved from /home/airflow/.local/lib/python3.12/site-packages/airflow/example_dags/example_branch_day_of_week_operator.py
[2024-04-25T23:54:07.640+0000] {logging_mixin.py:188} INFO - [2024-04-25T23:54:07.639+0000] {dag.py:3096} INFO - Sync 1 DAGs
[2024-04-25T23:54:07.658+0000] {logging_mixin.py:188} INFO - [2024-04-25T23:54:07.658+0000] {dag.py:3954} INFO - Setting next_dagrun for example_weekday_branch_operator to 2024-04-24 00:00:00+00:00, run_after=2024-04-25 00:00:00+00:00
[2024-04-25T23:54:07.674+0000] {processor.py:183} INFO - Processing /home/airflow/.local/lib/python3.12/site-packages/airflow/example_dags/example_branch_day_of_week_operator.py took 0.066 seconds
[2024-04-25T23:54:37.896+0000] {processor.py:161} INFO - Started process (PID=2173) to work on /home/airflow/.local/lib/python3.12/site-packages/airflow/example_dags/example_branch_day_of_week_operator.py
[2024-04-25T23:54:37.897+0000] {processor.py:830} INFO - Processing file /home/airflow/.local/lib/python3.12/site-packages/airflow/example_dags/example_branch_day_of_week_operator.py for tasks to queue
[2024-04-25T23:54:37.899+0000] {logging_mixin.py:188} INFO - [2024-04-25T23:54:37.899+0000] {dagbag.py:540} INFO - Filling up the DagBag from /home/airflow/.local/lib/python3.12/site-packages/airflow/example_dags/example_branch_day_of_week_operator.py
[2024-04-25T23:54:37.906+0000] {processor.py:840} INFO - DAG(s) 'example_weekday_branch_operator' retrieved from /home/airflow/.local/lib/python3.12/site-packages/airflow/example_dags/example_branch_day_of_week_operator.py
[2024-04-25T23:54:37.926+0000] {logging_mixin.py:188} INFO - [2024-04-25T23:54:37.925+0000] {dag.py:3096} INFO - Sync 1 DAGs
[2024-04-25T23:54:37.947+0000] {logging_mixin.py:188} INFO - [2024-04-25T23:54:37.947+0000] {dag.py:3954} INFO - Setting next_dagrun for example_weekday_branch_operator to 2024-04-24 00:00:00+00:00, run_after=2024-04-25 00:00:00+00:00
[2024-04-25T23:54:37.968+0000] {processor.py:183} INFO - Processing /home/airflow/.local/lib/python3.12/site-packages/airflow/example_dags/example_branch_day_of_week_operator.py took 0.077 seconds
[2024-04-25T23:55:08.034+0000] {processor.py:161} INFO - Started process (PID=2232) to work on /home/airflow/.local/lib/python3.12/site-packages/airflow/example_dags/example_branch_day_of_week_operator.py
[2024-04-25T23:55:08.035+0000] {processor.py:830} INFO - Processing file /home/airflow/.local/lib/python3.12/site-packages/airflow/example_dags/example_branch_day_of_week_operator.py for tasks to queue
[2024-04-25T23:55:08.037+0000] {logging_mixin.py:188} INFO - [2024-04-25T23:55:08.037+0000] {dagbag.py:540} INFO - Filling up the DagBag from /home/airflow/.local/lib/python3.12/site-packages/airflow/example_dags/example_branch_day_of_week_operator.py
[2024-04-25T23:55:08.043+0000] {processor.py:840} INFO - DAG(s) 'example_weekday_branch_operator' retrieved from /home/airflow/.local/lib/python3.12/site-packages/airflow/example_dags/example_branch_day_of_week_operator.py
[2024-04-25T23:55:08.063+0000] {logging_mixin.py:188} INFO - [2024-04-25T23:55:08.063+0000] {dag.py:3096} INFO - Sync 1 DAGs
[2024-04-25T23:55:08.084+0000] {logging_mixin.py:188} INFO - [2024-04-25T23:55:08.084+0000] {dag.py:3954} INFO - Setting next_dagrun for example_weekday_branch_operator to 2024-04-24 00:00:00+00:00, run_after=2024-04-25 00:00:00+00:00
[2024-04-25T23:55:08.103+0000] {processor.py:183} INFO - Processing /home/airflow/.local/lib/python3.12/site-packages/airflow/example_dags/example_branch_day_of_week_operator.py took 0.074 seconds
[2024-04-25T23:55:38.182+0000] {processor.py:161} INFO - Started process (PID=2291) to work on /home/airflow/.local/lib/python3.12/site-packages/airflow/example_dags/example_branch_day_of_week_operator.py
[2024-04-25T23:55:38.183+0000] {processor.py:830} INFO - Processing file /home/airflow/.local/lib/python3.12/site-packages/airflow/example_dags/example_branch_day_of_week_operator.py for tasks to queue
[2024-04-25T23:55:38.184+0000] {logging_mixin.py:188} INFO - [2024-04-25T23:55:38.184+0000] {dagbag.py:540} INFO - Filling up the DagBag from /home/airflow/.local/lib/python3.12/site-packages/airflow/example_dags/example_branch_day_of_week_operator.py
[2024-04-25T23:55:38.191+0000] {processor.py:840} INFO - DAG(s) 'example_weekday_branch_operator' retrieved from /home/airflow/.local/lib/python3.12/site-packages/airflow/example_dags/example_branch_day_of_week_operator.py
[2024-04-25T23:55:38.212+0000] {logging_mixin.py:188} INFO - [2024-04-25T23:55:38.212+0000] {dag.py:3096} INFO - Sync 1 DAGs
[2024-04-25T23:55:38.232+0000] {logging_mixin.py:188} INFO - [2024-04-25T23:55:38.231+0000] {dag.py:3954} INFO - Setting next_dagrun for example_weekday_branch_operator to 2024-04-24 00:00:00+00:00, run_after=2024-04-25 00:00:00+00:00
[2024-04-25T23:55:38.251+0000] {processor.py:183} INFO - Processing /home/airflow/.local/lib/python3.12/site-packages/airflow/example_dags/example_branch_day_of_week_operator.py took 0.077 seconds
[2024-04-25T23:56:09.132+0000] {processor.py:161} INFO - Started process (PID=2350) to work on /home/airflow/.local/lib/python3.12/site-packages/airflow/example_dags/example_branch_day_of_week_operator.py
[2024-04-25T23:56:09.133+0000] {processor.py:830} INFO - Processing file /home/airflow/.local/lib/python3.12/site-packages/airflow/example_dags/example_branch_day_of_week_operator.py for tasks to queue
[2024-04-25T23:56:09.135+0000] {logging_mixin.py:188} INFO - [2024-04-25T23:56:09.135+0000] {dagbag.py:540} INFO - Filling up the DagBag from /home/airflow/.local/lib/python3.12/site-packages/airflow/example_dags/example_branch_day_of_week_operator.py
[2024-04-25T23:56:09.141+0000] {processor.py:840} INFO - DAG(s) 'example_weekday_branch_operator' retrieved from /home/airflow/.local/lib/python3.12/site-packages/airflow/example_dags/example_branch_day_of_week_operator.py
[2024-04-25T23:56:09.161+0000] {logging_mixin.py:188} INFO - [2024-04-25T23:56:09.161+0000] {dag.py:3096} INFO - Sync 1 DAGs
[2024-04-25T23:56:09.181+0000] {logging_mixin.py:188} INFO - [2024-04-25T23:56:09.180+0000] {dag.py:3954} INFO - Setting next_dagrun for example_weekday_branch_operator to 2024-04-24 00:00:00+00:00, run_after=2024-04-25 00:00:00+00:00
[2024-04-25T23:56:09.200+0000] {processor.py:183} INFO - Processing /home/airflow/.local/lib/python3.12/site-packages/airflow/example_dags/example_branch_day_of_week_operator.py took 0.073 seconds
[2024-04-25T23:56:39.615+0000] {processor.py:161} INFO - Started process (PID=2409) to work on /home/airflow/.local/lib/python3.12/site-packages/airflow/example_dags/example_branch_day_of_week_operator.py
[2024-04-25T23:56:39.617+0000] {processor.py:830} INFO - Processing file /home/airflow/.local/lib/python3.12/site-packages/airflow/example_dags/example_branch_day_of_week_operator.py for tasks to queue
[2024-04-25T23:56:39.620+0000] {logging_mixin.py:188} INFO - [2024-04-25T23:56:39.619+0000] {dagbag.py:540} INFO - Filling up the DagBag from /home/airflow/.local/lib/python3.12/site-packages/airflow/example_dags/example_branch_day_of_week_operator.py
[2024-04-25T23:56:39.629+0000] {processor.py:840} INFO - DAG(s) 'example_weekday_branch_operator' retrieved from /home/airflow/.local/lib/python3.12/site-packages/airflow/example_dags/example_branch_day_of_week_operator.py
[2024-04-25T23:56:39.651+0000] {logging_mixin.py:188} INFO - [2024-04-25T23:56:39.651+0000] {dag.py:3096} INFO - Sync 1 DAGs
[2024-04-25T23:56:39.677+0000] {logging_mixin.py:188} INFO - [2024-04-25T23:56:39.677+0000] {dag.py:3954} INFO - Setting next_dagrun for example_weekday_branch_operator to 2024-04-24 00:00:00+00:00, run_after=2024-04-25 00:00:00+00:00
[2024-04-25T23:56:39.709+0000] {processor.py:183} INFO - Processing /home/airflow/.local/lib/python3.12/site-packages/airflow/example_dags/example_branch_day_of_week_operator.py took 0.101 seconds
[2024-04-25T23:57:10.479+0000] {processor.py:161} INFO - Started process (PID=2468) to work on /home/airflow/.local/lib/python3.12/site-packages/airflow/example_dags/example_branch_day_of_week_operator.py
[2024-04-25T23:57:10.481+0000] {processor.py:830} INFO - Processing file /home/airflow/.local/lib/python3.12/site-packages/airflow/example_dags/example_branch_day_of_week_operator.py for tasks to queue
[2024-04-25T23:57:10.482+0000] {logging_mixin.py:188} INFO - [2024-04-25T23:57:10.482+0000] {dagbag.py:540} INFO - Filling up the DagBag from /home/airflow/.local/lib/python3.12/site-packages/airflow/example_dags/example_branch_day_of_week_operator.py
[2024-04-25T23:57:10.490+0000] {processor.py:840} INFO - DAG(s) 'example_weekday_branch_operator' retrieved from /home/airflow/.local/lib/python3.12/site-packages/airflow/example_dags/example_branch_day_of_week_operator.py
[2024-04-25T23:57:10.523+0000] {logging_mixin.py:188} INFO - [2024-04-25T23:57:10.523+0000] {dag.py:3096} INFO - Sync 1 DAGs
[2024-04-25T23:57:10.555+0000] {logging_mixin.py:188} INFO - [2024-04-25T23:57:10.555+0000] {dag.py:3954} INFO - Setting next_dagrun for example_weekday_branch_operator to 2024-04-24 00:00:00+00:00, run_after=2024-04-25 00:00:00+00:00
[2024-04-25T23:57:10.592+0000] {processor.py:183} INFO - Processing /home/airflow/.local/lib/python3.12/site-packages/airflow/example_dags/example_branch_day_of_week_operator.py took 0.120 seconds
[2024-04-25T23:57:41.122+0000] {processor.py:161} INFO - Started process (PID=2527) to work on /home/airflow/.local/lib/python3.12/site-packages/airflow/example_dags/example_branch_day_of_week_operator.py
[2024-04-25T23:57:41.123+0000] {processor.py:830} INFO - Processing file /home/airflow/.local/lib/python3.12/site-packages/airflow/example_dags/example_branch_day_of_week_operator.py for tasks to queue
[2024-04-25T23:57:41.125+0000] {logging_mixin.py:188} INFO - [2024-04-25T23:57:41.125+0000] {dagbag.py:540} INFO - Filling up the DagBag from /home/airflow/.local/lib/python3.12/site-packages/airflow/example_dags/example_branch_day_of_week_operator.py
[2024-04-25T23:57:41.139+0000] {processor.py:840} INFO - DAG(s) 'example_weekday_branch_operator' retrieved from /home/airflow/.local/lib/python3.12/site-packages/airflow/example_dags/example_branch_day_of_week_operator.py
[2024-04-25T23:57:41.164+0000] {logging_mixin.py:188} INFO - [2024-04-25T23:57:41.164+0000] {dag.py:3096} INFO - Sync 1 DAGs
[2024-04-25T23:57:41.190+0000] {logging_mixin.py:188} INFO - [2024-04-25T23:57:41.189+0000] {dag.py:3954} INFO - Setting next_dagrun for example_weekday_branch_operator to 2024-04-24 00:00:00+00:00, run_after=2024-04-25 00:00:00+00:00
[2024-04-25T23:57:41.211+0000] {processor.py:183} INFO - Processing /home/airflow/.local/lib/python3.12/site-packages/airflow/example_dags/example_branch_day_of_week_operator.py took 0.094 seconds
[2024-04-25T23:58:11.253+0000] {processor.py:161} INFO - Started process (PID=2586) to work on /home/airflow/.local/lib/python3.12/site-packages/airflow/example_dags/example_branch_day_of_week_operator.py
[2024-04-25T23:58:11.255+0000] {processor.py:830} INFO - Processing file /home/airflow/.local/lib/python3.12/site-packages/airflow/example_dags/example_branch_day_of_week_operator.py for tasks to queue
[2024-04-25T23:58:11.256+0000] {logging_mixin.py:188} INFO - [2024-04-25T23:58:11.256+0000] {dagbag.py:540} INFO - Filling up the DagBag from /home/airflow/.local/lib/python3.12/site-packages/airflow/example_dags/example_branch_day_of_week_operator.py
[2024-04-25T23:58:11.263+0000] {processor.py:840} INFO - DAG(s) 'example_weekday_branch_operator' retrieved from /home/airflow/.local/lib/python3.12/site-packages/airflow/example_dags/example_branch_day_of_week_operator.py
[2024-04-25T23:58:11.289+0000] {logging_mixin.py:188} INFO - [2024-04-25T23:58:11.289+0000] {dag.py:3096} INFO - Sync 1 DAGs
[2024-04-25T23:58:11.313+0000] {logging_mixin.py:188} INFO - [2024-04-25T23:58:11.313+0000] {dag.py:3954} INFO - Setting next_dagrun for example_weekday_branch_operator to 2024-04-24 00:00:00+00:00, run_after=2024-04-25 00:00:00+00:00
[2024-04-25T23:58:11.333+0000] {processor.py:183} INFO - Processing /home/airflow/.local/lib/python3.12/site-packages/airflow/example_dags/example_branch_day_of_week_operator.py took 0.085 seconds
[2024-04-25T23:58:41.554+0000] {processor.py:161} INFO - Started process (PID=2645) to work on /home/airflow/.local/lib/python3.12/site-packages/airflow/example_dags/example_branch_day_of_week_operator.py
[2024-04-25T23:58:41.555+0000] {processor.py:830} INFO - Processing file /home/airflow/.local/lib/python3.12/site-packages/airflow/example_dags/example_branch_day_of_week_operator.py for tasks to queue
[2024-04-25T23:58:41.559+0000] {logging_mixin.py:188} INFO - [2024-04-25T23:58:41.559+0000] {dagbag.py:540} INFO - Filling up the DagBag from /home/airflow/.local/lib/python3.12/site-packages/airflow/example_dags/example_branch_day_of_week_operator.py
[2024-04-25T23:58:41.567+0000] {processor.py:840} INFO - DAG(s) 'example_weekday_branch_operator' retrieved from /home/airflow/.local/lib/python3.12/site-packages/airflow/example_dags/example_branch_day_of_week_operator.py
[2024-04-25T23:58:41.585+0000] {logging_mixin.py:188} INFO - [2024-04-25T23:58:41.584+0000] {dag.py:3096} INFO - Sync 1 DAGs
[2024-04-25T23:58:41.603+0000] {logging_mixin.py:188} INFO - [2024-04-25T23:58:41.603+0000] {dag.py:3954} INFO - Setting next_dagrun for example_weekday_branch_operator to 2024-04-24 00:00:00+00:00, run_after=2024-04-25 00:00:00+00:00
[2024-04-25T23:58:41.633+0000] {processor.py:183} INFO - Processing /home/airflow/.local/lib/python3.12/site-packages/airflow/example_dags/example_branch_day_of_week_operator.py took 0.086 seconds
[2024-04-25T23:59:12.103+0000] {processor.py:161} INFO - Started process (PID=2704) to work on /home/airflow/.local/lib/python3.12/site-packages/airflow/example_dags/example_branch_day_of_week_operator.py
[2024-04-25T23:59:12.104+0000] {processor.py:830} INFO - Processing file /home/airflow/.local/lib/python3.12/site-packages/airflow/example_dags/example_branch_day_of_week_operator.py for tasks to queue
[2024-04-25T23:59:12.106+0000] {logging_mixin.py:188} INFO - [2024-04-25T23:59:12.105+0000] {dagbag.py:540} INFO - Filling up the DagBag from /home/airflow/.local/lib/python3.12/site-packages/airflow/example_dags/example_branch_day_of_week_operator.py
[2024-04-25T23:59:12.112+0000] {processor.py:840} INFO - DAG(s) 'example_weekday_branch_operator' retrieved from /home/airflow/.local/lib/python3.12/site-packages/airflow/example_dags/example_branch_day_of_week_operator.py
[2024-04-25T23:59:12.132+0000] {logging_mixin.py:188} INFO - [2024-04-25T23:59:12.131+0000] {dag.py:3096} INFO - Sync 1 DAGs
[2024-04-25T23:59:12.154+0000] {logging_mixin.py:188} INFO - [2024-04-25T23:59:12.154+0000] {dag.py:3954} INFO - Setting next_dagrun for example_weekday_branch_operator to 2024-04-24 00:00:00+00:00, run_after=2024-04-25 00:00:00+00:00
[2024-04-25T23:59:12.173+0000] {processor.py:183} INFO - Processing /home/airflow/.local/lib/python3.12/site-packages/airflow/example_dags/example_branch_day_of_week_operator.py took 0.075 seconds
[2024-04-25T23:59:42.411+0000] {processor.py:161} INFO - Started process (PID=2763) to work on /home/airflow/.local/lib/python3.12/site-packages/airflow/example_dags/example_branch_day_of_week_operator.py
[2024-04-25T23:59:42.413+0000] {processor.py:830} INFO - Processing file /home/airflow/.local/lib/python3.12/site-packages/airflow/example_dags/example_branch_day_of_week_operator.py for tasks to queue
[2024-04-25T23:59:42.415+0000] {logging_mixin.py:188} INFO - [2024-04-25T23:59:42.414+0000] {dagbag.py:540} INFO - Filling up the DagBag from /home/airflow/.local/lib/python3.12/site-packages/airflow/example_dags/example_branch_day_of_week_operator.py
[2024-04-25T23:59:42.422+0000] {processor.py:840} INFO - DAG(s) 'example_weekday_branch_operator' retrieved from /home/airflow/.local/lib/python3.12/site-packages/airflow/example_dags/example_branch_day_of_week_operator.py
[2024-04-25T23:59:42.443+0000] {logging_mixin.py:188} INFO - [2024-04-25T23:59:42.443+0000] {dag.py:3096} INFO - Sync 1 DAGs
[2024-04-25T23:59:42.465+0000] {logging_mixin.py:188} INFO - [2024-04-25T23:59:42.465+0000] {dag.py:3954} INFO - Setting next_dagrun for example_weekday_branch_operator to 2024-04-24 00:00:00+00:00, run_after=2024-04-25 00:00:00+00:00
[2024-04-25T23:59:42.489+0000] {processor.py:183} INFO - Processing /home/airflow/.local/lib/python3.12/site-packages/airflow/example_dags/example_branch_day_of_week_operator.py took 0.084 seconds
