[2024-04-25T23:36:21.695+0000] {processor.py:161} INFO - Started process (PID=47) to work on /home/airflow/.local/lib/python3.12/site-packages/airflow/example_dags/example_task_group_decorator.py
[2024-04-25T23:36:21.696+0000] {processor.py:830} INFO - Processing file /home/airflow/.local/lib/python3.12/site-packages/airflow/example_dags/example_task_group_decorator.py for tasks to queue
[2024-04-25T23:36:21.699+0000] {logging_mixin.py:188} INFO - [2024-04-25T23:36:21.699+0000] {dagbag.py:540} INFO - Filling up the DagBag from /home/airflow/.local/lib/python3.12/site-packages/airflow/example_dags/example_task_group_decorator.py
[2024-04-25T23:36:21.726+0000] {processor.py:840} INFO - DAG(s) 'example_task_group_decorator' retrieved from /home/airflow/.local/lib/python3.12/site-packages/airflow/example_dags/example_task_group_decorator.py
[2024-04-25T23:36:21.747+0000] {logging_mixin.py:188} INFO - [2024-04-25T23:36:21.746+0000] {dag.py:3096} INFO - Sync 1 DAGs
[2024-04-25T23:36:21.801+0000] {logging_mixin.py:188} INFO - [2024-04-25T23:36:21.800+0000] {dag.py:3954} INFO - Setting next_dagrun for example_task_group_decorator to 2024-04-24 00:00:00+00:00, run_after=2024-04-25 00:00:00+00:00
[2024-04-25T23:36:21.844+0000] {processor.py:183} INFO - Processing /home/airflow/.local/lib/python3.12/site-packages/airflow/example_dags/example_task_group_decorator.py took 0.157 seconds
[2024-04-25T23:36:52.955+0000] {processor.py:161} INFO - Started process (PID=106) to work on /home/airflow/.local/lib/python3.12/site-packages/airflow/example_dags/example_task_group_decorator.py
[2024-04-25T23:36:52.956+0000] {processor.py:830} INFO - Processing file /home/airflow/.local/lib/python3.12/site-packages/airflow/example_dags/example_task_group_decorator.py for tasks to queue
[2024-04-25T23:36:52.959+0000] {logging_mixin.py:188} INFO - [2024-04-25T23:36:52.958+0000] {dagbag.py:540} INFO - Filling up the DagBag from /home/airflow/.local/lib/python3.12/site-packages/airflow/example_dags/example_task_group_decorator.py
[2024-04-25T23:36:52.973+0000] {processor.py:840} INFO - DAG(s) 'example_task_group_decorator' retrieved from /home/airflow/.local/lib/python3.12/site-packages/airflow/example_dags/example_task_group_decorator.py
[2024-04-25T23:36:53.110+0000] {logging_mixin.py:188} INFO - [2024-04-25T23:36:53.110+0000] {dag.py:3096} INFO - Sync 1 DAGs
[2024-04-25T23:36:53.131+0000] {logging_mixin.py:188} INFO - [2024-04-25T23:36:53.131+0000] {dag.py:3954} INFO - Setting next_dagrun for example_task_group_decorator to 2024-04-24 00:00:00+00:00, run_after=2024-04-25 00:00:00+00:00
[2024-04-25T23:36:53.165+0000] {processor.py:183} INFO - Processing /home/airflow/.local/lib/python3.12/site-packages/airflow/example_dags/example_task_group_decorator.py took 0.217 seconds
[2024-04-25T23:37:23.681+0000] {processor.py:161} INFO - Started process (PID=165) to work on /home/airflow/.local/lib/python3.12/site-packages/airflow/example_dags/example_task_group_decorator.py
[2024-04-25T23:37:23.683+0000] {processor.py:830} INFO - Processing file /home/airflow/.local/lib/python3.12/site-packages/airflow/example_dags/example_task_group_decorator.py for tasks to queue
[2024-04-25T23:37:23.685+0000] {logging_mixin.py:188} INFO - [2024-04-25T23:37:23.685+0000] {dagbag.py:540} INFO - Filling up the DagBag from /home/airflow/.local/lib/python3.12/site-packages/airflow/example_dags/example_task_group_decorator.py
[2024-04-25T23:37:23.699+0000] {processor.py:840} INFO - DAG(s) 'example_task_group_decorator' retrieved from /home/airflow/.local/lib/python3.12/site-packages/airflow/example_dags/example_task_group_decorator.py
[2024-04-25T23:37:23.727+0000] {logging_mixin.py:188} INFO - [2024-04-25T23:37:23.727+0000] {dag.py:3096} INFO - Sync 1 DAGs
[2024-04-25T23:37:23.747+0000] {logging_mixin.py:188} INFO - [2024-04-25T23:37:23.747+0000] {dag.py:3954} INFO - Setting next_dagrun for example_task_group_decorator to 2024-04-24 00:00:00+00:00, run_after=2024-04-25 00:00:00+00:00
[2024-04-25T23:37:23.765+0000] {processor.py:183} INFO - Processing /home/airflow/.local/lib/python3.12/site-packages/airflow/example_dags/example_task_group_decorator.py took 0.090 seconds
[2024-04-25T23:37:54.260+0000] {processor.py:161} INFO - Started process (PID=224) to work on /home/airflow/.local/lib/python3.12/site-packages/airflow/example_dags/example_task_group_decorator.py
[2024-04-25T23:37:54.261+0000] {processor.py:830} INFO - Processing file /home/airflow/.local/lib/python3.12/site-packages/airflow/example_dags/example_task_group_decorator.py for tasks to queue
[2024-04-25T23:37:54.263+0000] {logging_mixin.py:188} INFO - [2024-04-25T23:37:54.263+0000] {dagbag.py:540} INFO - Filling up the DagBag from /home/airflow/.local/lib/python3.12/site-packages/airflow/example_dags/example_task_group_decorator.py
[2024-04-25T23:37:54.276+0000] {processor.py:840} INFO - DAG(s) 'example_task_group_decorator' retrieved from /home/airflow/.local/lib/python3.12/site-packages/airflow/example_dags/example_task_group_decorator.py
[2024-04-25T23:37:54.298+0000] {logging_mixin.py:188} INFO - [2024-04-25T23:37:54.298+0000] {dag.py:3096} INFO - Sync 1 DAGs
[2024-04-25T23:37:54.315+0000] {logging_mixin.py:188} INFO - [2024-04-25T23:37:54.315+0000] {dag.py:3954} INFO - Setting next_dagrun for example_task_group_decorator to 2024-04-24 00:00:00+00:00, run_after=2024-04-25 00:00:00+00:00
[2024-04-25T23:37:54.333+0000] {processor.py:183} INFO - Processing /home/airflow/.local/lib/python3.12/site-packages/airflow/example_dags/example_task_group_decorator.py took 0.079 seconds
[2024-04-25T23:38:25.299+0000] {processor.py:161} INFO - Started process (PID=283) to work on /home/airflow/.local/lib/python3.12/site-packages/airflow/example_dags/example_task_group_decorator.py
[2024-04-25T23:38:25.301+0000] {processor.py:830} INFO - Processing file /home/airflow/.local/lib/python3.12/site-packages/airflow/example_dags/example_task_group_decorator.py for tasks to queue
[2024-04-25T23:38:25.304+0000] {logging_mixin.py:188} INFO - [2024-04-25T23:38:25.303+0000] {dagbag.py:540} INFO - Filling up the DagBag from /home/airflow/.local/lib/python3.12/site-packages/airflow/example_dags/example_task_group_decorator.py
[2024-04-25T23:38:25.321+0000] {processor.py:840} INFO - DAG(s) 'example_task_group_decorator' retrieved from /home/airflow/.local/lib/python3.12/site-packages/airflow/example_dags/example_task_group_decorator.py
[2024-04-25T23:38:25.350+0000] {logging_mixin.py:188} INFO - [2024-04-25T23:38:25.349+0000] {dag.py:3096} INFO - Sync 1 DAGs
[2024-04-25T23:38:25.378+0000] {logging_mixin.py:188} INFO - [2024-04-25T23:38:25.378+0000] {dag.py:3954} INFO - Setting next_dagrun for example_task_group_decorator to 2024-04-24 00:00:00+00:00, run_after=2024-04-25 00:00:00+00:00
[2024-04-25T23:38:25.404+0000] {processor.py:183} INFO - Processing /home/airflow/.local/lib/python3.12/site-packages/airflow/example_dags/example_task_group_decorator.py took 0.112 seconds
[2024-04-25T23:38:55.754+0000] {processor.py:161} INFO - Started process (PID=343) to work on /home/airflow/.local/lib/python3.12/site-packages/airflow/example_dags/example_task_group_decorator.py
[2024-04-25T23:38:55.755+0000] {processor.py:830} INFO - Processing file /home/airflow/.local/lib/python3.12/site-packages/airflow/example_dags/example_task_group_decorator.py for tasks to queue
[2024-04-25T23:38:55.757+0000] {logging_mixin.py:188} INFO - [2024-04-25T23:38:55.757+0000] {dagbag.py:540} INFO - Filling up the DagBag from /home/airflow/.local/lib/python3.12/site-packages/airflow/example_dags/example_task_group_decorator.py
[2024-04-25T23:38:55.797+0000] {processor.py:840} INFO - DAG(s) 'example_task_group_decorator' retrieved from /home/airflow/.local/lib/python3.12/site-packages/airflow/example_dags/example_task_group_decorator.py
[2024-04-25T23:38:55.832+0000] {logging_mixin.py:188} INFO - [2024-04-25T23:38:55.831+0000] {dag.py:3096} INFO - Sync 1 DAGs
[2024-04-25T23:38:55.861+0000] {logging_mixin.py:188} INFO - [2024-04-25T23:38:55.861+0000] {dag.py:3954} INFO - Setting next_dagrun for example_task_group_decorator to 2024-04-24 00:00:00+00:00, run_after=2024-04-25 00:00:00+00:00
[2024-04-25T23:38:55.888+0000] {processor.py:183} INFO - Processing /home/airflow/.local/lib/python3.12/site-packages/airflow/example_dags/example_task_group_decorator.py took 0.139 seconds
[2024-04-25T23:39:26.277+0000] {processor.py:161} INFO - Started process (PID=402) to work on /home/airflow/.local/lib/python3.12/site-packages/airflow/example_dags/example_task_group_decorator.py
[2024-04-25T23:39:26.278+0000] {processor.py:830} INFO - Processing file /home/airflow/.local/lib/python3.12/site-packages/airflow/example_dags/example_task_group_decorator.py for tasks to queue
[2024-04-25T23:39:26.280+0000] {logging_mixin.py:188} INFO - [2024-04-25T23:39:26.279+0000] {dagbag.py:540} INFO - Filling up the DagBag from /home/airflow/.local/lib/python3.12/site-packages/airflow/example_dags/example_task_group_decorator.py
[2024-04-25T23:39:26.294+0000] {processor.py:840} INFO - DAG(s) 'example_task_group_decorator' retrieved from /home/airflow/.local/lib/python3.12/site-packages/airflow/example_dags/example_task_group_decorator.py
[2024-04-25T23:39:26.319+0000] {logging_mixin.py:188} INFO - [2024-04-25T23:39:26.319+0000] {dag.py:3096} INFO - Sync 1 DAGs
[2024-04-25T23:39:26.341+0000] {logging_mixin.py:188} INFO - [2024-04-25T23:39:26.340+0000] {dag.py:3954} INFO - Setting next_dagrun for example_task_group_decorator to 2024-04-24 00:00:00+00:00, run_after=2024-04-25 00:00:00+00:00
[2024-04-25T23:39:26.359+0000] {processor.py:183} INFO - Processing /home/airflow/.local/lib/python3.12/site-packages/airflow/example_dags/example_task_group_decorator.py took 0.087 seconds
[2024-04-25T23:39:56.702+0000] {processor.py:161} INFO - Started process (PID=461) to work on /home/airflow/.local/lib/python3.12/site-packages/airflow/example_dags/example_task_group_decorator.py
[2024-04-25T23:39:56.703+0000] {processor.py:830} INFO - Processing file /home/airflow/.local/lib/python3.12/site-packages/airflow/example_dags/example_task_group_decorator.py for tasks to queue
[2024-04-25T23:39:56.705+0000] {logging_mixin.py:188} INFO - [2024-04-25T23:39:56.704+0000] {dagbag.py:540} INFO - Filling up the DagBag from /home/airflow/.local/lib/python3.12/site-packages/airflow/example_dags/example_task_group_decorator.py
[2024-04-25T23:39:56.717+0000] {processor.py:840} INFO - DAG(s) 'example_task_group_decorator' retrieved from /home/airflow/.local/lib/python3.12/site-packages/airflow/example_dags/example_task_group_decorator.py
[2024-04-25T23:39:56.740+0000] {logging_mixin.py:188} INFO - [2024-04-25T23:39:56.740+0000] {dag.py:3096} INFO - Sync 1 DAGs
[2024-04-25T23:39:56.760+0000] {logging_mixin.py:188} INFO - [2024-04-25T23:39:56.760+0000] {dag.py:3954} INFO - Setting next_dagrun for example_task_group_decorator to 2024-04-24 00:00:00+00:00, run_after=2024-04-25 00:00:00+00:00
[2024-04-25T23:39:56.779+0000] {processor.py:183} INFO - Processing /home/airflow/.local/lib/python3.12/site-packages/airflow/example_dags/example_task_group_decorator.py took 0.083 seconds
[2024-04-25T23:40:27.069+0000] {processor.py:161} INFO - Started process (PID=520) to work on /home/airflow/.local/lib/python3.12/site-packages/airflow/example_dags/example_task_group_decorator.py
[2024-04-25T23:40:27.070+0000] {processor.py:830} INFO - Processing file /home/airflow/.local/lib/python3.12/site-packages/airflow/example_dags/example_task_group_decorator.py for tasks to queue
[2024-04-25T23:40:27.072+0000] {logging_mixin.py:188} INFO - [2024-04-25T23:40:27.071+0000] {dagbag.py:540} INFO - Filling up the DagBag from /home/airflow/.local/lib/python3.12/site-packages/airflow/example_dags/example_task_group_decorator.py
[2024-04-25T23:40:27.085+0000] {processor.py:840} INFO - DAG(s) 'example_task_group_decorator' retrieved from /home/airflow/.local/lib/python3.12/site-packages/airflow/example_dags/example_task_group_decorator.py
[2024-04-25T23:40:27.108+0000] {logging_mixin.py:188} INFO - [2024-04-25T23:40:27.107+0000] {dag.py:3096} INFO - Sync 1 DAGs
[2024-04-25T23:40:27.129+0000] {logging_mixin.py:188} INFO - [2024-04-25T23:40:27.128+0000] {dag.py:3954} INFO - Setting next_dagrun for example_task_group_decorator to 2024-04-24 00:00:00+00:00, run_after=2024-04-25 00:00:00+00:00
[2024-04-25T23:40:27.149+0000] {processor.py:183} INFO - Processing /home/airflow/.local/lib/python3.12/site-packages/airflow/example_dags/example_task_group_decorator.py took 0.086 seconds
[2024-04-25T23:40:57.308+0000] {processor.py:161} INFO - Started process (PID=579) to work on /home/airflow/.local/lib/python3.12/site-packages/airflow/example_dags/example_task_group_decorator.py
[2024-04-25T23:40:57.309+0000] {processor.py:830} INFO - Processing file /home/airflow/.local/lib/python3.12/site-packages/airflow/example_dags/example_task_group_decorator.py for tasks to queue
[2024-04-25T23:40:57.311+0000] {logging_mixin.py:188} INFO - [2024-04-25T23:40:57.311+0000] {dagbag.py:540} INFO - Filling up the DagBag from /home/airflow/.local/lib/python3.12/site-packages/airflow/example_dags/example_task_group_decorator.py
[2024-04-25T23:40:57.327+0000] {processor.py:840} INFO - DAG(s) 'example_task_group_decorator' retrieved from /home/airflow/.local/lib/python3.12/site-packages/airflow/example_dags/example_task_group_decorator.py
[2024-04-25T23:40:57.351+0000] {logging_mixin.py:188} INFO - [2024-04-25T23:40:57.350+0000] {dag.py:3096} INFO - Sync 1 DAGs
[2024-04-25T23:40:57.371+0000] {logging_mixin.py:188} INFO - [2024-04-25T23:40:57.370+0000] {dag.py:3954} INFO - Setting next_dagrun for example_task_group_decorator to 2024-04-24 00:00:00+00:00, run_after=2024-04-25 00:00:00+00:00
[2024-04-25T23:40:57.391+0000] {processor.py:183} INFO - Processing /home/airflow/.local/lib/python3.12/site-packages/airflow/example_dags/example_task_group_decorator.py took 0.091 seconds
[2024-04-25T23:41:28.003+0000] {processor.py:161} INFO - Started process (PID=638) to work on /home/airflow/.local/lib/python3.12/site-packages/airflow/example_dags/example_task_group_decorator.py
[2024-04-25T23:41:28.004+0000] {processor.py:830} INFO - Processing file /home/airflow/.local/lib/python3.12/site-packages/airflow/example_dags/example_task_group_decorator.py for tasks to queue
[2024-04-25T23:41:28.006+0000] {logging_mixin.py:188} INFO - [2024-04-25T23:41:28.006+0000] {dagbag.py:540} INFO - Filling up the DagBag from /home/airflow/.local/lib/python3.12/site-packages/airflow/example_dags/example_task_group_decorator.py
[2024-04-25T23:41:28.018+0000] {processor.py:840} INFO - DAG(s) 'example_task_group_decorator' retrieved from /home/airflow/.local/lib/python3.12/site-packages/airflow/example_dags/example_task_group_decorator.py
[2024-04-25T23:41:28.038+0000] {logging_mixin.py:188} INFO - [2024-04-25T23:41:28.038+0000] {dag.py:3096} INFO - Sync 1 DAGs
[2024-04-25T23:41:28.058+0000] {logging_mixin.py:188} INFO - [2024-04-25T23:41:28.058+0000] {dag.py:3954} INFO - Setting next_dagrun for example_task_group_decorator to 2024-04-24 00:00:00+00:00, run_after=2024-04-25 00:00:00+00:00
[2024-04-25T23:41:28.076+0000] {processor.py:183} INFO - Processing /home/airflow/.local/lib/python3.12/site-packages/airflow/example_dags/example_task_group_decorator.py took 0.079 seconds
[2024-04-25T23:41:58.508+0000] {processor.py:161} INFO - Started process (PID=697) to work on /home/airflow/.local/lib/python3.12/site-packages/airflow/example_dags/example_task_group_decorator.py
[2024-04-25T23:41:58.509+0000] {processor.py:830} INFO - Processing file /home/airflow/.local/lib/python3.12/site-packages/airflow/example_dags/example_task_group_decorator.py for tasks to queue
[2024-04-25T23:41:58.511+0000] {logging_mixin.py:188} INFO - [2024-04-25T23:41:58.511+0000] {dagbag.py:540} INFO - Filling up the DagBag from /home/airflow/.local/lib/python3.12/site-packages/airflow/example_dags/example_task_group_decorator.py
[2024-04-25T23:41:58.523+0000] {processor.py:840} INFO - DAG(s) 'example_task_group_decorator' retrieved from /home/airflow/.local/lib/python3.12/site-packages/airflow/example_dags/example_task_group_decorator.py
[2024-04-25T23:41:58.545+0000] {logging_mixin.py:188} INFO - [2024-04-25T23:41:58.545+0000] {dag.py:3096} INFO - Sync 1 DAGs
[2024-04-25T23:41:58.565+0000] {logging_mixin.py:188} INFO - [2024-04-25T23:41:58.565+0000] {dag.py:3954} INFO - Setting next_dagrun for example_task_group_decorator to 2024-04-24 00:00:00+00:00, run_after=2024-04-25 00:00:00+00:00
[2024-04-25T23:41:58.583+0000] {processor.py:183} INFO - Processing /home/airflow/.local/lib/python3.12/site-packages/airflow/example_dags/example_task_group_decorator.py took 0.080 seconds
[2024-04-25T23:42:28.836+0000] {processor.py:161} INFO - Started process (PID=757) to work on /home/airflow/.local/lib/python3.12/site-packages/airflow/example_dags/example_task_group_decorator.py
[2024-04-25T23:42:28.838+0000] {processor.py:830} INFO - Processing file /home/airflow/.local/lib/python3.12/site-packages/airflow/example_dags/example_task_group_decorator.py for tasks to queue
[2024-04-25T23:42:28.839+0000] {logging_mixin.py:188} INFO - [2024-04-25T23:42:28.839+0000] {dagbag.py:540} INFO - Filling up the DagBag from /home/airflow/.local/lib/python3.12/site-packages/airflow/example_dags/example_task_group_decorator.py
[2024-04-25T23:42:28.850+0000] {processor.py:840} INFO - DAG(s) 'example_task_group_decorator' retrieved from /home/airflow/.local/lib/python3.12/site-packages/airflow/example_dags/example_task_group_decorator.py
[2024-04-25T23:42:28.871+0000] {logging_mixin.py:188} INFO - [2024-04-25T23:42:28.871+0000] {dag.py:3096} INFO - Sync 1 DAGs
[2024-04-25T23:42:28.888+0000] {logging_mixin.py:188} INFO - [2024-04-25T23:42:28.888+0000] {dag.py:3954} INFO - Setting next_dagrun for example_task_group_decorator to 2024-04-24 00:00:00+00:00, run_after=2024-04-25 00:00:00+00:00
[2024-04-25T23:42:28.904+0000] {processor.py:183} INFO - Processing /home/airflow/.local/lib/python3.12/site-packages/airflow/example_dags/example_task_group_decorator.py took 0.072 seconds
[2024-04-25T23:42:59.294+0000] {processor.py:161} INFO - Started process (PID=816) to work on /home/airflow/.local/lib/python3.12/site-packages/airflow/example_dags/example_task_group_decorator.py
[2024-04-25T23:42:59.297+0000] {processor.py:830} INFO - Processing file /home/airflow/.local/lib/python3.12/site-packages/airflow/example_dags/example_task_group_decorator.py for tasks to queue
[2024-04-25T23:42:59.299+0000] {logging_mixin.py:188} INFO - [2024-04-25T23:42:59.298+0000] {dagbag.py:540} INFO - Filling up the DagBag from /home/airflow/.local/lib/python3.12/site-packages/airflow/example_dags/example_task_group_decorator.py
[2024-04-25T23:42:59.312+0000] {processor.py:840} INFO - DAG(s) 'example_task_group_decorator' retrieved from /home/airflow/.local/lib/python3.12/site-packages/airflow/example_dags/example_task_group_decorator.py
[2024-04-25T23:42:59.334+0000] {logging_mixin.py:188} INFO - [2024-04-25T23:42:59.333+0000] {dag.py:3096} INFO - Sync 1 DAGs
[2024-04-25T23:42:59.354+0000] {logging_mixin.py:188} INFO - [2024-04-25T23:42:59.354+0000] {dag.py:3954} INFO - Setting next_dagrun for example_task_group_decorator to 2024-04-24 00:00:00+00:00, run_after=2024-04-25 00:00:00+00:00
[2024-04-25T23:42:59.372+0000] {processor.py:183} INFO - Processing /home/airflow/.local/lib/python3.12/site-packages/airflow/example_dags/example_task_group_decorator.py took 0.083 seconds
[2024-04-25T23:43:30.170+0000] {processor.py:161} INFO - Started process (PID=875) to work on /home/airflow/.local/lib/python3.12/site-packages/airflow/example_dags/example_task_group_decorator.py
[2024-04-25T23:43:30.172+0000] {processor.py:830} INFO - Processing file /home/airflow/.local/lib/python3.12/site-packages/airflow/example_dags/example_task_group_decorator.py for tasks to queue
[2024-04-25T23:43:30.174+0000] {logging_mixin.py:188} INFO - [2024-04-25T23:43:30.174+0000] {dagbag.py:540} INFO - Filling up the DagBag from /home/airflow/.local/lib/python3.12/site-packages/airflow/example_dags/example_task_group_decorator.py
[2024-04-25T23:43:30.201+0000] {processor.py:840} INFO - DAG(s) 'example_task_group_decorator' retrieved from /home/airflow/.local/lib/python3.12/site-packages/airflow/example_dags/example_task_group_decorator.py
[2024-04-25T23:43:30.235+0000] {logging_mixin.py:188} INFO - [2024-04-25T23:43:30.234+0000] {dag.py:3096} INFO - Sync 1 DAGs
[2024-04-25T23:43:30.264+0000] {logging_mixin.py:188} INFO - [2024-04-25T23:43:30.264+0000] {dag.py:3954} INFO - Setting next_dagrun for example_task_group_decorator to 2024-04-24 00:00:00+00:00, run_after=2024-04-25 00:00:00+00:00
[2024-04-25T23:43:30.302+0000] {processor.py:183} INFO - Processing /home/airflow/.local/lib/python3.12/site-packages/airflow/example_dags/example_task_group_decorator.py took 0.138 seconds
[2024-04-25T23:44:00.531+0000] {processor.py:161} INFO - Started process (PID=934) to work on /home/airflow/.local/lib/python3.12/site-packages/airflow/example_dags/example_task_group_decorator.py
[2024-04-25T23:44:00.532+0000] {processor.py:830} INFO - Processing file /home/airflow/.local/lib/python3.12/site-packages/airflow/example_dags/example_task_group_decorator.py for tasks to queue
[2024-04-25T23:44:00.534+0000] {logging_mixin.py:188} INFO - [2024-04-25T23:44:00.534+0000] {dagbag.py:540} INFO - Filling up the DagBag from /home/airflow/.local/lib/python3.12/site-packages/airflow/example_dags/example_task_group_decorator.py
[2024-04-25T23:44:00.546+0000] {processor.py:840} INFO - DAG(s) 'example_task_group_decorator' retrieved from /home/airflow/.local/lib/python3.12/site-packages/airflow/example_dags/example_task_group_decorator.py
[2024-04-25T23:44:00.569+0000] {logging_mixin.py:188} INFO - [2024-04-25T23:44:00.568+0000] {dag.py:3096} INFO - Sync 1 DAGs
[2024-04-25T23:44:00.589+0000] {logging_mixin.py:188} INFO - [2024-04-25T23:44:00.588+0000] {dag.py:3954} INFO - Setting next_dagrun for example_task_group_decorator to 2024-04-24 00:00:00+00:00, run_after=2024-04-25 00:00:00+00:00
[2024-04-25T23:44:00.608+0000] {processor.py:183} INFO - Processing /home/airflow/.local/lib/python3.12/site-packages/airflow/example_dags/example_task_group_decorator.py took 0.082 seconds
[2024-04-25T23:44:31.211+0000] {processor.py:161} INFO - Started process (PID=993) to work on /home/airflow/.local/lib/python3.12/site-packages/airflow/example_dags/example_task_group_decorator.py
[2024-04-25T23:44:31.213+0000] {processor.py:830} INFO - Processing file /home/airflow/.local/lib/python3.12/site-packages/airflow/example_dags/example_task_group_decorator.py for tasks to queue
[2024-04-25T23:44:31.216+0000] {logging_mixin.py:188} INFO - [2024-04-25T23:44:31.216+0000] {dagbag.py:540} INFO - Filling up the DagBag from /home/airflow/.local/lib/python3.12/site-packages/airflow/example_dags/example_task_group_decorator.py
[2024-04-25T23:44:31.229+0000] {processor.py:840} INFO - DAG(s) 'example_task_group_decorator' retrieved from /home/airflow/.local/lib/python3.12/site-packages/airflow/example_dags/example_task_group_decorator.py
[2024-04-25T23:44:31.253+0000] {logging_mixin.py:188} INFO - [2024-04-25T23:44:31.253+0000] {dag.py:3096} INFO - Sync 1 DAGs
[2024-04-25T23:44:31.272+0000] {logging_mixin.py:188} INFO - [2024-04-25T23:44:31.272+0000] {dag.py:3954} INFO - Setting next_dagrun for example_task_group_decorator to 2024-04-24 00:00:00+00:00, run_after=2024-04-25 00:00:00+00:00
[2024-04-25T23:44:31.291+0000] {processor.py:183} INFO - Processing /home/airflow/.local/lib/python3.12/site-packages/airflow/example_dags/example_task_group_decorator.py took 0.085 seconds
[2024-04-25T23:45:02.029+0000] {processor.py:161} INFO - Started process (PID=1052) to work on /home/airflow/.local/lib/python3.12/site-packages/airflow/example_dags/example_task_group_decorator.py
[2024-04-25T23:45:02.030+0000] {processor.py:830} INFO - Processing file /home/airflow/.local/lib/python3.12/site-packages/airflow/example_dags/example_task_group_decorator.py for tasks to queue
[2024-04-25T23:45:02.032+0000] {logging_mixin.py:188} INFO - [2024-04-25T23:45:02.032+0000] {dagbag.py:540} INFO - Filling up the DagBag from /home/airflow/.local/lib/python3.12/site-packages/airflow/example_dags/example_task_group_decorator.py
[2024-04-25T23:45:02.044+0000] {processor.py:840} INFO - DAG(s) 'example_task_group_decorator' retrieved from /home/airflow/.local/lib/python3.12/site-packages/airflow/example_dags/example_task_group_decorator.py
[2024-04-25T23:45:02.070+0000] {logging_mixin.py:188} INFO - [2024-04-25T23:45:02.070+0000] {dag.py:3096} INFO - Sync 1 DAGs
[2024-04-25T23:45:02.094+0000] {logging_mixin.py:188} INFO - [2024-04-25T23:45:02.094+0000] {dag.py:3954} INFO - Setting next_dagrun for example_task_group_decorator to 2024-04-24 00:00:00+00:00, run_after=2024-04-25 00:00:00+00:00
[2024-04-25T23:45:02.116+0000] {processor.py:183} INFO - Processing /home/airflow/.local/lib/python3.12/site-packages/airflow/example_dags/example_task_group_decorator.py took 0.094 seconds
[2024-04-25T23:45:32.817+0000] {processor.py:161} INFO - Started process (PID=1111) to work on /home/airflow/.local/lib/python3.12/site-packages/airflow/example_dags/example_task_group_decorator.py
[2024-04-25T23:45:32.818+0000] {processor.py:830} INFO - Processing file /home/airflow/.local/lib/python3.12/site-packages/airflow/example_dags/example_task_group_decorator.py for tasks to queue
[2024-04-25T23:45:32.820+0000] {logging_mixin.py:188} INFO - [2024-04-25T23:45:32.820+0000] {dagbag.py:540} INFO - Filling up the DagBag from /home/airflow/.local/lib/python3.12/site-packages/airflow/example_dags/example_task_group_decorator.py
[2024-04-25T23:45:32.832+0000] {processor.py:840} INFO - DAG(s) 'example_task_group_decorator' retrieved from /home/airflow/.local/lib/python3.12/site-packages/airflow/example_dags/example_task_group_decorator.py
[2024-04-25T23:45:32.854+0000] {logging_mixin.py:188} INFO - [2024-04-25T23:45:32.854+0000] {dag.py:3096} INFO - Sync 1 DAGs
[2024-04-25T23:45:32.872+0000] {logging_mixin.py:188} INFO - [2024-04-25T23:45:32.872+0000] {dag.py:3954} INFO - Setting next_dagrun for example_task_group_decorator to 2024-04-24 00:00:00+00:00, run_after=2024-04-25 00:00:00+00:00
[2024-04-25T23:45:32.888+0000] {processor.py:183} INFO - Processing /home/airflow/.local/lib/python3.12/site-packages/airflow/example_dags/example_task_group_decorator.py took 0.076 seconds
[2024-04-25T23:46:03.224+0000] {processor.py:161} INFO - Started process (PID=1170) to work on /home/airflow/.local/lib/python3.12/site-packages/airflow/example_dags/example_task_group_decorator.py
[2024-04-25T23:46:03.225+0000] {processor.py:830} INFO - Processing file /home/airflow/.local/lib/python3.12/site-packages/airflow/example_dags/example_task_group_decorator.py for tasks to queue
[2024-04-25T23:46:03.228+0000] {logging_mixin.py:188} INFO - [2024-04-25T23:46:03.228+0000] {dagbag.py:540} INFO - Filling up the DagBag from /home/airflow/.local/lib/python3.12/site-packages/airflow/example_dags/example_task_group_decorator.py
[2024-04-25T23:46:03.240+0000] {processor.py:840} INFO - DAG(s) 'example_task_group_decorator' retrieved from /home/airflow/.local/lib/python3.12/site-packages/airflow/example_dags/example_task_group_decorator.py
[2024-04-25T23:46:03.264+0000] {logging_mixin.py:188} INFO - [2024-04-25T23:46:03.264+0000] {dag.py:3096} INFO - Sync 1 DAGs
[2024-04-25T23:46:03.423+0000] {logging_mixin.py:188} INFO - [2024-04-25T23:46:03.423+0000] {dag.py:3954} INFO - Setting next_dagrun for example_task_group_decorator to 2024-04-24 00:00:00+00:00, run_after=2024-04-25 00:00:00+00:00
[2024-04-25T23:46:03.442+0000] {processor.py:183} INFO - Processing /home/airflow/.local/lib/python3.12/site-packages/airflow/example_dags/example_task_group_decorator.py took 0.222 seconds
[2024-04-25T23:46:34.260+0000] {processor.py:161} INFO - Started process (PID=1235) to work on /home/airflow/.local/lib/python3.12/site-packages/airflow/example_dags/example_task_group_decorator.py
[2024-04-25T23:46:34.262+0000] {processor.py:830} INFO - Processing file /home/airflow/.local/lib/python3.12/site-packages/airflow/example_dags/example_task_group_decorator.py for tasks to queue
[2024-04-25T23:46:34.265+0000] {logging_mixin.py:188} INFO - [2024-04-25T23:46:34.265+0000] {dagbag.py:540} INFO - Filling up the DagBag from /home/airflow/.local/lib/python3.12/site-packages/airflow/example_dags/example_task_group_decorator.py
[2024-04-25T23:46:34.277+0000] {processor.py:840} INFO - DAG(s) 'example_task_group_decorator' retrieved from /home/airflow/.local/lib/python3.12/site-packages/airflow/example_dags/example_task_group_decorator.py
[2024-04-25T23:46:34.306+0000] {logging_mixin.py:188} INFO - [2024-04-25T23:46:34.306+0000] {dag.py:3096} INFO - Sync 1 DAGs
[2024-04-25T23:46:34.327+0000] {logging_mixin.py:188} INFO - [2024-04-25T23:46:34.326+0000] {dag.py:3954} INFO - Setting next_dagrun for example_task_group_decorator to 2024-04-24 00:00:00+00:00, run_after=2024-04-25 00:00:00+00:00
[2024-04-25T23:46:34.345+0000] {processor.py:183} INFO - Processing /home/airflow/.local/lib/python3.12/site-packages/airflow/example_dags/example_task_group_decorator.py took 0.091 seconds
[2024-04-25T23:47:04.664+0000] {processor.py:161} INFO - Started process (PID=1293) to work on /home/airflow/.local/lib/python3.12/site-packages/airflow/example_dags/example_task_group_decorator.py
[2024-04-25T23:47:04.666+0000] {processor.py:830} INFO - Processing file /home/airflow/.local/lib/python3.12/site-packages/airflow/example_dags/example_task_group_decorator.py for tasks to queue
[2024-04-25T23:47:04.667+0000] {logging_mixin.py:188} INFO - [2024-04-25T23:47:04.667+0000] {dagbag.py:540} INFO - Filling up the DagBag from /home/airflow/.local/lib/python3.12/site-packages/airflow/example_dags/example_task_group_decorator.py
[2024-04-25T23:47:04.680+0000] {processor.py:840} INFO - DAG(s) 'example_task_group_decorator' retrieved from /home/airflow/.local/lib/python3.12/site-packages/airflow/example_dags/example_task_group_decorator.py
[2024-04-25T23:47:04.704+0000] {logging_mixin.py:188} INFO - [2024-04-25T23:47:04.704+0000] {dag.py:3096} INFO - Sync 1 DAGs
[2024-04-25T23:47:04.728+0000] {logging_mixin.py:188} INFO - [2024-04-25T23:47:04.727+0000] {dag.py:3954} INFO - Setting next_dagrun for example_task_group_decorator to 2024-04-24 00:00:00+00:00, run_after=2024-04-25 00:00:00+00:00
[2024-04-25T23:47:04.747+0000] {processor.py:183} INFO - Processing /home/airflow/.local/lib/python3.12/site-packages/airflow/example_dags/example_task_group_decorator.py took 0.088 seconds
[2024-04-25T23:47:34.873+0000] {processor.py:161} INFO - Started process (PID=1352) to work on /home/airflow/.local/lib/python3.12/site-packages/airflow/example_dags/example_task_group_decorator.py
[2024-04-25T23:47:34.875+0000] {processor.py:830} INFO - Processing file /home/airflow/.local/lib/python3.12/site-packages/airflow/example_dags/example_task_group_decorator.py for tasks to queue
[2024-04-25T23:47:34.879+0000] {logging_mixin.py:188} INFO - [2024-04-25T23:47:34.878+0000] {dagbag.py:540} INFO - Filling up the DagBag from /home/airflow/.local/lib/python3.12/site-packages/airflow/example_dags/example_task_group_decorator.py
[2024-04-25T23:47:34.892+0000] {processor.py:840} INFO - DAG(s) 'example_task_group_decorator' retrieved from /home/airflow/.local/lib/python3.12/site-packages/airflow/example_dags/example_task_group_decorator.py
[2024-04-25T23:47:34.927+0000] {logging_mixin.py:188} INFO - [2024-04-25T23:47:34.926+0000] {dag.py:3096} INFO - Sync 1 DAGs
[2024-04-25T23:47:34.954+0000] {logging_mixin.py:188} INFO - [2024-04-25T23:47:34.954+0000] {dag.py:3954} INFO - Setting next_dagrun for example_task_group_decorator to 2024-04-24 00:00:00+00:00, run_after=2024-04-25 00:00:00+00:00
[2024-04-25T23:47:34.981+0000] {processor.py:183} INFO - Processing /home/airflow/.local/lib/python3.12/site-packages/airflow/example_dags/example_task_group_decorator.py took 0.114 seconds
[2024-04-25T23:48:05.391+0000] {processor.py:161} INFO - Started process (PID=1411) to work on /home/airflow/.local/lib/python3.12/site-packages/airflow/example_dags/example_task_group_decorator.py
[2024-04-25T23:48:05.392+0000] {processor.py:830} INFO - Processing file /home/airflow/.local/lib/python3.12/site-packages/airflow/example_dags/example_task_group_decorator.py for tasks to queue
[2024-04-25T23:48:05.394+0000] {logging_mixin.py:188} INFO - [2024-04-25T23:48:05.394+0000] {dagbag.py:540} INFO - Filling up the DagBag from /home/airflow/.local/lib/python3.12/site-packages/airflow/example_dags/example_task_group_decorator.py
[2024-04-25T23:48:05.405+0000] {processor.py:840} INFO - DAG(s) 'example_task_group_decorator' retrieved from /home/airflow/.local/lib/python3.12/site-packages/airflow/example_dags/example_task_group_decorator.py
[2024-04-25T23:48:05.432+0000] {logging_mixin.py:188} INFO - [2024-04-25T23:48:05.432+0000] {dag.py:3096} INFO - Sync 1 DAGs
[2024-04-25T23:48:05.453+0000] {logging_mixin.py:188} INFO - [2024-04-25T23:48:05.453+0000] {dag.py:3954} INFO - Setting next_dagrun for example_task_group_decorator to 2024-04-24 00:00:00+00:00, run_after=2024-04-25 00:00:00+00:00
[2024-04-25T23:48:05.473+0000] {processor.py:183} INFO - Processing /home/airflow/.local/lib/python3.12/site-packages/airflow/example_dags/example_task_group_decorator.py took 0.087 seconds
[2024-04-25T23:48:35.614+0000] {processor.py:161} INFO - Started process (PID=1471) to work on /home/airflow/.local/lib/python3.12/site-packages/airflow/example_dags/example_task_group_decorator.py
[2024-04-25T23:48:35.615+0000] {processor.py:830} INFO - Processing file /home/airflow/.local/lib/python3.12/site-packages/airflow/example_dags/example_task_group_decorator.py for tasks to queue
[2024-04-25T23:48:35.617+0000] {logging_mixin.py:188} INFO - [2024-04-25T23:48:35.617+0000] {dagbag.py:540} INFO - Filling up the DagBag from /home/airflow/.local/lib/python3.12/site-packages/airflow/example_dags/example_task_group_decorator.py
[2024-04-25T23:48:35.630+0000] {processor.py:840} INFO - DAG(s) 'example_task_group_decorator' retrieved from /home/airflow/.local/lib/python3.12/site-packages/airflow/example_dags/example_task_group_decorator.py
[2024-04-25T23:48:35.651+0000] {logging_mixin.py:188} INFO - [2024-04-25T23:48:35.651+0000] {dag.py:3096} INFO - Sync 1 DAGs
[2024-04-25T23:48:35.670+0000] {logging_mixin.py:188} INFO - [2024-04-25T23:48:35.670+0000] {dag.py:3954} INFO - Setting next_dagrun for example_task_group_decorator to 2024-04-24 00:00:00+00:00, run_after=2024-04-25 00:00:00+00:00
[2024-04-25T23:48:35.689+0000] {processor.py:183} INFO - Processing /home/airflow/.local/lib/python3.12/site-packages/airflow/example_dags/example_task_group_decorator.py took 0.080 seconds
[2024-04-25T23:49:05.904+0000] {processor.py:161} INFO - Started process (PID=1530) to work on /home/airflow/.local/lib/python3.12/site-packages/airflow/example_dags/example_task_group_decorator.py
[2024-04-25T23:49:05.906+0000] {processor.py:830} INFO - Processing file /home/airflow/.local/lib/python3.12/site-packages/airflow/example_dags/example_task_group_decorator.py for tasks to queue
[2024-04-25T23:49:05.908+0000] {logging_mixin.py:188} INFO - [2024-04-25T23:49:05.907+0000] {dagbag.py:540} INFO - Filling up the DagBag from /home/airflow/.local/lib/python3.12/site-packages/airflow/example_dags/example_task_group_decorator.py
[2024-04-25T23:49:05.922+0000] {processor.py:840} INFO - DAG(s) 'example_task_group_decorator' retrieved from /home/airflow/.local/lib/python3.12/site-packages/airflow/example_dags/example_task_group_decorator.py
[2024-04-25T23:49:05.948+0000] {logging_mixin.py:188} INFO - [2024-04-25T23:49:05.948+0000] {dag.py:3096} INFO - Sync 1 DAGs
[2024-04-25T23:49:05.974+0000] {logging_mixin.py:188} INFO - [2024-04-25T23:49:05.974+0000] {dag.py:3954} INFO - Setting next_dagrun for example_task_group_decorator to 2024-04-24 00:00:00+00:00, run_after=2024-04-25 00:00:00+00:00
[2024-04-25T23:49:05.996+0000] {processor.py:183} INFO - Processing /home/airflow/.local/lib/python3.12/site-packages/airflow/example_dags/example_task_group_decorator.py took 0.096 seconds
[2024-04-25T23:49:36.453+0000] {processor.py:161} INFO - Started process (PID=1589) to work on /home/airflow/.local/lib/python3.12/site-packages/airflow/example_dags/example_task_group_decorator.py
[2024-04-25T23:49:36.454+0000] {processor.py:830} INFO - Processing file /home/airflow/.local/lib/python3.12/site-packages/airflow/example_dags/example_task_group_decorator.py for tasks to queue
[2024-04-25T23:49:36.456+0000] {logging_mixin.py:188} INFO - [2024-04-25T23:49:36.456+0000] {dagbag.py:540} INFO - Filling up the DagBag from /home/airflow/.local/lib/python3.12/site-packages/airflow/example_dags/example_task_group_decorator.py
[2024-04-25T23:49:36.467+0000] {processor.py:840} INFO - DAG(s) 'example_task_group_decorator' retrieved from /home/airflow/.local/lib/python3.12/site-packages/airflow/example_dags/example_task_group_decorator.py
[2024-04-25T23:49:36.490+0000] {logging_mixin.py:188} INFO - [2024-04-25T23:49:36.490+0000] {dag.py:3096} INFO - Sync 1 DAGs
[2024-04-25T23:49:36.516+0000] {logging_mixin.py:188} INFO - [2024-04-25T23:49:36.516+0000] {dag.py:3954} INFO - Setting next_dagrun for example_task_group_decorator to 2024-04-24 00:00:00+00:00, run_after=2024-04-25 00:00:00+00:00
[2024-04-25T23:49:36.543+0000] {processor.py:183} INFO - Processing /home/airflow/.local/lib/python3.12/site-packages/airflow/example_dags/example_task_group_decorator.py took 0.095 seconds
[2024-04-25T23:50:07.058+0000] {processor.py:161} INFO - Started process (PID=1648) to work on /home/airflow/.local/lib/python3.12/site-packages/airflow/example_dags/example_task_group_decorator.py
[2024-04-25T23:50:07.060+0000] {processor.py:830} INFO - Processing file /home/airflow/.local/lib/python3.12/site-packages/airflow/example_dags/example_task_group_decorator.py for tasks to queue
[2024-04-25T23:50:07.061+0000] {logging_mixin.py:188} INFO - [2024-04-25T23:50:07.061+0000] {dagbag.py:540} INFO - Filling up the DagBag from /home/airflow/.local/lib/python3.12/site-packages/airflow/example_dags/example_task_group_decorator.py
[2024-04-25T23:50:07.072+0000] {processor.py:840} INFO - DAG(s) 'example_task_group_decorator' retrieved from /home/airflow/.local/lib/python3.12/site-packages/airflow/example_dags/example_task_group_decorator.py
[2024-04-25T23:50:07.094+0000] {logging_mixin.py:188} INFO - [2024-04-25T23:50:07.094+0000] {dag.py:3096} INFO - Sync 1 DAGs
[2024-04-25T23:50:07.113+0000] {logging_mixin.py:188} INFO - [2024-04-25T23:50:07.113+0000] {dag.py:3954} INFO - Setting next_dagrun for example_task_group_decorator to 2024-04-24 00:00:00+00:00, run_after=2024-04-25 00:00:00+00:00
[2024-04-25T23:50:07.134+0000] {processor.py:183} INFO - Processing /home/airflow/.local/lib/python3.12/site-packages/airflow/example_dags/example_task_group_decorator.py took 0.083 seconds
[2024-04-25T23:50:37.398+0000] {processor.py:161} INFO - Started process (PID=1707) to work on /home/airflow/.local/lib/python3.12/site-packages/airflow/example_dags/example_task_group_decorator.py
[2024-04-25T23:50:37.399+0000] {processor.py:830} INFO - Processing file /home/airflow/.local/lib/python3.12/site-packages/airflow/example_dags/example_task_group_decorator.py for tasks to queue
[2024-04-25T23:50:37.401+0000] {logging_mixin.py:188} INFO - [2024-04-25T23:50:37.401+0000] {dagbag.py:540} INFO - Filling up the DagBag from /home/airflow/.local/lib/python3.12/site-packages/airflow/example_dags/example_task_group_decorator.py
[2024-04-25T23:50:37.417+0000] {processor.py:840} INFO - DAG(s) 'example_task_group_decorator' retrieved from /home/airflow/.local/lib/python3.12/site-packages/airflow/example_dags/example_task_group_decorator.py
[2024-04-25T23:50:37.440+0000] {logging_mixin.py:188} INFO - [2024-04-25T23:50:37.439+0000] {dag.py:3096} INFO - Sync 1 DAGs
[2024-04-25T23:50:37.458+0000] {logging_mixin.py:188} INFO - [2024-04-25T23:50:37.457+0000] {dag.py:3954} INFO - Setting next_dagrun for example_task_group_decorator to 2024-04-24 00:00:00+00:00, run_after=2024-04-25 00:00:00+00:00
[2024-04-25T23:50:37.475+0000] {processor.py:183} INFO - Processing /home/airflow/.local/lib/python3.12/site-packages/airflow/example_dags/example_task_group_decorator.py took 0.082 seconds
[2024-04-25T23:51:07.774+0000] {processor.py:161} INFO - Started process (PID=1766) to work on /home/airflow/.local/lib/python3.12/site-packages/airflow/example_dags/example_task_group_decorator.py
[2024-04-25T23:51:07.775+0000] {processor.py:830} INFO - Processing file /home/airflow/.local/lib/python3.12/site-packages/airflow/example_dags/example_task_group_decorator.py for tasks to queue
[2024-04-25T23:51:07.778+0000] {logging_mixin.py:188} INFO - [2024-04-25T23:51:07.777+0000] {dagbag.py:540} INFO - Filling up the DagBag from /home/airflow/.local/lib/python3.12/site-packages/airflow/example_dags/example_task_group_decorator.py
[2024-04-25T23:51:07.794+0000] {processor.py:840} INFO - DAG(s) 'example_task_group_decorator' retrieved from /home/airflow/.local/lib/python3.12/site-packages/airflow/example_dags/example_task_group_decorator.py
[2024-04-25T23:51:07.820+0000] {logging_mixin.py:188} INFO - [2024-04-25T23:51:07.819+0000] {dag.py:3096} INFO - Sync 1 DAGs
[2024-04-25T23:51:07.847+0000] {logging_mixin.py:188} INFO - [2024-04-25T23:51:07.847+0000] {dag.py:3954} INFO - Setting next_dagrun for example_task_group_decorator to 2024-04-24 00:00:00+00:00, run_after=2024-04-25 00:00:00+00:00
[2024-04-25T23:51:07.869+0000] {processor.py:183} INFO - Processing /home/airflow/.local/lib/python3.12/site-packages/airflow/example_dags/example_task_group_decorator.py took 0.107 seconds
[2024-04-25T23:51:37.950+0000] {processor.py:161} INFO - Started process (PID=1825) to work on /home/airflow/.local/lib/python3.12/site-packages/airflow/example_dags/example_task_group_decorator.py
[2024-04-25T23:51:37.951+0000] {processor.py:830} INFO - Processing file /home/airflow/.local/lib/python3.12/site-packages/airflow/example_dags/example_task_group_decorator.py for tasks to queue
[2024-04-25T23:51:37.952+0000] {logging_mixin.py:188} INFO - [2024-04-25T23:51:37.952+0000] {dagbag.py:540} INFO - Filling up the DagBag from /home/airflow/.local/lib/python3.12/site-packages/airflow/example_dags/example_task_group_decorator.py
[2024-04-25T23:51:37.967+0000] {processor.py:840} INFO - DAG(s) 'example_task_group_decorator' retrieved from /home/airflow/.local/lib/python3.12/site-packages/airflow/example_dags/example_task_group_decorator.py
[2024-04-25T23:51:37.989+0000] {logging_mixin.py:188} INFO - [2024-04-25T23:51:37.989+0000] {dag.py:3096} INFO - Sync 1 DAGs
[2024-04-25T23:51:38.008+0000] {logging_mixin.py:188} INFO - [2024-04-25T23:51:38.008+0000] {dag.py:3954} INFO - Setting next_dagrun for example_task_group_decorator to 2024-04-24 00:00:00+00:00, run_after=2024-04-25 00:00:00+00:00
[2024-04-25T23:51:38.028+0000] {processor.py:183} INFO - Processing /home/airflow/.local/lib/python3.12/site-packages/airflow/example_dags/example_task_group_decorator.py took 0.083 seconds
[2024-04-25T23:52:08.133+0000] {processor.py:161} INFO - Started process (PID=1884) to work on /home/airflow/.local/lib/python3.12/site-packages/airflow/example_dags/example_task_group_decorator.py
[2024-04-25T23:52:08.134+0000] {processor.py:830} INFO - Processing file /home/airflow/.local/lib/python3.12/site-packages/airflow/example_dags/example_task_group_decorator.py for tasks to queue
[2024-04-25T23:52:08.137+0000] {logging_mixin.py:188} INFO - [2024-04-25T23:52:08.136+0000] {dagbag.py:540} INFO - Filling up the DagBag from /home/airflow/.local/lib/python3.12/site-packages/airflow/example_dags/example_task_group_decorator.py
[2024-04-25T23:52:08.152+0000] {processor.py:840} INFO - DAG(s) 'example_task_group_decorator' retrieved from /home/airflow/.local/lib/python3.12/site-packages/airflow/example_dags/example_task_group_decorator.py
[2024-04-25T23:52:08.177+0000] {logging_mixin.py:188} INFO - [2024-04-25T23:52:08.177+0000] {dag.py:3096} INFO - Sync 1 DAGs
[2024-04-25T23:52:08.199+0000] {logging_mixin.py:188} INFO - [2024-04-25T23:52:08.199+0000] {dag.py:3954} INFO - Setting next_dagrun for example_task_group_decorator to 2024-04-24 00:00:00+00:00, run_after=2024-04-25 00:00:00+00:00
[2024-04-25T23:52:08.218+0000] {processor.py:183} INFO - Processing /home/airflow/.local/lib/python3.12/site-packages/airflow/example_dags/example_task_group_decorator.py took 0.090 seconds
[2024-04-25T23:52:38.293+0000] {processor.py:161} INFO - Started process (PID=1943) to work on /home/airflow/.local/lib/python3.12/site-packages/airflow/example_dags/example_task_group_decorator.py
[2024-04-25T23:52:38.294+0000] {processor.py:830} INFO - Processing file /home/airflow/.local/lib/python3.12/site-packages/airflow/example_dags/example_task_group_decorator.py for tasks to queue
[2024-04-25T23:52:38.297+0000] {logging_mixin.py:188} INFO - [2024-04-25T23:52:38.296+0000] {dagbag.py:540} INFO - Filling up the DagBag from /home/airflow/.local/lib/python3.12/site-packages/airflow/example_dags/example_task_group_decorator.py
[2024-04-25T23:52:38.311+0000] {processor.py:840} INFO - DAG(s) 'example_task_group_decorator' retrieved from /home/airflow/.local/lib/python3.12/site-packages/airflow/example_dags/example_task_group_decorator.py
[2024-04-25T23:52:38.340+0000] {logging_mixin.py:188} INFO - [2024-04-25T23:52:38.339+0000] {dag.py:3096} INFO - Sync 1 DAGs
[2024-04-25T23:52:38.365+0000] {logging_mixin.py:188} INFO - [2024-04-25T23:52:38.365+0000] {dag.py:3954} INFO - Setting next_dagrun for example_task_group_decorator to 2024-04-24 00:00:00+00:00, run_after=2024-04-25 00:00:00+00:00
[2024-04-25T23:52:38.388+0000] {processor.py:183} INFO - Processing /home/airflow/.local/lib/python3.12/site-packages/airflow/example_dags/example_task_group_decorator.py took 0.100 seconds
[2024-04-25T23:53:08.534+0000] {processor.py:161} INFO - Started process (PID=2002) to work on /home/airflow/.local/lib/python3.12/site-packages/airflow/example_dags/example_task_group_decorator.py
[2024-04-25T23:53:08.535+0000] {processor.py:830} INFO - Processing file /home/airflow/.local/lib/python3.12/site-packages/airflow/example_dags/example_task_group_decorator.py for tasks to queue
[2024-04-25T23:53:08.537+0000] {logging_mixin.py:188} INFO - [2024-04-25T23:53:08.536+0000] {dagbag.py:540} INFO - Filling up the DagBag from /home/airflow/.local/lib/python3.12/site-packages/airflow/example_dags/example_task_group_decorator.py
[2024-04-25T23:53:08.549+0000] {processor.py:840} INFO - DAG(s) 'example_task_group_decorator' retrieved from /home/airflow/.local/lib/python3.12/site-packages/airflow/example_dags/example_task_group_decorator.py
[2024-04-25T23:53:08.572+0000] {logging_mixin.py:188} INFO - [2024-04-25T23:53:08.572+0000] {dag.py:3096} INFO - Sync 1 DAGs
[2024-04-25T23:53:08.591+0000] {logging_mixin.py:188} INFO - [2024-04-25T23:53:08.591+0000] {dag.py:3954} INFO - Setting next_dagrun for example_task_group_decorator to 2024-04-24 00:00:00+00:00, run_after=2024-04-25 00:00:00+00:00
[2024-04-25T23:53:08.610+0000] {processor.py:183} INFO - Processing /home/airflow/.local/lib/python3.12/site-packages/airflow/example_dags/example_task_group_decorator.py took 0.083 seconds
[2024-04-25T23:53:38.655+0000] {processor.py:161} INFO - Started process (PID=2061) to work on /home/airflow/.local/lib/python3.12/site-packages/airflow/example_dags/example_task_group_decorator.py
[2024-04-25T23:53:38.657+0000] {processor.py:830} INFO - Processing file /home/airflow/.local/lib/python3.12/site-packages/airflow/example_dags/example_task_group_decorator.py for tasks to queue
[2024-04-25T23:53:38.660+0000] {logging_mixin.py:188} INFO - [2024-04-25T23:53:38.660+0000] {dagbag.py:540} INFO - Filling up the DagBag from /home/airflow/.local/lib/python3.12/site-packages/airflow/example_dags/example_task_group_decorator.py
[2024-04-25T23:53:38.673+0000] {processor.py:840} INFO - DAG(s) 'example_task_group_decorator' retrieved from /home/airflow/.local/lib/python3.12/site-packages/airflow/example_dags/example_task_group_decorator.py
[2024-04-25T23:53:38.702+0000] {logging_mixin.py:188} INFO - [2024-04-25T23:53:38.702+0000] {dag.py:3096} INFO - Sync 1 DAGs
[2024-04-25T23:53:38.725+0000] {logging_mixin.py:188} INFO - [2024-04-25T23:53:38.725+0000] {dag.py:3954} INFO - Setting next_dagrun for example_task_group_decorator to 2024-04-24 00:00:00+00:00, run_after=2024-04-25 00:00:00+00:00
[2024-04-25T23:53:38.744+0000] {processor.py:183} INFO - Processing /home/airflow/.local/lib/python3.12/site-packages/airflow/example_dags/example_task_group_decorator.py took 0.094 seconds
[2024-04-25T23:54:08.955+0000] {processor.py:161} INFO - Started process (PID=2120) to work on /home/airflow/.local/lib/python3.12/site-packages/airflow/example_dags/example_task_group_decorator.py
[2024-04-25T23:54:08.957+0000] {processor.py:830} INFO - Processing file /home/airflow/.local/lib/python3.12/site-packages/airflow/example_dags/example_task_group_decorator.py for tasks to queue
[2024-04-25T23:54:08.960+0000] {logging_mixin.py:188} INFO - [2024-04-25T23:54:08.959+0000] {dagbag.py:540} INFO - Filling up the DagBag from /home/airflow/.local/lib/python3.12/site-packages/airflow/example_dags/example_task_group_decorator.py
[2024-04-25T23:54:08.973+0000] {processor.py:840} INFO - DAG(s) 'example_task_group_decorator' retrieved from /home/airflow/.local/lib/python3.12/site-packages/airflow/example_dags/example_task_group_decorator.py
[2024-04-25T23:54:09.000+0000] {logging_mixin.py:188} INFO - [2024-04-25T23:54:09.000+0000] {dag.py:3096} INFO - Sync 1 DAGs
[2024-04-25T23:54:09.025+0000] {logging_mixin.py:188} INFO - [2024-04-25T23:54:09.024+0000] {dag.py:3954} INFO - Setting next_dagrun for example_task_group_decorator to 2024-04-24 00:00:00+00:00, run_after=2024-04-25 00:00:00+00:00
[2024-04-25T23:54:09.048+0000] {processor.py:183} INFO - Processing /home/airflow/.local/lib/python3.12/site-packages/airflow/example_dags/example_task_group_decorator.py took 0.097 seconds
[2024-04-25T23:54:39.231+0000] {processor.py:161} INFO - Started process (PID=2179) to work on /home/airflow/.local/lib/python3.12/site-packages/airflow/example_dags/example_task_group_decorator.py
[2024-04-25T23:54:39.233+0000] {processor.py:830} INFO - Processing file /home/airflow/.local/lib/python3.12/site-packages/airflow/example_dags/example_task_group_decorator.py for tasks to queue
[2024-04-25T23:54:39.235+0000] {logging_mixin.py:188} INFO - [2024-04-25T23:54:39.234+0000] {dagbag.py:540} INFO - Filling up the DagBag from /home/airflow/.local/lib/python3.12/site-packages/airflow/example_dags/example_task_group_decorator.py
[2024-04-25T23:54:39.246+0000] {processor.py:840} INFO - DAG(s) 'example_task_group_decorator' retrieved from /home/airflow/.local/lib/python3.12/site-packages/airflow/example_dags/example_task_group_decorator.py
[2024-04-25T23:54:39.270+0000] {logging_mixin.py:188} INFO - [2024-04-25T23:54:39.270+0000] {dag.py:3096} INFO - Sync 1 DAGs
[2024-04-25T23:54:39.289+0000] {logging_mixin.py:188} INFO - [2024-04-25T23:54:39.289+0000] {dag.py:3954} INFO - Setting next_dagrun for example_task_group_decorator to 2024-04-24 00:00:00+00:00, run_after=2024-04-25 00:00:00+00:00
[2024-04-25T23:54:39.309+0000] {processor.py:183} INFO - Processing /home/airflow/.local/lib/python3.12/site-packages/airflow/example_dags/example_task_group_decorator.py took 0.084 seconds
[2024-04-25T23:55:09.374+0000] {processor.py:161} INFO - Started process (PID=2238) to work on /home/airflow/.local/lib/python3.12/site-packages/airflow/example_dags/example_task_group_decorator.py
[2024-04-25T23:55:09.376+0000] {processor.py:830} INFO - Processing file /home/airflow/.local/lib/python3.12/site-packages/airflow/example_dags/example_task_group_decorator.py for tasks to queue
[2024-04-25T23:55:09.378+0000] {logging_mixin.py:188} INFO - [2024-04-25T23:55:09.377+0000] {dagbag.py:540} INFO - Filling up the DagBag from /home/airflow/.local/lib/python3.12/site-packages/airflow/example_dags/example_task_group_decorator.py
[2024-04-25T23:55:09.390+0000] {processor.py:840} INFO - DAG(s) 'example_task_group_decorator' retrieved from /home/airflow/.local/lib/python3.12/site-packages/airflow/example_dags/example_task_group_decorator.py
[2024-04-25T23:55:09.414+0000] {logging_mixin.py:188} INFO - [2024-04-25T23:55:09.414+0000] {dag.py:3096} INFO - Sync 1 DAGs
[2024-04-25T23:55:09.435+0000] {logging_mixin.py:188} INFO - [2024-04-25T23:55:09.434+0000] {dag.py:3954} INFO - Setting next_dagrun for example_task_group_decorator to 2024-04-24 00:00:00+00:00, run_after=2024-04-25 00:00:00+00:00
[2024-04-25T23:55:09.454+0000] {processor.py:183} INFO - Processing /home/airflow/.local/lib/python3.12/site-packages/airflow/example_dags/example_task_group_decorator.py took 0.085 seconds
[2024-04-25T23:55:39.514+0000] {processor.py:161} INFO - Started process (PID=2297) to work on /home/airflow/.local/lib/python3.12/site-packages/airflow/example_dags/example_task_group_decorator.py
[2024-04-25T23:55:39.516+0000] {processor.py:830} INFO - Processing file /home/airflow/.local/lib/python3.12/site-packages/airflow/example_dags/example_task_group_decorator.py for tasks to queue
[2024-04-25T23:55:39.518+0000] {logging_mixin.py:188} INFO - [2024-04-25T23:55:39.518+0000] {dagbag.py:540} INFO - Filling up the DagBag from /home/airflow/.local/lib/python3.12/site-packages/airflow/example_dags/example_task_group_decorator.py
[2024-04-25T23:55:39.530+0000] {processor.py:840} INFO - DAG(s) 'example_task_group_decorator' retrieved from /home/airflow/.local/lib/python3.12/site-packages/airflow/example_dags/example_task_group_decorator.py
[2024-04-25T23:55:39.553+0000] {logging_mixin.py:188} INFO - [2024-04-25T23:55:39.552+0000] {dag.py:3096} INFO - Sync 1 DAGs
[2024-04-25T23:55:39.573+0000] {logging_mixin.py:188} INFO - [2024-04-25T23:55:39.573+0000] {dag.py:3954} INFO - Setting next_dagrun for example_task_group_decorator to 2024-04-24 00:00:00+00:00, run_after=2024-04-25 00:00:00+00:00
[2024-04-25T23:55:39.591+0000] {processor.py:183} INFO - Processing /home/airflow/.local/lib/python3.12/site-packages/airflow/example_dags/example_task_group_decorator.py took 0.083 seconds
[2024-04-25T23:56:10.447+0000] {processor.py:161} INFO - Started process (PID=2356) to work on /home/airflow/.local/lib/python3.12/site-packages/airflow/example_dags/example_task_group_decorator.py
[2024-04-25T23:56:10.448+0000] {processor.py:830} INFO - Processing file /home/airflow/.local/lib/python3.12/site-packages/airflow/example_dags/example_task_group_decorator.py for tasks to queue
[2024-04-25T23:56:10.451+0000] {logging_mixin.py:188} INFO - [2024-04-25T23:56:10.450+0000] {dagbag.py:540} INFO - Filling up the DagBag from /home/airflow/.local/lib/python3.12/site-packages/airflow/example_dags/example_task_group_decorator.py
[2024-04-25T23:56:10.465+0000] {processor.py:840} INFO - DAG(s) 'example_task_group_decorator' retrieved from /home/airflow/.local/lib/python3.12/site-packages/airflow/example_dags/example_task_group_decorator.py
[2024-04-25T23:56:10.491+0000] {logging_mixin.py:188} INFO - [2024-04-25T23:56:10.490+0000] {dag.py:3096} INFO - Sync 1 DAGs
[2024-04-25T23:56:10.518+0000] {logging_mixin.py:188} INFO - [2024-04-25T23:56:10.517+0000] {dag.py:3954} INFO - Setting next_dagrun for example_task_group_decorator to 2024-04-24 00:00:00+00:00, run_after=2024-04-25 00:00:00+00:00
[2024-04-25T23:56:10.540+0000] {processor.py:183} INFO - Processing /home/airflow/.local/lib/python3.12/site-packages/airflow/example_dags/example_task_group_decorator.py took 0.098 seconds
[2024-04-25T23:56:41.060+0000] {processor.py:161} INFO - Started process (PID=2415) to work on /home/airflow/.local/lib/python3.12/site-packages/airflow/example_dags/example_task_group_decorator.py
[2024-04-25T23:56:41.061+0000] {processor.py:830} INFO - Processing file /home/airflow/.local/lib/python3.12/site-packages/airflow/example_dags/example_task_group_decorator.py for tasks to queue
[2024-04-25T23:56:41.063+0000] {logging_mixin.py:188} INFO - [2024-04-25T23:56:41.062+0000] {dagbag.py:540} INFO - Filling up the DagBag from /home/airflow/.local/lib/python3.12/site-packages/airflow/example_dags/example_task_group_decorator.py
[2024-04-25T23:56:41.076+0000] {processor.py:840} INFO - DAG(s) 'example_task_group_decorator' retrieved from /home/airflow/.local/lib/python3.12/site-packages/airflow/example_dags/example_task_group_decorator.py
[2024-04-25T23:56:41.114+0000] {logging_mixin.py:188} INFO - [2024-04-25T23:56:41.114+0000] {dag.py:3096} INFO - Sync 1 DAGs
[2024-04-25T23:56:41.175+0000] {logging_mixin.py:188} INFO - [2024-04-25T23:56:41.175+0000] {dag.py:3954} INFO - Setting next_dagrun for example_task_group_decorator to 2024-04-24 00:00:00+00:00, run_after=2024-04-25 00:00:00+00:00
[2024-04-25T23:56:41.214+0000] {processor.py:183} INFO - Processing /home/airflow/.local/lib/python3.12/site-packages/airflow/example_dags/example_task_group_decorator.py took 0.158 seconds
[2024-04-25T23:57:11.891+0000] {processor.py:161} INFO - Started process (PID=2474) to work on /home/airflow/.local/lib/python3.12/site-packages/airflow/example_dags/example_task_group_decorator.py
[2024-04-25T23:57:11.892+0000] {processor.py:830} INFO - Processing file /home/airflow/.local/lib/python3.12/site-packages/airflow/example_dags/example_task_group_decorator.py for tasks to queue
[2024-04-25T23:57:11.894+0000] {logging_mixin.py:188} INFO - [2024-04-25T23:57:11.894+0000] {dagbag.py:540} INFO - Filling up the DagBag from /home/airflow/.local/lib/python3.12/site-packages/airflow/example_dags/example_task_group_decorator.py
[2024-04-25T23:57:11.910+0000] {processor.py:840} INFO - DAG(s) 'example_task_group_decorator' retrieved from /home/airflow/.local/lib/python3.12/site-packages/airflow/example_dags/example_task_group_decorator.py
[2024-04-25T23:57:11.934+0000] {logging_mixin.py:188} INFO - [2024-04-25T23:57:11.934+0000] {dag.py:3096} INFO - Sync 1 DAGs
[2024-04-25T23:57:11.958+0000] {logging_mixin.py:188} INFO - [2024-04-25T23:57:11.957+0000] {dag.py:3954} INFO - Setting next_dagrun for example_task_group_decorator to 2024-04-24 00:00:00+00:00, run_after=2024-04-25 00:00:00+00:00
[2024-04-25T23:57:11.982+0000] {processor.py:183} INFO - Processing /home/airflow/.local/lib/python3.12/site-packages/airflow/example_dags/example_task_group_decorator.py took 0.097 seconds
[2024-04-25T23:57:42.489+0000] {processor.py:161} INFO - Started process (PID=2533) to work on /home/airflow/.local/lib/python3.12/site-packages/airflow/example_dags/example_task_group_decorator.py
[2024-04-25T23:57:42.490+0000] {processor.py:830} INFO - Processing file /home/airflow/.local/lib/python3.12/site-packages/airflow/example_dags/example_task_group_decorator.py for tasks to queue
[2024-04-25T23:57:42.492+0000] {logging_mixin.py:188} INFO - [2024-04-25T23:57:42.492+0000] {dagbag.py:540} INFO - Filling up the DagBag from /home/airflow/.local/lib/python3.12/site-packages/airflow/example_dags/example_task_group_decorator.py
[2024-04-25T23:57:42.506+0000] {processor.py:840} INFO - DAG(s) 'example_task_group_decorator' retrieved from /home/airflow/.local/lib/python3.12/site-packages/airflow/example_dags/example_task_group_decorator.py
[2024-04-25T23:57:42.529+0000] {logging_mixin.py:188} INFO - [2024-04-25T23:57:42.529+0000] {dag.py:3096} INFO - Sync 1 DAGs
[2024-04-25T23:57:42.548+0000] {logging_mixin.py:188} INFO - [2024-04-25T23:57:42.548+0000] {dag.py:3954} INFO - Setting next_dagrun for example_task_group_decorator to 2024-04-24 00:00:00+00:00, run_after=2024-04-25 00:00:00+00:00
[2024-04-25T23:57:42.568+0000] {processor.py:183} INFO - Processing /home/airflow/.local/lib/python3.12/site-packages/airflow/example_dags/example_task_group_decorator.py took 0.084 seconds
[2024-04-25T23:58:12.696+0000] {processor.py:161} INFO - Started process (PID=2592) to work on /home/airflow/.local/lib/python3.12/site-packages/airflow/example_dags/example_task_group_decorator.py
[2024-04-25T23:58:12.698+0000] {processor.py:830} INFO - Processing file /home/airflow/.local/lib/python3.12/site-packages/airflow/example_dags/example_task_group_decorator.py for tasks to queue
[2024-04-25T23:58:12.699+0000] {logging_mixin.py:188} INFO - [2024-04-25T23:58:12.699+0000] {dagbag.py:540} INFO - Filling up the DagBag from /home/airflow/.local/lib/python3.12/site-packages/airflow/example_dags/example_task_group_decorator.py
[2024-04-25T23:58:12.710+0000] {processor.py:840} INFO - DAG(s) 'example_task_group_decorator' retrieved from /home/airflow/.local/lib/python3.12/site-packages/airflow/example_dags/example_task_group_decorator.py
[2024-04-25T23:58:12.732+0000] {logging_mixin.py:188} INFO - [2024-04-25T23:58:12.732+0000] {dag.py:3096} INFO - Sync 1 DAGs
[2024-04-25T23:58:12.751+0000] {logging_mixin.py:188} INFO - [2024-04-25T23:58:12.751+0000] {dag.py:3954} INFO - Setting next_dagrun for example_task_group_decorator to 2024-04-24 00:00:00+00:00, run_after=2024-04-25 00:00:00+00:00
[2024-04-25T23:58:12.771+0000] {processor.py:183} INFO - Processing /home/airflow/.local/lib/python3.12/site-packages/airflow/example_dags/example_task_group_decorator.py took 0.080 seconds
[2024-04-25T23:58:42.895+0000] {processor.py:161} INFO - Started process (PID=2651) to work on /home/airflow/.local/lib/python3.12/site-packages/airflow/example_dags/example_task_group_decorator.py
[2024-04-25T23:58:42.897+0000] {processor.py:830} INFO - Processing file /home/airflow/.local/lib/python3.12/site-packages/airflow/example_dags/example_task_group_decorator.py for tasks to queue
[2024-04-25T23:58:42.898+0000] {logging_mixin.py:188} INFO - [2024-04-25T23:58:42.898+0000] {dagbag.py:540} INFO - Filling up the DagBag from /home/airflow/.local/lib/python3.12/site-packages/airflow/example_dags/example_task_group_decorator.py
[2024-04-25T23:58:42.910+0000] {processor.py:840} INFO - DAG(s) 'example_task_group_decorator' retrieved from /home/airflow/.local/lib/python3.12/site-packages/airflow/example_dags/example_task_group_decorator.py
[2024-04-25T23:58:42.935+0000] {logging_mixin.py:188} INFO - [2024-04-25T23:58:42.934+0000] {dag.py:3096} INFO - Sync 1 DAGs
[2024-04-25T23:58:42.959+0000] {logging_mixin.py:188} INFO - [2024-04-25T23:58:42.959+0000] {dag.py:3954} INFO - Setting next_dagrun for example_task_group_decorator to 2024-04-24 00:00:00+00:00, run_after=2024-04-25 00:00:00+00:00
[2024-04-25T23:58:42.994+0000] {processor.py:183} INFO - Processing /home/airflow/.local/lib/python3.12/site-packages/airflow/example_dags/example_task_group_decorator.py took 0.104 seconds
[2024-04-25T23:59:13.545+0000] {processor.py:161} INFO - Started process (PID=2710) to work on /home/airflow/.local/lib/python3.12/site-packages/airflow/example_dags/example_task_group_decorator.py
[2024-04-25T23:59:13.546+0000] {processor.py:830} INFO - Processing file /home/airflow/.local/lib/python3.12/site-packages/airflow/example_dags/example_task_group_decorator.py for tasks to queue
[2024-04-25T23:59:13.548+0000] {logging_mixin.py:188} INFO - [2024-04-25T23:59:13.548+0000] {dagbag.py:540} INFO - Filling up the DagBag from /home/airflow/.local/lib/python3.12/site-packages/airflow/example_dags/example_task_group_decorator.py
[2024-04-25T23:59:13.560+0000] {processor.py:840} INFO - DAG(s) 'example_task_group_decorator' retrieved from /home/airflow/.local/lib/python3.12/site-packages/airflow/example_dags/example_task_group_decorator.py
[2024-04-25T23:59:13.587+0000] {logging_mixin.py:188} INFO - [2024-04-25T23:59:13.586+0000] {dag.py:3096} INFO - Sync 1 DAGs
[2024-04-25T23:59:13.611+0000] {logging_mixin.py:188} INFO - [2024-04-25T23:59:13.611+0000] {dag.py:3954} INFO - Setting next_dagrun for example_task_group_decorator to 2024-04-24 00:00:00+00:00, run_after=2024-04-25 00:00:00+00:00
[2024-04-25T23:59:13.639+0000] {processor.py:183} INFO - Processing /home/airflow/.local/lib/python3.12/site-packages/airflow/example_dags/example_task_group_decorator.py took 0.100 seconds
[2024-04-25T23:59:43.792+0000] {processor.py:161} INFO - Started process (PID=2769) to work on /home/airflow/.local/lib/python3.12/site-packages/airflow/example_dags/example_task_group_decorator.py
[2024-04-25T23:59:43.793+0000] {processor.py:830} INFO - Processing file /home/airflow/.local/lib/python3.12/site-packages/airflow/example_dags/example_task_group_decorator.py for tasks to queue
[2024-04-25T23:59:43.795+0000] {logging_mixin.py:188} INFO - [2024-04-25T23:59:43.794+0000] {dagbag.py:540} INFO - Filling up the DagBag from /home/airflow/.local/lib/python3.12/site-packages/airflow/example_dags/example_task_group_decorator.py
[2024-04-25T23:59:43.806+0000] {processor.py:840} INFO - DAG(s) 'example_task_group_decorator' retrieved from /home/airflow/.local/lib/python3.12/site-packages/airflow/example_dags/example_task_group_decorator.py
[2024-04-25T23:59:43.831+0000] {logging_mixin.py:188} INFO - [2024-04-25T23:59:43.831+0000] {dag.py:3096} INFO - Sync 1 DAGs
[2024-04-25T23:59:43.851+0000] {logging_mixin.py:188} INFO - [2024-04-25T23:59:43.851+0000] {dag.py:3954} INFO - Setting next_dagrun for example_task_group_decorator to 2024-04-24 00:00:00+00:00, run_after=2024-04-25 00:00:00+00:00
[2024-04-25T23:59:43.876+0000] {processor.py:183} INFO - Processing /home/airflow/.local/lib/python3.12/site-packages/airflow/example_dags/example_task_group_decorator.py took 0.090 seconds
