[2024-04-25T23:36:21.073+0000] {processor.py:161} INFO - Started process (PID=42) to work on /home/airflow/.local/lib/python3.12/site-packages/airflow/example_dags/example_complex.py
[2024-04-25T23:36:21.076+0000] {processor.py:830} INFO - Processing file /home/airflow/.local/lib/python3.12/site-packages/airflow/example_dags/example_complex.py for tasks to queue
[2024-04-25T23:36:21.094+0000] {logging_mixin.py:188} INFO - [2024-04-25T23:36:21.088+0000] {dagbag.py:540} INFO - Filling up the DagBag from /home/airflow/.local/lib/python3.12/site-packages/airflow/example_dags/example_complex.py
[2024-04-25T23:36:21.142+0000] {processor.py:840} INFO - DAG(s) 'example_complex' retrieved from /home/airflow/.local/lib/python3.12/site-packages/airflow/example_dags/example_complex.py
[2024-04-25T23:36:21.190+0000] {logging_mixin.py:188} INFO - [2024-04-25T23:36:21.190+0000] {dag.py:3096} INFO - Sync 1 DAGs
[2024-04-25T23:36:21.273+0000] {logging_mixin.py:188} INFO - [2024-04-25T23:36:21.273+0000] {dag.py:3954} INFO - Setting next_dagrun for example_complex to None, run_after=None
[2024-04-25T23:36:21.349+0000] {processor.py:183} INFO - Processing /home/airflow/.local/lib/python3.12/site-packages/airflow/example_dags/example_complex.py took 0.301 seconds
[2024-04-25T23:36:51.908+0000] {processor.py:161} INFO - Started process (PID=101) to work on /home/airflow/.local/lib/python3.12/site-packages/airflow/example_dags/example_complex.py
[2024-04-25T23:36:51.915+0000] {processor.py:830} INFO - Processing file /home/airflow/.local/lib/python3.12/site-packages/airflow/example_dags/example_complex.py for tasks to queue
[2024-04-25T23:36:51.926+0000] {logging_mixin.py:188} INFO - [2024-04-25T23:36:51.923+0000] {dagbag.py:540} INFO - Filling up the DagBag from /home/airflow/.local/lib/python3.12/site-packages/airflow/example_dags/example_complex.py
[2024-04-25T23:36:51.993+0000] {processor.py:840} INFO - DAG(s) 'example_complex' retrieved from /home/airflow/.local/lib/python3.12/site-packages/airflow/example_dags/example_complex.py
[2024-04-25T23:36:52.569+0000] {logging_mixin.py:188} INFO - [2024-04-25T23:36:52.569+0000] {dag.py:3096} INFO - Sync 1 DAGs
[2024-04-25T23:36:52.578+0000] {logging_mixin.py:188} INFO - [2024-04-25T23:36:52.578+0000] {dag.py:3954} INFO - Setting next_dagrun for example_complex to None, run_after=None
[2024-04-25T23:36:52.601+0000] {processor.py:183} INFO - Processing /home/airflow/.local/lib/python3.12/site-packages/airflow/example_dags/example_complex.py took 0.721 seconds
[2024-04-25T23:37:23.350+0000] {processor.py:161} INFO - Started process (PID=160) to work on /home/airflow/.local/lib/python3.12/site-packages/airflow/example_dags/example_complex.py
[2024-04-25T23:37:23.351+0000] {processor.py:830} INFO - Processing file /home/airflow/.local/lib/python3.12/site-packages/airflow/example_dags/example_complex.py for tasks to queue
[2024-04-25T23:37:23.353+0000] {logging_mixin.py:188} INFO - [2024-04-25T23:37:23.353+0000] {dagbag.py:540} INFO - Filling up the DagBag from /home/airflow/.local/lib/python3.12/site-packages/airflow/example_dags/example_complex.py
[2024-04-25T23:37:23.361+0000] {processor.py:840} INFO - DAG(s) 'example_complex' retrieved from /home/airflow/.local/lib/python3.12/site-packages/airflow/example_dags/example_complex.py
[2024-04-25T23:37:23.387+0000] {logging_mixin.py:188} INFO - [2024-04-25T23:37:23.387+0000] {dag.py:3096} INFO - Sync 1 DAGs
[2024-04-25T23:37:23.398+0000] {logging_mixin.py:188} INFO - [2024-04-25T23:37:23.398+0000] {dag.py:3954} INFO - Setting next_dagrun for example_complex to None, run_after=None
[2024-04-25T23:37:23.430+0000] {processor.py:183} INFO - Processing /home/airflow/.local/lib/python3.12/site-packages/airflow/example_dags/example_complex.py took 0.085 seconds
[2024-04-25T23:37:53.935+0000] {processor.py:161} INFO - Started process (PID=219) to work on /home/airflow/.local/lib/python3.12/site-packages/airflow/example_dags/example_complex.py
[2024-04-25T23:37:53.936+0000] {processor.py:830} INFO - Processing file /home/airflow/.local/lib/python3.12/site-packages/airflow/example_dags/example_complex.py for tasks to queue
[2024-04-25T23:37:53.938+0000] {logging_mixin.py:188} INFO - [2024-04-25T23:37:53.937+0000] {dagbag.py:540} INFO - Filling up the DagBag from /home/airflow/.local/lib/python3.12/site-packages/airflow/example_dags/example_complex.py
[2024-04-25T23:37:53.947+0000] {processor.py:840} INFO - DAG(s) 'example_complex' retrieved from /home/airflow/.local/lib/python3.12/site-packages/airflow/example_dags/example_complex.py
[2024-04-25T23:37:53.975+0000] {logging_mixin.py:188} INFO - [2024-04-25T23:37:53.974+0000] {dag.py:3096} INFO - Sync 1 DAGs
[2024-04-25T23:37:53.986+0000] {logging_mixin.py:188} INFO - [2024-04-25T23:37:53.986+0000] {dag.py:3954} INFO - Setting next_dagrun for example_complex to None, run_after=None
[2024-04-25T23:37:54.005+0000] {processor.py:183} INFO - Processing /home/airflow/.local/lib/python3.12/site-packages/airflow/example_dags/example_complex.py took 0.076 seconds
[2024-04-25T23:38:24.683+0000] {processor.py:161} INFO - Started process (PID=278) to work on /home/airflow/.local/lib/python3.12/site-packages/airflow/example_dags/example_complex.py
[2024-04-25T23:38:24.687+0000] {processor.py:830} INFO - Processing file /home/airflow/.local/lib/python3.12/site-packages/airflow/example_dags/example_complex.py for tasks to queue
[2024-04-25T23:38:24.695+0000] {logging_mixin.py:188} INFO - [2024-04-25T23:38:24.693+0000] {dagbag.py:540} INFO - Filling up the DagBag from /home/airflow/.local/lib/python3.12/site-packages/airflow/example_dags/example_complex.py
[2024-04-25T23:38:24.716+0000] {processor.py:840} INFO - DAG(s) 'example_complex' retrieved from /home/airflow/.local/lib/python3.12/site-packages/airflow/example_dags/example_complex.py
[2024-04-25T23:38:24.765+0000] {logging_mixin.py:188} INFO - [2024-04-25T23:38:24.764+0000] {dag.py:3096} INFO - Sync 1 DAGs
[2024-04-25T23:38:24.970+0000] {logging_mixin.py:188} INFO - [2024-04-25T23:38:24.970+0000] {dag.py:3954} INFO - Setting next_dagrun for example_complex to None, run_after=None
[2024-04-25T23:38:25.034+0000] {processor.py:183} INFO - Processing /home/airflow/.local/lib/python3.12/site-packages/airflow/example_dags/example_complex.py took 0.368 seconds
[2024-04-25T23:38:55.204+0000] {processor.py:161} INFO - Started process (PID=339) to work on /home/airflow/.local/lib/python3.12/site-packages/airflow/example_dags/example_complex.py
[2024-04-25T23:38:55.208+0000] {processor.py:830} INFO - Processing file /home/airflow/.local/lib/python3.12/site-packages/airflow/example_dags/example_complex.py for tasks to queue
[2024-04-25T23:38:55.219+0000] {logging_mixin.py:188} INFO - [2024-04-25T23:38:55.217+0000] {dagbag.py:540} INFO - Filling up the DagBag from /home/airflow/.local/lib/python3.12/site-packages/airflow/example_dags/example_complex.py
[2024-04-25T23:38:55.237+0000] {processor.py:840} INFO - DAG(s) 'example_complex' retrieved from /home/airflow/.local/lib/python3.12/site-packages/airflow/example_dags/example_complex.py
[2024-04-25T23:38:55.363+0000] {logging_mixin.py:188} INFO - [2024-04-25T23:38:55.362+0000] {dag.py:3096} INFO - Sync 1 DAGs
[2024-04-25T23:38:55.410+0000] {logging_mixin.py:188} INFO - [2024-04-25T23:38:55.409+0000] {dag.py:3954} INFO - Setting next_dagrun for example_complex to None, run_after=None
[2024-04-25T23:38:55.465+0000] {processor.py:183} INFO - Processing /home/airflow/.local/lib/python3.12/site-packages/airflow/example_dags/example_complex.py took 0.276 seconds
[2024-04-25T23:39:25.941+0000] {processor.py:161} INFO - Started process (PID=397) to work on /home/airflow/.local/lib/python3.12/site-packages/airflow/example_dags/example_complex.py
[2024-04-25T23:39:25.944+0000] {processor.py:830} INFO - Processing file /home/airflow/.local/lib/python3.12/site-packages/airflow/example_dags/example_complex.py for tasks to queue
[2024-04-25T23:39:25.947+0000] {logging_mixin.py:188} INFO - [2024-04-25T23:39:25.946+0000] {dagbag.py:540} INFO - Filling up the DagBag from /home/airflow/.local/lib/python3.12/site-packages/airflow/example_dags/example_complex.py
[2024-04-25T23:39:25.966+0000] {processor.py:840} INFO - DAG(s) 'example_complex' retrieved from /home/airflow/.local/lib/python3.12/site-packages/airflow/example_dags/example_complex.py
[2024-04-25T23:39:25.997+0000] {logging_mixin.py:188} INFO - [2024-04-25T23:39:25.997+0000] {dag.py:3096} INFO - Sync 1 DAGs
[2024-04-25T23:39:26.009+0000] {logging_mixin.py:188} INFO - [2024-04-25T23:39:26.009+0000] {dag.py:3954} INFO - Setting next_dagrun for example_complex to None, run_after=None
[2024-04-25T23:39:26.027+0000] {processor.py:183} INFO - Processing /home/airflow/.local/lib/python3.12/site-packages/airflow/example_dags/example_complex.py took 0.097 seconds
[2024-04-25T23:39:56.386+0000] {processor.py:161} INFO - Started process (PID=456) to work on /home/airflow/.local/lib/python3.12/site-packages/airflow/example_dags/example_complex.py
[2024-04-25T23:39:56.387+0000] {processor.py:830} INFO - Processing file /home/airflow/.local/lib/python3.12/site-packages/airflow/example_dags/example_complex.py for tasks to queue
[2024-04-25T23:39:56.389+0000] {logging_mixin.py:188} INFO - [2024-04-25T23:39:56.388+0000] {dagbag.py:540} INFO - Filling up the DagBag from /home/airflow/.local/lib/python3.12/site-packages/airflow/example_dags/example_complex.py
[2024-04-25T23:39:56.397+0000] {processor.py:840} INFO - DAG(s) 'example_complex' retrieved from /home/airflow/.local/lib/python3.12/site-packages/airflow/example_dags/example_complex.py
[2024-04-25T23:39:56.425+0000] {logging_mixin.py:188} INFO - [2024-04-25T23:39:56.424+0000] {dag.py:3096} INFO - Sync 1 DAGs
[2024-04-25T23:39:56.436+0000] {logging_mixin.py:188} INFO - [2024-04-25T23:39:56.436+0000] {dag.py:3954} INFO - Setting next_dagrun for example_complex to None, run_after=None
[2024-04-25T23:39:56.461+0000] {processor.py:183} INFO - Processing /home/airflow/.local/lib/python3.12/site-packages/airflow/example_dags/example_complex.py took 0.081 seconds
[2024-04-25T23:40:26.753+0000] {processor.py:161} INFO - Started process (PID=515) to work on /home/airflow/.local/lib/python3.12/site-packages/airflow/example_dags/example_complex.py
[2024-04-25T23:40:26.754+0000] {processor.py:830} INFO - Processing file /home/airflow/.local/lib/python3.12/site-packages/airflow/example_dags/example_complex.py for tasks to queue
[2024-04-25T23:40:26.756+0000] {logging_mixin.py:188} INFO - [2024-04-25T23:40:26.756+0000] {dagbag.py:540} INFO - Filling up the DagBag from /home/airflow/.local/lib/python3.12/site-packages/airflow/example_dags/example_complex.py
[2024-04-25T23:40:26.767+0000] {processor.py:840} INFO - DAG(s) 'example_complex' retrieved from /home/airflow/.local/lib/python3.12/site-packages/airflow/example_dags/example_complex.py
[2024-04-25T23:40:26.798+0000] {logging_mixin.py:188} INFO - [2024-04-25T23:40:26.797+0000] {dag.py:3096} INFO - Sync 1 DAGs
[2024-04-25T23:40:26.809+0000] {logging_mixin.py:188} INFO - [2024-04-25T23:40:26.809+0000] {dag.py:3954} INFO - Setting next_dagrun for example_complex to None, run_after=None
[2024-04-25T23:40:26.832+0000] {processor.py:183} INFO - Processing /home/airflow/.local/lib/python3.12/site-packages/airflow/example_dags/example_complex.py took 0.085 seconds
[2024-04-25T23:40:56.958+0000] {processor.py:161} INFO - Started process (PID=574) to work on /home/airflow/.local/lib/python3.12/site-packages/airflow/example_dags/example_complex.py
[2024-04-25T23:40:56.959+0000] {processor.py:830} INFO - Processing file /home/airflow/.local/lib/python3.12/site-packages/airflow/example_dags/example_complex.py for tasks to queue
[2024-04-25T23:40:56.961+0000] {logging_mixin.py:188} INFO - [2024-04-25T23:40:56.961+0000] {dagbag.py:540} INFO - Filling up the DagBag from /home/airflow/.local/lib/python3.12/site-packages/airflow/example_dags/example_complex.py
[2024-04-25T23:40:56.972+0000] {processor.py:840} INFO - DAG(s) 'example_complex' retrieved from /home/airflow/.local/lib/python3.12/site-packages/airflow/example_dags/example_complex.py
[2024-04-25T23:40:57.001+0000] {logging_mixin.py:188} INFO - [2024-04-25T23:40:57.000+0000] {dag.py:3096} INFO - Sync 1 DAGs
[2024-04-25T23:40:57.012+0000] {logging_mixin.py:188} INFO - [2024-04-25T23:40:57.012+0000] {dag.py:3954} INFO - Setting next_dagrun for example_complex to None, run_after=None
[2024-04-25T23:40:57.035+0000] {processor.py:183} INFO - Processing /home/airflow/.local/lib/python3.12/site-packages/airflow/example_dags/example_complex.py took 0.082 seconds
[2024-04-25T23:41:27.672+0000] {processor.py:161} INFO - Started process (PID=633) to work on /home/airflow/.local/lib/python3.12/site-packages/airflow/example_dags/example_complex.py
[2024-04-25T23:41:27.674+0000] {processor.py:830} INFO - Processing file /home/airflow/.local/lib/python3.12/site-packages/airflow/example_dags/example_complex.py for tasks to queue
[2024-04-25T23:41:27.677+0000] {logging_mixin.py:188} INFO - [2024-04-25T23:41:27.677+0000] {dagbag.py:540} INFO - Filling up the DagBag from /home/airflow/.local/lib/python3.12/site-packages/airflow/example_dags/example_complex.py
[2024-04-25T23:41:27.685+0000] {processor.py:840} INFO - DAG(s) 'example_complex' retrieved from /home/airflow/.local/lib/python3.12/site-packages/airflow/example_dags/example_complex.py
[2024-04-25T23:41:27.716+0000] {logging_mixin.py:188} INFO - [2024-04-25T23:41:27.716+0000] {dag.py:3096} INFO - Sync 1 DAGs
[2024-04-25T23:41:27.728+0000] {logging_mixin.py:188} INFO - [2024-04-25T23:41:27.728+0000] {dag.py:3954} INFO - Setting next_dagrun for example_complex to None, run_after=None
[2024-04-25T23:41:27.753+0000] {processor.py:183} INFO - Processing /home/airflow/.local/lib/python3.12/site-packages/airflow/example_dags/example_complex.py took 0.086 seconds
[2024-04-25T23:41:58.184+0000] {processor.py:161} INFO - Started process (PID=692) to work on /home/airflow/.local/lib/python3.12/site-packages/airflow/example_dags/example_complex.py
[2024-04-25T23:41:58.185+0000] {processor.py:830} INFO - Processing file /home/airflow/.local/lib/python3.12/site-packages/airflow/example_dags/example_complex.py for tasks to queue
[2024-04-25T23:41:58.187+0000] {logging_mixin.py:188} INFO - [2024-04-25T23:41:58.187+0000] {dagbag.py:540} INFO - Filling up the DagBag from /home/airflow/.local/lib/python3.12/site-packages/airflow/example_dags/example_complex.py
[2024-04-25T23:41:58.196+0000] {processor.py:840} INFO - DAG(s) 'example_complex' retrieved from /home/airflow/.local/lib/python3.12/site-packages/airflow/example_dags/example_complex.py
[2024-04-25T23:41:58.237+0000] {logging_mixin.py:188} INFO - [2024-04-25T23:41:58.237+0000] {dag.py:3096} INFO - Sync 1 DAGs
[2024-04-25T23:41:58.249+0000] {logging_mixin.py:188} INFO - [2024-04-25T23:41:58.249+0000] {dag.py:3954} INFO - Setting next_dagrun for example_complex to None, run_after=None
[2024-04-25T23:41:58.271+0000] {processor.py:183} INFO - Processing /home/airflow/.local/lib/python3.12/site-packages/airflow/example_dags/example_complex.py took 0.093 seconds
[2024-04-25T23:42:28.531+0000] {processor.py:161} INFO - Started process (PID=752) to work on /home/airflow/.local/lib/python3.12/site-packages/airflow/example_dags/example_complex.py
[2024-04-25T23:42:28.532+0000] {processor.py:830} INFO - Processing file /home/airflow/.local/lib/python3.12/site-packages/airflow/example_dags/example_complex.py for tasks to queue
[2024-04-25T23:42:28.533+0000] {logging_mixin.py:188} INFO - [2024-04-25T23:42:28.533+0000] {dagbag.py:540} INFO - Filling up the DagBag from /home/airflow/.local/lib/python3.12/site-packages/airflow/example_dags/example_complex.py
[2024-04-25T23:42:28.541+0000] {processor.py:840} INFO - DAG(s) 'example_complex' retrieved from /home/airflow/.local/lib/python3.12/site-packages/airflow/example_dags/example_complex.py
[2024-04-25T23:42:28.570+0000] {logging_mixin.py:188} INFO - [2024-04-25T23:42:28.570+0000] {dag.py:3096} INFO - Sync 1 DAGs
[2024-04-25T23:42:28.582+0000] {logging_mixin.py:188} INFO - [2024-04-25T23:42:28.582+0000] {dag.py:3954} INFO - Setting next_dagrun for example_complex to None, run_after=None
[2024-04-25T23:42:28.600+0000] {processor.py:183} INFO - Processing /home/airflow/.local/lib/python3.12/site-packages/airflow/example_dags/example_complex.py took 0.074 seconds
[2024-04-25T23:42:58.979+0000] {processor.py:161} INFO - Started process (PID=811) to work on /home/airflow/.local/lib/python3.12/site-packages/airflow/example_dags/example_complex.py
[2024-04-25T23:42:58.980+0000] {processor.py:830} INFO - Processing file /home/airflow/.local/lib/python3.12/site-packages/airflow/example_dags/example_complex.py for tasks to queue
[2024-04-25T23:42:58.982+0000] {logging_mixin.py:188} INFO - [2024-04-25T23:42:58.982+0000] {dagbag.py:540} INFO - Filling up the DagBag from /home/airflow/.local/lib/python3.12/site-packages/airflow/example_dags/example_complex.py
[2024-04-25T23:42:58.990+0000] {processor.py:840} INFO - DAG(s) 'example_complex' retrieved from /home/airflow/.local/lib/python3.12/site-packages/airflow/example_dags/example_complex.py
[2024-04-25T23:42:59.018+0000] {logging_mixin.py:188} INFO - [2024-04-25T23:42:59.018+0000] {dag.py:3096} INFO - Sync 1 DAGs
[2024-04-25T23:42:59.033+0000] {logging_mixin.py:188} INFO - [2024-04-25T23:42:59.032+0000] {dag.py:3954} INFO - Setting next_dagrun for example_complex to None, run_after=None
[2024-04-25T23:42:59.050+0000] {processor.py:183} INFO - Processing /home/airflow/.local/lib/python3.12/site-packages/airflow/example_dags/example_complex.py took 0.077 seconds
[2024-04-25T23:43:29.814+0000] {processor.py:161} INFO - Started process (PID=870) to work on /home/airflow/.local/lib/python3.12/site-packages/airflow/example_dags/example_complex.py
[2024-04-25T23:43:29.815+0000] {processor.py:830} INFO - Processing file /home/airflow/.local/lib/python3.12/site-packages/airflow/example_dags/example_complex.py for tasks to queue
[2024-04-25T23:43:29.819+0000] {logging_mixin.py:188} INFO - [2024-04-25T23:43:29.818+0000] {dagbag.py:540} INFO - Filling up the DagBag from /home/airflow/.local/lib/python3.12/site-packages/airflow/example_dags/example_complex.py
[2024-04-25T23:43:29.833+0000] {processor.py:840} INFO - DAG(s) 'example_complex' retrieved from /home/airflow/.local/lib/python3.12/site-packages/airflow/example_dags/example_complex.py
[2024-04-25T23:43:29.867+0000] {logging_mixin.py:188} INFO - [2024-04-25T23:43:29.866+0000] {dag.py:3096} INFO - Sync 1 DAGs
[2024-04-25T23:43:29.881+0000] {logging_mixin.py:188} INFO - [2024-04-25T23:43:29.881+0000] {dag.py:3954} INFO - Setting next_dagrun for example_complex to None, run_after=None
[2024-04-25T23:43:29.902+0000] {processor.py:183} INFO - Processing /home/airflow/.local/lib/python3.12/site-packages/airflow/example_dags/example_complex.py took 0.097 seconds
[2024-04-25T23:44:00.203+0000] {processor.py:161} INFO - Started process (PID=929) to work on /home/airflow/.local/lib/python3.12/site-packages/airflow/example_dags/example_complex.py
[2024-04-25T23:44:00.205+0000] {processor.py:830} INFO - Processing file /home/airflow/.local/lib/python3.12/site-packages/airflow/example_dags/example_complex.py for tasks to queue
[2024-04-25T23:44:00.207+0000] {logging_mixin.py:188} INFO - [2024-04-25T23:44:00.207+0000] {dagbag.py:540} INFO - Filling up the DagBag from /home/airflow/.local/lib/python3.12/site-packages/airflow/example_dags/example_complex.py
[2024-04-25T23:44:00.215+0000] {processor.py:840} INFO - DAG(s) 'example_complex' retrieved from /home/airflow/.local/lib/python3.12/site-packages/airflow/example_dags/example_complex.py
[2024-04-25T23:44:00.244+0000] {logging_mixin.py:188} INFO - [2024-04-25T23:44:00.244+0000] {dag.py:3096} INFO - Sync 1 DAGs
[2024-04-25T23:44:00.258+0000] {logging_mixin.py:188} INFO - [2024-04-25T23:44:00.258+0000] {dag.py:3954} INFO - Setting next_dagrun for example_complex to None, run_after=None
[2024-04-25T23:44:00.280+0000] {processor.py:183} INFO - Processing /home/airflow/.local/lib/python3.12/site-packages/airflow/example_dags/example_complex.py took 0.084 seconds
[2024-04-25T23:44:30.851+0000] {processor.py:161} INFO - Started process (PID=988) to work on /home/airflow/.local/lib/python3.12/site-packages/airflow/example_dags/example_complex.py
[2024-04-25T23:44:30.853+0000] {processor.py:830} INFO - Processing file /home/airflow/.local/lib/python3.12/site-packages/airflow/example_dags/example_complex.py for tasks to queue
[2024-04-25T23:44:30.855+0000] {logging_mixin.py:188} INFO - [2024-04-25T23:44:30.855+0000] {dagbag.py:540} INFO - Filling up the DagBag from /home/airflow/.local/lib/python3.12/site-packages/airflow/example_dags/example_complex.py
[2024-04-25T23:44:30.866+0000] {processor.py:840} INFO - DAG(s) 'example_complex' retrieved from /home/airflow/.local/lib/python3.12/site-packages/airflow/example_dags/example_complex.py
[2024-04-25T23:44:30.897+0000] {logging_mixin.py:188} INFO - [2024-04-25T23:44:30.897+0000] {dag.py:3096} INFO - Sync 1 DAGs
[2024-04-25T23:44:30.910+0000] {logging_mixin.py:188} INFO - [2024-04-25T23:44:30.910+0000] {dag.py:3954} INFO - Setting next_dagrun for example_complex to None, run_after=None
[2024-04-25T23:44:30.934+0000] {processor.py:183} INFO - Processing /home/airflow/.local/lib/python3.12/site-packages/airflow/example_dags/example_complex.py took 0.089 seconds
[2024-04-25T23:45:01.596+0000] {processor.py:161} INFO - Started process (PID=1047) to work on /home/airflow/.local/lib/python3.12/site-packages/airflow/example_dags/example_complex.py
[2024-04-25T23:45:01.597+0000] {processor.py:830} INFO - Processing file /home/airflow/.local/lib/python3.12/site-packages/airflow/example_dags/example_complex.py for tasks to queue
[2024-04-25T23:45:01.600+0000] {logging_mixin.py:188} INFO - [2024-04-25T23:45:01.599+0000] {dagbag.py:540} INFO - Filling up the DagBag from /home/airflow/.local/lib/python3.12/site-packages/airflow/example_dags/example_complex.py
[2024-04-25T23:45:01.610+0000] {processor.py:840} INFO - DAG(s) 'example_complex' retrieved from /home/airflow/.local/lib/python3.12/site-packages/airflow/example_dags/example_complex.py
[2024-04-25T23:45:01.667+0000] {logging_mixin.py:188} INFO - [2024-04-25T23:45:01.667+0000] {dag.py:3096} INFO - Sync 1 DAGs
[2024-04-25T23:45:01.684+0000] {logging_mixin.py:188} INFO - [2024-04-25T23:45:01.683+0000] {dag.py:3954} INFO - Setting next_dagrun for example_complex to None, run_after=None
[2024-04-25T23:45:01.720+0000] {processor.py:183} INFO - Processing /home/airflow/.local/lib/python3.12/site-packages/airflow/example_dags/example_complex.py took 0.131 seconds
[2024-04-25T23:45:31.921+0000] {processor.py:161} INFO - Started process (PID=1106) to work on /home/airflow/.local/lib/python3.12/site-packages/airflow/example_dags/example_complex.py
[2024-04-25T23:45:31.923+0000] {processor.py:830} INFO - Processing file /home/airflow/.local/lib/python3.12/site-packages/airflow/example_dags/example_complex.py for tasks to queue
[2024-04-25T23:45:31.925+0000] {logging_mixin.py:188} INFO - [2024-04-25T23:45:31.924+0000] {dagbag.py:540} INFO - Filling up the DagBag from /home/airflow/.local/lib/python3.12/site-packages/airflow/example_dags/example_complex.py
[2024-04-25T23:45:31.933+0000] {processor.py:840} INFO - DAG(s) 'example_complex' retrieved from /home/airflow/.local/lib/python3.12/site-packages/airflow/example_dags/example_complex.py
[2024-04-25T23:45:32.100+0000] {logging_mixin.py:188} INFO - [2024-04-25T23:45:32.100+0000] {dag.py:3096} INFO - Sync 1 DAGs
[2024-04-25T23:45:32.110+0000] {logging_mixin.py:188} INFO - [2024-04-25T23:45:32.109+0000] {dag.py:3954} INFO - Setting next_dagrun for example_complex to None, run_after=None
[2024-04-25T23:45:32.126+0000] {processor.py:183} INFO - Processing /home/airflow/.local/lib/python3.12/site-packages/airflow/example_dags/example_complex.py took 0.210 seconds
[2024-04-25T23:46:02.260+0000] {processor.py:161} INFO - Started process (PID=1165) to work on /home/airflow/.local/lib/python3.12/site-packages/airflow/example_dags/example_complex.py
[2024-04-25T23:46:02.261+0000] {processor.py:830} INFO - Processing file /home/airflow/.local/lib/python3.12/site-packages/airflow/example_dags/example_complex.py for tasks to queue
[2024-04-25T23:46:02.262+0000] {logging_mixin.py:188} INFO - [2024-04-25T23:46:02.262+0000] {dagbag.py:540} INFO - Filling up the DagBag from /home/airflow/.local/lib/python3.12/site-packages/airflow/example_dags/example_complex.py
[2024-04-25T23:46:02.271+0000] {processor.py:840} INFO - DAG(s) 'example_complex' retrieved from /home/airflow/.local/lib/python3.12/site-packages/airflow/example_dags/example_complex.py
[2024-04-25T23:46:02.298+0000] {logging_mixin.py:188} INFO - [2024-04-25T23:46:02.297+0000] {dag.py:3096} INFO - Sync 1 DAGs
[2024-04-25T23:46:02.309+0000] {logging_mixin.py:188} INFO - [2024-04-25T23:46:02.309+0000] {dag.py:3954} INFO - Setting next_dagrun for example_complex to None, run_after=None
[2024-04-25T23:46:02.442+0000] {processor.py:183} INFO - Processing /home/airflow/.local/lib/python3.12/site-packages/airflow/example_dags/example_complex.py took 0.187 seconds
[2024-04-25T23:46:33.036+0000] {processor.py:161} INFO - Started process (PID=1224) to work on /home/airflow/.local/lib/python3.12/site-packages/airflow/example_dags/example_complex.py
[2024-04-25T23:46:33.037+0000] {processor.py:830} INFO - Processing file /home/airflow/.local/lib/python3.12/site-packages/airflow/example_dags/example_complex.py for tasks to queue
[2024-04-25T23:46:33.039+0000] {logging_mixin.py:188} INFO - [2024-04-25T23:46:33.039+0000] {dagbag.py:540} INFO - Filling up the DagBag from /home/airflow/.local/lib/python3.12/site-packages/airflow/example_dags/example_complex.py
[2024-04-25T23:46:33.048+0000] {processor.py:840} INFO - DAG(s) 'example_complex' retrieved from /home/airflow/.local/lib/python3.12/site-packages/airflow/example_dags/example_complex.py
[2024-04-25T23:46:33.076+0000] {logging_mixin.py:188} INFO - [2024-04-25T23:46:33.075+0000] {dag.py:3096} INFO - Sync 1 DAGs
[2024-04-25T23:46:33.088+0000] {logging_mixin.py:188} INFO - [2024-04-25T23:46:33.088+0000] {dag.py:3954} INFO - Setting next_dagrun for example_complex to None, run_after=None
[2024-04-25T23:46:33.109+0000] {processor.py:183} INFO - Processing /home/airflow/.local/lib/python3.12/site-packages/airflow/example_dags/example_complex.py took 0.080 seconds
[2024-04-25T23:47:03.435+0000] {processor.py:161} INFO - Started process (PID=1283) to work on /home/airflow/.local/lib/python3.12/site-packages/airflow/example_dags/example_complex.py
[2024-04-25T23:47:03.436+0000] {processor.py:830} INFO - Processing file /home/airflow/.local/lib/python3.12/site-packages/airflow/example_dags/example_complex.py for tasks to queue
[2024-04-25T23:47:03.438+0000] {logging_mixin.py:188} INFO - [2024-04-25T23:47:03.437+0000] {dagbag.py:540} INFO - Filling up the DagBag from /home/airflow/.local/lib/python3.12/site-packages/airflow/example_dags/example_complex.py
[2024-04-25T23:47:03.446+0000] {processor.py:840} INFO - DAG(s) 'example_complex' retrieved from /home/airflow/.local/lib/python3.12/site-packages/airflow/example_dags/example_complex.py
[2024-04-25T23:47:03.473+0000] {logging_mixin.py:188} INFO - [2024-04-25T23:47:03.473+0000] {dag.py:3096} INFO - Sync 1 DAGs
[2024-04-25T23:47:03.484+0000] {logging_mixin.py:188} INFO - [2024-04-25T23:47:03.483+0000] {dag.py:3954} INFO - Setting next_dagrun for example_complex to None, run_after=None
[2024-04-25T23:47:03.502+0000] {processor.py:183} INFO - Processing /home/airflow/.local/lib/python3.12/site-packages/airflow/example_dags/example_complex.py took 0.072 seconds
[2024-04-25T23:47:33.589+0000] {processor.py:161} INFO - Started process (PID=1341) to work on /home/airflow/.local/lib/python3.12/site-packages/airflow/example_dags/example_complex.py
[2024-04-25T23:47:33.590+0000] {processor.py:830} INFO - Processing file /home/airflow/.local/lib/python3.12/site-packages/airflow/example_dags/example_complex.py for tasks to queue
[2024-04-25T23:47:33.592+0000] {logging_mixin.py:188} INFO - [2024-04-25T23:47:33.591+0000] {dagbag.py:540} INFO - Filling up the DagBag from /home/airflow/.local/lib/python3.12/site-packages/airflow/example_dags/example_complex.py
[2024-04-25T23:47:33.601+0000] {processor.py:840} INFO - DAG(s) 'example_complex' retrieved from /home/airflow/.local/lib/python3.12/site-packages/airflow/example_dags/example_complex.py
[2024-04-25T23:47:33.629+0000] {logging_mixin.py:188} INFO - [2024-04-25T23:47:33.629+0000] {dag.py:3096} INFO - Sync 1 DAGs
[2024-04-25T23:47:33.644+0000] {logging_mixin.py:188} INFO - [2024-04-25T23:47:33.644+0000] {dag.py:3954} INFO - Setting next_dagrun for example_complex to None, run_after=None
[2024-04-25T23:47:33.667+0000] {processor.py:183} INFO - Processing /home/airflow/.local/lib/python3.12/site-packages/airflow/example_dags/example_complex.py took 0.084 seconds
[2024-04-25T23:48:04.068+0000] {processor.py:161} INFO - Started process (PID=1400) to work on /home/airflow/.local/lib/python3.12/site-packages/airflow/example_dags/example_complex.py
[2024-04-25T23:48:04.069+0000] {processor.py:830} INFO - Processing file /home/airflow/.local/lib/python3.12/site-packages/airflow/example_dags/example_complex.py for tasks to queue
[2024-04-25T23:48:04.071+0000] {logging_mixin.py:188} INFO - [2024-04-25T23:48:04.070+0000] {dagbag.py:540} INFO - Filling up the DagBag from /home/airflow/.local/lib/python3.12/site-packages/airflow/example_dags/example_complex.py
[2024-04-25T23:48:04.084+0000] {processor.py:840} INFO - DAG(s) 'example_complex' retrieved from /home/airflow/.local/lib/python3.12/site-packages/airflow/example_dags/example_complex.py
[2024-04-25T23:48:04.113+0000] {logging_mixin.py:188} INFO - [2024-04-25T23:48:04.112+0000] {dag.py:3096} INFO - Sync 1 DAGs
[2024-04-25T23:48:04.125+0000] {logging_mixin.py:188} INFO - [2024-04-25T23:48:04.125+0000] {dag.py:3954} INFO - Setting next_dagrun for example_complex to None, run_after=None
[2024-04-25T23:48:04.144+0000] {processor.py:183} INFO - Processing /home/airflow/.local/lib/python3.12/site-packages/airflow/example_dags/example_complex.py took 0.083 seconds
[2024-04-25T23:48:34.234+0000] {processor.py:161} INFO - Started process (PID=1466) to work on /home/airflow/.local/lib/python3.12/site-packages/airflow/example_dags/example_complex.py
[2024-04-25T23:48:34.235+0000] {processor.py:830} INFO - Processing file /home/airflow/.local/lib/python3.12/site-packages/airflow/example_dags/example_complex.py for tasks to queue
[2024-04-25T23:48:34.237+0000] {logging_mixin.py:188} INFO - [2024-04-25T23:48:34.236+0000] {dagbag.py:540} INFO - Filling up the DagBag from /home/airflow/.local/lib/python3.12/site-packages/airflow/example_dags/example_complex.py
[2024-04-25T23:48:34.244+0000] {processor.py:840} INFO - DAG(s) 'example_complex' retrieved from /home/airflow/.local/lib/python3.12/site-packages/airflow/example_dags/example_complex.py
[2024-04-25T23:48:34.270+0000] {logging_mixin.py:188} INFO - [2024-04-25T23:48:34.270+0000] {dag.py:3096} INFO - Sync 1 DAGs
[2024-04-25T23:48:34.281+0000] {logging_mixin.py:188} INFO - [2024-04-25T23:48:34.281+0000] {dag.py:3954} INFO - Setting next_dagrun for example_complex to None, run_after=None
[2024-04-25T23:48:34.301+0000] {processor.py:183} INFO - Processing /home/airflow/.local/lib/python3.12/site-packages/airflow/example_dags/example_complex.py took 0.072 seconds
[2024-04-25T23:49:04.603+0000] {processor.py:161} INFO - Started process (PID=1525) to work on /home/airflow/.local/lib/python3.12/site-packages/airflow/example_dags/example_complex.py
[2024-04-25T23:49:04.604+0000] {processor.py:830} INFO - Processing file /home/airflow/.local/lib/python3.12/site-packages/airflow/example_dags/example_complex.py for tasks to queue
[2024-04-25T23:49:04.606+0000] {logging_mixin.py:188} INFO - [2024-04-25T23:49:04.606+0000] {dagbag.py:540} INFO - Filling up the DagBag from /home/airflow/.local/lib/python3.12/site-packages/airflow/example_dags/example_complex.py
[2024-04-25T23:49:04.625+0000] {processor.py:840} INFO - DAG(s) 'example_complex' retrieved from /home/airflow/.local/lib/python3.12/site-packages/airflow/example_dags/example_complex.py
[2024-04-25T23:49:04.692+0000] {logging_mixin.py:188} INFO - [2024-04-25T23:49:04.691+0000] {dag.py:3096} INFO - Sync 1 DAGs
[2024-04-25T23:49:04.704+0000] {logging_mixin.py:188} INFO - [2024-04-25T23:49:04.703+0000] {dag.py:3954} INFO - Setting next_dagrun for example_complex to None, run_after=None
[2024-04-25T23:49:04.724+0000] {processor.py:183} INFO - Processing /home/airflow/.local/lib/python3.12/site-packages/airflow/example_dags/example_complex.py took 0.126 seconds
[2024-04-25T23:49:34.924+0000] {processor.py:161} INFO - Started process (PID=1584) to work on /home/airflow/.local/lib/python3.12/site-packages/airflow/example_dags/example_complex.py
[2024-04-25T23:49:34.925+0000] {processor.py:830} INFO - Processing file /home/airflow/.local/lib/python3.12/site-packages/airflow/example_dags/example_complex.py for tasks to queue
[2024-04-25T23:49:34.927+0000] {logging_mixin.py:188} INFO - [2024-04-25T23:49:34.926+0000] {dagbag.py:540} INFO - Filling up the DagBag from /home/airflow/.local/lib/python3.12/site-packages/airflow/example_dags/example_complex.py
[2024-04-25T23:49:34.935+0000] {processor.py:840} INFO - DAG(s) 'example_complex' retrieved from /home/airflow/.local/lib/python3.12/site-packages/airflow/example_dags/example_complex.py
[2024-04-25T23:49:34.960+0000] {logging_mixin.py:188} INFO - [2024-04-25T23:49:34.960+0000] {dag.py:3096} INFO - Sync 1 DAGs
[2024-04-25T23:49:34.970+0000] {logging_mixin.py:188} INFO - [2024-04-25T23:49:34.970+0000] {dag.py:3954} INFO - Setting next_dagrun for example_complex to None, run_after=None
[2024-04-25T23:49:34.986+0000] {processor.py:183} INFO - Processing /home/airflow/.local/lib/python3.12/site-packages/airflow/example_dags/example_complex.py took 0.068 seconds
[2024-04-25T23:50:05.737+0000] {processor.py:161} INFO - Started process (PID=1643) to work on /home/airflow/.local/lib/python3.12/site-packages/airflow/example_dags/example_complex.py
[2024-04-25T23:50:05.738+0000] {processor.py:830} INFO - Processing file /home/airflow/.local/lib/python3.12/site-packages/airflow/example_dags/example_complex.py for tasks to queue
[2024-04-25T23:50:05.740+0000] {logging_mixin.py:188} INFO - [2024-04-25T23:50:05.740+0000] {dagbag.py:540} INFO - Filling up the DagBag from /home/airflow/.local/lib/python3.12/site-packages/airflow/example_dags/example_complex.py
[2024-04-25T23:50:05.748+0000] {processor.py:840} INFO - DAG(s) 'example_complex' retrieved from /home/airflow/.local/lib/python3.12/site-packages/airflow/example_dags/example_complex.py
[2024-04-25T23:50:05.775+0000] {logging_mixin.py:188} INFO - [2024-04-25T23:50:05.774+0000] {dag.py:3096} INFO - Sync 1 DAGs
[2024-04-25T23:50:05.786+0000] {logging_mixin.py:188} INFO - [2024-04-25T23:50:05.785+0000] {dag.py:3954} INFO - Setting next_dagrun for example_complex to None, run_after=None
[2024-04-25T23:50:05.804+0000] {processor.py:183} INFO - Processing /home/airflow/.local/lib/python3.12/site-packages/airflow/example_dags/example_complex.py took 0.072 seconds
[2024-04-25T23:50:36.053+0000] {processor.py:161} INFO - Started process (PID=1702) to work on /home/airflow/.local/lib/python3.12/site-packages/airflow/example_dags/example_complex.py
[2024-04-25T23:50:36.054+0000] {processor.py:830} INFO - Processing file /home/airflow/.local/lib/python3.12/site-packages/airflow/example_dags/example_complex.py for tasks to queue
[2024-04-25T23:50:36.056+0000] {logging_mixin.py:188} INFO - [2024-04-25T23:50:36.056+0000] {dagbag.py:540} INFO - Filling up the DagBag from /home/airflow/.local/lib/python3.12/site-packages/airflow/example_dags/example_complex.py
[2024-04-25T23:50:36.065+0000] {processor.py:840} INFO - DAG(s) 'example_complex' retrieved from /home/airflow/.local/lib/python3.12/site-packages/airflow/example_dags/example_complex.py
[2024-04-25T23:50:36.097+0000] {logging_mixin.py:188} INFO - [2024-04-25T23:50:36.096+0000] {dag.py:3096} INFO - Sync 1 DAGs
[2024-04-25T23:50:36.109+0000] {logging_mixin.py:188} INFO - [2024-04-25T23:50:36.108+0000] {dag.py:3954} INFO - Setting next_dagrun for example_complex to None, run_after=None
[2024-04-25T23:50:36.131+0000] {processor.py:183} INFO - Processing /home/airflow/.local/lib/python3.12/site-packages/airflow/example_dags/example_complex.py took 0.084 seconds
[2024-04-25T23:51:06.446+0000] {processor.py:161} INFO - Started process (PID=1761) to work on /home/airflow/.local/lib/python3.12/site-packages/airflow/example_dags/example_complex.py
[2024-04-25T23:51:06.447+0000] {processor.py:830} INFO - Processing file /home/airflow/.local/lib/python3.12/site-packages/airflow/example_dags/example_complex.py for tasks to queue
[2024-04-25T23:51:06.449+0000] {logging_mixin.py:188} INFO - [2024-04-25T23:51:06.449+0000] {dagbag.py:540} INFO - Filling up the DagBag from /home/airflow/.local/lib/python3.12/site-packages/airflow/example_dags/example_complex.py
[2024-04-25T23:51:06.457+0000] {processor.py:840} INFO - DAG(s) 'example_complex' retrieved from /home/airflow/.local/lib/python3.12/site-packages/airflow/example_dags/example_complex.py
[2024-04-25T23:51:06.487+0000] {logging_mixin.py:188} INFO - [2024-04-25T23:51:06.487+0000] {dag.py:3096} INFO - Sync 1 DAGs
[2024-04-25T23:51:06.503+0000] {logging_mixin.py:188} INFO - [2024-04-25T23:51:06.503+0000] {dag.py:3954} INFO - Setting next_dagrun for example_complex to None, run_after=None
[2024-04-25T23:51:06.525+0000] {processor.py:183} INFO - Processing /home/airflow/.local/lib/python3.12/site-packages/airflow/example_dags/example_complex.py took 0.084 seconds
[2024-04-25T23:51:36.624+0000] {processor.py:161} INFO - Started process (PID=1820) to work on /home/airflow/.local/lib/python3.12/site-packages/airflow/example_dags/example_complex.py
[2024-04-25T23:51:36.626+0000] {processor.py:830} INFO - Processing file /home/airflow/.local/lib/python3.12/site-packages/airflow/example_dags/example_complex.py for tasks to queue
[2024-04-25T23:51:36.627+0000] {logging_mixin.py:188} INFO - [2024-04-25T23:51:36.627+0000] {dagbag.py:540} INFO - Filling up the DagBag from /home/airflow/.local/lib/python3.12/site-packages/airflow/example_dags/example_complex.py
[2024-04-25T23:51:36.636+0000] {processor.py:840} INFO - DAG(s) 'example_complex' retrieved from /home/airflow/.local/lib/python3.12/site-packages/airflow/example_dags/example_complex.py
[2024-04-25T23:51:36.662+0000] {logging_mixin.py:188} INFO - [2024-04-25T23:51:36.662+0000] {dag.py:3096} INFO - Sync 1 DAGs
[2024-04-25T23:51:36.674+0000] {logging_mixin.py:188} INFO - [2024-04-25T23:51:36.674+0000] {dag.py:3954} INFO - Setting next_dagrun for example_complex to None, run_after=None
[2024-04-25T23:51:36.693+0000] {processor.py:183} INFO - Processing /home/airflow/.local/lib/python3.12/site-packages/airflow/example_dags/example_complex.py took 0.074 seconds
[2024-04-25T23:52:06.782+0000] {processor.py:161} INFO - Started process (PID=1879) to work on /home/airflow/.local/lib/python3.12/site-packages/airflow/example_dags/example_complex.py
[2024-04-25T23:52:06.783+0000] {processor.py:830} INFO - Processing file /home/airflow/.local/lib/python3.12/site-packages/airflow/example_dags/example_complex.py for tasks to queue
[2024-04-25T23:52:06.786+0000] {logging_mixin.py:188} INFO - [2024-04-25T23:52:06.785+0000] {dagbag.py:540} INFO - Filling up the DagBag from /home/airflow/.local/lib/python3.12/site-packages/airflow/example_dags/example_complex.py
[2024-04-25T23:52:06.797+0000] {processor.py:840} INFO - DAG(s) 'example_complex' retrieved from /home/airflow/.local/lib/python3.12/site-packages/airflow/example_dags/example_complex.py
[2024-04-25T23:52:06.827+0000] {logging_mixin.py:188} INFO - [2024-04-25T23:52:06.826+0000] {dag.py:3096} INFO - Sync 1 DAGs
[2024-04-25T23:52:06.840+0000] {logging_mixin.py:188} INFO - [2024-04-25T23:52:06.840+0000] {dag.py:3954} INFO - Setting next_dagrun for example_complex to None, run_after=None
[2024-04-25T23:52:06.863+0000] {processor.py:183} INFO - Processing /home/airflow/.local/lib/python3.12/site-packages/airflow/example_dags/example_complex.py took 0.087 seconds
[2024-04-25T23:52:36.966+0000] {processor.py:161} INFO - Started process (PID=1938) to work on /home/airflow/.local/lib/python3.12/site-packages/airflow/example_dags/example_complex.py
[2024-04-25T23:52:36.969+0000] {processor.py:830} INFO - Processing file /home/airflow/.local/lib/python3.12/site-packages/airflow/example_dags/example_complex.py for tasks to queue
[2024-04-25T23:52:36.972+0000] {logging_mixin.py:188} INFO - [2024-04-25T23:52:36.972+0000] {dagbag.py:540} INFO - Filling up the DagBag from /home/airflow/.local/lib/python3.12/site-packages/airflow/example_dags/example_complex.py
[2024-04-25T23:52:36.986+0000] {processor.py:840} INFO - DAG(s) 'example_complex' retrieved from /home/airflow/.local/lib/python3.12/site-packages/airflow/example_dags/example_complex.py
[2024-04-25T23:52:37.014+0000] {logging_mixin.py:188} INFO - [2024-04-25T23:52:37.014+0000] {dag.py:3096} INFO - Sync 1 DAGs
[2024-04-25T23:52:37.025+0000] {logging_mixin.py:188} INFO - [2024-04-25T23:52:37.025+0000] {dag.py:3954} INFO - Setting next_dagrun for example_complex to None, run_after=None
[2024-04-25T23:52:37.045+0000] {processor.py:183} INFO - Processing /home/airflow/.local/lib/python3.12/site-packages/airflow/example_dags/example_complex.py took 0.087 seconds
[2024-04-25T23:53:07.147+0000] {processor.py:161} INFO - Started process (PID=1997) to work on /home/airflow/.local/lib/python3.12/site-packages/airflow/example_dags/example_complex.py
[2024-04-25T23:53:07.149+0000] {processor.py:830} INFO - Processing file /home/airflow/.local/lib/python3.12/site-packages/airflow/example_dags/example_complex.py for tasks to queue
[2024-04-25T23:53:07.152+0000] {logging_mixin.py:188} INFO - [2024-04-25T23:53:07.151+0000] {dagbag.py:540} INFO - Filling up the DagBag from /home/airflow/.local/lib/python3.12/site-packages/airflow/example_dags/example_complex.py
[2024-04-25T23:53:07.161+0000] {processor.py:840} INFO - DAG(s) 'example_complex' retrieved from /home/airflow/.local/lib/python3.12/site-packages/airflow/example_dags/example_complex.py
[2024-04-25T23:53:07.186+0000] {logging_mixin.py:188} INFO - [2024-04-25T23:53:07.186+0000] {dag.py:3096} INFO - Sync 1 DAGs
[2024-04-25T23:53:07.197+0000] {logging_mixin.py:188} INFO - [2024-04-25T23:53:07.197+0000] {dag.py:3954} INFO - Setting next_dagrun for example_complex to None, run_after=None
[2024-04-25T23:53:07.215+0000] {processor.py:183} INFO - Processing /home/airflow/.local/lib/python3.12/site-packages/airflow/example_dags/example_complex.py took 0.074 seconds
[2024-04-25T23:53:37.403+0000] {processor.py:161} INFO - Started process (PID=2056) to work on /home/airflow/.local/lib/python3.12/site-packages/airflow/example_dags/example_complex.py
[2024-04-25T23:53:37.404+0000] {processor.py:830} INFO - Processing file /home/airflow/.local/lib/python3.12/site-packages/airflow/example_dags/example_complex.py for tasks to queue
[2024-04-25T23:53:37.406+0000] {logging_mixin.py:188} INFO - [2024-04-25T23:53:37.406+0000] {dagbag.py:540} INFO - Filling up the DagBag from /home/airflow/.local/lib/python3.12/site-packages/airflow/example_dags/example_complex.py
[2024-04-25T23:53:37.416+0000] {processor.py:840} INFO - DAG(s) 'example_complex' retrieved from /home/airflow/.local/lib/python3.12/site-packages/airflow/example_dags/example_complex.py
[2024-04-25T23:53:37.447+0000] {logging_mixin.py:188} INFO - [2024-04-25T23:53:37.446+0000] {dag.py:3096} INFO - Sync 1 DAGs
[2024-04-25T23:53:37.460+0000] {logging_mixin.py:188} INFO - [2024-04-25T23:53:37.460+0000] {dag.py:3954} INFO - Setting next_dagrun for example_complex to None, run_after=None
[2024-04-25T23:53:37.478+0000] {processor.py:183} INFO - Processing /home/airflow/.local/lib/python3.12/site-packages/airflow/example_dags/example_complex.py took 0.081 seconds
[2024-04-25T23:54:07.709+0000] {processor.py:161} INFO - Started process (PID=2115) to work on /home/airflow/.local/lib/python3.12/site-packages/airflow/example_dags/example_complex.py
[2024-04-25T23:54:07.710+0000] {processor.py:830} INFO - Processing file /home/airflow/.local/lib/python3.12/site-packages/airflow/example_dags/example_complex.py for tasks to queue
[2024-04-25T23:54:07.712+0000] {logging_mixin.py:188} INFO - [2024-04-25T23:54:07.711+0000] {dagbag.py:540} INFO - Filling up the DagBag from /home/airflow/.local/lib/python3.12/site-packages/airflow/example_dags/example_complex.py
[2024-04-25T23:54:07.720+0000] {processor.py:840} INFO - DAG(s) 'example_complex' retrieved from /home/airflow/.local/lib/python3.12/site-packages/airflow/example_dags/example_complex.py
[2024-04-25T23:54:07.747+0000] {logging_mixin.py:188} INFO - [2024-04-25T23:54:07.747+0000] {dag.py:3096} INFO - Sync 1 DAGs
[2024-04-25T23:54:07.759+0000] {logging_mixin.py:188} INFO - [2024-04-25T23:54:07.759+0000] {dag.py:3954} INFO - Setting next_dagrun for example_complex to None, run_after=None
[2024-04-25T23:54:07.779+0000] {processor.py:183} INFO - Processing /home/airflow/.local/lib/python3.12/site-packages/airflow/example_dags/example_complex.py took 0.075 seconds
[2024-04-25T23:54:37.896+0000] {processor.py:161} INFO - Started process (PID=2174) to work on /home/airflow/.local/lib/python3.12/site-packages/airflow/example_dags/example_complex.py
[2024-04-25T23:54:37.897+0000] {processor.py:830} INFO - Processing file /home/airflow/.local/lib/python3.12/site-packages/airflow/example_dags/example_complex.py for tasks to queue
[2024-04-25T23:54:37.900+0000] {logging_mixin.py:188} INFO - [2024-04-25T23:54:37.899+0000] {dagbag.py:540} INFO - Filling up the DagBag from /home/airflow/.local/lib/python3.12/site-packages/airflow/example_dags/example_complex.py
[2024-04-25T23:54:37.908+0000] {processor.py:840} INFO - DAG(s) 'example_complex' retrieved from /home/airflow/.local/lib/python3.12/site-packages/airflow/example_dags/example_complex.py
[2024-04-25T23:54:37.937+0000] {logging_mixin.py:188} INFO - [2024-04-25T23:54:37.937+0000] {dag.py:3096} INFO - Sync 1 DAGs
[2024-04-25T23:54:37.950+0000] {logging_mixin.py:188} INFO - [2024-04-25T23:54:37.950+0000] {dag.py:3954} INFO - Setting next_dagrun for example_complex to None, run_after=None
[2024-04-25T23:54:37.969+0000] {processor.py:183} INFO - Processing /home/airflow/.local/lib/python3.12/site-packages/airflow/example_dags/example_complex.py took 0.078 seconds
[2024-04-25T23:55:08.035+0000] {processor.py:161} INFO - Started process (PID=2233) to work on /home/airflow/.local/lib/python3.12/site-packages/airflow/example_dags/example_complex.py
[2024-04-25T23:55:08.036+0000] {processor.py:830} INFO - Processing file /home/airflow/.local/lib/python3.12/site-packages/airflow/example_dags/example_complex.py for tasks to queue
[2024-04-25T23:55:08.037+0000] {logging_mixin.py:188} INFO - [2024-04-25T23:55:08.037+0000] {dagbag.py:540} INFO - Filling up the DagBag from /home/airflow/.local/lib/python3.12/site-packages/airflow/example_dags/example_complex.py
[2024-04-25T23:55:08.046+0000] {processor.py:840} INFO - DAG(s) 'example_complex' retrieved from /home/airflow/.local/lib/python3.12/site-packages/airflow/example_dags/example_complex.py
[2024-04-25T23:55:08.071+0000] {logging_mixin.py:188} INFO - [2024-04-25T23:55:08.071+0000] {dag.py:3096} INFO - Sync 1 DAGs
[2024-04-25T23:55:08.083+0000] {logging_mixin.py:188} INFO - [2024-04-25T23:55:08.083+0000] {dag.py:3954} INFO - Setting next_dagrun for example_complex to None, run_after=None
[2024-04-25T23:55:08.103+0000] {processor.py:183} INFO - Processing /home/airflow/.local/lib/python3.12/site-packages/airflow/example_dags/example_complex.py took 0.073 seconds
[2024-04-25T23:55:38.265+0000] {processor.py:161} INFO - Started process (PID=2292) to work on /home/airflow/.local/lib/python3.12/site-packages/airflow/example_dags/example_complex.py
[2024-04-25T23:55:38.266+0000] {processor.py:830} INFO - Processing file /home/airflow/.local/lib/python3.12/site-packages/airflow/example_dags/example_complex.py for tasks to queue
[2024-04-25T23:55:38.269+0000] {logging_mixin.py:188} INFO - [2024-04-25T23:55:38.268+0000] {dagbag.py:540} INFO - Filling up the DagBag from /home/airflow/.local/lib/python3.12/site-packages/airflow/example_dags/example_complex.py
[2024-04-25T23:55:38.278+0000] {processor.py:840} INFO - DAG(s) 'example_complex' retrieved from /home/airflow/.local/lib/python3.12/site-packages/airflow/example_dags/example_complex.py
[2024-04-25T23:55:38.303+0000] {logging_mixin.py:188} INFO - [2024-04-25T23:55:38.302+0000] {dag.py:3096} INFO - Sync 1 DAGs
[2024-04-25T23:55:38.314+0000] {logging_mixin.py:188} INFO - [2024-04-25T23:55:38.314+0000] {dag.py:3954} INFO - Setting next_dagrun for example_complex to None, run_after=None
[2024-04-25T23:55:38.334+0000] {processor.py:183} INFO - Processing /home/airflow/.local/lib/python3.12/site-packages/airflow/example_dags/example_complex.py took 0.076 seconds
[2024-04-25T23:56:09.219+0000] {processor.py:161} INFO - Started process (PID=2351) to work on /home/airflow/.local/lib/python3.12/site-packages/airflow/example_dags/example_complex.py
[2024-04-25T23:56:09.220+0000] {processor.py:830} INFO - Processing file /home/airflow/.local/lib/python3.12/site-packages/airflow/example_dags/example_complex.py for tasks to queue
[2024-04-25T23:56:09.222+0000] {logging_mixin.py:188} INFO - [2024-04-25T23:56:09.221+0000] {dagbag.py:540} INFO - Filling up the DagBag from /home/airflow/.local/lib/python3.12/site-packages/airflow/example_dags/example_complex.py
[2024-04-25T23:56:09.230+0000] {processor.py:840} INFO - DAG(s) 'example_complex' retrieved from /home/airflow/.local/lib/python3.12/site-packages/airflow/example_dags/example_complex.py
[2024-04-25T23:56:09.256+0000] {logging_mixin.py:188} INFO - [2024-04-25T23:56:09.256+0000] {dag.py:3096} INFO - Sync 1 DAGs
[2024-04-25T23:56:09.267+0000] {logging_mixin.py:188} INFO - [2024-04-25T23:56:09.267+0000] {dag.py:3954} INFO - Setting next_dagrun for example_complex to None, run_after=None
[2024-04-25T23:56:09.285+0000] {processor.py:183} INFO - Processing /home/airflow/.local/lib/python3.12/site-packages/airflow/example_dags/example_complex.py took 0.073 seconds
[2024-04-25T23:56:39.615+0000] {processor.py:161} INFO - Started process (PID=2410) to work on /home/airflow/.local/lib/python3.12/site-packages/airflow/example_dags/example_complex.py
[2024-04-25T23:56:39.617+0000] {processor.py:830} INFO - Processing file /home/airflow/.local/lib/python3.12/site-packages/airflow/example_dags/example_complex.py for tasks to queue
[2024-04-25T23:56:39.620+0000] {logging_mixin.py:188} INFO - [2024-04-25T23:56:39.619+0000] {dagbag.py:540} INFO - Filling up the DagBag from /home/airflow/.local/lib/python3.12/site-packages/airflow/example_dags/example_complex.py
[2024-04-25T23:56:39.629+0000] {processor.py:840} INFO - DAG(s) 'example_complex' retrieved from /home/airflow/.local/lib/python3.12/site-packages/airflow/example_dags/example_complex.py
[2024-04-25T23:56:39.662+0000] {logging_mixin.py:188} INFO - [2024-04-25T23:56:39.662+0000] {dag.py:3096} INFO - Sync 1 DAGs
[2024-04-25T23:56:39.679+0000] {logging_mixin.py:188} INFO - [2024-04-25T23:56:39.679+0000] {dag.py:3954} INFO - Setting next_dagrun for example_complex to None, run_after=None
[2024-04-25T23:56:39.709+0000] {processor.py:183} INFO - Processing /home/airflow/.local/lib/python3.12/site-packages/airflow/example_dags/example_complex.py took 0.100 seconds
[2024-04-25T23:57:10.479+0000] {processor.py:161} INFO - Started process (PID=2469) to work on /home/airflow/.local/lib/python3.12/site-packages/airflow/example_dags/example_complex.py
[2024-04-25T23:57:10.481+0000] {processor.py:830} INFO - Processing file /home/airflow/.local/lib/python3.12/site-packages/airflow/example_dags/example_complex.py for tasks to queue
[2024-04-25T23:57:10.482+0000] {logging_mixin.py:188} INFO - [2024-04-25T23:57:10.482+0000] {dagbag.py:540} INFO - Filling up the DagBag from /home/airflow/.local/lib/python3.12/site-packages/airflow/example_dags/example_complex.py
[2024-04-25T23:57:10.498+0000] {processor.py:840} INFO - DAG(s) 'example_complex' retrieved from /home/airflow/.local/lib/python3.12/site-packages/airflow/example_dags/example_complex.py
[2024-04-25T23:57:10.532+0000] {logging_mixin.py:188} INFO - [2024-04-25T23:57:10.532+0000] {dag.py:3096} INFO - Sync 1 DAGs
[2024-04-25T23:57:10.549+0000] {logging_mixin.py:188} INFO - [2024-04-25T23:57:10.548+0000] {dag.py:3954} INFO - Setting next_dagrun for example_complex to None, run_after=None
[2024-04-25T23:57:10.586+0000] {processor.py:183} INFO - Processing /home/airflow/.local/lib/python3.12/site-packages/airflow/example_dags/example_complex.py took 0.114 seconds
[2024-04-25T23:57:41.126+0000] {processor.py:161} INFO - Started process (PID=2528) to work on /home/airflow/.local/lib/python3.12/site-packages/airflow/example_dags/example_complex.py
[2024-04-25T23:57:41.127+0000] {processor.py:830} INFO - Processing file /home/airflow/.local/lib/python3.12/site-packages/airflow/example_dags/example_complex.py for tasks to queue
[2024-04-25T23:57:41.130+0000] {logging_mixin.py:188} INFO - [2024-04-25T23:57:41.129+0000] {dagbag.py:540} INFO - Filling up the DagBag from /home/airflow/.local/lib/python3.12/site-packages/airflow/example_dags/example_complex.py
[2024-04-25T23:57:41.148+0000] {processor.py:840} INFO - DAG(s) 'example_complex' retrieved from /home/airflow/.local/lib/python3.12/site-packages/airflow/example_dags/example_complex.py
[2024-04-25T23:57:41.184+0000] {logging_mixin.py:188} INFO - [2024-04-25T23:57:41.184+0000] {dag.py:3096} INFO - Sync 1 DAGs
[2024-04-25T23:57:41.197+0000] {logging_mixin.py:188} INFO - [2024-04-25T23:57:41.196+0000] {dag.py:3954} INFO - Setting next_dagrun for example_complex to None, run_after=None
[2024-04-25T23:57:41.218+0000] {processor.py:183} INFO - Processing /home/airflow/.local/lib/python3.12/site-packages/airflow/example_dags/example_complex.py took 0.099 seconds
[2024-04-25T23:58:11.371+0000] {processor.py:161} INFO - Started process (PID=2587) to work on /home/airflow/.local/lib/python3.12/site-packages/airflow/example_dags/example_complex.py
[2024-04-25T23:58:11.372+0000] {processor.py:830} INFO - Processing file /home/airflow/.local/lib/python3.12/site-packages/airflow/example_dags/example_complex.py for tasks to queue
[2024-04-25T23:58:11.374+0000] {logging_mixin.py:188} INFO - [2024-04-25T23:58:11.374+0000] {dagbag.py:540} INFO - Filling up the DagBag from /home/airflow/.local/lib/python3.12/site-packages/airflow/example_dags/example_complex.py
[2024-04-25T23:58:11.383+0000] {processor.py:840} INFO - DAG(s) 'example_complex' retrieved from /home/airflow/.local/lib/python3.12/site-packages/airflow/example_dags/example_complex.py
[2024-04-25T23:58:11.408+0000] {logging_mixin.py:188} INFO - [2024-04-25T23:58:11.408+0000] {dag.py:3096} INFO - Sync 1 DAGs
[2024-04-25T23:58:11.419+0000] {logging_mixin.py:188} INFO - [2024-04-25T23:58:11.418+0000] {dag.py:3954} INFO - Setting next_dagrun for example_complex to None, run_after=None
[2024-04-25T23:58:11.437+0000] {processor.py:183} INFO - Processing /home/airflow/.local/lib/python3.12/site-packages/airflow/example_dags/example_complex.py took 0.070 seconds
[2024-04-25T23:58:41.554+0000] {processor.py:161} INFO - Started process (PID=2646) to work on /home/airflow/.local/lib/python3.12/site-packages/airflow/example_dags/example_complex.py
[2024-04-25T23:58:41.555+0000] {processor.py:830} INFO - Processing file /home/airflow/.local/lib/python3.12/site-packages/airflow/example_dags/example_complex.py for tasks to queue
[2024-04-25T23:58:41.557+0000] {logging_mixin.py:188} INFO - [2024-04-25T23:58:41.556+0000] {dagbag.py:540} INFO - Filling up the DagBag from /home/airflow/.local/lib/python3.12/site-packages/airflow/example_dags/example_complex.py
[2024-04-25T23:58:41.568+0000] {processor.py:840} INFO - DAG(s) 'example_complex' retrieved from /home/airflow/.local/lib/python3.12/site-packages/airflow/example_dags/example_complex.py
[2024-04-25T23:58:41.592+0000] {logging_mixin.py:188} INFO - [2024-04-25T23:58:41.592+0000] {dag.py:3096} INFO - Sync 1 DAGs
[2024-04-25T23:58:41.604+0000] {logging_mixin.py:188} INFO - [2024-04-25T23:58:41.603+0000] {dag.py:3954} INFO - Setting next_dagrun for example_complex to None, run_after=None
[2024-04-25T23:58:41.634+0000] {processor.py:183} INFO - Processing /home/airflow/.local/lib/python3.12/site-packages/airflow/example_dags/example_complex.py took 0.087 seconds
[2024-04-25T23:59:12.209+0000] {processor.py:161} INFO - Started process (PID=2705) to work on /home/airflow/.local/lib/python3.12/site-packages/airflow/example_dags/example_complex.py
[2024-04-25T23:59:12.210+0000] {processor.py:830} INFO - Processing file /home/airflow/.local/lib/python3.12/site-packages/airflow/example_dags/example_complex.py for tasks to queue
[2024-04-25T23:59:12.212+0000] {logging_mixin.py:188} INFO - [2024-04-25T23:59:12.212+0000] {dagbag.py:540} INFO - Filling up the DagBag from /home/airflow/.local/lib/python3.12/site-packages/airflow/example_dags/example_complex.py
[2024-04-25T23:59:12.221+0000] {processor.py:840} INFO - DAG(s) 'example_complex' retrieved from /home/airflow/.local/lib/python3.12/site-packages/airflow/example_dags/example_complex.py
[2024-04-25T23:59:12.246+0000] {logging_mixin.py:188} INFO - [2024-04-25T23:59:12.246+0000] {dag.py:3096} INFO - Sync 1 DAGs
[2024-04-25T23:59:12.257+0000] {logging_mixin.py:188} INFO - [2024-04-25T23:59:12.256+0000] {dag.py:3954} INFO - Setting next_dagrun for example_complex to None, run_after=None
[2024-04-25T23:59:12.275+0000] {processor.py:183} INFO - Processing /home/airflow/.local/lib/python3.12/site-packages/airflow/example_dags/example_complex.py took 0.071 seconds
[2024-04-25T23:59:42.524+0000] {processor.py:161} INFO - Started process (PID=2764) to work on /home/airflow/.local/lib/python3.12/site-packages/airflow/example_dags/example_complex.py
[2024-04-25T23:59:42.525+0000] {processor.py:830} INFO - Processing file /home/airflow/.local/lib/python3.12/site-packages/airflow/example_dags/example_complex.py for tasks to queue
[2024-04-25T23:59:42.527+0000] {logging_mixin.py:188} INFO - [2024-04-25T23:59:42.527+0000] {dagbag.py:540} INFO - Filling up the DagBag from /home/airflow/.local/lib/python3.12/site-packages/airflow/example_dags/example_complex.py
[2024-04-25T23:59:42.537+0000] {processor.py:840} INFO - DAG(s) 'example_complex' retrieved from /home/airflow/.local/lib/python3.12/site-packages/airflow/example_dags/example_complex.py
[2024-04-25T23:59:42.567+0000] {logging_mixin.py:188} INFO - [2024-04-25T23:59:42.567+0000] {dag.py:3096} INFO - Sync 1 DAGs
[2024-04-25T23:59:42.582+0000] {logging_mixin.py:188} INFO - [2024-04-25T23:59:42.581+0000] {dag.py:3954} INFO - Setting next_dagrun for example_complex to None, run_after=None
[2024-04-25T23:59:42.603+0000] {processor.py:183} INFO - Processing /home/airflow/.local/lib/python3.12/site-packages/airflow/example_dags/example_complex.py took 0.085 seconds
