[2024-04-25T23:36:24.232+0000] {processor.py:161} INFO - Started process (PID=69) to work on /home/airflow/.local/lib/python3.12/site-packages/airflow/example_dags/example_bash_operator.py
[2024-04-25T23:36:24.234+0000] {processor.py:830} INFO - Processing file /home/airflow/.local/lib/python3.12/site-packages/airflow/example_dags/example_bash_operator.py for tasks to queue
[2024-04-25T23:36:24.257+0000] {logging_mixin.py:188} INFO - [2024-04-25T23:36:24.257+0000] {dagbag.py:540} INFO - Filling up the DagBag from /home/airflow/.local/lib/python3.12/site-packages/airflow/example_dags/example_bash_operator.py
[2024-04-25T23:36:24.303+0000] {processor.py:840} INFO - DAG(s) 'example_bash_operator' retrieved from /home/airflow/.local/lib/python3.12/site-packages/airflow/example_dags/example_bash_operator.py
[2024-04-25T23:36:24.337+0000] {logging_mixin.py:188} INFO - [2024-04-25T23:36:24.337+0000] {dag.py:3096} INFO - Sync 1 DAGs
[2024-04-25T23:36:24.411+0000] {logging_mixin.py:188} INFO - [2024-04-25T23:36:24.410+0000] {dag.py:3954} INFO - Setting next_dagrun for example_bash_operator to 2024-04-24 00:00:00+00:00, run_after=2024-04-25 00:00:00+00:00
[2024-04-25T23:36:24.462+0000] {processor.py:183} INFO - Processing /home/airflow/.local/lib/python3.12/site-packages/airflow/example_dags/example_bash_operator.py took 0.267 seconds
[2024-04-25T23:36:57.239+0000] {processor.py:161} INFO - Started process (PID=128) to work on /home/airflow/.local/lib/python3.12/site-packages/airflow/example_dags/example_bash_operator.py
[2024-04-25T23:36:57.247+0000] {processor.py:830} INFO - Processing file /home/airflow/.local/lib/python3.12/site-packages/airflow/example_dags/example_bash_operator.py for tasks to queue
[2024-04-25T23:36:57.260+0000] {logging_mixin.py:188} INFO - [2024-04-25T23:36:57.256+0000] {dagbag.py:540} INFO - Filling up the DagBag from /home/airflow/.local/lib/python3.12/site-packages/airflow/example_dags/example_bash_operator.py
[2024-04-25T23:36:57.319+0000] {processor.py:840} INFO - DAG(s) 'example_bash_operator' retrieved from /home/airflow/.local/lib/python3.12/site-packages/airflow/example_dags/example_bash_operator.py
[2024-04-25T23:36:57.705+0000] {logging_mixin.py:188} INFO - [2024-04-25T23:36:57.704+0000] {dag.py:3096} INFO - Sync 1 DAGs
[2024-04-25T23:36:57.841+0000] {logging_mixin.py:188} INFO - [2024-04-25T23:36:57.839+0000] {dag.py:3954} INFO - Setting next_dagrun for example_bash_operator to 2024-04-24 00:00:00+00:00, run_after=2024-04-25 00:00:00+00:00
[2024-04-25T23:36:58.116+0000] {processor.py:183} INFO - Processing /home/airflow/.local/lib/python3.12/site-packages/airflow/example_dags/example_bash_operator.py took 0.909 seconds
[2024-04-25T23:37:28.988+0000] {processor.py:161} INFO - Started process (PID=187) to work on /home/airflow/.local/lib/python3.12/site-packages/airflow/example_dags/example_bash_operator.py
[2024-04-25T23:37:28.990+0000] {processor.py:830} INFO - Processing file /home/airflow/.local/lib/python3.12/site-packages/airflow/example_dags/example_bash_operator.py for tasks to queue
[2024-04-25T23:37:28.992+0000] {logging_mixin.py:188} INFO - [2024-04-25T23:37:28.992+0000] {dagbag.py:540} INFO - Filling up the DagBag from /home/airflow/.local/lib/python3.12/site-packages/airflow/example_dags/example_bash_operator.py
[2024-04-25T23:37:29.004+0000] {processor.py:840} INFO - DAG(s) 'example_bash_operator' retrieved from /home/airflow/.local/lib/python3.12/site-packages/airflow/example_dags/example_bash_operator.py
[2024-04-25T23:37:29.032+0000] {logging_mixin.py:188} INFO - [2024-04-25T23:37:29.032+0000] {dag.py:3096} INFO - Sync 1 DAGs
[2024-04-25T23:37:29.054+0000] {logging_mixin.py:188} INFO - [2024-04-25T23:37:29.054+0000] {dag.py:3954} INFO - Setting next_dagrun for example_bash_operator to 2024-04-24 00:00:00+00:00, run_after=2024-04-25 00:00:00+00:00
[2024-04-25T23:37:29.087+0000] {processor.py:183} INFO - Processing /home/airflow/.local/lib/python3.12/site-packages/airflow/example_dags/example_bash_operator.py took 0.105 seconds
[2024-04-25T23:37:59.377+0000] {processor.py:161} INFO - Started process (PID=246) to work on /home/airflow/.local/lib/python3.12/site-packages/airflow/example_dags/example_bash_operator.py
[2024-04-25T23:37:59.378+0000] {processor.py:830} INFO - Processing file /home/airflow/.local/lib/python3.12/site-packages/airflow/example_dags/example_bash_operator.py for tasks to queue
[2024-04-25T23:37:59.380+0000] {logging_mixin.py:188} INFO - [2024-04-25T23:37:59.380+0000] {dagbag.py:540} INFO - Filling up the DagBag from /home/airflow/.local/lib/python3.12/site-packages/airflow/example_dags/example_bash_operator.py
[2024-04-25T23:37:59.391+0000] {processor.py:840} INFO - DAG(s) 'example_bash_operator' retrieved from /home/airflow/.local/lib/python3.12/site-packages/airflow/example_dags/example_bash_operator.py
[2024-04-25T23:37:59.414+0000] {logging_mixin.py:188} INFO - [2024-04-25T23:37:59.414+0000] {dag.py:3096} INFO - Sync 1 DAGs
[2024-04-25T23:37:59.435+0000] {logging_mixin.py:188} INFO - [2024-04-25T23:37:59.435+0000] {dag.py:3954} INFO - Setting next_dagrun for example_bash_operator to 2024-04-24 00:00:00+00:00, run_after=2024-04-25 00:00:00+00:00
[2024-04-25T23:37:59.455+0000] {processor.py:183} INFO - Processing /home/airflow/.local/lib/python3.12/site-packages/airflow/example_dags/example_bash_operator.py took 0.084 seconds
[2024-04-25T23:38:29.517+0000] {processor.py:161} INFO - Started process (PID=305) to work on /home/airflow/.local/lib/python3.12/site-packages/airflow/example_dags/example_bash_operator.py
[2024-04-25T23:38:29.518+0000] {processor.py:830} INFO - Processing file /home/airflow/.local/lib/python3.12/site-packages/airflow/example_dags/example_bash_operator.py for tasks to queue
[2024-04-25T23:38:29.520+0000] {logging_mixin.py:188} INFO - [2024-04-25T23:38:29.520+0000] {dagbag.py:540} INFO - Filling up the DagBag from /home/airflow/.local/lib/python3.12/site-packages/airflow/example_dags/example_bash_operator.py
[2024-04-25T23:38:29.530+0000] {processor.py:840} INFO - DAG(s) 'example_bash_operator' retrieved from /home/airflow/.local/lib/python3.12/site-packages/airflow/example_dags/example_bash_operator.py
[2024-04-25T23:38:29.551+0000] {logging_mixin.py:188} INFO - [2024-04-25T23:38:29.550+0000] {dag.py:3096} INFO - Sync 1 DAGs
[2024-04-25T23:38:29.570+0000] {logging_mixin.py:188} INFO - [2024-04-25T23:38:29.569+0000] {dag.py:3954} INFO - Setting next_dagrun for example_bash_operator to 2024-04-24 00:00:00+00:00, run_after=2024-04-25 00:00:00+00:00
[2024-04-25T23:38:29.585+0000] {processor.py:183} INFO - Processing /home/airflow/.local/lib/python3.12/site-packages/airflow/example_dags/example_bash_operator.py took 0.073 seconds
[2024-04-25T23:39:00.531+0000] {processor.py:161} INFO - Started process (PID=365) to work on /home/airflow/.local/lib/python3.12/site-packages/airflow/example_dags/example_bash_operator.py
[2024-04-25T23:39:00.533+0000] {processor.py:830} INFO - Processing file /home/airflow/.local/lib/python3.12/site-packages/airflow/example_dags/example_bash_operator.py for tasks to queue
[2024-04-25T23:39:00.534+0000] {logging_mixin.py:188} INFO - [2024-04-25T23:39:00.534+0000] {dagbag.py:540} INFO - Filling up the DagBag from /home/airflow/.local/lib/python3.12/site-packages/airflow/example_dags/example_bash_operator.py
[2024-04-25T23:39:00.547+0000] {processor.py:840} INFO - DAG(s) 'example_bash_operator' retrieved from /home/airflow/.local/lib/python3.12/site-packages/airflow/example_dags/example_bash_operator.py
[2024-04-25T23:39:00.573+0000] {logging_mixin.py:188} INFO - [2024-04-25T23:39:00.573+0000] {dag.py:3096} INFO - Sync 1 DAGs
[2024-04-25T23:39:00.598+0000] {logging_mixin.py:188} INFO - [2024-04-25T23:39:00.598+0000] {dag.py:3954} INFO - Setting next_dagrun for example_bash_operator to 2024-04-24 00:00:00+00:00, run_after=2024-04-25 00:00:00+00:00
[2024-04-25T23:39:00.619+0000] {processor.py:183} INFO - Processing /home/airflow/.local/lib/python3.12/site-packages/airflow/example_dags/example_bash_operator.py took 0.093 seconds
[2024-04-25T23:39:30.728+0000] {processor.py:161} INFO - Started process (PID=424) to work on /home/airflow/.local/lib/python3.12/site-packages/airflow/example_dags/example_bash_operator.py
[2024-04-25T23:39:30.729+0000] {processor.py:830} INFO - Processing file /home/airflow/.local/lib/python3.12/site-packages/airflow/example_dags/example_bash_operator.py for tasks to queue
[2024-04-25T23:39:30.731+0000] {logging_mixin.py:188} INFO - [2024-04-25T23:39:30.731+0000] {dagbag.py:540} INFO - Filling up the DagBag from /home/airflow/.local/lib/python3.12/site-packages/airflow/example_dags/example_bash_operator.py
[2024-04-25T23:39:30.741+0000] {processor.py:840} INFO - DAG(s) 'example_bash_operator' retrieved from /home/airflow/.local/lib/python3.12/site-packages/airflow/example_dags/example_bash_operator.py
[2024-04-25T23:39:30.766+0000] {logging_mixin.py:188} INFO - [2024-04-25T23:39:30.765+0000] {dag.py:3096} INFO - Sync 1 DAGs
[2024-04-25T23:39:30.786+0000] {logging_mixin.py:188} INFO - [2024-04-25T23:39:30.786+0000] {dag.py:3954} INFO - Setting next_dagrun for example_bash_operator to 2024-04-24 00:00:00+00:00, run_after=2024-04-25 00:00:00+00:00
[2024-04-25T23:39:30.806+0000] {processor.py:183} INFO - Processing /home/airflow/.local/lib/python3.12/site-packages/airflow/example_dags/example_bash_operator.py took 0.083 seconds
[2024-04-25T23:40:00.974+0000] {processor.py:161} INFO - Started process (PID=483) to work on /home/airflow/.local/lib/python3.12/site-packages/airflow/example_dags/example_bash_operator.py
[2024-04-25T23:40:00.975+0000] {processor.py:830} INFO - Processing file /home/airflow/.local/lib/python3.12/site-packages/airflow/example_dags/example_bash_operator.py for tasks to queue
[2024-04-25T23:40:00.977+0000] {logging_mixin.py:188} INFO - [2024-04-25T23:40:00.977+0000] {dagbag.py:540} INFO - Filling up the DagBag from /home/airflow/.local/lib/python3.12/site-packages/airflow/example_dags/example_bash_operator.py
[2024-04-25T23:40:00.989+0000] {processor.py:840} INFO - DAG(s) 'example_bash_operator' retrieved from /home/airflow/.local/lib/python3.12/site-packages/airflow/example_dags/example_bash_operator.py
[2024-04-25T23:40:01.014+0000] {logging_mixin.py:188} INFO - [2024-04-25T23:40:01.013+0000] {dag.py:3096} INFO - Sync 1 DAGs
[2024-04-25T23:40:01.032+0000] {logging_mixin.py:188} INFO - [2024-04-25T23:40:01.032+0000] {dag.py:3954} INFO - Setting next_dagrun for example_bash_operator to 2024-04-24 00:00:00+00:00, run_after=2024-04-25 00:00:00+00:00
[2024-04-25T23:40:01.051+0000] {processor.py:183} INFO - Processing /home/airflow/.local/lib/python3.12/site-packages/airflow/example_dags/example_bash_operator.py took 0.082 seconds
[2024-04-25T23:40:31.381+0000] {processor.py:161} INFO - Started process (PID=542) to work on /home/airflow/.local/lib/python3.12/site-packages/airflow/example_dags/example_bash_operator.py
[2024-04-25T23:40:31.381+0000] {processor.py:830} INFO - Processing file /home/airflow/.local/lib/python3.12/site-packages/airflow/example_dags/example_bash_operator.py for tasks to queue
[2024-04-25T23:40:31.383+0000] {logging_mixin.py:188} INFO - [2024-04-25T23:40:31.383+0000] {dagbag.py:540} INFO - Filling up the DagBag from /home/airflow/.local/lib/python3.12/site-packages/airflow/example_dags/example_bash_operator.py
[2024-04-25T23:40:31.392+0000] {processor.py:840} INFO - DAG(s) 'example_bash_operator' retrieved from /home/airflow/.local/lib/python3.12/site-packages/airflow/example_dags/example_bash_operator.py
[2024-04-25T23:40:31.418+0000] {logging_mixin.py:188} INFO - [2024-04-25T23:40:31.418+0000] {dag.py:3096} INFO - Sync 1 DAGs
[2024-04-25T23:40:31.438+0000] {logging_mixin.py:188} INFO - [2024-04-25T23:40:31.438+0000] {dag.py:3954} INFO - Setting next_dagrun for example_bash_operator to 2024-04-24 00:00:00+00:00, run_after=2024-04-25 00:00:00+00:00
[2024-04-25T23:40:31.458+0000] {processor.py:183} INFO - Processing /home/airflow/.local/lib/python3.12/site-packages/airflow/example_dags/example_bash_operator.py took 0.082 seconds
[2024-04-25T23:41:01.687+0000] {processor.py:161} INFO - Started process (PID=601) to work on /home/airflow/.local/lib/python3.12/site-packages/airflow/example_dags/example_bash_operator.py
[2024-04-25T23:41:01.688+0000] {processor.py:830} INFO - Processing file /home/airflow/.local/lib/python3.12/site-packages/airflow/example_dags/example_bash_operator.py for tasks to queue
[2024-04-25T23:41:01.690+0000] {logging_mixin.py:188} INFO - [2024-04-25T23:41:01.689+0000] {dagbag.py:540} INFO - Filling up the DagBag from /home/airflow/.local/lib/python3.12/site-packages/airflow/example_dags/example_bash_operator.py
[2024-04-25T23:41:01.699+0000] {processor.py:840} INFO - DAG(s) 'example_bash_operator' retrieved from /home/airflow/.local/lib/python3.12/site-packages/airflow/example_dags/example_bash_operator.py
[2024-04-25T23:41:01.723+0000] {logging_mixin.py:188} INFO - [2024-04-25T23:41:01.723+0000] {dag.py:3096} INFO - Sync 1 DAGs
[2024-04-25T23:41:01.745+0000] {logging_mixin.py:188} INFO - [2024-04-25T23:41:01.745+0000] {dag.py:3954} INFO - Setting next_dagrun for example_bash_operator to 2024-04-24 00:00:00+00:00, run_after=2024-04-25 00:00:00+00:00
[2024-04-25T23:41:01.765+0000] {processor.py:183} INFO - Processing /home/airflow/.local/lib/python3.12/site-packages/airflow/example_dags/example_bash_operator.py took 0.083 seconds
[2024-04-25T23:41:32.473+0000] {processor.py:161} INFO - Started process (PID=660) to work on /home/airflow/.local/lib/python3.12/site-packages/airflow/example_dags/example_bash_operator.py
[2024-04-25T23:41:32.474+0000] {processor.py:830} INFO - Processing file /home/airflow/.local/lib/python3.12/site-packages/airflow/example_dags/example_bash_operator.py for tasks to queue
[2024-04-25T23:41:32.477+0000] {logging_mixin.py:188} INFO - [2024-04-25T23:41:32.477+0000] {dagbag.py:540} INFO - Filling up the DagBag from /home/airflow/.local/lib/python3.12/site-packages/airflow/example_dags/example_bash_operator.py
[2024-04-25T23:41:32.487+0000] {processor.py:840} INFO - DAG(s) 'example_bash_operator' retrieved from /home/airflow/.local/lib/python3.12/site-packages/airflow/example_dags/example_bash_operator.py
[2024-04-25T23:41:32.518+0000] {logging_mixin.py:188} INFO - [2024-04-25T23:41:32.518+0000] {dag.py:3096} INFO - Sync 1 DAGs
[2024-04-25T23:41:32.545+0000] {logging_mixin.py:188} INFO - [2024-04-25T23:41:32.545+0000] {dag.py:3954} INFO - Setting next_dagrun for example_bash_operator to 2024-04-24 00:00:00+00:00, run_after=2024-04-25 00:00:00+00:00
[2024-04-25T23:41:32.574+0000] {processor.py:183} INFO - Processing /home/airflow/.local/lib/python3.12/site-packages/airflow/example_dags/example_bash_operator.py took 0.106 seconds
[2024-04-25T23:42:02.735+0000] {processor.py:161} INFO - Started process (PID=719) to work on /home/airflow/.local/lib/python3.12/site-packages/airflow/example_dags/example_bash_operator.py
[2024-04-25T23:42:02.737+0000] {processor.py:830} INFO - Processing file /home/airflow/.local/lib/python3.12/site-packages/airflow/example_dags/example_bash_operator.py for tasks to queue
[2024-04-25T23:42:02.739+0000] {logging_mixin.py:188} INFO - [2024-04-25T23:42:02.738+0000] {dagbag.py:540} INFO - Filling up the DagBag from /home/airflow/.local/lib/python3.12/site-packages/airflow/example_dags/example_bash_operator.py
[2024-04-25T23:42:02.748+0000] {processor.py:840} INFO - DAG(s) 'example_bash_operator' retrieved from /home/airflow/.local/lib/python3.12/site-packages/airflow/example_dags/example_bash_operator.py
[2024-04-25T23:42:02.773+0000] {logging_mixin.py:188} INFO - [2024-04-25T23:42:02.773+0000] {dag.py:3096} INFO - Sync 1 DAGs
[2024-04-25T23:42:02.793+0000] {logging_mixin.py:188} INFO - [2024-04-25T23:42:02.792+0000] {dag.py:3954} INFO - Setting next_dagrun for example_bash_operator to 2024-04-24 00:00:00+00:00, run_after=2024-04-25 00:00:00+00:00
[2024-04-25T23:42:02.811+0000] {processor.py:183} INFO - Processing /home/airflow/.local/lib/python3.12/site-packages/airflow/example_dags/example_bash_operator.py took 0.081 seconds
[2024-04-25T23:42:33.102+0000] {processor.py:161} INFO - Started process (PID=779) to work on /home/airflow/.local/lib/python3.12/site-packages/airflow/example_dags/example_bash_operator.py
[2024-04-25T23:42:33.103+0000] {processor.py:830} INFO - Processing file /home/airflow/.local/lib/python3.12/site-packages/airflow/example_dags/example_bash_operator.py for tasks to queue
[2024-04-25T23:42:33.105+0000] {logging_mixin.py:188} INFO - [2024-04-25T23:42:33.104+0000] {dagbag.py:540} INFO - Filling up the DagBag from /home/airflow/.local/lib/python3.12/site-packages/airflow/example_dags/example_bash_operator.py
[2024-04-25T23:42:33.115+0000] {processor.py:840} INFO - DAG(s) 'example_bash_operator' retrieved from /home/airflow/.local/lib/python3.12/site-packages/airflow/example_dags/example_bash_operator.py
[2024-04-25T23:42:33.139+0000] {logging_mixin.py:188} INFO - [2024-04-25T23:42:33.139+0000] {dag.py:3096} INFO - Sync 1 DAGs
[2024-04-25T23:42:33.164+0000] {logging_mixin.py:188} INFO - [2024-04-25T23:42:33.163+0000] {dag.py:3954} INFO - Setting next_dagrun for example_bash_operator to 2024-04-24 00:00:00+00:00, run_after=2024-04-25 00:00:00+00:00
[2024-04-25T23:42:33.183+0000] {processor.py:183} INFO - Processing /home/airflow/.local/lib/python3.12/site-packages/airflow/example_dags/example_bash_operator.py took 0.086 seconds
[2024-04-25T23:43:03.664+0000] {processor.py:161} INFO - Started process (PID=838) to work on /home/airflow/.local/lib/python3.12/site-packages/airflow/example_dags/example_bash_operator.py
[2024-04-25T23:43:03.666+0000] {processor.py:830} INFO - Processing file /home/airflow/.local/lib/python3.12/site-packages/airflow/example_dags/example_bash_operator.py for tasks to queue
[2024-04-25T23:43:03.668+0000] {logging_mixin.py:188} INFO - [2024-04-25T23:43:03.668+0000] {dagbag.py:540} INFO - Filling up the DagBag from /home/airflow/.local/lib/python3.12/site-packages/airflow/example_dags/example_bash_operator.py
[2024-04-25T23:43:03.684+0000] {processor.py:840} INFO - DAG(s) 'example_bash_operator' retrieved from /home/airflow/.local/lib/python3.12/site-packages/airflow/example_dags/example_bash_operator.py
[2024-04-25T23:43:03.719+0000] {logging_mixin.py:188} INFO - [2024-04-25T23:43:03.718+0000] {dag.py:3096} INFO - Sync 1 DAGs
[2024-04-25T23:43:03.741+0000] {logging_mixin.py:188} INFO - [2024-04-25T23:43:03.741+0000] {dag.py:3954} INFO - Setting next_dagrun for example_bash_operator to 2024-04-24 00:00:00+00:00, run_after=2024-04-25 00:00:00+00:00
[2024-04-25T23:43:03.766+0000] {processor.py:183} INFO - Processing /home/airflow/.local/lib/python3.12/site-packages/airflow/example_dags/example_bash_operator.py took 0.115 seconds
[2024-04-25T23:43:34.011+0000] {processor.py:161} INFO - Started process (PID=904) to work on /home/airflow/.local/lib/python3.12/site-packages/airflow/example_dags/example_bash_operator.py
[2024-04-25T23:43:34.012+0000] {processor.py:830} INFO - Processing file /home/airflow/.local/lib/python3.12/site-packages/airflow/example_dags/example_bash_operator.py for tasks to queue
[2024-04-25T23:43:34.014+0000] {logging_mixin.py:188} INFO - [2024-04-25T23:43:34.014+0000] {dagbag.py:540} INFO - Filling up the DagBag from /home/airflow/.local/lib/python3.12/site-packages/airflow/example_dags/example_bash_operator.py
[2024-04-25T23:43:34.026+0000] {processor.py:840} INFO - DAG(s) 'example_bash_operator' retrieved from /home/airflow/.local/lib/python3.12/site-packages/airflow/example_dags/example_bash_operator.py
[2024-04-25T23:43:34.060+0000] {logging_mixin.py:188} INFO - [2024-04-25T23:43:34.059+0000] {dag.py:3096} INFO - Sync 1 DAGs
[2024-04-25T23:43:34.085+0000] {logging_mixin.py:188} INFO - [2024-04-25T23:43:34.085+0000] {dag.py:3954} INFO - Setting next_dagrun for example_bash_operator to 2024-04-24 00:00:00+00:00, run_after=2024-04-25 00:00:00+00:00
[2024-04-25T23:43:34.230+0000] {processor.py:183} INFO - Processing /home/airflow/.local/lib/python3.12/site-packages/airflow/example_dags/example_bash_operator.py took 0.225 seconds
[2024-04-25T23:44:04.812+0000] {processor.py:161} INFO - Started process (PID=962) to work on /home/airflow/.local/lib/python3.12/site-packages/airflow/example_dags/example_bash_operator.py
[2024-04-25T23:44:04.813+0000] {processor.py:830} INFO - Processing file /home/airflow/.local/lib/python3.12/site-packages/airflow/example_dags/example_bash_operator.py for tasks to queue
[2024-04-25T23:44:04.814+0000] {logging_mixin.py:188} INFO - [2024-04-25T23:44:04.814+0000] {dagbag.py:540} INFO - Filling up the DagBag from /home/airflow/.local/lib/python3.12/site-packages/airflow/example_dags/example_bash_operator.py
[2024-04-25T23:44:04.824+0000] {processor.py:840} INFO - DAG(s) 'example_bash_operator' retrieved from /home/airflow/.local/lib/python3.12/site-packages/airflow/example_dags/example_bash_operator.py
[2024-04-25T23:44:04.848+0000] {logging_mixin.py:188} INFO - [2024-04-25T23:44:04.847+0000] {dag.py:3096} INFO - Sync 1 DAGs
[2024-04-25T23:44:04.869+0000] {logging_mixin.py:188} INFO - [2024-04-25T23:44:04.869+0000] {dag.py:3954} INFO - Setting next_dagrun for example_bash_operator to 2024-04-24 00:00:00+00:00, run_after=2024-04-25 00:00:00+00:00
[2024-04-25T23:44:04.889+0000] {processor.py:183} INFO - Processing /home/airflow/.local/lib/python3.12/site-packages/airflow/example_dags/example_bash_operator.py took 0.082 seconds
[2024-04-25T23:44:35.467+0000] {processor.py:161} INFO - Started process (PID=1021) to work on /home/airflow/.local/lib/python3.12/site-packages/airflow/example_dags/example_bash_operator.py
[2024-04-25T23:44:35.468+0000] {processor.py:830} INFO - Processing file /home/airflow/.local/lib/python3.12/site-packages/airflow/example_dags/example_bash_operator.py for tasks to queue
[2024-04-25T23:44:35.471+0000] {logging_mixin.py:188} INFO - [2024-04-25T23:44:35.470+0000] {dagbag.py:540} INFO - Filling up the DagBag from /home/airflow/.local/lib/python3.12/site-packages/airflow/example_dags/example_bash_operator.py
[2024-04-25T23:44:35.487+0000] {processor.py:840} INFO - DAG(s) 'example_bash_operator' retrieved from /home/airflow/.local/lib/python3.12/site-packages/airflow/example_dags/example_bash_operator.py
[2024-04-25T23:44:35.526+0000] {logging_mixin.py:188} INFO - [2024-04-25T23:44:35.526+0000] {dag.py:3096} INFO - Sync 1 DAGs
[2024-04-25T23:44:35.548+0000] {logging_mixin.py:188} INFO - [2024-04-25T23:44:35.548+0000] {dag.py:3954} INFO - Setting next_dagrun for example_bash_operator to 2024-04-24 00:00:00+00:00, run_after=2024-04-25 00:00:00+00:00
[2024-04-25T23:44:35.575+0000] {processor.py:183} INFO - Processing /home/airflow/.local/lib/python3.12/site-packages/airflow/example_dags/example_bash_operator.py took 0.116 seconds
[2024-04-25T23:45:06.376+0000] {processor.py:161} INFO - Started process (PID=1080) to work on /home/airflow/.local/lib/python3.12/site-packages/airflow/example_dags/example_bash_operator.py
[2024-04-25T23:45:06.378+0000] {processor.py:830} INFO - Processing file /home/airflow/.local/lib/python3.12/site-packages/airflow/example_dags/example_bash_operator.py for tasks to queue
[2024-04-25T23:45:06.380+0000] {logging_mixin.py:188} INFO - [2024-04-25T23:45:06.380+0000] {dagbag.py:540} INFO - Filling up the DagBag from /home/airflow/.local/lib/python3.12/site-packages/airflow/example_dags/example_bash_operator.py
[2024-04-25T23:45:06.397+0000] {processor.py:840} INFO - DAG(s) 'example_bash_operator' retrieved from /home/airflow/.local/lib/python3.12/site-packages/airflow/example_dags/example_bash_operator.py
[2024-04-25T23:45:06.426+0000] {logging_mixin.py:188} INFO - [2024-04-25T23:45:06.425+0000] {dag.py:3096} INFO - Sync 1 DAGs
[2024-04-25T23:45:06.448+0000] {logging_mixin.py:188} INFO - [2024-04-25T23:45:06.448+0000] {dag.py:3954} INFO - Setting next_dagrun for example_bash_operator to 2024-04-24 00:00:00+00:00, run_after=2024-04-25 00:00:00+00:00
[2024-04-25T23:45:06.466+0000] {processor.py:183} INFO - Processing /home/airflow/.local/lib/python3.12/site-packages/airflow/example_dags/example_bash_operator.py took 0.098 seconds
[2024-04-25T23:45:37.067+0000] {processor.py:161} INFO - Started process (PID=1139) to work on /home/airflow/.local/lib/python3.12/site-packages/airflow/example_dags/example_bash_operator.py
[2024-04-25T23:45:37.068+0000] {processor.py:830} INFO - Processing file /home/airflow/.local/lib/python3.12/site-packages/airflow/example_dags/example_bash_operator.py for tasks to queue
[2024-04-25T23:45:37.070+0000] {logging_mixin.py:188} INFO - [2024-04-25T23:45:37.070+0000] {dagbag.py:540} INFO - Filling up the DagBag from /home/airflow/.local/lib/python3.12/site-packages/airflow/example_dags/example_bash_operator.py
[2024-04-25T23:45:37.080+0000] {processor.py:840} INFO - DAG(s) 'example_bash_operator' retrieved from /home/airflow/.local/lib/python3.12/site-packages/airflow/example_dags/example_bash_operator.py
[2024-04-25T23:45:37.104+0000] {logging_mixin.py:188} INFO - [2024-04-25T23:45:37.103+0000] {dag.py:3096} INFO - Sync 1 DAGs
[2024-04-25T23:45:37.123+0000] {logging_mixin.py:188} INFO - [2024-04-25T23:45:37.123+0000] {dag.py:3954} INFO - Setting next_dagrun for example_bash_operator to 2024-04-24 00:00:00+00:00, run_after=2024-04-25 00:00:00+00:00
[2024-04-25T23:45:37.142+0000] {processor.py:183} INFO - Processing /home/airflow/.local/lib/python3.12/site-packages/airflow/example_dags/example_bash_operator.py took 0.080 seconds
[2024-04-25T23:46:07.524+0000] {processor.py:161} INFO - Started process (PID=1198) to work on /home/airflow/.local/lib/python3.12/site-packages/airflow/example_dags/example_bash_operator.py
[2024-04-25T23:46:07.528+0000] {processor.py:830} INFO - Processing file /home/airflow/.local/lib/python3.12/site-packages/airflow/example_dags/example_bash_operator.py for tasks to queue
[2024-04-25T23:46:07.533+0000] {logging_mixin.py:188} INFO - [2024-04-25T23:46:07.532+0000] {dagbag.py:540} INFO - Filling up the DagBag from /home/airflow/.local/lib/python3.12/site-packages/airflow/example_dags/example_bash_operator.py
[2024-04-25T23:46:07.565+0000] {processor.py:840} INFO - DAG(s) 'example_bash_operator' retrieved from /home/airflow/.local/lib/python3.12/site-packages/airflow/example_dags/example_bash_operator.py
[2024-04-25T23:46:07.608+0000] {logging_mixin.py:188} INFO - [2024-04-25T23:46:07.608+0000] {dag.py:3096} INFO - Sync 1 DAGs
[2024-04-25T23:46:07.781+0000] {logging_mixin.py:188} INFO - [2024-04-25T23:46:07.781+0000] {dag.py:3954} INFO - Setting next_dagrun for example_bash_operator to 2024-04-24 00:00:00+00:00, run_after=2024-04-25 00:00:00+00:00
[2024-04-25T23:46:07.804+0000] {processor.py:183} INFO - Processing /home/airflow/.local/lib/python3.12/site-packages/airflow/example_dags/example_bash_operator.py took 0.290 seconds
[2024-04-25T23:46:38.523+0000] {processor.py:161} INFO - Started process (PID=1257) to work on /home/airflow/.local/lib/python3.12/site-packages/airflow/example_dags/example_bash_operator.py
[2024-04-25T23:46:38.524+0000] {processor.py:830} INFO - Processing file /home/airflow/.local/lib/python3.12/site-packages/airflow/example_dags/example_bash_operator.py for tasks to queue
[2024-04-25T23:46:38.526+0000] {logging_mixin.py:188} INFO - [2024-04-25T23:46:38.525+0000] {dagbag.py:540} INFO - Filling up the DagBag from /home/airflow/.local/lib/python3.12/site-packages/airflow/example_dags/example_bash_operator.py
[2024-04-25T23:46:38.539+0000] {processor.py:840} INFO - DAG(s) 'example_bash_operator' retrieved from /home/airflow/.local/lib/python3.12/site-packages/airflow/example_dags/example_bash_operator.py
[2024-04-25T23:46:38.564+0000] {logging_mixin.py:188} INFO - [2024-04-25T23:46:38.563+0000] {dag.py:3096} INFO - Sync 1 DAGs
[2024-04-25T23:46:38.584+0000] {logging_mixin.py:188} INFO - [2024-04-25T23:46:38.584+0000] {dag.py:3954} INFO - Setting next_dagrun for example_bash_operator to 2024-04-24 00:00:00+00:00, run_after=2024-04-25 00:00:00+00:00
[2024-04-25T23:46:38.604+0000] {processor.py:183} INFO - Processing /home/airflow/.local/lib/python3.12/site-packages/airflow/example_dags/example_bash_operator.py took 0.086 seconds
[2024-04-25T23:47:09.095+0000] {processor.py:161} INFO - Started process (PID=1315) to work on /home/airflow/.local/lib/python3.12/site-packages/airflow/example_dags/example_bash_operator.py
[2024-04-25T23:47:09.097+0000] {processor.py:830} INFO - Processing file /home/airflow/.local/lib/python3.12/site-packages/airflow/example_dags/example_bash_operator.py for tasks to queue
[2024-04-25T23:47:09.098+0000] {logging_mixin.py:188} INFO - [2024-04-25T23:47:09.098+0000] {dagbag.py:540} INFO - Filling up the DagBag from /home/airflow/.local/lib/python3.12/site-packages/airflow/example_dags/example_bash_operator.py
[2024-04-25T23:47:09.109+0000] {processor.py:840} INFO - DAG(s) 'example_bash_operator' retrieved from /home/airflow/.local/lib/python3.12/site-packages/airflow/example_dags/example_bash_operator.py
[2024-04-25T23:47:09.134+0000] {logging_mixin.py:188} INFO - [2024-04-25T23:47:09.133+0000] {dag.py:3096} INFO - Sync 1 DAGs
[2024-04-25T23:47:09.155+0000] {logging_mixin.py:188} INFO - [2024-04-25T23:47:09.154+0000] {dag.py:3954} INFO - Setting next_dagrun for example_bash_operator to 2024-04-24 00:00:00+00:00, run_after=2024-04-25 00:00:00+00:00
[2024-04-25T23:47:09.173+0000] {processor.py:183} INFO - Processing /home/airflow/.local/lib/python3.12/site-packages/airflow/example_dags/example_bash_operator.py took 0.083 seconds
[2024-04-25T23:47:39.304+0000] {processor.py:161} INFO - Started process (PID=1374) to work on /home/airflow/.local/lib/python3.12/site-packages/airflow/example_dags/example_bash_operator.py
[2024-04-25T23:47:39.306+0000] {processor.py:830} INFO - Processing file /home/airflow/.local/lib/python3.12/site-packages/airflow/example_dags/example_bash_operator.py for tasks to queue
[2024-04-25T23:47:39.309+0000] {logging_mixin.py:188} INFO - [2024-04-25T23:47:39.309+0000] {dagbag.py:540} INFO - Filling up the DagBag from /home/airflow/.local/lib/python3.12/site-packages/airflow/example_dags/example_bash_operator.py
[2024-04-25T23:47:39.318+0000] {processor.py:840} INFO - DAG(s) 'example_bash_operator' retrieved from /home/airflow/.local/lib/python3.12/site-packages/airflow/example_dags/example_bash_operator.py
[2024-04-25T23:47:39.347+0000] {logging_mixin.py:188} INFO - [2024-04-25T23:47:39.346+0000] {dag.py:3096} INFO - Sync 1 DAGs
[2024-04-25T23:47:39.369+0000] {logging_mixin.py:188} INFO - [2024-04-25T23:47:39.369+0000] {dag.py:3954} INFO - Setting next_dagrun for example_bash_operator to 2024-04-24 00:00:00+00:00, run_after=2024-04-25 00:00:00+00:00
[2024-04-25T23:47:39.390+0000] {processor.py:183} INFO - Processing /home/airflow/.local/lib/python3.12/site-packages/airflow/example_dags/example_bash_operator.py took 0.090 seconds
[2024-04-25T23:48:09.660+0000] {processor.py:161} INFO - Started process (PID=1433) to work on /home/airflow/.local/lib/python3.12/site-packages/airflow/example_dags/example_bash_operator.py
[2024-04-25T23:48:09.661+0000] {processor.py:830} INFO - Processing file /home/airflow/.local/lib/python3.12/site-packages/airflow/example_dags/example_bash_operator.py for tasks to queue
[2024-04-25T23:48:09.663+0000] {logging_mixin.py:188} INFO - [2024-04-25T23:48:09.662+0000] {dagbag.py:540} INFO - Filling up the DagBag from /home/airflow/.local/lib/python3.12/site-packages/airflow/example_dags/example_bash_operator.py
[2024-04-25T23:48:09.672+0000] {processor.py:840} INFO - DAG(s) 'example_bash_operator' retrieved from /home/airflow/.local/lib/python3.12/site-packages/airflow/example_dags/example_bash_operator.py
[2024-04-25T23:48:09.697+0000] {logging_mixin.py:188} INFO - [2024-04-25T23:48:09.696+0000] {dag.py:3096} INFO - Sync 1 DAGs
[2024-04-25T23:48:09.717+0000] {logging_mixin.py:188} INFO - [2024-04-25T23:48:09.716+0000] {dag.py:3954} INFO - Setting next_dagrun for example_bash_operator to 2024-04-24 00:00:00+00:00, run_after=2024-04-25 00:00:00+00:00
[2024-04-25T23:48:09.735+0000] {processor.py:183} INFO - Processing /home/airflow/.local/lib/python3.12/site-packages/airflow/example_dags/example_bash_operator.py took 0.081 seconds
[2024-04-25T23:48:40.684+0000] {processor.py:161} INFO - Started process (PID=1493) to work on /home/airflow/.local/lib/python3.12/site-packages/airflow/example_dags/example_bash_operator.py
[2024-04-25T23:48:40.685+0000] {processor.py:830} INFO - Processing file /home/airflow/.local/lib/python3.12/site-packages/airflow/example_dags/example_bash_operator.py for tasks to queue
[2024-04-25T23:48:40.687+0000] {logging_mixin.py:188} INFO - [2024-04-25T23:48:40.686+0000] {dagbag.py:540} INFO - Filling up the DagBag from /home/airflow/.local/lib/python3.12/site-packages/airflow/example_dags/example_bash_operator.py
[2024-04-25T23:48:40.697+0000] {processor.py:840} INFO - DAG(s) 'example_bash_operator' retrieved from /home/airflow/.local/lib/python3.12/site-packages/airflow/example_dags/example_bash_operator.py
[2024-04-25T23:48:40.720+0000] {logging_mixin.py:188} INFO - [2024-04-25T23:48:40.720+0000] {dag.py:3096} INFO - Sync 1 DAGs
[2024-04-25T23:48:40.739+0000] {logging_mixin.py:188} INFO - [2024-04-25T23:48:40.739+0000] {dag.py:3954} INFO - Setting next_dagrun for example_bash_operator to 2024-04-24 00:00:00+00:00, run_after=2024-04-25 00:00:00+00:00
[2024-04-25T23:48:40.759+0000] {processor.py:183} INFO - Processing /home/airflow/.local/lib/python3.12/site-packages/airflow/example_dags/example_bash_operator.py took 0.080 seconds
[2024-04-25T23:49:10.861+0000] {processor.py:161} INFO - Started process (PID=1552) to work on /home/airflow/.local/lib/python3.12/site-packages/airflow/example_dags/example_bash_operator.py
[2024-04-25T23:49:10.862+0000] {processor.py:830} INFO - Processing file /home/airflow/.local/lib/python3.12/site-packages/airflow/example_dags/example_bash_operator.py for tasks to queue
[2024-04-25T23:49:10.864+0000] {logging_mixin.py:188} INFO - [2024-04-25T23:49:10.864+0000] {dagbag.py:540} INFO - Filling up the DagBag from /home/airflow/.local/lib/python3.12/site-packages/airflow/example_dags/example_bash_operator.py
[2024-04-25T23:49:10.874+0000] {processor.py:840} INFO - DAG(s) 'example_bash_operator' retrieved from /home/airflow/.local/lib/python3.12/site-packages/airflow/example_dags/example_bash_operator.py
[2024-04-25T23:49:10.897+0000] {logging_mixin.py:188} INFO - [2024-04-25T23:49:10.897+0000] {dag.py:3096} INFO - Sync 1 DAGs
[2024-04-25T23:49:10.916+0000] {logging_mixin.py:188} INFO - [2024-04-25T23:49:10.916+0000] {dag.py:3954} INFO - Setting next_dagrun for example_bash_operator to 2024-04-24 00:00:00+00:00, run_after=2024-04-25 00:00:00+00:00
[2024-04-25T23:49:10.934+0000] {processor.py:183} INFO - Processing /home/airflow/.local/lib/python3.12/site-packages/airflow/example_dags/example_bash_operator.py took 0.078 seconds
[2024-04-25T23:49:41.058+0000] {processor.py:161} INFO - Started process (PID=1611) to work on /home/airflow/.local/lib/python3.12/site-packages/airflow/example_dags/example_bash_operator.py
[2024-04-25T23:49:41.059+0000] {processor.py:830} INFO - Processing file /home/airflow/.local/lib/python3.12/site-packages/airflow/example_dags/example_bash_operator.py for tasks to queue
[2024-04-25T23:49:41.062+0000] {logging_mixin.py:188} INFO - [2024-04-25T23:49:41.061+0000] {dagbag.py:540} INFO - Filling up the DagBag from /home/airflow/.local/lib/python3.12/site-packages/airflow/example_dags/example_bash_operator.py
[2024-04-25T23:49:41.075+0000] {processor.py:840} INFO - DAG(s) 'example_bash_operator' retrieved from /home/airflow/.local/lib/python3.12/site-packages/airflow/example_dags/example_bash_operator.py
[2024-04-25T23:49:41.104+0000] {logging_mixin.py:188} INFO - [2024-04-25T23:49:41.103+0000] {dag.py:3096} INFO - Sync 1 DAGs
[2024-04-25T23:49:41.141+0000] {logging_mixin.py:188} INFO - [2024-04-25T23:49:41.141+0000] {dag.py:3954} INFO - Setting next_dagrun for example_bash_operator to 2024-04-24 00:00:00+00:00, run_after=2024-04-25 00:00:00+00:00
[2024-04-25T23:49:41.181+0000] {processor.py:183} INFO - Processing /home/airflow/.local/lib/python3.12/site-packages/airflow/example_dags/example_bash_operator.py took 0.130 seconds
[2024-04-25T23:50:11.278+0000] {processor.py:161} INFO - Started process (PID=1670) to work on /home/airflow/.local/lib/python3.12/site-packages/airflow/example_dags/example_bash_operator.py
[2024-04-25T23:50:11.279+0000] {processor.py:830} INFO - Processing file /home/airflow/.local/lib/python3.12/site-packages/airflow/example_dags/example_bash_operator.py for tasks to queue
[2024-04-25T23:50:11.282+0000] {logging_mixin.py:188} INFO - [2024-04-25T23:50:11.282+0000] {dagbag.py:540} INFO - Filling up the DagBag from /home/airflow/.local/lib/python3.12/site-packages/airflow/example_dags/example_bash_operator.py
[2024-04-25T23:50:11.294+0000] {processor.py:840} INFO - DAG(s) 'example_bash_operator' retrieved from /home/airflow/.local/lib/python3.12/site-packages/airflow/example_dags/example_bash_operator.py
[2024-04-25T23:50:11.323+0000] {logging_mixin.py:188} INFO - [2024-04-25T23:50:11.322+0000] {dag.py:3096} INFO - Sync 1 DAGs
[2024-04-25T23:50:11.363+0000] {logging_mixin.py:188} INFO - [2024-04-25T23:50:11.363+0000] {dag.py:3954} INFO - Setting next_dagrun for example_bash_operator to 2024-04-24 00:00:00+00:00, run_after=2024-04-25 00:00:00+00:00
[2024-04-25T23:50:11.390+0000] {processor.py:183} INFO - Processing /home/airflow/.local/lib/python3.12/site-packages/airflow/example_dags/example_bash_operator.py took 0.121 seconds
[2024-04-25T23:50:41.686+0000] {processor.py:161} INFO - Started process (PID=1729) to work on /home/airflow/.local/lib/python3.12/site-packages/airflow/example_dags/example_bash_operator.py
[2024-04-25T23:50:41.687+0000] {processor.py:830} INFO - Processing file /home/airflow/.local/lib/python3.12/site-packages/airflow/example_dags/example_bash_operator.py for tasks to queue
[2024-04-25T23:50:41.688+0000] {logging_mixin.py:188} INFO - [2024-04-25T23:50:41.688+0000] {dagbag.py:540} INFO - Filling up the DagBag from /home/airflow/.local/lib/python3.12/site-packages/airflow/example_dags/example_bash_operator.py
[2024-04-25T23:50:41.698+0000] {processor.py:840} INFO - DAG(s) 'example_bash_operator' retrieved from /home/airflow/.local/lib/python3.12/site-packages/airflow/example_dags/example_bash_operator.py
[2024-04-25T23:50:41.732+0000] {logging_mixin.py:188} INFO - [2024-04-25T23:50:41.732+0000] {dag.py:3096} INFO - Sync 1 DAGs
[2024-04-25T23:50:41.755+0000] {logging_mixin.py:188} INFO - [2024-04-25T23:50:41.755+0000] {dag.py:3954} INFO - Setting next_dagrun for example_bash_operator to 2024-04-24 00:00:00+00:00, run_after=2024-04-25 00:00:00+00:00
[2024-04-25T23:50:41.778+0000] {processor.py:183} INFO - Processing /home/airflow/.local/lib/python3.12/site-packages/airflow/example_dags/example_bash_operator.py took 0.099 seconds
[2024-04-25T23:51:11.957+0000] {processor.py:161} INFO - Started process (PID=1788) to work on /home/airflow/.local/lib/python3.12/site-packages/airflow/example_dags/example_bash_operator.py
[2024-04-25T23:51:11.957+0000] {processor.py:830} INFO - Processing file /home/airflow/.local/lib/python3.12/site-packages/airflow/example_dags/example_bash_operator.py for tasks to queue
[2024-04-25T23:51:11.959+0000] {logging_mixin.py:188} INFO - [2024-04-25T23:51:11.959+0000] {dagbag.py:540} INFO - Filling up the DagBag from /home/airflow/.local/lib/python3.12/site-packages/airflow/example_dags/example_bash_operator.py
[2024-04-25T23:51:11.969+0000] {processor.py:840} INFO - DAG(s) 'example_bash_operator' retrieved from /home/airflow/.local/lib/python3.12/site-packages/airflow/example_dags/example_bash_operator.py
[2024-04-25T23:51:11.993+0000] {logging_mixin.py:188} INFO - [2024-04-25T23:51:11.992+0000] {dag.py:3096} INFO - Sync 1 DAGs
[2024-04-25T23:51:12.012+0000] {logging_mixin.py:188} INFO - [2024-04-25T23:51:12.011+0000] {dag.py:3954} INFO - Setting next_dagrun for example_bash_operator to 2024-04-24 00:00:00+00:00, run_after=2024-04-25 00:00:00+00:00
[2024-04-25T23:51:12.031+0000] {processor.py:183} INFO - Processing /home/airflow/.local/lib/python3.12/site-packages/airflow/example_dags/example_bash_operator.py took 0.080 seconds
[2024-04-25T23:51:42.191+0000] {processor.py:161} INFO - Started process (PID=1847) to work on /home/airflow/.local/lib/python3.12/site-packages/airflow/example_dags/example_bash_operator.py
[2024-04-25T23:51:42.191+0000] {processor.py:830} INFO - Processing file /home/airflow/.local/lib/python3.12/site-packages/airflow/example_dags/example_bash_operator.py for tasks to queue
[2024-04-25T23:51:42.194+0000] {logging_mixin.py:188} INFO - [2024-04-25T23:51:42.193+0000] {dagbag.py:540} INFO - Filling up the DagBag from /home/airflow/.local/lib/python3.12/site-packages/airflow/example_dags/example_bash_operator.py
[2024-04-25T23:51:42.204+0000] {processor.py:840} INFO - DAG(s) 'example_bash_operator' retrieved from /home/airflow/.local/lib/python3.12/site-packages/airflow/example_dags/example_bash_operator.py
[2024-04-25T23:51:42.228+0000] {logging_mixin.py:188} INFO - [2024-04-25T23:51:42.227+0000] {dag.py:3096} INFO - Sync 1 DAGs
[2024-04-25T23:51:42.248+0000] {logging_mixin.py:188} INFO - [2024-04-25T23:51:42.248+0000] {dag.py:3954} INFO - Setting next_dagrun for example_bash_operator to 2024-04-24 00:00:00+00:00, run_after=2024-04-25 00:00:00+00:00
[2024-04-25T23:51:42.266+0000] {processor.py:183} INFO - Processing /home/airflow/.local/lib/python3.12/site-packages/airflow/example_dags/example_bash_operator.py took 0.081 seconds
[2024-04-25T23:52:12.327+0000] {processor.py:161} INFO - Started process (PID=1906) to work on /home/airflow/.local/lib/python3.12/site-packages/airflow/example_dags/example_bash_operator.py
[2024-04-25T23:52:12.328+0000] {processor.py:830} INFO - Processing file /home/airflow/.local/lib/python3.12/site-packages/airflow/example_dags/example_bash_operator.py for tasks to queue
[2024-04-25T23:52:12.331+0000] {logging_mixin.py:188} INFO - [2024-04-25T23:52:12.330+0000] {dagbag.py:540} INFO - Filling up the DagBag from /home/airflow/.local/lib/python3.12/site-packages/airflow/example_dags/example_bash_operator.py
[2024-04-25T23:52:12.343+0000] {processor.py:840} INFO - DAG(s) 'example_bash_operator' retrieved from /home/airflow/.local/lib/python3.12/site-packages/airflow/example_dags/example_bash_operator.py
[2024-04-25T23:52:12.374+0000] {logging_mixin.py:188} INFO - [2024-04-25T23:52:12.374+0000] {dag.py:3096} INFO - Sync 1 DAGs
[2024-04-25T23:52:12.398+0000] {logging_mixin.py:188} INFO - [2024-04-25T23:52:12.398+0000] {dag.py:3954} INFO - Setting next_dagrun for example_bash_operator to 2024-04-24 00:00:00+00:00, run_after=2024-04-25 00:00:00+00:00
[2024-04-25T23:52:12.424+0000] {processor.py:183} INFO - Processing /home/airflow/.local/lib/python3.12/site-packages/airflow/example_dags/example_bash_operator.py took 0.105 seconds
[2024-04-25T23:52:42.545+0000] {processor.py:161} INFO - Started process (PID=1965) to work on /home/airflow/.local/lib/python3.12/site-packages/airflow/example_dags/example_bash_operator.py
[2024-04-25T23:52:42.546+0000] {processor.py:830} INFO - Processing file /home/airflow/.local/lib/python3.12/site-packages/airflow/example_dags/example_bash_operator.py for tasks to queue
[2024-04-25T23:52:42.548+0000] {logging_mixin.py:188} INFO - [2024-04-25T23:52:42.547+0000] {dagbag.py:540} INFO - Filling up the DagBag from /home/airflow/.local/lib/python3.12/site-packages/airflow/example_dags/example_bash_operator.py
[2024-04-25T23:52:42.557+0000] {processor.py:840} INFO - DAG(s) 'example_bash_operator' retrieved from /home/airflow/.local/lib/python3.12/site-packages/airflow/example_dags/example_bash_operator.py
[2024-04-25T23:52:42.579+0000] {logging_mixin.py:188} INFO - [2024-04-25T23:52:42.579+0000] {dag.py:3096} INFO - Sync 1 DAGs
[2024-04-25T23:52:42.599+0000] {logging_mixin.py:188} INFO - [2024-04-25T23:52:42.599+0000] {dag.py:3954} INFO - Setting next_dagrun for example_bash_operator to 2024-04-24 00:00:00+00:00, run_after=2024-04-25 00:00:00+00:00
[2024-04-25T23:52:42.617+0000] {processor.py:183} INFO - Processing /home/airflow/.local/lib/python3.12/site-packages/airflow/example_dags/example_bash_operator.py took 0.077 seconds
[2024-04-25T23:53:12.845+0000] {processor.py:161} INFO - Started process (PID=2024) to work on /home/airflow/.local/lib/python3.12/site-packages/airflow/example_dags/example_bash_operator.py
[2024-04-25T23:53:12.846+0000] {processor.py:830} INFO - Processing file /home/airflow/.local/lib/python3.12/site-packages/airflow/example_dags/example_bash_operator.py for tasks to queue
[2024-04-25T23:53:12.848+0000] {logging_mixin.py:188} INFO - [2024-04-25T23:53:12.848+0000] {dagbag.py:540} INFO - Filling up the DagBag from /home/airflow/.local/lib/python3.12/site-packages/airflow/example_dags/example_bash_operator.py
[2024-04-25T23:53:12.858+0000] {processor.py:840} INFO - DAG(s) 'example_bash_operator' retrieved from /home/airflow/.local/lib/python3.12/site-packages/airflow/example_dags/example_bash_operator.py
[2024-04-25T23:53:12.883+0000] {logging_mixin.py:188} INFO - [2024-04-25T23:53:12.882+0000] {dag.py:3096} INFO - Sync 1 DAGs
[2024-04-25T23:53:12.902+0000] {logging_mixin.py:188} INFO - [2024-04-25T23:53:12.902+0000] {dag.py:3954} INFO - Setting next_dagrun for example_bash_operator to 2024-04-24 00:00:00+00:00, run_after=2024-04-25 00:00:00+00:00
[2024-04-25T23:53:12.925+0000] {processor.py:183} INFO - Processing /home/airflow/.local/lib/python3.12/site-packages/airflow/example_dags/example_bash_operator.py took 0.086 seconds
[2024-04-25T23:53:42.964+0000] {processor.py:161} INFO - Started process (PID=2083) to work on /home/airflow/.local/lib/python3.12/site-packages/airflow/example_dags/example_bash_operator.py
[2024-04-25T23:53:42.965+0000] {processor.py:830} INFO - Processing file /home/airflow/.local/lib/python3.12/site-packages/airflow/example_dags/example_bash_operator.py for tasks to queue
[2024-04-25T23:53:42.967+0000] {logging_mixin.py:188} INFO - [2024-04-25T23:53:42.967+0000] {dagbag.py:540} INFO - Filling up the DagBag from /home/airflow/.local/lib/python3.12/site-packages/airflow/example_dags/example_bash_operator.py
[2024-04-25T23:53:42.979+0000] {processor.py:840} INFO - DAG(s) 'example_bash_operator' retrieved from /home/airflow/.local/lib/python3.12/site-packages/airflow/example_dags/example_bash_operator.py
[2024-04-25T23:53:43.001+0000] {logging_mixin.py:188} INFO - [2024-04-25T23:53:43.001+0000] {dag.py:3096} INFO - Sync 1 DAGs
[2024-04-25T23:53:43.020+0000] {logging_mixin.py:188} INFO - [2024-04-25T23:53:43.020+0000] {dag.py:3954} INFO - Setting next_dagrun for example_bash_operator to 2024-04-24 00:00:00+00:00, run_after=2024-04-25 00:00:00+00:00
[2024-04-25T23:53:43.037+0000] {processor.py:183} INFO - Processing /home/airflow/.local/lib/python3.12/site-packages/airflow/example_dags/example_bash_operator.py took 0.079 seconds
[2024-04-25T23:54:13.175+0000] {processor.py:161} INFO - Started process (PID=2142) to work on /home/airflow/.local/lib/python3.12/site-packages/airflow/example_dags/example_bash_operator.py
[2024-04-25T23:54:13.177+0000] {processor.py:830} INFO - Processing file /home/airflow/.local/lib/python3.12/site-packages/airflow/example_dags/example_bash_operator.py for tasks to queue
[2024-04-25T23:54:13.179+0000] {logging_mixin.py:188} INFO - [2024-04-25T23:54:13.178+0000] {dagbag.py:540} INFO - Filling up the DagBag from /home/airflow/.local/lib/python3.12/site-packages/airflow/example_dags/example_bash_operator.py
[2024-04-25T23:54:13.188+0000] {processor.py:840} INFO - DAG(s) 'example_bash_operator' retrieved from /home/airflow/.local/lib/python3.12/site-packages/airflow/example_dags/example_bash_operator.py
[2024-04-25T23:54:13.211+0000] {logging_mixin.py:188} INFO - [2024-04-25T23:54:13.211+0000] {dag.py:3096} INFO - Sync 1 DAGs
[2024-04-25T23:54:13.230+0000] {logging_mixin.py:188} INFO - [2024-04-25T23:54:13.230+0000] {dag.py:3954} INFO - Setting next_dagrun for example_bash_operator to 2024-04-24 00:00:00+00:00, run_after=2024-04-25 00:00:00+00:00
[2024-04-25T23:54:13.248+0000] {processor.py:183} INFO - Processing /home/airflow/.local/lib/python3.12/site-packages/airflow/example_dags/example_bash_operator.py took 0.078 seconds
[2024-04-25T23:54:43.378+0000] {processor.py:161} INFO - Started process (PID=2201) to work on /home/airflow/.local/lib/python3.12/site-packages/airflow/example_dags/example_bash_operator.py
[2024-04-25T23:54:43.380+0000] {processor.py:830} INFO - Processing file /home/airflow/.local/lib/python3.12/site-packages/airflow/example_dags/example_bash_operator.py for tasks to queue
[2024-04-25T23:54:43.383+0000] {logging_mixin.py:188} INFO - [2024-04-25T23:54:43.382+0000] {dagbag.py:540} INFO - Filling up the DagBag from /home/airflow/.local/lib/python3.12/site-packages/airflow/example_dags/example_bash_operator.py
[2024-04-25T23:54:43.393+0000] {processor.py:840} INFO - DAG(s) 'example_bash_operator' retrieved from /home/airflow/.local/lib/python3.12/site-packages/airflow/example_dags/example_bash_operator.py
[2024-04-25T23:54:43.416+0000] {logging_mixin.py:188} INFO - [2024-04-25T23:54:43.416+0000] {dag.py:3096} INFO - Sync 1 DAGs
[2024-04-25T23:54:43.436+0000] {logging_mixin.py:188} INFO - [2024-04-25T23:54:43.436+0000] {dag.py:3954} INFO - Setting next_dagrun for example_bash_operator to 2024-04-24 00:00:00+00:00, run_after=2024-04-25 00:00:00+00:00
[2024-04-25T23:54:43.455+0000] {processor.py:183} INFO - Processing /home/airflow/.local/lib/python3.12/site-packages/airflow/example_dags/example_bash_operator.py took 0.081 seconds
[2024-04-25T23:55:13.576+0000] {processor.py:161} INFO - Started process (PID=2260) to work on /home/airflow/.local/lib/python3.12/site-packages/airflow/example_dags/example_bash_operator.py
[2024-04-25T23:55:13.578+0000] {processor.py:830} INFO - Processing file /home/airflow/.local/lib/python3.12/site-packages/airflow/example_dags/example_bash_operator.py for tasks to queue
[2024-04-25T23:55:13.580+0000] {logging_mixin.py:188} INFO - [2024-04-25T23:55:13.579+0000] {dagbag.py:540} INFO - Filling up the DagBag from /home/airflow/.local/lib/python3.12/site-packages/airflow/example_dags/example_bash_operator.py
[2024-04-25T23:55:13.589+0000] {processor.py:840} INFO - DAG(s) 'example_bash_operator' retrieved from /home/airflow/.local/lib/python3.12/site-packages/airflow/example_dags/example_bash_operator.py
[2024-04-25T23:55:13.612+0000] {logging_mixin.py:188} INFO - [2024-04-25T23:55:13.612+0000] {dag.py:3096} INFO - Sync 1 DAGs
[2024-04-25T23:55:13.634+0000] {logging_mixin.py:188} INFO - [2024-04-25T23:55:13.634+0000] {dag.py:3954} INFO - Setting next_dagrun for example_bash_operator to 2024-04-24 00:00:00+00:00, run_after=2024-04-25 00:00:00+00:00
[2024-04-25T23:55:13.653+0000] {processor.py:183} INFO - Processing /home/airflow/.local/lib/python3.12/site-packages/airflow/example_dags/example_bash_operator.py took 0.082 seconds
[2024-04-25T23:55:43.721+0000] {processor.py:161} INFO - Started process (PID=2319) to work on /home/airflow/.local/lib/python3.12/site-packages/airflow/example_dags/example_bash_operator.py
[2024-04-25T23:55:43.722+0000] {processor.py:830} INFO - Processing file /home/airflow/.local/lib/python3.12/site-packages/airflow/example_dags/example_bash_operator.py for tasks to queue
[2024-04-25T23:55:43.724+0000] {logging_mixin.py:188} INFO - [2024-04-25T23:55:43.724+0000] {dagbag.py:540} INFO - Filling up the DagBag from /home/airflow/.local/lib/python3.12/site-packages/airflow/example_dags/example_bash_operator.py
[2024-04-25T23:55:43.733+0000] {processor.py:840} INFO - DAG(s) 'example_bash_operator' retrieved from /home/airflow/.local/lib/python3.12/site-packages/airflow/example_dags/example_bash_operator.py
[2024-04-25T23:55:43.756+0000] {logging_mixin.py:188} INFO - [2024-04-25T23:55:43.756+0000] {dag.py:3096} INFO - Sync 1 DAGs
[2024-04-25T23:55:43.776+0000] {logging_mixin.py:188} INFO - [2024-04-25T23:55:43.776+0000] {dag.py:3954} INFO - Setting next_dagrun for example_bash_operator to 2024-04-24 00:00:00+00:00, run_after=2024-04-25 00:00:00+00:00
[2024-04-25T23:55:43.795+0000] {processor.py:183} INFO - Processing /home/airflow/.local/lib/python3.12/site-packages/airflow/example_dags/example_bash_operator.py took 0.079 seconds
[2024-04-25T23:56:14.721+0000] {processor.py:161} INFO - Started process (PID=2378) to work on /home/airflow/.local/lib/python3.12/site-packages/airflow/example_dags/example_bash_operator.py
[2024-04-25T23:56:14.722+0000] {processor.py:830} INFO - Processing file /home/airflow/.local/lib/python3.12/site-packages/airflow/example_dags/example_bash_operator.py for tasks to queue
[2024-04-25T23:56:14.724+0000] {logging_mixin.py:188} INFO - [2024-04-25T23:56:14.724+0000] {dagbag.py:540} INFO - Filling up the DagBag from /home/airflow/.local/lib/python3.12/site-packages/airflow/example_dags/example_bash_operator.py
[2024-04-25T23:56:14.734+0000] {processor.py:840} INFO - DAG(s) 'example_bash_operator' retrieved from /home/airflow/.local/lib/python3.12/site-packages/airflow/example_dags/example_bash_operator.py
[2024-04-25T23:56:14.760+0000] {logging_mixin.py:188} INFO - [2024-04-25T23:56:14.760+0000] {dag.py:3096} INFO - Sync 1 DAGs
[2024-04-25T23:56:14.786+0000] {logging_mixin.py:188} INFO - [2024-04-25T23:56:14.786+0000] {dag.py:3954} INFO - Setting next_dagrun for example_bash_operator to 2024-04-24 00:00:00+00:00, run_after=2024-04-25 00:00:00+00:00
[2024-04-25T23:56:14.806+0000] {processor.py:183} INFO - Processing /home/airflow/.local/lib/python3.12/site-packages/airflow/example_dags/example_bash_operator.py took 0.090 seconds
[2024-04-25T23:56:45.659+0000] {processor.py:161} INFO - Started process (PID=2437) to work on /home/airflow/.local/lib/python3.12/site-packages/airflow/example_dags/example_bash_operator.py
[2024-04-25T23:56:45.660+0000] {processor.py:830} INFO - Processing file /home/airflow/.local/lib/python3.12/site-packages/airflow/example_dags/example_bash_operator.py for tasks to queue
[2024-04-25T23:56:45.661+0000] {logging_mixin.py:188} INFO - [2024-04-25T23:56:45.661+0000] {dagbag.py:540} INFO - Filling up the DagBag from /home/airflow/.local/lib/python3.12/site-packages/airflow/example_dags/example_bash_operator.py
[2024-04-25T23:56:45.671+0000] {processor.py:840} INFO - DAG(s) 'example_bash_operator' retrieved from /home/airflow/.local/lib/python3.12/site-packages/airflow/example_dags/example_bash_operator.py
[2024-04-25T23:56:45.696+0000] {logging_mixin.py:188} INFO - [2024-04-25T23:56:45.695+0000] {dag.py:3096} INFO - Sync 1 DAGs
[2024-04-25T23:56:45.716+0000] {logging_mixin.py:188} INFO - [2024-04-25T23:56:45.716+0000] {dag.py:3954} INFO - Setting next_dagrun for example_bash_operator to 2024-04-24 00:00:00+00:00, run_after=2024-04-25 00:00:00+00:00
[2024-04-25T23:56:45.734+0000] {processor.py:183} INFO - Processing /home/airflow/.local/lib/python3.12/site-packages/airflow/example_dags/example_bash_operator.py took 0.081 seconds
[2024-04-25T23:57:16.316+0000] {processor.py:161} INFO - Started process (PID=2496) to work on /home/airflow/.local/lib/python3.12/site-packages/airflow/example_dags/example_bash_operator.py
[2024-04-25T23:57:16.318+0000] {processor.py:830} INFO - Processing file /home/airflow/.local/lib/python3.12/site-packages/airflow/example_dags/example_bash_operator.py for tasks to queue
[2024-04-25T23:57:16.320+0000] {logging_mixin.py:188} INFO - [2024-04-25T23:57:16.319+0000] {dagbag.py:540} INFO - Filling up the DagBag from /home/airflow/.local/lib/python3.12/site-packages/airflow/example_dags/example_bash_operator.py
[2024-04-25T23:57:16.329+0000] {processor.py:840} INFO - DAG(s) 'example_bash_operator' retrieved from /home/airflow/.local/lib/python3.12/site-packages/airflow/example_dags/example_bash_operator.py
[2024-04-25T23:57:16.356+0000] {logging_mixin.py:188} INFO - [2024-04-25T23:57:16.356+0000] {dag.py:3096} INFO - Sync 1 DAGs
[2024-04-25T23:57:16.382+0000] {logging_mixin.py:188} INFO - [2024-04-25T23:57:16.381+0000] {dag.py:3954} INFO - Setting next_dagrun for example_bash_operator to 2024-04-24 00:00:00+00:00, run_after=2024-04-25 00:00:00+00:00
[2024-04-25T23:57:16.403+0000] {processor.py:183} INFO - Processing /home/airflow/.local/lib/python3.12/site-packages/airflow/example_dags/example_bash_operator.py took 0.093 seconds
[2024-04-25T23:57:46.820+0000] {processor.py:161} INFO - Started process (PID=2555) to work on /home/airflow/.local/lib/python3.12/site-packages/airflow/example_dags/example_bash_operator.py
[2024-04-25T23:57:46.821+0000] {processor.py:830} INFO - Processing file /home/airflow/.local/lib/python3.12/site-packages/airflow/example_dags/example_bash_operator.py for tasks to queue
[2024-04-25T23:57:46.826+0000] {logging_mixin.py:188} INFO - [2024-04-25T23:57:46.825+0000] {dagbag.py:540} INFO - Filling up the DagBag from /home/airflow/.local/lib/python3.12/site-packages/airflow/example_dags/example_bash_operator.py
[2024-04-25T23:57:46.835+0000] {processor.py:840} INFO - DAG(s) 'example_bash_operator' retrieved from /home/airflow/.local/lib/python3.12/site-packages/airflow/example_dags/example_bash_operator.py
[2024-04-25T23:57:46.860+0000] {logging_mixin.py:188} INFO - [2024-04-25T23:57:46.860+0000] {dag.py:3096} INFO - Sync 1 DAGs
[2024-04-25T23:57:46.880+0000] {logging_mixin.py:188} INFO - [2024-04-25T23:57:46.879+0000] {dag.py:3954} INFO - Setting next_dagrun for example_bash_operator to 2024-04-24 00:00:00+00:00, run_after=2024-04-25 00:00:00+00:00
[2024-04-25T23:57:46.897+0000] {processor.py:183} INFO - Processing /home/airflow/.local/lib/python3.12/site-packages/airflow/example_dags/example_bash_operator.py took 0.083 seconds
[2024-04-25T23:58:17.002+0000] {processor.py:161} INFO - Started process (PID=2614) to work on /home/airflow/.local/lib/python3.12/site-packages/airflow/example_dags/example_bash_operator.py
[2024-04-25T23:58:17.003+0000] {processor.py:830} INFO - Processing file /home/airflow/.local/lib/python3.12/site-packages/airflow/example_dags/example_bash_operator.py for tasks to queue
[2024-04-25T23:58:17.005+0000] {logging_mixin.py:188} INFO - [2024-04-25T23:58:17.005+0000] {dagbag.py:540} INFO - Filling up the DagBag from /home/airflow/.local/lib/python3.12/site-packages/airflow/example_dags/example_bash_operator.py
[2024-04-25T23:58:17.016+0000] {processor.py:840} INFO - DAG(s) 'example_bash_operator' retrieved from /home/airflow/.local/lib/python3.12/site-packages/airflow/example_dags/example_bash_operator.py
[2024-04-25T23:58:17.040+0000] {logging_mixin.py:188} INFO - [2024-04-25T23:58:17.040+0000] {dag.py:3096} INFO - Sync 1 DAGs
[2024-04-25T23:58:17.065+0000] {logging_mixin.py:188} INFO - [2024-04-25T23:58:17.065+0000] {dag.py:3954} INFO - Setting next_dagrun for example_bash_operator to 2024-04-24 00:00:00+00:00, run_after=2024-04-25 00:00:00+00:00
[2024-04-25T23:58:17.085+0000] {processor.py:183} INFO - Processing /home/airflow/.local/lib/python3.12/site-packages/airflow/example_dags/example_bash_operator.py took 0.088 seconds
[2024-04-25T23:58:47.412+0000] {processor.py:161} INFO - Started process (PID=2673) to work on /home/airflow/.local/lib/python3.12/site-packages/airflow/example_dags/example_bash_operator.py
[2024-04-25T23:58:47.413+0000] {processor.py:830} INFO - Processing file /home/airflow/.local/lib/python3.12/site-packages/airflow/example_dags/example_bash_operator.py for tasks to queue
[2024-04-25T23:58:47.415+0000] {logging_mixin.py:188} INFO - [2024-04-25T23:58:47.415+0000] {dagbag.py:540} INFO - Filling up the DagBag from /home/airflow/.local/lib/python3.12/site-packages/airflow/example_dags/example_bash_operator.py
[2024-04-25T23:58:47.426+0000] {processor.py:840} INFO - DAG(s) 'example_bash_operator' retrieved from /home/airflow/.local/lib/python3.12/site-packages/airflow/example_dags/example_bash_operator.py
[2024-04-25T23:58:47.452+0000] {logging_mixin.py:188} INFO - [2024-04-25T23:58:47.452+0000] {dag.py:3096} INFO - Sync 1 DAGs
[2024-04-25T23:58:47.475+0000] {logging_mixin.py:188} INFO - [2024-04-25T23:58:47.475+0000] {dag.py:3954} INFO - Setting next_dagrun for example_bash_operator to 2024-04-24 00:00:00+00:00, run_after=2024-04-25 00:00:00+00:00
[2024-04-25T23:58:47.510+0000] {processor.py:183} INFO - Processing /home/airflow/.local/lib/python3.12/site-packages/airflow/example_dags/example_bash_operator.py took 0.103 seconds
[2024-04-25T23:59:17.885+0000] {processor.py:161} INFO - Started process (PID=2732) to work on /home/airflow/.local/lib/python3.12/site-packages/airflow/example_dags/example_bash_operator.py
[2024-04-25T23:59:17.886+0000] {processor.py:830} INFO - Processing file /home/airflow/.local/lib/python3.12/site-packages/airflow/example_dags/example_bash_operator.py for tasks to queue
[2024-04-25T23:59:17.888+0000] {logging_mixin.py:188} INFO - [2024-04-25T23:59:17.888+0000] {dagbag.py:540} INFO - Filling up the DagBag from /home/airflow/.local/lib/python3.12/site-packages/airflow/example_dags/example_bash_operator.py
[2024-04-25T23:59:17.898+0000] {processor.py:840} INFO - DAG(s) 'example_bash_operator' retrieved from /home/airflow/.local/lib/python3.12/site-packages/airflow/example_dags/example_bash_operator.py
[2024-04-25T23:59:17.923+0000] {logging_mixin.py:188} INFO - [2024-04-25T23:59:17.923+0000] {dag.py:3096} INFO - Sync 1 DAGs
[2024-04-25T23:59:17.943+0000] {logging_mixin.py:188} INFO - [2024-04-25T23:59:17.943+0000] {dag.py:3954} INFO - Setting next_dagrun for example_bash_operator to 2024-04-24 00:00:00+00:00, run_after=2024-04-25 00:00:00+00:00
[2024-04-25T23:59:17.962+0000] {processor.py:183} INFO - Processing /home/airflow/.local/lib/python3.12/site-packages/airflow/example_dags/example_bash_operator.py took 0.083 seconds
[2024-04-25T23:59:48.126+0000] {processor.py:161} INFO - Started process (PID=2791) to work on /home/airflow/.local/lib/python3.12/site-packages/airflow/example_dags/example_bash_operator.py
[2024-04-25T23:59:48.129+0000] {processor.py:830} INFO - Processing file /home/airflow/.local/lib/python3.12/site-packages/airflow/example_dags/example_bash_operator.py for tasks to queue
[2024-04-25T23:59:48.131+0000] {logging_mixin.py:188} INFO - [2024-04-25T23:59:48.131+0000] {dagbag.py:540} INFO - Filling up the DagBag from /home/airflow/.local/lib/python3.12/site-packages/airflow/example_dags/example_bash_operator.py
[2024-04-25T23:59:48.142+0000] {processor.py:840} INFO - DAG(s) 'example_bash_operator' retrieved from /home/airflow/.local/lib/python3.12/site-packages/airflow/example_dags/example_bash_operator.py
[2024-04-25T23:59:48.169+0000] {logging_mixin.py:188} INFO - [2024-04-25T23:59:48.169+0000] {dag.py:3096} INFO - Sync 1 DAGs
[2024-04-25T23:59:48.193+0000] {logging_mixin.py:188} INFO - [2024-04-25T23:59:48.192+0000] {dag.py:3954} INFO - Setting next_dagrun for example_bash_operator to 2024-04-24 00:00:00+00:00, run_after=2024-04-25 00:00:00+00:00
[2024-04-25T23:59:48.216+0000] {processor.py:183} INFO - Processing /home/airflow/.local/lib/python3.12/site-packages/airflow/example_dags/example_bash_operator.py took 0.097 seconds
