[2024-04-25T23:36:19.721+0000] {processor.py:161} INFO - Started process (PID=35) to work on /home/airflow/.local/lib/python3.12/site-packages/airflow/example_dags/example_branch_labels.py
[2024-04-25T23:36:19.724+0000] {processor.py:830} INFO - Processing file /home/airflow/.local/lib/python3.12/site-packages/airflow/example_dags/example_branch_labels.py for tasks to queue
[2024-04-25T23:36:19.728+0000] {logging_mixin.py:188} INFO - [2024-04-25T23:36:19.728+0000] {dagbag.py:540} INFO - Filling up the DagBag from /home/airflow/.local/lib/python3.12/site-packages/airflow/example_dags/example_branch_labels.py
[2024-04-25T23:36:19.773+0000] {processor.py:840} INFO - DAG(s) 'example_branch_labels' retrieved from /home/airflow/.local/lib/python3.12/site-packages/airflow/example_dags/example_branch_labels.py
[2024-04-25T23:36:19.818+0000] {logging_mixin.py:188} INFO - [2024-04-25T23:36:19.818+0000] {dag.py:3096} INFO - Sync 1 DAGs
[2024-04-25T23:36:19.872+0000] {logging_mixin.py:188} INFO - [2024-04-25T23:36:19.871+0000] {dag.py:3954} INFO - Setting next_dagrun for example_branch_labels to 2024-04-24 00:00:00+00:00, run_after=2024-04-25 00:00:00+00:00
[2024-04-25T23:36:19.904+0000] {processor.py:183} INFO - Processing /home/airflow/.local/lib/python3.12/site-packages/airflow/example_dags/example_branch_labels.py took 0.194 seconds
[2024-04-25T23:36:50.835+0000] {processor.py:161} INFO - Started process (PID=94) to work on /home/airflow/.local/lib/python3.12/site-packages/airflow/example_dags/example_branch_labels.py
[2024-04-25T23:36:50.843+0000] {processor.py:830} INFO - Processing file /home/airflow/.local/lib/python3.12/site-packages/airflow/example_dags/example_branch_labels.py for tasks to queue
[2024-04-25T23:36:50.870+0000] {logging_mixin.py:188} INFO - [2024-04-25T23:36:50.866+0000] {dagbag.py:540} INFO - Filling up the DagBag from /home/airflow/.local/lib/python3.12/site-packages/airflow/example_dags/example_branch_labels.py
[2024-04-25T23:36:50.927+0000] {processor.py:840} INFO - DAG(s) 'example_branch_labels' retrieved from /home/airflow/.local/lib/python3.12/site-packages/airflow/example_dags/example_branch_labels.py
[2024-04-25T23:36:51.192+0000] {logging_mixin.py:188} INFO - [2024-04-25T23:36:51.191+0000] {dag.py:3096} INFO - Sync 1 DAGs
[2024-04-25T23:36:51.220+0000] {logging_mixin.py:188} INFO - [2024-04-25T23:36:51.220+0000] {dag.py:3954} INFO - Setting next_dagrun for example_branch_labels to 2024-04-24 00:00:00+00:00, run_after=2024-04-25 00:00:00+00:00
[2024-04-25T23:36:51.243+0000] {processor.py:183} INFO - Processing /home/airflow/.local/lib/python3.12/site-packages/airflow/example_dags/example_branch_labels.py took 0.465 seconds
[2024-04-25T23:37:21.929+0000] {processor.py:161} INFO - Started process (PID=153) to work on /home/airflow/.local/lib/python3.12/site-packages/airflow/example_dags/example_branch_labels.py
[2024-04-25T23:37:21.930+0000] {processor.py:830} INFO - Processing file /home/airflow/.local/lib/python3.12/site-packages/airflow/example_dags/example_branch_labels.py for tasks to queue
[2024-04-25T23:37:21.932+0000] {logging_mixin.py:188} INFO - [2024-04-25T23:37:21.931+0000] {dagbag.py:540} INFO - Filling up the DagBag from /home/airflow/.local/lib/python3.12/site-packages/airflow/example_dags/example_branch_labels.py
[2024-04-25T23:37:21.939+0000] {processor.py:840} INFO - DAG(s) 'example_branch_labels' retrieved from /home/airflow/.local/lib/python3.12/site-packages/airflow/example_dags/example_branch_labels.py
[2024-04-25T23:37:21.957+0000] {logging_mixin.py:188} INFO - [2024-04-25T23:37:21.956+0000] {dag.py:3096} INFO - Sync 1 DAGs
[2024-04-25T23:37:21.977+0000] {logging_mixin.py:188} INFO - [2024-04-25T23:37:21.977+0000] {dag.py:3954} INFO - Setting next_dagrun for example_branch_labels to 2024-04-24 00:00:00+00:00, run_after=2024-04-25 00:00:00+00:00
[2024-04-25T23:37:21.995+0000] {processor.py:183} INFO - Processing /home/airflow/.local/lib/python3.12/site-packages/airflow/example_dags/example_branch_labels.py took 0.071 seconds
[2024-04-25T23:37:52.446+0000] {processor.py:161} INFO - Started process (PID=212) to work on /home/airflow/.local/lib/python3.12/site-packages/airflow/example_dags/example_branch_labels.py
[2024-04-25T23:37:52.448+0000] {processor.py:830} INFO - Processing file /home/airflow/.local/lib/python3.12/site-packages/airflow/example_dags/example_branch_labels.py for tasks to queue
[2024-04-25T23:37:52.449+0000] {logging_mixin.py:188} INFO - [2024-04-25T23:37:52.449+0000] {dagbag.py:540} INFO - Filling up the DagBag from /home/airflow/.local/lib/python3.12/site-packages/airflow/example_dags/example_branch_labels.py
[2024-04-25T23:37:52.458+0000] {processor.py:840} INFO - DAG(s) 'example_branch_labels' retrieved from /home/airflow/.local/lib/python3.12/site-packages/airflow/example_dags/example_branch_labels.py
[2024-04-25T23:37:52.484+0000] {logging_mixin.py:188} INFO - [2024-04-25T23:37:52.484+0000] {dag.py:3096} INFO - Sync 1 DAGs
[2024-04-25T23:37:52.523+0000] {logging_mixin.py:188} INFO - [2024-04-25T23:37:52.522+0000] {dag.py:3954} INFO - Setting next_dagrun for example_branch_labels to 2024-04-24 00:00:00+00:00, run_after=2024-04-25 00:00:00+00:00
[2024-04-25T23:37:52.552+0000] {processor.py:183} INFO - Processing /home/airflow/.local/lib/python3.12/site-packages/airflow/example_dags/example_branch_labels.py took 0.111 seconds
[2024-04-25T23:38:22.848+0000] {processor.py:161} INFO - Started process (PID=271) to work on /home/airflow/.local/lib/python3.12/site-packages/airflow/example_dags/example_branch_labels.py
[2024-04-25T23:38:22.849+0000] {processor.py:830} INFO - Processing file /home/airflow/.local/lib/python3.12/site-packages/airflow/example_dags/example_branch_labels.py for tasks to queue
[2024-04-25T23:38:22.851+0000] {logging_mixin.py:188} INFO - [2024-04-25T23:38:22.851+0000] {dagbag.py:540} INFO - Filling up the DagBag from /home/airflow/.local/lib/python3.12/site-packages/airflow/example_dags/example_branch_labels.py
[2024-04-25T23:38:22.869+0000] {processor.py:840} INFO - DAG(s) 'example_branch_labels' retrieved from /home/airflow/.local/lib/python3.12/site-packages/airflow/example_dags/example_branch_labels.py
[2024-04-25T23:38:22.937+0000] {logging_mixin.py:188} INFO - [2024-04-25T23:38:22.937+0000] {dag.py:3096} INFO - Sync 1 DAGs
[2024-04-25T23:38:23.023+0000] {logging_mixin.py:188} INFO - [2024-04-25T23:38:23.023+0000] {dag.py:3954} INFO - Setting next_dagrun for example_branch_labels to 2024-04-24 00:00:00+00:00, run_after=2024-04-25 00:00:00+00:00
[2024-04-25T23:38:23.062+0000] {processor.py:183} INFO - Processing /home/airflow/.local/lib/python3.12/site-packages/airflow/example_dags/example_branch_labels.py took 0.221 seconds
[2024-04-25T23:38:53.612+0000] {processor.py:161} INFO - Started process (PID=331) to work on /home/airflow/.local/lib/python3.12/site-packages/airflow/example_dags/example_branch_labels.py
[2024-04-25T23:38:53.613+0000] {processor.py:830} INFO - Processing file /home/airflow/.local/lib/python3.12/site-packages/airflow/example_dags/example_branch_labels.py for tasks to queue
[2024-04-25T23:38:53.614+0000] {logging_mixin.py:188} INFO - [2024-04-25T23:38:53.614+0000] {dagbag.py:540} INFO - Filling up the DagBag from /home/airflow/.local/lib/python3.12/site-packages/airflow/example_dags/example_branch_labels.py
[2024-04-25T23:38:53.621+0000] {processor.py:840} INFO - DAG(s) 'example_branch_labels' retrieved from /home/airflow/.local/lib/python3.12/site-packages/airflow/example_dags/example_branch_labels.py
[2024-04-25T23:38:53.640+0000] {logging_mixin.py:188} INFO - [2024-04-25T23:38:53.640+0000] {dag.py:3096} INFO - Sync 1 DAGs
[2024-04-25T23:38:53.660+0000] {logging_mixin.py:188} INFO - [2024-04-25T23:38:53.660+0000] {dag.py:3954} INFO - Setting next_dagrun for example_branch_labels to 2024-04-24 00:00:00+00:00, run_after=2024-04-25 00:00:00+00:00
[2024-04-25T23:38:53.678+0000] {processor.py:183} INFO - Processing /home/airflow/.local/lib/python3.12/site-packages/airflow/example_dags/example_branch_labels.py took 0.071 seconds
[2024-04-25T23:39:24.377+0000] {processor.py:161} INFO - Started process (PID=390) to work on /home/airflow/.local/lib/python3.12/site-packages/airflow/example_dags/example_branch_labels.py
[2024-04-25T23:39:24.378+0000] {processor.py:830} INFO - Processing file /home/airflow/.local/lib/python3.12/site-packages/airflow/example_dags/example_branch_labels.py for tasks to queue
[2024-04-25T23:39:24.381+0000] {logging_mixin.py:188} INFO - [2024-04-25T23:39:24.380+0000] {dagbag.py:540} INFO - Filling up the DagBag from /home/airflow/.local/lib/python3.12/site-packages/airflow/example_dags/example_branch_labels.py
[2024-04-25T23:39:24.394+0000] {processor.py:840} INFO - DAG(s) 'example_branch_labels' retrieved from /home/airflow/.local/lib/python3.12/site-packages/airflow/example_dags/example_branch_labels.py
[2024-04-25T23:39:24.426+0000] {logging_mixin.py:188} INFO - [2024-04-25T23:39:24.426+0000] {dag.py:3096} INFO - Sync 1 DAGs
[2024-04-25T23:39:24.456+0000] {logging_mixin.py:188} INFO - [2024-04-25T23:39:24.455+0000] {dag.py:3954} INFO - Setting next_dagrun for example_branch_labels to 2024-04-24 00:00:00+00:00, run_after=2024-04-25 00:00:00+00:00
[2024-04-25T23:39:24.481+0000] {processor.py:183} INFO - Processing /home/airflow/.local/lib/python3.12/site-packages/airflow/example_dags/example_branch_labels.py took 0.110 seconds
[2024-04-25T23:39:54.834+0000] {processor.py:161} INFO - Started process (PID=449) to work on /home/airflow/.local/lib/python3.12/site-packages/airflow/example_dags/example_branch_labels.py
[2024-04-25T23:39:54.836+0000] {processor.py:830} INFO - Processing file /home/airflow/.local/lib/python3.12/site-packages/airflow/example_dags/example_branch_labels.py for tasks to queue
[2024-04-25T23:39:54.838+0000] {logging_mixin.py:188} INFO - [2024-04-25T23:39:54.837+0000] {dagbag.py:540} INFO - Filling up the DagBag from /home/airflow/.local/lib/python3.12/site-packages/airflow/example_dags/example_branch_labels.py
[2024-04-25T23:39:54.847+0000] {processor.py:840} INFO - DAG(s) 'example_branch_labels' retrieved from /home/airflow/.local/lib/python3.12/site-packages/airflow/example_dags/example_branch_labels.py
[2024-04-25T23:39:54.876+0000] {logging_mixin.py:188} INFO - [2024-04-25T23:39:54.876+0000] {dag.py:3096} INFO - Sync 1 DAGs
[2024-04-25T23:39:54.915+0000] {logging_mixin.py:188} INFO - [2024-04-25T23:39:54.915+0000] {dag.py:3954} INFO - Setting next_dagrun for example_branch_labels to 2024-04-24 00:00:00+00:00, run_after=2024-04-25 00:00:00+00:00
[2024-04-25T23:39:54.942+0000] {processor.py:183} INFO - Processing /home/airflow/.local/lib/python3.12/site-packages/airflow/example_dags/example_branch_labels.py took 0.115 seconds
[2024-04-25T23:40:25.065+0000] {processor.py:161} INFO - Started process (PID=508) to work on /home/airflow/.local/lib/python3.12/site-packages/airflow/example_dags/example_branch_labels.py
[2024-04-25T23:40:25.066+0000] {processor.py:830} INFO - Processing file /home/airflow/.local/lib/python3.12/site-packages/airflow/example_dags/example_branch_labels.py for tasks to queue
[2024-04-25T23:40:25.071+0000] {logging_mixin.py:188} INFO - [2024-04-25T23:40:25.071+0000] {dagbag.py:540} INFO - Filling up the DagBag from /home/airflow/.local/lib/python3.12/site-packages/airflow/example_dags/example_branch_labels.py
[2024-04-25T23:40:25.084+0000] {processor.py:840} INFO - DAG(s) 'example_branch_labels' retrieved from /home/airflow/.local/lib/python3.12/site-packages/airflow/example_dags/example_branch_labels.py
[2024-04-25T23:40:25.106+0000] {logging_mixin.py:188} INFO - [2024-04-25T23:40:25.106+0000] {dag.py:3096} INFO - Sync 1 DAGs
[2024-04-25T23:40:25.129+0000] {logging_mixin.py:188} INFO - [2024-04-25T23:40:25.128+0000] {dag.py:3954} INFO - Setting next_dagrun for example_branch_labels to 2024-04-24 00:00:00+00:00, run_after=2024-04-25 00:00:00+00:00
[2024-04-25T23:40:25.150+0000] {processor.py:183} INFO - Processing /home/airflow/.local/lib/python3.12/site-packages/airflow/example_dags/example_branch_labels.py took 0.092 seconds
[2024-04-25T23:40:55.518+0000] {processor.py:161} INFO - Started process (PID=567) to work on /home/airflow/.local/lib/python3.12/site-packages/airflow/example_dags/example_branch_labels.py
[2024-04-25T23:40:55.519+0000] {processor.py:830} INFO - Processing file /home/airflow/.local/lib/python3.12/site-packages/airflow/example_dags/example_branch_labels.py for tasks to queue
[2024-04-25T23:40:55.521+0000] {logging_mixin.py:188} INFO - [2024-04-25T23:40:55.520+0000] {dagbag.py:540} INFO - Filling up the DagBag from /home/airflow/.local/lib/python3.12/site-packages/airflow/example_dags/example_branch_labels.py
[2024-04-25T23:40:55.530+0000] {processor.py:840} INFO - DAG(s) 'example_branch_labels' retrieved from /home/airflow/.local/lib/python3.12/site-packages/airflow/example_dags/example_branch_labels.py
[2024-04-25T23:40:55.549+0000] {logging_mixin.py:188} INFO - [2024-04-25T23:40:55.549+0000] {dag.py:3096} INFO - Sync 1 DAGs
[2024-04-25T23:40:55.570+0000] {logging_mixin.py:188} INFO - [2024-04-25T23:40:55.570+0000] {dag.py:3954} INFO - Setting next_dagrun for example_branch_labels to 2024-04-24 00:00:00+00:00, run_after=2024-04-25 00:00:00+00:00
[2024-04-25T23:40:55.593+0000] {processor.py:183} INFO - Processing /home/airflow/.local/lib/python3.12/site-packages/airflow/example_dags/example_branch_labels.py took 0.080 seconds
[2024-04-25T23:41:26.110+0000] {processor.py:161} INFO - Started process (PID=626) to work on /home/airflow/.local/lib/python3.12/site-packages/airflow/example_dags/example_branch_labels.py
[2024-04-25T23:41:26.112+0000] {processor.py:830} INFO - Processing file /home/airflow/.local/lib/python3.12/site-packages/airflow/example_dags/example_branch_labels.py for tasks to queue
[2024-04-25T23:41:26.115+0000] {logging_mixin.py:188} INFO - [2024-04-25T23:41:26.114+0000] {dagbag.py:540} INFO - Filling up the DagBag from /home/airflow/.local/lib/python3.12/site-packages/airflow/example_dags/example_branch_labels.py
[2024-04-25T23:41:26.128+0000] {processor.py:840} INFO - DAG(s) 'example_branch_labels' retrieved from /home/airflow/.local/lib/python3.12/site-packages/airflow/example_dags/example_branch_labels.py
[2024-04-25T23:41:26.152+0000] {logging_mixin.py:188} INFO - [2024-04-25T23:41:26.151+0000] {dag.py:3096} INFO - Sync 1 DAGs
[2024-04-25T23:41:26.183+0000] {logging_mixin.py:188} INFO - [2024-04-25T23:41:26.182+0000] {dag.py:3954} INFO - Setting next_dagrun for example_branch_labels to 2024-04-24 00:00:00+00:00, run_after=2024-04-25 00:00:00+00:00
[2024-04-25T23:41:26.206+0000] {processor.py:183} INFO - Processing /home/airflow/.local/lib/python3.12/site-packages/airflow/example_dags/example_branch_labels.py took 0.104 seconds
[2024-04-25T23:41:56.747+0000] {processor.py:161} INFO - Started process (PID=685) to work on /home/airflow/.local/lib/python3.12/site-packages/airflow/example_dags/example_branch_labels.py
[2024-04-25T23:41:56.748+0000] {processor.py:830} INFO - Processing file /home/airflow/.local/lib/python3.12/site-packages/airflow/example_dags/example_branch_labels.py for tasks to queue
[2024-04-25T23:41:56.750+0000] {logging_mixin.py:188} INFO - [2024-04-25T23:41:56.750+0000] {dagbag.py:540} INFO - Filling up the DagBag from /home/airflow/.local/lib/python3.12/site-packages/airflow/example_dags/example_branch_labels.py
[2024-04-25T23:41:56.757+0000] {processor.py:840} INFO - DAG(s) 'example_branch_labels' retrieved from /home/airflow/.local/lib/python3.12/site-packages/airflow/example_dags/example_branch_labels.py
[2024-04-25T23:41:56.784+0000] {logging_mixin.py:188} INFO - [2024-04-25T23:41:56.783+0000] {dag.py:3096} INFO - Sync 1 DAGs
[2024-04-25T23:41:56.807+0000] {logging_mixin.py:188} INFO - [2024-04-25T23:41:56.807+0000] {dag.py:3954} INFO - Setting next_dagrun for example_branch_labels to 2024-04-24 00:00:00+00:00, run_after=2024-04-25 00:00:00+00:00
[2024-04-25T23:41:56.831+0000] {processor.py:183} INFO - Processing /home/airflow/.local/lib/python3.12/site-packages/airflow/example_dags/example_branch_labels.py took 0.090 seconds
[2024-04-25T23:42:27.130+0000] {processor.py:161} INFO - Started process (PID=745) to work on /home/airflow/.local/lib/python3.12/site-packages/airflow/example_dags/example_branch_labels.py
[2024-04-25T23:42:27.131+0000] {processor.py:830} INFO - Processing file /home/airflow/.local/lib/python3.12/site-packages/airflow/example_dags/example_branch_labels.py for tasks to queue
[2024-04-25T23:42:27.133+0000] {logging_mixin.py:188} INFO - [2024-04-25T23:42:27.132+0000] {dagbag.py:540} INFO - Filling up the DagBag from /home/airflow/.local/lib/python3.12/site-packages/airflow/example_dags/example_branch_labels.py
[2024-04-25T23:42:27.139+0000] {processor.py:840} INFO - DAG(s) 'example_branch_labels' retrieved from /home/airflow/.local/lib/python3.12/site-packages/airflow/example_dags/example_branch_labels.py
[2024-04-25T23:42:27.158+0000] {logging_mixin.py:188} INFO - [2024-04-25T23:42:27.158+0000] {dag.py:3096} INFO - Sync 1 DAGs
[2024-04-25T23:42:27.178+0000] {logging_mixin.py:188} INFO - [2024-04-25T23:42:27.178+0000] {dag.py:3954} INFO - Setting next_dagrun for example_branch_labels to 2024-04-24 00:00:00+00:00, run_after=2024-04-25 00:00:00+00:00
[2024-04-25T23:42:27.197+0000] {processor.py:183} INFO - Processing /home/airflow/.local/lib/python3.12/site-packages/airflow/example_dags/example_branch_labels.py took 0.073 seconds
[2024-04-25T23:42:57.357+0000] {processor.py:161} INFO - Started process (PID=804) to work on /home/airflow/.local/lib/python3.12/site-packages/airflow/example_dags/example_branch_labels.py
[2024-04-25T23:42:57.359+0000] {processor.py:830} INFO - Processing file /home/airflow/.local/lib/python3.12/site-packages/airflow/example_dags/example_branch_labels.py for tasks to queue
[2024-04-25T23:42:57.363+0000] {logging_mixin.py:188} INFO - [2024-04-25T23:42:57.362+0000] {dagbag.py:540} INFO - Filling up the DagBag from /home/airflow/.local/lib/python3.12/site-packages/airflow/example_dags/example_branch_labels.py
[2024-04-25T23:42:57.373+0000] {processor.py:840} INFO - DAG(s) 'example_branch_labels' retrieved from /home/airflow/.local/lib/python3.12/site-packages/airflow/example_dags/example_branch_labels.py
[2024-04-25T23:42:57.397+0000] {logging_mixin.py:188} INFO - [2024-04-25T23:42:57.397+0000] {dag.py:3096} INFO - Sync 1 DAGs
[2024-04-25T23:42:57.421+0000] {logging_mixin.py:188} INFO - [2024-04-25T23:42:57.421+0000] {dag.py:3954} INFO - Setting next_dagrun for example_branch_labels to 2024-04-24 00:00:00+00:00, run_after=2024-04-25 00:00:00+00:00
[2024-04-25T23:42:57.455+0000] {processor.py:183} INFO - Processing /home/airflow/.local/lib/python3.12/site-packages/airflow/example_dags/example_branch_labels.py took 0.102 seconds
[2024-04-25T23:43:28.307+0000] {processor.py:161} INFO - Started process (PID=863) to work on /home/airflow/.local/lib/python3.12/site-packages/airflow/example_dags/example_branch_labels.py
[2024-04-25T23:43:28.308+0000] {processor.py:830} INFO - Processing file /home/airflow/.local/lib/python3.12/site-packages/airflow/example_dags/example_branch_labels.py for tasks to queue
[2024-04-25T23:43:28.309+0000] {logging_mixin.py:188} INFO - [2024-04-25T23:43:28.309+0000] {dagbag.py:540} INFO - Filling up the DagBag from /home/airflow/.local/lib/python3.12/site-packages/airflow/example_dags/example_branch_labels.py
[2024-04-25T23:43:28.316+0000] {processor.py:840} INFO - DAG(s) 'example_branch_labels' retrieved from /home/airflow/.local/lib/python3.12/site-packages/airflow/example_dags/example_branch_labels.py
[2024-04-25T23:43:28.337+0000] {logging_mixin.py:188} INFO - [2024-04-25T23:43:28.337+0000] {dag.py:3096} INFO - Sync 1 DAGs
[2024-04-25T23:43:28.362+0000] {logging_mixin.py:188} INFO - [2024-04-25T23:43:28.362+0000] {dag.py:3954} INFO - Setting next_dagrun for example_branch_labels to 2024-04-24 00:00:00+00:00, run_after=2024-04-25 00:00:00+00:00
[2024-04-25T23:43:28.380+0000] {processor.py:183} INFO - Processing /home/airflow/.local/lib/python3.12/site-packages/airflow/example_dags/example_branch_labels.py took 0.078 seconds
[2024-04-25T23:43:58.754+0000] {processor.py:161} INFO - Started process (PID=922) to work on /home/airflow/.local/lib/python3.12/site-packages/airflow/example_dags/example_branch_labels.py
[2024-04-25T23:43:58.755+0000] {processor.py:830} INFO - Processing file /home/airflow/.local/lib/python3.12/site-packages/airflow/example_dags/example_branch_labels.py for tasks to queue
[2024-04-25T23:43:58.757+0000] {logging_mixin.py:188} INFO - [2024-04-25T23:43:58.757+0000] {dagbag.py:540} INFO - Filling up the DagBag from /home/airflow/.local/lib/python3.12/site-packages/airflow/example_dags/example_branch_labels.py
[2024-04-25T23:43:58.764+0000] {processor.py:840} INFO - DAG(s) 'example_branch_labels' retrieved from /home/airflow/.local/lib/python3.12/site-packages/airflow/example_dags/example_branch_labels.py
[2024-04-25T23:43:58.789+0000] {logging_mixin.py:188} INFO - [2024-04-25T23:43:58.789+0000] {dag.py:3096} INFO - Sync 1 DAGs
[2024-04-25T23:43:58.812+0000] {logging_mixin.py:188} INFO - [2024-04-25T23:43:58.812+0000] {dag.py:3954} INFO - Setting next_dagrun for example_branch_labels to 2024-04-24 00:00:00+00:00, run_after=2024-04-25 00:00:00+00:00
[2024-04-25T23:43:58.833+0000] {processor.py:183} INFO - Processing /home/airflow/.local/lib/python3.12/site-packages/airflow/example_dags/example_branch_labels.py took 0.086 seconds
[2024-04-25T23:44:29.352+0000] {processor.py:161} INFO - Started process (PID=981) to work on /home/airflow/.local/lib/python3.12/site-packages/airflow/example_dags/example_branch_labels.py
[2024-04-25T23:44:29.353+0000] {processor.py:830} INFO - Processing file /home/airflow/.local/lib/python3.12/site-packages/airflow/example_dags/example_branch_labels.py for tasks to queue
[2024-04-25T23:44:29.355+0000] {logging_mixin.py:188} INFO - [2024-04-25T23:44:29.355+0000] {dagbag.py:540} INFO - Filling up the DagBag from /home/airflow/.local/lib/python3.12/site-packages/airflow/example_dags/example_branch_labels.py
[2024-04-25T23:44:29.362+0000] {processor.py:840} INFO - DAG(s) 'example_branch_labels' retrieved from /home/airflow/.local/lib/python3.12/site-packages/airflow/example_dags/example_branch_labels.py
[2024-04-25T23:44:29.385+0000] {logging_mixin.py:188} INFO - [2024-04-25T23:44:29.385+0000] {dag.py:3096} INFO - Sync 1 DAGs
[2024-04-25T23:44:29.408+0000] {logging_mixin.py:188} INFO - [2024-04-25T23:44:29.407+0000] {dag.py:3954} INFO - Setting next_dagrun for example_branch_labels to 2024-04-24 00:00:00+00:00, run_after=2024-04-25 00:00:00+00:00
[2024-04-25T23:44:29.428+0000] {processor.py:183} INFO - Processing /home/airflow/.local/lib/python3.12/site-packages/airflow/example_dags/example_branch_labels.py took 0.084 seconds
[2024-04-25T23:45:00.062+0000] {processor.py:161} INFO - Started process (PID=1040) to work on /home/airflow/.local/lib/python3.12/site-packages/airflow/example_dags/example_branch_labels.py
[2024-04-25T23:45:00.063+0000] {processor.py:830} INFO - Processing file /home/airflow/.local/lib/python3.12/site-packages/airflow/example_dags/example_branch_labels.py for tasks to queue
[2024-04-25T23:45:00.065+0000] {logging_mixin.py:188} INFO - [2024-04-25T23:45:00.064+0000] {dagbag.py:540} INFO - Filling up the DagBag from /home/airflow/.local/lib/python3.12/site-packages/airflow/example_dags/example_branch_labels.py
[2024-04-25T23:45:00.072+0000] {processor.py:840} INFO - DAG(s) 'example_branch_labels' retrieved from /home/airflow/.local/lib/python3.12/site-packages/airflow/example_dags/example_branch_labels.py
[2024-04-25T23:45:00.097+0000] {logging_mixin.py:188} INFO - [2024-04-25T23:45:00.096+0000] {dag.py:3096} INFO - Sync 1 DAGs
[2024-04-25T23:45:00.119+0000] {logging_mixin.py:188} INFO - [2024-04-25T23:45:00.119+0000] {dag.py:3954} INFO - Setting next_dagrun for example_branch_labels to 2024-04-24 00:00:00+00:00, run_after=2024-04-25 00:00:00+00:00
[2024-04-25T23:45:00.140+0000] {processor.py:183} INFO - Processing /home/airflow/.local/lib/python3.12/site-packages/airflow/example_dags/example_branch_labels.py took 0.084 seconds
[2024-04-25T23:45:30.957+0000] {processor.py:161} INFO - Started process (PID=1099) to work on /home/airflow/.local/lib/python3.12/site-packages/airflow/example_dags/example_branch_labels.py
[2024-04-25T23:45:30.959+0000] {processor.py:830} INFO - Processing file /home/airflow/.local/lib/python3.12/site-packages/airflow/example_dags/example_branch_labels.py for tasks to queue
[2024-04-25T23:45:30.961+0000] {logging_mixin.py:188} INFO - [2024-04-25T23:45:30.960+0000] {dagbag.py:540} INFO - Filling up the DagBag from /home/airflow/.local/lib/python3.12/site-packages/airflow/example_dags/example_branch_labels.py
[2024-04-25T23:45:30.967+0000] {processor.py:840} INFO - DAG(s) 'example_branch_labels' retrieved from /home/airflow/.local/lib/python3.12/site-packages/airflow/example_dags/example_branch_labels.py
[2024-04-25T23:45:30.987+0000] {logging_mixin.py:188} INFO - [2024-04-25T23:45:30.987+0000] {dag.py:3096} INFO - Sync 1 DAGs
[2024-04-25T23:45:31.167+0000] {logging_mixin.py:188} INFO - [2024-04-25T23:45:31.167+0000] {dag.py:3954} INFO - Setting next_dagrun for example_branch_labels to 2024-04-24 00:00:00+00:00, run_after=2024-04-25 00:00:00+00:00
[2024-04-25T23:45:31.189+0000] {processor.py:183} INFO - Processing /home/airflow/.local/lib/python3.12/site-packages/airflow/example_dags/example_branch_labels.py took 0.237 seconds
[2024-04-25T23:46:01.453+0000] {processor.py:161} INFO - Started process (PID=1158) to work on /home/airflow/.local/lib/python3.12/site-packages/airflow/example_dags/example_branch_labels.py
[2024-04-25T23:46:01.455+0000] {processor.py:830} INFO - Processing file /home/airflow/.local/lib/python3.12/site-packages/airflow/example_dags/example_branch_labels.py for tasks to queue
[2024-04-25T23:46:01.456+0000] {logging_mixin.py:188} INFO - [2024-04-25T23:46:01.456+0000] {dagbag.py:540} INFO - Filling up the DagBag from /home/airflow/.local/lib/python3.12/site-packages/airflow/example_dags/example_branch_labels.py
[2024-04-25T23:46:01.464+0000] {processor.py:840} INFO - DAG(s) 'example_branch_labels' retrieved from /home/airflow/.local/lib/python3.12/site-packages/airflow/example_dags/example_branch_labels.py
[2024-04-25T23:46:01.484+0000] {logging_mixin.py:188} INFO - [2024-04-25T23:46:01.484+0000] {dag.py:3096} INFO - Sync 1 DAGs
[2024-04-25T23:46:01.508+0000] {logging_mixin.py:188} INFO - [2024-04-25T23:46:01.508+0000] {dag.py:3954} INFO - Setting next_dagrun for example_branch_labels to 2024-04-24 00:00:00+00:00, run_after=2024-04-25 00:00:00+00:00
[2024-04-25T23:46:01.528+0000] {processor.py:183} INFO - Processing /home/airflow/.local/lib/python3.12/site-packages/airflow/example_dags/example_branch_labels.py took 0.080 seconds
[2024-04-25T23:46:31.581+0000] {processor.py:161} INFO - Started process (PID=1217) to work on /home/airflow/.local/lib/python3.12/site-packages/airflow/example_dags/example_branch_labels.py
[2024-04-25T23:46:31.582+0000] {processor.py:830} INFO - Processing file /home/airflow/.local/lib/python3.12/site-packages/airflow/example_dags/example_branch_labels.py for tasks to queue
[2024-04-25T23:46:31.584+0000] {logging_mixin.py:188} INFO - [2024-04-25T23:46:31.584+0000] {dagbag.py:540} INFO - Filling up the DagBag from /home/airflow/.local/lib/python3.12/site-packages/airflow/example_dags/example_branch_labels.py
[2024-04-25T23:46:31.590+0000] {processor.py:840} INFO - DAG(s) 'example_branch_labels' retrieved from /home/airflow/.local/lib/python3.12/site-packages/airflow/example_dags/example_branch_labels.py
[2024-04-25T23:46:31.609+0000] {logging_mixin.py:188} INFO - [2024-04-25T23:46:31.609+0000] {dag.py:3096} INFO - Sync 1 DAGs
[2024-04-25T23:46:31.630+0000] {logging_mixin.py:188} INFO - [2024-04-25T23:46:31.629+0000] {dag.py:3954} INFO - Setting next_dagrun for example_branch_labels to 2024-04-24 00:00:00+00:00, run_after=2024-04-25 00:00:00+00:00
[2024-04-25T23:46:31.650+0000] {processor.py:183} INFO - Processing /home/airflow/.local/lib/python3.12/site-packages/airflow/example_dags/example_branch_labels.py took 0.075 seconds
[2024-04-25T23:47:01.913+0000] {processor.py:161} INFO - Started process (PID=1276) to work on /home/airflow/.local/lib/python3.12/site-packages/airflow/example_dags/example_branch_labels.py
[2024-04-25T23:47:01.914+0000] {processor.py:830} INFO - Processing file /home/airflow/.local/lib/python3.12/site-packages/airflow/example_dags/example_branch_labels.py for tasks to queue
[2024-04-25T23:47:01.916+0000] {logging_mixin.py:188} INFO - [2024-04-25T23:47:01.916+0000] {dagbag.py:540} INFO - Filling up the DagBag from /home/airflow/.local/lib/python3.12/site-packages/airflow/example_dags/example_branch_labels.py
[2024-04-25T23:47:01.924+0000] {processor.py:840} INFO - DAG(s) 'example_branch_labels' retrieved from /home/airflow/.local/lib/python3.12/site-packages/airflow/example_dags/example_branch_labels.py
[2024-04-25T23:47:01.943+0000] {logging_mixin.py:188} INFO - [2024-04-25T23:47:01.942+0000] {dag.py:3096} INFO - Sync 1 DAGs
[2024-04-25T23:47:01.964+0000] {logging_mixin.py:188} INFO - [2024-04-25T23:47:01.963+0000] {dag.py:3954} INFO - Setting next_dagrun for example_branch_labels to 2024-04-24 00:00:00+00:00, run_after=2024-04-25 00:00:00+00:00
[2024-04-25T23:47:01.983+0000] {processor.py:183} INFO - Processing /home/airflow/.local/lib/python3.12/site-packages/airflow/example_dags/example_branch_labels.py took 0.075 seconds
[2024-04-25T23:47:32.172+0000] {processor.py:161} INFO - Started process (PID=1334) to work on /home/airflow/.local/lib/python3.12/site-packages/airflow/example_dags/example_branch_labels.py
[2024-04-25T23:47:32.173+0000] {processor.py:830} INFO - Processing file /home/airflow/.local/lib/python3.12/site-packages/airflow/example_dags/example_branch_labels.py for tasks to queue
[2024-04-25T23:47:32.175+0000] {logging_mixin.py:188} INFO - [2024-04-25T23:47:32.175+0000] {dagbag.py:540} INFO - Filling up the DagBag from /home/airflow/.local/lib/python3.12/site-packages/airflow/example_dags/example_branch_labels.py
[2024-04-25T23:47:32.182+0000] {processor.py:840} INFO - DAG(s) 'example_branch_labels' retrieved from /home/airflow/.local/lib/python3.12/site-packages/airflow/example_dags/example_branch_labels.py
[2024-04-25T23:47:32.202+0000] {logging_mixin.py:188} INFO - [2024-04-25T23:47:32.202+0000] {dag.py:3096} INFO - Sync 1 DAGs
[2024-04-25T23:47:32.222+0000] {logging_mixin.py:188} INFO - [2024-04-25T23:47:32.222+0000] {dag.py:3954} INFO - Setting next_dagrun for example_branch_labels to 2024-04-24 00:00:00+00:00, run_after=2024-04-25 00:00:00+00:00
[2024-04-25T23:47:32.238+0000] {processor.py:183} INFO - Processing /home/airflow/.local/lib/python3.12/site-packages/airflow/example_dags/example_branch_labels.py took 0.070 seconds
[2024-04-25T23:48:02.564+0000] {processor.py:161} INFO - Started process (PID=1393) to work on /home/airflow/.local/lib/python3.12/site-packages/airflow/example_dags/example_branch_labels.py
[2024-04-25T23:48:02.565+0000] {processor.py:830} INFO - Processing file /home/airflow/.local/lib/python3.12/site-packages/airflow/example_dags/example_branch_labels.py for tasks to queue
[2024-04-25T23:48:02.566+0000] {logging_mixin.py:188} INFO - [2024-04-25T23:48:02.566+0000] {dagbag.py:540} INFO - Filling up the DagBag from /home/airflow/.local/lib/python3.12/site-packages/airflow/example_dags/example_branch_labels.py
[2024-04-25T23:48:02.577+0000] {processor.py:840} INFO - DAG(s) 'example_branch_labels' retrieved from /home/airflow/.local/lib/python3.12/site-packages/airflow/example_dags/example_branch_labels.py
[2024-04-25T23:48:02.607+0000] {logging_mixin.py:188} INFO - [2024-04-25T23:48:02.607+0000] {dag.py:3096} INFO - Sync 1 DAGs
[2024-04-25T23:48:02.649+0000] {logging_mixin.py:188} INFO - [2024-04-25T23:48:02.649+0000] {dag.py:3954} INFO - Setting next_dagrun for example_branch_labels to 2024-04-24 00:00:00+00:00, run_after=2024-04-25 00:00:00+00:00
[2024-04-25T23:48:02.679+0000] {processor.py:183} INFO - Processing /home/airflow/.local/lib/python3.12/site-packages/airflow/example_dags/example_branch_labels.py took 0.121 seconds
[2024-04-25T23:48:32.858+0000] {processor.py:161} INFO - Started process (PID=1452) to work on /home/airflow/.local/lib/python3.12/site-packages/airflow/example_dags/example_branch_labels.py
[2024-04-25T23:48:32.860+0000] {processor.py:830} INFO - Processing file /home/airflow/.local/lib/python3.12/site-packages/airflow/example_dags/example_branch_labels.py for tasks to queue
[2024-04-25T23:48:32.863+0000] {logging_mixin.py:188} INFO - [2024-04-25T23:48:32.862+0000] {dagbag.py:540} INFO - Filling up the DagBag from /home/airflow/.local/lib/python3.12/site-packages/airflow/example_dags/example_branch_labels.py
[2024-04-25T23:48:32.869+0000] {processor.py:840} INFO - DAG(s) 'example_branch_labels' retrieved from /home/airflow/.local/lib/python3.12/site-packages/airflow/example_dags/example_branch_labels.py
[2024-04-25T23:48:32.888+0000] {logging_mixin.py:188} INFO - [2024-04-25T23:48:32.888+0000] {dag.py:3096} INFO - Sync 1 DAGs
[2024-04-25T23:48:32.913+0000] {logging_mixin.py:188} INFO - [2024-04-25T23:48:32.913+0000] {dag.py:3954} INFO - Setting next_dagrun for example_branch_labels to 2024-04-24 00:00:00+00:00, run_after=2024-04-25 00:00:00+00:00
[2024-04-25T23:48:32.930+0000] {processor.py:183} INFO - Processing /home/airflow/.local/lib/python3.12/site-packages/airflow/example_dags/example_branch_labels.py took 0.077 seconds
[2024-04-25T23:49:03.162+0000] {processor.py:161} INFO - Started process (PID=1512) to work on /home/airflow/.local/lib/python3.12/site-packages/airflow/example_dags/example_branch_labels.py
[2024-04-25T23:49:03.163+0000] {processor.py:830} INFO - Processing file /home/airflow/.local/lib/python3.12/site-packages/airflow/example_dags/example_branch_labels.py for tasks to queue
[2024-04-25T23:49:03.164+0000] {logging_mixin.py:188} INFO - [2024-04-25T23:49:03.164+0000] {dagbag.py:540} INFO - Filling up the DagBag from /home/airflow/.local/lib/python3.12/site-packages/airflow/example_dags/example_branch_labels.py
[2024-04-25T23:49:03.170+0000] {processor.py:840} INFO - DAG(s) 'example_branch_labels' retrieved from /home/airflow/.local/lib/python3.12/site-packages/airflow/example_dags/example_branch_labels.py
[2024-04-25T23:49:03.188+0000] {logging_mixin.py:188} INFO - [2024-04-25T23:49:03.188+0000] {dag.py:3096} INFO - Sync 1 DAGs
[2024-04-25T23:49:03.208+0000] {logging_mixin.py:188} INFO - [2024-04-25T23:49:03.208+0000] {dag.py:3954} INFO - Setting next_dagrun for example_branch_labels to 2024-04-24 00:00:00+00:00, run_after=2024-04-25 00:00:00+00:00
[2024-04-25T23:49:03.226+0000] {processor.py:183} INFO - Processing /home/airflow/.local/lib/python3.12/site-packages/airflow/example_dags/example_branch_labels.py took 0.070 seconds
[2024-04-25T23:49:33.567+0000] {processor.py:161} INFO - Started process (PID=1571) to work on /home/airflow/.local/lib/python3.12/site-packages/airflow/example_dags/example_branch_labels.py
[2024-04-25T23:49:33.569+0000] {processor.py:830} INFO - Processing file /home/airflow/.local/lib/python3.12/site-packages/airflow/example_dags/example_branch_labels.py for tasks to queue
[2024-04-25T23:49:33.570+0000] {logging_mixin.py:188} INFO - [2024-04-25T23:49:33.570+0000] {dagbag.py:540} INFO - Filling up the DagBag from /home/airflow/.local/lib/python3.12/site-packages/airflow/example_dags/example_branch_labels.py
[2024-04-25T23:49:33.576+0000] {processor.py:840} INFO - DAG(s) 'example_branch_labels' retrieved from /home/airflow/.local/lib/python3.12/site-packages/airflow/example_dags/example_branch_labels.py
[2024-04-25T23:49:33.595+0000] {logging_mixin.py:188} INFO - [2024-04-25T23:49:33.595+0000] {dag.py:3096} INFO - Sync 1 DAGs
[2024-04-25T23:49:33.615+0000] {logging_mixin.py:188} INFO - [2024-04-25T23:49:33.615+0000] {dag.py:3954} INFO - Setting next_dagrun for example_branch_labels to 2024-04-24 00:00:00+00:00, run_after=2024-04-25 00:00:00+00:00
[2024-04-25T23:49:33.634+0000] {processor.py:183} INFO - Processing /home/airflow/.local/lib/python3.12/site-packages/airflow/example_dags/example_branch_labels.py took 0.073 seconds
[2024-04-25T23:50:04.227+0000] {processor.py:161} INFO - Started process (PID=1630) to work on /home/airflow/.local/lib/python3.12/site-packages/airflow/example_dags/example_branch_labels.py
[2024-04-25T23:50:04.228+0000] {processor.py:830} INFO - Processing file /home/airflow/.local/lib/python3.12/site-packages/airflow/example_dags/example_branch_labels.py for tasks to queue
[2024-04-25T23:50:04.231+0000] {logging_mixin.py:188} INFO - [2024-04-25T23:50:04.230+0000] {dagbag.py:540} INFO - Filling up the DagBag from /home/airflow/.local/lib/python3.12/site-packages/airflow/example_dags/example_branch_labels.py
[2024-04-25T23:50:04.242+0000] {processor.py:840} INFO - DAG(s) 'example_branch_labels' retrieved from /home/airflow/.local/lib/python3.12/site-packages/airflow/example_dags/example_branch_labels.py
[2024-04-25T23:50:04.272+0000] {logging_mixin.py:188} INFO - [2024-04-25T23:50:04.272+0000] {dag.py:3096} INFO - Sync 1 DAGs
[2024-04-25T23:50:04.332+0000] {logging_mixin.py:188} INFO - [2024-04-25T23:50:04.332+0000] {dag.py:3954} INFO - Setting next_dagrun for example_branch_labels to 2024-04-24 00:00:00+00:00, run_after=2024-04-25 00:00:00+00:00
[2024-04-25T23:50:04.360+0000] {processor.py:183} INFO - Processing /home/airflow/.local/lib/python3.12/site-packages/airflow/example_dags/example_branch_labels.py took 0.146 seconds
[2024-04-25T23:50:34.520+0000] {processor.py:161} INFO - Started process (PID=1695) to work on /home/airflow/.local/lib/python3.12/site-packages/airflow/example_dags/example_branch_labels.py
[2024-04-25T23:50:34.521+0000] {processor.py:830} INFO - Processing file /home/airflow/.local/lib/python3.12/site-packages/airflow/example_dags/example_branch_labels.py for tasks to queue
[2024-04-25T23:50:34.523+0000] {logging_mixin.py:188} INFO - [2024-04-25T23:50:34.523+0000] {dagbag.py:540} INFO - Filling up the DagBag from /home/airflow/.local/lib/python3.12/site-packages/airflow/example_dags/example_branch_labels.py
[2024-04-25T23:50:34.530+0000] {processor.py:840} INFO - DAG(s) 'example_branch_labels' retrieved from /home/airflow/.local/lib/python3.12/site-packages/airflow/example_dags/example_branch_labels.py
[2024-04-25T23:50:34.571+0000] {logging_mixin.py:188} INFO - [2024-04-25T23:50:34.570+0000] {dag.py:3096} INFO - Sync 1 DAGs
[2024-04-25T23:50:34.609+0000] {logging_mixin.py:188} INFO - [2024-04-25T23:50:34.608+0000] {dag.py:3954} INFO - Setting next_dagrun for example_branch_labels to 2024-04-24 00:00:00+00:00, run_after=2024-04-25 00:00:00+00:00
[2024-04-25T23:50:34.636+0000] {processor.py:183} INFO - Processing /home/airflow/.local/lib/python3.12/site-packages/airflow/example_dags/example_branch_labels.py took 0.122 seconds
[2024-04-25T23:51:05.011+0000] {processor.py:161} INFO - Started process (PID=1754) to work on /home/airflow/.local/lib/python3.12/site-packages/airflow/example_dags/example_branch_labels.py
[2024-04-25T23:51:05.012+0000] {processor.py:830} INFO - Processing file /home/airflow/.local/lib/python3.12/site-packages/airflow/example_dags/example_branch_labels.py for tasks to queue
[2024-04-25T23:51:05.014+0000] {logging_mixin.py:188} INFO - [2024-04-25T23:51:05.013+0000] {dagbag.py:540} INFO - Filling up the DagBag from /home/airflow/.local/lib/python3.12/site-packages/airflow/example_dags/example_branch_labels.py
[2024-04-25T23:51:05.020+0000] {processor.py:840} INFO - DAG(s) 'example_branch_labels' retrieved from /home/airflow/.local/lib/python3.12/site-packages/airflow/example_dags/example_branch_labels.py
[2024-04-25T23:51:05.039+0000] {logging_mixin.py:188} INFO - [2024-04-25T23:51:05.039+0000] {dag.py:3096} INFO - Sync 1 DAGs
[2024-04-25T23:51:05.060+0000] {logging_mixin.py:188} INFO - [2024-04-25T23:51:05.060+0000] {dag.py:3954} INFO - Setting next_dagrun for example_branch_labels to 2024-04-24 00:00:00+00:00, run_after=2024-04-25 00:00:00+00:00
[2024-04-25T23:51:05.079+0000] {processor.py:183} INFO - Processing /home/airflow/.local/lib/python3.12/site-packages/airflow/example_dags/example_branch_labels.py took 0.074 seconds
[2024-04-25T23:51:35.197+0000] {processor.py:161} INFO - Started process (PID=1813) to work on /home/airflow/.local/lib/python3.12/site-packages/airflow/example_dags/example_branch_labels.py
[2024-04-25T23:51:35.198+0000] {processor.py:830} INFO - Processing file /home/airflow/.local/lib/python3.12/site-packages/airflow/example_dags/example_branch_labels.py for tasks to queue
[2024-04-25T23:51:35.200+0000] {logging_mixin.py:188} INFO - [2024-04-25T23:51:35.200+0000] {dagbag.py:540} INFO - Filling up the DagBag from /home/airflow/.local/lib/python3.12/site-packages/airflow/example_dags/example_branch_labels.py
[2024-04-25T23:51:35.207+0000] {processor.py:840} INFO - DAG(s) 'example_branch_labels' retrieved from /home/airflow/.local/lib/python3.12/site-packages/airflow/example_dags/example_branch_labels.py
[2024-04-25T23:51:35.231+0000] {logging_mixin.py:188} INFO - [2024-04-25T23:51:35.231+0000] {dag.py:3096} INFO - Sync 1 DAGs
[2024-04-25T23:51:35.257+0000] {logging_mixin.py:188} INFO - [2024-04-25T23:51:35.257+0000] {dag.py:3954} INFO - Setting next_dagrun for example_branch_labels to 2024-04-24 00:00:00+00:00, run_after=2024-04-25 00:00:00+00:00
[2024-04-25T23:51:35.277+0000] {processor.py:183} INFO - Processing /home/airflow/.local/lib/python3.12/site-packages/airflow/example_dags/example_branch_labels.py took 0.085 seconds
[2024-04-25T23:52:05.351+0000] {processor.py:161} INFO - Started process (PID=1872) to work on /home/airflow/.local/lib/python3.12/site-packages/airflow/example_dags/example_branch_labels.py
[2024-04-25T23:52:05.352+0000] {processor.py:830} INFO - Processing file /home/airflow/.local/lib/python3.12/site-packages/airflow/example_dags/example_branch_labels.py for tasks to queue
[2024-04-25T23:52:05.354+0000] {logging_mixin.py:188} INFO - [2024-04-25T23:52:05.353+0000] {dagbag.py:540} INFO - Filling up the DagBag from /home/airflow/.local/lib/python3.12/site-packages/airflow/example_dags/example_branch_labels.py
[2024-04-25T23:52:05.359+0000] {processor.py:840} INFO - DAG(s) 'example_branch_labels' retrieved from /home/airflow/.local/lib/python3.12/site-packages/airflow/example_dags/example_branch_labels.py
[2024-04-25T23:52:05.379+0000] {logging_mixin.py:188} INFO - [2024-04-25T23:52:05.379+0000] {dag.py:3096} INFO - Sync 1 DAGs
[2024-04-25T23:52:05.398+0000] {logging_mixin.py:188} INFO - [2024-04-25T23:52:05.398+0000] {dag.py:3954} INFO - Setting next_dagrun for example_branch_labels to 2024-04-24 00:00:00+00:00, run_after=2024-04-25 00:00:00+00:00
[2024-04-25T23:52:05.418+0000] {processor.py:183} INFO - Processing /home/airflow/.local/lib/python3.12/site-packages/airflow/example_dags/example_branch_labels.py took 0.071 seconds
[2024-04-25T23:52:35.469+0000] {processor.py:161} INFO - Started process (PID=1931) to work on /home/airflow/.local/lib/python3.12/site-packages/airflow/example_dags/example_branch_labels.py
[2024-04-25T23:52:35.470+0000] {processor.py:830} INFO - Processing file /home/airflow/.local/lib/python3.12/site-packages/airflow/example_dags/example_branch_labels.py for tasks to queue
[2024-04-25T23:52:35.472+0000] {logging_mixin.py:188} INFO - [2024-04-25T23:52:35.472+0000] {dagbag.py:540} INFO - Filling up the DagBag from /home/airflow/.local/lib/python3.12/site-packages/airflow/example_dags/example_branch_labels.py
[2024-04-25T23:52:35.480+0000] {processor.py:840} INFO - DAG(s) 'example_branch_labels' retrieved from /home/airflow/.local/lib/python3.12/site-packages/airflow/example_dags/example_branch_labels.py
[2024-04-25T23:52:35.513+0000] {logging_mixin.py:188} INFO - [2024-04-25T23:52:35.513+0000] {dag.py:3096} INFO - Sync 1 DAGs
[2024-04-25T23:52:35.539+0000] {logging_mixin.py:188} INFO - [2024-04-25T23:52:35.539+0000] {dag.py:3954} INFO - Setting next_dagrun for example_branch_labels to 2024-04-24 00:00:00+00:00, run_after=2024-04-25 00:00:00+00:00
[2024-04-25T23:52:35.565+0000] {processor.py:183} INFO - Processing /home/airflow/.local/lib/python3.12/site-packages/airflow/example_dags/example_branch_labels.py took 0.102 seconds
[2024-04-25T23:53:05.716+0000] {processor.py:161} INFO - Started process (PID=1990) to work on /home/airflow/.local/lib/python3.12/site-packages/airflow/example_dags/example_branch_labels.py
[2024-04-25T23:53:05.718+0000] {processor.py:830} INFO - Processing file /home/airflow/.local/lib/python3.12/site-packages/airflow/example_dags/example_branch_labels.py for tasks to queue
[2024-04-25T23:53:05.720+0000] {logging_mixin.py:188} INFO - [2024-04-25T23:53:05.720+0000] {dagbag.py:540} INFO - Filling up the DagBag from /home/airflow/.local/lib/python3.12/site-packages/airflow/example_dags/example_branch_labels.py
[2024-04-25T23:53:05.727+0000] {processor.py:840} INFO - DAG(s) 'example_branch_labels' retrieved from /home/airflow/.local/lib/python3.12/site-packages/airflow/example_dags/example_branch_labels.py
[2024-04-25T23:53:05.745+0000] {logging_mixin.py:188} INFO - [2024-04-25T23:53:05.745+0000] {dag.py:3096} INFO - Sync 1 DAGs
[2024-04-25T23:53:05.764+0000] {logging_mixin.py:188} INFO - [2024-04-25T23:53:05.764+0000] {dag.py:3954} INFO - Setting next_dagrun for example_branch_labels to 2024-04-24 00:00:00+00:00, run_after=2024-04-25 00:00:00+00:00
[2024-04-25T23:53:05.783+0000] {processor.py:183} INFO - Processing /home/airflow/.local/lib/python3.12/site-packages/airflow/example_dags/example_branch_labels.py took 0.072 seconds
[2024-04-25T23:53:35.981+0000] {processor.py:161} INFO - Started process (PID=2049) to work on /home/airflow/.local/lib/python3.12/site-packages/airflow/example_dags/example_branch_labels.py
[2024-04-25T23:53:35.982+0000] {processor.py:830} INFO - Processing file /home/airflow/.local/lib/python3.12/site-packages/airflow/example_dags/example_branch_labels.py for tasks to queue
[2024-04-25T23:53:35.983+0000] {logging_mixin.py:188} INFO - [2024-04-25T23:53:35.983+0000] {dagbag.py:540} INFO - Filling up the DagBag from /home/airflow/.local/lib/python3.12/site-packages/airflow/example_dags/example_branch_labels.py
[2024-04-25T23:53:35.990+0000] {processor.py:840} INFO - DAG(s) 'example_branch_labels' retrieved from /home/airflow/.local/lib/python3.12/site-packages/airflow/example_dags/example_branch_labels.py
[2024-04-25T23:53:36.009+0000] {logging_mixin.py:188} INFO - [2024-04-25T23:53:36.009+0000] {dag.py:3096} INFO - Sync 1 DAGs
[2024-04-25T23:53:36.031+0000] {logging_mixin.py:188} INFO - [2024-04-25T23:53:36.030+0000] {dag.py:3954} INFO - Setting next_dagrun for example_branch_labels to 2024-04-24 00:00:00+00:00, run_after=2024-04-25 00:00:00+00:00
[2024-04-25T23:53:36.049+0000] {processor.py:183} INFO - Processing /home/airflow/.local/lib/python3.12/site-packages/airflow/example_dags/example_branch_labels.py took 0.073 seconds
[2024-04-25T23:54:06.166+0000] {processor.py:161} INFO - Started process (PID=2108) to work on /home/airflow/.local/lib/python3.12/site-packages/airflow/example_dags/example_branch_labels.py
[2024-04-25T23:54:06.167+0000] {processor.py:830} INFO - Processing file /home/airflow/.local/lib/python3.12/site-packages/airflow/example_dags/example_branch_labels.py for tasks to queue
[2024-04-25T23:54:06.169+0000] {logging_mixin.py:188} INFO - [2024-04-25T23:54:06.168+0000] {dagbag.py:540} INFO - Filling up the DagBag from /home/airflow/.local/lib/python3.12/site-packages/airflow/example_dags/example_branch_labels.py
[2024-04-25T23:54:06.174+0000] {processor.py:840} INFO - DAG(s) 'example_branch_labels' retrieved from /home/airflow/.local/lib/python3.12/site-packages/airflow/example_dags/example_branch_labels.py
[2024-04-25T23:54:06.192+0000] {logging_mixin.py:188} INFO - [2024-04-25T23:54:06.192+0000] {dag.py:3096} INFO - Sync 1 DAGs
[2024-04-25T23:54:06.212+0000] {logging_mixin.py:188} INFO - [2024-04-25T23:54:06.212+0000] {dag.py:3954} INFO - Setting next_dagrun for example_branch_labels to 2024-04-24 00:00:00+00:00, run_after=2024-04-25 00:00:00+00:00
[2024-04-25T23:54:06.229+0000] {processor.py:183} INFO - Processing /home/airflow/.local/lib/python3.12/site-packages/airflow/example_dags/example_branch_labels.py took 0.068 seconds
[2024-04-25T23:54:36.441+0000] {processor.py:161} INFO - Started process (PID=2167) to work on /home/airflow/.local/lib/python3.12/site-packages/airflow/example_dags/example_branch_labels.py
[2024-04-25T23:54:36.442+0000] {processor.py:830} INFO - Processing file /home/airflow/.local/lib/python3.12/site-packages/airflow/example_dags/example_branch_labels.py for tasks to queue
[2024-04-25T23:54:36.444+0000] {logging_mixin.py:188} INFO - [2024-04-25T23:54:36.443+0000] {dagbag.py:540} INFO - Filling up the DagBag from /home/airflow/.local/lib/python3.12/site-packages/airflow/example_dags/example_branch_labels.py
[2024-04-25T23:54:36.451+0000] {processor.py:840} INFO - DAG(s) 'example_branch_labels' retrieved from /home/airflow/.local/lib/python3.12/site-packages/airflow/example_dags/example_branch_labels.py
[2024-04-25T23:54:36.470+0000] {logging_mixin.py:188} INFO - [2024-04-25T23:54:36.469+0000] {dag.py:3096} INFO - Sync 1 DAGs
[2024-04-25T23:54:36.493+0000] {logging_mixin.py:188} INFO - [2024-04-25T23:54:36.492+0000] {dag.py:3954} INFO - Setting next_dagrun for example_branch_labels to 2024-04-24 00:00:00+00:00, run_after=2024-04-25 00:00:00+00:00
[2024-04-25T23:54:36.514+0000] {processor.py:183} INFO - Processing /home/airflow/.local/lib/python3.12/site-packages/airflow/example_dags/example_branch_labels.py took 0.078 seconds
[2024-04-25T23:55:06.692+0000] {processor.py:161} INFO - Started process (PID=2226) to work on /home/airflow/.local/lib/python3.12/site-packages/airflow/example_dags/example_branch_labels.py
[2024-04-25T23:55:06.693+0000] {processor.py:830} INFO - Processing file /home/airflow/.local/lib/python3.12/site-packages/airflow/example_dags/example_branch_labels.py for tasks to queue
[2024-04-25T23:55:06.695+0000] {logging_mixin.py:188} INFO - [2024-04-25T23:55:06.695+0000] {dagbag.py:540} INFO - Filling up the DagBag from /home/airflow/.local/lib/python3.12/site-packages/airflow/example_dags/example_branch_labels.py
[2024-04-25T23:55:06.703+0000] {processor.py:840} INFO - DAG(s) 'example_branch_labels' retrieved from /home/airflow/.local/lib/python3.12/site-packages/airflow/example_dags/example_branch_labels.py
[2024-04-25T23:55:06.723+0000] {logging_mixin.py:188} INFO - [2024-04-25T23:55:06.722+0000] {dag.py:3096} INFO - Sync 1 DAGs
[2024-04-25T23:55:06.746+0000] {logging_mixin.py:188} INFO - [2024-04-25T23:55:06.745+0000] {dag.py:3954} INFO - Setting next_dagrun for example_branch_labels to 2024-04-24 00:00:00+00:00, run_after=2024-04-25 00:00:00+00:00
[2024-04-25T23:55:06.765+0000] {processor.py:183} INFO - Processing /home/airflow/.local/lib/python3.12/site-packages/airflow/example_dags/example_branch_labels.py took 0.078 seconds
[2024-04-25T23:55:36.895+0000] {processor.py:161} INFO - Started process (PID=2285) to work on /home/airflow/.local/lib/python3.12/site-packages/airflow/example_dags/example_branch_labels.py
[2024-04-25T23:55:36.896+0000] {processor.py:830} INFO - Processing file /home/airflow/.local/lib/python3.12/site-packages/airflow/example_dags/example_branch_labels.py for tasks to queue
[2024-04-25T23:55:36.898+0000] {logging_mixin.py:188} INFO - [2024-04-25T23:55:36.898+0000] {dagbag.py:540} INFO - Filling up the DagBag from /home/airflow/.local/lib/python3.12/site-packages/airflow/example_dags/example_branch_labels.py
[2024-04-25T23:55:36.909+0000] {processor.py:840} INFO - DAG(s) 'example_branch_labels' retrieved from /home/airflow/.local/lib/python3.12/site-packages/airflow/example_dags/example_branch_labels.py
[2024-04-25T23:55:36.934+0000] {logging_mixin.py:188} INFO - [2024-04-25T23:55:36.934+0000] {dag.py:3096} INFO - Sync 1 DAGs
[2024-04-25T23:55:36.958+0000] {logging_mixin.py:188} INFO - [2024-04-25T23:55:36.957+0000] {dag.py:3954} INFO - Setting next_dagrun for example_branch_labels to 2024-04-24 00:00:00+00:00, run_after=2024-04-25 00:00:00+00:00
[2024-04-25T23:55:36.977+0000] {processor.py:183} INFO - Processing /home/airflow/.local/lib/python3.12/site-packages/airflow/example_dags/example_branch_labels.py took 0.091 seconds
[2024-04-25T23:56:07.790+0000] {processor.py:161} INFO - Started process (PID=2344) to work on /home/airflow/.local/lib/python3.12/site-packages/airflow/example_dags/example_branch_labels.py
[2024-04-25T23:56:07.791+0000] {processor.py:830} INFO - Processing file /home/airflow/.local/lib/python3.12/site-packages/airflow/example_dags/example_branch_labels.py for tasks to queue
[2024-04-25T23:56:07.793+0000] {logging_mixin.py:188} INFO - [2024-04-25T23:56:07.792+0000] {dagbag.py:540} INFO - Filling up the DagBag from /home/airflow/.local/lib/python3.12/site-packages/airflow/example_dags/example_branch_labels.py
[2024-04-25T23:56:07.799+0000] {processor.py:840} INFO - DAG(s) 'example_branch_labels' retrieved from /home/airflow/.local/lib/python3.12/site-packages/airflow/example_dags/example_branch_labels.py
[2024-04-25T23:56:07.819+0000] {logging_mixin.py:188} INFO - [2024-04-25T23:56:07.818+0000] {dag.py:3096} INFO - Sync 1 DAGs
[2024-04-25T23:56:07.838+0000] {logging_mixin.py:188} INFO - [2024-04-25T23:56:07.838+0000] {dag.py:3954} INFO - Setting next_dagrun for example_branch_labels to 2024-04-24 00:00:00+00:00, run_after=2024-04-25 00:00:00+00:00
[2024-04-25T23:56:07.861+0000] {processor.py:183} INFO - Processing /home/airflow/.local/lib/python3.12/site-packages/airflow/example_dags/example_branch_labels.py took 0.076 seconds
[2024-04-25T23:56:38.165+0000] {processor.py:161} INFO - Started process (PID=2403) to work on /home/airflow/.local/lib/python3.12/site-packages/airflow/example_dags/example_branch_labels.py
[2024-04-25T23:56:38.166+0000] {processor.py:830} INFO - Processing file /home/airflow/.local/lib/python3.12/site-packages/airflow/example_dags/example_branch_labels.py for tasks to queue
[2024-04-25T23:56:38.168+0000] {logging_mixin.py:188} INFO - [2024-04-25T23:56:38.167+0000] {dagbag.py:540} INFO - Filling up the DagBag from /home/airflow/.local/lib/python3.12/site-packages/airflow/example_dags/example_branch_labels.py
[2024-04-25T23:56:38.174+0000] {processor.py:840} INFO - DAG(s) 'example_branch_labels' retrieved from /home/airflow/.local/lib/python3.12/site-packages/airflow/example_dags/example_branch_labels.py
[2024-04-25T23:56:38.191+0000] {logging_mixin.py:188} INFO - [2024-04-25T23:56:38.191+0000] {dag.py:3096} INFO - Sync 1 DAGs
[2024-04-25T23:56:38.211+0000] {logging_mixin.py:188} INFO - [2024-04-25T23:56:38.211+0000] {dag.py:3954} INFO - Setting next_dagrun for example_branch_labels to 2024-04-24 00:00:00+00:00, run_after=2024-04-25 00:00:00+00:00
[2024-04-25T23:56:38.228+0000] {processor.py:183} INFO - Processing /home/airflow/.local/lib/python3.12/site-packages/airflow/example_dags/example_branch_labels.py took 0.068 seconds
[2024-04-25T23:57:08.905+0000] {processor.py:161} INFO - Started process (PID=2462) to work on /home/airflow/.local/lib/python3.12/site-packages/airflow/example_dags/example_branch_labels.py
[2024-04-25T23:57:08.906+0000] {processor.py:830} INFO - Processing file /home/airflow/.local/lib/python3.12/site-packages/airflow/example_dags/example_branch_labels.py for tasks to queue
[2024-04-25T23:57:08.909+0000] {logging_mixin.py:188} INFO - [2024-04-25T23:57:08.909+0000] {dagbag.py:540} INFO - Filling up the DagBag from /home/airflow/.local/lib/python3.12/site-packages/airflow/example_dags/example_branch_labels.py
[2024-04-25T23:57:08.917+0000] {processor.py:840} INFO - DAG(s) 'example_branch_labels' retrieved from /home/airflow/.local/lib/python3.12/site-packages/airflow/example_dags/example_branch_labels.py
[2024-04-25T23:57:08.941+0000] {logging_mixin.py:188} INFO - [2024-04-25T23:57:08.941+0000] {dag.py:3096} INFO - Sync 1 DAGs
[2024-04-25T23:57:08.975+0000] {logging_mixin.py:188} INFO - [2024-04-25T23:57:08.975+0000] {dag.py:3954} INFO - Setting next_dagrun for example_branch_labels to 2024-04-24 00:00:00+00:00, run_after=2024-04-25 00:00:00+00:00
[2024-04-25T23:57:09.005+0000] {processor.py:183} INFO - Processing /home/airflow/.local/lib/python3.12/site-packages/airflow/example_dags/example_branch_labels.py took 0.107 seconds
[2024-04-25T23:57:39.500+0000] {processor.py:161} INFO - Started process (PID=2521) to work on /home/airflow/.local/lib/python3.12/site-packages/airflow/example_dags/example_branch_labels.py
[2024-04-25T23:57:39.501+0000] {processor.py:830} INFO - Processing file /home/airflow/.local/lib/python3.12/site-packages/airflow/example_dags/example_branch_labels.py for tasks to queue
[2024-04-25T23:57:39.504+0000] {logging_mixin.py:188} INFO - [2024-04-25T23:57:39.504+0000] {dagbag.py:540} INFO - Filling up the DagBag from /home/airflow/.local/lib/python3.12/site-packages/airflow/example_dags/example_branch_labels.py
[2024-04-25T23:57:39.513+0000] {processor.py:840} INFO - DAG(s) 'example_branch_labels' retrieved from /home/airflow/.local/lib/python3.12/site-packages/airflow/example_dags/example_branch_labels.py
[2024-04-25T23:57:39.541+0000] {logging_mixin.py:188} INFO - [2024-04-25T23:57:39.541+0000] {dag.py:3096} INFO - Sync 1 DAGs
[2024-04-25T23:57:39.611+0000] {logging_mixin.py:188} INFO - [2024-04-25T23:57:39.610+0000] {dag.py:3954} INFO - Setting next_dagrun for example_branch_labels to 2024-04-24 00:00:00+00:00, run_after=2024-04-25 00:00:00+00:00
[2024-04-25T23:57:39.662+0000] {processor.py:183} INFO - Processing /home/airflow/.local/lib/python3.12/site-packages/airflow/example_dags/example_branch_labels.py took 0.170 seconds
[2024-04-25T23:58:09.930+0000] {processor.py:161} INFO - Started process (PID=2580) to work on /home/airflow/.local/lib/python3.12/site-packages/airflow/example_dags/example_branch_labels.py
[2024-04-25T23:58:09.930+0000] {processor.py:830} INFO - Processing file /home/airflow/.local/lib/python3.12/site-packages/airflow/example_dags/example_branch_labels.py for tasks to queue
[2024-04-25T23:58:09.933+0000] {logging_mixin.py:188} INFO - [2024-04-25T23:58:09.932+0000] {dagbag.py:540} INFO - Filling up the DagBag from /home/airflow/.local/lib/python3.12/site-packages/airflow/example_dags/example_branch_labels.py
[2024-04-25T23:58:09.939+0000] {processor.py:840} INFO - DAG(s) 'example_branch_labels' retrieved from /home/airflow/.local/lib/python3.12/site-packages/airflow/example_dags/example_branch_labels.py
[2024-04-25T23:58:09.957+0000] {logging_mixin.py:188} INFO - [2024-04-25T23:58:09.957+0000] {dag.py:3096} INFO - Sync 1 DAGs
[2024-04-25T23:58:09.979+0000] {logging_mixin.py:188} INFO - [2024-04-25T23:58:09.978+0000] {dag.py:3954} INFO - Setting next_dagrun for example_branch_labels to 2024-04-24 00:00:00+00:00, run_after=2024-04-25 00:00:00+00:00
[2024-04-25T23:58:09.997+0000] {processor.py:183} INFO - Processing /home/airflow/.local/lib/python3.12/site-packages/airflow/example_dags/example_branch_labels.py took 0.072 seconds
[2024-04-25T23:58:40.090+0000] {processor.py:161} INFO - Started process (PID=2639) to work on /home/airflow/.local/lib/python3.12/site-packages/airflow/example_dags/example_branch_labels.py
[2024-04-25T23:58:40.091+0000] {processor.py:830} INFO - Processing file /home/airflow/.local/lib/python3.12/site-packages/airflow/example_dags/example_branch_labels.py for tasks to queue
[2024-04-25T23:58:40.093+0000] {logging_mixin.py:188} INFO - [2024-04-25T23:58:40.093+0000] {dagbag.py:540} INFO - Filling up the DagBag from /home/airflow/.local/lib/python3.12/site-packages/airflow/example_dags/example_branch_labels.py
[2024-04-25T23:58:40.101+0000] {processor.py:840} INFO - DAG(s) 'example_branch_labels' retrieved from /home/airflow/.local/lib/python3.12/site-packages/airflow/example_dags/example_branch_labels.py
[2024-04-25T23:58:40.121+0000] {logging_mixin.py:188} INFO - [2024-04-25T23:58:40.120+0000] {dag.py:3096} INFO - Sync 1 DAGs
[2024-04-25T23:58:40.144+0000] {logging_mixin.py:188} INFO - [2024-04-25T23:58:40.144+0000] {dag.py:3954} INFO - Setting next_dagrun for example_branch_labels to 2024-04-24 00:00:00+00:00, run_after=2024-04-25 00:00:00+00:00
[2024-04-25T23:58:40.163+0000] {processor.py:183} INFO - Processing /home/airflow/.local/lib/python3.12/site-packages/airflow/example_dags/example_branch_labels.py took 0.079 seconds
[2024-04-25T23:59:10.734+0000] {processor.py:161} INFO - Started process (PID=2698) to work on /home/airflow/.local/lib/python3.12/site-packages/airflow/example_dags/example_branch_labels.py
[2024-04-25T23:59:10.736+0000] {processor.py:830} INFO - Processing file /home/airflow/.local/lib/python3.12/site-packages/airflow/example_dags/example_branch_labels.py for tasks to queue
[2024-04-25T23:59:10.738+0000] {logging_mixin.py:188} INFO - [2024-04-25T23:59:10.738+0000] {dagbag.py:540} INFO - Filling up the DagBag from /home/airflow/.local/lib/python3.12/site-packages/airflow/example_dags/example_branch_labels.py
[2024-04-25T23:59:10.745+0000] {processor.py:840} INFO - DAG(s) 'example_branch_labels' retrieved from /home/airflow/.local/lib/python3.12/site-packages/airflow/example_dags/example_branch_labels.py
[2024-04-25T23:59:10.770+0000] {logging_mixin.py:188} INFO - [2024-04-25T23:59:10.769+0000] {dag.py:3096} INFO - Sync 1 DAGs
[2024-04-25T23:59:10.792+0000] {logging_mixin.py:188} INFO - [2024-04-25T23:59:10.792+0000] {dag.py:3954} INFO - Setting next_dagrun for example_branch_labels to 2024-04-24 00:00:00+00:00, run_after=2024-04-25 00:00:00+00:00
[2024-04-25T23:59:10.812+0000] {processor.py:183} INFO - Processing /home/airflow/.local/lib/python3.12/site-packages/airflow/example_dags/example_branch_labels.py took 0.092 seconds
[2024-04-25T23:59:41.054+0000] {processor.py:161} INFO - Started process (PID=2757) to work on /home/airflow/.local/lib/python3.12/site-packages/airflow/example_dags/example_branch_labels.py
[2024-04-25T23:59:41.055+0000] {processor.py:830} INFO - Processing file /home/airflow/.local/lib/python3.12/site-packages/airflow/example_dags/example_branch_labels.py for tasks to queue
[2024-04-25T23:59:41.058+0000] {logging_mixin.py:188} INFO - [2024-04-25T23:59:41.058+0000] {dagbag.py:540} INFO - Filling up the DagBag from /home/airflow/.local/lib/python3.12/site-packages/airflow/example_dags/example_branch_labels.py
[2024-04-25T23:59:41.065+0000] {processor.py:840} INFO - DAG(s) 'example_branch_labels' retrieved from /home/airflow/.local/lib/python3.12/site-packages/airflow/example_dags/example_branch_labels.py
[2024-04-25T23:59:41.086+0000] {logging_mixin.py:188} INFO - [2024-04-25T23:59:41.086+0000] {dag.py:3096} INFO - Sync 1 DAGs
[2024-04-25T23:59:41.110+0000] {logging_mixin.py:188} INFO - [2024-04-25T23:59:41.110+0000] {dag.py:3954} INFO - Setting next_dagrun for example_branch_labels to 2024-04-24 00:00:00+00:00, run_after=2024-04-25 00:00:00+00:00
[2024-04-25T23:59:41.130+0000] {processor.py:183} INFO - Processing /home/airflow/.local/lib/python3.12/site-packages/airflow/example_dags/example_branch_labels.py took 0.081 seconds
