[2024-04-25T23:36:23.460+0000] {processor.py:161} INFO - Started process (PID=62) to work on /home/airflow/.local/lib/python3.12/site-packages/airflow/example_dags/example_branch_python_dop_operator_3.py
[2024-04-25T23:36:23.462+0000] {processor.py:830} INFO - Processing file /home/airflow/.local/lib/python3.12/site-packages/airflow/example_dags/example_branch_python_dop_operator_3.py for tasks to queue
[2024-04-25T23:36:23.465+0000] {logging_mixin.py:188} INFO - [2024-04-25T23:36:23.465+0000] {dagbag.py:540} INFO - Filling up the DagBag from /home/airflow/.local/lib/python3.12/site-packages/airflow/example_dags/example_branch_python_dop_operator_3.py
[2024-04-25T23:36:23.484+0000] {processor.py:840} INFO - DAG(s) 'example_branch_dop_operator_v3' retrieved from /home/airflow/.local/lib/python3.12/site-packages/airflow/example_dags/example_branch_python_dop_operator_3.py
[2024-04-25T23:36:23.512+0000] {logging_mixin.py:188} INFO - [2024-04-25T23:36:23.512+0000] {dag.py:3096} INFO - Sync 1 DAGs
[2024-04-25T23:36:23.577+0000] {logging_mixin.py:188} INFO - [2024-04-25T23:36:23.577+0000] {dag.py:3954} INFO - Setting next_dagrun for example_branch_dop_operator_v3 to 2024-04-25 23:35:00+00:00, run_after=2024-04-25 23:36:00+00:00
[2024-04-25T23:36:23.615+0000] {processor.py:183} INFO - Processing /home/airflow/.local/lib/python3.12/site-packages/airflow/example_dags/example_branch_python_dop_operator_3.py took 0.167 seconds
[2024-04-25T23:36:55.973+0000] {processor.py:161} INFO - Started process (PID=121) to work on /home/airflow/.local/lib/python3.12/site-packages/airflow/example_dags/example_branch_python_dop_operator_3.py
[2024-04-25T23:36:55.984+0000] {processor.py:830} INFO - Processing file /home/airflow/.local/lib/python3.12/site-packages/airflow/example_dags/example_branch_python_dop_operator_3.py for tasks to queue
[2024-04-25T23:36:55.986+0000] {logging_mixin.py:188} INFO - [2024-04-25T23:36:55.985+0000] {dagbag.py:540} INFO - Filling up the DagBag from /home/airflow/.local/lib/python3.12/site-packages/airflow/example_dags/example_branch_python_dop_operator_3.py
[2024-04-25T23:36:55.993+0000] {processor.py:840} INFO - DAG(s) 'example_branch_dop_operator_v3' retrieved from /home/airflow/.local/lib/python3.12/site-packages/airflow/example_dags/example_branch_python_dop_operator_3.py
[2024-04-25T23:36:56.073+0000] {logging_mixin.py:188} INFO - [2024-04-25T23:36:56.073+0000] {dag.py:3096} INFO - Sync 1 DAGs
[2024-04-25T23:36:56.092+0000] {logging_mixin.py:188} INFO - [2024-04-25T23:36:56.092+0000] {dag.py:3954} INFO - Setting next_dagrun for example_branch_dop_operator_v3 to 2024-04-25 23:35:00+00:00, run_after=2024-04-25 23:36:00+00:00
[2024-04-25T23:36:56.113+0000] {processor.py:183} INFO - Processing /home/airflow/.local/lib/python3.12/site-packages/airflow/example_dags/example_branch_python_dop_operator_3.py took 0.145 seconds
[2024-04-25T23:37:26.635+0000] {processor.py:161} INFO - Started process (PID=180) to work on /home/airflow/.local/lib/python3.12/site-packages/airflow/example_dags/example_branch_python_dop_operator_3.py
[2024-04-25T23:37:26.637+0000] {processor.py:830} INFO - Processing file /home/airflow/.local/lib/python3.12/site-packages/airflow/example_dags/example_branch_python_dop_operator_3.py for tasks to queue
[2024-04-25T23:37:26.638+0000] {logging_mixin.py:188} INFO - [2024-04-25T23:37:26.638+0000] {dagbag.py:540} INFO - Filling up the DagBag from /home/airflow/.local/lib/python3.12/site-packages/airflow/example_dags/example_branch_python_dop_operator_3.py
[2024-04-25T23:37:26.645+0000] {processor.py:840} INFO - DAG(s) 'example_branch_dop_operator_v3' retrieved from /home/airflow/.local/lib/python3.12/site-packages/airflow/example_dags/example_branch_python_dop_operator_3.py
[2024-04-25T23:37:26.669+0000] {logging_mixin.py:188} INFO - [2024-04-25T23:37:26.669+0000] {dag.py:3096} INFO - Sync 1 DAGs
[2024-04-25T23:37:26.708+0000] {logging_mixin.py:188} INFO - [2024-04-25T23:37:26.708+0000] {dag.py:3954} INFO - Setting next_dagrun for example_branch_dop_operator_v3 to 2024-04-25 23:36:00+00:00, run_after=2024-04-25 23:37:00+00:00
[2024-04-25T23:37:26.734+0000] {processor.py:183} INFO - Processing /home/airflow/.local/lib/python3.12/site-packages/airflow/example_dags/example_branch_python_dop_operator_3.py took 0.103 seconds
[2024-04-25T23:37:57.014+0000] {processor.py:161} INFO - Started process (PID=239) to work on /home/airflow/.local/lib/python3.12/site-packages/airflow/example_dags/example_branch_python_dop_operator_3.py
[2024-04-25T23:37:57.016+0000] {processor.py:830} INFO - Processing file /home/airflow/.local/lib/python3.12/site-packages/airflow/example_dags/example_branch_python_dop_operator_3.py for tasks to queue
[2024-04-25T23:37:57.018+0000] {logging_mixin.py:188} INFO - [2024-04-25T23:37:57.017+0000] {dagbag.py:540} INFO - Filling up the DagBag from /home/airflow/.local/lib/python3.12/site-packages/airflow/example_dags/example_branch_python_dop_operator_3.py
[2024-04-25T23:37:57.026+0000] {processor.py:840} INFO - DAG(s) 'example_branch_dop_operator_v3' retrieved from /home/airflow/.local/lib/python3.12/site-packages/airflow/example_dags/example_branch_python_dop_operator_3.py
[2024-04-25T23:37:57.045+0000] {logging_mixin.py:188} INFO - [2024-04-25T23:37:57.044+0000] {dag.py:3096} INFO - Sync 1 DAGs
[2024-04-25T23:37:57.067+0000] {logging_mixin.py:188} INFO - [2024-04-25T23:37:57.067+0000] {dag.py:3954} INFO - Setting next_dagrun for example_branch_dop_operator_v3 to 2024-04-25 23:36:00+00:00, run_after=2024-04-25 23:37:00+00:00
[2024-04-25T23:37:57.085+0000] {processor.py:183} INFO - Processing /home/airflow/.local/lib/python3.12/site-packages/airflow/example_dags/example_branch_python_dop_operator_3.py took 0.076 seconds
[2024-04-25T23:38:27.140+0000] {processor.py:161} INFO - Started process (PID=298) to work on /home/airflow/.local/lib/python3.12/site-packages/airflow/example_dags/example_branch_python_dop_operator_3.py
[2024-04-25T23:38:27.141+0000] {processor.py:830} INFO - Processing file /home/airflow/.local/lib/python3.12/site-packages/airflow/example_dags/example_branch_python_dop_operator_3.py for tasks to queue
[2024-04-25T23:38:27.143+0000] {logging_mixin.py:188} INFO - [2024-04-25T23:38:27.143+0000] {dagbag.py:540} INFO - Filling up the DagBag from /home/airflow/.local/lib/python3.12/site-packages/airflow/example_dags/example_branch_python_dop_operator_3.py
[2024-04-25T23:38:27.150+0000] {processor.py:840} INFO - DAG(s) 'example_branch_dop_operator_v3' retrieved from /home/airflow/.local/lib/python3.12/site-packages/airflow/example_dags/example_branch_python_dop_operator_3.py
[2024-04-25T23:38:27.167+0000] {logging_mixin.py:188} INFO - [2024-04-25T23:38:27.167+0000] {dag.py:3096} INFO - Sync 1 DAGs
[2024-04-25T23:38:27.191+0000] {logging_mixin.py:188} INFO - [2024-04-25T23:38:27.191+0000] {dag.py:3954} INFO - Setting next_dagrun for example_branch_dop_operator_v3 to 2024-04-25 23:37:00+00:00, run_after=2024-04-25 23:38:00+00:00
[2024-04-25T23:38:27.209+0000] {processor.py:183} INFO - Processing /home/airflow/.local/lib/python3.12/site-packages/airflow/example_dags/example_branch_python_dop_operator_3.py took 0.074 seconds
[2024-04-25T23:38:58.115+0000] {processor.py:161} INFO - Started process (PID=358) to work on /home/airflow/.local/lib/python3.12/site-packages/airflow/example_dags/example_branch_python_dop_operator_3.py
[2024-04-25T23:38:58.116+0000] {processor.py:830} INFO - Processing file /home/airflow/.local/lib/python3.12/site-packages/airflow/example_dags/example_branch_python_dop_operator_3.py for tasks to queue
[2024-04-25T23:38:58.118+0000] {logging_mixin.py:188} INFO - [2024-04-25T23:38:58.118+0000] {dagbag.py:540} INFO - Filling up the DagBag from /home/airflow/.local/lib/python3.12/site-packages/airflow/example_dags/example_branch_python_dop_operator_3.py
[2024-04-25T23:38:58.126+0000] {processor.py:840} INFO - DAG(s) 'example_branch_dop_operator_v3' retrieved from /home/airflow/.local/lib/python3.12/site-packages/airflow/example_dags/example_branch_python_dop_operator_3.py
[2024-04-25T23:38:58.144+0000] {logging_mixin.py:188} INFO - [2024-04-25T23:38:58.144+0000] {dag.py:3096} INFO - Sync 1 DAGs
[2024-04-25T23:38:58.183+0000] {logging_mixin.py:188} INFO - [2024-04-25T23:38:58.183+0000] {dag.py:3954} INFO - Setting next_dagrun for example_branch_dop_operator_v3 to 2024-04-25 23:37:00+00:00, run_after=2024-04-25 23:38:00+00:00
[2024-04-25T23:38:58.204+0000] {processor.py:183} INFO - Processing /home/airflow/.local/lib/python3.12/site-packages/airflow/example_dags/example_branch_python_dop_operator_3.py took 0.093 seconds
[2024-04-25T23:39:28.296+0000] {processor.py:161} INFO - Started process (PID=417) to work on /home/airflow/.local/lib/python3.12/site-packages/airflow/example_dags/example_branch_python_dop_operator_3.py
[2024-04-25T23:39:28.297+0000] {processor.py:830} INFO - Processing file /home/airflow/.local/lib/python3.12/site-packages/airflow/example_dags/example_branch_python_dop_operator_3.py for tasks to queue
[2024-04-25T23:39:28.299+0000] {logging_mixin.py:188} INFO - [2024-04-25T23:39:28.299+0000] {dagbag.py:540} INFO - Filling up the DagBag from /home/airflow/.local/lib/python3.12/site-packages/airflow/example_dags/example_branch_python_dop_operator_3.py
[2024-04-25T23:39:28.307+0000] {processor.py:840} INFO - DAG(s) 'example_branch_dop_operator_v3' retrieved from /home/airflow/.local/lib/python3.12/site-packages/airflow/example_dags/example_branch_python_dop_operator_3.py
[2024-04-25T23:39:28.326+0000] {logging_mixin.py:188} INFO - [2024-04-25T23:39:28.326+0000] {dag.py:3096} INFO - Sync 1 DAGs
[2024-04-25T23:39:28.349+0000] {logging_mixin.py:188} INFO - [2024-04-25T23:39:28.349+0000] {dag.py:3954} INFO - Setting next_dagrun for example_branch_dop_operator_v3 to 2024-04-25 23:38:00+00:00, run_after=2024-04-25 23:39:00+00:00
[2024-04-25T23:39:28.371+0000] {processor.py:183} INFO - Processing /home/airflow/.local/lib/python3.12/site-packages/airflow/example_dags/example_branch_python_dop_operator_3.py took 0.080 seconds
[2024-04-25T23:39:58.633+0000] {processor.py:161} INFO - Started process (PID=476) to work on /home/airflow/.local/lib/python3.12/site-packages/airflow/example_dags/example_branch_python_dop_operator_3.py
[2024-04-25T23:39:58.635+0000] {processor.py:830} INFO - Processing file /home/airflow/.local/lib/python3.12/site-packages/airflow/example_dags/example_branch_python_dop_operator_3.py for tasks to queue
[2024-04-25T23:39:58.637+0000] {logging_mixin.py:188} INFO - [2024-04-25T23:39:58.637+0000] {dagbag.py:540} INFO - Filling up the DagBag from /home/airflow/.local/lib/python3.12/site-packages/airflow/example_dags/example_branch_python_dop_operator_3.py
[2024-04-25T23:39:58.645+0000] {processor.py:840} INFO - DAG(s) 'example_branch_dop_operator_v3' retrieved from /home/airflow/.local/lib/python3.12/site-packages/airflow/example_dags/example_branch_python_dop_operator_3.py
[2024-04-25T23:39:58.662+0000] {logging_mixin.py:188} INFO - [2024-04-25T23:39:58.661+0000] {dag.py:3096} INFO - Sync 1 DAGs
[2024-04-25T23:39:58.684+0000] {logging_mixin.py:188} INFO - [2024-04-25T23:39:58.684+0000] {dag.py:3954} INFO - Setting next_dagrun for example_branch_dop_operator_v3 to 2024-04-25 23:38:00+00:00, run_after=2024-04-25 23:39:00+00:00
[2024-04-25T23:39:58.704+0000] {processor.py:183} INFO - Processing /home/airflow/.local/lib/python3.12/site-packages/airflow/example_dags/example_branch_python_dop_operator_3.py took 0.076 seconds
[2024-04-25T23:40:28.954+0000] {processor.py:161} INFO - Started process (PID=535) to work on /home/airflow/.local/lib/python3.12/site-packages/airflow/example_dags/example_branch_python_dop_operator_3.py
[2024-04-25T23:40:28.956+0000] {processor.py:830} INFO - Processing file /home/airflow/.local/lib/python3.12/site-packages/airflow/example_dags/example_branch_python_dop_operator_3.py for tasks to queue
[2024-04-25T23:40:28.958+0000] {logging_mixin.py:188} INFO - [2024-04-25T23:40:28.957+0000] {dagbag.py:540} INFO - Filling up the DagBag from /home/airflow/.local/lib/python3.12/site-packages/airflow/example_dags/example_branch_python_dop_operator_3.py
[2024-04-25T23:40:28.964+0000] {processor.py:840} INFO - DAG(s) 'example_branch_dop_operator_v3' retrieved from /home/airflow/.local/lib/python3.12/site-packages/airflow/example_dags/example_branch_python_dop_operator_3.py
[2024-04-25T23:40:28.983+0000] {logging_mixin.py:188} INFO - [2024-04-25T23:40:28.983+0000] {dag.py:3096} INFO - Sync 1 DAGs
[2024-04-25T23:40:29.006+0000] {logging_mixin.py:188} INFO - [2024-04-25T23:40:29.005+0000] {dag.py:3954} INFO - Setting next_dagrun for example_branch_dop_operator_v3 to 2024-04-25 23:39:00+00:00, run_after=2024-04-25 23:40:00+00:00
[2024-04-25T23:40:29.026+0000] {processor.py:183} INFO - Processing /home/airflow/.local/lib/python3.12/site-packages/airflow/example_dags/example_branch_python_dop_operator_3.py took 0.077 seconds
[2024-04-25T23:40:59.265+0000] {processor.py:161} INFO - Started process (PID=594) to work on /home/airflow/.local/lib/python3.12/site-packages/airflow/example_dags/example_branch_python_dop_operator_3.py
[2024-04-25T23:40:59.266+0000] {processor.py:830} INFO - Processing file /home/airflow/.local/lib/python3.12/site-packages/airflow/example_dags/example_branch_python_dop_operator_3.py for tasks to queue
[2024-04-25T23:40:59.268+0000] {logging_mixin.py:188} INFO - [2024-04-25T23:40:59.268+0000] {dagbag.py:540} INFO - Filling up the DagBag from /home/airflow/.local/lib/python3.12/site-packages/airflow/example_dags/example_branch_python_dop_operator_3.py
[2024-04-25T23:40:59.278+0000] {processor.py:840} INFO - DAG(s) 'example_branch_dop_operator_v3' retrieved from /home/airflow/.local/lib/python3.12/site-packages/airflow/example_dags/example_branch_python_dop_operator_3.py
[2024-04-25T23:40:59.298+0000] {logging_mixin.py:188} INFO - [2024-04-25T23:40:59.298+0000] {dag.py:3096} INFO - Sync 1 DAGs
[2024-04-25T23:40:59.321+0000] {logging_mixin.py:188} INFO - [2024-04-25T23:40:59.321+0000] {dag.py:3954} INFO - Setting next_dagrun for example_branch_dop_operator_v3 to 2024-04-25 23:39:00+00:00, run_after=2024-04-25 23:40:00+00:00
[2024-04-25T23:40:59.342+0000] {processor.py:183} INFO - Processing /home/airflow/.local/lib/python3.12/site-packages/airflow/example_dags/example_branch_python_dop_operator_3.py took 0.083 seconds
[2024-04-25T23:41:29.987+0000] {processor.py:161} INFO - Started process (PID=653) to work on /home/airflow/.local/lib/python3.12/site-packages/airflow/example_dags/example_branch_python_dop_operator_3.py
[2024-04-25T23:41:29.988+0000] {processor.py:830} INFO - Processing file /home/airflow/.local/lib/python3.12/site-packages/airflow/example_dags/example_branch_python_dop_operator_3.py for tasks to queue
[2024-04-25T23:41:29.990+0000] {logging_mixin.py:188} INFO - [2024-04-25T23:41:29.990+0000] {dagbag.py:540} INFO - Filling up the DagBag from /home/airflow/.local/lib/python3.12/site-packages/airflow/example_dags/example_branch_python_dop_operator_3.py
[2024-04-25T23:41:30.000+0000] {processor.py:840} INFO - DAG(s) 'example_branch_dop_operator_v3' retrieved from /home/airflow/.local/lib/python3.12/site-packages/airflow/example_dags/example_branch_python_dop_operator_3.py
[2024-04-25T23:41:30.023+0000] {logging_mixin.py:188} INFO - [2024-04-25T23:41:30.022+0000] {dag.py:3096} INFO - Sync 1 DAGs
[2024-04-25T23:41:30.059+0000] {logging_mixin.py:188} INFO - [2024-04-25T23:41:30.059+0000] {dag.py:3954} INFO - Setting next_dagrun for example_branch_dop_operator_v3 to 2024-04-25 23:40:00+00:00, run_after=2024-04-25 23:41:00+00:00
[2024-04-25T23:41:30.090+0000] {processor.py:183} INFO - Processing /home/airflow/.local/lib/python3.12/site-packages/airflow/example_dags/example_branch_python_dop_operator_3.py took 0.109 seconds
[2024-04-25T23:42:00.352+0000] {processor.py:161} INFO - Started process (PID=712) to work on /home/airflow/.local/lib/python3.12/site-packages/airflow/example_dags/example_branch_python_dop_operator_3.py
[2024-04-25T23:42:00.353+0000] {processor.py:830} INFO - Processing file /home/airflow/.local/lib/python3.12/site-packages/airflow/example_dags/example_branch_python_dop_operator_3.py for tasks to queue
[2024-04-25T23:42:00.355+0000] {logging_mixin.py:188} INFO - [2024-04-25T23:42:00.355+0000] {dagbag.py:540} INFO - Filling up the DagBag from /home/airflow/.local/lib/python3.12/site-packages/airflow/example_dags/example_branch_python_dop_operator_3.py
[2024-04-25T23:42:00.362+0000] {processor.py:840} INFO - DAG(s) 'example_branch_dop_operator_v3' retrieved from /home/airflow/.local/lib/python3.12/site-packages/airflow/example_dags/example_branch_python_dop_operator_3.py
[2024-04-25T23:42:00.381+0000] {logging_mixin.py:188} INFO - [2024-04-25T23:42:00.381+0000] {dag.py:3096} INFO - Sync 1 DAGs
[2024-04-25T23:42:00.404+0000] {logging_mixin.py:188} INFO - [2024-04-25T23:42:00.404+0000] {dag.py:3954} INFO - Setting next_dagrun for example_branch_dop_operator_v3 to 2024-04-25 23:41:00+00:00, run_after=2024-04-25 23:42:00+00:00
[2024-04-25T23:42:00.423+0000] {processor.py:183} INFO - Processing /home/airflow/.local/lib/python3.12/site-packages/airflow/example_dags/example_branch_python_dop_operator_3.py took 0.076 seconds
[2024-04-25T23:42:30.711+0000] {processor.py:161} INFO - Started process (PID=772) to work on /home/airflow/.local/lib/python3.12/site-packages/airflow/example_dags/example_branch_python_dop_operator_3.py
[2024-04-25T23:42:30.712+0000] {processor.py:830} INFO - Processing file /home/airflow/.local/lib/python3.12/site-packages/airflow/example_dags/example_branch_python_dop_operator_3.py for tasks to queue
[2024-04-25T23:42:30.713+0000] {logging_mixin.py:188} INFO - [2024-04-25T23:42:30.713+0000] {dagbag.py:540} INFO - Filling up the DagBag from /home/airflow/.local/lib/python3.12/site-packages/airflow/example_dags/example_branch_python_dop_operator_3.py
[2024-04-25T23:42:30.720+0000] {processor.py:840} INFO - DAG(s) 'example_branch_dop_operator_v3' retrieved from /home/airflow/.local/lib/python3.12/site-packages/airflow/example_dags/example_branch_python_dop_operator_3.py
[2024-04-25T23:42:30.737+0000] {logging_mixin.py:188} INFO - [2024-04-25T23:42:30.737+0000] {dag.py:3096} INFO - Sync 1 DAGs
[2024-04-25T23:42:30.756+0000] {logging_mixin.py:188} INFO - [2024-04-25T23:42:30.756+0000] {dag.py:3954} INFO - Setting next_dagrun for example_branch_dop_operator_v3 to 2024-04-25 23:41:00+00:00, run_after=2024-04-25 23:42:00+00:00
[2024-04-25T23:42:30.773+0000] {processor.py:183} INFO - Processing /home/airflow/.local/lib/python3.12/site-packages/airflow/example_dags/example_branch_python_dop_operator_3.py took 0.067 seconds
[2024-04-25T23:43:01.218+0000] {processor.py:161} INFO - Started process (PID=831) to work on /home/airflow/.local/lib/python3.12/site-packages/airflow/example_dags/example_branch_python_dop_operator_3.py
[2024-04-25T23:43:01.219+0000] {processor.py:830} INFO - Processing file /home/airflow/.local/lib/python3.12/site-packages/airflow/example_dags/example_branch_python_dop_operator_3.py for tasks to queue
[2024-04-25T23:43:01.221+0000] {logging_mixin.py:188} INFO - [2024-04-25T23:43:01.220+0000] {dagbag.py:540} INFO - Filling up the DagBag from /home/airflow/.local/lib/python3.12/site-packages/airflow/example_dags/example_branch_python_dop_operator_3.py
[2024-04-25T23:43:01.228+0000] {processor.py:840} INFO - DAG(s) 'example_branch_dop_operator_v3' retrieved from /home/airflow/.local/lib/python3.12/site-packages/airflow/example_dags/example_branch_python_dop_operator_3.py
[2024-04-25T23:43:01.255+0000] {logging_mixin.py:188} INFO - [2024-04-25T23:43:01.255+0000] {dag.py:3096} INFO - Sync 1 DAGs
[2024-04-25T23:43:01.281+0000] {logging_mixin.py:188} INFO - [2024-04-25T23:43:01.281+0000] {dag.py:3954} INFO - Setting next_dagrun for example_branch_dop_operator_v3 to 2024-04-25 23:42:00+00:00, run_after=2024-04-25 23:43:00+00:00
[2024-04-25T23:43:01.302+0000] {processor.py:183} INFO - Processing /home/airflow/.local/lib/python3.12/site-packages/airflow/example_dags/example_branch_python_dop_operator_3.py took 0.090 seconds
[2024-04-25T23:43:32.116+0000] {processor.py:161} INFO - Started process (PID=890) to work on /home/airflow/.local/lib/python3.12/site-packages/airflow/example_dags/example_branch_python_dop_operator_3.py
[2024-04-25T23:43:32.117+0000] {processor.py:830} INFO - Processing file /home/airflow/.local/lib/python3.12/site-packages/airflow/example_dags/example_branch_python_dop_operator_3.py for tasks to queue
[2024-04-25T23:43:32.121+0000] {logging_mixin.py:188} INFO - [2024-04-25T23:43:32.120+0000] {dagbag.py:540} INFO - Filling up the DagBag from /home/airflow/.local/lib/python3.12/site-packages/airflow/example_dags/example_branch_python_dop_operator_3.py
[2024-04-25T23:43:32.130+0000] {processor.py:840} INFO - DAG(s) 'example_branch_dop_operator_v3' retrieved from /home/airflow/.local/lib/python3.12/site-packages/airflow/example_dags/example_branch_python_dop_operator_3.py
[2024-04-25T23:43:32.157+0000] {logging_mixin.py:188} INFO - [2024-04-25T23:43:32.157+0000] {dag.py:3096} INFO - Sync 1 DAGs
[2024-04-25T23:43:32.188+0000] {logging_mixin.py:188} INFO - [2024-04-25T23:43:32.187+0000] {dag.py:3954} INFO - Setting next_dagrun for example_branch_dop_operator_v3 to 2024-04-25 23:42:00+00:00, run_after=2024-04-25 23:43:00+00:00
[2024-04-25T23:43:32.221+0000] {processor.py:183} INFO - Processing /home/airflow/.local/lib/python3.12/site-packages/airflow/example_dags/example_branch_python_dop_operator_3.py took 0.112 seconds
[2024-04-25T23:44:02.455+0000] {processor.py:161} INFO - Started process (PID=949) to work on /home/airflow/.local/lib/python3.12/site-packages/airflow/example_dags/example_branch_python_dop_operator_3.py
[2024-04-25T23:44:02.456+0000] {processor.py:830} INFO - Processing file /home/airflow/.local/lib/python3.12/site-packages/airflow/example_dags/example_branch_python_dop_operator_3.py for tasks to queue
[2024-04-25T23:44:02.458+0000] {logging_mixin.py:188} INFO - [2024-04-25T23:44:02.458+0000] {dagbag.py:540} INFO - Filling up the DagBag from /home/airflow/.local/lib/python3.12/site-packages/airflow/example_dags/example_branch_python_dop_operator_3.py
[2024-04-25T23:44:02.465+0000] {processor.py:840} INFO - DAG(s) 'example_branch_dop_operator_v3' retrieved from /home/airflow/.local/lib/python3.12/site-packages/airflow/example_dags/example_branch_python_dop_operator_3.py
[2024-04-25T23:44:02.484+0000] {logging_mixin.py:188} INFO - [2024-04-25T23:44:02.483+0000] {dag.py:3096} INFO - Sync 1 DAGs
[2024-04-25T23:44:02.507+0000] {logging_mixin.py:188} INFO - [2024-04-25T23:44:02.507+0000] {dag.py:3954} INFO - Setting next_dagrun for example_branch_dop_operator_v3 to 2024-04-25 23:43:00+00:00, run_after=2024-04-25 23:44:00+00:00
[2024-04-25T23:44:02.526+0000] {processor.py:183} INFO - Processing /home/airflow/.local/lib/python3.12/site-packages/airflow/example_dags/example_branch_python_dop_operator_3.py took 0.075 seconds
[2024-04-25T23:44:33.085+0000] {processor.py:161} INFO - Started process (PID=1008) to work on /home/airflow/.local/lib/python3.12/site-packages/airflow/example_dags/example_branch_python_dop_operator_3.py
[2024-04-25T23:44:33.087+0000] {processor.py:830} INFO - Processing file /home/airflow/.local/lib/python3.12/site-packages/airflow/example_dags/example_branch_python_dop_operator_3.py for tasks to queue
[2024-04-25T23:44:33.088+0000] {logging_mixin.py:188} INFO - [2024-04-25T23:44:33.088+0000] {dagbag.py:540} INFO - Filling up the DagBag from /home/airflow/.local/lib/python3.12/site-packages/airflow/example_dags/example_branch_python_dop_operator_3.py
[2024-04-25T23:44:33.095+0000] {processor.py:840} INFO - DAG(s) 'example_branch_dop_operator_v3' retrieved from /home/airflow/.local/lib/python3.12/site-packages/airflow/example_dags/example_branch_python_dop_operator_3.py
[2024-04-25T23:44:33.113+0000] {logging_mixin.py:188} INFO - [2024-04-25T23:44:33.113+0000] {dag.py:3096} INFO - Sync 1 DAGs
[2024-04-25T23:44:33.136+0000] {logging_mixin.py:188} INFO - [2024-04-25T23:44:33.136+0000] {dag.py:3954} INFO - Setting next_dagrun for example_branch_dop_operator_v3 to 2024-04-25 23:43:00+00:00, run_after=2024-04-25 23:44:00+00:00
[2024-04-25T23:44:33.154+0000] {processor.py:183} INFO - Processing /home/airflow/.local/lib/python3.12/site-packages/airflow/example_dags/example_branch_python_dop_operator_3.py took 0.074 seconds
[2024-04-25T23:45:04.006+0000] {processor.py:161} INFO - Started process (PID=1073) to work on /home/airflow/.local/lib/python3.12/site-packages/airflow/example_dags/example_branch_python_dop_operator_3.py
[2024-04-25T23:45:04.007+0000] {processor.py:830} INFO - Processing file /home/airflow/.local/lib/python3.12/site-packages/airflow/example_dags/example_branch_python_dop_operator_3.py for tasks to queue
[2024-04-25T23:45:04.009+0000] {logging_mixin.py:188} INFO - [2024-04-25T23:45:04.009+0000] {dagbag.py:540} INFO - Filling up the DagBag from /home/airflow/.local/lib/python3.12/site-packages/airflow/example_dags/example_branch_python_dop_operator_3.py
[2024-04-25T23:45:04.016+0000] {processor.py:840} INFO - DAG(s) 'example_branch_dop_operator_v3' retrieved from /home/airflow/.local/lib/python3.12/site-packages/airflow/example_dags/example_branch_python_dop_operator_3.py
[2024-04-25T23:45:04.037+0000] {logging_mixin.py:188} INFO - [2024-04-25T23:45:04.036+0000] {dag.py:3096} INFO - Sync 1 DAGs
[2024-04-25T23:45:04.075+0000] {logging_mixin.py:188} INFO - [2024-04-25T23:45:04.075+0000] {dag.py:3954} INFO - Setting next_dagrun for example_branch_dop_operator_v3 to 2024-04-25 23:44:00+00:00, run_after=2024-04-25 23:45:00+00:00
[2024-04-25T23:45:04.097+0000] {processor.py:183} INFO - Processing /home/airflow/.local/lib/python3.12/site-packages/airflow/example_dags/example_branch_python_dop_operator_3.py took 0.096 seconds
[2024-04-25T23:45:34.632+0000] {processor.py:161} INFO - Started process (PID=1132) to work on /home/airflow/.local/lib/python3.12/site-packages/airflow/example_dags/example_branch_python_dop_operator_3.py
[2024-04-25T23:45:34.633+0000] {processor.py:830} INFO - Processing file /home/airflow/.local/lib/python3.12/site-packages/airflow/example_dags/example_branch_python_dop_operator_3.py for tasks to queue
[2024-04-25T23:45:34.635+0000] {logging_mixin.py:188} INFO - [2024-04-25T23:45:34.634+0000] {dagbag.py:540} INFO - Filling up the DagBag from /home/airflow/.local/lib/python3.12/site-packages/airflow/example_dags/example_branch_python_dop_operator_3.py
[2024-04-25T23:45:34.644+0000] {processor.py:840} INFO - DAG(s) 'example_branch_dop_operator_v3' retrieved from /home/airflow/.local/lib/python3.12/site-packages/airflow/example_dags/example_branch_python_dop_operator_3.py
[2024-04-25T23:45:34.664+0000] {logging_mixin.py:188} INFO - [2024-04-25T23:45:34.664+0000] {dag.py:3096} INFO - Sync 1 DAGs
[2024-04-25T23:45:34.687+0000] {logging_mixin.py:188} INFO - [2024-04-25T23:45:34.687+0000] {dag.py:3954} INFO - Setting next_dagrun for example_branch_dop_operator_v3 to 2024-04-25 23:44:00+00:00, run_after=2024-04-25 23:45:00+00:00
[2024-04-25T23:45:34.711+0000] {processor.py:183} INFO - Processing /home/airflow/.local/lib/python3.12/site-packages/airflow/example_dags/example_branch_python_dop_operator_3.py took 0.084 seconds
[2024-04-25T23:46:05.512+0000] {processor.py:161} INFO - Started process (PID=1191) to work on /home/airflow/.local/lib/python3.12/site-packages/airflow/example_dags/example_branch_python_dop_operator_3.py
[2024-04-25T23:46:05.513+0000] {processor.py:830} INFO - Processing file /home/airflow/.local/lib/python3.12/site-packages/airflow/example_dags/example_branch_python_dop_operator_3.py for tasks to queue
[2024-04-25T23:46:05.515+0000] {logging_mixin.py:188} INFO - [2024-04-25T23:46:05.515+0000] {dagbag.py:540} INFO - Filling up the DagBag from /home/airflow/.local/lib/python3.12/site-packages/airflow/example_dags/example_branch_python_dop_operator_3.py
[2024-04-25T23:46:05.522+0000] {processor.py:840} INFO - DAG(s) 'example_branch_dop_operator_v3' retrieved from /home/airflow/.local/lib/python3.12/site-packages/airflow/example_dags/example_branch_python_dop_operator_3.py
[2024-04-25T23:46:05.541+0000] {logging_mixin.py:188} INFO - [2024-04-25T23:46:05.540+0000] {dag.py:3096} INFO - Sync 1 DAGs
[2024-04-25T23:46:05.692+0000] {logging_mixin.py:188} INFO - [2024-04-25T23:46:05.691+0000] {dag.py:3954} INFO - Setting next_dagrun for example_branch_dop_operator_v3 to 2024-04-25 23:45:00+00:00, run_after=2024-04-25 23:46:00+00:00
[2024-04-25T23:46:05.709+0000] {processor.py:183} INFO - Processing /home/airflow/.local/lib/python3.12/site-packages/airflow/example_dags/example_branch_python_dop_operator_3.py took 0.203 seconds
[2024-04-25T23:46:36.186+0000] {processor.py:161} INFO - Started process (PID=1250) to work on /home/airflow/.local/lib/python3.12/site-packages/airflow/example_dags/example_branch_python_dop_operator_3.py
[2024-04-25T23:46:36.187+0000] {processor.py:830} INFO - Processing file /home/airflow/.local/lib/python3.12/site-packages/airflow/example_dags/example_branch_python_dop_operator_3.py for tasks to queue
[2024-04-25T23:46:36.189+0000] {logging_mixin.py:188} INFO - [2024-04-25T23:46:36.189+0000] {dagbag.py:540} INFO - Filling up the DagBag from /home/airflow/.local/lib/python3.12/site-packages/airflow/example_dags/example_branch_python_dop_operator_3.py
[2024-04-25T23:46:36.197+0000] {processor.py:840} INFO - DAG(s) 'example_branch_dop_operator_v3' retrieved from /home/airflow/.local/lib/python3.12/site-packages/airflow/example_dags/example_branch_python_dop_operator_3.py
[2024-04-25T23:46:36.214+0000] {logging_mixin.py:188} INFO - [2024-04-25T23:46:36.214+0000] {dag.py:3096} INFO - Sync 1 DAGs
[2024-04-25T23:46:36.234+0000] {logging_mixin.py:188} INFO - [2024-04-25T23:46:36.234+0000] {dag.py:3954} INFO - Setting next_dagrun for example_branch_dop_operator_v3 to 2024-04-25 23:45:00+00:00, run_after=2024-04-25 23:46:00+00:00
[2024-04-25T23:46:36.253+0000] {processor.py:183} INFO - Processing /home/airflow/.local/lib/python3.12/site-packages/airflow/example_dags/example_branch_python_dop_operator_3.py took 0.072 seconds
[2024-04-25T23:47:06.720+0000] {processor.py:161} INFO - Started process (PID=1308) to work on /home/airflow/.local/lib/python3.12/site-packages/airflow/example_dags/example_branch_python_dop_operator_3.py
[2024-04-25T23:47:06.721+0000] {processor.py:830} INFO - Processing file /home/airflow/.local/lib/python3.12/site-packages/airflow/example_dags/example_branch_python_dop_operator_3.py for tasks to queue
[2024-04-25T23:47:06.723+0000] {logging_mixin.py:188} INFO - [2024-04-25T23:47:06.723+0000] {dagbag.py:540} INFO - Filling up the DagBag from /home/airflow/.local/lib/python3.12/site-packages/airflow/example_dags/example_branch_python_dop_operator_3.py
[2024-04-25T23:47:06.733+0000] {processor.py:840} INFO - DAG(s) 'example_branch_dop_operator_v3' retrieved from /home/airflow/.local/lib/python3.12/site-packages/airflow/example_dags/example_branch_python_dop_operator_3.py
[2024-04-25T23:47:06.752+0000] {logging_mixin.py:188} INFO - [2024-04-25T23:47:06.752+0000] {dag.py:3096} INFO - Sync 1 DAGs
[2024-04-25T23:47:06.782+0000] {logging_mixin.py:188} INFO - [2024-04-25T23:47:06.781+0000] {dag.py:3954} INFO - Setting next_dagrun for example_branch_dop_operator_v3 to 2024-04-25 23:46:00+00:00, run_after=2024-04-25 23:47:00+00:00
[2024-04-25T23:47:06.803+0000] {processor.py:183} INFO - Processing /home/airflow/.local/lib/python3.12/site-packages/airflow/example_dags/example_branch_python_dop_operator_3.py took 0.089 seconds
[2024-04-25T23:47:36.928+0000] {processor.py:161} INFO - Started process (PID=1367) to work on /home/airflow/.local/lib/python3.12/site-packages/airflow/example_dags/example_branch_python_dop_operator_3.py
[2024-04-25T23:47:36.929+0000] {processor.py:830} INFO - Processing file /home/airflow/.local/lib/python3.12/site-packages/airflow/example_dags/example_branch_python_dop_operator_3.py for tasks to queue
[2024-04-25T23:47:36.932+0000] {logging_mixin.py:188} INFO - [2024-04-25T23:47:36.931+0000] {dagbag.py:540} INFO - Filling up the DagBag from /home/airflow/.local/lib/python3.12/site-packages/airflow/example_dags/example_branch_python_dop_operator_3.py
[2024-04-25T23:47:36.940+0000] {processor.py:840} INFO - DAG(s) 'example_branch_dop_operator_v3' retrieved from /home/airflow/.local/lib/python3.12/site-packages/airflow/example_dags/example_branch_python_dop_operator_3.py
[2024-04-25T23:47:36.963+0000] {logging_mixin.py:188} INFO - [2024-04-25T23:47:36.962+0000] {dag.py:3096} INFO - Sync 1 DAGs
[2024-04-25T23:47:36.987+0000] {logging_mixin.py:188} INFO - [2024-04-25T23:47:36.987+0000] {dag.py:3954} INFO - Setting next_dagrun for example_branch_dop_operator_v3 to 2024-04-25 23:46:00+00:00, run_after=2024-04-25 23:47:00+00:00
[2024-04-25T23:47:37.016+0000] {processor.py:183} INFO - Processing /home/airflow/.local/lib/python3.12/site-packages/airflow/example_dags/example_branch_python_dop_operator_3.py took 0.096 seconds
[2024-04-25T23:48:07.279+0000] {processor.py:161} INFO - Started process (PID=1426) to work on /home/airflow/.local/lib/python3.12/site-packages/airflow/example_dags/example_branch_python_dop_operator_3.py
[2024-04-25T23:48:07.280+0000] {processor.py:830} INFO - Processing file /home/airflow/.local/lib/python3.12/site-packages/airflow/example_dags/example_branch_python_dop_operator_3.py for tasks to queue
[2024-04-25T23:48:07.282+0000] {logging_mixin.py:188} INFO - [2024-04-25T23:48:07.282+0000] {dagbag.py:540} INFO - Filling up the DagBag from /home/airflow/.local/lib/python3.12/site-packages/airflow/example_dags/example_branch_python_dop_operator_3.py
[2024-04-25T23:48:07.290+0000] {processor.py:840} INFO - DAG(s) 'example_branch_dop_operator_v3' retrieved from /home/airflow/.local/lib/python3.12/site-packages/airflow/example_dags/example_branch_python_dop_operator_3.py
[2024-04-25T23:48:07.308+0000] {logging_mixin.py:188} INFO - [2024-04-25T23:48:07.308+0000] {dag.py:3096} INFO - Sync 1 DAGs
[2024-04-25T23:48:07.332+0000] {logging_mixin.py:188} INFO - [2024-04-25T23:48:07.332+0000] {dag.py:3954} INFO - Setting next_dagrun for example_branch_dop_operator_v3 to 2024-04-25 23:47:00+00:00, run_after=2024-04-25 23:48:00+00:00
[2024-04-25T23:48:07.352+0000] {processor.py:183} INFO - Processing /home/airflow/.local/lib/python3.12/site-packages/airflow/example_dags/example_branch_python_dop_operator_3.py took 0.077 seconds
[2024-04-25T23:48:38.267+0000] {processor.py:161} INFO - Started process (PID=1486) to work on /home/airflow/.local/lib/python3.12/site-packages/airflow/example_dags/example_branch_python_dop_operator_3.py
[2024-04-25T23:48:38.273+0000] {processor.py:830} INFO - Processing file /home/airflow/.local/lib/python3.12/site-packages/airflow/example_dags/example_branch_python_dop_operator_3.py for tasks to queue
[2024-04-25T23:48:38.284+0000] {logging_mixin.py:188} INFO - [2024-04-25T23:48:38.280+0000] {dagbag.py:540} INFO - Filling up the DagBag from /home/airflow/.local/lib/python3.12/site-packages/airflow/example_dags/example_branch_python_dop_operator_3.py
[2024-04-25T23:48:38.298+0000] {processor.py:840} INFO - DAG(s) 'example_branch_dop_operator_v3' retrieved from /home/airflow/.local/lib/python3.12/site-packages/airflow/example_dags/example_branch_python_dop_operator_3.py
[2024-04-25T23:48:38.322+0000] {logging_mixin.py:188} INFO - [2024-04-25T23:48:38.322+0000] {dag.py:3096} INFO - Sync 1 DAGs
[2024-04-25T23:48:38.349+0000] {logging_mixin.py:188} INFO - [2024-04-25T23:48:38.349+0000] {dag.py:3954} INFO - Setting next_dagrun for example_branch_dop_operator_v3 to 2024-04-25 23:47:00+00:00, run_after=2024-04-25 23:48:00+00:00
[2024-04-25T23:48:38.371+0000] {processor.py:183} INFO - Processing /home/airflow/.local/lib/python3.12/site-packages/airflow/example_dags/example_branch_python_dop_operator_3.py took 0.131 seconds
[2024-04-25T23:49:08.929+0000] {processor.py:161} INFO - Started process (PID=1545) to work on /home/airflow/.local/lib/python3.12/site-packages/airflow/example_dags/example_branch_python_dop_operator_3.py
[2024-04-25T23:49:08.930+0000] {processor.py:830} INFO - Processing file /home/airflow/.local/lib/python3.12/site-packages/airflow/example_dags/example_branch_python_dop_operator_3.py for tasks to queue
[2024-04-25T23:49:08.932+0000] {logging_mixin.py:188} INFO - [2024-04-25T23:49:08.932+0000] {dagbag.py:540} INFO - Filling up the DagBag from /home/airflow/.local/lib/python3.12/site-packages/airflow/example_dags/example_branch_python_dop_operator_3.py
[2024-04-25T23:49:08.940+0000] {processor.py:840} INFO - DAG(s) 'example_branch_dop_operator_v3' retrieved from /home/airflow/.local/lib/python3.12/site-packages/airflow/example_dags/example_branch_python_dop_operator_3.py
[2024-04-25T23:49:08.965+0000] {logging_mixin.py:188} INFO - [2024-04-25T23:49:08.965+0000] {dag.py:3096} INFO - Sync 1 DAGs
[2024-04-25T23:49:08.993+0000] {logging_mixin.py:188} INFO - [2024-04-25T23:49:08.992+0000] {dag.py:3954} INFO - Setting next_dagrun for example_branch_dop_operator_v3 to 2024-04-25 23:48:00+00:00, run_after=2024-04-25 23:49:00+00:00
[2024-04-25T23:49:09.016+0000] {processor.py:183} INFO - Processing /home/airflow/.local/lib/python3.12/site-packages/airflow/example_dags/example_branch_python_dop_operator_3.py took 0.094 seconds
[2024-04-25T23:49:39.485+0000] {processor.py:161} INFO - Started process (PID=1604) to work on /home/airflow/.local/lib/python3.12/site-packages/airflow/example_dags/example_branch_python_dop_operator_3.py
[2024-04-25T23:49:39.486+0000] {processor.py:830} INFO - Processing file /home/airflow/.local/lib/python3.12/site-packages/airflow/example_dags/example_branch_python_dop_operator_3.py for tasks to queue
[2024-04-25T23:49:39.488+0000] {logging_mixin.py:188} INFO - [2024-04-25T23:49:39.488+0000] {dagbag.py:540} INFO - Filling up the DagBag from /home/airflow/.local/lib/python3.12/site-packages/airflow/example_dags/example_branch_python_dop_operator_3.py
[2024-04-25T23:49:39.499+0000] {processor.py:840} INFO - DAG(s) 'example_branch_dop_operator_v3' retrieved from /home/airflow/.local/lib/python3.12/site-packages/airflow/example_dags/example_branch_python_dop_operator_3.py
[2024-04-25T23:49:39.521+0000] {logging_mixin.py:188} INFO - [2024-04-25T23:49:39.521+0000] {dag.py:3096} INFO - Sync 1 DAGs
[2024-04-25T23:49:39.547+0000] {logging_mixin.py:188} INFO - [2024-04-25T23:49:39.547+0000] {dag.py:3954} INFO - Setting next_dagrun for example_branch_dop_operator_v3 to 2024-04-25 23:48:00+00:00, run_after=2024-04-25 23:49:00+00:00
[2024-04-25T23:49:39.572+0000] {processor.py:183} INFO - Processing /home/airflow/.local/lib/python3.12/site-packages/airflow/example_dags/example_branch_python_dop_operator_3.py took 0.093 seconds
[2024-04-25T23:50:09.950+0000] {processor.py:161} INFO - Started process (PID=1663) to work on /home/airflow/.local/lib/python3.12/site-packages/airflow/example_dags/example_branch_python_dop_operator_3.py
[2024-04-25T23:50:09.951+0000] {processor.py:830} INFO - Processing file /home/airflow/.local/lib/python3.12/site-packages/airflow/example_dags/example_branch_python_dop_operator_3.py for tasks to queue
[2024-04-25T23:50:09.954+0000] {logging_mixin.py:188} INFO - [2024-04-25T23:50:09.953+0000] {dagbag.py:540} INFO - Filling up the DagBag from /home/airflow/.local/lib/python3.12/site-packages/airflow/example_dags/example_branch_python_dop_operator_3.py
[2024-04-25T23:50:09.962+0000] {processor.py:840} INFO - DAG(s) 'example_branch_dop_operator_v3' retrieved from /home/airflow/.local/lib/python3.12/site-packages/airflow/example_dags/example_branch_python_dop_operator_3.py
[2024-04-25T23:50:09.981+0000] {logging_mixin.py:188} INFO - [2024-04-25T23:50:09.980+0000] {dag.py:3096} INFO - Sync 1 DAGs
[2024-04-25T23:50:10.007+0000] {logging_mixin.py:188} INFO - [2024-04-25T23:50:10.007+0000] {dag.py:3954} INFO - Setting next_dagrun for example_branch_dop_operator_v3 to 2024-04-25 23:49:00+00:00, run_after=2024-04-25 23:50:00+00:00
[2024-04-25T23:50:10.025+0000] {processor.py:183} INFO - Processing /home/airflow/.local/lib/python3.12/site-packages/airflow/example_dags/example_branch_python_dop_operator_3.py took 0.082 seconds
[2024-04-25T23:50:40.369+0000] {processor.py:161} INFO - Started process (PID=1722) to work on /home/airflow/.local/lib/python3.12/site-packages/airflow/example_dags/example_branch_python_dop_operator_3.py
[2024-04-25T23:50:40.370+0000] {processor.py:830} INFO - Processing file /home/airflow/.local/lib/python3.12/site-packages/airflow/example_dags/example_branch_python_dop_operator_3.py for tasks to queue
[2024-04-25T23:50:40.372+0000] {logging_mixin.py:188} INFO - [2024-04-25T23:50:40.372+0000] {dagbag.py:540} INFO - Filling up the DagBag from /home/airflow/.local/lib/python3.12/site-packages/airflow/example_dags/example_branch_python_dop_operator_3.py
[2024-04-25T23:50:40.379+0000] {processor.py:840} INFO - DAG(s) 'example_branch_dop_operator_v3' retrieved from /home/airflow/.local/lib/python3.12/site-packages/airflow/example_dags/example_branch_python_dop_operator_3.py
[2024-04-25T23:50:40.398+0000] {logging_mixin.py:188} INFO - [2024-04-25T23:50:40.397+0000] {dag.py:3096} INFO - Sync 1 DAGs
[2024-04-25T23:50:40.420+0000] {logging_mixin.py:188} INFO - [2024-04-25T23:50:40.420+0000] {dag.py:3954} INFO - Setting next_dagrun for example_branch_dop_operator_v3 to 2024-04-25 23:49:00+00:00, run_after=2024-04-25 23:50:00+00:00
[2024-04-25T23:50:40.438+0000] {processor.py:183} INFO - Processing /home/airflow/.local/lib/python3.12/site-packages/airflow/example_dags/example_branch_python_dop_operator_3.py took 0.074 seconds
[2024-04-25T23:51:10.628+0000] {processor.py:161} INFO - Started process (PID=1781) to work on /home/airflow/.local/lib/python3.12/site-packages/airflow/example_dags/example_branch_python_dop_operator_3.py
[2024-04-25T23:51:10.629+0000] {processor.py:830} INFO - Processing file /home/airflow/.local/lib/python3.12/site-packages/airflow/example_dags/example_branch_python_dop_operator_3.py for tasks to queue
[2024-04-25T23:51:10.631+0000] {logging_mixin.py:188} INFO - [2024-04-25T23:51:10.631+0000] {dagbag.py:540} INFO - Filling up the DagBag from /home/airflow/.local/lib/python3.12/site-packages/airflow/example_dags/example_branch_python_dop_operator_3.py
[2024-04-25T23:51:10.639+0000] {processor.py:840} INFO - DAG(s) 'example_branch_dop_operator_v3' retrieved from /home/airflow/.local/lib/python3.12/site-packages/airflow/example_dags/example_branch_python_dop_operator_3.py
[2024-04-25T23:51:10.656+0000] {logging_mixin.py:188} INFO - [2024-04-25T23:51:10.656+0000] {dag.py:3096} INFO - Sync 1 DAGs
[2024-04-25T23:51:10.677+0000] {logging_mixin.py:188} INFO - [2024-04-25T23:51:10.677+0000] {dag.py:3954} INFO - Setting next_dagrun for example_branch_dop_operator_v3 to 2024-04-25 23:50:00+00:00, run_after=2024-04-25 23:51:00+00:00
[2024-04-25T23:51:10.696+0000] {processor.py:183} INFO - Processing /home/airflow/.local/lib/python3.12/site-packages/airflow/example_dags/example_branch_python_dop_operator_3.py took 0.074 seconds
[2024-04-25T23:51:40.849+0000] {processor.py:161} INFO - Started process (PID=1840) to work on /home/airflow/.local/lib/python3.12/site-packages/airflow/example_dags/example_branch_python_dop_operator_3.py
[2024-04-25T23:51:40.850+0000] {processor.py:830} INFO - Processing file /home/airflow/.local/lib/python3.12/site-packages/airflow/example_dags/example_branch_python_dop_operator_3.py for tasks to queue
[2024-04-25T23:51:40.853+0000] {logging_mixin.py:188} INFO - [2024-04-25T23:51:40.852+0000] {dagbag.py:540} INFO - Filling up the DagBag from /home/airflow/.local/lib/python3.12/site-packages/airflow/example_dags/example_branch_python_dop_operator_3.py
[2024-04-25T23:51:40.862+0000] {processor.py:840} INFO - DAG(s) 'example_branch_dop_operator_v3' retrieved from /home/airflow/.local/lib/python3.12/site-packages/airflow/example_dags/example_branch_python_dop_operator_3.py
[2024-04-25T23:51:40.883+0000] {logging_mixin.py:188} INFO - [2024-04-25T23:51:40.883+0000] {dag.py:3096} INFO - Sync 1 DAGs
[2024-04-25T23:51:40.906+0000] {logging_mixin.py:188} INFO - [2024-04-25T23:51:40.906+0000] {dag.py:3954} INFO - Setting next_dagrun for example_branch_dop_operator_v3 to 2024-04-25 23:50:00+00:00, run_after=2024-04-25 23:51:00+00:00
[2024-04-25T23:51:40.930+0000] {processor.py:183} INFO - Processing /home/airflow/.local/lib/python3.12/site-packages/airflow/example_dags/example_branch_python_dop_operator_3.py took 0.086 seconds
[2024-04-25T23:52:10.962+0000] {processor.py:161} INFO - Started process (PID=1899) to work on /home/airflow/.local/lib/python3.12/site-packages/airflow/example_dags/example_branch_python_dop_operator_3.py
[2024-04-25T23:52:10.963+0000] {processor.py:830} INFO - Processing file /home/airflow/.local/lib/python3.12/site-packages/airflow/example_dags/example_branch_python_dop_operator_3.py for tasks to queue
[2024-04-25T23:52:10.965+0000] {logging_mixin.py:188} INFO - [2024-04-25T23:52:10.965+0000] {dagbag.py:540} INFO - Filling up the DagBag from /home/airflow/.local/lib/python3.12/site-packages/airflow/example_dags/example_branch_python_dop_operator_3.py
[2024-04-25T23:52:10.974+0000] {processor.py:840} INFO - DAG(s) 'example_branch_dop_operator_v3' retrieved from /home/airflow/.local/lib/python3.12/site-packages/airflow/example_dags/example_branch_python_dop_operator_3.py
[2024-04-25T23:52:10.992+0000] {logging_mixin.py:188} INFO - [2024-04-25T23:52:10.991+0000] {dag.py:3096} INFO - Sync 1 DAGs
[2024-04-25T23:52:11.014+0000] {logging_mixin.py:188} INFO - [2024-04-25T23:52:11.014+0000] {dag.py:3954} INFO - Setting next_dagrun for example_branch_dop_operator_v3 to 2024-04-25 23:51:00+00:00, run_after=2024-04-25 23:52:00+00:00
[2024-04-25T23:52:11.032+0000] {processor.py:183} INFO - Processing /home/airflow/.local/lib/python3.12/site-packages/airflow/example_dags/example_branch_python_dop_operator_3.py took 0.076 seconds
[2024-04-25T23:52:41.227+0000] {processor.py:161} INFO - Started process (PID=1958) to work on /home/airflow/.local/lib/python3.12/site-packages/airflow/example_dags/example_branch_python_dop_operator_3.py
[2024-04-25T23:52:41.228+0000] {processor.py:830} INFO - Processing file /home/airflow/.local/lib/python3.12/site-packages/airflow/example_dags/example_branch_python_dop_operator_3.py for tasks to queue
[2024-04-25T23:52:41.230+0000] {logging_mixin.py:188} INFO - [2024-04-25T23:52:41.230+0000] {dagbag.py:540} INFO - Filling up the DagBag from /home/airflow/.local/lib/python3.12/site-packages/airflow/example_dags/example_branch_python_dop_operator_3.py
[2024-04-25T23:52:41.238+0000] {processor.py:840} INFO - DAG(s) 'example_branch_dop_operator_v3' retrieved from /home/airflow/.local/lib/python3.12/site-packages/airflow/example_dags/example_branch_python_dop_operator_3.py
[2024-04-25T23:52:41.254+0000] {logging_mixin.py:188} INFO - [2024-04-25T23:52:41.254+0000] {dag.py:3096} INFO - Sync 1 DAGs
[2024-04-25T23:52:41.276+0000] {logging_mixin.py:188} INFO - [2024-04-25T23:52:41.276+0000] {dag.py:3954} INFO - Setting next_dagrun for example_branch_dop_operator_v3 to 2024-04-25 23:51:00+00:00, run_after=2024-04-25 23:52:00+00:00
[2024-04-25T23:52:41.294+0000] {processor.py:183} INFO - Processing /home/airflow/.local/lib/python3.12/site-packages/airflow/example_dags/example_branch_python_dop_operator_3.py took 0.072 seconds
[2024-04-25T23:53:11.423+0000] {processor.py:161} INFO - Started process (PID=2017) to work on /home/airflow/.local/lib/python3.12/site-packages/airflow/example_dags/example_branch_python_dop_operator_3.py
[2024-04-25T23:53:11.424+0000] {processor.py:830} INFO - Processing file /home/airflow/.local/lib/python3.12/site-packages/airflow/example_dags/example_branch_python_dop_operator_3.py for tasks to queue
[2024-04-25T23:53:11.426+0000] {logging_mixin.py:188} INFO - [2024-04-25T23:53:11.426+0000] {dagbag.py:540} INFO - Filling up the DagBag from /home/airflow/.local/lib/python3.12/site-packages/airflow/example_dags/example_branch_python_dop_operator_3.py
[2024-04-25T23:53:11.433+0000] {processor.py:840} INFO - DAG(s) 'example_branch_dop_operator_v3' retrieved from /home/airflow/.local/lib/python3.12/site-packages/airflow/example_dags/example_branch_python_dop_operator_3.py
[2024-04-25T23:53:11.454+0000] {logging_mixin.py:188} INFO - [2024-04-25T23:53:11.454+0000] {dag.py:3096} INFO - Sync 1 DAGs
[2024-04-25T23:53:11.480+0000] {logging_mixin.py:188} INFO - [2024-04-25T23:53:11.480+0000] {dag.py:3954} INFO - Setting next_dagrun for example_branch_dop_operator_v3 to 2024-04-25 23:52:00+00:00, run_after=2024-04-25 23:53:00+00:00
[2024-04-25T23:53:11.507+0000] {processor.py:183} INFO - Processing /home/airflow/.local/lib/python3.12/site-packages/airflow/example_dags/example_branch_python_dop_operator_3.py took 0.091 seconds
[2024-04-25T23:53:41.604+0000] {processor.py:161} INFO - Started process (PID=2076) to work on /home/airflow/.local/lib/python3.12/site-packages/airflow/example_dags/example_branch_python_dop_operator_3.py
[2024-04-25T23:53:41.605+0000] {processor.py:830} INFO - Processing file /home/airflow/.local/lib/python3.12/site-packages/airflow/example_dags/example_branch_python_dop_operator_3.py for tasks to queue
[2024-04-25T23:53:41.607+0000] {logging_mixin.py:188} INFO - [2024-04-25T23:53:41.607+0000] {dagbag.py:540} INFO - Filling up the DagBag from /home/airflow/.local/lib/python3.12/site-packages/airflow/example_dags/example_branch_python_dop_operator_3.py
[2024-04-25T23:53:41.616+0000] {processor.py:840} INFO - DAG(s) 'example_branch_dop_operator_v3' retrieved from /home/airflow/.local/lib/python3.12/site-packages/airflow/example_dags/example_branch_python_dop_operator_3.py
[2024-04-25T23:53:41.638+0000] {logging_mixin.py:188} INFO - [2024-04-25T23:53:41.637+0000] {dag.py:3096} INFO - Sync 1 DAGs
[2024-04-25T23:53:41.665+0000] {logging_mixin.py:188} INFO - [2024-04-25T23:53:41.665+0000] {dag.py:3954} INFO - Setting next_dagrun for example_branch_dop_operator_v3 to 2024-04-25 23:52:00+00:00, run_after=2024-04-25 23:53:00+00:00
[2024-04-25T23:53:41.705+0000] {processor.py:183} INFO - Processing /home/airflow/.local/lib/python3.12/site-packages/airflow/example_dags/example_branch_python_dop_operator_3.py took 0.107 seconds
[2024-04-25T23:54:11.841+0000] {processor.py:161} INFO - Started process (PID=2135) to work on /home/airflow/.local/lib/python3.12/site-packages/airflow/example_dags/example_branch_python_dop_operator_3.py
[2024-04-25T23:54:11.842+0000] {processor.py:830} INFO - Processing file /home/airflow/.local/lib/python3.12/site-packages/airflow/example_dags/example_branch_python_dop_operator_3.py for tasks to queue
[2024-04-25T23:54:11.845+0000] {logging_mixin.py:188} INFO - [2024-04-25T23:54:11.844+0000] {dagbag.py:540} INFO - Filling up the DagBag from /home/airflow/.local/lib/python3.12/site-packages/airflow/example_dags/example_branch_python_dop_operator_3.py
[2024-04-25T23:54:11.853+0000] {processor.py:840} INFO - DAG(s) 'example_branch_dop_operator_v3' retrieved from /home/airflow/.local/lib/python3.12/site-packages/airflow/example_dags/example_branch_python_dop_operator_3.py
[2024-04-25T23:54:11.870+0000] {logging_mixin.py:188} INFO - [2024-04-25T23:54:11.869+0000] {dag.py:3096} INFO - Sync 1 DAGs
[2024-04-25T23:54:11.892+0000] {logging_mixin.py:188} INFO - [2024-04-25T23:54:11.892+0000] {dag.py:3954} INFO - Setting next_dagrun for example_branch_dop_operator_v3 to 2024-04-25 23:53:00+00:00, run_after=2024-04-25 23:54:00+00:00
[2024-04-25T23:54:11.910+0000] {processor.py:183} INFO - Processing /home/airflow/.local/lib/python3.12/site-packages/airflow/example_dags/example_branch_python_dop_operator_3.py took 0.074 seconds
[2024-04-25T23:54:42.038+0000] {processor.py:161} INFO - Started process (PID=2194) to work on /home/airflow/.local/lib/python3.12/site-packages/airflow/example_dags/example_branch_python_dop_operator_3.py
[2024-04-25T23:54:42.039+0000] {processor.py:830} INFO - Processing file /home/airflow/.local/lib/python3.12/site-packages/airflow/example_dags/example_branch_python_dop_operator_3.py for tasks to queue
[2024-04-25T23:54:42.041+0000] {logging_mixin.py:188} INFO - [2024-04-25T23:54:42.041+0000] {dagbag.py:540} INFO - Filling up the DagBag from /home/airflow/.local/lib/python3.12/site-packages/airflow/example_dags/example_branch_python_dop_operator_3.py
[2024-04-25T23:54:42.050+0000] {processor.py:840} INFO - DAG(s) 'example_branch_dop_operator_v3' retrieved from /home/airflow/.local/lib/python3.12/site-packages/airflow/example_dags/example_branch_python_dop_operator_3.py
[2024-04-25T23:54:42.067+0000] {logging_mixin.py:188} INFO - [2024-04-25T23:54:42.067+0000] {dag.py:3096} INFO - Sync 1 DAGs
[2024-04-25T23:54:42.088+0000] {logging_mixin.py:188} INFO - [2024-04-25T23:54:42.088+0000] {dag.py:3954} INFO - Setting next_dagrun for example_branch_dop_operator_v3 to 2024-04-25 23:53:00+00:00, run_after=2024-04-25 23:54:00+00:00
[2024-04-25T23:54:42.105+0000] {processor.py:183} INFO - Processing /home/airflow/.local/lib/python3.12/site-packages/airflow/example_dags/example_branch_python_dop_operator_3.py took 0.073 seconds
[2024-04-25T23:55:12.211+0000] {processor.py:161} INFO - Started process (PID=2253) to work on /home/airflow/.local/lib/python3.12/site-packages/airflow/example_dags/example_branch_python_dop_operator_3.py
[2024-04-25T23:55:12.212+0000] {processor.py:830} INFO - Processing file /home/airflow/.local/lib/python3.12/site-packages/airflow/example_dags/example_branch_python_dop_operator_3.py for tasks to queue
[2024-04-25T23:55:12.214+0000] {logging_mixin.py:188} INFO - [2024-04-25T23:55:12.214+0000] {dagbag.py:540} INFO - Filling up the DagBag from /home/airflow/.local/lib/python3.12/site-packages/airflow/example_dags/example_branch_python_dop_operator_3.py
[2024-04-25T23:55:12.222+0000] {processor.py:840} INFO - DAG(s) 'example_branch_dop_operator_v3' retrieved from /home/airflow/.local/lib/python3.12/site-packages/airflow/example_dags/example_branch_python_dop_operator_3.py
[2024-04-25T23:55:12.238+0000] {logging_mixin.py:188} INFO - [2024-04-25T23:55:12.238+0000] {dag.py:3096} INFO - Sync 1 DAGs
[2024-04-25T23:55:12.262+0000] {logging_mixin.py:188} INFO - [2024-04-25T23:55:12.262+0000] {dag.py:3954} INFO - Setting next_dagrun for example_branch_dop_operator_v3 to 2024-04-25 23:54:00+00:00, run_after=2024-04-25 23:55:00+00:00
[2024-04-25T23:55:12.294+0000] {processor.py:183} INFO - Processing /home/airflow/.local/lib/python3.12/site-packages/airflow/example_dags/example_branch_python_dop_operator_3.py took 0.088 seconds
[2024-04-25T23:55:42.370+0000] {processor.py:161} INFO - Started process (PID=2312) to work on /home/airflow/.local/lib/python3.12/site-packages/airflow/example_dags/example_branch_python_dop_operator_3.py
[2024-04-25T23:55:42.371+0000] {processor.py:830} INFO - Processing file /home/airflow/.local/lib/python3.12/site-packages/airflow/example_dags/example_branch_python_dop_operator_3.py for tasks to queue
[2024-04-25T23:55:42.373+0000] {logging_mixin.py:188} INFO - [2024-04-25T23:55:42.372+0000] {dagbag.py:540} INFO - Filling up the DagBag from /home/airflow/.local/lib/python3.12/site-packages/airflow/example_dags/example_branch_python_dop_operator_3.py
[2024-04-25T23:55:42.380+0000] {processor.py:840} INFO - DAG(s) 'example_branch_dop_operator_v3' retrieved from /home/airflow/.local/lib/python3.12/site-packages/airflow/example_dags/example_branch_python_dop_operator_3.py
[2024-04-25T23:55:42.399+0000] {logging_mixin.py:188} INFO - [2024-04-25T23:55:42.398+0000] {dag.py:3096} INFO - Sync 1 DAGs
[2024-04-25T23:55:42.420+0000] {logging_mixin.py:188} INFO - [2024-04-25T23:55:42.420+0000] {dag.py:3954} INFO - Setting next_dagrun for example_branch_dop_operator_v3 to 2024-04-25 23:54:00+00:00, run_after=2024-04-25 23:55:00+00:00
[2024-04-25T23:55:42.440+0000] {processor.py:183} INFO - Processing /home/airflow/.local/lib/python3.12/site-packages/airflow/example_dags/example_branch_python_dop_operator_3.py took 0.075 seconds
[2024-04-25T23:56:13.387+0000] {processor.py:161} INFO - Started process (PID=2371) to work on /home/airflow/.local/lib/python3.12/site-packages/airflow/example_dags/example_branch_python_dop_operator_3.py
[2024-04-25T23:56:13.388+0000] {processor.py:830} INFO - Processing file /home/airflow/.local/lib/python3.12/site-packages/airflow/example_dags/example_branch_python_dop_operator_3.py for tasks to queue
[2024-04-25T23:56:13.392+0000] {logging_mixin.py:188} INFO - [2024-04-25T23:56:13.391+0000] {dagbag.py:540} INFO - Filling up the DagBag from /home/airflow/.local/lib/python3.12/site-packages/airflow/example_dags/example_branch_python_dop_operator_3.py
[2024-04-25T23:56:13.399+0000] {processor.py:840} INFO - DAG(s) 'example_branch_dop_operator_v3' retrieved from /home/airflow/.local/lib/python3.12/site-packages/airflow/example_dags/example_branch_python_dop_operator_3.py
[2024-04-25T23:56:13.418+0000] {logging_mixin.py:188} INFO - [2024-04-25T23:56:13.418+0000] {dag.py:3096} INFO - Sync 1 DAGs
[2024-04-25T23:56:13.441+0000] {logging_mixin.py:188} INFO - [2024-04-25T23:56:13.441+0000] {dag.py:3954} INFO - Setting next_dagrun for example_branch_dop_operator_v3 to 2024-04-25 23:55:00+00:00, run_after=2024-04-25 23:56:00+00:00
[2024-04-25T23:56:13.460+0000] {processor.py:183} INFO - Processing /home/airflow/.local/lib/python3.12/site-packages/airflow/example_dags/example_branch_python_dop_operator_3.py took 0.080 seconds
[2024-04-25T23:56:44.263+0000] {processor.py:161} INFO - Started process (PID=2430) to work on /home/airflow/.local/lib/python3.12/site-packages/airflow/example_dags/example_branch_python_dop_operator_3.py
[2024-04-25T23:56:44.266+0000] {processor.py:830} INFO - Processing file /home/airflow/.local/lib/python3.12/site-packages/airflow/example_dags/example_branch_python_dop_operator_3.py for tasks to queue
[2024-04-25T23:56:44.270+0000] {logging_mixin.py:188} INFO - [2024-04-25T23:56:44.270+0000] {dagbag.py:540} INFO - Filling up the DagBag from /home/airflow/.local/lib/python3.12/site-packages/airflow/example_dags/example_branch_python_dop_operator_3.py
[2024-04-25T23:56:44.278+0000] {processor.py:840} INFO - DAG(s) 'example_branch_dop_operator_v3' retrieved from /home/airflow/.local/lib/python3.12/site-packages/airflow/example_dags/example_branch_python_dop_operator_3.py
[2024-04-25T23:56:44.301+0000] {logging_mixin.py:188} INFO - [2024-04-25T23:56:44.300+0000] {dag.py:3096} INFO - Sync 1 DAGs
[2024-04-25T23:56:44.330+0000] {logging_mixin.py:188} INFO - [2024-04-25T23:56:44.329+0000] {dag.py:3954} INFO - Setting next_dagrun for example_branch_dop_operator_v3 to 2024-04-25 23:55:00+00:00, run_after=2024-04-25 23:56:00+00:00
[2024-04-25T23:56:44.352+0000] {processor.py:183} INFO - Processing /home/airflow/.local/lib/python3.12/site-packages/airflow/example_dags/example_branch_python_dop_operator_3.py took 0.095 seconds
[2024-04-25T23:57:14.923+0000] {processor.py:161} INFO - Started process (PID=2489) to work on /home/airflow/.local/lib/python3.12/site-packages/airflow/example_dags/example_branch_python_dop_operator_3.py
[2024-04-25T23:57:14.924+0000] {processor.py:830} INFO - Processing file /home/airflow/.local/lib/python3.12/site-packages/airflow/example_dags/example_branch_python_dop_operator_3.py for tasks to queue
[2024-04-25T23:57:14.926+0000] {logging_mixin.py:188} INFO - [2024-04-25T23:57:14.925+0000] {dagbag.py:540} INFO - Filling up the DagBag from /home/airflow/.local/lib/python3.12/site-packages/airflow/example_dags/example_branch_python_dop_operator_3.py
[2024-04-25T23:57:14.933+0000] {processor.py:840} INFO - DAG(s) 'example_branch_dop_operator_v3' retrieved from /home/airflow/.local/lib/python3.12/site-packages/airflow/example_dags/example_branch_python_dop_operator_3.py
[2024-04-25T23:57:14.952+0000] {logging_mixin.py:188} INFO - [2024-04-25T23:57:14.951+0000] {dag.py:3096} INFO - Sync 1 DAGs
[2024-04-25T23:57:14.974+0000] {logging_mixin.py:188} INFO - [2024-04-25T23:57:14.974+0000] {dag.py:3954} INFO - Setting next_dagrun for example_branch_dop_operator_v3 to 2024-04-25 23:56:00+00:00, run_after=2024-04-25 23:57:00+00:00
[2024-04-25T23:57:14.999+0000] {processor.py:183} INFO - Processing /home/airflow/.local/lib/python3.12/site-packages/airflow/example_dags/example_branch_python_dop_operator_3.py took 0.082 seconds
[2024-04-25T23:57:45.473+0000] {processor.py:161} INFO - Started process (PID=2548) to work on /home/airflow/.local/lib/python3.12/site-packages/airflow/example_dags/example_branch_python_dop_operator_3.py
[2024-04-25T23:57:45.474+0000] {processor.py:830} INFO - Processing file /home/airflow/.local/lib/python3.12/site-packages/airflow/example_dags/example_branch_python_dop_operator_3.py for tasks to queue
[2024-04-25T23:57:45.476+0000] {logging_mixin.py:188} INFO - [2024-04-25T23:57:45.476+0000] {dagbag.py:540} INFO - Filling up the DagBag from /home/airflow/.local/lib/python3.12/site-packages/airflow/example_dags/example_branch_python_dop_operator_3.py
[2024-04-25T23:57:45.485+0000] {processor.py:840} INFO - DAG(s) 'example_branch_dop_operator_v3' retrieved from /home/airflow/.local/lib/python3.12/site-packages/airflow/example_dags/example_branch_python_dop_operator_3.py
[2024-04-25T23:57:45.508+0000] {logging_mixin.py:188} INFO - [2024-04-25T23:57:45.507+0000] {dag.py:3096} INFO - Sync 1 DAGs
[2024-04-25T23:57:45.531+0000] {logging_mixin.py:188} INFO - [2024-04-25T23:57:45.531+0000] {dag.py:3954} INFO - Setting next_dagrun for example_branch_dop_operator_v3 to 2024-04-25 23:56:00+00:00, run_after=2024-04-25 23:57:00+00:00
[2024-04-25T23:57:45.560+0000] {processor.py:183} INFO - Processing /home/airflow/.local/lib/python3.12/site-packages/airflow/example_dags/example_branch_python_dop_operator_3.py took 0.093 seconds
[2024-04-25T23:58:15.611+0000] {processor.py:161} INFO - Started process (PID=2607) to work on /home/airflow/.local/lib/python3.12/site-packages/airflow/example_dags/example_branch_python_dop_operator_3.py
[2024-04-25T23:58:15.612+0000] {processor.py:830} INFO - Processing file /home/airflow/.local/lib/python3.12/site-packages/airflow/example_dags/example_branch_python_dop_operator_3.py for tasks to queue
[2024-04-25T23:58:15.614+0000] {logging_mixin.py:188} INFO - [2024-04-25T23:58:15.614+0000] {dagbag.py:540} INFO - Filling up the DagBag from /home/airflow/.local/lib/python3.12/site-packages/airflow/example_dags/example_branch_python_dop_operator_3.py
[2024-04-25T23:58:15.622+0000] {processor.py:840} INFO - DAG(s) 'example_branch_dop_operator_v3' retrieved from /home/airflow/.local/lib/python3.12/site-packages/airflow/example_dags/example_branch_python_dop_operator_3.py
[2024-04-25T23:58:15.642+0000] {logging_mixin.py:188} INFO - [2024-04-25T23:58:15.641+0000] {dag.py:3096} INFO - Sync 1 DAGs
[2024-04-25T23:58:15.663+0000] {logging_mixin.py:188} INFO - [2024-04-25T23:58:15.663+0000] {dag.py:3954} INFO - Setting next_dagrun for example_branch_dop_operator_v3 to 2024-04-25 23:57:00+00:00, run_after=2024-04-25 23:58:00+00:00
[2024-04-25T23:58:15.684+0000] {processor.py:183} INFO - Processing /home/airflow/.local/lib/python3.12/site-packages/airflow/example_dags/example_branch_python_dop_operator_3.py took 0.079 seconds
[2024-04-25T23:58:46.071+0000] {processor.py:161} INFO - Started process (PID=2666) to work on /home/airflow/.local/lib/python3.12/site-packages/airflow/example_dags/example_branch_python_dop_operator_3.py
[2024-04-25T23:58:46.072+0000] {processor.py:830} INFO - Processing file /home/airflow/.local/lib/python3.12/site-packages/airflow/example_dags/example_branch_python_dop_operator_3.py for tasks to queue
[2024-04-25T23:58:46.073+0000] {logging_mixin.py:188} INFO - [2024-04-25T23:58:46.073+0000] {dagbag.py:540} INFO - Filling up the DagBag from /home/airflow/.local/lib/python3.12/site-packages/airflow/example_dags/example_branch_python_dop_operator_3.py
[2024-04-25T23:58:46.080+0000] {processor.py:840} INFO - DAG(s) 'example_branch_dop_operator_v3' retrieved from /home/airflow/.local/lib/python3.12/site-packages/airflow/example_dags/example_branch_python_dop_operator_3.py
[2024-04-25T23:58:46.098+0000] {logging_mixin.py:188} INFO - [2024-04-25T23:58:46.098+0000] {dag.py:3096} INFO - Sync 1 DAGs
[2024-04-25T23:58:46.119+0000] {logging_mixin.py:188} INFO - [2024-04-25T23:58:46.119+0000] {dag.py:3954} INFO - Setting next_dagrun for example_branch_dop_operator_v3 to 2024-04-25 23:57:00+00:00, run_after=2024-04-25 23:58:00+00:00
[2024-04-25T23:58:46.137+0000] {processor.py:183} INFO - Processing /home/airflow/.local/lib/python3.12/site-packages/airflow/example_dags/example_branch_python_dop_operator_3.py took 0.072 seconds
[2024-04-25T23:59:16.534+0000] {processor.py:161} INFO - Started process (PID=2725) to work on /home/airflow/.local/lib/python3.12/site-packages/airflow/example_dags/example_branch_python_dop_operator_3.py
[2024-04-25T23:59:16.536+0000] {processor.py:830} INFO - Processing file /home/airflow/.local/lib/python3.12/site-packages/airflow/example_dags/example_branch_python_dop_operator_3.py for tasks to queue
[2024-04-25T23:59:16.539+0000] {logging_mixin.py:188} INFO - [2024-04-25T23:59:16.538+0000] {dagbag.py:540} INFO - Filling up the DagBag from /home/airflow/.local/lib/python3.12/site-packages/airflow/example_dags/example_branch_python_dop_operator_3.py
[2024-04-25T23:59:16.550+0000] {processor.py:840} INFO - DAG(s) 'example_branch_dop_operator_v3' retrieved from /home/airflow/.local/lib/python3.12/site-packages/airflow/example_dags/example_branch_python_dop_operator_3.py
[2024-04-25T23:59:16.571+0000] {logging_mixin.py:188} INFO - [2024-04-25T23:59:16.570+0000] {dag.py:3096} INFO - Sync 1 DAGs
[2024-04-25T23:59:16.599+0000] {logging_mixin.py:188} INFO - [2024-04-25T23:59:16.599+0000] {dag.py:3954} INFO - Setting next_dagrun for example_branch_dop_operator_v3 to 2024-04-25 23:58:00+00:00, run_after=2024-04-25 23:59:00+00:00
[2024-04-25T23:59:16.622+0000] {processor.py:183} INFO - Processing /home/airflow/.local/lib/python3.12/site-packages/airflow/example_dags/example_branch_python_dop_operator_3.py took 0.094 seconds
[2024-04-25T23:59:46.766+0000] {processor.py:161} INFO - Started process (PID=2784) to work on /home/airflow/.local/lib/python3.12/site-packages/airflow/example_dags/example_branch_python_dop_operator_3.py
[2024-04-25T23:59:46.767+0000] {processor.py:830} INFO - Processing file /home/airflow/.local/lib/python3.12/site-packages/airflow/example_dags/example_branch_python_dop_operator_3.py for tasks to queue
[2024-04-25T23:59:46.769+0000] {logging_mixin.py:188} INFO - [2024-04-25T23:59:46.769+0000] {dagbag.py:540} INFO - Filling up the DagBag from /home/airflow/.local/lib/python3.12/site-packages/airflow/example_dags/example_branch_python_dop_operator_3.py
[2024-04-25T23:59:46.776+0000] {processor.py:840} INFO - DAG(s) 'example_branch_dop_operator_v3' retrieved from /home/airflow/.local/lib/python3.12/site-packages/airflow/example_dags/example_branch_python_dop_operator_3.py
[2024-04-25T23:59:46.794+0000] {logging_mixin.py:188} INFO - [2024-04-25T23:59:46.794+0000] {dag.py:3096} INFO - Sync 1 DAGs
[2024-04-25T23:59:46.816+0000] {logging_mixin.py:188} INFO - [2024-04-25T23:59:46.816+0000] {dag.py:3954} INFO - Setting next_dagrun for example_branch_dop_operator_v3 to 2024-04-25 23:58:00+00:00, run_after=2024-04-25 23:59:00+00:00
[2024-04-25T23:59:46.839+0000] {processor.py:183} INFO - Processing /home/airflow/.local/lib/python3.12/site-packages/airflow/example_dags/example_branch_python_dop_operator_3.py took 0.078 seconds
