[2024-04-25T23:36:21.105+0000] {processor.py:161} INFO - Started process (PID=43) to work on /home/airflow/.local/lib/python3.12/site-packages/airflow/example_dags/example_nested_branch_dag.py
[2024-04-25T23:36:21.112+0000] {processor.py:830} INFO - Processing file /home/airflow/.local/lib/python3.12/site-packages/airflow/example_dags/example_nested_branch_dag.py for tasks to queue
[2024-04-25T23:36:21.121+0000] {logging_mixin.py:188} INFO - [2024-04-25T23:36:21.120+0000] {dagbag.py:540} INFO - Filling up the DagBag from /home/airflow/.local/lib/python3.12/site-packages/airflow/example_dags/example_nested_branch_dag.py
[2024-04-25T23:36:21.182+0000] {processor.py:840} INFO - DAG(s) 'example_nested_branch_dag' retrieved from /home/airflow/.local/lib/python3.12/site-packages/airflow/example_dags/example_nested_branch_dag.py
[2024-04-25T23:36:21.248+0000] {logging_mixin.py:188} INFO - [2024-04-25T23:36:21.244+0000] {dag.py:3096} INFO - Sync 1 DAGs
[2024-04-25T23:36:21.343+0000] {logging_mixin.py:188} INFO - [2024-04-25T23:36:21.343+0000] {dag.py:3954} INFO - Setting next_dagrun for example_nested_branch_dag to 2024-04-24 00:00:00+00:00, run_after=2024-04-25 00:00:00+00:00
[2024-04-25T23:36:21.379+0000] {processor.py:183} INFO - Processing /home/airflow/.local/lib/python3.12/site-packages/airflow/example_dags/example_nested_branch_dag.py took 0.306 seconds
[2024-04-25T23:36:52.061+0000] {processor.py:161} INFO - Started process (PID=102) to work on /home/airflow/.local/lib/python3.12/site-packages/airflow/example_dags/example_nested_branch_dag.py
[2024-04-25T23:36:52.073+0000] {processor.py:830} INFO - Processing file /home/airflow/.local/lib/python3.12/site-packages/airflow/example_dags/example_nested_branch_dag.py for tasks to queue
[2024-04-25T23:36:52.087+0000] {logging_mixin.py:188} INFO - [2024-04-25T23:36:52.085+0000] {dagbag.py:540} INFO - Filling up the DagBag from /home/airflow/.local/lib/python3.12/site-packages/airflow/example_dags/example_nested_branch_dag.py
[2024-04-25T23:36:52.145+0000] {processor.py:840} INFO - DAG(s) 'example_nested_branch_dag' retrieved from /home/airflow/.local/lib/python3.12/site-packages/airflow/example_dags/example_nested_branch_dag.py
[2024-04-25T23:36:52.580+0000] {logging_mixin.py:188} INFO - [2024-04-25T23:36:52.580+0000] {dag.py:3096} INFO - Sync 1 DAGs
[2024-04-25T23:36:52.600+0000] {logging_mixin.py:188} INFO - [2024-04-25T23:36:52.600+0000] {dag.py:3954} INFO - Setting next_dagrun for example_nested_branch_dag to 2024-04-24 00:00:00+00:00, run_after=2024-04-25 00:00:00+00:00
[2024-04-25T23:36:52.626+0000] {processor.py:183} INFO - Processing /home/airflow/.local/lib/python3.12/site-packages/airflow/example_dags/example_nested_branch_dag.py took 0.605 seconds
[2024-04-25T23:37:23.350+0000] {processor.py:161} INFO - Started process (PID=161) to work on /home/airflow/.local/lib/python3.12/site-packages/airflow/example_dags/example_nested_branch_dag.py
[2024-04-25T23:37:23.351+0000] {processor.py:830} INFO - Processing file /home/airflow/.local/lib/python3.12/site-packages/airflow/example_dags/example_nested_branch_dag.py for tasks to queue
[2024-04-25T23:37:23.353+0000] {logging_mixin.py:188} INFO - [2024-04-25T23:37:23.353+0000] {dagbag.py:540} INFO - Filling up the DagBag from /home/airflow/.local/lib/python3.12/site-packages/airflow/example_dags/example_nested_branch_dag.py
[2024-04-25T23:37:23.361+0000] {processor.py:840} INFO - DAG(s) 'example_nested_branch_dag' retrieved from /home/airflow/.local/lib/python3.12/site-packages/airflow/example_dags/example_nested_branch_dag.py
[2024-04-25T23:37:23.380+0000] {logging_mixin.py:188} INFO - [2024-04-25T23:37:23.380+0000] {dag.py:3096} INFO - Sync 1 DAGs
[2024-04-25T23:37:23.399+0000] {logging_mixin.py:188} INFO - [2024-04-25T23:37:23.399+0000] {dag.py:3954} INFO - Setting next_dagrun for example_nested_branch_dag to 2024-04-24 00:00:00+00:00, run_after=2024-04-25 00:00:00+00:00
[2024-04-25T23:37:23.429+0000] {processor.py:183} INFO - Processing /home/airflow/.local/lib/python3.12/site-packages/airflow/example_dags/example_nested_branch_dag.py took 0.084 seconds
[2024-04-25T23:37:53.935+0000] {processor.py:161} INFO - Started process (PID=220) to work on /home/airflow/.local/lib/python3.12/site-packages/airflow/example_dags/example_nested_branch_dag.py
[2024-04-25T23:37:53.936+0000] {processor.py:830} INFO - Processing file /home/airflow/.local/lib/python3.12/site-packages/airflow/example_dags/example_nested_branch_dag.py for tasks to queue
[2024-04-25T23:37:53.938+0000] {logging_mixin.py:188} INFO - [2024-04-25T23:37:53.937+0000] {dagbag.py:540} INFO - Filling up the DagBag from /home/airflow/.local/lib/python3.12/site-packages/airflow/example_dags/example_nested_branch_dag.py
[2024-04-25T23:37:53.946+0000] {processor.py:840} INFO - DAG(s) 'example_nested_branch_dag' retrieved from /home/airflow/.local/lib/python3.12/site-packages/airflow/example_dags/example_nested_branch_dag.py
[2024-04-25T23:37:53.966+0000] {logging_mixin.py:188} INFO - [2024-04-25T23:37:53.966+0000] {dag.py:3096} INFO - Sync 1 DAGs
[2024-04-25T23:37:53.986+0000] {logging_mixin.py:188} INFO - [2024-04-25T23:37:53.986+0000] {dag.py:3954} INFO - Setting next_dagrun for example_nested_branch_dag to 2024-04-24 00:00:00+00:00, run_after=2024-04-25 00:00:00+00:00
[2024-04-25T23:37:54.006+0000] {processor.py:183} INFO - Processing /home/airflow/.local/lib/python3.12/site-packages/airflow/example_dags/example_nested_branch_dag.py took 0.076 seconds
[2024-04-25T23:38:24.683+0000] {processor.py:161} INFO - Started process (PID=279) to work on /home/airflow/.local/lib/python3.12/site-packages/airflow/example_dags/example_nested_branch_dag.py
[2024-04-25T23:38:24.687+0000] {processor.py:830} INFO - Processing file /home/airflow/.local/lib/python3.12/site-packages/airflow/example_dags/example_nested_branch_dag.py for tasks to queue
[2024-04-25T23:38:24.693+0000] {logging_mixin.py:188} INFO - [2024-04-25T23:38:24.692+0000] {dagbag.py:540} INFO - Filling up the DagBag from /home/airflow/.local/lib/python3.12/site-packages/airflow/example_dags/example_nested_branch_dag.py
[2024-04-25T23:38:24.715+0000] {processor.py:840} INFO - DAG(s) 'example_nested_branch_dag' retrieved from /home/airflow/.local/lib/python3.12/site-packages/airflow/example_dags/example_nested_branch_dag.py
[2024-04-25T23:38:24.749+0000] {logging_mixin.py:188} INFO - [2024-04-25T23:38:24.749+0000] {dag.py:3096} INFO - Sync 1 DAGs
[2024-04-25T23:38:24.911+0000] {logging_mixin.py:188} INFO - [2024-04-25T23:38:24.910+0000] {dag.py:3954} INFO - Setting next_dagrun for example_nested_branch_dag to 2024-04-24 00:00:00+00:00, run_after=2024-04-25 00:00:00+00:00
[2024-04-25T23:38:24.993+0000] {processor.py:183} INFO - Processing /home/airflow/.local/lib/python3.12/site-packages/airflow/example_dags/example_nested_branch_dag.py took 0.325 seconds
[2024-04-25T23:38:55.120+0000] {processor.py:161} INFO - Started process (PID=338) to work on /home/airflow/.local/lib/python3.12/site-packages/airflow/example_dags/example_nested_branch_dag.py
[2024-04-25T23:38:55.132+0000] {processor.py:830} INFO - Processing file /home/airflow/.local/lib/python3.12/site-packages/airflow/example_dags/example_nested_branch_dag.py for tasks to queue
[2024-04-25T23:38:55.144+0000] {logging_mixin.py:188} INFO - [2024-04-25T23:38:55.143+0000] {dagbag.py:540} INFO - Filling up the DagBag from /home/airflow/.local/lib/python3.12/site-packages/airflow/example_dags/example_nested_branch_dag.py
[2024-04-25T23:38:55.182+0000] {processor.py:840} INFO - DAG(s) 'example_nested_branch_dag' retrieved from /home/airflow/.local/lib/python3.12/site-packages/airflow/example_dags/example_nested_branch_dag.py
[2024-04-25T23:38:55.260+0000] {logging_mixin.py:188} INFO - [2024-04-25T23:38:55.260+0000] {dag.py:3096} INFO - Sync 1 DAGs
[2024-04-25T23:38:55.348+0000] {logging_mixin.py:188} INFO - [2024-04-25T23:38:55.347+0000] {dag.py:3954} INFO - Setting next_dagrun for example_nested_branch_dag to 2024-04-24 00:00:00+00:00, run_after=2024-04-25 00:00:00+00:00
[2024-04-25T23:38:55.436+0000] {processor.py:183} INFO - Processing /home/airflow/.local/lib/python3.12/site-packages/airflow/example_dags/example_nested_branch_dag.py took 0.328 seconds
[2024-04-25T23:39:25.953+0000] {processor.py:161} INFO - Started process (PID=398) to work on /home/airflow/.local/lib/python3.12/site-packages/airflow/example_dags/example_nested_branch_dag.py
[2024-04-25T23:39:25.957+0000] {processor.py:830} INFO - Processing file /home/airflow/.local/lib/python3.12/site-packages/airflow/example_dags/example_nested_branch_dag.py for tasks to queue
[2024-04-25T23:39:25.961+0000] {logging_mixin.py:188} INFO - [2024-04-25T23:39:25.960+0000] {dagbag.py:540} INFO - Filling up the DagBag from /home/airflow/.local/lib/python3.12/site-packages/airflow/example_dags/example_nested_branch_dag.py
[2024-04-25T23:39:25.972+0000] {processor.py:840} INFO - DAG(s) 'example_nested_branch_dag' retrieved from /home/airflow/.local/lib/python3.12/site-packages/airflow/example_dags/example_nested_branch_dag.py
[2024-04-25T23:39:25.995+0000] {logging_mixin.py:188} INFO - [2024-04-25T23:39:25.995+0000] {dag.py:3096} INFO - Sync 1 DAGs
[2024-04-25T23:39:26.015+0000] {logging_mixin.py:188} INFO - [2024-04-25T23:39:26.015+0000] {dag.py:3954} INFO - Setting next_dagrun for example_nested_branch_dag to 2024-04-24 00:00:00+00:00, run_after=2024-04-25 00:00:00+00:00
[2024-04-25T23:39:26.034+0000] {processor.py:183} INFO - Processing /home/airflow/.local/lib/python3.12/site-packages/airflow/example_dags/example_nested_branch_dag.py took 0.095 seconds
[2024-04-25T23:39:56.387+0000] {processor.py:161} INFO - Started process (PID=457) to work on /home/airflow/.local/lib/python3.12/site-packages/airflow/example_dags/example_nested_branch_dag.py
[2024-04-25T23:39:56.388+0000] {processor.py:830} INFO - Processing file /home/airflow/.local/lib/python3.12/site-packages/airflow/example_dags/example_nested_branch_dag.py for tasks to queue
[2024-04-25T23:39:56.390+0000] {logging_mixin.py:188} INFO - [2024-04-25T23:39:56.390+0000] {dagbag.py:540} INFO - Filling up the DagBag from /home/airflow/.local/lib/python3.12/site-packages/airflow/example_dags/example_nested_branch_dag.py
[2024-04-25T23:39:56.398+0000] {processor.py:840} INFO - DAG(s) 'example_nested_branch_dag' retrieved from /home/airflow/.local/lib/python3.12/site-packages/airflow/example_dags/example_nested_branch_dag.py
[2024-04-25T23:39:56.417+0000] {logging_mixin.py:188} INFO - [2024-04-25T23:39:56.416+0000] {dag.py:3096} INFO - Sync 1 DAGs
[2024-04-25T23:39:56.439+0000] {logging_mixin.py:188} INFO - [2024-04-25T23:39:56.439+0000] {dag.py:3954} INFO - Setting next_dagrun for example_nested_branch_dag to 2024-04-24 00:00:00+00:00, run_after=2024-04-25 00:00:00+00:00
[2024-04-25T23:39:56.463+0000] {processor.py:183} INFO - Processing /home/airflow/.local/lib/python3.12/site-packages/airflow/example_dags/example_nested_branch_dag.py took 0.082 seconds
[2024-04-25T23:40:26.753+0000] {processor.py:161} INFO - Started process (PID=516) to work on /home/airflow/.local/lib/python3.12/site-packages/airflow/example_dags/example_nested_branch_dag.py
[2024-04-25T23:40:26.754+0000] {processor.py:830} INFO - Processing file /home/airflow/.local/lib/python3.12/site-packages/airflow/example_dags/example_nested_branch_dag.py for tasks to queue
[2024-04-25T23:40:26.756+0000] {logging_mixin.py:188} INFO - [2024-04-25T23:40:26.756+0000] {dagbag.py:540} INFO - Filling up the DagBag from /home/airflow/.local/lib/python3.12/site-packages/airflow/example_dags/example_nested_branch_dag.py
[2024-04-25T23:40:26.765+0000] {processor.py:840} INFO - DAG(s) 'example_nested_branch_dag' retrieved from /home/airflow/.local/lib/python3.12/site-packages/airflow/example_dags/example_nested_branch_dag.py
[2024-04-25T23:40:26.792+0000] {logging_mixin.py:188} INFO - [2024-04-25T23:40:26.792+0000] {dag.py:3096} INFO - Sync 1 DAGs
[2024-04-25T23:40:26.815+0000] {logging_mixin.py:188} INFO - [2024-04-25T23:40:26.814+0000] {dag.py:3954} INFO - Setting next_dagrun for example_nested_branch_dag to 2024-04-24 00:00:00+00:00, run_after=2024-04-25 00:00:00+00:00
[2024-04-25T23:40:26.836+0000] {processor.py:183} INFO - Processing /home/airflow/.local/lib/python3.12/site-packages/airflow/example_dags/example_nested_branch_dag.py took 0.087 seconds
[2024-04-25T23:40:56.960+0000] {processor.py:161} INFO - Started process (PID=575) to work on /home/airflow/.local/lib/python3.12/site-packages/airflow/example_dags/example_nested_branch_dag.py
[2024-04-25T23:40:56.961+0000] {processor.py:830} INFO - Processing file /home/airflow/.local/lib/python3.12/site-packages/airflow/example_dags/example_nested_branch_dag.py for tasks to queue
[2024-04-25T23:40:56.963+0000] {logging_mixin.py:188} INFO - [2024-04-25T23:40:56.962+0000] {dagbag.py:540} INFO - Filling up the DagBag from /home/airflow/.local/lib/python3.12/site-packages/airflow/example_dags/example_nested_branch_dag.py
[2024-04-25T23:40:56.971+0000] {processor.py:840} INFO - DAG(s) 'example_nested_branch_dag' retrieved from /home/airflow/.local/lib/python3.12/site-packages/airflow/example_dags/example_nested_branch_dag.py
[2024-04-25T23:40:56.991+0000] {logging_mixin.py:188} INFO - [2024-04-25T23:40:56.991+0000] {dag.py:3096} INFO - Sync 1 DAGs
[2024-04-25T23:40:57.013+0000] {logging_mixin.py:188} INFO - [2024-04-25T23:40:57.013+0000] {dag.py:3954} INFO - Setting next_dagrun for example_nested_branch_dag to 2024-04-24 00:00:00+00:00, run_after=2024-04-25 00:00:00+00:00
[2024-04-25T23:40:57.037+0000] {processor.py:183} INFO - Processing /home/airflow/.local/lib/python3.12/site-packages/airflow/example_dags/example_nested_branch_dag.py took 0.083 seconds
[2024-04-25T23:41:27.672+0000] {processor.py:161} INFO - Started process (PID=634) to work on /home/airflow/.local/lib/python3.12/site-packages/airflow/example_dags/example_nested_branch_dag.py
[2024-04-25T23:41:27.674+0000] {processor.py:830} INFO - Processing file /home/airflow/.local/lib/python3.12/site-packages/airflow/example_dags/example_nested_branch_dag.py for tasks to queue
[2024-04-25T23:41:27.677+0000] {logging_mixin.py:188} INFO - [2024-04-25T23:41:27.677+0000] {dagbag.py:540} INFO - Filling up the DagBag from /home/airflow/.local/lib/python3.12/site-packages/airflow/example_dags/example_nested_branch_dag.py
[2024-04-25T23:41:27.685+0000] {processor.py:840} INFO - DAG(s) 'example_nested_branch_dag' retrieved from /home/airflow/.local/lib/python3.12/site-packages/airflow/example_dags/example_nested_branch_dag.py
[2024-04-25T23:41:27.708+0000] {logging_mixin.py:188} INFO - [2024-04-25T23:41:27.707+0000] {dag.py:3096} INFO - Sync 1 DAGs
[2024-04-25T23:41:27.728+0000] {logging_mixin.py:188} INFO - [2024-04-25T23:41:27.728+0000] {dag.py:3954} INFO - Setting next_dagrun for example_nested_branch_dag to 2024-04-24 00:00:00+00:00, run_after=2024-04-25 00:00:00+00:00
[2024-04-25T23:41:27.750+0000] {processor.py:183} INFO - Processing /home/airflow/.local/lib/python3.12/site-packages/airflow/example_dags/example_nested_branch_dag.py took 0.084 seconds
[2024-04-25T23:41:58.185+0000] {processor.py:161} INFO - Started process (PID=693) to work on /home/airflow/.local/lib/python3.12/site-packages/airflow/example_dags/example_nested_branch_dag.py
[2024-04-25T23:41:58.186+0000] {processor.py:830} INFO - Processing file /home/airflow/.local/lib/python3.12/site-packages/airflow/example_dags/example_nested_branch_dag.py for tasks to queue
[2024-04-25T23:41:58.188+0000] {logging_mixin.py:188} INFO - [2024-04-25T23:41:58.188+0000] {dagbag.py:540} INFO - Filling up the DagBag from /home/airflow/.local/lib/python3.12/site-packages/airflow/example_dags/example_nested_branch_dag.py
[2024-04-25T23:41:58.196+0000] {processor.py:840} INFO - DAG(s) 'example_nested_branch_dag' retrieved from /home/airflow/.local/lib/python3.12/site-packages/airflow/example_dags/example_nested_branch_dag.py
[2024-04-25T23:41:58.229+0000] {logging_mixin.py:188} INFO - [2024-04-25T23:41:58.228+0000] {dag.py:3096} INFO - Sync 1 DAGs
[2024-04-25T23:41:58.255+0000] {logging_mixin.py:188} INFO - [2024-04-25T23:41:58.255+0000] {dag.py:3954} INFO - Setting next_dagrun for example_nested_branch_dag to 2024-04-24 00:00:00+00:00, run_after=2024-04-25 00:00:00+00:00
[2024-04-25T23:41:58.275+0000] {processor.py:183} INFO - Processing /home/airflow/.local/lib/python3.12/site-packages/airflow/example_dags/example_nested_branch_dag.py took 0.096 seconds
[2024-04-25T23:42:28.531+0000] {processor.py:161} INFO - Started process (PID=753) to work on /home/airflow/.local/lib/python3.12/site-packages/airflow/example_dags/example_nested_branch_dag.py
[2024-04-25T23:42:28.532+0000] {processor.py:830} INFO - Processing file /home/airflow/.local/lib/python3.12/site-packages/airflow/example_dags/example_nested_branch_dag.py for tasks to queue
[2024-04-25T23:42:28.534+0000] {logging_mixin.py:188} INFO - [2024-04-25T23:42:28.533+0000] {dagbag.py:540} INFO - Filling up the DagBag from /home/airflow/.local/lib/python3.12/site-packages/airflow/example_dags/example_nested_branch_dag.py
[2024-04-25T23:42:28.541+0000] {processor.py:840} INFO - DAG(s) 'example_nested_branch_dag' retrieved from /home/airflow/.local/lib/python3.12/site-packages/airflow/example_dags/example_nested_branch_dag.py
[2024-04-25T23:42:28.561+0000] {logging_mixin.py:188} INFO - [2024-04-25T23:42:28.561+0000] {dag.py:3096} INFO - Sync 1 DAGs
[2024-04-25T23:42:28.581+0000] {logging_mixin.py:188} INFO - [2024-04-25T23:42:28.581+0000] {dag.py:3954} INFO - Setting next_dagrun for example_nested_branch_dag to 2024-04-24 00:00:00+00:00, run_after=2024-04-25 00:00:00+00:00
[2024-04-25T23:42:28.600+0000] {processor.py:183} INFO - Processing /home/airflow/.local/lib/python3.12/site-packages/airflow/example_dags/example_nested_branch_dag.py took 0.074 seconds
[2024-04-25T23:42:58.980+0000] {processor.py:161} INFO - Started process (PID=812) to work on /home/airflow/.local/lib/python3.12/site-packages/airflow/example_dags/example_nested_branch_dag.py
[2024-04-25T23:42:58.981+0000] {processor.py:830} INFO - Processing file /home/airflow/.local/lib/python3.12/site-packages/airflow/example_dags/example_nested_branch_dag.py for tasks to queue
[2024-04-25T23:42:58.983+0000] {logging_mixin.py:188} INFO - [2024-04-25T23:42:58.983+0000] {dagbag.py:540} INFO - Filling up the DagBag from /home/airflow/.local/lib/python3.12/site-packages/airflow/example_dags/example_nested_branch_dag.py
[2024-04-25T23:42:58.991+0000] {processor.py:840} INFO - DAG(s) 'example_nested_branch_dag' retrieved from /home/airflow/.local/lib/python3.12/site-packages/airflow/example_dags/example_nested_branch_dag.py
[2024-04-25T23:42:59.011+0000] {logging_mixin.py:188} INFO - [2024-04-25T23:42:59.010+0000] {dag.py:3096} INFO - Sync 1 DAGs
[2024-04-25T23:42:59.032+0000] {logging_mixin.py:188} INFO - [2024-04-25T23:42:59.032+0000] {dag.py:3954} INFO - Setting next_dagrun for example_nested_branch_dag to 2024-04-24 00:00:00+00:00, run_after=2024-04-25 00:00:00+00:00
[2024-04-25T23:42:59.051+0000] {processor.py:183} INFO - Processing /home/airflow/.local/lib/python3.12/site-packages/airflow/example_dags/example_nested_branch_dag.py took 0.077 seconds
[2024-04-25T23:43:29.815+0000] {processor.py:161} INFO - Started process (PID=871) to work on /home/airflow/.local/lib/python3.12/site-packages/airflow/example_dags/example_nested_branch_dag.py
[2024-04-25T23:43:29.817+0000] {processor.py:830} INFO - Processing file /home/airflow/.local/lib/python3.12/site-packages/airflow/example_dags/example_nested_branch_dag.py for tasks to queue
[2024-04-25T23:43:29.820+0000] {logging_mixin.py:188} INFO - [2024-04-25T23:43:29.819+0000] {dagbag.py:540} INFO - Filling up the DagBag from /home/airflow/.local/lib/python3.12/site-packages/airflow/example_dags/example_nested_branch_dag.py
[2024-04-25T23:43:29.833+0000] {processor.py:840} INFO - DAG(s) 'example_nested_branch_dag' retrieved from /home/airflow/.local/lib/python3.12/site-packages/airflow/example_dags/example_nested_branch_dag.py
[2024-04-25T23:43:29.857+0000] {logging_mixin.py:188} INFO - [2024-04-25T23:43:29.856+0000] {dag.py:3096} INFO - Sync 1 DAGs
[2024-04-25T23:43:29.880+0000] {logging_mixin.py:188} INFO - [2024-04-25T23:43:29.880+0000] {dag.py:3954} INFO - Setting next_dagrun for example_nested_branch_dag to 2024-04-24 00:00:00+00:00, run_after=2024-04-25 00:00:00+00:00
[2024-04-25T23:43:29.902+0000] {processor.py:183} INFO - Processing /home/airflow/.local/lib/python3.12/site-packages/airflow/example_dags/example_nested_branch_dag.py took 0.096 seconds
[2024-04-25T23:44:00.203+0000] {processor.py:161} INFO - Started process (PID=930) to work on /home/airflow/.local/lib/python3.12/site-packages/airflow/example_dags/example_nested_branch_dag.py
[2024-04-25T23:44:00.205+0000] {processor.py:830} INFO - Processing file /home/airflow/.local/lib/python3.12/site-packages/airflow/example_dags/example_nested_branch_dag.py for tasks to queue
[2024-04-25T23:44:00.207+0000] {logging_mixin.py:188} INFO - [2024-04-25T23:44:00.207+0000] {dagbag.py:540} INFO - Filling up the DagBag from /home/airflow/.local/lib/python3.12/site-packages/airflow/example_dags/example_nested_branch_dag.py
[2024-04-25T23:44:00.215+0000] {processor.py:840} INFO - DAG(s) 'example_nested_branch_dag' retrieved from /home/airflow/.local/lib/python3.12/site-packages/airflow/example_dags/example_nested_branch_dag.py
[2024-04-25T23:44:00.235+0000] {logging_mixin.py:188} INFO - [2024-04-25T23:44:00.235+0000] {dag.py:3096} INFO - Sync 1 DAGs
[2024-04-25T23:44:00.260+0000] {logging_mixin.py:188} INFO - [2024-04-25T23:44:00.260+0000] {dag.py:3954} INFO - Setting next_dagrun for example_nested_branch_dag to 2024-04-24 00:00:00+00:00, run_after=2024-04-25 00:00:00+00:00
[2024-04-25T23:44:00.281+0000] {processor.py:183} INFO - Processing /home/airflow/.local/lib/python3.12/site-packages/airflow/example_dags/example_nested_branch_dag.py took 0.085 seconds
[2024-04-25T23:44:30.852+0000] {processor.py:161} INFO - Started process (PID=989) to work on /home/airflow/.local/lib/python3.12/site-packages/airflow/example_dags/example_nested_branch_dag.py
[2024-04-25T23:44:30.853+0000] {processor.py:830} INFO - Processing file /home/airflow/.local/lib/python3.12/site-packages/airflow/example_dags/example_nested_branch_dag.py for tasks to queue
[2024-04-25T23:44:30.855+0000] {logging_mixin.py:188} INFO - [2024-04-25T23:44:30.855+0000] {dagbag.py:540} INFO - Filling up the DagBag from /home/airflow/.local/lib/python3.12/site-packages/airflow/example_dags/example_nested_branch_dag.py
[2024-04-25T23:44:30.866+0000] {processor.py:840} INFO - DAG(s) 'example_nested_branch_dag' retrieved from /home/airflow/.local/lib/python3.12/site-packages/airflow/example_dags/example_nested_branch_dag.py
[2024-04-25T23:44:30.888+0000] {logging_mixin.py:188} INFO - [2024-04-25T23:44:30.888+0000] {dag.py:3096} INFO - Sync 1 DAGs
[2024-04-25T23:44:30.910+0000] {logging_mixin.py:188} INFO - [2024-04-25T23:44:30.910+0000] {dag.py:3954} INFO - Setting next_dagrun for example_nested_branch_dag to 2024-04-24 00:00:00+00:00, run_after=2024-04-25 00:00:00+00:00
[2024-04-25T23:44:30.931+0000] {processor.py:183} INFO - Processing /home/airflow/.local/lib/python3.12/site-packages/airflow/example_dags/example_nested_branch_dag.py took 0.086 seconds
[2024-04-25T23:45:01.596+0000] {processor.py:161} INFO - Started process (PID=1048) to work on /home/airflow/.local/lib/python3.12/site-packages/airflow/example_dags/example_nested_branch_dag.py
[2024-04-25T23:45:01.597+0000] {processor.py:830} INFO - Processing file /home/airflow/.local/lib/python3.12/site-packages/airflow/example_dags/example_nested_branch_dag.py for tasks to queue
[2024-04-25T23:45:01.600+0000] {logging_mixin.py:188} INFO - [2024-04-25T23:45:01.599+0000] {dagbag.py:540} INFO - Filling up the DagBag from /home/airflow/.local/lib/python3.12/site-packages/airflow/example_dags/example_nested_branch_dag.py
[2024-04-25T23:45:01.617+0000] {processor.py:840} INFO - DAG(s) 'example_nested_branch_dag' retrieved from /home/airflow/.local/lib/python3.12/site-packages/airflow/example_dags/example_nested_branch_dag.py
[2024-04-25T23:45:01.662+0000] {logging_mixin.py:188} INFO - [2024-04-25T23:45:01.662+0000] {dag.py:3096} INFO - Sync 1 DAGs
[2024-04-25T23:45:01.689+0000] {logging_mixin.py:188} INFO - [2024-04-25T23:45:01.689+0000] {dag.py:3954} INFO - Setting next_dagrun for example_nested_branch_dag to 2024-04-24 00:00:00+00:00, run_after=2024-04-25 00:00:00+00:00
[2024-04-25T23:45:01.722+0000] {processor.py:183} INFO - Processing /home/airflow/.local/lib/python3.12/site-packages/airflow/example_dags/example_nested_branch_dag.py took 0.134 seconds
[2024-04-25T23:45:32.158+0000] {processor.py:161} INFO - Started process (PID=1107) to work on /home/airflow/.local/lib/python3.12/site-packages/airflow/example_dags/example_nested_branch_dag.py
[2024-04-25T23:45:32.160+0000] {processor.py:830} INFO - Processing file /home/airflow/.local/lib/python3.12/site-packages/airflow/example_dags/example_nested_branch_dag.py for tasks to queue
[2024-04-25T23:45:32.161+0000] {logging_mixin.py:188} INFO - [2024-04-25T23:45:32.161+0000] {dagbag.py:540} INFO - Filling up the DagBag from /home/airflow/.local/lib/python3.12/site-packages/airflow/example_dags/example_nested_branch_dag.py
[2024-04-25T23:45:32.169+0000] {processor.py:840} INFO - DAG(s) 'example_nested_branch_dag' retrieved from /home/airflow/.local/lib/python3.12/site-packages/airflow/example_dags/example_nested_branch_dag.py
[2024-04-25T23:45:32.305+0000] {logging_mixin.py:188} INFO - [2024-04-25T23:45:32.304+0000] {dag.py:3096} INFO - Sync 1 DAGs
[2024-04-25T23:45:32.321+0000] {logging_mixin.py:188} INFO - [2024-04-25T23:45:32.321+0000] {dag.py:3954} INFO - Setting next_dagrun for example_nested_branch_dag to 2024-04-24 00:00:00+00:00, run_after=2024-04-25 00:00:00+00:00
[2024-04-25T23:45:32.335+0000] {processor.py:183} INFO - Processing /home/airflow/.local/lib/python3.12/site-packages/airflow/example_dags/example_nested_branch_dag.py took 0.181 seconds
[2024-04-25T23:46:02.477+0000] {processor.py:161} INFO - Started process (PID=1166) to work on /home/airflow/.local/lib/python3.12/site-packages/airflow/example_dags/example_nested_branch_dag.py
[2024-04-25T23:46:02.478+0000] {processor.py:830} INFO - Processing file /home/airflow/.local/lib/python3.12/site-packages/airflow/example_dags/example_nested_branch_dag.py for tasks to queue
[2024-04-25T23:46:02.480+0000] {logging_mixin.py:188} INFO - [2024-04-25T23:46:02.479+0000] {dagbag.py:540} INFO - Filling up the DagBag from /home/airflow/.local/lib/python3.12/site-packages/airflow/example_dags/example_nested_branch_dag.py
[2024-04-25T23:46:02.488+0000] {processor.py:840} INFO - DAG(s) 'example_nested_branch_dag' retrieved from /home/airflow/.local/lib/python3.12/site-packages/airflow/example_dags/example_nested_branch_dag.py
[2024-04-25T23:46:02.510+0000] {logging_mixin.py:188} INFO - [2024-04-25T23:46:02.510+0000] {dag.py:3096} INFO - Sync 1 DAGs
[2024-04-25T23:46:02.528+0000] {logging_mixin.py:188} INFO - [2024-04-25T23:46:02.528+0000] {dag.py:3954} INFO - Setting next_dagrun for example_nested_branch_dag to 2024-04-24 00:00:00+00:00, run_after=2024-04-25 00:00:00+00:00
[2024-04-25T23:46:02.667+0000] {processor.py:183} INFO - Processing /home/airflow/.local/lib/python3.12/site-packages/airflow/example_dags/example_nested_branch_dag.py took 0.195 seconds
[2024-04-25T23:46:33.054+0000] {processor.py:161} INFO - Started process (PID=1225) to work on /home/airflow/.local/lib/python3.12/site-packages/airflow/example_dags/example_nested_branch_dag.py
[2024-04-25T23:46:33.055+0000] {processor.py:830} INFO - Processing file /home/airflow/.local/lib/python3.12/site-packages/airflow/example_dags/example_nested_branch_dag.py for tasks to queue
[2024-04-25T23:46:33.057+0000] {logging_mixin.py:188} INFO - [2024-04-25T23:46:33.056+0000] {dagbag.py:540} INFO - Filling up the DagBag from /home/airflow/.local/lib/python3.12/site-packages/airflow/example_dags/example_nested_branch_dag.py
[2024-04-25T23:46:33.067+0000] {processor.py:840} INFO - DAG(s) 'example_nested_branch_dag' retrieved from /home/airflow/.local/lib/python3.12/site-packages/airflow/example_dags/example_nested_branch_dag.py
[2024-04-25T23:46:33.087+0000] {logging_mixin.py:188} INFO - [2024-04-25T23:46:33.087+0000] {dag.py:3096} INFO - Sync 1 DAGs
[2024-04-25T23:46:33.108+0000] {logging_mixin.py:188} INFO - [2024-04-25T23:46:33.108+0000] {dag.py:3954} INFO - Setting next_dagrun for example_nested_branch_dag to 2024-04-24 00:00:00+00:00, run_after=2024-04-25 00:00:00+00:00
[2024-04-25T23:46:33.128+0000] {processor.py:183} INFO - Processing /home/airflow/.local/lib/python3.12/site-packages/airflow/example_dags/example_nested_branch_dag.py took 0.080 seconds
[2024-04-25T23:47:03.435+0000] {processor.py:161} INFO - Started process (PID=1284) to work on /home/airflow/.local/lib/python3.12/site-packages/airflow/example_dags/example_nested_branch_dag.py
[2024-04-25T23:47:03.436+0000] {processor.py:830} INFO - Processing file /home/airflow/.local/lib/python3.12/site-packages/airflow/example_dags/example_nested_branch_dag.py for tasks to queue
[2024-04-25T23:47:03.438+0000] {logging_mixin.py:188} INFO - [2024-04-25T23:47:03.438+0000] {dagbag.py:540} INFO - Filling up the DagBag from /home/airflow/.local/lib/python3.12/site-packages/airflow/example_dags/example_nested_branch_dag.py
[2024-04-25T23:47:03.447+0000] {processor.py:840} INFO - DAG(s) 'example_nested_branch_dag' retrieved from /home/airflow/.local/lib/python3.12/site-packages/airflow/example_dags/example_nested_branch_dag.py
[2024-04-25T23:47:03.464+0000] {logging_mixin.py:188} INFO - [2024-04-25T23:47:03.464+0000] {dag.py:3096} INFO - Sync 1 DAGs
[2024-04-25T23:47:03.482+0000] {logging_mixin.py:188} INFO - [2024-04-25T23:47:03.482+0000] {dag.py:3954} INFO - Setting next_dagrun for example_nested_branch_dag to 2024-04-24 00:00:00+00:00, run_after=2024-04-25 00:00:00+00:00
[2024-04-25T23:47:03.501+0000] {processor.py:183} INFO - Processing /home/airflow/.local/lib/python3.12/site-packages/airflow/example_dags/example_nested_branch_dag.py took 0.071 seconds
[2024-04-25T23:47:33.600+0000] {processor.py:161} INFO - Started process (PID=1342) to work on /home/airflow/.local/lib/python3.12/site-packages/airflow/example_dags/example_nested_branch_dag.py
[2024-04-25T23:47:33.601+0000] {processor.py:830} INFO - Processing file /home/airflow/.local/lib/python3.12/site-packages/airflow/example_dags/example_nested_branch_dag.py for tasks to queue
[2024-04-25T23:47:33.603+0000] {logging_mixin.py:188} INFO - [2024-04-25T23:47:33.603+0000] {dagbag.py:540} INFO - Filling up the DagBag from /home/airflow/.local/lib/python3.12/site-packages/airflow/example_dags/example_nested_branch_dag.py
[2024-04-25T23:47:33.612+0000] {processor.py:840} INFO - DAG(s) 'example_nested_branch_dag' retrieved from /home/airflow/.local/lib/python3.12/site-packages/airflow/example_dags/example_nested_branch_dag.py
[2024-04-25T23:47:33.636+0000] {logging_mixin.py:188} INFO - [2024-04-25T23:47:33.636+0000] {dag.py:3096} INFO - Sync 1 DAGs
[2024-04-25T23:47:33.660+0000] {logging_mixin.py:188} INFO - [2024-04-25T23:47:33.660+0000] {dag.py:3954} INFO - Setting next_dagrun for example_nested_branch_dag to 2024-04-24 00:00:00+00:00, run_after=2024-04-25 00:00:00+00:00
[2024-04-25T23:47:33.683+0000] {processor.py:183} INFO - Processing /home/airflow/.local/lib/python3.12/site-packages/airflow/example_dags/example_nested_branch_dag.py took 0.088 seconds
[2024-04-25T23:48:04.178+0000] {processor.py:161} INFO - Started process (PID=1407) to work on /home/airflow/.local/lib/python3.12/site-packages/airflow/example_dags/example_nested_branch_dag.py
[2024-04-25T23:48:04.179+0000] {processor.py:830} INFO - Processing file /home/airflow/.local/lib/python3.12/site-packages/airflow/example_dags/example_nested_branch_dag.py for tasks to queue
[2024-04-25T23:48:04.181+0000] {logging_mixin.py:188} INFO - [2024-04-25T23:48:04.181+0000] {dagbag.py:540} INFO - Filling up the DagBag from /home/airflow/.local/lib/python3.12/site-packages/airflow/example_dags/example_nested_branch_dag.py
[2024-04-25T23:48:04.190+0000] {processor.py:840} INFO - DAG(s) 'example_nested_branch_dag' retrieved from /home/airflow/.local/lib/python3.12/site-packages/airflow/example_dags/example_nested_branch_dag.py
[2024-04-25T23:48:04.208+0000] {logging_mixin.py:188} INFO - [2024-04-25T23:48:04.207+0000] {dag.py:3096} INFO - Sync 1 DAGs
[2024-04-25T23:48:04.226+0000] {logging_mixin.py:188} INFO - [2024-04-25T23:48:04.226+0000] {dag.py:3954} INFO - Setting next_dagrun for example_nested_branch_dag to 2024-04-24 00:00:00+00:00, run_after=2024-04-25 00:00:00+00:00
[2024-04-25T23:48:04.244+0000] {processor.py:183} INFO - Processing /home/airflow/.local/lib/python3.12/site-packages/airflow/example_dags/example_nested_branch_dag.py took 0.071 seconds
[2024-04-25T23:48:34.336+0000] {processor.py:161} INFO - Started process (PID=1467) to work on /home/airflow/.local/lib/python3.12/site-packages/airflow/example_dags/example_nested_branch_dag.py
[2024-04-25T23:48:34.337+0000] {processor.py:830} INFO - Processing file /home/airflow/.local/lib/python3.12/site-packages/airflow/example_dags/example_nested_branch_dag.py for tasks to queue
[2024-04-25T23:48:34.339+0000] {logging_mixin.py:188} INFO - [2024-04-25T23:48:34.339+0000] {dagbag.py:540} INFO - Filling up the DagBag from /home/airflow/.local/lib/python3.12/site-packages/airflow/example_dags/example_nested_branch_dag.py
[2024-04-25T23:48:34.348+0000] {processor.py:840} INFO - DAG(s) 'example_nested_branch_dag' retrieved from /home/airflow/.local/lib/python3.12/site-packages/airflow/example_dags/example_nested_branch_dag.py
[2024-04-25T23:48:34.369+0000] {logging_mixin.py:188} INFO - [2024-04-25T23:48:34.369+0000] {dag.py:3096} INFO - Sync 1 DAGs
[2024-04-25T23:48:34.399+0000] {logging_mixin.py:188} INFO - [2024-04-25T23:48:34.399+0000] {dag.py:3954} INFO - Setting next_dagrun for example_nested_branch_dag to 2024-04-24 00:00:00+00:00, run_after=2024-04-25 00:00:00+00:00
[2024-04-25T23:48:34.425+0000] {processor.py:183} INFO - Processing /home/airflow/.local/lib/python3.12/site-packages/airflow/example_dags/example_nested_branch_dag.py took 0.095 seconds
[2024-04-25T23:49:04.621+0000] {processor.py:161} INFO - Started process (PID=1526) to work on /home/airflow/.local/lib/python3.12/site-packages/airflow/example_dags/example_nested_branch_dag.py
[2024-04-25T23:49:04.623+0000] {processor.py:830} INFO - Processing file /home/airflow/.local/lib/python3.12/site-packages/airflow/example_dags/example_nested_branch_dag.py for tasks to queue
[2024-04-25T23:49:04.627+0000] {logging_mixin.py:188} INFO - [2024-04-25T23:49:04.627+0000] {dagbag.py:540} INFO - Filling up the DagBag from /home/airflow/.local/lib/python3.12/site-packages/airflow/example_dags/example_nested_branch_dag.py
[2024-04-25T23:49:04.649+0000] {processor.py:840} INFO - DAG(s) 'example_nested_branch_dag' retrieved from /home/airflow/.local/lib/python3.12/site-packages/airflow/example_dags/example_nested_branch_dag.py
[2024-04-25T23:49:04.699+0000] {logging_mixin.py:188} INFO - [2024-04-25T23:49:04.699+0000] {dag.py:3096} INFO - Sync 1 DAGs
[2024-04-25T23:49:04.719+0000] {logging_mixin.py:188} INFO - [2024-04-25T23:49:04.719+0000] {dag.py:3954} INFO - Setting next_dagrun for example_nested_branch_dag to 2024-04-24 00:00:00+00:00, run_after=2024-04-25 00:00:00+00:00
[2024-04-25T23:49:04.741+0000] {processor.py:183} INFO - Processing /home/airflow/.local/lib/python3.12/site-packages/airflow/example_dags/example_nested_branch_dag.py took 0.129 seconds
[2024-04-25T23:49:35.020+0000] {processor.py:161} INFO - Started process (PID=1585) to work on /home/airflow/.local/lib/python3.12/site-packages/airflow/example_dags/example_nested_branch_dag.py
[2024-04-25T23:49:35.021+0000] {processor.py:830} INFO - Processing file /home/airflow/.local/lib/python3.12/site-packages/airflow/example_dags/example_nested_branch_dag.py for tasks to queue
[2024-04-25T23:49:35.023+0000] {logging_mixin.py:188} INFO - [2024-04-25T23:49:35.023+0000] {dagbag.py:540} INFO - Filling up the DagBag from /home/airflow/.local/lib/python3.12/site-packages/airflow/example_dags/example_nested_branch_dag.py
[2024-04-25T23:49:35.031+0000] {processor.py:840} INFO - DAG(s) 'example_nested_branch_dag' retrieved from /home/airflow/.local/lib/python3.12/site-packages/airflow/example_dags/example_nested_branch_dag.py
[2024-04-25T23:49:35.050+0000] {logging_mixin.py:188} INFO - [2024-04-25T23:49:35.049+0000] {dag.py:3096} INFO - Sync 1 DAGs
[2024-04-25T23:49:35.071+0000] {logging_mixin.py:188} INFO - [2024-04-25T23:49:35.071+0000] {dag.py:3954} INFO - Setting next_dagrun for example_nested_branch_dag to 2024-04-24 00:00:00+00:00, run_after=2024-04-25 00:00:00+00:00
[2024-04-25T23:49:35.101+0000] {processor.py:183} INFO - Processing /home/airflow/.local/lib/python3.12/site-packages/airflow/example_dags/example_nested_branch_dag.py took 0.086 seconds
[2024-04-25T23:50:05.843+0000] {processor.py:161} INFO - Started process (PID=1644) to work on /home/airflow/.local/lib/python3.12/site-packages/airflow/example_dags/example_nested_branch_dag.py
[2024-04-25T23:50:05.845+0000] {processor.py:830} INFO - Processing file /home/airflow/.local/lib/python3.12/site-packages/airflow/example_dags/example_nested_branch_dag.py for tasks to queue
[2024-04-25T23:50:05.847+0000] {logging_mixin.py:188} INFO - [2024-04-25T23:50:05.846+0000] {dagbag.py:540} INFO - Filling up the DagBag from /home/airflow/.local/lib/python3.12/site-packages/airflow/example_dags/example_nested_branch_dag.py
[2024-04-25T23:50:05.855+0000] {processor.py:840} INFO - DAG(s) 'example_nested_branch_dag' retrieved from /home/airflow/.local/lib/python3.12/site-packages/airflow/example_dags/example_nested_branch_dag.py
[2024-04-25T23:50:05.872+0000] {logging_mixin.py:188} INFO - [2024-04-25T23:50:05.872+0000] {dag.py:3096} INFO - Sync 1 DAGs
[2024-04-25T23:50:05.890+0000] {logging_mixin.py:188} INFO - [2024-04-25T23:50:05.889+0000] {dag.py:3954} INFO - Setting next_dagrun for example_nested_branch_dag to 2024-04-24 00:00:00+00:00, run_after=2024-04-25 00:00:00+00:00
[2024-04-25T23:50:05.906+0000] {processor.py:183} INFO - Processing /home/airflow/.local/lib/python3.12/site-packages/airflow/example_dags/example_nested_branch_dag.py took 0.071 seconds
[2024-04-25T23:50:36.168+0000] {processor.py:161} INFO - Started process (PID=1703) to work on /home/airflow/.local/lib/python3.12/site-packages/airflow/example_dags/example_nested_branch_dag.py
[2024-04-25T23:50:36.169+0000] {processor.py:830} INFO - Processing file /home/airflow/.local/lib/python3.12/site-packages/airflow/example_dags/example_nested_branch_dag.py for tasks to queue
[2024-04-25T23:50:36.172+0000] {logging_mixin.py:188} INFO - [2024-04-25T23:50:36.171+0000] {dagbag.py:540} INFO - Filling up the DagBag from /home/airflow/.local/lib/python3.12/site-packages/airflow/example_dags/example_nested_branch_dag.py
[2024-04-25T23:50:36.180+0000] {processor.py:840} INFO - DAG(s) 'example_nested_branch_dag' retrieved from /home/airflow/.local/lib/python3.12/site-packages/airflow/example_dags/example_nested_branch_dag.py
[2024-04-25T23:50:36.201+0000] {logging_mixin.py:188} INFO - [2024-04-25T23:50:36.201+0000] {dag.py:3096} INFO - Sync 1 DAGs
[2024-04-25T23:50:36.225+0000] {logging_mixin.py:188} INFO - [2024-04-25T23:50:36.224+0000] {dag.py:3954} INFO - Setting next_dagrun for example_nested_branch_dag to 2024-04-24 00:00:00+00:00, run_after=2024-04-25 00:00:00+00:00
[2024-04-25T23:50:36.243+0000] {processor.py:183} INFO - Processing /home/airflow/.local/lib/python3.12/site-packages/airflow/example_dags/example_nested_branch_dag.py took 0.080 seconds
[2024-04-25T23:51:06.560+0000] {processor.py:161} INFO - Started process (PID=1762) to work on /home/airflow/.local/lib/python3.12/site-packages/airflow/example_dags/example_nested_branch_dag.py
[2024-04-25T23:51:06.561+0000] {processor.py:830} INFO - Processing file /home/airflow/.local/lib/python3.12/site-packages/airflow/example_dags/example_nested_branch_dag.py for tasks to queue
[2024-04-25T23:51:06.563+0000] {logging_mixin.py:188} INFO - [2024-04-25T23:51:06.563+0000] {dagbag.py:540} INFO - Filling up the DagBag from /home/airflow/.local/lib/python3.12/site-packages/airflow/example_dags/example_nested_branch_dag.py
[2024-04-25T23:51:06.572+0000] {processor.py:840} INFO - DAG(s) 'example_nested_branch_dag' retrieved from /home/airflow/.local/lib/python3.12/site-packages/airflow/example_dags/example_nested_branch_dag.py
[2024-04-25T23:51:06.591+0000] {logging_mixin.py:188} INFO - [2024-04-25T23:51:06.590+0000] {dag.py:3096} INFO - Sync 1 DAGs
[2024-04-25T23:51:06.608+0000] {logging_mixin.py:188} INFO - [2024-04-25T23:51:06.608+0000] {dag.py:3954} INFO - Setting next_dagrun for example_nested_branch_dag to 2024-04-24 00:00:00+00:00, run_after=2024-04-25 00:00:00+00:00
[2024-04-25T23:51:06.624+0000] {processor.py:183} INFO - Processing /home/airflow/.local/lib/python3.12/site-packages/airflow/example_dags/example_nested_branch_dag.py took 0.069 seconds
[2024-04-25T23:51:36.726+0000] {processor.py:161} INFO - Started process (PID=1821) to work on /home/airflow/.local/lib/python3.12/site-packages/airflow/example_dags/example_nested_branch_dag.py
[2024-04-25T23:51:36.727+0000] {processor.py:830} INFO - Processing file /home/airflow/.local/lib/python3.12/site-packages/airflow/example_dags/example_nested_branch_dag.py for tasks to queue
[2024-04-25T23:51:36.729+0000] {logging_mixin.py:188} INFO - [2024-04-25T23:51:36.729+0000] {dagbag.py:540} INFO - Filling up the DagBag from /home/airflow/.local/lib/python3.12/site-packages/airflow/example_dags/example_nested_branch_dag.py
[2024-04-25T23:51:36.738+0000] {processor.py:840} INFO - DAG(s) 'example_nested_branch_dag' retrieved from /home/airflow/.local/lib/python3.12/site-packages/airflow/example_dags/example_nested_branch_dag.py
[2024-04-25T23:51:36.755+0000] {logging_mixin.py:188} INFO - [2024-04-25T23:51:36.755+0000] {dag.py:3096} INFO - Sync 1 DAGs
[2024-04-25T23:51:36.774+0000] {logging_mixin.py:188} INFO - [2024-04-25T23:51:36.774+0000] {dag.py:3954} INFO - Setting next_dagrun for example_nested_branch_dag to 2024-04-24 00:00:00+00:00, run_after=2024-04-25 00:00:00+00:00
[2024-04-25T23:51:36.789+0000] {processor.py:183} INFO - Processing /home/airflow/.local/lib/python3.12/site-packages/airflow/example_dags/example_nested_branch_dag.py took 0.068 seconds
[2024-04-25T23:52:06.904+0000] {processor.py:161} INFO - Started process (PID=1880) to work on /home/airflow/.local/lib/python3.12/site-packages/airflow/example_dags/example_nested_branch_dag.py
[2024-04-25T23:52:06.905+0000] {processor.py:830} INFO - Processing file /home/airflow/.local/lib/python3.12/site-packages/airflow/example_dags/example_nested_branch_dag.py for tasks to queue
[2024-04-25T23:52:06.908+0000] {logging_mixin.py:188} INFO - [2024-04-25T23:52:06.907+0000] {dagbag.py:540} INFO - Filling up the DagBag from /home/airflow/.local/lib/python3.12/site-packages/airflow/example_dags/example_nested_branch_dag.py
[2024-04-25T23:52:06.915+0000] {processor.py:840} INFO - DAG(s) 'example_nested_branch_dag' retrieved from /home/airflow/.local/lib/python3.12/site-packages/airflow/example_dags/example_nested_branch_dag.py
[2024-04-25T23:52:06.935+0000] {logging_mixin.py:188} INFO - [2024-04-25T23:52:06.934+0000] {dag.py:3096} INFO - Sync 1 DAGs
[2024-04-25T23:52:06.953+0000] {logging_mixin.py:188} INFO - [2024-04-25T23:52:06.953+0000] {dag.py:3954} INFO - Setting next_dagrun for example_nested_branch_dag to 2024-04-24 00:00:00+00:00, run_after=2024-04-25 00:00:00+00:00
[2024-04-25T23:52:06.968+0000] {processor.py:183} INFO - Processing /home/airflow/.local/lib/python3.12/site-packages/airflow/example_dags/example_nested_branch_dag.py took 0.069 seconds
[2024-04-25T23:52:37.079+0000] {processor.py:161} INFO - Started process (PID=1939) to work on /home/airflow/.local/lib/python3.12/site-packages/airflow/example_dags/example_nested_branch_dag.py
[2024-04-25T23:52:37.080+0000] {processor.py:830} INFO - Processing file /home/airflow/.local/lib/python3.12/site-packages/airflow/example_dags/example_nested_branch_dag.py for tasks to queue
[2024-04-25T23:52:37.082+0000] {logging_mixin.py:188} INFO - [2024-04-25T23:52:37.082+0000] {dagbag.py:540} INFO - Filling up the DagBag from /home/airflow/.local/lib/python3.12/site-packages/airflow/example_dags/example_nested_branch_dag.py
[2024-04-25T23:52:37.090+0000] {processor.py:840} INFO - DAG(s) 'example_nested_branch_dag' retrieved from /home/airflow/.local/lib/python3.12/site-packages/airflow/example_dags/example_nested_branch_dag.py
[2024-04-25T23:52:37.107+0000] {logging_mixin.py:188} INFO - [2024-04-25T23:52:37.107+0000] {dag.py:3096} INFO - Sync 1 DAGs
[2024-04-25T23:52:37.127+0000] {logging_mixin.py:188} INFO - [2024-04-25T23:52:37.127+0000] {dag.py:3954} INFO - Setting next_dagrun for example_nested_branch_dag to 2024-04-24 00:00:00+00:00, run_after=2024-04-25 00:00:00+00:00
[2024-04-25T23:52:37.143+0000] {processor.py:183} INFO - Processing /home/airflow/.local/lib/python3.12/site-packages/airflow/example_dags/example_nested_branch_dag.py took 0.070 seconds
[2024-04-25T23:53:07.254+0000] {processor.py:161} INFO - Started process (PID=1998) to work on /home/airflow/.local/lib/python3.12/site-packages/airflow/example_dags/example_nested_branch_dag.py
[2024-04-25T23:53:07.255+0000] {processor.py:830} INFO - Processing file /home/airflow/.local/lib/python3.12/site-packages/airflow/example_dags/example_nested_branch_dag.py for tasks to queue
[2024-04-25T23:53:07.257+0000] {logging_mixin.py:188} INFO - [2024-04-25T23:53:07.256+0000] {dagbag.py:540} INFO - Filling up the DagBag from /home/airflow/.local/lib/python3.12/site-packages/airflow/example_dags/example_nested_branch_dag.py
[2024-04-25T23:53:07.267+0000] {processor.py:840} INFO - DAG(s) 'example_nested_branch_dag' retrieved from /home/airflow/.local/lib/python3.12/site-packages/airflow/example_dags/example_nested_branch_dag.py
[2024-04-25T23:53:07.293+0000] {logging_mixin.py:188} INFO - [2024-04-25T23:53:07.293+0000] {dag.py:3096} INFO - Sync 1 DAGs
[2024-04-25T23:53:07.324+0000] {logging_mixin.py:188} INFO - [2024-04-25T23:53:07.324+0000] {dag.py:3954} INFO - Setting next_dagrun for example_nested_branch_dag to 2024-04-24 00:00:00+00:00, run_after=2024-04-25 00:00:00+00:00
[2024-04-25T23:53:07.353+0000] {processor.py:183} INFO - Processing /home/airflow/.local/lib/python3.12/site-packages/airflow/example_dags/example_nested_branch_dag.py took 0.105 seconds
[2024-04-25T23:53:37.440+0000] {processor.py:161} INFO - Started process (PID=2057) to work on /home/airflow/.local/lib/python3.12/site-packages/airflow/example_dags/example_nested_branch_dag.py
[2024-04-25T23:53:37.441+0000] {processor.py:830} INFO - Processing file /home/airflow/.local/lib/python3.12/site-packages/airflow/example_dags/example_nested_branch_dag.py for tasks to queue
[2024-04-25T23:53:37.443+0000] {logging_mixin.py:188} INFO - [2024-04-25T23:53:37.443+0000] {dagbag.py:540} INFO - Filling up the DagBag from /home/airflow/.local/lib/python3.12/site-packages/airflow/example_dags/example_nested_branch_dag.py
[2024-04-25T23:53:37.452+0000] {processor.py:840} INFO - DAG(s) 'example_nested_branch_dag' retrieved from /home/airflow/.local/lib/python3.12/site-packages/airflow/example_dags/example_nested_branch_dag.py
[2024-04-25T23:53:37.473+0000] {logging_mixin.py:188} INFO - [2024-04-25T23:53:37.472+0000] {dag.py:3096} INFO - Sync 1 DAGs
[2024-04-25T23:53:37.494+0000] {logging_mixin.py:188} INFO - [2024-04-25T23:53:37.493+0000] {dag.py:3954} INFO - Setting next_dagrun for example_nested_branch_dag to 2024-04-24 00:00:00+00:00, run_after=2024-04-25 00:00:00+00:00
[2024-04-25T23:53:37.512+0000] {processor.py:183} INFO - Processing /home/airflow/.local/lib/python3.12/site-packages/airflow/example_dags/example_nested_branch_dag.py took 0.079 seconds
[2024-04-25T23:54:07.710+0000] {processor.py:161} INFO - Started process (PID=2116) to work on /home/airflow/.local/lib/python3.12/site-packages/airflow/example_dags/example_nested_branch_dag.py
[2024-04-25T23:54:07.711+0000] {processor.py:830} INFO - Processing file /home/airflow/.local/lib/python3.12/site-packages/airflow/example_dags/example_nested_branch_dag.py for tasks to queue
[2024-04-25T23:54:07.713+0000] {logging_mixin.py:188} INFO - [2024-04-25T23:54:07.712+0000] {dagbag.py:540} INFO - Filling up the DagBag from /home/airflow/.local/lib/python3.12/site-packages/airflow/example_dags/example_nested_branch_dag.py
[2024-04-25T23:54:07.722+0000] {processor.py:840} INFO - DAG(s) 'example_nested_branch_dag' retrieved from /home/airflow/.local/lib/python3.12/site-packages/airflow/example_dags/example_nested_branch_dag.py
[2024-04-25T23:54:07.740+0000] {logging_mixin.py:188} INFO - [2024-04-25T23:54:07.740+0000] {dag.py:3096} INFO - Sync 1 DAGs
[2024-04-25T23:54:07.760+0000] {logging_mixin.py:188} INFO - [2024-04-25T23:54:07.759+0000] {dag.py:3954} INFO - Setting next_dagrun for example_nested_branch_dag to 2024-04-24 00:00:00+00:00, run_after=2024-04-25 00:00:00+00:00
[2024-04-25T23:54:07.779+0000] {processor.py:183} INFO - Processing /home/airflow/.local/lib/python3.12/site-packages/airflow/example_dags/example_nested_branch_dag.py took 0.075 seconds
[2024-04-25T23:54:38.005+0000] {processor.py:161} INFO - Started process (PID=2175) to work on /home/airflow/.local/lib/python3.12/site-packages/airflow/example_dags/example_nested_branch_dag.py
[2024-04-25T23:54:38.006+0000] {processor.py:830} INFO - Processing file /home/airflow/.local/lib/python3.12/site-packages/airflow/example_dags/example_nested_branch_dag.py for tasks to queue
[2024-04-25T23:54:38.008+0000] {logging_mixin.py:188} INFO - [2024-04-25T23:54:38.008+0000] {dagbag.py:540} INFO - Filling up the DagBag from /home/airflow/.local/lib/python3.12/site-packages/airflow/example_dags/example_nested_branch_dag.py
[2024-04-25T23:54:38.017+0000] {processor.py:840} INFO - DAG(s) 'example_nested_branch_dag' retrieved from /home/airflow/.local/lib/python3.12/site-packages/airflow/example_dags/example_nested_branch_dag.py
[2024-04-25T23:54:38.035+0000] {logging_mixin.py:188} INFO - [2024-04-25T23:54:38.035+0000] {dag.py:3096} INFO - Sync 1 DAGs
[2024-04-25T23:54:38.055+0000] {logging_mixin.py:188} INFO - [2024-04-25T23:54:38.055+0000] {dag.py:3954} INFO - Setting next_dagrun for example_nested_branch_dag to 2024-04-24 00:00:00+00:00, run_after=2024-04-25 00:00:00+00:00
[2024-04-25T23:54:38.073+0000] {processor.py:183} INFO - Processing /home/airflow/.local/lib/python3.12/site-packages/airflow/example_dags/example_nested_branch_dag.py took 0.073 seconds
[2024-04-25T23:55:08.138+0000] {processor.py:161} INFO - Started process (PID=2234) to work on /home/airflow/.local/lib/python3.12/site-packages/airflow/example_dags/example_nested_branch_dag.py
[2024-04-25T23:55:08.139+0000] {processor.py:830} INFO - Processing file /home/airflow/.local/lib/python3.12/site-packages/airflow/example_dags/example_nested_branch_dag.py for tasks to queue
[2024-04-25T23:55:08.141+0000] {logging_mixin.py:188} INFO - [2024-04-25T23:55:08.141+0000] {dagbag.py:540} INFO - Filling up the DagBag from /home/airflow/.local/lib/python3.12/site-packages/airflow/example_dags/example_nested_branch_dag.py
[2024-04-25T23:55:08.150+0000] {processor.py:840} INFO - DAG(s) 'example_nested_branch_dag' retrieved from /home/airflow/.local/lib/python3.12/site-packages/airflow/example_dags/example_nested_branch_dag.py
[2024-04-25T23:55:08.168+0000] {logging_mixin.py:188} INFO - [2024-04-25T23:55:08.168+0000] {dag.py:3096} INFO - Sync 1 DAGs
[2024-04-25T23:55:08.189+0000] {logging_mixin.py:188} INFO - [2024-04-25T23:55:08.189+0000] {dag.py:3954} INFO - Setting next_dagrun for example_nested_branch_dag to 2024-04-24 00:00:00+00:00, run_after=2024-04-25 00:00:00+00:00
[2024-04-25T23:55:08.207+0000] {processor.py:183} INFO - Processing /home/airflow/.local/lib/python3.12/site-packages/airflow/example_dags/example_nested_branch_dag.py took 0.074 seconds
[2024-04-25T23:55:38.289+0000] {processor.py:161} INFO - Started process (PID=2293) to work on /home/airflow/.local/lib/python3.12/site-packages/airflow/example_dags/example_nested_branch_dag.py
[2024-04-25T23:55:38.290+0000] {processor.py:830} INFO - Processing file /home/airflow/.local/lib/python3.12/site-packages/airflow/example_dags/example_nested_branch_dag.py for tasks to queue
[2024-04-25T23:55:38.293+0000] {logging_mixin.py:188} INFO - [2024-04-25T23:55:38.292+0000] {dagbag.py:540} INFO - Filling up the DagBag from /home/airflow/.local/lib/python3.12/site-packages/airflow/example_dags/example_nested_branch_dag.py
[2024-04-25T23:55:38.301+0000] {processor.py:840} INFO - DAG(s) 'example_nested_branch_dag' retrieved from /home/airflow/.local/lib/python3.12/site-packages/airflow/example_dags/example_nested_branch_dag.py
[2024-04-25T23:55:38.320+0000] {logging_mixin.py:188} INFO - [2024-04-25T23:55:38.319+0000] {dag.py:3096} INFO - Sync 1 DAGs
[2024-04-25T23:55:38.341+0000] {logging_mixin.py:188} INFO - [2024-04-25T23:55:38.341+0000] {dag.py:3954} INFO - Setting next_dagrun for example_nested_branch_dag to 2024-04-24 00:00:00+00:00, run_after=2024-04-25 00:00:00+00:00
[2024-04-25T23:55:38.359+0000] {processor.py:183} INFO - Processing /home/airflow/.local/lib/python3.12/site-packages/airflow/example_dags/example_nested_branch_dag.py took 0.076 seconds
[2024-04-25T23:56:09.231+0000] {processor.py:161} INFO - Started process (PID=2352) to work on /home/airflow/.local/lib/python3.12/site-packages/airflow/example_dags/example_nested_branch_dag.py
[2024-04-25T23:56:09.232+0000] {processor.py:830} INFO - Processing file /home/airflow/.local/lib/python3.12/site-packages/airflow/example_dags/example_nested_branch_dag.py for tasks to queue
[2024-04-25T23:56:09.234+0000] {logging_mixin.py:188} INFO - [2024-04-25T23:56:09.234+0000] {dagbag.py:540} INFO - Filling up the DagBag from /home/airflow/.local/lib/python3.12/site-packages/airflow/example_dags/example_nested_branch_dag.py
[2024-04-25T23:56:09.243+0000] {processor.py:840} INFO - DAG(s) 'example_nested_branch_dag' retrieved from /home/airflow/.local/lib/python3.12/site-packages/airflow/example_dags/example_nested_branch_dag.py
[2024-04-25T23:56:09.263+0000] {logging_mixin.py:188} INFO - [2024-04-25T23:56:09.263+0000] {dag.py:3096} INFO - Sync 1 DAGs
[2024-04-25T23:56:09.282+0000] {logging_mixin.py:188} INFO - [2024-04-25T23:56:09.282+0000] {dag.py:3954} INFO - Setting next_dagrun for example_nested_branch_dag to 2024-04-24 00:00:00+00:00, run_after=2024-04-25 00:00:00+00:00
[2024-04-25T23:56:09.301+0000] {processor.py:183} INFO - Processing /home/airflow/.local/lib/python3.12/site-packages/airflow/example_dags/example_nested_branch_dag.py took 0.074 seconds
[2024-04-25T23:56:39.752+0000] {processor.py:161} INFO - Started process (PID=2411) to work on /home/airflow/.local/lib/python3.12/site-packages/airflow/example_dags/example_nested_branch_dag.py
[2024-04-25T23:56:39.753+0000] {processor.py:830} INFO - Processing file /home/airflow/.local/lib/python3.12/site-packages/airflow/example_dags/example_nested_branch_dag.py for tasks to queue
[2024-04-25T23:56:39.757+0000] {logging_mixin.py:188} INFO - [2024-04-25T23:56:39.757+0000] {dagbag.py:540} INFO - Filling up the DagBag from /home/airflow/.local/lib/python3.12/site-packages/airflow/example_dags/example_nested_branch_dag.py
[2024-04-25T23:56:39.766+0000] {processor.py:840} INFO - DAG(s) 'example_nested_branch_dag' retrieved from /home/airflow/.local/lib/python3.12/site-packages/airflow/example_dags/example_nested_branch_dag.py
[2024-04-25T23:56:39.793+0000] {logging_mixin.py:188} INFO - [2024-04-25T23:56:39.792+0000] {dag.py:3096} INFO - Sync 1 DAGs
[2024-04-25T23:56:39.819+0000] {logging_mixin.py:188} INFO - [2024-04-25T23:56:39.818+0000] {dag.py:3954} INFO - Setting next_dagrun for example_nested_branch_dag to 2024-04-24 00:00:00+00:00, run_after=2024-04-25 00:00:00+00:00
[2024-04-25T23:56:39.845+0000] {processor.py:183} INFO - Processing /home/airflow/.local/lib/python3.12/site-packages/airflow/example_dags/example_nested_branch_dag.py took 0.099 seconds
[2024-04-25T23:57:10.630+0000] {processor.py:161} INFO - Started process (PID=2470) to work on /home/airflow/.local/lib/python3.12/site-packages/airflow/example_dags/example_nested_branch_dag.py
[2024-04-25T23:57:10.631+0000] {processor.py:830} INFO - Processing file /home/airflow/.local/lib/python3.12/site-packages/airflow/example_dags/example_nested_branch_dag.py for tasks to queue
[2024-04-25T23:57:10.633+0000] {logging_mixin.py:188} INFO - [2024-04-25T23:57:10.632+0000] {dagbag.py:540} INFO - Filling up the DagBag from /home/airflow/.local/lib/python3.12/site-packages/airflow/example_dags/example_nested_branch_dag.py
[2024-04-25T23:57:10.641+0000] {processor.py:840} INFO - DAG(s) 'example_nested_branch_dag' retrieved from /home/airflow/.local/lib/python3.12/site-packages/airflow/example_dags/example_nested_branch_dag.py
[2024-04-25T23:57:10.661+0000] {logging_mixin.py:188} INFO - [2024-04-25T23:57:10.661+0000] {dag.py:3096} INFO - Sync 1 DAGs
[2024-04-25T23:57:10.681+0000] {logging_mixin.py:188} INFO - [2024-04-25T23:57:10.681+0000] {dag.py:3954} INFO - Setting next_dagrun for example_nested_branch_dag to 2024-04-24 00:00:00+00:00, run_after=2024-04-25 00:00:00+00:00
[2024-04-25T23:57:10.701+0000] {processor.py:183} INFO - Processing /home/airflow/.local/lib/python3.12/site-packages/airflow/example_dags/example_nested_branch_dag.py took 0.076 seconds
[2024-04-25T23:57:41.253+0000] {processor.py:161} INFO - Started process (PID=2529) to work on /home/airflow/.local/lib/python3.12/site-packages/airflow/example_dags/example_nested_branch_dag.py
[2024-04-25T23:57:41.254+0000] {processor.py:830} INFO - Processing file /home/airflow/.local/lib/python3.12/site-packages/airflow/example_dags/example_nested_branch_dag.py for tasks to queue
[2024-04-25T23:57:41.256+0000] {logging_mixin.py:188} INFO - [2024-04-25T23:57:41.255+0000] {dagbag.py:540} INFO - Filling up the DagBag from /home/airflow/.local/lib/python3.12/site-packages/airflow/example_dags/example_nested_branch_dag.py
[2024-04-25T23:57:41.264+0000] {processor.py:840} INFO - DAG(s) 'example_nested_branch_dag' retrieved from /home/airflow/.local/lib/python3.12/site-packages/airflow/example_dags/example_nested_branch_dag.py
[2024-04-25T23:57:41.284+0000] {logging_mixin.py:188} INFO - [2024-04-25T23:57:41.284+0000] {dag.py:3096} INFO - Sync 1 DAGs
[2024-04-25T23:57:41.306+0000] {logging_mixin.py:188} INFO - [2024-04-25T23:57:41.306+0000] {dag.py:3954} INFO - Setting next_dagrun for example_nested_branch_dag to 2024-04-24 00:00:00+00:00, run_after=2024-04-25 00:00:00+00:00
[2024-04-25T23:57:41.324+0000] {processor.py:183} INFO - Processing /home/airflow/.local/lib/python3.12/site-packages/airflow/example_dags/example_nested_branch_dag.py took 0.076 seconds
[2024-04-25T23:58:11.371+0000] {processor.py:161} INFO - Started process (PID=2588) to work on /home/airflow/.local/lib/python3.12/site-packages/airflow/example_dags/example_nested_branch_dag.py
[2024-04-25T23:58:11.372+0000] {processor.py:830} INFO - Processing file /home/airflow/.local/lib/python3.12/site-packages/airflow/example_dags/example_nested_branch_dag.py for tasks to queue
[2024-04-25T23:58:11.374+0000] {logging_mixin.py:188} INFO - [2024-04-25T23:58:11.374+0000] {dagbag.py:540} INFO - Filling up the DagBag from /home/airflow/.local/lib/python3.12/site-packages/airflow/example_dags/example_nested_branch_dag.py
[2024-04-25T23:58:11.383+0000] {processor.py:840} INFO - DAG(s) 'example_nested_branch_dag' retrieved from /home/airflow/.local/lib/python3.12/site-packages/airflow/example_dags/example_nested_branch_dag.py
[2024-04-25T23:58:11.401+0000] {logging_mixin.py:188} INFO - [2024-04-25T23:58:11.401+0000] {dag.py:3096} INFO - Sync 1 DAGs
[2024-04-25T23:58:11.420+0000] {logging_mixin.py:188} INFO - [2024-04-25T23:58:11.420+0000] {dag.py:3954} INFO - Setting next_dagrun for example_nested_branch_dag to 2024-04-24 00:00:00+00:00, run_after=2024-04-25 00:00:00+00:00
[2024-04-25T23:58:11.437+0000] {processor.py:183} INFO - Processing /home/airflow/.local/lib/python3.12/site-packages/airflow/example_dags/example_nested_branch_dag.py took 0.071 seconds
[2024-04-25T23:58:41.672+0000] {processor.py:161} INFO - Started process (PID=2647) to work on /home/airflow/.local/lib/python3.12/site-packages/airflow/example_dags/example_nested_branch_dag.py
[2024-04-25T23:58:41.673+0000] {processor.py:830} INFO - Processing file /home/airflow/.local/lib/python3.12/site-packages/airflow/example_dags/example_nested_branch_dag.py for tasks to queue
[2024-04-25T23:58:41.675+0000] {logging_mixin.py:188} INFO - [2024-04-25T23:58:41.675+0000] {dagbag.py:540} INFO - Filling up the DagBag from /home/airflow/.local/lib/python3.12/site-packages/airflow/example_dags/example_nested_branch_dag.py
[2024-04-25T23:58:41.684+0000] {processor.py:840} INFO - DAG(s) 'example_nested_branch_dag' retrieved from /home/airflow/.local/lib/python3.12/site-packages/airflow/example_dags/example_nested_branch_dag.py
[2024-04-25T23:58:41.704+0000] {logging_mixin.py:188} INFO - [2024-04-25T23:58:41.703+0000] {dag.py:3096} INFO - Sync 1 DAGs
[2024-04-25T23:58:41.723+0000] {logging_mixin.py:188} INFO - [2024-04-25T23:58:41.723+0000] {dag.py:3954} INFO - Setting next_dagrun for example_nested_branch_dag to 2024-04-24 00:00:00+00:00, run_after=2024-04-25 00:00:00+00:00
[2024-04-25T23:58:41.739+0000] {processor.py:183} INFO - Processing /home/airflow/.local/lib/python3.12/site-packages/airflow/example_dags/example_nested_branch_dag.py took 0.072 seconds
[2024-04-25T23:59:12.313+0000] {processor.py:161} INFO - Started process (PID=2706) to work on /home/airflow/.local/lib/python3.12/site-packages/airflow/example_dags/example_nested_branch_dag.py
[2024-04-25T23:59:12.314+0000] {processor.py:830} INFO - Processing file /home/airflow/.local/lib/python3.12/site-packages/airflow/example_dags/example_nested_branch_dag.py for tasks to queue
[2024-04-25T23:59:12.316+0000] {logging_mixin.py:188} INFO - [2024-04-25T23:59:12.316+0000] {dagbag.py:540} INFO - Filling up the DagBag from /home/airflow/.local/lib/python3.12/site-packages/airflow/example_dags/example_nested_branch_dag.py
[2024-04-25T23:59:12.327+0000] {processor.py:840} INFO - DAG(s) 'example_nested_branch_dag' retrieved from /home/airflow/.local/lib/python3.12/site-packages/airflow/example_dags/example_nested_branch_dag.py
[2024-04-25T23:59:12.350+0000] {logging_mixin.py:188} INFO - [2024-04-25T23:59:12.350+0000] {dag.py:3096} INFO - Sync 1 DAGs
[2024-04-25T23:59:12.375+0000] {logging_mixin.py:188} INFO - [2024-04-25T23:59:12.374+0000] {dag.py:3954} INFO - Setting next_dagrun for example_nested_branch_dag to 2024-04-24 00:00:00+00:00, run_after=2024-04-25 00:00:00+00:00
[2024-04-25T23:59:12.396+0000] {processor.py:183} INFO - Processing /home/airflow/.local/lib/python3.12/site-packages/airflow/example_dags/example_nested_branch_dag.py took 0.089 seconds
[2024-04-25T23:59:42.527+0000] {processor.py:161} INFO - Started process (PID=2765) to work on /home/airflow/.local/lib/python3.12/site-packages/airflow/example_dags/example_nested_branch_dag.py
[2024-04-25T23:59:42.528+0000] {processor.py:830} INFO - Processing file /home/airflow/.local/lib/python3.12/site-packages/airflow/example_dags/example_nested_branch_dag.py for tasks to queue
[2024-04-25T23:59:42.531+0000] {logging_mixin.py:188} INFO - [2024-04-25T23:59:42.531+0000] {dagbag.py:540} INFO - Filling up the DagBag from /home/airflow/.local/lib/python3.12/site-packages/airflow/example_dags/example_nested_branch_dag.py
[2024-04-25T23:59:42.542+0000] {processor.py:840} INFO - DAG(s) 'example_nested_branch_dag' retrieved from /home/airflow/.local/lib/python3.12/site-packages/airflow/example_dags/example_nested_branch_dag.py
[2024-04-25T23:59:42.564+0000] {logging_mixin.py:188} INFO - [2024-04-25T23:59:42.564+0000] {dag.py:3096} INFO - Sync 1 DAGs
[2024-04-25T23:59:42.588+0000] {logging_mixin.py:188} INFO - [2024-04-25T23:59:42.588+0000] {dag.py:3954} INFO - Setting next_dagrun for example_nested_branch_dag to 2024-04-24 00:00:00+00:00, run_after=2024-04-25 00:00:00+00:00
[2024-04-25T23:59:42.608+0000] {processor.py:183} INFO - Processing /home/airflow/.local/lib/python3.12/site-packages/airflow/example_dags/example_nested_branch_dag.py took 0.088 seconds
