[2024-04-25T23:36:24.573+0000] {processor.py:161} INFO - Started process (PID=71) to work on /home/airflow/.local/lib/python3.12/site-packages/airflow/example_dags/example_latest_only.py
[2024-04-25T23:36:24.582+0000] {processor.py:830} INFO - Processing file /home/airflow/.local/lib/python3.12/site-packages/airflow/example_dags/example_latest_only.py for tasks to queue
[2024-04-25T23:36:24.589+0000] {logging_mixin.py:188} INFO - [2024-04-25T23:36:24.588+0000] {dagbag.py:540} INFO - Filling up the DagBag from /home/airflow/.local/lib/python3.12/site-packages/airflow/example_dags/example_latest_only.py
[2024-04-25T23:36:24.613+0000] {processor.py:840} INFO - DAG(s) 'latest_only' retrieved from /home/airflow/.local/lib/python3.12/site-packages/airflow/example_dags/example_latest_only.py
[2024-04-25T23:36:24.671+0000] {logging_mixin.py:188} INFO - [2024-04-25T23:36:24.670+0000] {dag.py:3096} INFO - Sync 1 DAGs
[2024-04-25T23:36:24.730+0000] {logging_mixin.py:188} INFO - [2024-04-25T23:36:24.729+0000] {dag.py:3954} INFO - Setting next_dagrun for latest_only to 2024-04-25 16:00:00+00:00, run_after=2024-04-25 20:00:00+00:00
[2024-04-25T23:36:24.764+0000] {processor.py:183} INFO - Processing /home/airflow/.local/lib/python3.12/site-packages/airflow/example_dags/example_latest_only.py took 0.236 seconds
[2024-04-25T23:36:58.180+0000] {processor.py:161} INFO - Started process (PID=130) to work on /home/airflow/.local/lib/python3.12/site-packages/airflow/example_dags/example_latest_only.py
[2024-04-25T23:36:58.183+0000] {processor.py:830} INFO - Processing file /home/airflow/.local/lib/python3.12/site-packages/airflow/example_dags/example_latest_only.py for tasks to queue
[2024-04-25T23:36:58.186+0000] {logging_mixin.py:188} INFO - [2024-04-25T23:36:58.185+0000] {dagbag.py:540} INFO - Filling up the DagBag from /home/airflow/.local/lib/python3.12/site-packages/airflow/example_dags/example_latest_only.py
[2024-04-25T23:36:58.193+0000] {processor.py:840} INFO - DAG(s) 'latest_only' retrieved from /home/airflow/.local/lib/python3.12/site-packages/airflow/example_dags/example_latest_only.py
[2024-04-25T23:36:58.335+0000] {logging_mixin.py:188} INFO - [2024-04-25T23:36:58.334+0000] {dag.py:3096} INFO - Sync 1 DAGs
[2024-04-25T23:36:58.359+0000] {logging_mixin.py:188} INFO - [2024-04-25T23:36:58.359+0000] {dag.py:3954} INFO - Setting next_dagrun for latest_only to 2024-04-25 16:00:00+00:00, run_after=2024-04-25 20:00:00+00:00
[2024-04-25T23:36:58.407+0000] {processor.py:183} INFO - Processing /home/airflow/.local/lib/python3.12/site-packages/airflow/example_dags/example_latest_only.py took 0.238 seconds
[2024-04-25T23:37:29.113+0000] {processor.py:161} INFO - Started process (PID=189) to work on /home/airflow/.local/lib/python3.12/site-packages/airflow/example_dags/example_latest_only.py
[2024-04-25T23:37:29.114+0000] {processor.py:830} INFO - Processing file /home/airflow/.local/lib/python3.12/site-packages/airflow/example_dags/example_latest_only.py for tasks to queue
[2024-04-25T23:37:29.115+0000] {logging_mixin.py:188} INFO - [2024-04-25T23:37:29.115+0000] {dagbag.py:540} INFO - Filling up the DagBag from /home/airflow/.local/lib/python3.12/site-packages/airflow/example_dags/example_latest_only.py
[2024-04-25T23:37:29.120+0000] {processor.py:840} INFO - DAG(s) 'latest_only' retrieved from /home/airflow/.local/lib/python3.12/site-packages/airflow/example_dags/example_latest_only.py
[2024-04-25T23:37:29.137+0000] {logging_mixin.py:188} INFO - [2024-04-25T23:37:29.137+0000] {dag.py:3096} INFO - Sync 1 DAGs
[2024-04-25T23:37:29.157+0000] {logging_mixin.py:188} INFO - [2024-04-25T23:37:29.157+0000] {dag.py:3954} INFO - Setting next_dagrun for latest_only to 2024-04-25 16:00:00+00:00, run_after=2024-04-25 20:00:00+00:00
[2024-04-25T23:37:29.189+0000] {processor.py:183} INFO - Processing /home/airflow/.local/lib/python3.12/site-packages/airflow/example_dags/example_latest_only.py took 0.081 seconds
[2024-04-25T23:37:59.484+0000] {processor.py:161} INFO - Started process (PID=248) to work on /home/airflow/.local/lib/python3.12/site-packages/airflow/example_dags/example_latest_only.py
[2024-04-25T23:37:59.485+0000] {processor.py:830} INFO - Processing file /home/airflow/.local/lib/python3.12/site-packages/airflow/example_dags/example_latest_only.py for tasks to queue
[2024-04-25T23:37:59.488+0000] {logging_mixin.py:188} INFO - [2024-04-25T23:37:59.488+0000] {dagbag.py:540} INFO - Filling up the DagBag from /home/airflow/.local/lib/python3.12/site-packages/airflow/example_dags/example_latest_only.py
[2024-04-25T23:37:59.492+0000] {processor.py:840} INFO - DAG(s) 'latest_only' retrieved from /home/airflow/.local/lib/python3.12/site-packages/airflow/example_dags/example_latest_only.py
[2024-04-25T23:37:59.511+0000] {logging_mixin.py:188} INFO - [2024-04-25T23:37:59.511+0000] {dag.py:3096} INFO - Sync 1 DAGs
[2024-04-25T23:37:59.533+0000] {logging_mixin.py:188} INFO - [2024-04-25T23:37:59.533+0000] {dag.py:3954} INFO - Setting next_dagrun for latest_only to 2024-04-25 16:00:00+00:00, run_after=2024-04-25 20:00:00+00:00
[2024-04-25T23:37:59.556+0000] {processor.py:183} INFO - Processing /home/airflow/.local/lib/python3.12/site-packages/airflow/example_dags/example_latest_only.py took 0.078 seconds
[2024-04-25T23:38:29.621+0000] {processor.py:161} INFO - Started process (PID=307) to work on /home/airflow/.local/lib/python3.12/site-packages/airflow/example_dags/example_latest_only.py
[2024-04-25T23:38:29.622+0000] {processor.py:830} INFO - Processing file /home/airflow/.local/lib/python3.12/site-packages/airflow/example_dags/example_latest_only.py for tasks to queue
[2024-04-25T23:38:29.623+0000] {logging_mixin.py:188} INFO - [2024-04-25T23:38:29.623+0000] {dagbag.py:540} INFO - Filling up the DagBag from /home/airflow/.local/lib/python3.12/site-packages/airflow/example_dags/example_latest_only.py
[2024-04-25T23:38:29.628+0000] {processor.py:840} INFO - DAG(s) 'latest_only' retrieved from /home/airflow/.local/lib/python3.12/site-packages/airflow/example_dags/example_latest_only.py
[2024-04-25T23:38:29.649+0000] {logging_mixin.py:188} INFO - [2024-04-25T23:38:29.648+0000] {dag.py:3096} INFO - Sync 1 DAGs
[2024-04-25T23:38:29.670+0000] {logging_mixin.py:188} INFO - [2024-04-25T23:38:29.670+0000] {dag.py:3954} INFO - Setting next_dagrun for latest_only to 2024-04-25 16:00:00+00:00, run_after=2024-04-25 20:00:00+00:00
[2024-04-25T23:38:29.689+0000] {processor.py:183} INFO - Processing /home/airflow/.local/lib/python3.12/site-packages/airflow/example_dags/example_latest_only.py took 0.074 seconds
[2024-04-25T23:39:00.649+0000] {processor.py:161} INFO - Started process (PID=367) to work on /home/airflow/.local/lib/python3.12/site-packages/airflow/example_dags/example_latest_only.py
[2024-04-25T23:39:00.650+0000] {processor.py:830} INFO - Processing file /home/airflow/.local/lib/python3.12/site-packages/airflow/example_dags/example_latest_only.py for tasks to queue
[2024-04-25T23:39:00.652+0000] {logging_mixin.py:188} INFO - [2024-04-25T23:39:00.651+0000] {dagbag.py:540} INFO - Filling up the DagBag from /home/airflow/.local/lib/python3.12/site-packages/airflow/example_dags/example_latest_only.py
[2024-04-25T23:39:00.656+0000] {processor.py:840} INFO - DAG(s) 'latest_only' retrieved from /home/airflow/.local/lib/python3.12/site-packages/airflow/example_dags/example_latest_only.py
[2024-04-25T23:39:00.677+0000] {logging_mixin.py:188} INFO - [2024-04-25T23:39:00.676+0000] {dag.py:3096} INFO - Sync 1 DAGs
[2024-04-25T23:39:00.699+0000] {logging_mixin.py:188} INFO - [2024-04-25T23:39:00.699+0000] {dag.py:3954} INFO - Setting next_dagrun for latest_only to 2024-04-25 16:00:00+00:00, run_after=2024-04-25 20:00:00+00:00
[2024-04-25T23:39:00.718+0000] {processor.py:183} INFO - Processing /home/airflow/.local/lib/python3.12/site-packages/airflow/example_dags/example_latest_only.py took 0.074 seconds
[2024-04-25T23:39:30.840+0000] {processor.py:161} INFO - Started process (PID=426) to work on /home/airflow/.local/lib/python3.12/site-packages/airflow/example_dags/example_latest_only.py
[2024-04-25T23:39:30.841+0000] {processor.py:830} INFO - Processing file /home/airflow/.local/lib/python3.12/site-packages/airflow/example_dags/example_latest_only.py for tasks to queue
[2024-04-25T23:39:30.844+0000] {logging_mixin.py:188} INFO - [2024-04-25T23:39:30.844+0000] {dagbag.py:540} INFO - Filling up the DagBag from /home/airflow/.local/lib/python3.12/site-packages/airflow/example_dags/example_latest_only.py
[2024-04-25T23:39:30.848+0000] {processor.py:840} INFO - DAG(s) 'latest_only' retrieved from /home/airflow/.local/lib/python3.12/site-packages/airflow/example_dags/example_latest_only.py
[2024-04-25T23:39:30.867+0000] {logging_mixin.py:188} INFO - [2024-04-25T23:39:30.866+0000] {dag.py:3096} INFO - Sync 1 DAGs
[2024-04-25T23:39:30.888+0000] {logging_mixin.py:188} INFO - [2024-04-25T23:39:30.888+0000] {dag.py:3954} INFO - Setting next_dagrun for latest_only to 2024-04-25 16:00:00+00:00, run_after=2024-04-25 20:00:00+00:00
[2024-04-25T23:39:30.909+0000] {processor.py:183} INFO - Processing /home/airflow/.local/lib/python3.12/site-packages/airflow/example_dags/example_latest_only.py took 0.075 seconds
[2024-04-25T23:40:01.083+0000] {processor.py:161} INFO - Started process (PID=485) to work on /home/airflow/.local/lib/python3.12/site-packages/airflow/example_dags/example_latest_only.py
[2024-04-25T23:40:01.084+0000] {processor.py:830} INFO - Processing file /home/airflow/.local/lib/python3.12/site-packages/airflow/example_dags/example_latest_only.py for tasks to queue
[2024-04-25T23:40:01.085+0000] {logging_mixin.py:188} INFO - [2024-04-25T23:40:01.085+0000] {dagbag.py:540} INFO - Filling up the DagBag from /home/airflow/.local/lib/python3.12/site-packages/airflow/example_dags/example_latest_only.py
[2024-04-25T23:40:01.089+0000] {processor.py:840} INFO - DAG(s) 'latest_only' retrieved from /home/airflow/.local/lib/python3.12/site-packages/airflow/example_dags/example_latest_only.py
[2024-04-25T23:40:01.107+0000] {logging_mixin.py:188} INFO - [2024-04-25T23:40:01.107+0000] {dag.py:3096} INFO - Sync 1 DAGs
[2024-04-25T23:40:01.126+0000] {logging_mixin.py:188} INFO - [2024-04-25T23:40:01.126+0000] {dag.py:3954} INFO - Setting next_dagrun for latest_only to 2024-04-25 16:00:00+00:00, run_after=2024-04-25 20:00:00+00:00
[2024-04-25T23:40:01.145+0000] {processor.py:183} INFO - Processing /home/airflow/.local/lib/python3.12/site-packages/airflow/example_dags/example_latest_only.py took 0.067 seconds
[2024-04-25T23:40:31.487+0000] {processor.py:161} INFO - Started process (PID=544) to work on /home/airflow/.local/lib/python3.12/site-packages/airflow/example_dags/example_latest_only.py
[2024-04-25T23:40:31.488+0000] {processor.py:830} INFO - Processing file /home/airflow/.local/lib/python3.12/site-packages/airflow/example_dags/example_latest_only.py for tasks to queue
[2024-04-25T23:40:31.490+0000] {logging_mixin.py:188} INFO - [2024-04-25T23:40:31.489+0000] {dagbag.py:540} INFO - Filling up the DagBag from /home/airflow/.local/lib/python3.12/site-packages/airflow/example_dags/example_latest_only.py
[2024-04-25T23:40:31.496+0000] {processor.py:840} INFO - DAG(s) 'latest_only' retrieved from /home/airflow/.local/lib/python3.12/site-packages/airflow/example_dags/example_latest_only.py
[2024-04-25T23:40:31.513+0000] {logging_mixin.py:188} INFO - [2024-04-25T23:40:31.512+0000] {dag.py:3096} INFO - Sync 1 DAGs
[2024-04-25T23:40:31.533+0000] {logging_mixin.py:188} INFO - [2024-04-25T23:40:31.533+0000] {dag.py:3954} INFO - Setting next_dagrun for latest_only to 2024-04-25 16:00:00+00:00, run_after=2024-04-25 20:00:00+00:00
[2024-04-25T23:40:31.552+0000] {processor.py:183} INFO - Processing /home/airflow/.local/lib/python3.12/site-packages/airflow/example_dags/example_latest_only.py took 0.072 seconds
[2024-04-25T23:41:01.794+0000] {processor.py:161} INFO - Started process (PID=603) to work on /home/airflow/.local/lib/python3.12/site-packages/airflow/example_dags/example_latest_only.py
[2024-04-25T23:41:01.795+0000] {processor.py:830} INFO - Processing file /home/airflow/.local/lib/python3.12/site-packages/airflow/example_dags/example_latest_only.py for tasks to queue
[2024-04-25T23:41:01.797+0000] {logging_mixin.py:188} INFO - [2024-04-25T23:41:01.796+0000] {dagbag.py:540} INFO - Filling up the DagBag from /home/airflow/.local/lib/python3.12/site-packages/airflow/example_dags/example_latest_only.py
[2024-04-25T23:41:01.801+0000] {processor.py:840} INFO - DAG(s) 'latest_only' retrieved from /home/airflow/.local/lib/python3.12/site-packages/airflow/example_dags/example_latest_only.py
[2024-04-25T23:41:01.818+0000] {logging_mixin.py:188} INFO - [2024-04-25T23:41:01.818+0000] {dag.py:3096} INFO - Sync 1 DAGs
[2024-04-25T23:41:01.838+0000] {logging_mixin.py:188} INFO - [2024-04-25T23:41:01.838+0000] {dag.py:3954} INFO - Setting next_dagrun for latest_only to 2024-04-25 16:00:00+00:00, run_after=2024-04-25 20:00:00+00:00
[2024-04-25T23:41:01.861+0000] {processor.py:183} INFO - Processing /home/airflow/.local/lib/python3.12/site-packages/airflow/example_dags/example_latest_only.py took 0.072 seconds
[2024-04-25T23:41:32.606+0000] {processor.py:161} INFO - Started process (PID=662) to work on /home/airflow/.local/lib/python3.12/site-packages/airflow/example_dags/example_latest_only.py
[2024-04-25T23:41:32.608+0000] {processor.py:830} INFO - Processing file /home/airflow/.local/lib/python3.12/site-packages/airflow/example_dags/example_latest_only.py for tasks to queue
[2024-04-25T23:41:32.610+0000] {logging_mixin.py:188} INFO - [2024-04-25T23:41:32.609+0000] {dagbag.py:540} INFO - Filling up the DagBag from /home/airflow/.local/lib/python3.12/site-packages/airflow/example_dags/example_latest_only.py
[2024-04-25T23:41:32.614+0000] {processor.py:840} INFO - DAG(s) 'latest_only' retrieved from /home/airflow/.local/lib/python3.12/site-packages/airflow/example_dags/example_latest_only.py
[2024-04-25T23:41:32.637+0000] {logging_mixin.py:188} INFO - [2024-04-25T23:41:32.636+0000] {dag.py:3096} INFO - Sync 1 DAGs
[2024-04-25T23:41:32.673+0000] {logging_mixin.py:188} INFO - [2024-04-25T23:41:32.673+0000] {dag.py:3954} INFO - Setting next_dagrun for latest_only to 2024-04-25 16:00:00+00:00, run_after=2024-04-25 20:00:00+00:00
[2024-04-25T23:41:32.710+0000] {processor.py:183} INFO - Processing /home/airflow/.local/lib/python3.12/site-packages/airflow/example_dags/example_latest_only.py took 0.110 seconds
[2024-04-25T23:42:02.738+0000] {processor.py:161} INFO - Started process (PID=720) to work on /home/airflow/.local/lib/python3.12/site-packages/airflow/example_dags/example_latest_only.py
[2024-04-25T23:42:02.739+0000] {processor.py:830} INFO - Processing file /home/airflow/.local/lib/python3.12/site-packages/airflow/example_dags/example_latest_only.py for tasks to queue
[2024-04-25T23:42:02.741+0000] {logging_mixin.py:188} INFO - [2024-04-25T23:42:02.741+0000] {dagbag.py:540} INFO - Filling up the DagBag from /home/airflow/.local/lib/python3.12/site-packages/airflow/example_dags/example_latest_only.py
[2024-04-25T23:42:02.745+0000] {processor.py:840} INFO - DAG(s) 'latest_only' retrieved from /home/airflow/.local/lib/python3.12/site-packages/airflow/example_dags/example_latest_only.py
[2024-04-25T23:42:02.766+0000] {logging_mixin.py:188} INFO - [2024-04-25T23:42:02.766+0000] {dag.py:3096} INFO - Sync 1 DAGs
[2024-04-25T23:42:02.785+0000] {logging_mixin.py:188} INFO - [2024-04-25T23:42:02.785+0000] {dag.py:3954} INFO - Setting next_dagrun for latest_only to 2024-04-25 16:00:00+00:00, run_after=2024-04-25 20:00:00+00:00
[2024-04-25T23:42:02.804+0000] {processor.py:183} INFO - Processing /home/airflow/.local/lib/python3.12/site-packages/airflow/example_dags/example_latest_only.py took 0.071 seconds
[2024-04-25T23:42:33.102+0000] {processor.py:161} INFO - Started process (PID=780) to work on /home/airflow/.local/lib/python3.12/site-packages/airflow/example_dags/example_latest_only.py
[2024-04-25T23:42:33.103+0000] {processor.py:830} INFO - Processing file /home/airflow/.local/lib/python3.12/site-packages/airflow/example_dags/example_latest_only.py for tasks to queue
[2024-04-25T23:42:33.105+0000] {logging_mixin.py:188} INFO - [2024-04-25T23:42:33.104+0000] {dagbag.py:540} INFO - Filling up the DagBag from /home/airflow/.local/lib/python3.12/site-packages/airflow/example_dags/example_latest_only.py
[2024-04-25T23:42:33.109+0000] {processor.py:840} INFO - DAG(s) 'latest_only' retrieved from /home/airflow/.local/lib/python3.12/site-packages/airflow/example_dags/example_latest_only.py
[2024-04-25T23:42:33.128+0000] {logging_mixin.py:188} INFO - [2024-04-25T23:42:33.128+0000] {dag.py:3096} INFO - Sync 1 DAGs
[2024-04-25T23:42:33.151+0000] {logging_mixin.py:188} INFO - [2024-04-25T23:42:33.151+0000] {dag.py:3954} INFO - Setting next_dagrun for latest_only to 2024-04-25 16:00:00+00:00, run_after=2024-04-25 20:00:00+00:00
[2024-04-25T23:42:33.172+0000] {processor.py:183} INFO - Processing /home/airflow/.local/lib/python3.12/site-packages/airflow/example_dags/example_latest_only.py took 0.076 seconds
[2024-04-25T23:43:03.662+0000] {processor.py:161} INFO - Started process (PID=839) to work on /home/airflow/.local/lib/python3.12/site-packages/airflow/example_dags/example_latest_only.py
[2024-04-25T23:43:03.664+0000] {processor.py:830} INFO - Processing file /home/airflow/.local/lib/python3.12/site-packages/airflow/example_dags/example_latest_only.py for tasks to queue
[2024-04-25T23:43:03.667+0000] {logging_mixin.py:188} INFO - [2024-04-25T23:43:03.667+0000] {dagbag.py:540} INFO - Filling up the DagBag from /home/airflow/.local/lib/python3.12/site-packages/airflow/example_dags/example_latest_only.py
[2024-04-25T23:43:03.673+0000] {processor.py:840} INFO - DAG(s) 'latest_only' retrieved from /home/airflow/.local/lib/python3.12/site-packages/airflow/example_dags/example_latest_only.py
[2024-04-25T23:43:03.703+0000] {logging_mixin.py:188} INFO - [2024-04-25T23:43:03.703+0000] {dag.py:3096} INFO - Sync 1 DAGs
[2024-04-25T23:43:03.728+0000] {logging_mixin.py:188} INFO - [2024-04-25T23:43:03.728+0000] {dag.py:3954} INFO - Setting next_dagrun for latest_only to 2024-04-25 16:00:00+00:00, run_after=2024-04-25 20:00:00+00:00
[2024-04-25T23:43:03.752+0000] {processor.py:183} INFO - Processing /home/airflow/.local/lib/python3.12/site-packages/airflow/example_dags/example_latest_only.py took 0.105 seconds
[2024-04-25T23:43:33.793+0000] {processor.py:161} INFO - Started process (PID=903) to work on /home/airflow/.local/lib/python3.12/site-packages/airflow/example_dags/example_latest_only.py
[2024-04-25T23:43:33.794+0000] {processor.py:830} INFO - Processing file /home/airflow/.local/lib/python3.12/site-packages/airflow/example_dags/example_latest_only.py for tasks to queue
[2024-04-25T23:43:33.796+0000] {logging_mixin.py:188} INFO - [2024-04-25T23:43:33.796+0000] {dagbag.py:540} INFO - Filling up the DagBag from /home/airflow/.local/lib/python3.12/site-packages/airflow/example_dags/example_latest_only.py
[2024-04-25T23:43:33.800+0000] {processor.py:840} INFO - DAG(s) 'latest_only' retrieved from /home/airflow/.local/lib/python3.12/site-packages/airflow/example_dags/example_latest_only.py
[2024-04-25T23:43:33.817+0000] {logging_mixin.py:188} INFO - [2024-04-25T23:43:33.817+0000] {dag.py:3096} INFO - Sync 1 DAGs
[2024-04-25T23:43:33.838+0000] {logging_mixin.py:188} INFO - [2024-04-25T23:43:33.838+0000] {dag.py:3954} INFO - Setting next_dagrun for latest_only to 2024-04-25 16:00:00+00:00, run_after=2024-04-25 20:00:00+00:00
[2024-04-25T23:43:34.028+0000] {processor.py:183} INFO - Processing /home/airflow/.local/lib/python3.12/site-packages/airflow/example_dags/example_latest_only.py took 0.241 seconds
[2024-04-25T23:44:04.811+0000] {processor.py:161} INFO - Started process (PID=963) to work on /home/airflow/.local/lib/python3.12/site-packages/airflow/example_dags/example_latest_only.py
[2024-04-25T23:44:04.813+0000] {processor.py:830} INFO - Processing file /home/airflow/.local/lib/python3.12/site-packages/airflow/example_dags/example_latest_only.py for tasks to queue
[2024-04-25T23:44:04.814+0000] {logging_mixin.py:188} INFO - [2024-04-25T23:44:04.814+0000] {dagbag.py:540} INFO - Filling up the DagBag from /home/airflow/.local/lib/python3.12/site-packages/airflow/example_dags/example_latest_only.py
[2024-04-25T23:44:04.819+0000] {processor.py:840} INFO - DAG(s) 'latest_only' retrieved from /home/airflow/.local/lib/python3.12/site-packages/airflow/example_dags/example_latest_only.py
[2024-04-25T23:44:04.838+0000] {logging_mixin.py:188} INFO - [2024-04-25T23:44:04.838+0000] {dag.py:3096} INFO - Sync 1 DAGs
[2024-04-25T23:44:04.858+0000] {logging_mixin.py:188} INFO - [2024-04-25T23:44:04.858+0000] {dag.py:3954} INFO - Setting next_dagrun for latest_only to 2024-04-25 16:00:00+00:00, run_after=2024-04-25 20:00:00+00:00
[2024-04-25T23:44:04.879+0000] {processor.py:183} INFO - Processing /home/airflow/.local/lib/python3.12/site-packages/airflow/example_dags/example_latest_only.py took 0.073 seconds
[2024-04-25T23:44:35.469+0000] {processor.py:161} INFO - Started process (PID=1022) to work on /home/airflow/.local/lib/python3.12/site-packages/airflow/example_dags/example_latest_only.py
[2024-04-25T23:44:35.470+0000] {processor.py:830} INFO - Processing file /home/airflow/.local/lib/python3.12/site-packages/airflow/example_dags/example_latest_only.py for tasks to queue
[2024-04-25T23:44:35.472+0000] {logging_mixin.py:188} INFO - [2024-04-25T23:44:35.472+0000] {dagbag.py:540} INFO - Filling up the DagBag from /home/airflow/.local/lib/python3.12/site-packages/airflow/example_dags/example_latest_only.py
[2024-04-25T23:44:35.480+0000] {processor.py:840} INFO - DAG(s) 'latest_only' retrieved from /home/airflow/.local/lib/python3.12/site-packages/airflow/example_dags/example_latest_only.py
[2024-04-25T23:44:35.505+0000] {logging_mixin.py:188} INFO - [2024-04-25T23:44:35.505+0000] {dag.py:3096} INFO - Sync 1 DAGs
[2024-04-25T23:44:35.533+0000] {logging_mixin.py:188} INFO - [2024-04-25T23:44:35.532+0000] {dag.py:3954} INFO - Setting next_dagrun for latest_only to 2024-04-25 16:00:00+00:00, run_after=2024-04-25 20:00:00+00:00
[2024-04-25T23:44:35.553+0000] {processor.py:183} INFO - Processing /home/airflow/.local/lib/python3.12/site-packages/airflow/example_dags/example_latest_only.py took 0.093 seconds
[2024-04-25T23:45:06.376+0000] {processor.py:161} INFO - Started process (PID=1081) to work on /home/airflow/.local/lib/python3.12/site-packages/airflow/example_dags/example_latest_only.py
[2024-04-25T23:45:06.378+0000] {processor.py:830} INFO - Processing file /home/airflow/.local/lib/python3.12/site-packages/airflow/example_dags/example_latest_only.py for tasks to queue
[2024-04-25T23:45:06.380+0000] {logging_mixin.py:188} INFO - [2024-04-25T23:45:06.380+0000] {dagbag.py:540} INFO - Filling up the DagBag from /home/airflow/.local/lib/python3.12/site-packages/airflow/example_dags/example_latest_only.py
[2024-04-25T23:45:06.385+0000] {processor.py:840} INFO - DAG(s) 'latest_only' retrieved from /home/airflow/.local/lib/python3.12/site-packages/airflow/example_dags/example_latest_only.py
[2024-04-25T23:45:06.410+0000] {logging_mixin.py:188} INFO - [2024-04-25T23:45:06.410+0000] {dag.py:3096} INFO - Sync 1 DAGs
[2024-04-25T23:45:06.431+0000] {logging_mixin.py:188} INFO - [2024-04-25T23:45:06.431+0000] {dag.py:3954} INFO - Setting next_dagrun for latest_only to 2024-04-25 16:00:00+00:00, run_after=2024-04-25 20:00:00+00:00
[2024-04-25T23:45:06.457+0000] {processor.py:183} INFO - Processing /home/airflow/.local/lib/python3.12/site-packages/airflow/example_dags/example_latest_only.py took 0.089 seconds
[2024-04-25T23:45:37.068+0000] {processor.py:161} INFO - Started process (PID=1140) to work on /home/airflow/.local/lib/python3.12/site-packages/airflow/example_dags/example_latest_only.py
[2024-04-25T23:45:37.069+0000] {processor.py:830} INFO - Processing file /home/airflow/.local/lib/python3.12/site-packages/airflow/example_dags/example_latest_only.py for tasks to queue
[2024-04-25T23:45:37.071+0000] {logging_mixin.py:188} INFO - [2024-04-25T23:45:37.071+0000] {dagbag.py:540} INFO - Filling up the DagBag from /home/airflow/.local/lib/python3.12/site-packages/airflow/example_dags/example_latest_only.py
[2024-04-25T23:45:37.076+0000] {processor.py:840} INFO - DAG(s) 'latest_only' retrieved from /home/airflow/.local/lib/python3.12/site-packages/airflow/example_dags/example_latest_only.py
[2024-04-25T23:45:37.095+0000] {logging_mixin.py:188} INFO - [2024-04-25T23:45:37.094+0000] {dag.py:3096} INFO - Sync 1 DAGs
[2024-04-25T23:45:37.114+0000] {logging_mixin.py:188} INFO - [2024-04-25T23:45:37.114+0000] {dag.py:3954} INFO - Setting next_dagrun for latest_only to 2024-04-25 16:00:00+00:00, run_after=2024-04-25 20:00:00+00:00
[2024-04-25T23:45:37.134+0000] {processor.py:183} INFO - Processing /home/airflow/.local/lib/python3.12/site-packages/airflow/example_dags/example_latest_only.py took 0.071 seconds
[2024-04-25T23:46:07.524+0000] {processor.py:161} INFO - Started process (PID=1199) to work on /home/airflow/.local/lib/python3.12/site-packages/airflow/example_dags/example_latest_only.py
[2024-04-25T23:46:07.529+0000] {processor.py:830} INFO - Processing file /home/airflow/.local/lib/python3.12/site-packages/airflow/example_dags/example_latest_only.py for tasks to queue
[2024-04-25T23:46:07.533+0000] {logging_mixin.py:188} INFO - [2024-04-25T23:46:07.532+0000] {dagbag.py:540} INFO - Filling up the DagBag from /home/airflow/.local/lib/python3.12/site-packages/airflow/example_dags/example_latest_only.py
[2024-04-25T23:46:07.546+0000] {processor.py:840} INFO - DAG(s) 'latest_only' retrieved from /home/airflow/.local/lib/python3.12/site-packages/airflow/example_dags/example_latest_only.py
[2024-04-25T23:46:07.590+0000] {logging_mixin.py:188} INFO - [2024-04-25T23:46:07.589+0000] {dag.py:3096} INFO - Sync 1 DAGs
[2024-04-25T23:46:07.768+0000] {logging_mixin.py:188} INFO - [2024-04-25T23:46:07.767+0000] {dag.py:3954} INFO - Setting next_dagrun for latest_only to 2024-04-25 16:00:00+00:00, run_after=2024-04-25 20:00:00+00:00
[2024-04-25T23:46:07.788+0000] {processor.py:183} INFO - Processing /home/airflow/.local/lib/python3.12/site-packages/airflow/example_dags/example_latest_only.py took 0.273 seconds
[2024-04-25T23:46:38.523+0000] {processor.py:161} INFO - Started process (PID=1258) to work on /home/airflow/.local/lib/python3.12/site-packages/airflow/example_dags/example_latest_only.py
[2024-04-25T23:46:38.524+0000] {processor.py:830} INFO - Processing file /home/airflow/.local/lib/python3.12/site-packages/airflow/example_dags/example_latest_only.py for tasks to queue
[2024-04-25T23:46:38.526+0000] {logging_mixin.py:188} INFO - [2024-04-25T23:46:38.526+0000] {dagbag.py:540} INFO - Filling up the DagBag from /home/airflow/.local/lib/python3.12/site-packages/airflow/example_dags/example_latest_only.py
[2024-04-25T23:46:38.532+0000] {processor.py:840} INFO - DAG(s) 'latest_only' retrieved from /home/airflow/.local/lib/python3.12/site-packages/airflow/example_dags/example_latest_only.py
[2024-04-25T23:46:38.554+0000] {logging_mixin.py:188} INFO - [2024-04-25T23:46:38.554+0000] {dag.py:3096} INFO - Sync 1 DAGs
[2024-04-25T23:46:38.574+0000] {logging_mixin.py:188} INFO - [2024-04-25T23:46:38.574+0000] {dag.py:3954} INFO - Setting next_dagrun for latest_only to 2024-04-25 16:00:00+00:00, run_after=2024-04-25 20:00:00+00:00
[2024-04-25T23:46:38.593+0000] {processor.py:183} INFO - Processing /home/airflow/.local/lib/python3.12/site-packages/airflow/example_dags/example_latest_only.py took 0.075 seconds
[2024-04-25T23:47:09.097+0000] {processor.py:161} INFO - Started process (PID=1316) to work on /home/airflow/.local/lib/python3.12/site-packages/airflow/example_dags/example_latest_only.py
[2024-04-25T23:47:09.098+0000] {processor.py:830} INFO - Processing file /home/airflow/.local/lib/python3.12/site-packages/airflow/example_dags/example_latest_only.py for tasks to queue
[2024-04-25T23:47:09.099+0000] {logging_mixin.py:188} INFO - [2024-04-25T23:47:09.099+0000] {dagbag.py:540} INFO - Filling up the DagBag from /home/airflow/.local/lib/python3.12/site-packages/airflow/example_dags/example_latest_only.py
[2024-04-25T23:47:09.103+0000] {processor.py:840} INFO - DAG(s) 'latest_only' retrieved from /home/airflow/.local/lib/python3.12/site-packages/airflow/example_dags/example_latest_only.py
[2024-04-25T23:47:09.121+0000] {logging_mixin.py:188} INFO - [2024-04-25T23:47:09.121+0000] {dag.py:3096} INFO - Sync 1 DAGs
[2024-04-25T23:47:09.143+0000] {logging_mixin.py:188} INFO - [2024-04-25T23:47:09.143+0000] {dag.py:3954} INFO - Setting next_dagrun for latest_only to 2024-04-25 16:00:00+00:00, run_after=2024-04-25 20:00:00+00:00
[2024-04-25T23:47:09.165+0000] {processor.py:183} INFO - Processing /home/airflow/.local/lib/python3.12/site-packages/airflow/example_dags/example_latest_only.py took 0.073 seconds
[2024-04-25T23:47:39.304+0000] {processor.py:161} INFO - Started process (PID=1375) to work on /home/airflow/.local/lib/python3.12/site-packages/airflow/example_dags/example_latest_only.py
[2024-04-25T23:47:39.306+0000] {processor.py:830} INFO - Processing file /home/airflow/.local/lib/python3.12/site-packages/airflow/example_dags/example_latest_only.py for tasks to queue
[2024-04-25T23:47:39.309+0000] {logging_mixin.py:188} INFO - [2024-04-25T23:47:39.309+0000] {dagbag.py:540} INFO - Filling up the DagBag from /home/airflow/.local/lib/python3.12/site-packages/airflow/example_dags/example_latest_only.py
[2024-04-25T23:47:39.314+0000] {processor.py:840} INFO - DAG(s) 'latest_only' retrieved from /home/airflow/.local/lib/python3.12/site-packages/airflow/example_dags/example_latest_only.py
[2024-04-25T23:47:39.334+0000] {logging_mixin.py:188} INFO - [2024-04-25T23:47:39.334+0000] {dag.py:3096} INFO - Sync 1 DAGs
[2024-04-25T23:47:39.358+0000] {logging_mixin.py:188} INFO - [2024-04-25T23:47:39.358+0000] {dag.py:3954} INFO - Setting next_dagrun for latest_only to 2024-04-25 16:00:00+00:00, run_after=2024-04-25 20:00:00+00:00
[2024-04-25T23:47:39.380+0000] {processor.py:183} INFO - Processing /home/airflow/.local/lib/python3.12/site-packages/airflow/example_dags/example_latest_only.py took 0.081 seconds
[2024-04-25T23:48:09.660+0000] {processor.py:161} INFO - Started process (PID=1434) to work on /home/airflow/.local/lib/python3.12/site-packages/airflow/example_dags/example_latest_only.py
[2024-04-25T23:48:09.661+0000] {processor.py:830} INFO - Processing file /home/airflow/.local/lib/python3.12/site-packages/airflow/example_dags/example_latest_only.py for tasks to queue
[2024-04-25T23:48:09.662+0000] {logging_mixin.py:188} INFO - [2024-04-25T23:48:09.662+0000] {dagbag.py:540} INFO - Filling up the DagBag from /home/airflow/.local/lib/python3.12/site-packages/airflow/example_dags/example_latest_only.py
[2024-04-25T23:48:09.667+0000] {processor.py:840} INFO - DAG(s) 'latest_only' retrieved from /home/airflow/.local/lib/python3.12/site-packages/airflow/example_dags/example_latest_only.py
[2024-04-25T23:48:09.685+0000] {logging_mixin.py:188} INFO - [2024-04-25T23:48:09.685+0000] {dag.py:3096} INFO - Sync 1 DAGs
[2024-04-25T23:48:09.708+0000] {logging_mixin.py:188} INFO - [2024-04-25T23:48:09.707+0000] {dag.py:3954} INFO - Setting next_dagrun for latest_only to 2024-04-25 16:00:00+00:00, run_after=2024-04-25 20:00:00+00:00
[2024-04-25T23:48:09.727+0000] {processor.py:183} INFO - Processing /home/airflow/.local/lib/python3.12/site-packages/airflow/example_dags/example_latest_only.py took 0.073 seconds
[2024-04-25T23:48:40.684+0000] {processor.py:161} INFO - Started process (PID=1494) to work on /home/airflow/.local/lib/python3.12/site-packages/airflow/example_dags/example_latest_only.py
[2024-04-25T23:48:40.685+0000] {processor.py:830} INFO - Processing file /home/airflow/.local/lib/python3.12/site-packages/airflow/example_dags/example_latest_only.py for tasks to queue
[2024-04-25T23:48:40.687+0000] {logging_mixin.py:188} INFO - [2024-04-25T23:48:40.687+0000] {dagbag.py:540} INFO - Filling up the DagBag from /home/airflow/.local/lib/python3.12/site-packages/airflow/example_dags/example_latest_only.py
[2024-04-25T23:48:40.691+0000] {processor.py:840} INFO - DAG(s) 'latest_only' retrieved from /home/airflow/.local/lib/python3.12/site-packages/airflow/example_dags/example_latest_only.py
[2024-04-25T23:48:40.709+0000] {logging_mixin.py:188} INFO - [2024-04-25T23:48:40.709+0000] {dag.py:3096} INFO - Sync 1 DAGs
[2024-04-25T23:48:40.729+0000] {logging_mixin.py:188} INFO - [2024-04-25T23:48:40.729+0000] {dag.py:3954} INFO - Setting next_dagrun for latest_only to 2024-04-25 16:00:00+00:00, run_after=2024-04-25 20:00:00+00:00
[2024-04-25T23:48:40.749+0000] {processor.py:183} INFO - Processing /home/airflow/.local/lib/python3.12/site-packages/airflow/example_dags/example_latest_only.py took 0.070 seconds
[2024-04-25T23:49:10.863+0000] {processor.py:161} INFO - Started process (PID=1553) to work on /home/airflow/.local/lib/python3.12/site-packages/airflow/example_dags/example_latest_only.py
[2024-04-25T23:49:10.864+0000] {processor.py:830} INFO - Processing file /home/airflow/.local/lib/python3.12/site-packages/airflow/example_dags/example_latest_only.py for tasks to queue
[2024-04-25T23:49:10.866+0000] {logging_mixin.py:188} INFO - [2024-04-25T23:49:10.866+0000] {dagbag.py:540} INFO - Filling up the DagBag from /home/airflow/.local/lib/python3.12/site-packages/airflow/example_dags/example_latest_only.py
[2024-04-25T23:49:10.871+0000] {processor.py:840} INFO - DAG(s) 'latest_only' retrieved from /home/airflow/.local/lib/python3.12/site-packages/airflow/example_dags/example_latest_only.py
[2024-04-25T23:49:10.890+0000] {logging_mixin.py:188} INFO - [2024-04-25T23:49:10.890+0000] {dag.py:3096} INFO - Sync 1 DAGs
[2024-04-25T23:49:10.909+0000] {logging_mixin.py:188} INFO - [2024-04-25T23:49:10.909+0000] {dag.py:3954} INFO - Setting next_dagrun for latest_only to 2024-04-25 16:00:00+00:00, run_after=2024-04-25 20:00:00+00:00
[2024-04-25T23:49:10.927+0000] {processor.py:183} INFO - Processing /home/airflow/.local/lib/python3.12/site-packages/airflow/example_dags/example_latest_only.py took 0.069 seconds
[2024-04-25T23:49:41.077+0000] {processor.py:161} INFO - Started process (PID=1612) to work on /home/airflow/.local/lib/python3.12/site-packages/airflow/example_dags/example_latest_only.py
[2024-04-25T23:49:41.078+0000] {processor.py:830} INFO - Processing file /home/airflow/.local/lib/python3.12/site-packages/airflow/example_dags/example_latest_only.py for tasks to queue
[2024-04-25T23:49:41.080+0000] {logging_mixin.py:188} INFO - [2024-04-25T23:49:41.080+0000] {dagbag.py:540} INFO - Filling up the DagBag from /home/airflow/.local/lib/python3.12/site-packages/airflow/example_dags/example_latest_only.py
[2024-04-25T23:49:41.086+0000] {processor.py:840} INFO - DAG(s) 'latest_only' retrieved from /home/airflow/.local/lib/python3.12/site-packages/airflow/example_dags/example_latest_only.py
[2024-04-25T23:49:41.109+0000] {logging_mixin.py:188} INFO - [2024-04-25T23:49:41.108+0000] {dag.py:3096} INFO - Sync 1 DAGs
[2024-04-25T23:49:41.169+0000] {logging_mixin.py:188} INFO - [2024-04-25T23:49:41.169+0000] {dag.py:3954} INFO - Setting next_dagrun for latest_only to 2024-04-25 16:00:00+00:00, run_after=2024-04-25 20:00:00+00:00
[2024-04-25T23:49:41.200+0000] {processor.py:183} INFO - Processing /home/airflow/.local/lib/python3.12/site-packages/airflow/example_dags/example_latest_only.py took 0.129 seconds
[2024-04-25T23:50:11.310+0000] {processor.py:161} INFO - Started process (PID=1671) to work on /home/airflow/.local/lib/python3.12/site-packages/airflow/example_dags/example_latest_only.py
[2024-04-25T23:50:11.311+0000] {processor.py:830} INFO - Processing file /home/airflow/.local/lib/python3.12/site-packages/airflow/example_dags/example_latest_only.py for tasks to queue
[2024-04-25T23:50:11.313+0000] {logging_mixin.py:188} INFO - [2024-04-25T23:50:11.313+0000] {dagbag.py:540} INFO - Filling up the DagBag from /home/airflow/.local/lib/python3.12/site-packages/airflow/example_dags/example_latest_only.py
[2024-04-25T23:50:11.319+0000] {processor.py:840} INFO - DAG(s) 'latest_only' retrieved from /home/airflow/.local/lib/python3.12/site-packages/airflow/example_dags/example_latest_only.py
[2024-04-25T23:50:11.358+0000] {logging_mixin.py:188} INFO - [2024-04-25T23:50:11.358+0000] {dag.py:3096} INFO - Sync 1 DAGs
[2024-04-25T23:50:11.386+0000] {logging_mixin.py:188} INFO - [2024-04-25T23:50:11.386+0000] {dag.py:3954} INFO - Setting next_dagrun for latest_only to 2024-04-25 16:00:00+00:00, run_after=2024-04-25 20:00:00+00:00
[2024-04-25T23:50:11.412+0000] {processor.py:183} INFO - Processing /home/airflow/.local/lib/python3.12/site-packages/airflow/example_dags/example_latest_only.py took 0.109 seconds
[2024-04-25T23:50:41.709+0000] {processor.py:161} INFO - Started process (PID=1730) to work on /home/airflow/.local/lib/python3.12/site-packages/airflow/example_dags/example_latest_only.py
[2024-04-25T23:50:41.711+0000] {processor.py:830} INFO - Processing file /home/airflow/.local/lib/python3.12/site-packages/airflow/example_dags/example_latest_only.py for tasks to queue
[2024-04-25T23:50:41.714+0000] {logging_mixin.py:188} INFO - [2024-04-25T23:50:41.713+0000] {dagbag.py:540} INFO - Filling up the DagBag from /home/airflow/.local/lib/python3.12/site-packages/airflow/example_dags/example_latest_only.py
[2024-04-25T23:50:41.720+0000] {processor.py:840} INFO - DAG(s) 'latest_only' retrieved from /home/airflow/.local/lib/python3.12/site-packages/airflow/example_dags/example_latest_only.py
[2024-04-25T23:50:41.744+0000] {logging_mixin.py:188} INFO - [2024-04-25T23:50:41.743+0000] {dag.py:3096} INFO - Sync 1 DAGs
[2024-04-25T23:50:41.767+0000] {logging_mixin.py:188} INFO - [2024-04-25T23:50:41.767+0000] {dag.py:3954} INFO - Setting next_dagrun for latest_only to 2024-04-25 16:00:00+00:00, run_after=2024-04-25 20:00:00+00:00
[2024-04-25T23:50:41.790+0000] {processor.py:183} INFO - Processing /home/airflow/.local/lib/python3.12/site-packages/airflow/example_dags/example_latest_only.py took 0.087 seconds
[2024-04-25T23:51:11.983+0000] {processor.py:161} INFO - Started process (PID=1789) to work on /home/airflow/.local/lib/python3.12/site-packages/airflow/example_dags/example_latest_only.py
[2024-04-25T23:51:11.984+0000] {processor.py:830} INFO - Processing file /home/airflow/.local/lib/python3.12/site-packages/airflow/example_dags/example_latest_only.py for tasks to queue
[2024-04-25T23:51:11.986+0000] {logging_mixin.py:188} INFO - [2024-04-25T23:51:11.985+0000] {dagbag.py:540} INFO - Filling up the DagBag from /home/airflow/.local/lib/python3.12/site-packages/airflow/example_dags/example_latest_only.py
[2024-04-25T23:51:11.990+0000] {processor.py:840} INFO - DAG(s) 'latest_only' retrieved from /home/airflow/.local/lib/python3.12/site-packages/airflow/example_dags/example_latest_only.py
[2024-04-25T23:51:12.006+0000] {logging_mixin.py:188} INFO - [2024-04-25T23:51:12.006+0000] {dag.py:3096} INFO - Sync 1 DAGs
[2024-04-25T23:51:12.026+0000] {logging_mixin.py:188} INFO - [2024-04-25T23:51:12.026+0000] {dag.py:3954} INFO - Setting next_dagrun for latest_only to 2024-04-25 16:00:00+00:00, run_after=2024-04-25 20:00:00+00:00
[2024-04-25T23:51:12.046+0000] {processor.py:183} INFO - Processing /home/airflow/.local/lib/python3.12/site-packages/airflow/example_dags/example_latest_only.py took 0.067 seconds
[2024-04-25T23:51:42.218+0000] {processor.py:161} INFO - Started process (PID=1848) to work on /home/airflow/.local/lib/python3.12/site-packages/airflow/example_dags/example_latest_only.py
[2024-04-25T23:51:42.219+0000] {processor.py:830} INFO - Processing file /home/airflow/.local/lib/python3.12/site-packages/airflow/example_dags/example_latest_only.py for tasks to queue
[2024-04-25T23:51:42.220+0000] {logging_mixin.py:188} INFO - [2024-04-25T23:51:42.220+0000] {dagbag.py:540} INFO - Filling up the DagBag from /home/airflow/.local/lib/python3.12/site-packages/airflow/example_dags/example_latest_only.py
[2024-04-25T23:51:42.226+0000] {processor.py:840} INFO - DAG(s) 'latest_only' retrieved from /home/airflow/.local/lib/python3.12/site-packages/airflow/example_dags/example_latest_only.py
[2024-04-25T23:51:42.243+0000] {logging_mixin.py:188} INFO - [2024-04-25T23:51:42.243+0000] {dag.py:3096} INFO - Sync 1 DAGs
[2024-04-25T23:51:42.261+0000] {logging_mixin.py:188} INFO - [2024-04-25T23:51:42.261+0000] {dag.py:3954} INFO - Setting next_dagrun for latest_only to 2024-04-25 16:00:00+00:00, run_after=2024-04-25 20:00:00+00:00
[2024-04-25T23:51:42.279+0000] {processor.py:183} INFO - Processing /home/airflow/.local/lib/python3.12/site-packages/airflow/example_dags/example_latest_only.py took 0.066 seconds
[2024-04-25T23:52:12.428+0000] {processor.py:161} INFO - Started process (PID=1907) to work on /home/airflow/.local/lib/python3.12/site-packages/airflow/example_dags/example_latest_only.py
[2024-04-25T23:52:12.430+0000] {processor.py:830} INFO - Processing file /home/airflow/.local/lib/python3.12/site-packages/airflow/example_dags/example_latest_only.py for tasks to queue
[2024-04-25T23:52:12.433+0000] {logging_mixin.py:188} INFO - [2024-04-25T23:52:12.432+0000] {dagbag.py:540} INFO - Filling up the DagBag from /home/airflow/.local/lib/python3.12/site-packages/airflow/example_dags/example_latest_only.py
[2024-04-25T23:52:12.439+0000] {processor.py:840} INFO - DAG(s) 'latest_only' retrieved from /home/airflow/.local/lib/python3.12/site-packages/airflow/example_dags/example_latest_only.py
[2024-04-25T23:52:12.459+0000] {logging_mixin.py:188} INFO - [2024-04-25T23:52:12.459+0000] {dag.py:3096} INFO - Sync 1 DAGs
[2024-04-25T23:52:12.479+0000] {logging_mixin.py:188} INFO - [2024-04-25T23:52:12.479+0000] {dag.py:3954} INFO - Setting next_dagrun for latest_only to 2024-04-25 16:00:00+00:00, run_after=2024-04-25 20:00:00+00:00
[2024-04-25T23:52:12.500+0000] {processor.py:183} INFO - Processing /home/airflow/.local/lib/python3.12/site-packages/airflow/example_dags/example_latest_only.py took 0.077 seconds
[2024-04-25T23:52:42.565+0000] {processor.py:161} INFO - Started process (PID=1966) to work on /home/airflow/.local/lib/python3.12/site-packages/airflow/example_dags/example_latest_only.py
[2024-04-25T23:52:42.567+0000] {processor.py:830} INFO - Processing file /home/airflow/.local/lib/python3.12/site-packages/airflow/example_dags/example_latest_only.py for tasks to queue
[2024-04-25T23:52:42.569+0000] {logging_mixin.py:188} INFO - [2024-04-25T23:52:42.569+0000] {dagbag.py:540} INFO - Filling up the DagBag from /home/airflow/.local/lib/python3.12/site-packages/airflow/example_dags/example_latest_only.py
[2024-04-25T23:52:42.574+0000] {processor.py:840} INFO - DAG(s) 'latest_only' retrieved from /home/airflow/.local/lib/python3.12/site-packages/airflow/example_dags/example_latest_only.py
[2024-04-25T23:52:42.592+0000] {logging_mixin.py:188} INFO - [2024-04-25T23:52:42.591+0000] {dag.py:3096} INFO - Sync 1 DAGs
[2024-04-25T23:52:42.611+0000] {logging_mixin.py:188} INFO - [2024-04-25T23:52:42.611+0000] {dag.py:3954} INFO - Setting next_dagrun for latest_only to 2024-04-25 16:00:00+00:00, run_after=2024-04-25 20:00:00+00:00
[2024-04-25T23:52:42.629+0000] {processor.py:183} INFO - Processing /home/airflow/.local/lib/python3.12/site-packages/airflow/example_dags/example_latest_only.py took 0.069 seconds
[2024-04-25T23:53:12.862+0000] {processor.py:161} INFO - Started process (PID=2025) to work on /home/airflow/.local/lib/python3.12/site-packages/airflow/example_dags/example_latest_only.py
[2024-04-25T23:53:12.863+0000] {processor.py:830} INFO - Processing file /home/airflow/.local/lib/python3.12/site-packages/airflow/example_dags/example_latest_only.py for tasks to queue
[2024-04-25T23:53:12.865+0000] {logging_mixin.py:188} INFO - [2024-04-25T23:53:12.864+0000] {dagbag.py:540} INFO - Filling up the DagBag from /home/airflow/.local/lib/python3.12/site-packages/airflow/example_dags/example_latest_only.py
[2024-04-25T23:53:12.869+0000] {processor.py:840} INFO - DAG(s) 'latest_only' retrieved from /home/airflow/.local/lib/python3.12/site-packages/airflow/example_dags/example_latest_only.py
[2024-04-25T23:53:12.888+0000] {logging_mixin.py:188} INFO - [2024-04-25T23:53:12.887+0000] {dag.py:3096} INFO - Sync 1 DAGs
[2024-04-25T23:53:12.906+0000] {logging_mixin.py:188} INFO - [2024-04-25T23:53:12.906+0000] {dag.py:3954} INFO - Setting next_dagrun for latest_only to 2024-04-25 16:00:00+00:00, run_after=2024-04-25 20:00:00+00:00
[2024-04-25T23:53:12.930+0000] {processor.py:183} INFO - Processing /home/airflow/.local/lib/python3.12/site-packages/airflow/example_dags/example_latest_only.py took 0.074 seconds
[2024-04-25T23:53:42.982+0000] {processor.py:161} INFO - Started process (PID=2084) to work on /home/airflow/.local/lib/python3.12/site-packages/airflow/example_dags/example_latest_only.py
[2024-04-25T23:53:42.983+0000] {processor.py:830} INFO - Processing file /home/airflow/.local/lib/python3.12/site-packages/airflow/example_dags/example_latest_only.py for tasks to queue
[2024-04-25T23:53:42.984+0000] {logging_mixin.py:188} INFO - [2024-04-25T23:53:42.984+0000] {dagbag.py:540} INFO - Filling up the DagBag from /home/airflow/.local/lib/python3.12/site-packages/airflow/example_dags/example_latest_only.py
[2024-04-25T23:53:42.989+0000] {processor.py:840} INFO - DAG(s) 'latest_only' retrieved from /home/airflow/.local/lib/python3.12/site-packages/airflow/example_dags/example_latest_only.py
[2024-04-25T23:53:43.007+0000] {logging_mixin.py:188} INFO - [2024-04-25T23:53:43.007+0000] {dag.py:3096} INFO - Sync 1 DAGs
[2024-04-25T23:53:43.025+0000] {logging_mixin.py:188} INFO - [2024-04-25T23:53:43.025+0000] {dag.py:3954} INFO - Setting next_dagrun for latest_only to 2024-04-25 16:00:00+00:00, run_after=2024-04-25 20:00:00+00:00
[2024-04-25T23:53:43.043+0000] {processor.py:183} INFO - Processing /home/airflow/.local/lib/python3.12/site-packages/airflow/example_dags/example_latest_only.py took 0.067 seconds
[2024-04-25T23:54:13.194+0000] {processor.py:161} INFO - Started process (PID=2143) to work on /home/airflow/.local/lib/python3.12/site-packages/airflow/example_dags/example_latest_only.py
[2024-04-25T23:54:13.195+0000] {processor.py:830} INFO - Processing file /home/airflow/.local/lib/python3.12/site-packages/airflow/example_dags/example_latest_only.py for tasks to queue
[2024-04-25T23:54:13.197+0000] {logging_mixin.py:188} INFO - [2024-04-25T23:54:13.197+0000] {dagbag.py:540} INFO - Filling up the DagBag from /home/airflow/.local/lib/python3.12/site-packages/airflow/example_dags/example_latest_only.py
[2024-04-25T23:54:13.202+0000] {processor.py:840} INFO - DAG(s) 'latest_only' retrieved from /home/airflow/.local/lib/python3.12/site-packages/airflow/example_dags/example_latest_only.py
[2024-04-25T23:54:13.219+0000] {logging_mixin.py:188} INFO - [2024-04-25T23:54:13.218+0000] {dag.py:3096} INFO - Sync 1 DAGs
[2024-04-25T23:54:13.237+0000] {logging_mixin.py:188} INFO - [2024-04-25T23:54:13.237+0000] {dag.py:3954} INFO - Setting next_dagrun for latest_only to 2024-04-25 16:00:00+00:00, run_after=2024-04-25 20:00:00+00:00
[2024-04-25T23:54:13.255+0000] {processor.py:183} INFO - Processing /home/airflow/.local/lib/python3.12/site-packages/airflow/example_dags/example_latest_only.py took 0.066 seconds
[2024-04-25T23:54:43.396+0000] {processor.py:161} INFO - Started process (PID=2202) to work on /home/airflow/.local/lib/python3.12/site-packages/airflow/example_dags/example_latest_only.py
[2024-04-25T23:54:43.398+0000] {processor.py:830} INFO - Processing file /home/airflow/.local/lib/python3.12/site-packages/airflow/example_dags/example_latest_only.py for tasks to queue
[2024-04-25T23:54:43.400+0000] {logging_mixin.py:188} INFO - [2024-04-25T23:54:43.400+0000] {dagbag.py:540} INFO - Filling up the DagBag from /home/airflow/.local/lib/python3.12/site-packages/airflow/example_dags/example_latest_only.py
[2024-04-25T23:54:43.404+0000] {processor.py:840} INFO - DAG(s) 'latest_only' retrieved from /home/airflow/.local/lib/python3.12/site-packages/airflow/example_dags/example_latest_only.py
[2024-04-25T23:54:43.422+0000] {logging_mixin.py:188} INFO - [2024-04-25T23:54:43.422+0000] {dag.py:3096} INFO - Sync 1 DAGs
[2024-04-25T23:54:43.442+0000] {logging_mixin.py:188} INFO - [2024-04-25T23:54:43.442+0000] {dag.py:3954} INFO - Setting next_dagrun for latest_only to 2024-04-25 16:00:00+00:00, run_after=2024-04-25 20:00:00+00:00
[2024-04-25T23:54:43.459+0000] {processor.py:183} INFO - Processing /home/airflow/.local/lib/python3.12/site-packages/airflow/example_dags/example_latest_only.py took 0.068 seconds
[2024-04-25T23:55:13.579+0000] {processor.py:161} INFO - Started process (PID=2261) to work on /home/airflow/.local/lib/python3.12/site-packages/airflow/example_dags/example_latest_only.py
[2024-04-25T23:55:13.580+0000] {processor.py:830} INFO - Processing file /home/airflow/.local/lib/python3.12/site-packages/airflow/example_dags/example_latest_only.py for tasks to queue
[2024-04-25T23:55:13.582+0000] {logging_mixin.py:188} INFO - [2024-04-25T23:55:13.581+0000] {dagbag.py:540} INFO - Filling up the DagBag from /home/airflow/.local/lib/python3.12/site-packages/airflow/example_dags/example_latest_only.py
[2024-04-25T23:55:13.586+0000] {processor.py:840} INFO - DAG(s) 'latest_only' retrieved from /home/airflow/.local/lib/python3.12/site-packages/airflow/example_dags/example_latest_only.py
[2024-04-25T23:55:13.604+0000] {logging_mixin.py:188} INFO - [2024-04-25T23:55:13.603+0000] {dag.py:3096} INFO - Sync 1 DAGs
[2024-04-25T23:55:13.625+0000] {logging_mixin.py:188} INFO - [2024-04-25T23:55:13.624+0000] {dag.py:3954} INFO - Setting next_dagrun for latest_only to 2024-04-25 16:00:00+00:00, run_after=2024-04-25 20:00:00+00:00
[2024-04-25T23:55:13.645+0000] {processor.py:183} INFO - Processing /home/airflow/.local/lib/python3.12/site-packages/airflow/example_dags/example_latest_only.py took 0.071 seconds
[2024-04-25T23:55:43.721+0000] {processor.py:161} INFO - Started process (PID=2320) to work on /home/airflow/.local/lib/python3.12/site-packages/airflow/example_dags/example_latest_only.py
[2024-04-25T23:55:43.722+0000] {processor.py:830} INFO - Processing file /home/airflow/.local/lib/python3.12/site-packages/airflow/example_dags/example_latest_only.py for tasks to queue
[2024-04-25T23:55:43.724+0000] {logging_mixin.py:188} INFO - [2024-04-25T23:55:43.724+0000] {dagbag.py:540} INFO - Filling up the DagBag from /home/airflow/.local/lib/python3.12/site-packages/airflow/example_dags/example_latest_only.py
[2024-04-25T23:55:43.729+0000] {processor.py:840} INFO - DAG(s) 'latest_only' retrieved from /home/airflow/.local/lib/python3.12/site-packages/airflow/example_dags/example_latest_only.py
[2024-04-25T23:55:43.746+0000] {logging_mixin.py:188} INFO - [2024-04-25T23:55:43.746+0000] {dag.py:3096} INFO - Sync 1 DAGs
[2024-04-25T23:55:43.765+0000] {logging_mixin.py:188} INFO - [2024-04-25T23:55:43.765+0000] {dag.py:3954} INFO - Setting next_dagrun for latest_only to 2024-04-25 16:00:00+00:00, run_after=2024-04-25 20:00:00+00:00
[2024-04-25T23:55:43.783+0000] {processor.py:183} INFO - Processing /home/airflow/.local/lib/python3.12/site-packages/airflow/example_dags/example_latest_only.py took 0.067 seconds
[2024-04-25T23:56:14.738+0000] {processor.py:161} INFO - Started process (PID=2379) to work on /home/airflow/.local/lib/python3.12/site-packages/airflow/example_dags/example_latest_only.py
[2024-04-25T23:56:14.739+0000] {processor.py:830} INFO - Processing file /home/airflow/.local/lib/python3.12/site-packages/airflow/example_dags/example_latest_only.py for tasks to queue
[2024-04-25T23:56:14.741+0000] {logging_mixin.py:188} INFO - [2024-04-25T23:56:14.740+0000] {dagbag.py:540} INFO - Filling up the DagBag from /home/airflow/.local/lib/python3.12/site-packages/airflow/example_dags/example_latest_only.py
[2024-04-25T23:56:14.746+0000] {processor.py:840} INFO - DAG(s) 'latest_only' retrieved from /home/airflow/.local/lib/python3.12/site-packages/airflow/example_dags/example_latest_only.py
[2024-04-25T23:56:14.770+0000] {logging_mixin.py:188} INFO - [2024-04-25T23:56:14.770+0000] {dag.py:3096} INFO - Sync 1 DAGs
[2024-04-25T23:56:14.792+0000] {logging_mixin.py:188} INFO - [2024-04-25T23:56:14.792+0000] {dag.py:3954} INFO - Setting next_dagrun for latest_only to 2024-04-25 16:00:00+00:00, run_after=2024-04-25 20:00:00+00:00
[2024-04-25T23:56:14.815+0000] {processor.py:183} INFO - Processing /home/airflow/.local/lib/python3.12/site-packages/airflow/example_dags/example_latest_only.py took 0.082 seconds
[2024-04-25T23:56:45.671+0000] {processor.py:161} INFO - Started process (PID=2438) to work on /home/airflow/.local/lib/python3.12/site-packages/airflow/example_dags/example_latest_only.py
[2024-04-25T23:56:45.673+0000] {processor.py:830} INFO - Processing file /home/airflow/.local/lib/python3.12/site-packages/airflow/example_dags/example_latest_only.py for tasks to queue
[2024-04-25T23:56:45.675+0000] {logging_mixin.py:188} INFO - [2024-04-25T23:56:45.674+0000] {dagbag.py:540} INFO - Filling up the DagBag from /home/airflow/.local/lib/python3.12/site-packages/airflow/example_dags/example_latest_only.py
[2024-04-25T23:56:45.682+0000] {processor.py:840} INFO - DAG(s) 'latest_only' retrieved from /home/airflow/.local/lib/python3.12/site-packages/airflow/example_dags/example_latest_only.py
[2024-04-25T23:56:45.699+0000] {logging_mixin.py:188} INFO - [2024-04-25T23:56:45.699+0000] {dag.py:3096} INFO - Sync 1 DAGs
[2024-04-25T23:56:45.718+0000] {logging_mixin.py:188} INFO - [2024-04-25T23:56:45.718+0000] {dag.py:3954} INFO - Setting next_dagrun for latest_only to 2024-04-25 16:00:00+00:00, run_after=2024-04-25 20:00:00+00:00
[2024-04-25T23:56:45.735+0000] {processor.py:183} INFO - Processing /home/airflow/.local/lib/python3.12/site-packages/airflow/example_dags/example_latest_only.py took 0.069 seconds
[2024-04-25T23:57:16.334+0000] {processor.py:161} INFO - Started process (PID=2497) to work on /home/airflow/.local/lib/python3.12/site-packages/airflow/example_dags/example_latest_only.py
[2024-04-25T23:57:16.335+0000] {processor.py:830} INFO - Processing file /home/airflow/.local/lib/python3.12/site-packages/airflow/example_dags/example_latest_only.py for tasks to queue
[2024-04-25T23:57:16.337+0000] {logging_mixin.py:188} INFO - [2024-04-25T23:57:16.337+0000] {dagbag.py:540} INFO - Filling up the DagBag from /home/airflow/.local/lib/python3.12/site-packages/airflow/example_dags/example_latest_only.py
[2024-04-25T23:57:16.342+0000] {processor.py:840} INFO - DAG(s) 'latest_only' retrieved from /home/airflow/.local/lib/python3.12/site-packages/airflow/example_dags/example_latest_only.py
[2024-04-25T23:57:16.363+0000] {logging_mixin.py:188} INFO - [2024-04-25T23:57:16.362+0000] {dag.py:3096} INFO - Sync 1 DAGs
[2024-04-25T23:57:16.385+0000] {logging_mixin.py:188} INFO - [2024-04-25T23:57:16.385+0000] {dag.py:3954} INFO - Setting next_dagrun for latest_only to 2024-04-25 16:00:00+00:00, run_after=2024-04-25 20:00:00+00:00
[2024-04-25T23:57:16.406+0000] {processor.py:183} INFO - Processing /home/airflow/.local/lib/python3.12/site-packages/airflow/example_dags/example_latest_only.py took 0.078 seconds
[2024-04-25T23:57:46.836+0000] {processor.py:161} INFO - Started process (PID=2556) to work on /home/airflow/.local/lib/python3.12/site-packages/airflow/example_dags/example_latest_only.py
[2024-04-25T23:57:46.837+0000] {processor.py:830} INFO - Processing file /home/airflow/.local/lib/python3.12/site-packages/airflow/example_dags/example_latest_only.py for tasks to queue
[2024-04-25T23:57:46.839+0000] {logging_mixin.py:188} INFO - [2024-04-25T23:57:46.839+0000] {dagbag.py:540} INFO - Filling up the DagBag from /home/airflow/.local/lib/python3.12/site-packages/airflow/example_dags/example_latest_only.py
[2024-04-25T23:57:46.845+0000] {processor.py:840} INFO - DAG(s) 'latest_only' retrieved from /home/airflow/.local/lib/python3.12/site-packages/airflow/example_dags/example_latest_only.py
[2024-04-25T23:57:46.865+0000] {logging_mixin.py:188} INFO - [2024-04-25T23:57:46.864+0000] {dag.py:3096} INFO - Sync 1 DAGs
[2024-04-25T23:57:46.884+0000] {logging_mixin.py:188} INFO - [2024-04-25T23:57:46.884+0000] {dag.py:3954} INFO - Setting next_dagrun for latest_only to 2024-04-25 16:00:00+00:00, run_after=2024-04-25 20:00:00+00:00
[2024-04-25T23:57:46.902+0000] {processor.py:183} INFO - Processing /home/airflow/.local/lib/python3.12/site-packages/airflow/example_dags/example_latest_only.py took 0.071 seconds
[2024-04-25T23:58:17.021+0000] {processor.py:161} INFO - Started process (PID=2615) to work on /home/airflow/.local/lib/python3.12/site-packages/airflow/example_dags/example_latest_only.py
[2024-04-25T23:58:17.022+0000] {processor.py:830} INFO - Processing file /home/airflow/.local/lib/python3.12/site-packages/airflow/example_dags/example_latest_only.py for tasks to queue
[2024-04-25T23:58:17.024+0000] {logging_mixin.py:188} INFO - [2024-04-25T23:58:17.024+0000] {dagbag.py:540} INFO - Filling up the DagBag from /home/airflow/.local/lib/python3.12/site-packages/airflow/example_dags/example_latest_only.py
[2024-04-25T23:58:17.029+0000] {processor.py:840} INFO - DAG(s) 'latest_only' retrieved from /home/airflow/.local/lib/python3.12/site-packages/airflow/example_dags/example_latest_only.py
[2024-04-25T23:58:17.048+0000] {logging_mixin.py:188} INFO - [2024-04-25T23:58:17.047+0000] {dag.py:3096} INFO - Sync 1 DAGs
[2024-04-25T23:58:17.069+0000] {logging_mixin.py:188} INFO - [2024-04-25T23:58:17.069+0000] {dag.py:3954} INFO - Setting next_dagrun for latest_only to 2024-04-25 16:00:00+00:00, run_after=2024-04-25 20:00:00+00:00
[2024-04-25T23:58:17.088+0000] {processor.py:183} INFO - Processing /home/airflow/.local/lib/python3.12/site-packages/airflow/example_dags/example_latest_only.py took 0.072 seconds
[2024-04-25T23:58:47.552+0000] {processor.py:161} INFO - Started process (PID=2674) to work on /home/airflow/.local/lib/python3.12/site-packages/airflow/example_dags/example_latest_only.py
[2024-04-25T23:58:47.553+0000] {processor.py:830} INFO - Processing file /home/airflow/.local/lib/python3.12/site-packages/airflow/example_dags/example_latest_only.py for tasks to queue
[2024-04-25T23:58:47.555+0000] {logging_mixin.py:188} INFO - [2024-04-25T23:58:47.555+0000] {dagbag.py:540} INFO - Filling up the DagBag from /home/airflow/.local/lib/python3.12/site-packages/airflow/example_dags/example_latest_only.py
[2024-04-25T23:58:47.560+0000] {processor.py:840} INFO - DAG(s) 'latest_only' retrieved from /home/airflow/.local/lib/python3.12/site-packages/airflow/example_dags/example_latest_only.py
[2024-04-25T23:58:47.579+0000] {logging_mixin.py:188} INFO - [2024-04-25T23:58:47.579+0000] {dag.py:3096} INFO - Sync 1 DAGs
[2024-04-25T23:58:47.601+0000] {logging_mixin.py:188} INFO - [2024-04-25T23:58:47.601+0000] {dag.py:3954} INFO - Setting next_dagrun for latest_only to 2024-04-25 16:00:00+00:00, run_after=2024-04-25 20:00:00+00:00
[2024-04-25T23:58:47.629+0000] {processor.py:183} INFO - Processing /home/airflow/.local/lib/python3.12/site-packages/airflow/example_dags/example_latest_only.py took 0.083 seconds
[2024-04-25T23:59:17.902+0000] {processor.py:161} INFO - Started process (PID=2733) to work on /home/airflow/.local/lib/python3.12/site-packages/airflow/example_dags/example_latest_only.py
[2024-04-25T23:59:17.903+0000] {processor.py:830} INFO - Processing file /home/airflow/.local/lib/python3.12/site-packages/airflow/example_dags/example_latest_only.py for tasks to queue
[2024-04-25T23:59:17.905+0000] {logging_mixin.py:188} INFO - [2024-04-25T23:59:17.905+0000] {dagbag.py:540} INFO - Filling up the DagBag from /home/airflow/.local/lib/python3.12/site-packages/airflow/example_dags/example_latest_only.py
[2024-04-25T23:59:17.910+0000] {processor.py:840} INFO - DAG(s) 'latest_only' retrieved from /home/airflow/.local/lib/python3.12/site-packages/airflow/example_dags/example_latest_only.py
[2024-04-25T23:59:17.929+0000] {logging_mixin.py:188} INFO - [2024-04-25T23:59:17.929+0000] {dag.py:3096} INFO - Sync 1 DAGs
[2024-04-25T23:59:17.951+0000] {logging_mixin.py:188} INFO - [2024-04-25T23:59:17.951+0000] {dag.py:3954} INFO - Setting next_dagrun for latest_only to 2024-04-25 16:00:00+00:00, run_after=2024-04-25 20:00:00+00:00
[2024-04-25T23:59:17.968+0000] {processor.py:183} INFO - Processing /home/airflow/.local/lib/python3.12/site-packages/airflow/example_dags/example_latest_only.py took 0.071 seconds
[2024-04-25T23:59:48.144+0000] {processor.py:161} INFO - Started process (PID=2792) to work on /home/airflow/.local/lib/python3.12/site-packages/airflow/example_dags/example_latest_only.py
[2024-04-25T23:59:48.146+0000] {processor.py:830} INFO - Processing file /home/airflow/.local/lib/python3.12/site-packages/airflow/example_dags/example_latest_only.py for tasks to queue
[2024-04-25T23:59:48.149+0000] {logging_mixin.py:188} INFO - [2024-04-25T23:59:48.149+0000] {dagbag.py:540} INFO - Filling up the DagBag from /home/airflow/.local/lib/python3.12/site-packages/airflow/example_dags/example_latest_only.py
[2024-04-25T23:59:48.154+0000] {processor.py:840} INFO - DAG(s) 'latest_only' retrieved from /home/airflow/.local/lib/python3.12/site-packages/airflow/example_dags/example_latest_only.py
[2024-04-25T23:59:48.174+0000] {logging_mixin.py:188} INFO - [2024-04-25T23:59:48.174+0000] {dag.py:3096} INFO - Sync 1 DAGs
[2024-04-25T23:59:48.197+0000] {logging_mixin.py:188} INFO - [2024-04-25T23:59:48.197+0000] {dag.py:3954} INFO - Setting next_dagrun for latest_only to 2024-04-25 16:00:00+00:00, run_after=2024-04-25 20:00:00+00:00
[2024-04-25T23:59:48.219+0000] {processor.py:183} INFO - Processing /home/airflow/.local/lib/python3.12/site-packages/airflow/example_dags/example_latest_only.py took 0.081 seconds
