[2024-04-26T07:33:14.910+0000] {local_task_job_runner.py:120} INFO - ::group::Pre task execution logs
[2024-04-26T07:33:14.946+0000] {taskinstance.py:2073} INFO - Dependencies all met for dep_context=non-requeueable deps ti=<TaskInstance: Crypto_ETL.Telechagement_API_Binance manual__2024-04-26T07:33:07.181560+00:00 [queued]>
[2024-04-26T07:33:14.956+0000] {taskinstance.py:2073} INFO - Dependencies all met for dep_context=requeueable deps ti=<TaskInstance: Crypto_ETL.Telechagement_API_Binance manual__2024-04-26T07:33:07.181560+00:00 [queued]>
[2024-04-26T07:33:14.957+0000] {taskinstance.py:2303} INFO - Starting attempt 1 of 1
[2024-04-26T07:33:14.978+0000] {taskinstance.py:2327} INFO - Executing <Task(BashOperator): Telechagement_API_Binance> on 2024-04-26 07:33:07.181560+00:00
[2024-04-26T07:33:14.998+0000] {warnings.py:110} WARNING - /home/***/.local/lib/python3.12/site-packages/***/task/task_runner/standard_task_runner.py:61: DeprecationWarning: This process (pid=74) is multi-threaded, use of fork() may lead to deadlocks in the child.
  pid = os.fork()

[2024-04-26T07:33:15.007+0000] {standard_task_runner.py:63} INFO - Started process 85 to run task
[2024-04-26T07:33:15.008+0000] {standard_task_runner.py:90} INFO - Running: ['***', 'tasks', 'run', 'Crypto_ETL', 'Telechagement_API_Binance', 'manual__2024-04-26T07:33:07.181560+00:00', '--job-id', '42', '--raw', '--subdir', 'DAGS_FOLDER/processing_ETL.py', '--cfg-path', '/tmp/tmp19av5t9j']
[2024-04-26T07:33:15.009+0000] {standard_task_runner.py:91} INFO - Job 42: Subtask Telechagement_API_Binance
[2024-04-26T07:33:15.233+0000] {task_command.py:426} INFO - Running <TaskInstance: Crypto_ETL.Telechagement_API_Binance manual__2024-04-26T07:33:07.181560+00:00 [running]> on host b2f02483be85
[2024-04-26T07:33:15.599+0000] {taskinstance.py:2644} INFO - Exporting env vars: AIRFLOW_CTX_DAG_OWNER='***' AIRFLOW_CTX_DAG_ID='Crypto_ETL' AIRFLOW_CTX_TASK_ID='Telechagement_API_Binance' AIRFLOW_CTX_EXECUTION_DATE='2024-04-26T07:33:07.181560+00:00' AIRFLOW_CTX_TRY_NUMBER='1' AIRFLOW_CTX_DAG_RUN_ID='manual__2024-04-26T07:33:07.181560+00:00'
[2024-04-26T07:33:15.619+0000] {taskinstance.py:430} INFO - ::endgroup::
[2024-04-26T07:33:15.620+0000] {subprocess.py:63} INFO - Tmp dir root location: /tmp
[2024-04-26T07:33:15.623+0000] {subprocess.py:75} INFO - Running command: ['/usr/bin/bash', '-c', "curl -o /tmp/download.json -L 'https://api.sampleapis.com/bitcoin/historical_prices'"]
[2024-04-26T07:33:15.648+0000] {subprocess.py:86} INFO - Output:
[2024-04-26T07:33:15.703+0000] {subprocess.py:93} INFO -   % Total    % Received % Xferd  Average Speed   Time    Time     Time  Current
[2024-04-26T07:33:15.706+0000] {subprocess.py:93} INFO -                                  Dload  Upload   Total   Spent    Left  Speed
[2024-04-26T07:33:15.989+0000] {subprocess.py:93} INFO -   0     0    0     0    0     0      0      0 --:--:-- --:--:-- --:--:--     0100 15834  100 15834    0     0  55323      0 --:--:-- --:--:-- --:--:-- 55557
[2024-04-26T07:33:15.992+0000] {subprocess.py:97} INFO - Command exited with return code 0
[2024-04-26T07:33:15.995+0000] {taskinstance.py:441} INFO - ::group::Post task execution logs
[2024-04-26T07:33:16.032+0000] {taskinstance.py:1205} INFO - Marking task as SUCCESS. dag_id=Crypto_ETL, task_id=Telechagement_API_Binance, execution_date=20240426T073307, start_date=20240426T073314, end_date=20240426T073316
[2024-04-26T07:33:16.070+0000] {local_task_job_runner.py:240} INFO - Task exited with return code 0
[2024-04-26T07:33:16.097+0000] {taskinstance.py:3482} INFO - 1 downstream tasks scheduled from follow-on schedule check
[2024-04-26T07:33:16.100+0000] {local_task_job_runner.py:222} INFO - ::endgroup::
