[2024-04-26T07:04:36.536+0000] {local_task_job_runner.py:120} INFO - ::group::Pre task execution logs
[2024-04-26T07:04:36.555+0000] {taskinstance.py:2073} INFO - Dependencies all met for dep_context=non-requeueable deps ti=<TaskInstance: Crypto_ETL.fetch_and_save_data manual__2024-04-26T07:04:31.191724+00:00 [queued]>
[2024-04-26T07:04:36.562+0000] {taskinstance.py:2073} INFO - Dependencies all met for dep_context=requeueable deps ti=<TaskInstance: Crypto_ETL.fetch_and_save_data manual__2024-04-26T07:04:31.191724+00:00 [queued]>
[2024-04-26T07:04:36.563+0000] {taskinstance.py:2303} INFO - Starting attempt 1 of 1
[2024-04-26T07:04:36.574+0000] {taskinstance.py:2327} INFO - Executing <Task(PythonOperator): fetch_and_save_data> on 2024-04-26 07:04:31.191724+00:00
[2024-04-26T07:04:36.582+0000] {warnings.py:110} WARNING - /home/***/.local/lib/python3.12/site-packages/***/task/task_runner/standard_task_runner.py:61: DeprecationWarning: This process (pid=5920) is multi-threaded, use of fork() may lead to deadlocks in the child.
  pid = os.fork()

[2024-04-26T07:04:36.583+0000] {standard_task_runner.py:63} INFO - Started process 5922 to run task
[2024-04-26T07:04:36.583+0000] {standard_task_runner.py:90} INFO - Running: ['***', 'tasks', 'run', 'Crypto_ETL', 'fetch_and_save_data', 'manual__2024-04-26T07:04:31.191724+00:00', '--job-id', '31', '--raw', '--subdir', 'DAGS_FOLDER/processing_ETL.py', '--cfg-path', '/tmp/tmpudoer_if']
[2024-04-26T07:04:36.585+0000] {standard_task_runner.py:91} INFO - Job 31: Subtask fetch_and_save_data
[2024-04-26T07:04:36.624+0000] {task_command.py:426} INFO - Running <TaskInstance: Crypto_ETL.fetch_and_save_data manual__2024-04-26T07:04:31.191724+00:00 [running]> on host e30f8265f0c9
[2024-04-26T07:04:36.698+0000] {taskinstance.py:2644} INFO - Exporting env vars: AIRFLOW_CTX_DAG_OWNER='***' AIRFLOW_CTX_DAG_ID='Crypto_ETL' AIRFLOW_CTX_TASK_ID='fetch_and_save_data' AIRFLOW_CTX_EXECUTION_DATE='2024-04-26T07:04:31.191724+00:00' AIRFLOW_CTX_TRY_NUMBER='1' AIRFLOW_CTX_DAG_RUN_ID='manual__2024-04-26T07:04:31.191724+00:00'
[2024-04-26T07:04:36.699+0000] {taskinstance.py:430} INFO - ::endgroup::
[2024-04-26T07:04:36.711+0000] {logging_mixin.py:188} INFO - Data saved to binance_dataset.csv
[2024-04-26T07:04:36.712+0000] {python.py:237} INFO - Done. Returned value was: None
[2024-04-26T07:04:36.712+0000] {taskinstance.py:441} INFO - ::group::Post task execution logs
[2024-04-26T07:04:36.720+0000] {taskinstance.py:1205} INFO - Marking task as SUCCESS. dag_id=Crypto_ETL, task_id=fetch_and_save_data, execution_date=20240426T070431, start_date=20240426T070436, end_date=20240426T070436
[2024-04-26T07:04:36.758+0000] {local_task_job_runner.py:240} INFO - Task exited with return code 0
[2024-04-26T07:04:36.777+0000] {taskinstance.py:3482} INFO - 1 downstream tasks scheduled from follow-on schedule check
[2024-04-26T07:04:36.780+0000] {local_task_job_runner.py:222} INFO - ::endgroup::
