[2024-04-26T04:55:08.921+0000] {local_task_job_runner.py:120} INFO - ::group::Pre task execution logs
[2024-04-26T04:55:08.942+0000] {taskinstance.py:2073} INFO - Dependencies all met for dep_context=non-requeueable deps ti=<TaskInstance: Crypto_ETL.fetch_and_save_data manual__2024-04-26T04:55:03.466460+00:00 [queued]>
[2024-04-26T04:55:08.951+0000] {taskinstance.py:2073} INFO - Dependencies all met for dep_context=requeueable deps ti=<TaskInstance: Crypto_ETL.fetch_and_save_data manual__2024-04-26T04:55:03.466460+00:00 [queued]>
[2024-04-26T04:55:08.953+0000] {taskinstance.py:2303} INFO - Starting attempt 1 of 1
[2024-04-26T04:55:08.967+0000] {taskinstance.py:2327} INFO - Executing <Task(PythonOperator): fetch_and_save_data> on 2024-04-26 04:55:03.466460+00:00
[2024-04-26T04:55:08.974+0000] {warnings.py:110} WARNING - /home/***/.local/lib/python3.12/site-packages/***/task/task_runner/standard_task_runner.py:61: DeprecationWarning: This process (pid=4258) is multi-threaded, use of fork() may lead to deadlocks in the child.
  pid = os.fork()

[2024-04-26T04:55:08.976+0000] {standard_task_runner.py:63} INFO - Started process 4260 to run task
[2024-04-26T04:55:08.976+0000] {standard_task_runner.py:90} INFO - Running: ['***', 'tasks', 'run', 'Crypto_ETL', 'fetch_and_save_data', 'manual__2024-04-26T04:55:03.466460+00:00', '--job-id', '23', '--raw', '--subdir', 'DAGS_FOLDER/processing_ETL.py', '--cfg-path', '/tmp/tmpbtjpiubu']
[2024-04-26T04:55:08.978+0000] {standard_task_runner.py:91} INFO - Job 23: Subtask fetch_and_save_data
[2024-04-26T04:55:09.027+0000] {task_command.py:426} INFO - Running <TaskInstance: Crypto_ETL.fetch_and_save_data manual__2024-04-26T04:55:03.466460+00:00 [running]> on host e30f8265f0c9
[2024-04-26T04:55:09.107+0000] {taskinstance.py:2644} INFO - Exporting env vars: AIRFLOW_CTX_DAG_OWNER='***' AIRFLOW_CTX_DAG_ID='Crypto_ETL' AIRFLOW_CTX_TASK_ID='fetch_and_save_data' AIRFLOW_CTX_EXECUTION_DATE='2024-04-26T04:55:03.466460+00:00' AIRFLOW_CTX_TRY_NUMBER='1' AIRFLOW_CTX_DAG_RUN_ID='manual__2024-04-26T04:55:03.466460+00:00'
[2024-04-26T04:55:09.109+0000] {taskinstance.py:430} INFO - ::endgroup::
[2024-04-26T04:55:09.126+0000] {logging_mixin.py:188} INFO - Data saved to binance_dataset.csv
[2024-04-26T04:55:09.127+0000] {python.py:237} INFO - Done. Returned value was: None
[2024-04-26T04:55:09.128+0000] {taskinstance.py:441} INFO - ::group::Post task execution logs
[2024-04-26T04:55:09.138+0000] {taskinstance.py:1205} INFO - Marking task as SUCCESS. dag_id=Crypto_ETL, task_id=fetch_and_save_data, execution_date=20240426T045503, start_date=20240426T045508, end_date=20240426T045509
[2024-04-26T04:55:09.192+0000] {local_task_job_runner.py:240} INFO - Task exited with return code 0
[2024-04-26T04:55:09.208+0000] {taskinstance.py:3482} INFO - 0 downstream tasks scheduled from follow-on schedule check
[2024-04-26T04:55:09.210+0000] {local_task_job_runner.py:222} INFO - ::endgroup::
