[2024-04-27T00:00:19.871+0000] {processor.py:161} INFO - Started process (PID=10588) to work on /home/airflow/.local/lib/python3.12/site-packages/airflow/example_dags/example_sla_dag.py
[2024-04-27T00:00:19.872+0000] {processor.py:830} INFO - Processing file /home/airflow/.local/lib/python3.12/site-packages/airflow/example_dags/example_sla_dag.py for tasks to queue
[2024-04-27T00:00:19.874+0000] {logging_mixin.py:188} INFO - [2024-04-27T00:00:19.874+0000] {dagbag.py:540} INFO - Filling up the DagBag from /home/airflow/.local/lib/python3.12/site-packages/airflow/example_dags/example_sla_dag.py
[2024-04-27T00:00:19.883+0000] {processor.py:840} INFO - DAG(s) 'example_sla_dag' retrieved from /home/airflow/.local/lib/python3.12/site-packages/airflow/example_dags/example_sla_dag.py
[2024-04-27T00:00:19.903+0000] {logging_mixin.py:188} INFO - [2024-04-27T00:00:19.903+0000] {dag.py:3096} INFO - Sync 1 DAGs
[2024-04-27T00:00:19.926+0000] {logging_mixin.py:188} INFO - [2024-04-27T00:00:19.925+0000] {dag.py:3954} INFO - Setting next_dagrun for example_sla_dag to 2024-04-26 23:58:00+00:00, run_after=2024-04-27 00:00:00+00:00
[2024-04-27T00:00:19.975+0000] {processor.py:183} INFO - Processing /home/airflow/.local/lib/python3.12/site-packages/airflow/example_dags/example_sla_dag.py took 0.110 seconds
[2024-04-27T00:00:50.170+0000] {processor.py:161} INFO - Started process (PID=10648) to work on /home/airflow/.local/lib/python3.12/site-packages/airflow/example_dags/example_sla_dag.py
[2024-04-27T00:00:50.172+0000] {processor.py:830} INFO - Processing file /home/airflow/.local/lib/python3.12/site-packages/airflow/example_dags/example_sla_dag.py for tasks to queue
[2024-04-27T00:00:50.175+0000] {logging_mixin.py:188} INFO - [2024-04-27T00:00:50.175+0000] {dagbag.py:540} INFO - Filling up the DagBag from /home/airflow/.local/lib/python3.12/site-packages/airflow/example_dags/example_sla_dag.py
[2024-04-27T00:00:50.184+0000] {processor.py:840} INFO - DAG(s) 'example_sla_dag' retrieved from /home/airflow/.local/lib/python3.12/site-packages/airflow/example_dags/example_sla_dag.py
[2024-04-27T00:00:50.199+0000] {logging_mixin.py:188} INFO - [2024-04-27T00:00:50.199+0000] {dag.py:3096} INFO - Sync 1 DAGs
[2024-04-27T00:00:50.217+0000] {logging_mixin.py:188} INFO - [2024-04-27T00:00:50.217+0000] {dag.py:3954} INFO - Setting next_dagrun for example_sla_dag to 2024-04-26 23:58:00+00:00, run_after=2024-04-27 00:00:00+00:00
[2024-04-27T00:00:50.242+0000] {processor.py:183} INFO - Processing /home/airflow/.local/lib/python3.12/site-packages/airflow/example_dags/example_sla_dag.py took 0.079 seconds
[2024-04-27T00:01:20.959+0000] {processor.py:161} INFO - Started process (PID=10716) to work on /home/airflow/.local/lib/python3.12/site-packages/airflow/example_dags/example_sla_dag.py
[2024-04-27T00:01:20.960+0000] {processor.py:830} INFO - Processing file /home/airflow/.local/lib/python3.12/site-packages/airflow/example_dags/example_sla_dag.py for tasks to queue
[2024-04-27T00:01:20.962+0000] {logging_mixin.py:188} INFO - [2024-04-27T00:01:20.962+0000] {dagbag.py:540} INFO - Filling up the DagBag from /home/airflow/.local/lib/python3.12/site-packages/airflow/example_dags/example_sla_dag.py
[2024-04-27T00:01:20.970+0000] {processor.py:840} INFO - DAG(s) 'example_sla_dag' retrieved from /home/airflow/.local/lib/python3.12/site-packages/airflow/example_dags/example_sla_dag.py
[2024-04-27T00:01:20.999+0000] {logging_mixin.py:188} INFO - [2024-04-27T00:01:20.999+0000] {dag.py:3096} INFO - Sync 1 DAGs
[2024-04-27T00:01:21.020+0000] {logging_mixin.py:188} INFO - [2024-04-27T00:01:21.020+0000] {dag.py:3954} INFO - Setting next_dagrun for example_sla_dag to 2024-04-26 23:58:00+00:00, run_after=2024-04-27 00:00:00+00:00
[2024-04-27T00:01:21.043+0000] {processor.py:183} INFO - Processing /home/airflow/.local/lib/python3.12/site-packages/airflow/example_dags/example_sla_dag.py took 0.089 seconds
[2024-04-27T00:01:51.817+0000] {processor.py:161} INFO - Started process (PID=10777) to work on /home/airflow/.local/lib/python3.12/site-packages/airflow/example_dags/example_sla_dag.py
[2024-04-27T00:01:51.818+0000] {processor.py:830} INFO - Processing file /home/airflow/.local/lib/python3.12/site-packages/airflow/example_dags/example_sla_dag.py for tasks to queue
[2024-04-27T00:01:51.820+0000] {logging_mixin.py:188} INFO - [2024-04-27T00:01:51.820+0000] {dagbag.py:540} INFO - Filling up the DagBag from /home/airflow/.local/lib/python3.12/site-packages/airflow/example_dags/example_sla_dag.py
[2024-04-27T00:01:51.828+0000] {processor.py:840} INFO - DAG(s) 'example_sla_dag' retrieved from /home/airflow/.local/lib/python3.12/site-packages/airflow/example_dags/example_sla_dag.py
[2024-04-27T00:01:51.851+0000] {logging_mixin.py:188} INFO - [2024-04-27T00:01:51.850+0000] {dag.py:3096} INFO - Sync 1 DAGs
[2024-04-27T00:01:51.877+0000] {logging_mixin.py:188} INFO - [2024-04-27T00:01:51.877+0000] {dag.py:3954} INFO - Setting next_dagrun for example_sla_dag to 2024-04-26 23:58:00+00:00, run_after=2024-04-27 00:00:00+00:00
[2024-04-27T00:01:51.897+0000] {processor.py:183} INFO - Processing /home/airflow/.local/lib/python3.12/site-packages/airflow/example_dags/example_sla_dag.py took 0.086 seconds
[2024-04-27T00:02:21.955+0000] {processor.py:161} INFO - Started process (PID=10837) to work on /home/airflow/.local/lib/python3.12/site-packages/airflow/example_dags/example_sla_dag.py
[2024-04-27T00:02:21.956+0000] {processor.py:830} INFO - Processing file /home/airflow/.local/lib/python3.12/site-packages/airflow/example_dags/example_sla_dag.py for tasks to queue
[2024-04-27T00:02:21.958+0000] {logging_mixin.py:188} INFO - [2024-04-27T00:02:21.957+0000] {dagbag.py:540} INFO - Filling up the DagBag from /home/airflow/.local/lib/python3.12/site-packages/airflow/example_dags/example_sla_dag.py
[2024-04-27T00:02:21.966+0000] {processor.py:840} INFO - DAG(s) 'example_sla_dag' retrieved from /home/airflow/.local/lib/python3.12/site-packages/airflow/example_dags/example_sla_dag.py
[2024-04-27T00:02:21.984+0000] {logging_mixin.py:188} INFO - [2024-04-27T00:02:21.984+0000] {dag.py:3096} INFO - Sync 1 DAGs
[2024-04-27T00:02:22.003+0000] {logging_mixin.py:188} INFO - [2024-04-27T00:02:22.003+0000] {dag.py:3954} INFO - Setting next_dagrun for example_sla_dag to 2024-04-27 00:00:00+00:00, run_after=2024-04-27 00:02:00+00:00
[2024-04-27T00:02:22.132+0000] {processor.py:183} INFO - Processing /home/airflow/.local/lib/python3.12/site-packages/airflow/example_dags/example_sla_dag.py took 0.183 seconds
[2024-04-27T00:02:52.258+0000] {processor.py:161} INFO - Started process (PID=10898) to work on /home/airflow/.local/lib/python3.12/site-packages/airflow/example_dags/example_sla_dag.py
[2024-04-27T00:02:52.261+0000] {processor.py:830} INFO - Processing file /home/airflow/.local/lib/python3.12/site-packages/airflow/example_dags/example_sla_dag.py for tasks to queue
[2024-04-27T00:02:52.266+0000] {logging_mixin.py:188} INFO - [2024-04-27T00:02:52.266+0000] {dagbag.py:540} INFO - Filling up the DagBag from /home/airflow/.local/lib/python3.12/site-packages/airflow/example_dags/example_sla_dag.py
[2024-04-27T00:02:52.274+0000] {processor.py:840} INFO - DAG(s) 'example_sla_dag' retrieved from /home/airflow/.local/lib/python3.12/site-packages/airflow/example_dags/example_sla_dag.py
[2024-04-27T00:02:52.299+0000] {logging_mixin.py:188} INFO - [2024-04-27T00:02:52.299+0000] {dag.py:3096} INFO - Sync 1 DAGs
[2024-04-27T00:02:52.322+0000] {logging_mixin.py:188} INFO - [2024-04-27T00:02:52.321+0000] {dag.py:3954} INFO - Setting next_dagrun for example_sla_dag to 2024-04-27 00:00:00+00:00, run_after=2024-04-27 00:02:00+00:00
[2024-04-27T00:02:52.354+0000] {processor.py:183} INFO - Processing /home/airflow/.local/lib/python3.12/site-packages/airflow/example_dags/example_sla_dag.py took 0.102 seconds
[2024-04-27T00:03:22.587+0000] {processor.py:161} INFO - Started process (PID=10959) to work on /home/airflow/.local/lib/python3.12/site-packages/airflow/example_dags/example_sla_dag.py
[2024-04-27T00:03:22.589+0000] {processor.py:830} INFO - Processing file /home/airflow/.local/lib/python3.12/site-packages/airflow/example_dags/example_sla_dag.py for tasks to queue
[2024-04-27T00:03:22.592+0000] {logging_mixin.py:188} INFO - [2024-04-27T00:03:22.591+0000] {dagbag.py:540} INFO - Filling up the DagBag from /home/airflow/.local/lib/python3.12/site-packages/airflow/example_dags/example_sla_dag.py
[2024-04-27T00:03:22.601+0000] {processor.py:840} INFO - DAG(s) 'example_sla_dag' retrieved from /home/airflow/.local/lib/python3.12/site-packages/airflow/example_dags/example_sla_dag.py
[2024-04-27T00:03:22.625+0000] {logging_mixin.py:188} INFO - [2024-04-27T00:03:22.625+0000] {dag.py:3096} INFO - Sync 1 DAGs
[2024-04-27T00:03:22.650+0000] {logging_mixin.py:188} INFO - [2024-04-27T00:03:22.650+0000] {dag.py:3954} INFO - Setting next_dagrun for example_sla_dag to 2024-04-27 00:00:00+00:00, run_after=2024-04-27 00:02:00+00:00
[2024-04-27T00:03:22.679+0000] {processor.py:183} INFO - Processing /home/airflow/.local/lib/python3.12/site-packages/airflow/example_dags/example_sla_dag.py took 0.097 seconds
[2024-04-27T00:03:52.786+0000] {processor.py:161} INFO - Started process (PID=11019) to work on /home/airflow/.local/lib/python3.12/site-packages/airflow/example_dags/example_sla_dag.py
[2024-04-27T00:03:52.787+0000] {processor.py:830} INFO - Processing file /home/airflow/.local/lib/python3.12/site-packages/airflow/example_dags/example_sla_dag.py for tasks to queue
[2024-04-27T00:03:52.790+0000] {logging_mixin.py:188} INFO - [2024-04-27T00:03:52.789+0000] {dagbag.py:540} INFO - Filling up the DagBag from /home/airflow/.local/lib/python3.12/site-packages/airflow/example_dags/example_sla_dag.py
[2024-04-27T00:03:52.797+0000] {processor.py:840} INFO - DAG(s) 'example_sla_dag' retrieved from /home/airflow/.local/lib/python3.12/site-packages/airflow/example_dags/example_sla_dag.py
[2024-04-27T00:03:52.813+0000] {logging_mixin.py:188} INFO - [2024-04-27T00:03:52.813+0000] {dag.py:3096} INFO - Sync 1 DAGs
[2024-04-27T00:03:52.834+0000] {logging_mixin.py:188} INFO - [2024-04-27T00:03:52.834+0000] {dag.py:3954} INFO - Setting next_dagrun for example_sla_dag to 2024-04-27 00:00:00+00:00, run_after=2024-04-27 00:02:00+00:00
[2024-04-27T00:03:52.855+0000] {processor.py:183} INFO - Processing /home/airflow/.local/lib/python3.12/site-packages/airflow/example_dags/example_sla_dag.py took 0.075 seconds
[2024-04-27T00:04:23.376+0000] {processor.py:161} INFO - Started process (PID=11079) to work on /home/airflow/.local/lib/python3.12/site-packages/airflow/example_dags/example_sla_dag.py
[2024-04-27T00:04:23.378+0000] {processor.py:830} INFO - Processing file /home/airflow/.local/lib/python3.12/site-packages/airflow/example_dags/example_sla_dag.py for tasks to queue
[2024-04-27T00:04:23.383+0000] {logging_mixin.py:188} INFO - [2024-04-27T00:04:23.383+0000] {dagbag.py:540} INFO - Filling up the DagBag from /home/airflow/.local/lib/python3.12/site-packages/airflow/example_dags/example_sla_dag.py
[2024-04-27T00:04:23.391+0000] {processor.py:840} INFO - DAG(s) 'example_sla_dag' retrieved from /home/airflow/.local/lib/python3.12/site-packages/airflow/example_dags/example_sla_dag.py
[2024-04-27T00:04:23.521+0000] {logging_mixin.py:188} INFO - [2024-04-27T00:04:23.520+0000] {dag.py:3096} INFO - Sync 1 DAGs
[2024-04-27T00:04:23.537+0000] {logging_mixin.py:188} INFO - [2024-04-27T00:04:23.537+0000] {dag.py:3954} INFO - Setting next_dagrun for example_sla_dag to 2024-04-27 00:02:00+00:00, run_after=2024-04-27 00:04:00+00:00
[2024-04-27T00:04:23.554+0000] {processor.py:183} INFO - Processing /home/airflow/.local/lib/python3.12/site-packages/airflow/example_dags/example_sla_dag.py took 0.182 seconds
[2024-04-27T00:04:54.336+0000] {processor.py:161} INFO - Started process (PID=11140) to work on /home/airflow/.local/lib/python3.12/site-packages/airflow/example_dags/example_sla_dag.py
[2024-04-27T00:04:54.337+0000] {processor.py:830} INFO - Processing file /home/airflow/.local/lib/python3.12/site-packages/airflow/example_dags/example_sla_dag.py for tasks to queue
[2024-04-27T00:04:54.339+0000] {logging_mixin.py:188} INFO - [2024-04-27T00:04:54.339+0000] {dagbag.py:540} INFO - Filling up the DagBag from /home/airflow/.local/lib/python3.12/site-packages/airflow/example_dags/example_sla_dag.py
[2024-04-27T00:04:54.347+0000] {processor.py:840} INFO - DAG(s) 'example_sla_dag' retrieved from /home/airflow/.local/lib/python3.12/site-packages/airflow/example_dags/example_sla_dag.py
[2024-04-27T00:04:54.366+0000] {logging_mixin.py:188} INFO - [2024-04-27T00:04:54.365+0000] {dag.py:3096} INFO - Sync 1 DAGs
[2024-04-27T00:04:54.384+0000] {logging_mixin.py:188} INFO - [2024-04-27T00:04:54.384+0000] {dag.py:3954} INFO - Setting next_dagrun for example_sla_dag to 2024-04-27 00:02:00+00:00, run_after=2024-04-27 00:04:00+00:00
[2024-04-27T00:04:54.405+0000] {processor.py:183} INFO - Processing /home/airflow/.local/lib/python3.12/site-packages/airflow/example_dags/example_sla_dag.py took 0.074 seconds
[2024-04-27T00:05:25.200+0000] {processor.py:161} INFO - Started process (PID=11200) to work on /home/airflow/.local/lib/python3.12/site-packages/airflow/example_dags/example_sla_dag.py
[2024-04-27T00:05:25.201+0000] {processor.py:830} INFO - Processing file /home/airflow/.local/lib/python3.12/site-packages/airflow/example_dags/example_sla_dag.py for tasks to queue
[2024-04-27T00:05:25.203+0000] {logging_mixin.py:188} INFO - [2024-04-27T00:05:25.202+0000] {dagbag.py:540} INFO - Filling up the DagBag from /home/airflow/.local/lib/python3.12/site-packages/airflow/example_dags/example_sla_dag.py
[2024-04-27T00:05:25.210+0000] {processor.py:840} INFO - DAG(s) 'example_sla_dag' retrieved from /home/airflow/.local/lib/python3.12/site-packages/airflow/example_dags/example_sla_dag.py
[2024-04-27T00:05:25.229+0000] {logging_mixin.py:188} INFO - [2024-04-27T00:05:25.229+0000] {dag.py:3096} INFO - Sync 1 DAGs
[2024-04-27T00:05:25.249+0000] {logging_mixin.py:188} INFO - [2024-04-27T00:05:25.249+0000] {dag.py:3954} INFO - Setting next_dagrun for example_sla_dag to 2024-04-27 00:02:00+00:00, run_after=2024-04-27 00:04:00+00:00
[2024-04-27T00:05:25.265+0000] {processor.py:183} INFO - Processing /home/airflow/.local/lib/python3.12/site-packages/airflow/example_dags/example_sla_dag.py took 0.070 seconds
[2024-04-27T00:05:55.844+0000] {processor.py:161} INFO - Started process (PID=11260) to work on /home/airflow/.local/lib/python3.12/site-packages/airflow/example_dags/example_sla_dag.py
[2024-04-27T00:05:55.845+0000] {processor.py:830} INFO - Processing file /home/airflow/.local/lib/python3.12/site-packages/airflow/example_dags/example_sla_dag.py for tasks to queue
[2024-04-27T00:05:55.846+0000] {logging_mixin.py:188} INFO - [2024-04-27T00:05:55.846+0000] {dagbag.py:540} INFO - Filling up the DagBag from /home/airflow/.local/lib/python3.12/site-packages/airflow/example_dags/example_sla_dag.py
[2024-04-27T00:05:55.855+0000] {processor.py:840} INFO - DAG(s) 'example_sla_dag' retrieved from /home/airflow/.local/lib/python3.12/site-packages/airflow/example_dags/example_sla_dag.py
[2024-04-27T00:05:55.879+0000] {logging_mixin.py:188} INFO - [2024-04-27T00:05:55.879+0000] {dag.py:3096} INFO - Sync 1 DAGs
[2024-04-27T00:05:55.906+0000] {logging_mixin.py:188} INFO - [2024-04-27T00:05:55.906+0000] {dag.py:3954} INFO - Setting next_dagrun for example_sla_dag to 2024-04-27 00:02:00+00:00, run_after=2024-04-27 00:04:00+00:00
[2024-04-27T00:05:55.929+0000] {processor.py:183} INFO - Processing /home/airflow/.local/lib/python3.12/site-packages/airflow/example_dags/example_sla_dag.py took 0.092 seconds
[2024-04-27T00:06:26.657+0000] {processor.py:161} INFO - Started process (PID=11320) to work on /home/airflow/.local/lib/python3.12/site-packages/airflow/example_dags/example_sla_dag.py
[2024-04-27T00:06:26.658+0000] {processor.py:830} INFO - Processing file /home/airflow/.local/lib/python3.12/site-packages/airflow/example_dags/example_sla_dag.py for tasks to queue
[2024-04-27T00:06:26.659+0000] {logging_mixin.py:188} INFO - [2024-04-27T00:06:26.659+0000] {dagbag.py:540} INFO - Filling up the DagBag from /home/airflow/.local/lib/python3.12/site-packages/airflow/example_dags/example_sla_dag.py
[2024-04-27T00:06:26.667+0000] {processor.py:840} INFO - DAG(s) 'example_sla_dag' retrieved from /home/airflow/.local/lib/python3.12/site-packages/airflow/example_dags/example_sla_dag.py
[2024-04-27T00:06:26.687+0000] {logging_mixin.py:188} INFO - [2024-04-27T00:06:26.686+0000] {dag.py:3096} INFO - Sync 1 DAGs
[2024-04-27T00:06:26.707+0000] {logging_mixin.py:188} INFO - [2024-04-27T00:06:26.707+0000] {dag.py:3954} INFO - Setting next_dagrun for example_sla_dag to 2024-04-27 00:04:00+00:00, run_after=2024-04-27 00:06:00+00:00
[2024-04-27T00:06:26.728+0000] {processor.py:183} INFO - Processing /home/airflow/.local/lib/python3.12/site-packages/airflow/example_dags/example_sla_dag.py took 0.075 seconds
[2024-04-27T00:06:57.383+0000] {processor.py:161} INFO - Started process (PID=11380) to work on /home/airflow/.local/lib/python3.12/site-packages/airflow/example_dags/example_sla_dag.py
[2024-04-27T00:06:57.384+0000] {processor.py:830} INFO - Processing file /home/airflow/.local/lib/python3.12/site-packages/airflow/example_dags/example_sla_dag.py for tasks to queue
[2024-04-27T00:06:57.385+0000] {logging_mixin.py:188} INFO - [2024-04-27T00:06:57.385+0000] {dagbag.py:540} INFO - Filling up the DagBag from /home/airflow/.local/lib/python3.12/site-packages/airflow/example_dags/example_sla_dag.py
[2024-04-27T00:06:57.392+0000] {processor.py:840} INFO - DAG(s) 'example_sla_dag' retrieved from /home/airflow/.local/lib/python3.12/site-packages/airflow/example_dags/example_sla_dag.py
[2024-04-27T00:06:57.410+0000] {logging_mixin.py:188} INFO - [2024-04-27T00:06:57.410+0000] {dag.py:3096} INFO - Sync 1 DAGs
[2024-04-27T00:06:57.438+0000] {logging_mixin.py:188} INFO - [2024-04-27T00:06:57.438+0000] {dag.py:3954} INFO - Setting next_dagrun for example_sla_dag to 2024-04-27 00:04:00+00:00, run_after=2024-04-27 00:06:00+00:00
[2024-04-27T00:06:57.456+0000] {processor.py:183} INFO - Processing /home/airflow/.local/lib/python3.12/site-packages/airflow/example_dags/example_sla_dag.py took 0.078 seconds
[2024-04-27T00:07:28.001+0000] {processor.py:161} INFO - Started process (PID=11440) to work on /home/airflow/.local/lib/python3.12/site-packages/airflow/example_dags/example_sla_dag.py
[2024-04-27T00:07:28.005+0000] {processor.py:830} INFO - Processing file /home/airflow/.local/lib/python3.12/site-packages/airflow/example_dags/example_sla_dag.py for tasks to queue
[2024-04-27T00:07:28.010+0000] {logging_mixin.py:188} INFO - [2024-04-27T00:07:28.008+0000] {dagbag.py:540} INFO - Filling up the DagBag from /home/airflow/.local/lib/python3.12/site-packages/airflow/example_dags/example_sla_dag.py
[2024-04-27T00:07:28.018+0000] {processor.py:840} INFO - DAG(s) 'example_sla_dag' retrieved from /home/airflow/.local/lib/python3.12/site-packages/airflow/example_dags/example_sla_dag.py
[2024-04-27T00:07:28.038+0000] {logging_mixin.py:188} INFO - [2024-04-27T00:07:28.037+0000] {dag.py:3096} INFO - Sync 1 DAGs
[2024-04-27T00:07:28.063+0000] {logging_mixin.py:188} INFO - [2024-04-27T00:07:28.063+0000] {dag.py:3954} INFO - Setting next_dagrun for example_sla_dag to 2024-04-27 00:04:00+00:00, run_after=2024-04-27 00:06:00+00:00
[2024-04-27T00:07:28.083+0000] {processor.py:183} INFO - Processing /home/airflow/.local/lib/python3.12/site-packages/airflow/example_dags/example_sla_dag.py took 0.091 seconds
[2024-04-27T00:07:58.621+0000] {processor.py:161} INFO - Started process (PID=11500) to work on /home/airflow/.local/lib/python3.12/site-packages/airflow/example_dags/example_sla_dag.py
[2024-04-27T00:07:58.622+0000] {processor.py:830} INFO - Processing file /home/airflow/.local/lib/python3.12/site-packages/airflow/example_dags/example_sla_dag.py for tasks to queue
[2024-04-27T00:07:58.623+0000] {logging_mixin.py:188} INFO - [2024-04-27T00:07:58.623+0000] {dagbag.py:540} INFO - Filling up the DagBag from /home/airflow/.local/lib/python3.12/site-packages/airflow/example_dags/example_sla_dag.py
[2024-04-27T00:07:58.631+0000] {processor.py:840} INFO - DAG(s) 'example_sla_dag' retrieved from /home/airflow/.local/lib/python3.12/site-packages/airflow/example_dags/example_sla_dag.py
[2024-04-27T00:07:58.648+0000] {logging_mixin.py:188} INFO - [2024-04-27T00:07:58.648+0000] {dag.py:3096} INFO - Sync 1 DAGs
[2024-04-27T00:07:58.668+0000] {logging_mixin.py:188} INFO - [2024-04-27T00:07:58.668+0000] {dag.py:3954} INFO - Setting next_dagrun for example_sla_dag to 2024-04-27 00:04:00+00:00, run_after=2024-04-27 00:06:00+00:00
[2024-04-27T00:07:58.687+0000] {processor.py:183} INFO - Processing /home/airflow/.local/lib/python3.12/site-packages/airflow/example_dags/example_sla_dag.py took 0.070 seconds
[2024-04-27T00:08:29.169+0000] {processor.py:161} INFO - Started process (PID=11560) to work on /home/airflow/.local/lib/python3.12/site-packages/airflow/example_dags/example_sla_dag.py
[2024-04-27T00:08:29.170+0000] {processor.py:830} INFO - Processing file /home/airflow/.local/lib/python3.12/site-packages/airflow/example_dags/example_sla_dag.py for tasks to queue
[2024-04-27T00:08:29.171+0000] {logging_mixin.py:188} INFO - [2024-04-27T00:08:29.171+0000] {dagbag.py:540} INFO - Filling up the DagBag from /home/airflow/.local/lib/python3.12/site-packages/airflow/example_dags/example_sla_dag.py
[2024-04-27T00:08:29.183+0000] {processor.py:840} INFO - DAG(s) 'example_sla_dag' retrieved from /home/airflow/.local/lib/python3.12/site-packages/airflow/example_dags/example_sla_dag.py
[2024-04-27T00:08:29.203+0000] {logging_mixin.py:188} INFO - [2024-04-27T00:08:29.203+0000] {dag.py:3096} INFO - Sync 1 DAGs
[2024-04-27T00:08:29.226+0000] {logging_mixin.py:188} INFO - [2024-04-27T00:08:29.226+0000] {dag.py:3954} INFO - Setting next_dagrun for example_sla_dag to 2024-04-27 00:06:00+00:00, run_after=2024-04-27 00:08:00+00:00
[2024-04-27T00:08:29.243+0000] {processor.py:183} INFO - Processing /home/airflow/.local/lib/python3.12/site-packages/airflow/example_dags/example_sla_dag.py took 0.079 seconds
[2024-04-27T00:08:59.694+0000] {processor.py:161} INFO - Started process (PID=11620) to work on /home/airflow/.local/lib/python3.12/site-packages/airflow/example_dags/example_sla_dag.py
[2024-04-27T00:08:59.695+0000] {processor.py:830} INFO - Processing file /home/airflow/.local/lib/python3.12/site-packages/airflow/example_dags/example_sla_dag.py for tasks to queue
[2024-04-27T00:08:59.696+0000] {logging_mixin.py:188} INFO - [2024-04-27T00:08:59.695+0000] {dagbag.py:540} INFO - Filling up the DagBag from /home/airflow/.local/lib/python3.12/site-packages/airflow/example_dags/example_sla_dag.py
[2024-04-27T00:08:59.702+0000] {processor.py:840} INFO - DAG(s) 'example_sla_dag' retrieved from /home/airflow/.local/lib/python3.12/site-packages/airflow/example_dags/example_sla_dag.py
[2024-04-27T00:08:59.720+0000] {logging_mixin.py:188} INFO - [2024-04-27T00:08:59.720+0000] {dag.py:3096} INFO - Sync 1 DAGs
[2024-04-27T00:08:59.744+0000] {logging_mixin.py:188} INFO - [2024-04-27T00:08:59.744+0000] {dag.py:3954} INFO - Setting next_dagrun for example_sla_dag to 2024-04-27 00:06:00+00:00, run_after=2024-04-27 00:08:00+00:00
[2024-04-27T00:08:59.764+0000] {processor.py:183} INFO - Processing /home/airflow/.local/lib/python3.12/site-packages/airflow/example_dags/example_sla_dag.py took 0.075 seconds
[2024-04-27T00:09:30.383+0000] {processor.py:161} INFO - Started process (PID=11680) to work on /home/airflow/.local/lib/python3.12/site-packages/airflow/example_dags/example_sla_dag.py
[2024-04-27T00:09:30.384+0000] {processor.py:830} INFO - Processing file /home/airflow/.local/lib/python3.12/site-packages/airflow/example_dags/example_sla_dag.py for tasks to queue
[2024-04-27T00:09:30.385+0000] {logging_mixin.py:188} INFO - [2024-04-27T00:09:30.385+0000] {dagbag.py:540} INFO - Filling up the DagBag from /home/airflow/.local/lib/python3.12/site-packages/airflow/example_dags/example_sla_dag.py
[2024-04-27T00:09:30.393+0000] {processor.py:840} INFO - DAG(s) 'example_sla_dag' retrieved from /home/airflow/.local/lib/python3.12/site-packages/airflow/example_dags/example_sla_dag.py
[2024-04-27T00:09:30.411+0000] {logging_mixin.py:188} INFO - [2024-04-27T00:09:30.411+0000] {dag.py:3096} INFO - Sync 1 DAGs
[2024-04-27T00:09:30.430+0000] {logging_mixin.py:188} INFO - [2024-04-27T00:09:30.430+0000] {dag.py:3954} INFO - Setting next_dagrun for example_sla_dag to 2024-04-27 00:06:00+00:00, run_after=2024-04-27 00:08:00+00:00
[2024-04-27T00:09:30.451+0000] {processor.py:183} INFO - Processing /home/airflow/.local/lib/python3.12/site-packages/airflow/example_dags/example_sla_dag.py took 0.073 seconds
[2024-04-27T00:10:00.972+0000] {processor.py:161} INFO - Started process (PID=11740) to work on /home/airflow/.local/lib/python3.12/site-packages/airflow/example_dags/example_sla_dag.py
[2024-04-27T00:10:00.973+0000] {processor.py:830} INFO - Processing file /home/airflow/.local/lib/python3.12/site-packages/airflow/example_dags/example_sla_dag.py for tasks to queue
[2024-04-27T00:10:00.975+0000] {logging_mixin.py:188} INFO - [2024-04-27T00:10:00.974+0000] {dagbag.py:540} INFO - Filling up the DagBag from /home/airflow/.local/lib/python3.12/site-packages/airflow/example_dags/example_sla_dag.py
[2024-04-27T00:10:00.981+0000] {processor.py:840} INFO - DAG(s) 'example_sla_dag' retrieved from /home/airflow/.local/lib/python3.12/site-packages/airflow/example_dags/example_sla_dag.py
[2024-04-27T00:10:01.000+0000] {logging_mixin.py:188} INFO - [2024-04-27T00:10:01.000+0000] {dag.py:3096} INFO - Sync 1 DAGs
[2024-04-27T00:10:01.025+0000] {logging_mixin.py:188} INFO - [2024-04-27T00:10:01.025+0000] {dag.py:3954} INFO - Setting next_dagrun for example_sla_dag to 2024-04-27 00:08:00+00:00, run_after=2024-04-27 00:10:00+00:00
[2024-04-27T00:10:01.049+0000] {processor.py:183} INFO - Processing /home/airflow/.local/lib/python3.12/site-packages/airflow/example_dags/example_sla_dag.py took 0.082 seconds
[2024-04-27T00:10:31.757+0000] {processor.py:161} INFO - Started process (PID=11800) to work on /home/airflow/.local/lib/python3.12/site-packages/airflow/example_dags/example_sla_dag.py
[2024-04-27T00:10:31.758+0000] {processor.py:830} INFO - Processing file /home/airflow/.local/lib/python3.12/site-packages/airflow/example_dags/example_sla_dag.py for tasks to queue
[2024-04-27T00:10:31.759+0000] {logging_mixin.py:188} INFO - [2024-04-27T00:10:31.759+0000] {dagbag.py:540} INFO - Filling up the DagBag from /home/airflow/.local/lib/python3.12/site-packages/airflow/example_dags/example_sla_dag.py
[2024-04-27T00:10:31.767+0000] {processor.py:840} INFO - DAG(s) 'example_sla_dag' retrieved from /home/airflow/.local/lib/python3.12/site-packages/airflow/example_dags/example_sla_dag.py
[2024-04-27T00:10:31.786+0000] {logging_mixin.py:188} INFO - [2024-04-27T00:10:31.786+0000] {dag.py:3096} INFO - Sync 1 DAGs
[2024-04-27T00:10:31.805+0000] {logging_mixin.py:188} INFO - [2024-04-27T00:10:31.805+0000] {dag.py:3954} INFO - Setting next_dagrun for example_sla_dag to 2024-04-27 00:08:00+00:00, run_after=2024-04-27 00:10:00+00:00
[2024-04-27T00:10:31.820+0000] {processor.py:183} INFO - Processing /home/airflow/.local/lib/python3.12/site-packages/airflow/example_dags/example_sla_dag.py took 0.067 seconds
[2024-04-27T00:11:02.418+0000] {processor.py:161} INFO - Started process (PID=11860) to work on /home/airflow/.local/lib/python3.12/site-packages/airflow/example_dags/example_sla_dag.py
[2024-04-27T00:11:02.419+0000] {processor.py:830} INFO - Processing file /home/airflow/.local/lib/python3.12/site-packages/airflow/example_dags/example_sla_dag.py for tasks to queue
[2024-04-27T00:11:02.420+0000] {logging_mixin.py:188} INFO - [2024-04-27T00:11:02.420+0000] {dagbag.py:540} INFO - Filling up the DagBag from /home/airflow/.local/lib/python3.12/site-packages/airflow/example_dags/example_sla_dag.py
[2024-04-27T00:11:02.431+0000] {processor.py:840} INFO - DAG(s) 'example_sla_dag' retrieved from /home/airflow/.local/lib/python3.12/site-packages/airflow/example_dags/example_sla_dag.py
[2024-04-27T00:11:02.453+0000] {logging_mixin.py:188} INFO - [2024-04-27T00:11:02.453+0000] {dag.py:3096} INFO - Sync 1 DAGs
[2024-04-27T00:11:02.478+0000] {logging_mixin.py:188} INFO - [2024-04-27T00:11:02.478+0000] {dag.py:3954} INFO - Setting next_dagrun for example_sla_dag to 2024-04-27 00:08:00+00:00, run_after=2024-04-27 00:10:00+00:00
[2024-04-27T00:11:02.499+0000] {processor.py:183} INFO - Processing /home/airflow/.local/lib/python3.12/site-packages/airflow/example_dags/example_sla_dag.py took 0.086 seconds
[2024-04-27T00:11:33.175+0000] {processor.py:161} INFO - Started process (PID=11921) to work on /home/airflow/.local/lib/python3.12/site-packages/airflow/example_dags/example_sla_dag.py
[2024-04-27T00:11:33.178+0000] {processor.py:830} INFO - Processing file /home/airflow/.local/lib/python3.12/site-packages/airflow/example_dags/example_sla_dag.py for tasks to queue
[2024-04-27T00:11:33.179+0000] {logging_mixin.py:188} INFO - [2024-04-27T00:11:33.179+0000] {dagbag.py:540} INFO - Filling up the DagBag from /home/airflow/.local/lib/python3.12/site-packages/airflow/example_dags/example_sla_dag.py
[2024-04-27T00:11:33.191+0000] {processor.py:840} INFO - DAG(s) 'example_sla_dag' retrieved from /home/airflow/.local/lib/python3.12/site-packages/airflow/example_dags/example_sla_dag.py
[2024-04-27T00:11:33.212+0000] {logging_mixin.py:188} INFO - [2024-04-27T00:11:33.211+0000] {dag.py:3096} INFO - Sync 1 DAGs
[2024-04-27T00:11:33.231+0000] {logging_mixin.py:188} INFO - [2024-04-27T00:11:33.231+0000] {dag.py:3954} INFO - Setting next_dagrun for example_sla_dag to 2024-04-27 00:08:00+00:00, run_after=2024-04-27 00:10:00+00:00
[2024-04-27T00:11:33.248+0000] {processor.py:183} INFO - Processing /home/airflow/.local/lib/python3.12/site-packages/airflow/example_dags/example_sla_dag.py took 0.078 seconds
[2024-04-27T00:12:03.806+0000] {processor.py:161} INFO - Started process (PID=11981) to work on /home/airflow/.local/lib/python3.12/site-packages/airflow/example_dags/example_sla_dag.py
[2024-04-27T00:12:03.807+0000] {processor.py:830} INFO - Processing file /home/airflow/.local/lib/python3.12/site-packages/airflow/example_dags/example_sla_dag.py for tasks to queue
[2024-04-27T00:12:03.809+0000] {logging_mixin.py:188} INFO - [2024-04-27T00:12:03.808+0000] {dagbag.py:540} INFO - Filling up the DagBag from /home/airflow/.local/lib/python3.12/site-packages/airflow/example_dags/example_sla_dag.py
[2024-04-27T00:12:03.816+0000] {processor.py:840} INFO - DAG(s) 'example_sla_dag' retrieved from /home/airflow/.local/lib/python3.12/site-packages/airflow/example_dags/example_sla_dag.py
[2024-04-27T00:12:03.838+0000] {logging_mixin.py:188} INFO - [2024-04-27T00:12:03.838+0000] {dag.py:3096} INFO - Sync 1 DAGs
[2024-04-27T00:12:03.871+0000] {logging_mixin.py:188} INFO - [2024-04-27T00:12:03.871+0000] {dag.py:3954} INFO - Setting next_dagrun for example_sla_dag to 2024-04-27 00:10:00+00:00, run_after=2024-04-27 00:12:00+00:00
[2024-04-27T00:12:03.891+0000] {processor.py:183} INFO - Processing /home/airflow/.local/lib/python3.12/site-packages/airflow/example_dags/example_sla_dag.py took 0.090 seconds
[2024-04-27T00:12:34.454+0000] {processor.py:161} INFO - Started process (PID=12041) to work on /home/airflow/.local/lib/python3.12/site-packages/airflow/example_dags/example_sla_dag.py
[2024-04-27T00:12:34.456+0000] {processor.py:830} INFO - Processing file /home/airflow/.local/lib/python3.12/site-packages/airflow/example_dags/example_sla_dag.py for tasks to queue
[2024-04-27T00:12:34.457+0000] {logging_mixin.py:188} INFO - [2024-04-27T00:12:34.456+0000] {dagbag.py:540} INFO - Filling up the DagBag from /home/airflow/.local/lib/python3.12/site-packages/airflow/example_dags/example_sla_dag.py
[2024-04-27T00:12:34.463+0000] {processor.py:840} INFO - DAG(s) 'example_sla_dag' retrieved from /home/airflow/.local/lib/python3.12/site-packages/airflow/example_dags/example_sla_dag.py
[2024-04-27T00:12:34.483+0000] {logging_mixin.py:188} INFO - [2024-04-27T00:12:34.483+0000] {dag.py:3096} INFO - Sync 1 DAGs
[2024-04-27T00:12:34.504+0000] {logging_mixin.py:188} INFO - [2024-04-27T00:12:34.503+0000] {dag.py:3954} INFO - Setting next_dagrun for example_sla_dag to 2024-04-27 00:10:00+00:00, run_after=2024-04-27 00:12:00+00:00
[2024-04-27T00:12:34.519+0000] {processor.py:183} INFO - Processing /home/airflow/.local/lib/python3.12/site-packages/airflow/example_dags/example_sla_dag.py took 0.071 seconds
[2024-04-27T00:13:05.239+0000] {processor.py:161} INFO - Started process (PID=12101) to work on /home/airflow/.local/lib/python3.12/site-packages/airflow/example_dags/example_sla_dag.py
[2024-04-27T00:13:05.240+0000] {processor.py:830} INFO - Processing file /home/airflow/.local/lib/python3.12/site-packages/airflow/example_dags/example_sla_dag.py for tasks to queue
[2024-04-27T00:13:05.241+0000] {logging_mixin.py:188} INFO - [2024-04-27T00:13:05.241+0000] {dagbag.py:540} INFO - Filling up the DagBag from /home/airflow/.local/lib/python3.12/site-packages/airflow/example_dags/example_sla_dag.py
[2024-04-27T00:13:05.248+0000] {processor.py:840} INFO - DAG(s) 'example_sla_dag' retrieved from /home/airflow/.local/lib/python3.12/site-packages/airflow/example_dags/example_sla_dag.py
[2024-04-27T00:13:05.266+0000] {logging_mixin.py:188} INFO - [2024-04-27T00:13:05.265+0000] {dag.py:3096} INFO - Sync 1 DAGs
[2024-04-27T00:13:05.287+0000] {logging_mixin.py:188} INFO - [2024-04-27T00:13:05.287+0000] {dag.py:3954} INFO - Setting next_dagrun for example_sla_dag to 2024-04-27 00:10:00+00:00, run_after=2024-04-27 00:12:00+00:00
[2024-04-27T00:13:05.308+0000] {processor.py:183} INFO - Processing /home/airflow/.local/lib/python3.12/site-packages/airflow/example_dags/example_sla_dag.py took 0.074 seconds
[2024-04-27T00:13:35.748+0000] {processor.py:161} INFO - Started process (PID=12161) to work on /home/airflow/.local/lib/python3.12/site-packages/airflow/example_dags/example_sla_dag.py
[2024-04-27T00:13:35.749+0000] {processor.py:830} INFO - Processing file /home/airflow/.local/lib/python3.12/site-packages/airflow/example_dags/example_sla_dag.py for tasks to queue
[2024-04-27T00:13:35.750+0000] {logging_mixin.py:188} INFO - [2024-04-27T00:13:35.750+0000] {dagbag.py:540} INFO - Filling up the DagBag from /home/airflow/.local/lib/python3.12/site-packages/airflow/example_dags/example_sla_dag.py
[2024-04-27T00:13:35.759+0000] {processor.py:840} INFO - DAG(s) 'example_sla_dag' retrieved from /home/airflow/.local/lib/python3.12/site-packages/airflow/example_dags/example_sla_dag.py
[2024-04-27T00:13:35.778+0000] {logging_mixin.py:188} INFO - [2024-04-27T00:13:35.778+0000] {dag.py:3096} INFO - Sync 1 DAGs
[2024-04-27T00:13:35.801+0000] {logging_mixin.py:188} INFO - [2024-04-27T00:13:35.801+0000] {dag.py:3954} INFO - Setting next_dagrun for example_sla_dag to 2024-04-27 00:10:00+00:00, run_after=2024-04-27 00:12:00+00:00
[2024-04-27T00:13:35.906+0000] {processor.py:183} INFO - Processing /home/airflow/.local/lib/python3.12/site-packages/airflow/example_dags/example_sla_dag.py took 0.164 seconds
[2024-04-27T00:14:05.999+0000] {processor.py:161} INFO - Started process (PID=12221) to work on /home/airflow/.local/lib/python3.12/site-packages/airflow/example_dags/example_sla_dag.py
[2024-04-27T00:14:06.000+0000] {processor.py:830} INFO - Processing file /home/airflow/.local/lib/python3.12/site-packages/airflow/example_dags/example_sla_dag.py for tasks to queue
[2024-04-27T00:14:06.002+0000] {logging_mixin.py:188} INFO - [2024-04-27T00:14:06.002+0000] {dagbag.py:540} INFO - Filling up the DagBag from /home/airflow/.local/lib/python3.12/site-packages/airflow/example_dags/example_sla_dag.py
[2024-04-27T00:14:06.009+0000] {processor.py:840} INFO - DAG(s) 'example_sla_dag' retrieved from /home/airflow/.local/lib/python3.12/site-packages/airflow/example_dags/example_sla_dag.py
[2024-04-27T00:14:06.027+0000] {logging_mixin.py:188} INFO - [2024-04-27T00:14:06.027+0000] {dag.py:3096} INFO - Sync 1 DAGs
[2024-04-27T00:14:06.046+0000] {logging_mixin.py:188} INFO - [2024-04-27T00:14:06.046+0000] {dag.py:3954} INFO - Setting next_dagrun for example_sla_dag to 2024-04-27 00:12:00+00:00, run_after=2024-04-27 00:14:00+00:00
[2024-04-27T00:14:06.064+0000] {processor.py:183} INFO - Processing /home/airflow/.local/lib/python3.12/site-packages/airflow/example_dags/example_sla_dag.py took 0.070 seconds
[2024-04-27T00:14:36.318+0000] {processor.py:161} INFO - Started process (PID=12281) to work on /home/airflow/.local/lib/python3.12/site-packages/airflow/example_dags/example_sla_dag.py
[2024-04-27T00:14:36.319+0000] {processor.py:830} INFO - Processing file /home/airflow/.local/lib/python3.12/site-packages/airflow/example_dags/example_sla_dag.py for tasks to queue
[2024-04-27T00:14:36.321+0000] {logging_mixin.py:188} INFO - [2024-04-27T00:14:36.320+0000] {dagbag.py:540} INFO - Filling up the DagBag from /home/airflow/.local/lib/python3.12/site-packages/airflow/example_dags/example_sla_dag.py
[2024-04-27T00:14:36.328+0000] {processor.py:840} INFO - DAG(s) 'example_sla_dag' retrieved from /home/airflow/.local/lib/python3.12/site-packages/airflow/example_dags/example_sla_dag.py
[2024-04-27T00:14:36.347+0000] {logging_mixin.py:188} INFO - [2024-04-27T00:14:36.347+0000] {dag.py:3096} INFO - Sync 1 DAGs
[2024-04-27T00:14:36.371+0000] {logging_mixin.py:188} INFO - [2024-04-27T00:14:36.371+0000] {dag.py:3954} INFO - Setting next_dagrun for example_sla_dag to 2024-04-27 00:12:00+00:00, run_after=2024-04-27 00:14:00+00:00
[2024-04-27T00:14:36.393+0000] {processor.py:183} INFO - Processing /home/airflow/.local/lib/python3.12/site-packages/airflow/example_dags/example_sla_dag.py took 0.081 seconds
[2024-04-27T00:15:06.728+0000] {processor.py:161} INFO - Started process (PID=12341) to work on /home/airflow/.local/lib/python3.12/site-packages/airflow/example_dags/example_sla_dag.py
[2024-04-27T00:15:06.731+0000] {processor.py:830} INFO - Processing file /home/airflow/.local/lib/python3.12/site-packages/airflow/example_dags/example_sla_dag.py for tasks to queue
[2024-04-27T00:15:06.732+0000] {logging_mixin.py:188} INFO - [2024-04-27T00:15:06.732+0000] {dagbag.py:540} INFO - Filling up the DagBag from /home/airflow/.local/lib/python3.12/site-packages/airflow/example_dags/example_sla_dag.py
[2024-04-27T00:15:06.741+0000] {processor.py:840} INFO - DAG(s) 'example_sla_dag' retrieved from /home/airflow/.local/lib/python3.12/site-packages/airflow/example_dags/example_sla_dag.py
[2024-04-27T00:15:06.762+0000] {logging_mixin.py:188} INFO - [2024-04-27T00:15:06.762+0000] {dag.py:3096} INFO - Sync 1 DAGs
[2024-04-27T00:15:06.784+0000] {logging_mixin.py:188} INFO - [2024-04-27T00:15:06.783+0000] {dag.py:3954} INFO - Setting next_dagrun for example_sla_dag to 2024-04-27 00:12:00+00:00, run_after=2024-04-27 00:14:00+00:00
[2024-04-27T00:15:06.806+0000] {processor.py:183} INFO - Processing /home/airflow/.local/lib/python3.12/site-packages/airflow/example_dags/example_sla_dag.py took 0.084 seconds
[2024-04-27T00:15:37.415+0000] {processor.py:161} INFO - Started process (PID=12401) to work on /home/airflow/.local/lib/python3.12/site-packages/airflow/example_dags/example_sla_dag.py
[2024-04-27T00:15:37.419+0000] {processor.py:830} INFO - Processing file /home/airflow/.local/lib/python3.12/site-packages/airflow/example_dags/example_sla_dag.py for tasks to queue
[2024-04-27T00:15:37.420+0000] {logging_mixin.py:188} INFO - [2024-04-27T00:15:37.419+0000] {dagbag.py:540} INFO - Filling up the DagBag from /home/airflow/.local/lib/python3.12/site-packages/airflow/example_dags/example_sla_dag.py
[2024-04-27T00:15:37.429+0000] {processor.py:840} INFO - DAG(s) 'example_sla_dag' retrieved from /home/airflow/.local/lib/python3.12/site-packages/airflow/example_dags/example_sla_dag.py
[2024-04-27T00:15:37.463+0000] {logging_mixin.py:188} INFO - [2024-04-27T00:15:37.462+0000] {dag.py:3096} INFO - Sync 1 DAGs
[2024-04-27T00:15:37.488+0000] {logging_mixin.py:188} INFO - [2024-04-27T00:15:37.488+0000] {dag.py:3954} INFO - Setting next_dagrun for example_sla_dag to 2024-04-27 00:12:00+00:00, run_after=2024-04-27 00:14:00+00:00
[2024-04-27T00:15:37.507+0000] {processor.py:183} INFO - Processing /home/airflow/.local/lib/python3.12/site-packages/airflow/example_dags/example_sla_dag.py took 0.102 seconds
[2024-04-27T00:16:07.836+0000] {processor.py:161} INFO - Started process (PID=12461) to work on /home/airflow/.local/lib/python3.12/site-packages/airflow/example_dags/example_sla_dag.py
[2024-04-27T00:16:07.837+0000] {processor.py:830} INFO - Processing file /home/airflow/.local/lib/python3.12/site-packages/airflow/example_dags/example_sla_dag.py for tasks to queue
[2024-04-27T00:16:07.838+0000] {logging_mixin.py:188} INFO - [2024-04-27T00:16:07.837+0000] {dagbag.py:540} INFO - Filling up the DagBag from /home/airflow/.local/lib/python3.12/site-packages/airflow/example_dags/example_sla_dag.py
[2024-04-27T00:16:07.846+0000] {processor.py:840} INFO - DAG(s) 'example_sla_dag' retrieved from /home/airflow/.local/lib/python3.12/site-packages/airflow/example_dags/example_sla_dag.py
[2024-04-27T00:16:07.863+0000] {logging_mixin.py:188} INFO - [2024-04-27T00:16:07.863+0000] {dag.py:3096} INFO - Sync 1 DAGs
[2024-04-27T00:16:07.884+0000] {logging_mixin.py:188} INFO - [2024-04-27T00:16:07.884+0000] {dag.py:3954} INFO - Setting next_dagrun for example_sla_dag to 2024-04-27 00:14:00+00:00, run_after=2024-04-27 00:16:00+00:00
[2024-04-27T00:16:07.901+0000] {processor.py:183} INFO - Processing /home/airflow/.local/lib/python3.12/site-packages/airflow/example_dags/example_sla_dag.py took 0.070 seconds
[2024-04-27T00:16:38.449+0000] {processor.py:161} INFO - Started process (PID=12521) to work on /home/airflow/.local/lib/python3.12/site-packages/airflow/example_dags/example_sla_dag.py
[2024-04-27T00:16:38.450+0000] {processor.py:830} INFO - Processing file /home/airflow/.local/lib/python3.12/site-packages/airflow/example_dags/example_sla_dag.py for tasks to queue
[2024-04-27T00:16:38.451+0000] {logging_mixin.py:188} INFO - [2024-04-27T00:16:38.451+0000] {dagbag.py:540} INFO - Filling up the DagBag from /home/airflow/.local/lib/python3.12/site-packages/airflow/example_dags/example_sla_dag.py
[2024-04-27T00:16:38.458+0000] {processor.py:840} INFO - DAG(s) 'example_sla_dag' retrieved from /home/airflow/.local/lib/python3.12/site-packages/airflow/example_dags/example_sla_dag.py
[2024-04-27T00:16:38.478+0000] {logging_mixin.py:188} INFO - [2024-04-27T00:16:38.476+0000] {dag.py:3096} INFO - Sync 1 DAGs
[2024-04-27T00:16:38.498+0000] {logging_mixin.py:188} INFO - [2024-04-27T00:16:38.498+0000] {dag.py:3954} INFO - Setting next_dagrun for example_sla_dag to 2024-04-27 00:14:00+00:00, run_after=2024-04-27 00:16:00+00:00
[2024-04-27T00:16:38.516+0000] {processor.py:183} INFO - Processing /home/airflow/.local/lib/python3.12/site-packages/airflow/example_dags/example_sla_dag.py took 0.071 seconds
[2024-04-27T00:17:08.766+0000] {processor.py:161} INFO - Started process (PID=12581) to work on /home/airflow/.local/lib/python3.12/site-packages/airflow/example_dags/example_sla_dag.py
[2024-04-27T00:17:08.767+0000] {processor.py:830} INFO - Processing file /home/airflow/.local/lib/python3.12/site-packages/airflow/example_dags/example_sla_dag.py for tasks to queue
[2024-04-27T00:17:08.768+0000] {logging_mixin.py:188} INFO - [2024-04-27T00:17:08.768+0000] {dagbag.py:540} INFO - Filling up the DagBag from /home/airflow/.local/lib/python3.12/site-packages/airflow/example_dags/example_sla_dag.py
[2024-04-27T00:17:08.777+0000] {processor.py:840} INFO - DAG(s) 'example_sla_dag' retrieved from /home/airflow/.local/lib/python3.12/site-packages/airflow/example_dags/example_sla_dag.py
[2024-04-27T00:17:08.796+0000] {logging_mixin.py:188} INFO - [2024-04-27T00:17:08.796+0000] {dag.py:3096} INFO - Sync 1 DAGs
[2024-04-27T00:17:08.816+0000] {logging_mixin.py:188} INFO - [2024-04-27T00:17:08.816+0000] {dag.py:3954} INFO - Setting next_dagrun for example_sla_dag to 2024-04-27 00:14:00+00:00, run_after=2024-04-27 00:16:00+00:00
[2024-04-27T00:17:08.832+0000] {processor.py:183} INFO - Processing /home/airflow/.local/lib/python3.12/site-packages/airflow/example_dags/example_sla_dag.py took 0.071 seconds
[2024-04-27T00:17:39.093+0000] {processor.py:161} INFO - Started process (PID=12641) to work on /home/airflow/.local/lib/python3.12/site-packages/airflow/example_dags/example_sla_dag.py
[2024-04-27T00:17:39.095+0000] {processor.py:830} INFO - Processing file /home/airflow/.local/lib/python3.12/site-packages/airflow/example_dags/example_sla_dag.py for tasks to queue
[2024-04-27T00:17:39.096+0000] {logging_mixin.py:188} INFO - [2024-04-27T00:17:39.096+0000] {dagbag.py:540} INFO - Filling up the DagBag from /home/airflow/.local/lib/python3.12/site-packages/airflow/example_dags/example_sla_dag.py
[2024-04-27T00:17:39.104+0000] {processor.py:840} INFO - DAG(s) 'example_sla_dag' retrieved from /home/airflow/.local/lib/python3.12/site-packages/airflow/example_dags/example_sla_dag.py
[2024-04-27T00:17:39.124+0000] {logging_mixin.py:188} INFO - [2024-04-27T00:17:39.123+0000] {dag.py:3096} INFO - Sync 1 DAGs
[2024-04-27T00:17:39.145+0000] {logging_mixin.py:188} INFO - [2024-04-27T00:17:39.145+0000] {dag.py:3954} INFO - Setting next_dagrun for example_sla_dag to 2024-04-27 00:14:00+00:00, run_after=2024-04-27 00:16:00+00:00
[2024-04-27T00:17:39.165+0000] {processor.py:183} INFO - Processing /home/airflow/.local/lib/python3.12/site-packages/airflow/example_dags/example_sla_dag.py took 0.077 seconds
[2024-04-27T00:18:09.761+0000] {processor.py:161} INFO - Started process (PID=12701) to work on /home/airflow/.local/lib/python3.12/site-packages/airflow/example_dags/example_sla_dag.py
[2024-04-27T00:18:09.762+0000] {processor.py:830} INFO - Processing file /home/airflow/.local/lib/python3.12/site-packages/airflow/example_dags/example_sla_dag.py for tasks to queue
[2024-04-27T00:18:09.764+0000] {logging_mixin.py:188} INFO - [2024-04-27T00:18:09.763+0000] {dagbag.py:540} INFO - Filling up the DagBag from /home/airflow/.local/lib/python3.12/site-packages/airflow/example_dags/example_sla_dag.py
[2024-04-27T00:18:09.771+0000] {processor.py:840} INFO - DAG(s) 'example_sla_dag' retrieved from /home/airflow/.local/lib/python3.12/site-packages/airflow/example_dags/example_sla_dag.py
[2024-04-27T00:18:09.788+0000] {logging_mixin.py:188} INFO - [2024-04-27T00:18:09.788+0000] {dag.py:3096} INFO - Sync 1 DAGs
[2024-04-27T00:18:09.808+0000] {logging_mixin.py:188} INFO - [2024-04-27T00:18:09.808+0000] {dag.py:3954} INFO - Setting next_dagrun for example_sla_dag to 2024-04-27 00:16:00+00:00, run_after=2024-04-27 00:18:00+00:00
[2024-04-27T00:18:09.828+0000] {processor.py:183} INFO - Processing /home/airflow/.local/lib/python3.12/site-packages/airflow/example_dags/example_sla_dag.py took 0.072 seconds
[2024-04-27T00:18:40.207+0000] {processor.py:161} INFO - Started process (PID=12761) to work on /home/airflow/.local/lib/python3.12/site-packages/airflow/example_dags/example_sla_dag.py
[2024-04-27T00:18:40.209+0000] {processor.py:830} INFO - Processing file /home/airflow/.local/lib/python3.12/site-packages/airflow/example_dags/example_sla_dag.py for tasks to queue
[2024-04-27T00:18:40.210+0000] {logging_mixin.py:188} INFO - [2024-04-27T00:18:40.210+0000] {dagbag.py:540} INFO - Filling up the DagBag from /home/airflow/.local/lib/python3.12/site-packages/airflow/example_dags/example_sla_dag.py
[2024-04-27T00:18:40.222+0000] {processor.py:840} INFO - DAG(s) 'example_sla_dag' retrieved from /home/airflow/.local/lib/python3.12/site-packages/airflow/example_dags/example_sla_dag.py
[2024-04-27T00:18:40.245+0000] {logging_mixin.py:188} INFO - [2024-04-27T00:18:40.245+0000] {dag.py:3096} INFO - Sync 1 DAGs
[2024-04-27T00:18:40.289+0000] {logging_mixin.py:188} INFO - [2024-04-27T00:18:40.289+0000] {dag.py:3954} INFO - Setting next_dagrun for example_sla_dag to 2024-04-27 00:16:00+00:00, run_after=2024-04-27 00:18:00+00:00
[2024-04-27T00:18:40.313+0000] {processor.py:183} INFO - Processing /home/airflow/.local/lib/python3.12/site-packages/airflow/example_dags/example_sla_dag.py took 0.111 seconds
[2024-04-27T00:19:10.447+0000] {processor.py:161} INFO - Started process (PID=12821) to work on /home/airflow/.local/lib/python3.12/site-packages/airflow/example_dags/example_sla_dag.py
[2024-04-27T00:19:10.448+0000] {processor.py:830} INFO - Processing file /home/airflow/.local/lib/python3.12/site-packages/airflow/example_dags/example_sla_dag.py for tasks to queue
[2024-04-27T00:19:10.449+0000] {logging_mixin.py:188} INFO - [2024-04-27T00:19:10.449+0000] {dagbag.py:540} INFO - Filling up the DagBag from /home/airflow/.local/lib/python3.12/site-packages/airflow/example_dags/example_sla_dag.py
[2024-04-27T00:19:10.458+0000] {processor.py:840} INFO - DAG(s) 'example_sla_dag' retrieved from /home/airflow/.local/lib/python3.12/site-packages/airflow/example_dags/example_sla_dag.py
[2024-04-27T00:19:10.480+0000] {logging_mixin.py:188} INFO - [2024-04-27T00:19:10.479+0000] {dag.py:3096} INFO - Sync 1 DAGs
[2024-04-27T00:19:10.501+0000] {logging_mixin.py:188} INFO - [2024-04-27T00:19:10.501+0000] {dag.py:3954} INFO - Setting next_dagrun for example_sla_dag to 2024-04-27 00:16:00+00:00, run_after=2024-04-27 00:18:00+00:00
[2024-04-27T00:19:10.517+0000] {processor.py:183} INFO - Processing /home/airflow/.local/lib/python3.12/site-packages/airflow/example_dags/example_sla_dag.py took 0.075 seconds
[2024-04-27T00:19:40.910+0000] {processor.py:161} INFO - Started process (PID=12881) to work on /home/airflow/.local/lib/python3.12/site-packages/airflow/example_dags/example_sla_dag.py
[2024-04-27T00:19:40.911+0000] {processor.py:830} INFO - Processing file /home/airflow/.local/lib/python3.12/site-packages/airflow/example_dags/example_sla_dag.py for tasks to queue
[2024-04-27T00:19:40.912+0000] {logging_mixin.py:188} INFO - [2024-04-27T00:19:40.912+0000] {dagbag.py:540} INFO - Filling up the DagBag from /home/airflow/.local/lib/python3.12/site-packages/airflow/example_dags/example_sla_dag.py
[2024-04-27T00:19:40.921+0000] {processor.py:840} INFO - DAG(s) 'example_sla_dag' retrieved from /home/airflow/.local/lib/python3.12/site-packages/airflow/example_dags/example_sla_dag.py
[2024-04-27T00:19:40.944+0000] {logging_mixin.py:188} INFO - [2024-04-27T00:19:40.944+0000] {dag.py:3096} INFO - Sync 1 DAGs
[2024-04-27T00:19:40.968+0000] {logging_mixin.py:188} INFO - [2024-04-27T00:19:40.968+0000] {dag.py:3954} INFO - Setting next_dagrun for example_sla_dag to 2024-04-27 00:16:00+00:00, run_after=2024-04-27 00:18:00+00:00
[2024-04-27T00:19:40.988+0000] {processor.py:183} INFO - Processing /home/airflow/.local/lib/python3.12/site-packages/airflow/example_dags/example_sla_dag.py took 0.084 seconds
[2024-04-27T00:20:11.611+0000] {processor.py:161} INFO - Started process (PID=12941) to work on /home/airflow/.local/lib/python3.12/site-packages/airflow/example_dags/example_sla_dag.py
[2024-04-27T00:20:11.612+0000] {processor.py:830} INFO - Processing file /home/airflow/.local/lib/python3.12/site-packages/airflow/example_dags/example_sla_dag.py for tasks to queue
[2024-04-27T00:20:11.614+0000] {logging_mixin.py:188} INFO - [2024-04-27T00:20:11.613+0000] {dagbag.py:540} INFO - Filling up the DagBag from /home/airflow/.local/lib/python3.12/site-packages/airflow/example_dags/example_sla_dag.py
[2024-04-27T00:20:11.626+0000] {processor.py:840} INFO - DAG(s) 'example_sla_dag' retrieved from /home/airflow/.local/lib/python3.12/site-packages/airflow/example_dags/example_sla_dag.py
[2024-04-27T00:20:11.652+0000] {logging_mixin.py:188} INFO - [2024-04-27T00:20:11.651+0000] {dag.py:3096} INFO - Sync 1 DAGs
[2024-04-27T00:20:11.678+0000] {logging_mixin.py:188} INFO - [2024-04-27T00:20:11.678+0000] {dag.py:3954} INFO - Setting next_dagrun for example_sla_dag to 2024-04-27 00:18:00+00:00, run_after=2024-04-27 00:20:00+00:00
[2024-04-27T00:20:11.700+0000] {processor.py:183} INFO - Processing /home/airflow/.local/lib/python3.12/site-packages/airflow/example_dags/example_sla_dag.py took 0.098 seconds
[2024-04-27T00:20:42.080+0000] {processor.py:161} INFO - Started process (PID=13000) to work on /home/airflow/.local/lib/python3.12/site-packages/airflow/example_dags/example_sla_dag.py
[2024-04-27T00:20:42.081+0000] {processor.py:830} INFO - Processing file /home/airflow/.local/lib/python3.12/site-packages/airflow/example_dags/example_sla_dag.py for tasks to queue
[2024-04-27T00:20:42.082+0000] {logging_mixin.py:188} INFO - [2024-04-27T00:20:42.082+0000] {dagbag.py:540} INFO - Filling up the DagBag from /home/airflow/.local/lib/python3.12/site-packages/airflow/example_dags/example_sla_dag.py
[2024-04-27T00:20:42.092+0000] {processor.py:840} INFO - DAG(s) 'example_sla_dag' retrieved from /home/airflow/.local/lib/python3.12/site-packages/airflow/example_dags/example_sla_dag.py
[2024-04-27T00:20:42.112+0000] {logging_mixin.py:188} INFO - [2024-04-27T00:20:42.111+0000] {dag.py:3096} INFO - Sync 1 DAGs
[2024-04-27T00:20:42.134+0000] {logging_mixin.py:188} INFO - [2024-04-27T00:20:42.134+0000] {dag.py:3954} INFO - Setting next_dagrun for example_sla_dag to 2024-04-27 00:18:00+00:00, run_after=2024-04-27 00:20:00+00:00
[2024-04-27T00:20:42.154+0000] {processor.py:183} INFO - Processing /home/airflow/.local/lib/python3.12/site-packages/airflow/example_dags/example_sla_dag.py took 0.080 seconds
[2024-04-27T00:21:12.728+0000] {processor.py:161} INFO - Started process (PID=13060) to work on /home/airflow/.local/lib/python3.12/site-packages/airflow/example_dags/example_sla_dag.py
[2024-04-27T00:21:12.729+0000] {processor.py:830} INFO - Processing file /home/airflow/.local/lib/python3.12/site-packages/airflow/example_dags/example_sla_dag.py for tasks to queue
[2024-04-27T00:21:12.730+0000] {logging_mixin.py:188} INFO - [2024-04-27T00:21:12.730+0000] {dagbag.py:540} INFO - Filling up the DagBag from /home/airflow/.local/lib/python3.12/site-packages/airflow/example_dags/example_sla_dag.py
[2024-04-27T00:21:12.739+0000] {processor.py:840} INFO - DAG(s) 'example_sla_dag' retrieved from /home/airflow/.local/lib/python3.12/site-packages/airflow/example_dags/example_sla_dag.py
[2024-04-27T00:21:12.761+0000] {logging_mixin.py:188} INFO - [2024-04-27T00:21:12.760+0000] {dag.py:3096} INFO - Sync 1 DAGs
[2024-04-27T00:21:12.784+0000] {logging_mixin.py:188} INFO - [2024-04-27T00:21:12.784+0000] {dag.py:3954} INFO - Setting next_dagrun for example_sla_dag to 2024-04-27 00:18:00+00:00, run_after=2024-04-27 00:20:00+00:00
[2024-04-27T00:21:12.803+0000] {processor.py:183} INFO - Processing /home/airflow/.local/lib/python3.12/site-packages/airflow/example_dags/example_sla_dag.py took 0.081 seconds
[2024-04-27T00:21:43.008+0000] {processor.py:161} INFO - Started process (PID=13120) to work on /home/airflow/.local/lib/python3.12/site-packages/airflow/example_dags/example_sla_dag.py
[2024-04-27T00:21:43.010+0000] {processor.py:830} INFO - Processing file /home/airflow/.local/lib/python3.12/site-packages/airflow/example_dags/example_sla_dag.py for tasks to queue
[2024-04-27T00:21:43.011+0000] {logging_mixin.py:188} INFO - [2024-04-27T00:21:43.011+0000] {dagbag.py:540} INFO - Filling up the DagBag from /home/airflow/.local/lib/python3.12/site-packages/airflow/example_dags/example_sla_dag.py
[2024-04-27T00:21:43.019+0000] {processor.py:840} INFO - DAG(s) 'example_sla_dag' retrieved from /home/airflow/.local/lib/python3.12/site-packages/airflow/example_dags/example_sla_dag.py
[2024-04-27T00:21:43.040+0000] {logging_mixin.py:188} INFO - [2024-04-27T00:21:43.039+0000] {dag.py:3096} INFO - Sync 1 DAGs
[2024-04-27T00:21:43.060+0000] {logging_mixin.py:188} INFO - [2024-04-27T00:21:43.060+0000] {dag.py:3954} INFO - Setting next_dagrun for example_sla_dag to 2024-04-27 00:18:00+00:00, run_after=2024-04-27 00:20:00+00:00
[2024-04-27T00:21:43.078+0000] {processor.py:183} INFO - Processing /home/airflow/.local/lib/python3.12/site-packages/airflow/example_dags/example_sla_dag.py took 0.075 seconds
[2024-04-27T00:22:13.611+0000] {processor.py:161} INFO - Started process (PID=13180) to work on /home/airflow/.local/lib/python3.12/site-packages/airflow/example_dags/example_sla_dag.py
[2024-04-27T00:22:13.612+0000] {processor.py:830} INFO - Processing file /home/airflow/.local/lib/python3.12/site-packages/airflow/example_dags/example_sla_dag.py for tasks to queue
[2024-04-27T00:22:13.613+0000] {logging_mixin.py:188} INFO - [2024-04-27T00:22:13.613+0000] {dagbag.py:540} INFO - Filling up the DagBag from /home/airflow/.local/lib/python3.12/site-packages/airflow/example_dags/example_sla_dag.py
[2024-04-27T00:22:13.620+0000] {processor.py:840} INFO - DAG(s) 'example_sla_dag' retrieved from /home/airflow/.local/lib/python3.12/site-packages/airflow/example_dags/example_sla_dag.py
[2024-04-27T00:22:13.639+0000] {logging_mixin.py:188} INFO - [2024-04-27T00:22:13.638+0000] {dag.py:3096} INFO - Sync 1 DAGs
[2024-04-27T00:22:13.658+0000] {logging_mixin.py:188} INFO - [2024-04-27T00:22:13.658+0000] {dag.py:3954} INFO - Setting next_dagrun for example_sla_dag to 2024-04-27 00:20:00+00:00, run_after=2024-04-27 00:22:00+00:00
[2024-04-27T00:22:13.677+0000] {processor.py:183} INFO - Processing /home/airflow/.local/lib/python3.12/site-packages/airflow/example_dags/example_sla_dag.py took 0.071 seconds
[2024-04-27T00:22:44.221+0000] {processor.py:161} INFO - Started process (PID=13240) to work on /home/airflow/.local/lib/python3.12/site-packages/airflow/example_dags/example_sla_dag.py
[2024-04-27T00:22:44.223+0000] {processor.py:830} INFO - Processing file /home/airflow/.local/lib/python3.12/site-packages/airflow/example_dags/example_sla_dag.py for tasks to queue
[2024-04-27T00:22:44.225+0000] {logging_mixin.py:188} INFO - [2024-04-27T00:22:44.224+0000] {dagbag.py:540} INFO - Filling up the DagBag from /home/airflow/.local/lib/python3.12/site-packages/airflow/example_dags/example_sla_dag.py
[2024-04-27T00:22:44.234+0000] {processor.py:840} INFO - DAG(s) 'example_sla_dag' retrieved from /home/airflow/.local/lib/python3.12/site-packages/airflow/example_dags/example_sla_dag.py
[2024-04-27T00:22:44.257+0000] {logging_mixin.py:188} INFO - [2024-04-27T00:22:44.257+0000] {dag.py:3096} INFO - Sync 1 DAGs
[2024-04-27T00:22:44.282+0000] {logging_mixin.py:188} INFO - [2024-04-27T00:22:44.282+0000] {dag.py:3954} INFO - Setting next_dagrun for example_sla_dag to 2024-04-27 00:20:00+00:00, run_after=2024-04-27 00:22:00+00:00
[2024-04-27T00:22:44.307+0000] {processor.py:183} INFO - Processing /home/airflow/.local/lib/python3.12/site-packages/airflow/example_dags/example_sla_dag.py took 0.094 seconds
[2024-04-27T00:23:14.732+0000] {processor.py:161} INFO - Started process (PID=13300) to work on /home/airflow/.local/lib/python3.12/site-packages/airflow/example_dags/example_sla_dag.py
[2024-04-27T00:23:14.733+0000] {processor.py:830} INFO - Processing file /home/airflow/.local/lib/python3.12/site-packages/airflow/example_dags/example_sla_dag.py for tasks to queue
[2024-04-27T00:23:14.734+0000] {logging_mixin.py:188} INFO - [2024-04-27T00:23:14.734+0000] {dagbag.py:540} INFO - Filling up the DagBag from /home/airflow/.local/lib/python3.12/site-packages/airflow/example_dags/example_sla_dag.py
[2024-04-27T00:23:14.742+0000] {processor.py:840} INFO - DAG(s) 'example_sla_dag' retrieved from /home/airflow/.local/lib/python3.12/site-packages/airflow/example_dags/example_sla_dag.py
[2024-04-27T00:23:14.760+0000] {logging_mixin.py:188} INFO - [2024-04-27T00:23:14.760+0000] {dag.py:3096} INFO - Sync 1 DAGs
[2024-04-27T00:23:14.782+0000] {logging_mixin.py:188} INFO - [2024-04-27T00:23:14.782+0000] {dag.py:3954} INFO - Setting next_dagrun for example_sla_dag to 2024-04-27 00:20:00+00:00, run_after=2024-04-27 00:22:00+00:00
[2024-04-27T00:23:14.800+0000] {processor.py:183} INFO - Processing /home/airflow/.local/lib/python3.12/site-packages/airflow/example_dags/example_sla_dag.py took 0.073 seconds
[2024-04-27T00:23:45.420+0000] {processor.py:161} INFO - Started process (PID=13360) to work on /home/airflow/.local/lib/python3.12/site-packages/airflow/example_dags/example_sla_dag.py
[2024-04-27T00:23:45.421+0000] {processor.py:830} INFO - Processing file /home/airflow/.local/lib/python3.12/site-packages/airflow/example_dags/example_sla_dag.py for tasks to queue
[2024-04-27T00:23:45.422+0000] {logging_mixin.py:188} INFO - [2024-04-27T00:23:45.422+0000] {dagbag.py:540} INFO - Filling up the DagBag from /home/airflow/.local/lib/python3.12/site-packages/airflow/example_dags/example_sla_dag.py
[2024-04-27T00:23:45.431+0000] {processor.py:840} INFO - DAG(s) 'example_sla_dag' retrieved from /home/airflow/.local/lib/python3.12/site-packages/airflow/example_dags/example_sla_dag.py
[2024-04-27T00:23:45.455+0000] {logging_mixin.py:188} INFO - [2024-04-27T00:23:45.455+0000] {dag.py:3096} INFO - Sync 1 DAGs
[2024-04-27T00:23:45.484+0000] {logging_mixin.py:188} INFO - [2024-04-27T00:23:45.483+0000] {dag.py:3954} INFO - Setting next_dagrun for example_sla_dag to 2024-04-27 00:20:00+00:00, run_after=2024-04-27 00:22:00+00:00
[2024-04-27T00:23:45.504+0000] {processor.py:183} INFO - Processing /home/airflow/.local/lib/python3.12/site-packages/airflow/example_dags/example_sla_dag.py took 0.091 seconds
[2024-04-27T00:24:15.966+0000] {processor.py:161} INFO - Started process (PID=13421) to work on /home/airflow/.local/lib/python3.12/site-packages/airflow/example_dags/example_sla_dag.py
[2024-04-27T00:24:15.968+0000] {processor.py:830} INFO - Processing file /home/airflow/.local/lib/python3.12/site-packages/airflow/example_dags/example_sla_dag.py for tasks to queue
[2024-04-27T00:24:15.969+0000] {logging_mixin.py:188} INFO - [2024-04-27T00:24:15.969+0000] {dagbag.py:540} INFO - Filling up the DagBag from /home/airflow/.local/lib/python3.12/site-packages/airflow/example_dags/example_sla_dag.py
[2024-04-27T00:24:15.981+0000] {processor.py:840} INFO - DAG(s) 'example_sla_dag' retrieved from /home/airflow/.local/lib/python3.12/site-packages/airflow/example_dags/example_sla_dag.py
[2024-04-27T00:24:16.007+0000] {logging_mixin.py:188} INFO - [2024-04-27T00:24:16.006+0000] {dag.py:3096} INFO - Sync 1 DAGs
[2024-04-27T00:24:16.030+0000] {logging_mixin.py:188} INFO - [2024-04-27T00:24:16.030+0000] {dag.py:3954} INFO - Setting next_dagrun for example_sla_dag to 2024-04-27 00:22:00+00:00, run_after=2024-04-27 00:24:00+00:00
[2024-04-27T00:24:16.050+0000] {processor.py:183} INFO - Processing /home/airflow/.local/lib/python3.12/site-packages/airflow/example_dags/example_sla_dag.py took 0.092 seconds
[2024-04-27T00:24:46.462+0000] {processor.py:161} INFO - Started process (PID=13481) to work on /home/airflow/.local/lib/python3.12/site-packages/airflow/example_dags/example_sla_dag.py
[2024-04-27T00:24:46.463+0000] {processor.py:830} INFO - Processing file /home/airflow/.local/lib/python3.12/site-packages/airflow/example_dags/example_sla_dag.py for tasks to queue
[2024-04-27T00:24:46.464+0000] {logging_mixin.py:188} INFO - [2024-04-27T00:24:46.464+0000] {dagbag.py:540} INFO - Filling up the DagBag from /home/airflow/.local/lib/python3.12/site-packages/airflow/example_dags/example_sla_dag.py
[2024-04-27T00:24:46.472+0000] {processor.py:840} INFO - DAG(s) 'example_sla_dag' retrieved from /home/airflow/.local/lib/python3.12/site-packages/airflow/example_dags/example_sla_dag.py
[2024-04-27T00:24:46.492+0000] {logging_mixin.py:188} INFO - [2024-04-27T00:24:46.492+0000] {dag.py:3096} INFO - Sync 1 DAGs
[2024-04-27T00:24:46.512+0000] {logging_mixin.py:188} INFO - [2024-04-27T00:24:46.512+0000] {dag.py:3954} INFO - Setting next_dagrun for example_sla_dag to 2024-04-27 00:22:00+00:00, run_after=2024-04-27 00:24:00+00:00
[2024-04-27T00:24:46.532+0000] {processor.py:183} INFO - Processing /home/airflow/.local/lib/python3.12/site-packages/airflow/example_dags/example_sla_dag.py took 0.075 seconds
[2024-04-27T00:25:16.979+0000] {processor.py:161} INFO - Started process (PID=13541) to work on /home/airflow/.local/lib/python3.12/site-packages/airflow/example_dags/example_sla_dag.py
[2024-04-27T00:25:16.980+0000] {processor.py:830} INFO - Processing file /home/airflow/.local/lib/python3.12/site-packages/airflow/example_dags/example_sla_dag.py for tasks to queue
[2024-04-27T00:25:16.982+0000] {logging_mixin.py:188} INFO - [2024-04-27T00:25:16.981+0000] {dagbag.py:540} INFO - Filling up the DagBag from /home/airflow/.local/lib/python3.12/site-packages/airflow/example_dags/example_sla_dag.py
[2024-04-27T00:25:16.989+0000] {processor.py:840} INFO - DAG(s) 'example_sla_dag' retrieved from /home/airflow/.local/lib/python3.12/site-packages/airflow/example_dags/example_sla_dag.py
[2024-04-27T00:25:17.007+0000] {logging_mixin.py:188} INFO - [2024-04-27T00:25:17.007+0000] {dag.py:3096} INFO - Sync 1 DAGs
[2024-04-27T00:25:17.027+0000] {logging_mixin.py:188} INFO - [2024-04-27T00:25:17.027+0000] {dag.py:3954} INFO - Setting next_dagrun for example_sla_dag to 2024-04-27 00:22:00+00:00, run_after=2024-04-27 00:24:00+00:00
[2024-04-27T00:25:17.049+0000] {processor.py:183} INFO - Processing /home/airflow/.local/lib/python3.12/site-packages/airflow/example_dags/example_sla_dag.py took 0.075 seconds
