[2024-04-27T00:00:05.540+0000] {processor.py:161} INFO - Started process (PID=10563) to work on /home/airflow/.local/lib/python3.12/site-packages/airflow/example_dags/example_python_operator.py
[2024-04-27T00:00:05.541+0000] {processor.py:830} INFO - Processing file /home/airflow/.local/lib/python3.12/site-packages/airflow/example_dags/example_python_operator.py for tasks to queue
[2024-04-27T00:00:05.543+0000] {logging_mixin.py:188} INFO - [2024-04-27T00:00:05.543+0000] {dagbag.py:540} INFO - Filling up the DagBag from /home/airflow/.local/lib/python3.12/site-packages/airflow/example_dags/example_python_operator.py
[2024-04-27T00:00:05.553+0000] {processor.py:840} INFO - DAG(s) 'example_python_operator' retrieved from /home/airflow/.local/lib/python3.12/site-packages/airflow/example_dags/example_python_operator.py
[2024-04-27T00:00:05.574+0000] {logging_mixin.py:188} INFO - [2024-04-27T00:00:05.574+0000] {dag.py:3096} INFO - Sync 1 DAGs
[2024-04-27T00:00:05.587+0000] {logging_mixin.py:188} INFO - [2024-04-27T00:00:05.587+0000] {dag.py:3954} INFO - Setting next_dagrun for example_python_operator to None, run_after=None
[2024-04-27T00:00:05.607+0000] {processor.py:183} INFO - Processing /home/airflow/.local/lib/python3.12/site-packages/airflow/example_dags/example_python_operator.py took 0.073 seconds
[2024-04-27T00:00:35.711+0000] {processor.py:161} INFO - Started process (PID=10624) to work on /home/airflow/.local/lib/python3.12/site-packages/airflow/example_dags/example_python_operator.py
[2024-04-27T00:00:35.712+0000] {processor.py:830} INFO - Processing file /home/airflow/.local/lib/python3.12/site-packages/airflow/example_dags/example_python_operator.py for tasks to queue
[2024-04-27T00:00:35.715+0000] {logging_mixin.py:188} INFO - [2024-04-27T00:00:35.714+0000] {dagbag.py:540} INFO - Filling up the DagBag from /home/airflow/.local/lib/python3.12/site-packages/airflow/example_dags/example_python_operator.py
[2024-04-27T00:00:35.723+0000] {processor.py:840} INFO - DAG(s) 'example_python_operator' retrieved from /home/airflow/.local/lib/python3.12/site-packages/airflow/example_dags/example_python_operator.py
[2024-04-27T00:00:35.745+0000] {logging_mixin.py:188} INFO - [2024-04-27T00:00:35.745+0000] {dag.py:3096} INFO - Sync 1 DAGs
[2024-04-27T00:00:35.759+0000] {logging_mixin.py:188} INFO - [2024-04-27T00:00:35.759+0000] {dag.py:3954} INFO - Setting next_dagrun for example_python_operator to None, run_after=None
[2024-04-27T00:00:35.778+0000] {processor.py:183} INFO - Processing /home/airflow/.local/lib/python3.12/site-packages/airflow/example_dags/example_python_operator.py took 0.072 seconds
[2024-04-27T00:01:06.038+0000] {processor.py:161} INFO - Started process (PID=10685) to work on /home/airflow/.local/lib/python3.12/site-packages/airflow/example_dags/example_python_operator.py
[2024-04-27T00:01:06.039+0000] {processor.py:830} INFO - Processing file /home/airflow/.local/lib/python3.12/site-packages/airflow/example_dags/example_python_operator.py for tasks to queue
[2024-04-27T00:01:06.041+0000] {logging_mixin.py:188} INFO - [2024-04-27T00:01:06.041+0000] {dagbag.py:540} INFO - Filling up the DagBag from /home/airflow/.local/lib/python3.12/site-packages/airflow/example_dags/example_python_operator.py
[2024-04-27T00:01:06.049+0000] {processor.py:840} INFO - DAG(s) 'example_python_operator' retrieved from /home/airflow/.local/lib/python3.12/site-packages/airflow/example_dags/example_python_operator.py
[2024-04-27T00:01:06.068+0000] {logging_mixin.py:188} INFO - [2024-04-27T00:01:06.068+0000] {dag.py:3096} INFO - Sync 1 DAGs
[2024-04-27T00:01:06.079+0000] {logging_mixin.py:188} INFO - [2024-04-27T00:01:06.079+0000] {dag.py:3954} INFO - Setting next_dagrun for example_python_operator to None, run_after=None
[2024-04-27T00:01:06.096+0000] {processor.py:183} INFO - Processing /home/airflow/.local/lib/python3.12/site-packages/airflow/example_dags/example_python_operator.py took 0.064 seconds
[2024-04-27T00:01:36.533+0000] {processor.py:161} INFO - Started process (PID=10746) to work on /home/airflow/.local/lib/python3.12/site-packages/airflow/example_dags/example_python_operator.py
[2024-04-27T00:01:36.534+0000] {processor.py:830} INFO - Processing file /home/airflow/.local/lib/python3.12/site-packages/airflow/example_dags/example_python_operator.py for tasks to queue
[2024-04-27T00:01:36.536+0000] {logging_mixin.py:188} INFO - [2024-04-27T00:01:36.536+0000] {dagbag.py:540} INFO - Filling up the DagBag from /home/airflow/.local/lib/python3.12/site-packages/airflow/example_dags/example_python_operator.py
[2024-04-27T00:01:36.547+0000] {processor.py:840} INFO - DAG(s) 'example_python_operator' retrieved from /home/airflow/.local/lib/python3.12/site-packages/airflow/example_dags/example_python_operator.py
[2024-04-27T00:01:36.572+0000] {logging_mixin.py:188} INFO - [2024-04-27T00:01:36.572+0000] {dag.py:3096} INFO - Sync 1 DAGs
[2024-04-27T00:01:36.587+0000] {logging_mixin.py:188} INFO - [2024-04-27T00:01:36.587+0000] {dag.py:3954} INFO - Setting next_dagrun for example_python_operator to None, run_after=None
[2024-04-27T00:01:36.610+0000] {processor.py:183} INFO - Processing /home/airflow/.local/lib/python3.12/site-packages/airflow/example_dags/example_python_operator.py took 0.085 seconds
[2024-04-27T00:02:07.632+0000] {processor.py:161} INFO - Started process (PID=10807) to work on /home/airflow/.local/lib/python3.12/site-packages/airflow/example_dags/example_python_operator.py
[2024-04-27T00:02:07.634+0000] {processor.py:830} INFO - Processing file /home/airflow/.local/lib/python3.12/site-packages/airflow/example_dags/example_python_operator.py for tasks to queue
[2024-04-27T00:02:07.640+0000] {logging_mixin.py:188} INFO - [2024-04-27T00:02:07.639+0000] {dagbag.py:540} INFO - Filling up the DagBag from /home/airflow/.local/lib/python3.12/site-packages/airflow/example_dags/example_python_operator.py
[2024-04-27T00:02:07.661+0000] {processor.py:840} INFO - DAG(s) 'example_python_operator' retrieved from /home/airflow/.local/lib/python3.12/site-packages/airflow/example_dags/example_python_operator.py
[2024-04-27T00:02:07.696+0000] {logging_mixin.py:188} INFO - [2024-04-27T00:02:07.695+0000] {dag.py:3096} INFO - Sync 1 DAGs
[2024-04-27T00:02:07.716+0000] {logging_mixin.py:188} INFO - [2024-04-27T00:02:07.715+0000] {dag.py:3954} INFO - Setting next_dagrun for example_python_operator to None, run_after=None
[2024-04-27T00:02:07.759+0000] {processor.py:183} INFO - Processing /home/airflow/.local/lib/python3.12/site-packages/airflow/example_dags/example_python_operator.py took 0.137 seconds
[2024-04-27T00:02:38.657+0000] {processor.py:161} INFO - Started process (PID=10868) to work on /home/airflow/.local/lib/python3.12/site-packages/airflow/example_dags/example_python_operator.py
[2024-04-27T00:02:38.658+0000] {processor.py:830} INFO - Processing file /home/airflow/.local/lib/python3.12/site-packages/airflow/example_dags/example_python_operator.py for tasks to queue
[2024-04-27T00:02:38.660+0000] {logging_mixin.py:188} INFO - [2024-04-27T00:02:38.660+0000] {dagbag.py:540} INFO - Filling up the DagBag from /home/airflow/.local/lib/python3.12/site-packages/airflow/example_dags/example_python_operator.py
[2024-04-27T00:02:38.670+0000] {processor.py:840} INFO - DAG(s) 'example_python_operator' retrieved from /home/airflow/.local/lib/python3.12/site-packages/airflow/example_dags/example_python_operator.py
[2024-04-27T00:02:38.689+0000] {logging_mixin.py:188} INFO - [2024-04-27T00:02:38.689+0000] {dag.py:3096} INFO - Sync 1 DAGs
[2024-04-27T00:02:38.699+0000] {logging_mixin.py:188} INFO - [2024-04-27T00:02:38.699+0000] {dag.py:3954} INFO - Setting next_dagrun for example_python_operator to None, run_after=None
[2024-04-27T00:02:38.718+0000] {processor.py:183} INFO - Processing /home/airflow/.local/lib/python3.12/site-packages/airflow/example_dags/example_python_operator.py took 0.067 seconds
[2024-04-27T00:03:09.245+0000] {processor.py:161} INFO - Started process (PID=10929) to work on /home/airflow/.local/lib/python3.12/site-packages/airflow/example_dags/example_python_operator.py
[2024-04-27T00:03:09.246+0000] {processor.py:830} INFO - Processing file /home/airflow/.local/lib/python3.12/site-packages/airflow/example_dags/example_python_operator.py for tasks to queue
[2024-04-27T00:03:09.248+0000] {logging_mixin.py:188} INFO - [2024-04-27T00:03:09.248+0000] {dagbag.py:540} INFO - Filling up the DagBag from /home/airflow/.local/lib/python3.12/site-packages/airflow/example_dags/example_python_operator.py
[2024-04-27T00:03:09.257+0000] {processor.py:840} INFO - DAG(s) 'example_python_operator' retrieved from /home/airflow/.local/lib/python3.12/site-packages/airflow/example_dags/example_python_operator.py
[2024-04-27T00:03:09.279+0000] {logging_mixin.py:188} INFO - [2024-04-27T00:03:09.279+0000] {dag.py:3096} INFO - Sync 1 DAGs
[2024-04-27T00:03:09.291+0000] {logging_mixin.py:188} INFO - [2024-04-27T00:03:09.291+0000] {dag.py:3954} INFO - Setting next_dagrun for example_python_operator to None, run_after=None
[2024-04-27T00:03:09.313+0000] {processor.py:183} INFO - Processing /home/airflow/.local/lib/python3.12/site-packages/airflow/example_dags/example_python_operator.py took 0.074 seconds
[2024-04-27T00:03:40.104+0000] {processor.py:161} INFO - Started process (PID=10990) to work on /home/airflow/.local/lib/python3.12/site-packages/airflow/example_dags/example_python_operator.py
[2024-04-27T00:03:40.105+0000] {processor.py:830} INFO - Processing file /home/airflow/.local/lib/python3.12/site-packages/airflow/example_dags/example_python_operator.py for tasks to queue
[2024-04-27T00:03:40.107+0000] {logging_mixin.py:188} INFO - [2024-04-27T00:03:40.107+0000] {dagbag.py:540} INFO - Filling up the DagBag from /home/airflow/.local/lib/python3.12/site-packages/airflow/example_dags/example_python_operator.py
[2024-04-27T00:03:40.117+0000] {processor.py:840} INFO - DAG(s) 'example_python_operator' retrieved from /home/airflow/.local/lib/python3.12/site-packages/airflow/example_dags/example_python_operator.py
[2024-04-27T00:03:40.138+0000] {logging_mixin.py:188} INFO - [2024-04-27T00:03:40.137+0000] {dag.py:3096} INFO - Sync 1 DAGs
[2024-04-27T00:03:40.160+0000] {logging_mixin.py:188} INFO - [2024-04-27T00:03:40.160+0000] {dag.py:3954} INFO - Setting next_dagrun for example_python_operator to None, run_after=None
[2024-04-27T00:03:40.196+0000] {processor.py:183} INFO - Processing /home/airflow/.local/lib/python3.12/site-packages/airflow/example_dags/example_python_operator.py took 0.097 seconds
[2024-04-27T00:04:10.984+0000] {processor.py:161} INFO - Started process (PID=11050) to work on /home/airflow/.local/lib/python3.12/site-packages/airflow/example_dags/example_python_operator.py
[2024-04-27T00:04:10.985+0000] {processor.py:830} INFO - Processing file /home/airflow/.local/lib/python3.12/site-packages/airflow/example_dags/example_python_operator.py for tasks to queue
[2024-04-27T00:04:10.987+0000] {logging_mixin.py:188} INFO - [2024-04-27T00:04:10.986+0000] {dagbag.py:540} INFO - Filling up the DagBag from /home/airflow/.local/lib/python3.12/site-packages/airflow/example_dags/example_python_operator.py
[2024-04-27T00:04:10.997+0000] {processor.py:840} INFO - DAG(s) 'example_python_operator' retrieved from /home/airflow/.local/lib/python3.12/site-packages/airflow/example_dags/example_python_operator.py
[2024-04-27T00:04:11.017+0000] {logging_mixin.py:188} INFO - [2024-04-27T00:04:11.016+0000] {dag.py:3096} INFO - Sync 1 DAGs
[2024-04-27T00:04:11.135+0000] {logging_mixin.py:188} INFO - [2024-04-27T00:04:11.135+0000] {dag.py:3954} INFO - Setting next_dagrun for example_python_operator to None, run_after=None
[2024-04-27T00:04:11.148+0000] {processor.py:183} INFO - Processing /home/airflow/.local/lib/python3.12/site-packages/airflow/example_dags/example_python_operator.py took 0.170 seconds
[2024-04-27T00:04:41.373+0000] {processor.py:161} INFO - Started process (PID=11110) to work on /home/airflow/.local/lib/python3.12/site-packages/airflow/example_dags/example_python_operator.py
[2024-04-27T00:04:41.374+0000] {processor.py:830} INFO - Processing file /home/airflow/.local/lib/python3.12/site-packages/airflow/example_dags/example_python_operator.py for tasks to queue
[2024-04-27T00:04:41.376+0000] {logging_mixin.py:188} INFO - [2024-04-27T00:04:41.375+0000] {dagbag.py:540} INFO - Filling up the DagBag from /home/airflow/.local/lib/python3.12/site-packages/airflow/example_dags/example_python_operator.py
[2024-04-27T00:04:41.384+0000] {processor.py:840} INFO - DAG(s) 'example_python_operator' retrieved from /home/airflow/.local/lib/python3.12/site-packages/airflow/example_dags/example_python_operator.py
[2024-04-27T00:04:41.404+0000] {logging_mixin.py:188} INFO - [2024-04-27T00:04:41.403+0000] {dag.py:3096} INFO - Sync 1 DAGs
[2024-04-27T00:04:41.415+0000] {logging_mixin.py:188} INFO - [2024-04-27T00:04:41.415+0000] {dag.py:3954} INFO - Setting next_dagrun for example_python_operator to None, run_after=None
[2024-04-27T00:04:41.430+0000] {processor.py:183} INFO - Processing /home/airflow/.local/lib/python3.12/site-packages/airflow/example_dags/example_python_operator.py took 0.062 seconds
[2024-04-27T00:05:11.826+0000] {processor.py:161} INFO - Started process (PID=11170) to work on /home/airflow/.local/lib/python3.12/site-packages/airflow/example_dags/example_python_operator.py
[2024-04-27T00:05:11.827+0000] {processor.py:830} INFO - Processing file /home/airflow/.local/lib/python3.12/site-packages/airflow/example_dags/example_python_operator.py for tasks to queue
[2024-04-27T00:05:11.828+0000] {logging_mixin.py:188} INFO - [2024-04-27T00:05:11.827+0000] {dagbag.py:540} INFO - Filling up the DagBag from /home/airflow/.local/lib/python3.12/site-packages/airflow/example_dags/example_python_operator.py
[2024-04-27T00:05:11.838+0000] {processor.py:840} INFO - DAG(s) 'example_python_operator' retrieved from /home/airflow/.local/lib/python3.12/site-packages/airflow/example_dags/example_python_operator.py
[2024-04-27T00:05:11.864+0000] {logging_mixin.py:188} INFO - [2024-04-27T00:05:11.863+0000] {dag.py:3096} INFO - Sync 1 DAGs
[2024-04-27T00:05:11.876+0000] {logging_mixin.py:188} INFO - [2024-04-27T00:05:11.876+0000] {dag.py:3954} INFO - Setting next_dagrun for example_python_operator to None, run_after=None
[2024-04-27T00:05:11.896+0000] {processor.py:183} INFO - Processing /home/airflow/.local/lib/python3.12/site-packages/airflow/example_dags/example_python_operator.py took 0.077 seconds
[2024-04-27T00:05:42.282+0000] {processor.py:161} INFO - Started process (PID=11230) to work on /home/airflow/.local/lib/python3.12/site-packages/airflow/example_dags/example_python_operator.py
[2024-04-27T00:05:42.284+0000] {processor.py:830} INFO - Processing file /home/airflow/.local/lib/python3.12/site-packages/airflow/example_dags/example_python_operator.py for tasks to queue
[2024-04-27T00:05:42.285+0000] {logging_mixin.py:188} INFO - [2024-04-27T00:05:42.285+0000] {dagbag.py:540} INFO - Filling up the DagBag from /home/airflow/.local/lib/python3.12/site-packages/airflow/example_dags/example_python_operator.py
[2024-04-27T00:05:42.295+0000] {processor.py:840} INFO - DAG(s) 'example_python_operator' retrieved from /home/airflow/.local/lib/python3.12/site-packages/airflow/example_dags/example_python_operator.py
[2024-04-27T00:05:42.314+0000] {logging_mixin.py:188} INFO - [2024-04-27T00:05:42.314+0000] {dag.py:3096} INFO - Sync 1 DAGs
[2024-04-27T00:05:42.325+0000] {logging_mixin.py:188} INFO - [2024-04-27T00:05:42.325+0000] {dag.py:3954} INFO - Setting next_dagrun for example_python_operator to None, run_after=None
[2024-04-27T00:05:42.342+0000] {processor.py:183} INFO - Processing /home/airflow/.local/lib/python3.12/site-packages/airflow/example_dags/example_python_operator.py took 0.066 seconds
[2024-04-27T00:06:13.230+0000] {processor.py:161} INFO - Started process (PID=11290) to work on /home/airflow/.local/lib/python3.12/site-packages/airflow/example_dags/example_python_operator.py
[2024-04-27T00:06:13.231+0000] {processor.py:830} INFO - Processing file /home/airflow/.local/lib/python3.12/site-packages/airflow/example_dags/example_python_operator.py for tasks to queue
[2024-04-27T00:06:13.232+0000] {logging_mixin.py:188} INFO - [2024-04-27T00:06:13.232+0000] {dagbag.py:540} INFO - Filling up the DagBag from /home/airflow/.local/lib/python3.12/site-packages/airflow/example_dags/example_python_operator.py
[2024-04-27T00:06:13.241+0000] {processor.py:840} INFO - DAG(s) 'example_python_operator' retrieved from /home/airflow/.local/lib/python3.12/site-packages/airflow/example_dags/example_python_operator.py
[2024-04-27T00:06:13.263+0000] {logging_mixin.py:188} INFO - [2024-04-27T00:06:13.262+0000] {dag.py:3096} INFO - Sync 1 DAGs
[2024-04-27T00:06:13.274+0000] {logging_mixin.py:188} INFO - [2024-04-27T00:06:13.274+0000] {dag.py:3954} INFO - Setting next_dagrun for example_python_operator to None, run_after=None
[2024-04-27T00:06:13.294+0000] {processor.py:183} INFO - Processing /home/airflow/.local/lib/python3.12/site-packages/airflow/example_dags/example_python_operator.py took 0.070 seconds
[2024-04-27T00:06:43.794+0000] {processor.py:161} INFO - Started process (PID=11350) to work on /home/airflow/.local/lib/python3.12/site-packages/airflow/example_dags/example_python_operator.py
[2024-04-27T00:06:43.796+0000] {processor.py:830} INFO - Processing file /home/airflow/.local/lib/python3.12/site-packages/airflow/example_dags/example_python_operator.py for tasks to queue
[2024-04-27T00:06:43.797+0000] {logging_mixin.py:188} INFO - [2024-04-27T00:06:43.796+0000] {dagbag.py:540} INFO - Filling up the DagBag from /home/airflow/.local/lib/python3.12/site-packages/airflow/example_dags/example_python_operator.py
[2024-04-27T00:06:43.806+0000] {processor.py:840} INFO - DAG(s) 'example_python_operator' retrieved from /home/airflow/.local/lib/python3.12/site-packages/airflow/example_dags/example_python_operator.py
[2024-04-27T00:06:43.825+0000] {logging_mixin.py:188} INFO - [2024-04-27T00:06:43.825+0000] {dag.py:3096} INFO - Sync 1 DAGs
[2024-04-27T00:06:43.835+0000] {logging_mixin.py:188} INFO - [2024-04-27T00:06:43.835+0000] {dag.py:3954} INFO - Setting next_dagrun for example_python_operator to None, run_after=None
[2024-04-27T00:06:43.853+0000] {processor.py:183} INFO - Processing /home/airflow/.local/lib/python3.12/site-packages/airflow/example_dags/example_python_operator.py took 0.063 seconds
[2024-04-27T00:07:14.548+0000] {processor.py:161} INFO - Started process (PID=11410) to work on /home/airflow/.local/lib/python3.12/site-packages/airflow/example_dags/example_python_operator.py
[2024-04-27T00:07:14.549+0000] {processor.py:830} INFO - Processing file /home/airflow/.local/lib/python3.12/site-packages/airflow/example_dags/example_python_operator.py for tasks to queue
[2024-04-27T00:07:14.550+0000] {logging_mixin.py:188} INFO - [2024-04-27T00:07:14.549+0000] {dagbag.py:540} INFO - Filling up the DagBag from /home/airflow/.local/lib/python3.12/site-packages/airflow/example_dags/example_python_operator.py
[2024-04-27T00:07:14.559+0000] {processor.py:840} INFO - DAG(s) 'example_python_operator' retrieved from /home/airflow/.local/lib/python3.12/site-packages/airflow/example_dags/example_python_operator.py
[2024-04-27T00:07:14.582+0000] {logging_mixin.py:188} INFO - [2024-04-27T00:07:14.581+0000] {dag.py:3096} INFO - Sync 1 DAGs
[2024-04-27T00:07:14.593+0000] {logging_mixin.py:188} INFO - [2024-04-27T00:07:14.593+0000] {dag.py:3954} INFO - Setting next_dagrun for example_python_operator to None, run_after=None
[2024-04-27T00:07:14.610+0000] {processor.py:183} INFO - Processing /home/airflow/.local/lib/python3.12/site-packages/airflow/example_dags/example_python_operator.py took 0.068 seconds
[2024-04-27T00:07:45.012+0000] {processor.py:161} INFO - Started process (PID=11470) to work on /home/airflow/.local/lib/python3.12/site-packages/airflow/example_dags/example_python_operator.py
[2024-04-27T00:07:45.015+0000] {processor.py:830} INFO - Processing file /home/airflow/.local/lib/python3.12/site-packages/airflow/example_dags/example_python_operator.py for tasks to queue
[2024-04-27T00:07:45.016+0000] {logging_mixin.py:188} INFO - [2024-04-27T00:07:45.016+0000] {dagbag.py:540} INFO - Filling up the DagBag from /home/airflow/.local/lib/python3.12/site-packages/airflow/example_dags/example_python_operator.py
[2024-04-27T00:07:45.027+0000] {processor.py:840} INFO - DAG(s) 'example_python_operator' retrieved from /home/airflow/.local/lib/python3.12/site-packages/airflow/example_dags/example_python_operator.py
[2024-04-27T00:07:45.049+0000] {logging_mixin.py:188} INFO - [2024-04-27T00:07:45.049+0000] {dag.py:3096} INFO - Sync 1 DAGs
[2024-04-27T00:07:45.060+0000] {logging_mixin.py:188} INFO - [2024-04-27T00:07:45.060+0000] {dag.py:3954} INFO - Setting next_dagrun for example_python_operator to None, run_after=None
[2024-04-27T00:07:45.088+0000] {processor.py:183} INFO - Processing /home/airflow/.local/lib/python3.12/site-packages/airflow/example_dags/example_python_operator.py took 0.080 seconds
[2024-04-27T00:08:15.796+0000] {processor.py:161} INFO - Started process (PID=11530) to work on /home/airflow/.local/lib/python3.12/site-packages/airflow/example_dags/example_python_operator.py
[2024-04-27T00:08:15.797+0000] {processor.py:830} INFO - Processing file /home/airflow/.local/lib/python3.12/site-packages/airflow/example_dags/example_python_operator.py for tasks to queue
[2024-04-27T00:08:15.798+0000] {logging_mixin.py:188} INFO - [2024-04-27T00:08:15.798+0000] {dagbag.py:540} INFO - Filling up the DagBag from /home/airflow/.local/lib/python3.12/site-packages/airflow/example_dags/example_python_operator.py
[2024-04-27T00:08:15.807+0000] {processor.py:840} INFO - DAG(s) 'example_python_operator' retrieved from /home/airflow/.local/lib/python3.12/site-packages/airflow/example_dags/example_python_operator.py
[2024-04-27T00:08:15.826+0000] {logging_mixin.py:188} INFO - [2024-04-27T00:08:15.826+0000] {dag.py:3096} INFO - Sync 1 DAGs
[2024-04-27T00:08:15.837+0000] {logging_mixin.py:188} INFO - [2024-04-27T00:08:15.837+0000] {dag.py:3954} INFO - Setting next_dagrun for example_python_operator to None, run_after=None
[2024-04-27T00:08:15.855+0000] {processor.py:183} INFO - Processing /home/airflow/.local/lib/python3.12/site-packages/airflow/example_dags/example_python_operator.py took 0.064 seconds
[2024-04-27T00:08:46.223+0000] {processor.py:161} INFO - Started process (PID=11590) to work on /home/airflow/.local/lib/python3.12/site-packages/airflow/example_dags/example_python_operator.py
[2024-04-27T00:08:46.224+0000] {processor.py:830} INFO - Processing file /home/airflow/.local/lib/python3.12/site-packages/airflow/example_dags/example_python_operator.py for tasks to queue
[2024-04-27T00:08:46.226+0000] {logging_mixin.py:188} INFO - [2024-04-27T00:08:46.225+0000] {dagbag.py:540} INFO - Filling up the DagBag from /home/airflow/.local/lib/python3.12/site-packages/airflow/example_dags/example_python_operator.py
[2024-04-27T00:08:46.236+0000] {processor.py:840} INFO - DAG(s) 'example_python_operator' retrieved from /home/airflow/.local/lib/python3.12/site-packages/airflow/example_dags/example_python_operator.py
[2024-04-27T00:08:46.261+0000] {logging_mixin.py:188} INFO - [2024-04-27T00:08:46.260+0000] {dag.py:3096} INFO - Sync 1 DAGs
[2024-04-27T00:08:46.274+0000] {logging_mixin.py:188} INFO - [2024-04-27T00:08:46.273+0000] {dag.py:3954} INFO - Setting next_dagrun for example_python_operator to None, run_after=None
[2024-04-27T00:08:46.297+0000] {processor.py:183} INFO - Processing /home/airflow/.local/lib/python3.12/site-packages/airflow/example_dags/example_python_operator.py took 0.080 seconds
[2024-04-27T00:09:16.745+0000] {processor.py:161} INFO - Started process (PID=11650) to work on /home/airflow/.local/lib/python3.12/site-packages/airflow/example_dags/example_python_operator.py
[2024-04-27T00:09:16.747+0000] {processor.py:830} INFO - Processing file /home/airflow/.local/lib/python3.12/site-packages/airflow/example_dags/example_python_operator.py for tasks to queue
[2024-04-27T00:09:16.748+0000] {logging_mixin.py:188} INFO - [2024-04-27T00:09:16.748+0000] {dagbag.py:540} INFO - Filling up the DagBag from /home/airflow/.local/lib/python3.12/site-packages/airflow/example_dags/example_python_operator.py
[2024-04-27T00:09:16.758+0000] {processor.py:840} INFO - DAG(s) 'example_python_operator' retrieved from /home/airflow/.local/lib/python3.12/site-packages/airflow/example_dags/example_python_operator.py
[2024-04-27T00:09:16.778+0000] {logging_mixin.py:188} INFO - [2024-04-27T00:09:16.778+0000] {dag.py:3096} INFO - Sync 1 DAGs
[2024-04-27T00:09:16.791+0000] {logging_mixin.py:188} INFO - [2024-04-27T00:09:16.790+0000] {dag.py:3954} INFO - Setting next_dagrun for example_python_operator to None, run_after=None
[2024-04-27T00:09:16.811+0000] {processor.py:183} INFO - Processing /home/airflow/.local/lib/python3.12/site-packages/airflow/example_dags/example_python_operator.py took 0.073 seconds
[2024-04-27T00:09:47.513+0000] {processor.py:161} INFO - Started process (PID=11710) to work on /home/airflow/.local/lib/python3.12/site-packages/airflow/example_dags/example_python_operator.py
[2024-04-27T00:09:47.514+0000] {processor.py:830} INFO - Processing file /home/airflow/.local/lib/python3.12/site-packages/airflow/example_dags/example_python_operator.py for tasks to queue
[2024-04-27T00:09:47.515+0000] {logging_mixin.py:188} INFO - [2024-04-27T00:09:47.514+0000] {dagbag.py:540} INFO - Filling up the DagBag from /home/airflow/.local/lib/python3.12/site-packages/airflow/example_dags/example_python_operator.py
[2024-04-27T00:09:47.525+0000] {processor.py:840} INFO - DAG(s) 'example_python_operator' retrieved from /home/airflow/.local/lib/python3.12/site-packages/airflow/example_dags/example_python_operator.py
[2024-04-27T00:09:47.545+0000] {logging_mixin.py:188} INFO - [2024-04-27T00:09:47.545+0000] {dag.py:3096} INFO - Sync 1 DAGs
[2024-04-27T00:09:47.556+0000] {logging_mixin.py:188} INFO - [2024-04-27T00:09:47.556+0000] {dag.py:3954} INFO - Setting next_dagrun for example_python_operator to None, run_after=None
[2024-04-27T00:09:47.578+0000] {processor.py:183} INFO - Processing /home/airflow/.local/lib/python3.12/site-packages/airflow/example_dags/example_python_operator.py took 0.070 seconds
[2024-04-27T00:10:18.137+0000] {processor.py:161} INFO - Started process (PID=11770) to work on /home/airflow/.local/lib/python3.12/site-packages/airflow/example_dags/example_python_operator.py
[2024-04-27T00:10:18.138+0000] {processor.py:830} INFO - Processing file /home/airflow/.local/lib/python3.12/site-packages/airflow/example_dags/example_python_operator.py for tasks to queue
[2024-04-27T00:10:18.139+0000] {logging_mixin.py:188} INFO - [2024-04-27T00:10:18.139+0000] {dagbag.py:540} INFO - Filling up the DagBag from /home/airflow/.local/lib/python3.12/site-packages/airflow/example_dags/example_python_operator.py
[2024-04-27T00:10:18.151+0000] {processor.py:840} INFO - DAG(s) 'example_python_operator' retrieved from /home/airflow/.local/lib/python3.12/site-packages/airflow/example_dags/example_python_operator.py
[2024-04-27T00:10:18.177+0000] {logging_mixin.py:188} INFO - [2024-04-27T00:10:18.176+0000] {dag.py:3096} INFO - Sync 1 DAGs
[2024-04-27T00:10:18.189+0000] {logging_mixin.py:188} INFO - [2024-04-27T00:10:18.189+0000] {dag.py:3954} INFO - Setting next_dagrun for example_python_operator to None, run_after=None
[2024-04-27T00:10:18.208+0000] {processor.py:183} INFO - Processing /home/airflow/.local/lib/python3.12/site-packages/airflow/example_dags/example_python_operator.py took 0.077 seconds
[2024-04-27T00:10:49.051+0000] {processor.py:161} INFO - Started process (PID=11830) to work on /home/airflow/.local/lib/python3.12/site-packages/airflow/example_dags/example_python_operator.py
[2024-04-27T00:10:49.052+0000] {processor.py:830} INFO - Processing file /home/airflow/.local/lib/python3.12/site-packages/airflow/example_dags/example_python_operator.py for tasks to queue
[2024-04-27T00:10:49.053+0000] {logging_mixin.py:188} INFO - [2024-04-27T00:10:49.053+0000] {dagbag.py:540} INFO - Filling up the DagBag from /home/airflow/.local/lib/python3.12/site-packages/airflow/example_dags/example_python_operator.py
[2024-04-27T00:10:49.062+0000] {processor.py:840} INFO - DAG(s) 'example_python_operator' retrieved from /home/airflow/.local/lib/python3.12/site-packages/airflow/example_dags/example_python_operator.py
[2024-04-27T00:10:49.085+0000] {logging_mixin.py:188} INFO - [2024-04-27T00:10:49.084+0000] {dag.py:3096} INFO - Sync 1 DAGs
[2024-04-27T00:10:49.095+0000] {logging_mixin.py:188} INFO - [2024-04-27T00:10:49.095+0000] {dag.py:3954} INFO - Setting next_dagrun for example_python_operator to None, run_after=None
[2024-04-27T00:10:49.115+0000] {processor.py:183} INFO - Processing /home/airflow/.local/lib/python3.12/site-packages/airflow/example_dags/example_python_operator.py took 0.070 seconds
[2024-04-27T00:11:19.557+0000] {processor.py:161} INFO - Started process (PID=11890) to work on /home/airflow/.local/lib/python3.12/site-packages/airflow/example_dags/example_python_operator.py
[2024-04-27T00:11:19.559+0000] {processor.py:830} INFO - Processing file /home/airflow/.local/lib/python3.12/site-packages/airflow/example_dags/example_python_operator.py for tasks to queue
[2024-04-27T00:11:19.560+0000] {logging_mixin.py:188} INFO - [2024-04-27T00:11:19.560+0000] {dagbag.py:540} INFO - Filling up the DagBag from /home/airflow/.local/lib/python3.12/site-packages/airflow/example_dags/example_python_operator.py
[2024-04-27T00:11:19.570+0000] {processor.py:840} INFO - DAG(s) 'example_python_operator' retrieved from /home/airflow/.local/lib/python3.12/site-packages/airflow/example_dags/example_python_operator.py
[2024-04-27T00:11:19.595+0000] {logging_mixin.py:188} INFO - [2024-04-27T00:11:19.595+0000] {dag.py:3096} INFO - Sync 1 DAGs
[2024-04-27T00:11:19.607+0000] {logging_mixin.py:188} INFO - [2024-04-27T00:11:19.607+0000] {dag.py:3954} INFO - Setting next_dagrun for example_python_operator to None, run_after=None
[2024-04-27T00:11:19.630+0000] {processor.py:183} INFO - Processing /home/airflow/.local/lib/python3.12/site-packages/airflow/example_dags/example_python_operator.py took 0.079 seconds
[2024-04-27T00:11:50.383+0000] {processor.py:161} INFO - Started process (PID=11951) to work on /home/airflow/.local/lib/python3.12/site-packages/airflow/example_dags/example_python_operator.py
[2024-04-27T00:11:50.385+0000] {processor.py:830} INFO - Processing file /home/airflow/.local/lib/python3.12/site-packages/airflow/example_dags/example_python_operator.py for tasks to queue
[2024-04-27T00:11:50.386+0000] {logging_mixin.py:188} INFO - [2024-04-27T00:11:50.386+0000] {dagbag.py:540} INFO - Filling up the DagBag from /home/airflow/.local/lib/python3.12/site-packages/airflow/example_dags/example_python_operator.py
[2024-04-27T00:11:50.395+0000] {processor.py:840} INFO - DAG(s) 'example_python_operator' retrieved from /home/airflow/.local/lib/python3.12/site-packages/airflow/example_dags/example_python_operator.py
[2024-04-27T00:11:50.416+0000] {logging_mixin.py:188} INFO - [2024-04-27T00:11:50.415+0000] {dag.py:3096} INFO - Sync 1 DAGs
[2024-04-27T00:11:50.427+0000] {logging_mixin.py:188} INFO - [2024-04-27T00:11:50.426+0000] {dag.py:3954} INFO - Setting next_dagrun for example_python_operator to None, run_after=None
[2024-04-27T00:11:50.445+0000] {processor.py:183} INFO - Processing /home/airflow/.local/lib/python3.12/site-packages/airflow/example_dags/example_python_operator.py took 0.066 seconds
[2024-04-27T00:12:20.579+0000] {processor.py:161} INFO - Started process (PID=12011) to work on /home/airflow/.local/lib/python3.12/site-packages/airflow/example_dags/example_python_operator.py
[2024-04-27T00:12:20.580+0000] {processor.py:830} INFO - Processing file /home/airflow/.local/lib/python3.12/site-packages/airflow/example_dags/example_python_operator.py for tasks to queue
[2024-04-27T00:12:20.581+0000] {logging_mixin.py:188} INFO - [2024-04-27T00:12:20.581+0000] {dagbag.py:540} INFO - Filling up the DagBag from /home/airflow/.local/lib/python3.12/site-packages/airflow/example_dags/example_python_operator.py
[2024-04-27T00:12:20.595+0000] {processor.py:840} INFO - DAG(s) 'example_python_operator' retrieved from /home/airflow/.local/lib/python3.12/site-packages/airflow/example_dags/example_python_operator.py
[2024-04-27T00:12:20.617+0000] {logging_mixin.py:188} INFO - [2024-04-27T00:12:20.616+0000] {dag.py:3096} INFO - Sync 1 DAGs
[2024-04-27T00:12:20.630+0000] {logging_mixin.py:188} INFO - [2024-04-27T00:12:20.630+0000] {dag.py:3954} INFO - Setting next_dagrun for example_python_operator to None, run_after=None
[2024-04-27T00:12:20.646+0000] {processor.py:183} INFO - Processing /home/airflow/.local/lib/python3.12/site-packages/airflow/example_dags/example_python_operator.py took 0.072 seconds
[2024-04-27T00:12:51.036+0000] {processor.py:161} INFO - Started process (PID=12071) to work on /home/airflow/.local/lib/python3.12/site-packages/airflow/example_dags/example_python_operator.py
[2024-04-27T00:12:51.037+0000] {processor.py:830} INFO - Processing file /home/airflow/.local/lib/python3.12/site-packages/airflow/example_dags/example_python_operator.py for tasks to queue
[2024-04-27T00:12:51.038+0000] {logging_mixin.py:188} INFO - [2024-04-27T00:12:51.038+0000] {dagbag.py:540} INFO - Filling up the DagBag from /home/airflow/.local/lib/python3.12/site-packages/airflow/example_dags/example_python_operator.py
[2024-04-27T00:12:51.049+0000] {processor.py:840} INFO - DAG(s) 'example_python_operator' retrieved from /home/airflow/.local/lib/python3.12/site-packages/airflow/example_dags/example_python_operator.py
[2024-04-27T00:12:51.073+0000] {logging_mixin.py:188} INFO - [2024-04-27T00:12:51.073+0000] {dag.py:3096} INFO - Sync 1 DAGs
[2024-04-27T00:12:51.087+0000] {logging_mixin.py:188} INFO - [2024-04-27T00:12:51.087+0000] {dag.py:3954} INFO - Setting next_dagrun for example_python_operator to None, run_after=None
[2024-04-27T00:12:51.113+0000] {processor.py:183} INFO - Processing /home/airflow/.local/lib/python3.12/site-packages/airflow/example_dags/example_python_operator.py took 0.083 seconds
[2024-04-27T00:13:21.621+0000] {processor.py:161} INFO - Started process (PID=12129) to work on /home/airflow/.local/lib/python3.12/site-packages/airflow/example_dags/example_python_operator.py
[2024-04-27T00:13:21.623+0000] {processor.py:830} INFO - Processing file /home/airflow/.local/lib/python3.12/site-packages/airflow/example_dags/example_python_operator.py for tasks to queue
[2024-04-27T00:13:21.625+0000] {logging_mixin.py:188} INFO - [2024-04-27T00:13:21.625+0000] {dagbag.py:540} INFO - Filling up the DagBag from /home/airflow/.local/lib/python3.12/site-packages/airflow/example_dags/example_python_operator.py
[2024-04-27T00:13:21.648+0000] {processor.py:840} INFO - DAG(s) 'example_python_operator' retrieved from /home/airflow/.local/lib/python3.12/site-packages/airflow/example_dags/example_python_operator.py
[2024-04-27T00:13:21.701+0000] {logging_mixin.py:188} INFO - [2024-04-27T00:13:21.700+0000] {dag.py:3096} INFO - Sync 1 DAGs
[2024-04-27T00:13:21.741+0000] {logging_mixin.py:188} INFO - [2024-04-27T00:13:21.740+0000] {dag.py:3954} INFO - Setting next_dagrun for example_python_operator to None, run_after=None
[2024-04-27T00:13:21.819+0000] {processor.py:183} INFO - Processing /home/airflow/.local/lib/python3.12/site-packages/airflow/example_dags/example_python_operator.py took 0.204 seconds
[2024-04-27T00:13:52.648+0000] {processor.py:161} INFO - Started process (PID=12195) to work on /home/airflow/.local/lib/python3.12/site-packages/airflow/example_dags/example_python_operator.py
[2024-04-27T00:13:52.649+0000] {processor.py:830} INFO - Processing file /home/airflow/.local/lib/python3.12/site-packages/airflow/example_dags/example_python_operator.py for tasks to queue
[2024-04-27T00:13:52.650+0000] {logging_mixin.py:188} INFO - [2024-04-27T00:13:52.650+0000] {dagbag.py:540} INFO - Filling up the DagBag from /home/airflow/.local/lib/python3.12/site-packages/airflow/example_dags/example_python_operator.py
[2024-04-27T00:13:52.660+0000] {processor.py:840} INFO - DAG(s) 'example_python_operator' retrieved from /home/airflow/.local/lib/python3.12/site-packages/airflow/example_dags/example_python_operator.py
[2024-04-27T00:13:52.680+0000] {logging_mixin.py:188} INFO - [2024-04-27T00:13:52.680+0000] {dag.py:3096} INFO - Sync 1 DAGs
[2024-04-27T00:13:52.691+0000] {logging_mixin.py:188} INFO - [2024-04-27T00:13:52.691+0000] {dag.py:3954} INFO - Setting next_dagrun for example_python_operator to None, run_after=None
[2024-04-27T00:13:52.709+0000] {processor.py:183} INFO - Processing /home/airflow/.local/lib/python3.12/site-packages/airflow/example_dags/example_python_operator.py took 0.066 seconds
[2024-04-27T00:14:23.521+0000] {processor.py:161} INFO - Started process (PID=12255) to work on /home/airflow/.local/lib/python3.12/site-packages/airflow/example_dags/example_python_operator.py
[2024-04-27T00:14:23.523+0000] {processor.py:830} INFO - Processing file /home/airflow/.local/lib/python3.12/site-packages/airflow/example_dags/example_python_operator.py for tasks to queue
[2024-04-27T00:14:23.524+0000] {logging_mixin.py:188} INFO - [2024-04-27T00:14:23.524+0000] {dagbag.py:540} INFO - Filling up the DagBag from /home/airflow/.local/lib/python3.12/site-packages/airflow/example_dags/example_python_operator.py
[2024-04-27T00:14:23.533+0000] {processor.py:840} INFO - DAG(s) 'example_python_operator' retrieved from /home/airflow/.local/lib/python3.12/site-packages/airflow/example_dags/example_python_operator.py
[2024-04-27T00:14:23.552+0000] {logging_mixin.py:188} INFO - [2024-04-27T00:14:23.552+0000] {dag.py:3096} INFO - Sync 1 DAGs
[2024-04-27T00:14:23.562+0000] {logging_mixin.py:188} INFO - [2024-04-27T00:14:23.562+0000] {dag.py:3954} INFO - Setting next_dagrun for example_python_operator to None, run_after=None
[2024-04-27T00:14:23.580+0000] {processor.py:183} INFO - Processing /home/airflow/.local/lib/python3.12/site-packages/airflow/example_dags/example_python_operator.py took 0.064 seconds
[2024-04-27T00:14:54.316+0000] {processor.py:161} INFO - Started process (PID=12315) to work on /home/airflow/.local/lib/python3.12/site-packages/airflow/example_dags/example_python_operator.py
[2024-04-27T00:14:54.317+0000] {processor.py:830} INFO - Processing file /home/airflow/.local/lib/python3.12/site-packages/airflow/example_dags/example_python_operator.py for tasks to queue
[2024-04-27T00:14:54.318+0000] {logging_mixin.py:188} INFO - [2024-04-27T00:14:54.318+0000] {dagbag.py:540} INFO - Filling up the DagBag from /home/airflow/.local/lib/python3.12/site-packages/airflow/example_dags/example_python_operator.py
[2024-04-27T00:14:54.327+0000] {processor.py:840} INFO - DAG(s) 'example_python_operator' retrieved from /home/airflow/.local/lib/python3.12/site-packages/airflow/example_dags/example_python_operator.py
[2024-04-27T00:14:54.347+0000] {logging_mixin.py:188} INFO - [2024-04-27T00:14:54.347+0000] {dag.py:3096} INFO - Sync 1 DAGs
[2024-04-27T00:14:54.357+0000] {logging_mixin.py:188} INFO - [2024-04-27T00:14:54.356+0000] {dag.py:3954} INFO - Setting next_dagrun for example_python_operator to None, run_after=None
[2024-04-27T00:14:54.373+0000] {processor.py:183} INFO - Processing /home/airflow/.local/lib/python3.12/site-packages/airflow/example_dags/example_python_operator.py took 0.063 seconds
[2024-04-27T00:15:24.876+0000] {processor.py:161} INFO - Started process (PID=12375) to work on /home/airflow/.local/lib/python3.12/site-packages/airflow/example_dags/example_python_operator.py
[2024-04-27T00:15:24.877+0000] {processor.py:830} INFO - Processing file /home/airflow/.local/lib/python3.12/site-packages/airflow/example_dags/example_python_operator.py for tasks to queue
[2024-04-27T00:15:24.877+0000] {logging_mixin.py:188} INFO - [2024-04-27T00:15:24.877+0000] {dagbag.py:540} INFO - Filling up the DagBag from /home/airflow/.local/lib/python3.12/site-packages/airflow/example_dags/example_python_operator.py
[2024-04-27T00:15:24.888+0000] {processor.py:840} INFO - DAG(s) 'example_python_operator' retrieved from /home/airflow/.local/lib/python3.12/site-packages/airflow/example_dags/example_python_operator.py
[2024-04-27T00:15:24.915+0000] {logging_mixin.py:188} INFO - [2024-04-27T00:15:24.915+0000] {dag.py:3096} INFO - Sync 1 DAGs
[2024-04-27T00:15:24.933+0000] {logging_mixin.py:188} INFO - [2024-04-27T00:15:24.933+0000] {dag.py:3954} INFO - Setting next_dagrun for example_python_operator to None, run_after=None
[2024-04-27T00:15:24.955+0000] {processor.py:183} INFO - Processing /home/airflow/.local/lib/python3.12/site-packages/airflow/example_dags/example_python_operator.py took 0.084 seconds
[2024-04-27T00:15:55.375+0000] {processor.py:161} INFO - Started process (PID=12435) to work on /home/airflow/.local/lib/python3.12/site-packages/airflow/example_dags/example_python_operator.py
[2024-04-27T00:15:55.376+0000] {processor.py:830} INFO - Processing file /home/airflow/.local/lib/python3.12/site-packages/airflow/example_dags/example_python_operator.py for tasks to queue
[2024-04-27T00:15:55.377+0000] {logging_mixin.py:188} INFO - [2024-04-27T00:15:55.377+0000] {dagbag.py:540} INFO - Filling up the DagBag from /home/airflow/.local/lib/python3.12/site-packages/airflow/example_dags/example_python_operator.py
[2024-04-27T00:15:55.386+0000] {processor.py:840} INFO - DAG(s) 'example_python_operator' retrieved from /home/airflow/.local/lib/python3.12/site-packages/airflow/example_dags/example_python_operator.py
[2024-04-27T00:15:55.414+0000] {logging_mixin.py:188} INFO - [2024-04-27T00:15:55.414+0000] {dag.py:3096} INFO - Sync 1 DAGs
[2024-04-27T00:15:55.426+0000] {logging_mixin.py:188} INFO - [2024-04-27T00:15:55.426+0000] {dag.py:3954} INFO - Setting next_dagrun for example_python_operator to None, run_after=None
[2024-04-27T00:15:55.445+0000] {processor.py:183} INFO - Processing /home/airflow/.local/lib/python3.12/site-packages/airflow/example_dags/example_python_operator.py took 0.080 seconds
[2024-04-27T00:16:25.716+0000] {processor.py:161} INFO - Started process (PID=12495) to work on /home/airflow/.local/lib/python3.12/site-packages/airflow/example_dags/example_python_operator.py
[2024-04-27T00:16:25.717+0000] {processor.py:830} INFO - Processing file /home/airflow/.local/lib/python3.12/site-packages/airflow/example_dags/example_python_operator.py for tasks to queue
[2024-04-27T00:16:25.719+0000] {logging_mixin.py:188} INFO - [2024-04-27T00:16:25.718+0000] {dagbag.py:540} INFO - Filling up the DagBag from /home/airflow/.local/lib/python3.12/site-packages/airflow/example_dags/example_python_operator.py
[2024-04-27T00:16:25.729+0000] {processor.py:840} INFO - DAG(s) 'example_python_operator' retrieved from /home/airflow/.local/lib/python3.12/site-packages/airflow/example_dags/example_python_operator.py
[2024-04-27T00:16:25.749+0000] {logging_mixin.py:188} INFO - [2024-04-27T00:16:25.749+0000] {dag.py:3096} INFO - Sync 1 DAGs
[2024-04-27T00:16:25.761+0000] {logging_mixin.py:188} INFO - [2024-04-27T00:16:25.761+0000] {dag.py:3954} INFO - Setting next_dagrun for example_python_operator to None, run_after=None
[2024-04-27T00:16:25.777+0000] {processor.py:183} INFO - Processing /home/airflow/.local/lib/python3.12/site-packages/airflow/example_dags/example_python_operator.py took 0.066 seconds
[2024-04-27T00:16:56.653+0000] {processor.py:161} INFO - Started process (PID=12555) to work on /home/airflow/.local/lib/python3.12/site-packages/airflow/example_dags/example_python_operator.py
[2024-04-27T00:16:56.655+0000] {processor.py:830} INFO - Processing file /home/airflow/.local/lib/python3.12/site-packages/airflow/example_dags/example_python_operator.py for tasks to queue
[2024-04-27T00:16:56.656+0000] {logging_mixin.py:188} INFO - [2024-04-27T00:16:56.655+0000] {dagbag.py:540} INFO - Filling up the DagBag from /home/airflow/.local/lib/python3.12/site-packages/airflow/example_dags/example_python_operator.py
[2024-04-27T00:16:56.669+0000] {processor.py:840} INFO - DAG(s) 'example_python_operator' retrieved from /home/airflow/.local/lib/python3.12/site-packages/airflow/example_dags/example_python_operator.py
[2024-04-27T00:16:56.692+0000] {logging_mixin.py:188} INFO - [2024-04-27T00:16:56.692+0000] {dag.py:3096} INFO - Sync 1 DAGs
[2024-04-27T00:16:56.705+0000] {logging_mixin.py:188} INFO - [2024-04-27T00:16:56.705+0000] {dag.py:3954} INFO - Setting next_dagrun for example_python_operator to None, run_after=None
[2024-04-27T00:16:56.728+0000] {processor.py:183} INFO - Processing /home/airflow/.local/lib/python3.12/site-packages/airflow/example_dags/example_python_operator.py took 0.082 seconds
[2024-04-27T00:17:26.977+0000] {processor.py:161} INFO - Started process (PID=12615) to work on /home/airflow/.local/lib/python3.12/site-packages/airflow/example_dags/example_python_operator.py
[2024-04-27T00:17:26.985+0000] {processor.py:830} INFO - Processing file /home/airflow/.local/lib/python3.12/site-packages/airflow/example_dags/example_python_operator.py for tasks to queue
[2024-04-27T00:17:26.988+0000] {logging_mixin.py:188} INFO - [2024-04-27T00:17:26.988+0000] {dagbag.py:540} INFO - Filling up the DagBag from /home/airflow/.local/lib/python3.12/site-packages/airflow/example_dags/example_python_operator.py
[2024-04-27T00:17:27.010+0000] {processor.py:840} INFO - DAG(s) 'example_python_operator' retrieved from /home/airflow/.local/lib/python3.12/site-packages/airflow/example_dags/example_python_operator.py
[2024-04-27T00:17:27.051+0000] {logging_mixin.py:188} INFO - [2024-04-27T00:17:27.051+0000] {dag.py:3096} INFO - Sync 1 DAGs
[2024-04-27T00:17:27.076+0000] {logging_mixin.py:188} INFO - [2024-04-27T00:17:27.076+0000] {dag.py:3954} INFO - Setting next_dagrun for example_python_operator to None, run_after=None
[2024-04-27T00:17:27.105+0000] {processor.py:183} INFO - Processing /home/airflow/.local/lib/python3.12/site-packages/airflow/example_dags/example_python_operator.py took 0.134 seconds
[2024-04-27T00:17:57.940+0000] {processor.py:161} INFO - Started process (PID=12675) to work on /home/airflow/.local/lib/python3.12/site-packages/airflow/example_dags/example_python_operator.py
[2024-04-27T00:17:57.941+0000] {processor.py:830} INFO - Processing file /home/airflow/.local/lib/python3.12/site-packages/airflow/example_dags/example_python_operator.py for tasks to queue
[2024-04-27T00:17:57.942+0000] {logging_mixin.py:188} INFO - [2024-04-27T00:17:57.942+0000] {dagbag.py:540} INFO - Filling up the DagBag from /home/airflow/.local/lib/python3.12/site-packages/airflow/example_dags/example_python_operator.py
[2024-04-27T00:17:57.952+0000] {processor.py:840} INFO - DAG(s) 'example_python_operator' retrieved from /home/airflow/.local/lib/python3.12/site-packages/airflow/example_dags/example_python_operator.py
[2024-04-27T00:17:57.981+0000] {logging_mixin.py:188} INFO - [2024-04-27T00:17:57.981+0000] {dag.py:3096} INFO - Sync 1 DAGs
[2024-04-27T00:17:57.991+0000] {logging_mixin.py:188} INFO - [2024-04-27T00:17:57.991+0000] {dag.py:3954} INFO - Setting next_dagrun for example_python_operator to None, run_after=None
[2024-04-27T00:17:58.011+0000] {processor.py:183} INFO - Processing /home/airflow/.local/lib/python3.12/site-packages/airflow/example_dags/example_python_operator.py took 0.076 seconds
[2024-04-27T00:18:28.360+0000] {processor.py:161} INFO - Started process (PID=12735) to work on /home/airflow/.local/lib/python3.12/site-packages/airflow/example_dags/example_python_operator.py
[2024-04-27T00:18:28.361+0000] {processor.py:830} INFO - Processing file /home/airflow/.local/lib/python3.12/site-packages/airflow/example_dags/example_python_operator.py for tasks to queue
[2024-04-27T00:18:28.362+0000] {logging_mixin.py:188} INFO - [2024-04-27T00:18:28.362+0000] {dagbag.py:540} INFO - Filling up the DagBag from /home/airflow/.local/lib/python3.12/site-packages/airflow/example_dags/example_python_operator.py
[2024-04-27T00:18:28.372+0000] {processor.py:840} INFO - DAG(s) 'example_python_operator' retrieved from /home/airflow/.local/lib/python3.12/site-packages/airflow/example_dags/example_python_operator.py
[2024-04-27T00:18:28.392+0000] {logging_mixin.py:188} INFO - [2024-04-27T00:18:28.392+0000] {dag.py:3096} INFO - Sync 1 DAGs
[2024-04-27T00:18:28.402+0000] {logging_mixin.py:188} INFO - [2024-04-27T00:18:28.402+0000] {dag.py:3954} INFO - Setting next_dagrun for example_python_operator to None, run_after=None
[2024-04-27T00:18:28.420+0000] {processor.py:183} INFO - Processing /home/airflow/.local/lib/python3.12/site-packages/airflow/example_dags/example_python_operator.py took 0.066 seconds
[2024-04-27T00:18:58.531+0000] {processor.py:161} INFO - Started process (PID=12795) to work on /home/airflow/.local/lib/python3.12/site-packages/airflow/example_dags/example_python_operator.py
[2024-04-27T00:18:58.533+0000] {processor.py:830} INFO - Processing file /home/airflow/.local/lib/python3.12/site-packages/airflow/example_dags/example_python_operator.py for tasks to queue
[2024-04-27T00:18:58.534+0000] {logging_mixin.py:188} INFO - [2024-04-27T00:18:58.534+0000] {dagbag.py:540} INFO - Filling up the DagBag from /home/airflow/.local/lib/python3.12/site-packages/airflow/example_dags/example_python_operator.py
[2024-04-27T00:18:58.543+0000] {processor.py:840} INFO - DAG(s) 'example_python_operator' retrieved from /home/airflow/.local/lib/python3.12/site-packages/airflow/example_dags/example_python_operator.py
[2024-04-27T00:18:58.567+0000] {logging_mixin.py:188} INFO - [2024-04-27T00:18:58.566+0000] {dag.py:3096} INFO - Sync 1 DAGs
[2024-04-27T00:18:58.578+0000] {logging_mixin.py:188} INFO - [2024-04-27T00:18:58.578+0000] {dag.py:3954} INFO - Setting next_dagrun for example_python_operator to None, run_after=None
[2024-04-27T00:18:58.596+0000] {processor.py:183} INFO - Processing /home/airflow/.local/lib/python3.12/site-packages/airflow/example_dags/example_python_operator.py took 0.070 seconds
[2024-04-27T00:19:29.520+0000] {processor.py:161} INFO - Started process (PID=12855) to work on /home/airflow/.local/lib/python3.12/site-packages/airflow/example_dags/example_python_operator.py
[2024-04-27T00:19:29.521+0000] {processor.py:830} INFO - Processing file /home/airflow/.local/lib/python3.12/site-packages/airflow/example_dags/example_python_operator.py for tasks to queue
[2024-04-27T00:19:29.523+0000] {logging_mixin.py:188} INFO - [2024-04-27T00:19:29.522+0000] {dagbag.py:540} INFO - Filling up the DagBag from /home/airflow/.local/lib/python3.12/site-packages/airflow/example_dags/example_python_operator.py
[2024-04-27T00:19:29.534+0000] {processor.py:840} INFO - DAG(s) 'example_python_operator' retrieved from /home/airflow/.local/lib/python3.12/site-packages/airflow/example_dags/example_python_operator.py
[2024-04-27T00:19:29.559+0000] {logging_mixin.py:188} INFO - [2024-04-27T00:19:29.558+0000] {dag.py:3096} INFO - Sync 1 DAGs
[2024-04-27T00:19:29.571+0000] {logging_mixin.py:188} INFO - [2024-04-27T00:19:29.571+0000] {dag.py:3954} INFO - Setting next_dagrun for example_python_operator to None, run_after=None
[2024-04-27T00:19:29.597+0000] {processor.py:183} INFO - Processing /home/airflow/.local/lib/python3.12/site-packages/airflow/example_dags/example_python_operator.py took 0.082 seconds
[2024-04-27T00:20:00.110+0000] {processor.py:161} INFO - Started process (PID=12915) to work on /home/airflow/.local/lib/python3.12/site-packages/airflow/example_dags/example_python_operator.py
[2024-04-27T00:20:00.111+0000] {processor.py:830} INFO - Processing file /home/airflow/.local/lib/python3.12/site-packages/airflow/example_dags/example_python_operator.py for tasks to queue
[2024-04-27T00:20:00.113+0000] {logging_mixin.py:188} INFO - [2024-04-27T00:20:00.112+0000] {dagbag.py:540} INFO - Filling up the DagBag from /home/airflow/.local/lib/python3.12/site-packages/airflow/example_dags/example_python_operator.py
[2024-04-27T00:20:00.121+0000] {processor.py:840} INFO - DAG(s) 'example_python_operator' retrieved from /home/airflow/.local/lib/python3.12/site-packages/airflow/example_dags/example_python_operator.py
[2024-04-27T00:20:00.145+0000] {logging_mixin.py:188} INFO - [2024-04-27T00:20:00.145+0000] {dag.py:3096} INFO - Sync 1 DAGs
[2024-04-27T00:20:00.164+0000] {logging_mixin.py:188} INFO - [2024-04-27T00:20:00.163+0000] {dag.py:3954} INFO - Setting next_dagrun for example_python_operator to None, run_after=None
[2024-04-27T00:20:00.182+0000] {processor.py:183} INFO - Processing /home/airflow/.local/lib/python3.12/site-packages/airflow/example_dags/example_python_operator.py took 0.077 seconds
[2024-04-27T00:20:30.648+0000] {processor.py:161} INFO - Started process (PID=12974) to work on /home/airflow/.local/lib/python3.12/site-packages/airflow/example_dags/example_python_operator.py
[2024-04-27T00:20:30.649+0000] {processor.py:830} INFO - Processing file /home/airflow/.local/lib/python3.12/site-packages/airflow/example_dags/example_python_operator.py for tasks to queue
[2024-04-27T00:20:30.650+0000] {logging_mixin.py:188} INFO - [2024-04-27T00:20:30.650+0000] {dagbag.py:540} INFO - Filling up the DagBag from /home/airflow/.local/lib/python3.12/site-packages/airflow/example_dags/example_python_operator.py
[2024-04-27T00:20:30.660+0000] {processor.py:840} INFO - DAG(s) 'example_python_operator' retrieved from /home/airflow/.local/lib/python3.12/site-packages/airflow/example_dags/example_python_operator.py
[2024-04-27T00:20:30.680+0000] {logging_mixin.py:188} INFO - [2024-04-27T00:20:30.680+0000] {dag.py:3096} INFO - Sync 1 DAGs
[2024-04-27T00:20:30.692+0000] {logging_mixin.py:188} INFO - [2024-04-27T00:20:30.692+0000] {dag.py:3954} INFO - Setting next_dagrun for example_python_operator to None, run_after=None
[2024-04-27T00:20:30.710+0000] {processor.py:183} INFO - Processing /home/airflow/.local/lib/python3.12/site-packages/airflow/example_dags/example_python_operator.py took 0.067 seconds
[2024-04-27T00:21:01.037+0000] {processor.py:161} INFO - Started process (PID=13034) to work on /home/airflow/.local/lib/python3.12/site-packages/airflow/example_dags/example_python_operator.py
[2024-04-27T00:21:01.038+0000] {processor.py:830} INFO - Processing file /home/airflow/.local/lib/python3.12/site-packages/airflow/example_dags/example_python_operator.py for tasks to queue
[2024-04-27T00:21:01.040+0000] {logging_mixin.py:188} INFO - [2024-04-27T00:21:01.039+0000] {dagbag.py:540} INFO - Filling up the DagBag from /home/airflow/.local/lib/python3.12/site-packages/airflow/example_dags/example_python_operator.py
[2024-04-27T00:21:01.053+0000] {processor.py:840} INFO - DAG(s) 'example_python_operator' retrieved from /home/airflow/.local/lib/python3.12/site-packages/airflow/example_dags/example_python_operator.py
[2024-04-27T00:21:01.094+0000] {logging_mixin.py:188} INFO - [2024-04-27T00:21:01.094+0000] {dag.py:3096} INFO - Sync 1 DAGs
[2024-04-27T00:21:01.113+0000] {logging_mixin.py:188} INFO - [2024-04-27T00:21:01.112+0000] {dag.py:3954} INFO - Setting next_dagrun for example_python_operator to None, run_after=None
[2024-04-27T00:21:01.148+0000] {processor.py:183} INFO - Processing /home/airflow/.local/lib/python3.12/site-packages/airflow/example_dags/example_python_operator.py took 0.119 seconds
[2024-04-27T00:21:31.414+0000] {processor.py:161} INFO - Started process (PID=13094) to work on /home/airflow/.local/lib/python3.12/site-packages/airflow/example_dags/example_python_operator.py
[2024-04-27T00:21:31.415+0000] {processor.py:830} INFO - Processing file /home/airflow/.local/lib/python3.12/site-packages/airflow/example_dags/example_python_operator.py for tasks to queue
[2024-04-27T00:21:31.417+0000] {logging_mixin.py:188} INFO - [2024-04-27T00:21:31.416+0000] {dagbag.py:540} INFO - Filling up the DagBag from /home/airflow/.local/lib/python3.12/site-packages/airflow/example_dags/example_python_operator.py
[2024-04-27T00:21:31.425+0000] {processor.py:840} INFO - DAG(s) 'example_python_operator' retrieved from /home/airflow/.local/lib/python3.12/site-packages/airflow/example_dags/example_python_operator.py
[2024-04-27T00:21:31.449+0000] {logging_mixin.py:188} INFO - [2024-04-27T00:21:31.449+0000] {dag.py:3096} INFO - Sync 1 DAGs
[2024-04-27T00:21:31.463+0000] {logging_mixin.py:188} INFO - [2024-04-27T00:21:31.462+0000] {dag.py:3954} INFO - Setting next_dagrun for example_python_operator to None, run_after=None
[2024-04-27T00:21:31.482+0000] {processor.py:183} INFO - Processing /home/airflow/.local/lib/python3.12/site-packages/airflow/example_dags/example_python_operator.py took 0.073 seconds
[2024-04-27T00:22:01.726+0000] {processor.py:161} INFO - Started process (PID=13154) to work on /home/airflow/.local/lib/python3.12/site-packages/airflow/example_dags/example_python_operator.py
[2024-04-27T00:22:01.727+0000] {processor.py:830} INFO - Processing file /home/airflow/.local/lib/python3.12/site-packages/airflow/example_dags/example_python_operator.py for tasks to queue
[2024-04-27T00:22:01.728+0000] {logging_mixin.py:188} INFO - [2024-04-27T00:22:01.728+0000] {dagbag.py:540} INFO - Filling up the DagBag from /home/airflow/.local/lib/python3.12/site-packages/airflow/example_dags/example_python_operator.py
[2024-04-27T00:22:01.737+0000] {processor.py:840} INFO - DAG(s) 'example_python_operator' retrieved from /home/airflow/.local/lib/python3.12/site-packages/airflow/example_dags/example_python_operator.py
[2024-04-27T00:22:01.757+0000] {logging_mixin.py:188} INFO - [2024-04-27T00:22:01.757+0000] {dag.py:3096} INFO - Sync 1 DAGs
[2024-04-27T00:22:01.771+0000] {logging_mixin.py:188} INFO - [2024-04-27T00:22:01.770+0000] {dag.py:3954} INFO - Setting next_dagrun for example_python_operator to None, run_after=None
[2024-04-27T00:22:01.789+0000] {processor.py:183} INFO - Processing /home/airflow/.local/lib/python3.12/site-packages/airflow/example_dags/example_python_operator.py took 0.069 seconds
[2024-04-27T00:22:32.494+0000] {processor.py:161} INFO - Started process (PID=13214) to work on /home/airflow/.local/lib/python3.12/site-packages/airflow/example_dags/example_python_operator.py
[2024-04-27T00:22:32.496+0000] {processor.py:830} INFO - Processing file /home/airflow/.local/lib/python3.12/site-packages/airflow/example_dags/example_python_operator.py for tasks to queue
[2024-04-27T00:22:32.497+0000] {logging_mixin.py:188} INFO - [2024-04-27T00:22:32.497+0000] {dagbag.py:540} INFO - Filling up the DagBag from /home/airflow/.local/lib/python3.12/site-packages/airflow/example_dags/example_python_operator.py
[2024-04-27T00:22:32.511+0000] {processor.py:840} INFO - DAG(s) 'example_python_operator' retrieved from /home/airflow/.local/lib/python3.12/site-packages/airflow/example_dags/example_python_operator.py
[2024-04-27T00:22:32.539+0000] {logging_mixin.py:188} INFO - [2024-04-27T00:22:32.539+0000] {dag.py:3096} INFO - Sync 1 DAGs
[2024-04-27T00:22:32.554+0000] {logging_mixin.py:188} INFO - [2024-04-27T00:22:32.553+0000] {dag.py:3954} INFO - Setting next_dagrun for example_python_operator to None, run_after=None
[2024-04-27T00:22:32.570+0000] {processor.py:183} INFO - Processing /home/airflow/.local/lib/python3.12/site-packages/airflow/example_dags/example_python_operator.py took 0.084 seconds
[2024-04-27T00:23:03.158+0000] {processor.py:161} INFO - Started process (PID=13274) to work on /home/airflow/.local/lib/python3.12/site-packages/airflow/example_dags/example_python_operator.py
[2024-04-27T00:23:03.159+0000] {processor.py:830} INFO - Processing file /home/airflow/.local/lib/python3.12/site-packages/airflow/example_dags/example_python_operator.py for tasks to queue
[2024-04-27T00:23:03.161+0000] {logging_mixin.py:188} INFO - [2024-04-27T00:23:03.160+0000] {dagbag.py:540} INFO - Filling up the DagBag from /home/airflow/.local/lib/python3.12/site-packages/airflow/example_dags/example_python_operator.py
[2024-04-27T00:23:03.170+0000] {processor.py:840} INFO - DAG(s) 'example_python_operator' retrieved from /home/airflow/.local/lib/python3.12/site-packages/airflow/example_dags/example_python_operator.py
[2024-04-27T00:23:03.191+0000] {logging_mixin.py:188} INFO - [2024-04-27T00:23:03.191+0000] {dag.py:3096} INFO - Sync 1 DAGs
[2024-04-27T00:23:03.202+0000] {logging_mixin.py:188} INFO - [2024-04-27T00:23:03.202+0000] {dag.py:3954} INFO - Setting next_dagrun for example_python_operator to None, run_after=None
[2024-04-27T00:23:03.222+0000] {processor.py:183} INFO - Processing /home/airflow/.local/lib/python3.12/site-packages/airflow/example_dags/example_python_operator.py took 0.070 seconds
[2024-04-27T00:23:33.558+0000] {processor.py:161} INFO - Started process (PID=13334) to work on /home/airflow/.local/lib/python3.12/site-packages/airflow/example_dags/example_python_operator.py
[2024-04-27T00:23:33.559+0000] {processor.py:830} INFO - Processing file /home/airflow/.local/lib/python3.12/site-packages/airflow/example_dags/example_python_operator.py for tasks to queue
[2024-04-27T00:23:33.561+0000] {logging_mixin.py:188} INFO - [2024-04-27T00:23:33.561+0000] {dagbag.py:540} INFO - Filling up the DagBag from /home/airflow/.local/lib/python3.12/site-packages/airflow/example_dags/example_python_operator.py
[2024-04-27T00:23:33.571+0000] {processor.py:840} INFO - DAG(s) 'example_python_operator' retrieved from /home/airflow/.local/lib/python3.12/site-packages/airflow/example_dags/example_python_operator.py
[2024-04-27T00:23:33.595+0000] {logging_mixin.py:188} INFO - [2024-04-27T00:23:33.594+0000] {dag.py:3096} INFO - Sync 1 DAGs
[2024-04-27T00:23:33.606+0000] {logging_mixin.py:188} INFO - [2024-04-27T00:23:33.606+0000] {dag.py:3954} INFO - Setting next_dagrun for example_python_operator to None, run_after=None
[2024-04-27T00:23:33.624+0000] {processor.py:183} INFO - Processing /home/airflow/.local/lib/python3.12/site-packages/airflow/example_dags/example_python_operator.py took 0.072 seconds
[2024-04-27T00:24:04.429+0000] {processor.py:161} INFO - Started process (PID=13395) to work on /home/airflow/.local/lib/python3.12/site-packages/airflow/example_dags/example_python_operator.py
[2024-04-27T00:24:04.431+0000] {processor.py:830} INFO - Processing file /home/airflow/.local/lib/python3.12/site-packages/airflow/example_dags/example_python_operator.py for tasks to queue
[2024-04-27T00:24:04.432+0000] {logging_mixin.py:188} INFO - [2024-04-27T00:24:04.431+0000] {dagbag.py:540} INFO - Filling up the DagBag from /home/airflow/.local/lib/python3.12/site-packages/airflow/example_dags/example_python_operator.py
[2024-04-27T00:24:04.442+0000] {processor.py:840} INFO - DAG(s) 'example_python_operator' retrieved from /home/airflow/.local/lib/python3.12/site-packages/airflow/example_dags/example_python_operator.py
[2024-04-27T00:24:04.466+0000] {logging_mixin.py:188} INFO - [2024-04-27T00:24:04.466+0000] {dag.py:3096} INFO - Sync 1 DAGs
[2024-04-27T00:24:04.481+0000] {logging_mixin.py:188} INFO - [2024-04-27T00:24:04.481+0000] {dag.py:3954} INFO - Setting next_dagrun for example_python_operator to None, run_after=None
[2024-04-27T00:24:04.502+0000] {processor.py:183} INFO - Processing /home/airflow/.local/lib/python3.12/site-packages/airflow/example_dags/example_python_operator.py took 0.081 seconds
[2024-04-27T00:24:34.915+0000] {processor.py:161} INFO - Started process (PID=13455) to work on /home/airflow/.local/lib/python3.12/site-packages/airflow/example_dags/example_python_operator.py
[2024-04-27T00:24:34.916+0000] {processor.py:830} INFO - Processing file /home/airflow/.local/lib/python3.12/site-packages/airflow/example_dags/example_python_operator.py for tasks to queue
[2024-04-27T00:24:34.917+0000] {logging_mixin.py:188} INFO - [2024-04-27T00:24:34.917+0000] {dagbag.py:540} INFO - Filling up the DagBag from /home/airflow/.local/lib/python3.12/site-packages/airflow/example_dags/example_python_operator.py
[2024-04-27T00:24:34.928+0000] {processor.py:840} INFO - DAG(s) 'example_python_operator' retrieved from /home/airflow/.local/lib/python3.12/site-packages/airflow/example_dags/example_python_operator.py
[2024-04-27T00:24:34.950+0000] {logging_mixin.py:188} INFO - [2024-04-27T00:24:34.950+0000] {dag.py:3096} INFO - Sync 1 DAGs
[2024-04-27T00:24:34.961+0000] {logging_mixin.py:188} INFO - [2024-04-27T00:24:34.961+0000] {dag.py:3954} INFO - Setting next_dagrun for example_python_operator to None, run_after=None
[2024-04-27T00:24:34.978+0000] {processor.py:183} INFO - Processing /home/airflow/.local/lib/python3.12/site-packages/airflow/example_dags/example_python_operator.py took 0.069 seconds
[2024-04-27T00:25:05.415+0000] {processor.py:161} INFO - Started process (PID=13515) to work on /home/airflow/.local/lib/python3.12/site-packages/airflow/example_dags/example_python_operator.py
[2024-04-27T00:25:05.417+0000] {processor.py:830} INFO - Processing file /home/airflow/.local/lib/python3.12/site-packages/airflow/example_dags/example_python_operator.py for tasks to queue
[2024-04-27T00:25:05.418+0000] {logging_mixin.py:188} INFO - [2024-04-27T00:25:05.417+0000] {dagbag.py:540} INFO - Filling up the DagBag from /home/airflow/.local/lib/python3.12/site-packages/airflow/example_dags/example_python_operator.py
[2024-04-27T00:25:05.429+0000] {processor.py:840} INFO - DAG(s) 'example_python_operator' retrieved from /home/airflow/.local/lib/python3.12/site-packages/airflow/example_dags/example_python_operator.py
[2024-04-27T00:25:05.456+0000] {logging_mixin.py:188} INFO - [2024-04-27T00:25:05.456+0000] {dag.py:3096} INFO - Sync 1 DAGs
[2024-04-27T00:25:05.467+0000] {logging_mixin.py:188} INFO - [2024-04-27T00:25:05.467+0000] {dag.py:3954} INFO - Setting next_dagrun for example_python_operator to None, run_after=None
[2024-04-27T00:25:05.486+0000] {processor.py:183} INFO - Processing /home/airflow/.local/lib/python3.12/site-packages/airflow/example_dags/example_python_operator.py took 0.077 seconds
