[2024-04-27T00:00:01.599+0000] {processor.py:161} INFO - Started process (PID=10545) to work on /home/airflow/.local/lib/python3.12/site-packages/airflow/example_dags/example_skip_dag.py
[2024-04-27T00:00:01.600+0000] {processor.py:830} INFO - Processing file /home/airflow/.local/lib/python3.12/site-packages/airflow/example_dags/example_skip_dag.py for tasks to queue
[2024-04-27T00:00:01.603+0000] {logging_mixin.py:188} INFO - [2024-04-27T00:00:01.603+0000] {dagbag.py:540} INFO - Filling up the DagBag from /home/airflow/.local/lib/python3.12/site-packages/airflow/example_dags/example_skip_dag.py
[2024-04-27T00:00:01.613+0000] {processor.py:840} INFO - DAG(s) 'example_skip_dag' retrieved from /home/airflow/.local/lib/python3.12/site-packages/airflow/example_dags/example_skip_dag.py
[2024-04-27T00:00:01.642+0000] {logging_mixin.py:188} INFO - [2024-04-27T00:00:01.642+0000] {dag.py:3096} INFO - Sync 1 DAGs
[2024-04-27T00:00:01.673+0000] {logging_mixin.py:188} INFO - [2024-04-27T00:00:01.673+0000] {dag.py:3954} INFO - Setting next_dagrun for example_skip_dag to 2024-04-26 00:00:00+00:00, run_after=2024-04-27 00:00:00+00:00
[2024-04-27T00:00:01.700+0000] {processor.py:183} INFO - Processing /home/airflow/.local/lib/python3.12/site-packages/airflow/example_dags/example_skip_dag.py took 0.107 seconds
[2024-04-27T00:00:32.009+0000] {processor.py:161} INFO - Started process (PID=10606) to work on /home/airflow/.local/lib/python3.12/site-packages/airflow/example_dags/example_skip_dag.py
[2024-04-27T00:00:32.011+0000] {processor.py:830} INFO - Processing file /home/airflow/.local/lib/python3.12/site-packages/airflow/example_dags/example_skip_dag.py for tasks to queue
[2024-04-27T00:00:32.013+0000] {logging_mixin.py:188} INFO - [2024-04-27T00:00:32.013+0000] {dagbag.py:540} INFO - Filling up the DagBag from /home/airflow/.local/lib/python3.12/site-packages/airflow/example_dags/example_skip_dag.py
[2024-04-27T00:00:32.018+0000] {processor.py:840} INFO - DAG(s) 'example_skip_dag' retrieved from /home/airflow/.local/lib/python3.12/site-packages/airflow/example_dags/example_skip_dag.py
[2024-04-27T00:00:32.035+0000] {logging_mixin.py:188} INFO - [2024-04-27T00:00:32.035+0000] {dag.py:3096} INFO - Sync 1 DAGs
[2024-04-27T00:00:32.052+0000] {logging_mixin.py:188} INFO - [2024-04-27T00:00:32.052+0000] {dag.py:3954} INFO - Setting next_dagrun for example_skip_dag to 2024-04-26 00:00:00+00:00, run_after=2024-04-27 00:00:00+00:00
[2024-04-27T00:00:32.069+0000] {processor.py:183} INFO - Processing /home/airflow/.local/lib/python3.12/site-packages/airflow/example_dags/example_skip_dag.py took 0.064 seconds
[2024-04-27T00:01:02.248+0000] {processor.py:161} INFO - Started process (PID=10667) to work on /home/airflow/.local/lib/python3.12/site-packages/airflow/example_dags/example_skip_dag.py
[2024-04-27T00:01:02.250+0000] {processor.py:830} INFO - Processing file /home/airflow/.local/lib/python3.12/site-packages/airflow/example_dags/example_skip_dag.py for tasks to queue
[2024-04-27T00:01:02.254+0000] {logging_mixin.py:188} INFO - [2024-04-27T00:01:02.254+0000] {dagbag.py:540} INFO - Filling up the DagBag from /home/airflow/.local/lib/python3.12/site-packages/airflow/example_dags/example_skip_dag.py
[2024-04-27T00:01:02.262+0000] {processor.py:840} INFO - DAG(s) 'example_skip_dag' retrieved from /home/airflow/.local/lib/python3.12/site-packages/airflow/example_dags/example_skip_dag.py
[2024-04-27T00:01:02.294+0000] {logging_mixin.py:188} INFO - [2024-04-27T00:01:02.294+0000] {dag.py:3096} INFO - Sync 1 DAGs
[2024-04-27T00:01:02.322+0000] {logging_mixin.py:188} INFO - [2024-04-27T00:01:02.322+0000] {dag.py:3954} INFO - Setting next_dagrun for example_skip_dag to 2024-04-26 00:00:00+00:00, run_after=2024-04-27 00:00:00+00:00
[2024-04-27T00:01:02.353+0000] {processor.py:183} INFO - Processing /home/airflow/.local/lib/python3.12/site-packages/airflow/example_dags/example_skip_dag.py took 0.112 seconds
[2024-04-27T00:01:32.950+0000] {processor.py:161} INFO - Started process (PID=10728) to work on /home/airflow/.local/lib/python3.12/site-packages/airflow/example_dags/example_skip_dag.py
[2024-04-27T00:01:32.951+0000] {processor.py:830} INFO - Processing file /home/airflow/.local/lib/python3.12/site-packages/airflow/example_dags/example_skip_dag.py for tasks to queue
[2024-04-27T00:01:32.953+0000] {logging_mixin.py:188} INFO - [2024-04-27T00:01:32.953+0000] {dagbag.py:540} INFO - Filling up the DagBag from /home/airflow/.local/lib/python3.12/site-packages/airflow/example_dags/example_skip_dag.py
[2024-04-27T00:01:32.960+0000] {processor.py:840} INFO - DAG(s) 'example_skip_dag' retrieved from /home/airflow/.local/lib/python3.12/site-packages/airflow/example_dags/example_skip_dag.py
[2024-04-27T00:01:32.980+0000] {logging_mixin.py:188} INFO - [2024-04-27T00:01:32.979+0000] {dag.py:3096} INFO - Sync 1 DAGs
[2024-04-27T00:01:32.999+0000] {logging_mixin.py:188} INFO - [2024-04-27T00:01:32.998+0000] {dag.py:3954} INFO - Setting next_dagrun for example_skip_dag to 2024-04-26 00:00:00+00:00, run_after=2024-04-27 00:00:00+00:00
[2024-04-27T00:01:33.019+0000] {processor.py:183} INFO - Processing /home/airflow/.local/lib/python3.12/site-packages/airflow/example_dags/example_skip_dag.py took 0.075 seconds
[2024-04-27T00:02:03.728+0000] {processor.py:161} INFO - Started process (PID=10789) to work on /home/airflow/.local/lib/python3.12/site-packages/airflow/example_dags/example_skip_dag.py
[2024-04-27T00:02:03.729+0000] {processor.py:830} INFO - Processing file /home/airflow/.local/lib/python3.12/site-packages/airflow/example_dags/example_skip_dag.py for tasks to queue
[2024-04-27T00:02:03.731+0000] {logging_mixin.py:188} INFO - [2024-04-27T00:02:03.731+0000] {dagbag.py:540} INFO - Filling up the DagBag from /home/airflow/.local/lib/python3.12/site-packages/airflow/example_dags/example_skip_dag.py
[2024-04-27T00:02:03.742+0000] {processor.py:840} INFO - DAG(s) 'example_skip_dag' retrieved from /home/airflow/.local/lib/python3.12/site-packages/airflow/example_dags/example_skip_dag.py
[2024-04-27T00:02:03.760+0000] {logging_mixin.py:188} INFO - [2024-04-27T00:02:03.760+0000] {dag.py:3096} INFO - Sync 1 DAGs
[2024-04-27T00:02:03.780+0000] {logging_mixin.py:188} INFO - [2024-04-27T00:02:03.779+0000] {dag.py:3954} INFO - Setting next_dagrun for example_skip_dag to 2024-04-26 00:00:00+00:00, run_after=2024-04-27 00:00:00+00:00
[2024-04-27T00:02:03.799+0000] {processor.py:183} INFO - Processing /home/airflow/.local/lib/python3.12/site-packages/airflow/example_dags/example_skip_dag.py took 0.077 seconds
[2024-04-27T00:02:34.124+0000] {processor.py:161} INFO - Started process (PID=10850) to work on /home/airflow/.local/lib/python3.12/site-packages/airflow/example_dags/example_skip_dag.py
[2024-04-27T00:02:34.125+0000] {processor.py:830} INFO - Processing file /home/airflow/.local/lib/python3.12/site-packages/airflow/example_dags/example_skip_dag.py for tasks to queue
[2024-04-27T00:02:34.130+0000] {logging_mixin.py:188} INFO - [2024-04-27T00:02:34.129+0000] {dagbag.py:540} INFO - Filling up the DagBag from /home/airflow/.local/lib/python3.12/site-packages/airflow/example_dags/example_skip_dag.py
[2024-04-27T00:02:34.137+0000] {processor.py:840} INFO - DAG(s) 'example_skip_dag' retrieved from /home/airflow/.local/lib/python3.12/site-packages/airflow/example_dags/example_skip_dag.py
[2024-04-27T00:02:34.177+0000] {logging_mixin.py:188} INFO - [2024-04-27T00:02:34.177+0000] {dag.py:3096} INFO - Sync 1 DAGs
[2024-04-27T00:02:34.196+0000] {logging_mixin.py:188} INFO - [2024-04-27T00:02:34.196+0000] {dag.py:3954} INFO - Setting next_dagrun for example_skip_dag to 2024-04-26 00:00:00+00:00, run_after=2024-04-27 00:00:00+00:00
[2024-04-27T00:02:34.215+0000] {processor.py:183} INFO - Processing /home/airflow/.local/lib/python3.12/site-packages/airflow/example_dags/example_skip_dag.py took 0.097 seconds
[2024-04-27T00:03:05.015+0000] {processor.py:161} INFO - Started process (PID=10911) to work on /home/airflow/.local/lib/python3.12/site-packages/airflow/example_dags/example_skip_dag.py
[2024-04-27T00:03:05.016+0000] {processor.py:830} INFO - Processing file /home/airflow/.local/lib/python3.12/site-packages/airflow/example_dags/example_skip_dag.py for tasks to queue
[2024-04-27T00:03:05.018+0000] {logging_mixin.py:188} INFO - [2024-04-27T00:03:05.018+0000] {dagbag.py:540} INFO - Filling up the DagBag from /home/airflow/.local/lib/python3.12/site-packages/airflow/example_dags/example_skip_dag.py
[2024-04-27T00:03:05.024+0000] {processor.py:840} INFO - DAG(s) 'example_skip_dag' retrieved from /home/airflow/.local/lib/python3.12/site-packages/airflow/example_dags/example_skip_dag.py
[2024-04-27T00:03:05.041+0000] {logging_mixin.py:188} INFO - [2024-04-27T00:03:05.040+0000] {dag.py:3096} INFO - Sync 1 DAGs
[2024-04-27T00:03:05.173+0000] {logging_mixin.py:188} INFO - [2024-04-27T00:03:05.173+0000] {dag.py:3954} INFO - Setting next_dagrun for example_skip_dag to 2024-04-26 00:00:00+00:00, run_after=2024-04-27 00:00:00+00:00
[2024-04-27T00:03:05.186+0000] {processor.py:183} INFO - Processing /home/airflow/.local/lib/python3.12/site-packages/airflow/example_dags/example_skip_dag.py took 0.176 seconds
[2024-04-27T00:03:35.379+0000] {processor.py:161} INFO - Started process (PID=10972) to work on /home/airflow/.local/lib/python3.12/site-packages/airflow/example_dags/example_skip_dag.py
[2024-04-27T00:03:35.380+0000] {processor.py:830} INFO - Processing file /home/airflow/.local/lib/python3.12/site-packages/airflow/example_dags/example_skip_dag.py for tasks to queue
[2024-04-27T00:03:35.382+0000] {logging_mixin.py:188} INFO - [2024-04-27T00:03:35.381+0000] {dagbag.py:540} INFO - Filling up the DagBag from /home/airflow/.local/lib/python3.12/site-packages/airflow/example_dags/example_skip_dag.py
[2024-04-27T00:03:35.389+0000] {processor.py:840} INFO - DAG(s) 'example_skip_dag' retrieved from /home/airflow/.local/lib/python3.12/site-packages/airflow/example_dags/example_skip_dag.py
[2024-04-27T00:03:35.410+0000] {logging_mixin.py:188} INFO - [2024-04-27T00:03:35.410+0000] {dag.py:3096} INFO - Sync 1 DAGs
[2024-04-27T00:03:35.538+0000] {logging_mixin.py:188} INFO - [2024-04-27T00:03:35.538+0000] {dag.py:3954} INFO - Setting next_dagrun for example_skip_dag to 2024-04-26 00:00:00+00:00, run_after=2024-04-27 00:00:00+00:00
[2024-04-27T00:03:35.551+0000] {processor.py:183} INFO - Processing /home/airflow/.local/lib/python3.12/site-packages/airflow/example_dags/example_skip_dag.py took 0.178 seconds
[2024-04-27T00:04:05.929+0000] {processor.py:161} INFO - Started process (PID=11032) to work on /home/airflow/.local/lib/python3.12/site-packages/airflow/example_dags/example_skip_dag.py
[2024-04-27T00:04:05.930+0000] {processor.py:830} INFO - Processing file /home/airflow/.local/lib/python3.12/site-packages/airflow/example_dags/example_skip_dag.py for tasks to queue
[2024-04-27T00:04:05.933+0000] {logging_mixin.py:188} INFO - [2024-04-27T00:04:05.932+0000] {dagbag.py:540} INFO - Filling up the DagBag from /home/airflow/.local/lib/python3.12/site-packages/airflow/example_dags/example_skip_dag.py
[2024-04-27T00:04:05.942+0000] {processor.py:840} INFO - DAG(s) 'example_skip_dag' retrieved from /home/airflow/.local/lib/python3.12/site-packages/airflow/example_dags/example_skip_dag.py
[2024-04-27T00:04:05.967+0000] {logging_mixin.py:188} INFO - [2024-04-27T00:04:05.966+0000] {dag.py:3096} INFO - Sync 1 DAGs
[2024-04-27T00:04:05.993+0000] {logging_mixin.py:188} INFO - [2024-04-27T00:04:05.993+0000] {dag.py:3954} INFO - Setting next_dagrun for example_skip_dag to 2024-04-26 00:00:00+00:00, run_after=2024-04-27 00:00:00+00:00
[2024-04-27T00:04:06.012+0000] {processor.py:183} INFO - Processing /home/airflow/.local/lib/python3.12/site-packages/airflow/example_dags/example_skip_dag.py took 0.088 seconds
[2024-04-27T00:04:36.568+0000] {processor.py:161} INFO - Started process (PID=11092) to work on /home/airflow/.local/lib/python3.12/site-packages/airflow/example_dags/example_skip_dag.py
[2024-04-27T00:04:36.569+0000] {processor.py:830} INFO - Processing file /home/airflow/.local/lib/python3.12/site-packages/airflow/example_dags/example_skip_dag.py for tasks to queue
[2024-04-27T00:04:36.572+0000] {logging_mixin.py:188} INFO - [2024-04-27T00:04:36.571+0000] {dagbag.py:540} INFO - Filling up the DagBag from /home/airflow/.local/lib/python3.12/site-packages/airflow/example_dags/example_skip_dag.py
[2024-04-27T00:04:36.577+0000] {processor.py:840} INFO - DAG(s) 'example_skip_dag' retrieved from /home/airflow/.local/lib/python3.12/site-packages/airflow/example_dags/example_skip_dag.py
[2024-04-27T00:04:36.599+0000] {logging_mixin.py:188} INFO - [2024-04-27T00:04:36.597+0000] {dag.py:3096} INFO - Sync 1 DAGs
[2024-04-27T00:04:36.618+0000] {logging_mixin.py:188} INFO - [2024-04-27T00:04:36.618+0000] {dag.py:3954} INFO - Setting next_dagrun for example_skip_dag to 2024-04-26 00:00:00+00:00, run_after=2024-04-27 00:00:00+00:00
[2024-04-27T00:04:36.634+0000] {processor.py:183} INFO - Processing /home/airflow/.local/lib/python3.12/site-packages/airflow/example_dags/example_skip_dag.py took 0.071 seconds
[2024-04-27T00:05:07.025+0000] {processor.py:161} INFO - Started process (PID=11152) to work on /home/airflow/.local/lib/python3.12/site-packages/airflow/example_dags/example_skip_dag.py
[2024-04-27T00:05:07.037+0000] {processor.py:830} INFO - Processing file /home/airflow/.local/lib/python3.12/site-packages/airflow/example_dags/example_skip_dag.py for tasks to queue
[2024-04-27T00:05:07.047+0000] {logging_mixin.py:188} INFO - [2024-04-27T00:05:07.047+0000] {dagbag.py:540} INFO - Filling up the DagBag from /home/airflow/.local/lib/python3.12/site-packages/airflow/example_dags/example_skip_dag.py
[2024-04-27T00:05:07.054+0000] {processor.py:840} INFO - DAG(s) 'example_skip_dag' retrieved from /home/airflow/.local/lib/python3.12/site-packages/airflow/example_dags/example_skip_dag.py
[2024-04-27T00:05:07.079+0000] {logging_mixin.py:188} INFO - [2024-04-27T00:05:07.078+0000] {dag.py:3096} INFO - Sync 1 DAGs
[2024-04-27T00:05:07.104+0000] {logging_mixin.py:188} INFO - [2024-04-27T00:05:07.103+0000] {dag.py:3954} INFO - Setting next_dagrun for example_skip_dag to 2024-04-26 00:00:00+00:00, run_after=2024-04-27 00:00:00+00:00
[2024-04-27T00:05:07.127+0000] {processor.py:183} INFO - Processing /home/airflow/.local/lib/python3.12/site-packages/airflow/example_dags/example_skip_dag.py took 0.108 seconds
[2024-04-27T00:05:37.957+0000] {processor.py:161} INFO - Started process (PID=11212) to work on /home/airflow/.local/lib/python3.12/site-packages/airflow/example_dags/example_skip_dag.py
[2024-04-27T00:05:37.958+0000] {processor.py:830} INFO - Processing file /home/airflow/.local/lib/python3.12/site-packages/airflow/example_dags/example_skip_dag.py for tasks to queue
[2024-04-27T00:05:37.959+0000] {logging_mixin.py:188} INFO - [2024-04-27T00:05:37.959+0000] {dagbag.py:540} INFO - Filling up the DagBag from /home/airflow/.local/lib/python3.12/site-packages/airflow/example_dags/example_skip_dag.py
[2024-04-27T00:05:37.966+0000] {processor.py:840} INFO - DAG(s) 'example_skip_dag' retrieved from /home/airflow/.local/lib/python3.12/site-packages/airflow/example_dags/example_skip_dag.py
[2024-04-27T00:05:37.986+0000] {logging_mixin.py:188} INFO - [2024-04-27T00:05:37.986+0000] {dag.py:3096} INFO - Sync 1 DAGs
[2024-04-27T00:05:38.006+0000] {logging_mixin.py:188} INFO - [2024-04-27T00:05:38.006+0000] {dag.py:3954} INFO - Setting next_dagrun for example_skip_dag to 2024-04-26 00:00:00+00:00, run_after=2024-04-27 00:00:00+00:00
[2024-04-27T00:05:38.028+0000] {processor.py:183} INFO - Processing /home/airflow/.local/lib/python3.12/site-packages/airflow/example_dags/example_skip_dag.py took 0.076 seconds
[2024-04-27T00:06:08.674+0000] {processor.py:161} INFO - Started process (PID=11272) to work on /home/airflow/.local/lib/python3.12/site-packages/airflow/example_dags/example_skip_dag.py
[2024-04-27T00:06:08.675+0000] {processor.py:830} INFO - Processing file /home/airflow/.local/lib/python3.12/site-packages/airflow/example_dags/example_skip_dag.py for tasks to queue
[2024-04-27T00:06:08.676+0000] {logging_mixin.py:188} INFO - [2024-04-27T00:06:08.676+0000] {dagbag.py:540} INFO - Filling up the DagBag from /home/airflow/.local/lib/python3.12/site-packages/airflow/example_dags/example_skip_dag.py
[2024-04-27T00:06:08.683+0000] {processor.py:840} INFO - DAG(s) 'example_skip_dag' retrieved from /home/airflow/.local/lib/python3.12/site-packages/airflow/example_dags/example_skip_dag.py
[2024-04-27T00:06:08.707+0000] {logging_mixin.py:188} INFO - [2024-04-27T00:06:08.706+0000] {dag.py:3096} INFO - Sync 1 DAGs
[2024-04-27T00:06:08.726+0000] {logging_mixin.py:188} INFO - [2024-04-27T00:06:08.726+0000] {dag.py:3954} INFO - Setting next_dagrun for example_skip_dag to 2024-04-26 00:00:00+00:00, run_after=2024-04-27 00:00:00+00:00
[2024-04-27T00:06:08.743+0000] {processor.py:183} INFO - Processing /home/airflow/.local/lib/python3.12/site-packages/airflow/example_dags/example_skip_dag.py took 0.075 seconds
[2024-04-27T00:06:39.369+0000] {processor.py:161} INFO - Started process (PID=11332) to work on /home/airflow/.local/lib/python3.12/site-packages/airflow/example_dags/example_skip_dag.py
[2024-04-27T00:06:39.370+0000] {processor.py:830} INFO - Processing file /home/airflow/.local/lib/python3.12/site-packages/airflow/example_dags/example_skip_dag.py for tasks to queue
[2024-04-27T00:06:39.371+0000] {logging_mixin.py:188} INFO - [2024-04-27T00:06:39.370+0000] {dagbag.py:540} INFO - Filling up the DagBag from /home/airflow/.local/lib/python3.12/site-packages/airflow/example_dags/example_skip_dag.py
[2024-04-27T00:06:39.377+0000] {processor.py:840} INFO - DAG(s) 'example_skip_dag' retrieved from /home/airflow/.local/lib/python3.12/site-packages/airflow/example_dags/example_skip_dag.py
[2024-04-27T00:06:39.397+0000] {logging_mixin.py:188} INFO - [2024-04-27T00:06:39.397+0000] {dag.py:3096} INFO - Sync 1 DAGs
[2024-04-27T00:06:39.418+0000] {logging_mixin.py:188} INFO - [2024-04-27T00:06:39.417+0000] {dag.py:3954} INFO - Setting next_dagrun for example_skip_dag to 2024-04-26 00:00:00+00:00, run_after=2024-04-27 00:00:00+00:00
[2024-04-27T00:06:39.440+0000] {processor.py:183} INFO - Processing /home/airflow/.local/lib/python3.12/site-packages/airflow/example_dags/example_skip_dag.py took 0.076 seconds
[2024-04-27T00:07:10.225+0000] {processor.py:161} INFO - Started process (PID=11392) to work on /home/airflow/.local/lib/python3.12/site-packages/airflow/example_dags/example_skip_dag.py
[2024-04-27T00:07:10.227+0000] {processor.py:830} INFO - Processing file /home/airflow/.local/lib/python3.12/site-packages/airflow/example_dags/example_skip_dag.py for tasks to queue
[2024-04-27T00:07:10.228+0000] {logging_mixin.py:188} INFO - [2024-04-27T00:07:10.228+0000] {dagbag.py:540} INFO - Filling up the DagBag from /home/airflow/.local/lib/python3.12/site-packages/airflow/example_dags/example_skip_dag.py
[2024-04-27T00:07:10.235+0000] {processor.py:840} INFO - DAG(s) 'example_skip_dag' retrieved from /home/airflow/.local/lib/python3.12/site-packages/airflow/example_dags/example_skip_dag.py
[2024-04-27T00:07:10.257+0000] {logging_mixin.py:188} INFO - [2024-04-27T00:07:10.256+0000] {dag.py:3096} INFO - Sync 1 DAGs
[2024-04-27T00:07:10.281+0000] {logging_mixin.py:188} INFO - [2024-04-27T00:07:10.281+0000] {dag.py:3954} INFO - Setting next_dagrun for example_skip_dag to 2024-04-26 00:00:00+00:00, run_after=2024-04-27 00:00:00+00:00
[2024-04-27T00:07:10.304+0000] {processor.py:183} INFO - Processing /home/airflow/.local/lib/python3.12/site-packages/airflow/example_dags/example_skip_dag.py took 0.084 seconds
[2024-04-27T00:07:40.721+0000] {processor.py:161} INFO - Started process (PID=11452) to work on /home/airflow/.local/lib/python3.12/site-packages/airflow/example_dags/example_skip_dag.py
[2024-04-27T00:07:40.722+0000] {processor.py:830} INFO - Processing file /home/airflow/.local/lib/python3.12/site-packages/airflow/example_dags/example_skip_dag.py for tasks to queue
[2024-04-27T00:07:40.723+0000] {logging_mixin.py:188} INFO - [2024-04-27T00:07:40.722+0000] {dagbag.py:540} INFO - Filling up the DagBag from /home/airflow/.local/lib/python3.12/site-packages/airflow/example_dags/example_skip_dag.py
[2024-04-27T00:07:40.730+0000] {processor.py:840} INFO - DAG(s) 'example_skip_dag' retrieved from /home/airflow/.local/lib/python3.12/site-packages/airflow/example_dags/example_skip_dag.py
[2024-04-27T00:07:40.753+0000] {logging_mixin.py:188} INFO - [2024-04-27T00:07:40.753+0000] {dag.py:3096} INFO - Sync 1 DAGs
[2024-04-27T00:07:40.773+0000] {logging_mixin.py:188} INFO - [2024-04-27T00:07:40.772+0000] {dag.py:3954} INFO - Setting next_dagrun for example_skip_dag to 2024-04-26 00:00:00+00:00, run_after=2024-04-27 00:00:00+00:00
[2024-04-27T00:07:40.793+0000] {processor.py:183} INFO - Processing /home/airflow/.local/lib/python3.12/site-packages/airflow/example_dags/example_skip_dag.py took 0.077 seconds
[2024-04-27T00:08:11.466+0000] {processor.py:161} INFO - Started process (PID=11512) to work on /home/airflow/.local/lib/python3.12/site-packages/airflow/example_dags/example_skip_dag.py
[2024-04-27T00:08:11.468+0000] {processor.py:830} INFO - Processing file /home/airflow/.local/lib/python3.12/site-packages/airflow/example_dags/example_skip_dag.py for tasks to queue
[2024-04-27T00:08:11.469+0000] {logging_mixin.py:188} INFO - [2024-04-27T00:08:11.469+0000] {dagbag.py:540} INFO - Filling up the DagBag from /home/airflow/.local/lib/python3.12/site-packages/airflow/example_dags/example_skip_dag.py
[2024-04-27T00:08:11.475+0000] {processor.py:840} INFO - DAG(s) 'example_skip_dag' retrieved from /home/airflow/.local/lib/python3.12/site-packages/airflow/example_dags/example_skip_dag.py
[2024-04-27T00:08:11.495+0000] {logging_mixin.py:188} INFO - [2024-04-27T00:08:11.494+0000] {dag.py:3096} INFO - Sync 1 DAGs
[2024-04-27T00:08:11.512+0000] {logging_mixin.py:188} INFO - [2024-04-27T00:08:11.512+0000] {dag.py:3954} INFO - Setting next_dagrun for example_skip_dag to 2024-04-26 00:00:00+00:00, run_after=2024-04-27 00:00:00+00:00
[2024-04-27T00:08:11.537+0000] {processor.py:183} INFO - Processing /home/airflow/.local/lib/python3.12/site-packages/airflow/example_dags/example_skip_dag.py took 0.075 seconds
[2024-04-27T00:08:42.016+0000] {processor.py:161} INFO - Started process (PID=11572) to work on /home/airflow/.local/lib/python3.12/site-packages/airflow/example_dags/example_skip_dag.py
[2024-04-27T00:08:42.018+0000] {processor.py:830} INFO - Processing file /home/airflow/.local/lib/python3.12/site-packages/airflow/example_dags/example_skip_dag.py for tasks to queue
[2024-04-27T00:08:42.019+0000] {logging_mixin.py:188} INFO - [2024-04-27T00:08:42.019+0000] {dagbag.py:540} INFO - Filling up the DagBag from /home/airflow/.local/lib/python3.12/site-packages/airflow/example_dags/example_skip_dag.py
[2024-04-27T00:08:42.026+0000] {processor.py:840} INFO - DAG(s) 'example_skip_dag' retrieved from /home/airflow/.local/lib/python3.12/site-packages/airflow/example_dags/example_skip_dag.py
[2024-04-27T00:08:42.045+0000] {logging_mixin.py:188} INFO - [2024-04-27T00:08:42.045+0000] {dag.py:3096} INFO - Sync 1 DAGs
[2024-04-27T00:08:42.065+0000] {logging_mixin.py:188} INFO - [2024-04-27T00:08:42.065+0000] {dag.py:3954} INFO - Setting next_dagrun for example_skip_dag to 2024-04-26 00:00:00+00:00, run_after=2024-04-27 00:00:00+00:00
[2024-04-27T00:08:42.086+0000] {processor.py:183} INFO - Processing /home/airflow/.local/lib/python3.12/site-packages/airflow/example_dags/example_skip_dag.py took 0.074 seconds
[2024-04-27T00:09:12.449+0000] {processor.py:161} INFO - Started process (PID=11632) to work on /home/airflow/.local/lib/python3.12/site-packages/airflow/example_dags/example_skip_dag.py
[2024-04-27T00:09:12.450+0000] {processor.py:830} INFO - Processing file /home/airflow/.local/lib/python3.12/site-packages/airflow/example_dags/example_skip_dag.py for tasks to queue
[2024-04-27T00:09:12.451+0000] {logging_mixin.py:188} INFO - [2024-04-27T00:09:12.451+0000] {dagbag.py:540} INFO - Filling up the DagBag from /home/airflow/.local/lib/python3.12/site-packages/airflow/example_dags/example_skip_dag.py
[2024-04-27T00:09:12.458+0000] {processor.py:840} INFO - DAG(s) 'example_skip_dag' retrieved from /home/airflow/.local/lib/python3.12/site-packages/airflow/example_dags/example_skip_dag.py
[2024-04-27T00:09:12.477+0000] {logging_mixin.py:188} INFO - [2024-04-27T00:09:12.477+0000] {dag.py:3096} INFO - Sync 1 DAGs
[2024-04-27T00:09:12.496+0000] {logging_mixin.py:188} INFO - [2024-04-27T00:09:12.495+0000] {dag.py:3954} INFO - Setting next_dagrun for example_skip_dag to 2024-04-26 00:00:00+00:00, run_after=2024-04-27 00:00:00+00:00
[2024-04-27T00:09:12.517+0000] {processor.py:183} INFO - Processing /home/airflow/.local/lib/python3.12/site-packages/airflow/example_dags/example_skip_dag.py took 0.074 seconds
[2024-04-27T00:09:43.096+0000] {processor.py:161} INFO - Started process (PID=11692) to work on /home/airflow/.local/lib/python3.12/site-packages/airflow/example_dags/example_skip_dag.py
[2024-04-27T00:09:43.098+0000] {processor.py:830} INFO - Processing file /home/airflow/.local/lib/python3.12/site-packages/airflow/example_dags/example_skip_dag.py for tasks to queue
[2024-04-27T00:09:43.099+0000] {logging_mixin.py:188} INFO - [2024-04-27T00:09:43.099+0000] {dagbag.py:540} INFO - Filling up the DagBag from /home/airflow/.local/lib/python3.12/site-packages/airflow/example_dags/example_skip_dag.py
[2024-04-27T00:09:43.110+0000] {processor.py:840} INFO - DAG(s) 'example_skip_dag' retrieved from /home/airflow/.local/lib/python3.12/site-packages/airflow/example_dags/example_skip_dag.py
[2024-04-27T00:09:43.147+0000] {logging_mixin.py:188} INFO - [2024-04-27T00:09:43.147+0000] {dag.py:3096} INFO - Sync 1 DAGs
[2024-04-27T00:09:43.180+0000] {logging_mixin.py:188} INFO - [2024-04-27T00:09:43.179+0000] {dag.py:3954} INFO - Setting next_dagrun for example_skip_dag to 2024-04-26 00:00:00+00:00, run_after=2024-04-27 00:00:00+00:00
[2024-04-27T00:09:43.205+0000] {processor.py:183} INFO - Processing /home/airflow/.local/lib/python3.12/site-packages/airflow/example_dags/example_skip_dag.py took 0.114 seconds
[2024-04-27T00:10:13.632+0000] {processor.py:161} INFO - Started process (PID=11752) to work on /home/airflow/.local/lib/python3.12/site-packages/airflow/example_dags/example_skip_dag.py
[2024-04-27T00:10:13.635+0000] {processor.py:830} INFO - Processing file /home/airflow/.local/lib/python3.12/site-packages/airflow/example_dags/example_skip_dag.py for tasks to queue
[2024-04-27T00:10:13.636+0000] {logging_mixin.py:188} INFO - [2024-04-27T00:10:13.636+0000] {dagbag.py:540} INFO - Filling up the DagBag from /home/airflow/.local/lib/python3.12/site-packages/airflow/example_dags/example_skip_dag.py
[2024-04-27T00:10:13.644+0000] {processor.py:840} INFO - DAG(s) 'example_skip_dag' retrieved from /home/airflow/.local/lib/python3.12/site-packages/airflow/example_dags/example_skip_dag.py
[2024-04-27T00:10:13.675+0000] {logging_mixin.py:188} INFO - [2024-04-27T00:10:13.675+0000] {dag.py:3096} INFO - Sync 1 DAGs
[2024-04-27T00:10:13.704+0000] {logging_mixin.py:188} INFO - [2024-04-27T00:10:13.704+0000] {dag.py:3954} INFO - Setting next_dagrun for example_skip_dag to 2024-04-26 00:00:00+00:00, run_after=2024-04-27 00:00:00+00:00
[2024-04-27T00:10:13.726+0000] {processor.py:183} INFO - Processing /home/airflow/.local/lib/python3.12/site-packages/airflow/example_dags/example_skip_dag.py took 0.099 seconds
[2024-04-27T00:10:44.737+0000] {processor.py:161} INFO - Started process (PID=11812) to work on /home/airflow/.local/lib/python3.12/site-packages/airflow/example_dags/example_skip_dag.py
[2024-04-27T00:10:44.741+0000] {processor.py:830} INFO - Processing file /home/airflow/.local/lib/python3.12/site-packages/airflow/example_dags/example_skip_dag.py for tasks to queue
[2024-04-27T00:10:44.744+0000] {logging_mixin.py:188} INFO - [2024-04-27T00:10:44.744+0000] {dagbag.py:540} INFO - Filling up the DagBag from /home/airflow/.local/lib/python3.12/site-packages/airflow/example_dags/example_skip_dag.py
[2024-04-27T00:10:44.751+0000] {processor.py:840} INFO - DAG(s) 'example_skip_dag' retrieved from /home/airflow/.local/lib/python3.12/site-packages/airflow/example_dags/example_skip_dag.py
[2024-04-27T00:10:44.770+0000] {logging_mixin.py:188} INFO - [2024-04-27T00:10:44.770+0000] {dag.py:3096} INFO - Sync 1 DAGs
[2024-04-27T00:10:44.789+0000] {logging_mixin.py:188} INFO - [2024-04-27T00:10:44.789+0000] {dag.py:3954} INFO - Setting next_dagrun for example_skip_dag to 2024-04-26 00:00:00+00:00, run_after=2024-04-27 00:00:00+00:00
[2024-04-27T00:10:44.812+0000] {processor.py:183} INFO - Processing /home/airflow/.local/lib/python3.12/site-packages/airflow/example_dags/example_skip_dag.py took 0.080 seconds
[2024-04-27T00:11:15.152+0000] {processor.py:161} INFO - Started process (PID=11872) to work on /home/airflow/.local/lib/python3.12/site-packages/airflow/example_dags/example_skip_dag.py
[2024-04-27T00:11:15.153+0000] {processor.py:830} INFO - Processing file /home/airflow/.local/lib/python3.12/site-packages/airflow/example_dags/example_skip_dag.py for tasks to queue
[2024-04-27T00:11:15.155+0000] {logging_mixin.py:188} INFO - [2024-04-27T00:11:15.154+0000] {dagbag.py:540} INFO - Filling up the DagBag from /home/airflow/.local/lib/python3.12/site-packages/airflow/example_dags/example_skip_dag.py
[2024-04-27T00:11:15.171+0000] {processor.py:840} INFO - DAG(s) 'example_skip_dag' retrieved from /home/airflow/.local/lib/python3.12/site-packages/airflow/example_dags/example_skip_dag.py
[2024-04-27T00:11:15.195+0000] {logging_mixin.py:188} INFO - [2024-04-27T00:11:15.195+0000] {dag.py:3096} INFO - Sync 1 DAGs
[2024-04-27T00:11:15.217+0000] {logging_mixin.py:188} INFO - [2024-04-27T00:11:15.217+0000] {dag.py:3954} INFO - Setting next_dagrun for example_skip_dag to 2024-04-26 00:00:00+00:00, run_after=2024-04-27 00:00:00+00:00
[2024-04-27T00:11:15.237+0000] {processor.py:183} INFO - Processing /home/airflow/.local/lib/python3.12/site-packages/airflow/example_dags/example_skip_dag.py took 0.093 seconds
[2024-04-27T00:11:46.140+0000] {processor.py:161} INFO - Started process (PID=11935) to work on /home/airflow/.local/lib/python3.12/site-packages/airflow/example_dags/example_skip_dag.py
[2024-04-27T00:11:46.141+0000] {processor.py:830} INFO - Processing file /home/airflow/.local/lib/python3.12/site-packages/airflow/example_dags/example_skip_dag.py for tasks to queue
[2024-04-27T00:11:46.142+0000] {logging_mixin.py:188} INFO - [2024-04-27T00:11:46.142+0000] {dagbag.py:540} INFO - Filling up the DagBag from /home/airflow/.local/lib/python3.12/site-packages/airflow/example_dags/example_skip_dag.py
[2024-04-27T00:11:46.150+0000] {processor.py:840} INFO - DAG(s) 'example_skip_dag' retrieved from /home/airflow/.local/lib/python3.12/site-packages/airflow/example_dags/example_skip_dag.py
[2024-04-27T00:11:46.181+0000] {logging_mixin.py:188} INFO - [2024-04-27T00:11:46.181+0000] {dag.py:3096} INFO - Sync 1 DAGs
[2024-04-27T00:11:46.200+0000] {logging_mixin.py:188} INFO - [2024-04-27T00:11:46.199+0000] {dag.py:3954} INFO - Setting next_dagrun for example_skip_dag to 2024-04-26 00:00:00+00:00, run_after=2024-04-27 00:00:00+00:00
[2024-04-27T00:11:46.222+0000] {processor.py:183} INFO - Processing /home/airflow/.local/lib/python3.12/site-packages/airflow/example_dags/example_skip_dag.py took 0.089 seconds
[2024-04-27T00:12:17.025+0000] {processor.py:161} INFO - Started process (PID=11995) to work on /home/airflow/.local/lib/python3.12/site-packages/airflow/example_dags/example_skip_dag.py
[2024-04-27T00:12:17.026+0000] {processor.py:830} INFO - Processing file /home/airflow/.local/lib/python3.12/site-packages/airflow/example_dags/example_skip_dag.py for tasks to queue
[2024-04-27T00:12:17.028+0000] {logging_mixin.py:188} INFO - [2024-04-27T00:12:17.027+0000] {dagbag.py:540} INFO - Filling up the DagBag from /home/airflow/.local/lib/python3.12/site-packages/airflow/example_dags/example_skip_dag.py
[2024-04-27T00:12:17.036+0000] {processor.py:840} INFO - DAG(s) 'example_skip_dag' retrieved from /home/airflow/.local/lib/python3.12/site-packages/airflow/example_dags/example_skip_dag.py
[2024-04-27T00:12:17.060+0000] {logging_mixin.py:188} INFO - [2024-04-27T00:12:17.059+0000] {dag.py:3096} INFO - Sync 1 DAGs
[2024-04-27T00:12:17.090+0000] {logging_mixin.py:188} INFO - [2024-04-27T00:12:17.090+0000] {dag.py:3954} INFO - Setting next_dagrun for example_skip_dag to 2024-04-26 00:00:00+00:00, run_after=2024-04-27 00:00:00+00:00
[2024-04-27T00:12:17.119+0000] {processor.py:183} INFO - Processing /home/airflow/.local/lib/python3.12/site-packages/airflow/example_dags/example_skip_dag.py took 0.101 seconds
[2024-04-27T00:12:47.266+0000] {processor.py:161} INFO - Started process (PID=12053) to work on /home/airflow/.local/lib/python3.12/site-packages/airflow/example_dags/example_skip_dag.py
[2024-04-27T00:12:47.270+0000] {processor.py:830} INFO - Processing file /home/airflow/.local/lib/python3.12/site-packages/airflow/example_dags/example_skip_dag.py for tasks to queue
[2024-04-27T00:12:47.271+0000] {logging_mixin.py:188} INFO - [2024-04-27T00:12:47.271+0000] {dagbag.py:540} INFO - Filling up the DagBag from /home/airflow/.local/lib/python3.12/site-packages/airflow/example_dags/example_skip_dag.py
[2024-04-27T00:12:47.281+0000] {processor.py:840} INFO - DAG(s) 'example_skip_dag' retrieved from /home/airflow/.local/lib/python3.12/site-packages/airflow/example_dags/example_skip_dag.py
[2024-04-27T00:12:47.320+0000] {logging_mixin.py:188} INFO - [2024-04-27T00:12:47.319+0000] {dag.py:3096} INFO - Sync 1 DAGs
[2024-04-27T00:12:47.350+0000] {logging_mixin.py:188} INFO - [2024-04-27T00:12:47.350+0000] {dag.py:3954} INFO - Setting next_dagrun for example_skip_dag to 2024-04-26 00:00:00+00:00, run_after=2024-04-27 00:00:00+00:00
[2024-04-27T00:12:47.373+0000] {processor.py:183} INFO - Processing /home/airflow/.local/lib/python3.12/site-packages/airflow/example_dags/example_skip_dag.py took 0.112 seconds
[2024-04-27T00:13:18.172+0000] {processor.py:161} INFO - Started process (PID=12115) to work on /home/airflow/.local/lib/python3.12/site-packages/airflow/example_dags/example_skip_dag.py
[2024-04-27T00:13:18.173+0000] {processor.py:830} INFO - Processing file /home/airflow/.local/lib/python3.12/site-packages/airflow/example_dags/example_skip_dag.py for tasks to queue
[2024-04-27T00:13:18.174+0000] {logging_mixin.py:188} INFO - [2024-04-27T00:13:18.173+0000] {dagbag.py:540} INFO - Filling up the DagBag from /home/airflow/.local/lib/python3.12/site-packages/airflow/example_dags/example_skip_dag.py
[2024-04-27T00:13:18.183+0000] {processor.py:840} INFO - DAG(s) 'example_skip_dag' retrieved from /home/airflow/.local/lib/python3.12/site-packages/airflow/example_dags/example_skip_dag.py
[2024-04-27T00:13:18.207+0000] {logging_mixin.py:188} INFO - [2024-04-27T00:13:18.206+0000] {dag.py:3096} INFO - Sync 1 DAGs
[2024-04-27T00:13:18.233+0000] {logging_mixin.py:188} INFO - [2024-04-27T00:13:18.233+0000] {dag.py:3954} INFO - Setting next_dagrun for example_skip_dag to 2024-04-26 00:00:00+00:00, run_after=2024-04-27 00:00:00+00:00
[2024-04-27T00:13:18.256+0000] {processor.py:183} INFO - Processing /home/airflow/.local/lib/python3.12/site-packages/airflow/example_dags/example_skip_dag.py took 0.092 seconds
[2024-04-27T00:13:48.459+0000] {processor.py:161} INFO - Started process (PID=12173) to work on /home/airflow/.local/lib/python3.12/site-packages/airflow/example_dags/example_skip_dag.py
[2024-04-27T00:13:48.459+0000] {processor.py:830} INFO - Processing file /home/airflow/.local/lib/python3.12/site-packages/airflow/example_dags/example_skip_dag.py for tasks to queue
[2024-04-27T00:13:48.460+0000] {logging_mixin.py:188} INFO - [2024-04-27T00:13:48.460+0000] {dagbag.py:540} INFO - Filling up the DagBag from /home/airflow/.local/lib/python3.12/site-packages/airflow/example_dags/example_skip_dag.py
[2024-04-27T00:13:48.467+0000] {processor.py:840} INFO - DAG(s) 'example_skip_dag' retrieved from /home/airflow/.local/lib/python3.12/site-packages/airflow/example_dags/example_skip_dag.py
[2024-04-27T00:13:48.487+0000] {logging_mixin.py:188} INFO - [2024-04-27T00:13:48.487+0000] {dag.py:3096} INFO - Sync 1 DAGs
[2024-04-27T00:13:48.507+0000] {logging_mixin.py:188} INFO - [2024-04-27T00:13:48.507+0000] {dag.py:3954} INFO - Setting next_dagrun for example_skip_dag to 2024-04-26 00:00:00+00:00, run_after=2024-04-27 00:00:00+00:00
[2024-04-27T00:13:48.527+0000] {processor.py:183} INFO - Processing /home/airflow/.local/lib/python3.12/site-packages/airflow/example_dags/example_skip_dag.py took 0.074 seconds
[2024-04-27T00:14:19.098+0000] {processor.py:161} INFO - Started process (PID=12233) to work on /home/airflow/.local/lib/python3.12/site-packages/airflow/example_dags/example_skip_dag.py
[2024-04-27T00:14:19.100+0000] {processor.py:830} INFO - Processing file /home/airflow/.local/lib/python3.12/site-packages/airflow/example_dags/example_skip_dag.py for tasks to queue
[2024-04-27T00:14:19.101+0000] {logging_mixin.py:188} INFO - [2024-04-27T00:14:19.101+0000] {dagbag.py:540} INFO - Filling up the DagBag from /home/airflow/.local/lib/python3.12/site-packages/airflow/example_dags/example_skip_dag.py
[2024-04-27T00:14:19.111+0000] {processor.py:840} INFO - DAG(s) 'example_skip_dag' retrieved from /home/airflow/.local/lib/python3.12/site-packages/airflow/example_dags/example_skip_dag.py
[2024-04-27T00:14:19.130+0000] {logging_mixin.py:188} INFO - [2024-04-27T00:14:19.130+0000] {dag.py:3096} INFO - Sync 1 DAGs
[2024-04-27T00:14:19.152+0000] {logging_mixin.py:188} INFO - [2024-04-27T00:14:19.152+0000] {dag.py:3954} INFO - Setting next_dagrun for example_skip_dag to 2024-04-26 00:00:00+00:00, run_after=2024-04-27 00:00:00+00:00
[2024-04-27T00:14:19.187+0000] {processor.py:183} INFO - Processing /home/airflow/.local/lib/python3.12/site-packages/airflow/example_dags/example_skip_dag.py took 0.094 seconds
[2024-04-27T00:14:49.244+0000] {processor.py:161} INFO - Started process (PID=12293) to work on /home/airflow/.local/lib/python3.12/site-packages/airflow/example_dags/example_skip_dag.py
[2024-04-27T00:14:49.245+0000] {processor.py:830} INFO - Processing file /home/airflow/.local/lib/python3.12/site-packages/airflow/example_dags/example_skip_dag.py for tasks to queue
[2024-04-27T00:14:49.246+0000] {logging_mixin.py:188} INFO - [2024-04-27T00:14:49.246+0000] {dagbag.py:540} INFO - Filling up the DagBag from /home/airflow/.local/lib/python3.12/site-packages/airflow/example_dags/example_skip_dag.py
[2024-04-27T00:14:49.255+0000] {processor.py:840} INFO - DAG(s) 'example_skip_dag' retrieved from /home/airflow/.local/lib/python3.12/site-packages/airflow/example_dags/example_skip_dag.py
[2024-04-27T00:14:49.275+0000] {logging_mixin.py:188} INFO - [2024-04-27T00:14:49.275+0000] {dag.py:3096} INFO - Sync 1 DAGs
[2024-04-27T00:14:49.294+0000] {logging_mixin.py:188} INFO - [2024-04-27T00:14:49.294+0000] {dag.py:3954} INFO - Setting next_dagrun for example_skip_dag to 2024-04-26 00:00:00+00:00, run_after=2024-04-27 00:00:00+00:00
[2024-04-27T00:14:49.313+0000] {processor.py:183} INFO - Processing /home/airflow/.local/lib/python3.12/site-packages/airflow/example_dags/example_skip_dag.py took 0.075 seconds
[2024-04-27T00:15:19.448+0000] {processor.py:161} INFO - Started process (PID=12353) to work on /home/airflow/.local/lib/python3.12/site-packages/airflow/example_dags/example_skip_dag.py
[2024-04-27T00:15:19.449+0000] {processor.py:830} INFO - Processing file /home/airflow/.local/lib/python3.12/site-packages/airflow/example_dags/example_skip_dag.py for tasks to queue
[2024-04-27T00:15:19.450+0000] {logging_mixin.py:188} INFO - [2024-04-27T00:15:19.450+0000] {dagbag.py:540} INFO - Filling up the DagBag from /home/airflow/.local/lib/python3.12/site-packages/airflow/example_dags/example_skip_dag.py
[2024-04-27T00:15:19.457+0000] {processor.py:840} INFO - DAG(s) 'example_skip_dag' retrieved from /home/airflow/.local/lib/python3.12/site-packages/airflow/example_dags/example_skip_dag.py
[2024-04-27T00:15:19.478+0000] {logging_mixin.py:188} INFO - [2024-04-27T00:15:19.477+0000] {dag.py:3096} INFO - Sync 1 DAGs
[2024-04-27T00:15:19.498+0000] {logging_mixin.py:188} INFO - [2024-04-27T00:15:19.498+0000] {dag.py:3954} INFO - Setting next_dagrun for example_skip_dag to 2024-04-26 00:00:00+00:00, run_after=2024-04-27 00:00:00+00:00
[2024-04-27T00:15:19.518+0000] {processor.py:183} INFO - Processing /home/airflow/.local/lib/python3.12/site-packages/airflow/example_dags/example_skip_dag.py took 0.075 seconds
[2024-04-27T00:15:50.265+0000] {processor.py:161} INFO - Started process (PID=12413) to work on /home/airflow/.local/lib/python3.12/site-packages/airflow/example_dags/example_skip_dag.py
[2024-04-27T00:15:50.266+0000] {processor.py:830} INFO - Processing file /home/airflow/.local/lib/python3.12/site-packages/airflow/example_dags/example_skip_dag.py for tasks to queue
[2024-04-27T00:15:50.268+0000] {logging_mixin.py:188} INFO - [2024-04-27T00:15:50.267+0000] {dagbag.py:540} INFO - Filling up the DagBag from /home/airflow/.local/lib/python3.12/site-packages/airflow/example_dags/example_skip_dag.py
[2024-04-27T00:15:50.278+0000] {processor.py:840} INFO - DAG(s) 'example_skip_dag' retrieved from /home/airflow/.local/lib/python3.12/site-packages/airflow/example_dags/example_skip_dag.py
[2024-04-27T00:15:50.312+0000] {logging_mixin.py:188} INFO - [2024-04-27T00:15:50.312+0000] {dag.py:3096} INFO - Sync 1 DAGs
[2024-04-27T00:15:50.337+0000] {logging_mixin.py:188} INFO - [2024-04-27T00:15:50.337+0000] {dag.py:3954} INFO - Setting next_dagrun for example_skip_dag to 2024-04-26 00:00:00+00:00, run_after=2024-04-27 00:00:00+00:00
[2024-04-27T00:15:50.358+0000] {processor.py:183} INFO - Processing /home/airflow/.local/lib/python3.12/site-packages/airflow/example_dags/example_skip_dag.py took 0.100 seconds
[2024-04-27T00:16:20.595+0000] {processor.py:161} INFO - Started process (PID=12473) to work on /home/airflow/.local/lib/python3.12/site-packages/airflow/example_dags/example_skip_dag.py
[2024-04-27T00:16:20.596+0000] {processor.py:830} INFO - Processing file /home/airflow/.local/lib/python3.12/site-packages/airflow/example_dags/example_skip_dag.py for tasks to queue
[2024-04-27T00:16:20.602+0000] {logging_mixin.py:188} INFO - [2024-04-27T00:16:20.602+0000] {dagbag.py:540} INFO - Filling up the DagBag from /home/airflow/.local/lib/python3.12/site-packages/airflow/example_dags/example_skip_dag.py
[2024-04-27T00:16:20.611+0000] {processor.py:840} INFO - DAG(s) 'example_skip_dag' retrieved from /home/airflow/.local/lib/python3.12/site-packages/airflow/example_dags/example_skip_dag.py
[2024-04-27T00:16:20.633+0000] {logging_mixin.py:188} INFO - [2024-04-27T00:16:20.633+0000] {dag.py:3096} INFO - Sync 1 DAGs
[2024-04-27T00:16:20.653+0000] {logging_mixin.py:188} INFO - [2024-04-27T00:16:20.653+0000] {dag.py:3954} INFO - Setting next_dagrun for example_skip_dag to 2024-04-26 00:00:00+00:00, run_after=2024-04-27 00:00:00+00:00
[2024-04-27T00:16:20.674+0000] {processor.py:183} INFO - Processing /home/airflow/.local/lib/python3.12/site-packages/airflow/example_dags/example_skip_dag.py took 0.085 seconds
[2024-04-27T00:16:51.417+0000] {processor.py:161} INFO - Started process (PID=12533) to work on /home/airflow/.local/lib/python3.12/site-packages/airflow/example_dags/example_skip_dag.py
[2024-04-27T00:16:51.418+0000] {processor.py:830} INFO - Processing file /home/airflow/.local/lib/python3.12/site-packages/airflow/example_dags/example_skip_dag.py for tasks to queue
[2024-04-27T00:16:51.419+0000] {logging_mixin.py:188} INFO - [2024-04-27T00:16:51.419+0000] {dagbag.py:540} INFO - Filling up the DagBag from /home/airflow/.local/lib/python3.12/site-packages/airflow/example_dags/example_skip_dag.py
[2024-04-27T00:16:51.426+0000] {processor.py:840} INFO - DAG(s) 'example_skip_dag' retrieved from /home/airflow/.local/lib/python3.12/site-packages/airflow/example_dags/example_skip_dag.py
[2024-04-27T00:16:51.451+0000] {logging_mixin.py:188} INFO - [2024-04-27T00:16:51.450+0000] {dag.py:3096} INFO - Sync 1 DAGs
[2024-04-27T00:16:51.472+0000] {logging_mixin.py:188} INFO - [2024-04-27T00:16:51.472+0000] {dag.py:3954} INFO - Setting next_dagrun for example_skip_dag to 2024-04-26 00:00:00+00:00, run_after=2024-04-27 00:00:00+00:00
[2024-04-27T00:16:51.494+0000] {processor.py:183} INFO - Processing /home/airflow/.local/lib/python3.12/site-packages/airflow/example_dags/example_skip_dag.py took 0.084 seconds
[2024-04-27T00:17:21.549+0000] {processor.py:161} INFO - Started process (PID=12593) to work on /home/airflow/.local/lib/python3.12/site-packages/airflow/example_dags/example_skip_dag.py
[2024-04-27T00:17:21.553+0000] {processor.py:830} INFO - Processing file /home/airflow/.local/lib/python3.12/site-packages/airflow/example_dags/example_skip_dag.py for tasks to queue
[2024-04-27T00:17:21.557+0000] {logging_mixin.py:188} INFO - [2024-04-27T00:17:21.557+0000] {dagbag.py:540} INFO - Filling up the DagBag from /home/airflow/.local/lib/python3.12/site-packages/airflow/example_dags/example_skip_dag.py
[2024-04-27T00:17:21.590+0000] {processor.py:840} INFO - DAG(s) 'example_skip_dag' retrieved from /home/airflow/.local/lib/python3.12/site-packages/airflow/example_dags/example_skip_dag.py
[2024-04-27T00:17:21.611+0000] {logging_mixin.py:188} INFO - [2024-04-27T00:17:21.611+0000] {dag.py:3096} INFO - Sync 1 DAGs
[2024-04-27T00:17:21.631+0000] {logging_mixin.py:188} INFO - [2024-04-27T00:17:21.631+0000] {dag.py:3954} INFO - Setting next_dagrun for example_skip_dag to 2024-04-26 00:00:00+00:00, run_after=2024-04-27 00:00:00+00:00
[2024-04-27T00:17:21.650+0000] {processor.py:183} INFO - Processing /home/airflow/.local/lib/python3.12/site-packages/airflow/example_dags/example_skip_dag.py took 0.106 seconds
[2024-04-27T00:17:51.849+0000] {processor.py:161} INFO - Started process (PID=12653) to work on /home/airflow/.local/lib/python3.12/site-packages/airflow/example_dags/example_skip_dag.py
[2024-04-27T00:17:51.851+0000] {processor.py:830} INFO - Processing file /home/airflow/.local/lib/python3.12/site-packages/airflow/example_dags/example_skip_dag.py for tasks to queue
[2024-04-27T00:17:51.853+0000] {logging_mixin.py:188} INFO - [2024-04-27T00:17:51.852+0000] {dagbag.py:540} INFO - Filling up the DagBag from /home/airflow/.local/lib/python3.12/site-packages/airflow/example_dags/example_skip_dag.py
[2024-04-27T00:17:51.859+0000] {processor.py:840} INFO - DAG(s) 'example_skip_dag' retrieved from /home/airflow/.local/lib/python3.12/site-packages/airflow/example_dags/example_skip_dag.py
[2024-04-27T00:17:51.881+0000] {logging_mixin.py:188} INFO - [2024-04-27T00:17:51.881+0000] {dag.py:3096} INFO - Sync 1 DAGs
[2024-04-27T00:17:51.902+0000] {logging_mixin.py:188} INFO - [2024-04-27T00:17:51.902+0000] {dag.py:3954} INFO - Setting next_dagrun for example_skip_dag to 2024-04-26 00:00:00+00:00, run_after=2024-04-27 00:00:00+00:00
[2024-04-27T00:17:51.924+0000] {processor.py:183} INFO - Processing /home/airflow/.local/lib/python3.12/site-packages/airflow/example_dags/example_skip_dag.py took 0.080 seconds
[2024-04-27T00:18:22.888+0000] {processor.py:161} INFO - Started process (PID=12719) to work on /home/airflow/.local/lib/python3.12/site-packages/airflow/example_dags/example_skip_dag.py
[2024-04-27T00:18:22.890+0000] {processor.py:830} INFO - Processing file /home/airflow/.local/lib/python3.12/site-packages/airflow/example_dags/example_skip_dag.py for tasks to queue
[2024-04-27T00:18:22.892+0000] {logging_mixin.py:188} INFO - [2024-04-27T00:18:22.891+0000] {dagbag.py:540} INFO - Filling up the DagBag from /home/airflow/.local/lib/python3.12/site-packages/airflow/example_dags/example_skip_dag.py
[2024-04-27T00:18:22.904+0000] {processor.py:840} INFO - DAG(s) 'example_skip_dag' retrieved from /home/airflow/.local/lib/python3.12/site-packages/airflow/example_dags/example_skip_dag.py
[2024-04-27T00:18:22.927+0000] {logging_mixin.py:188} INFO - [2024-04-27T00:18:22.927+0000] {dag.py:3096} INFO - Sync 1 DAGs
[2024-04-27T00:18:22.952+0000] {logging_mixin.py:188} INFO - [2024-04-27T00:18:22.951+0000] {dag.py:3954} INFO - Setting next_dagrun for example_skip_dag to 2024-04-26 00:00:00+00:00, run_after=2024-04-27 00:00:00+00:00
[2024-04-27T00:18:22.975+0000] {processor.py:183} INFO - Processing /home/airflow/.local/lib/python3.12/site-packages/airflow/example_dags/example_skip_dag.py took 0.095 seconds
[2024-04-27T00:18:53.092+0000] {processor.py:161} INFO - Started process (PID=12779) to work on /home/airflow/.local/lib/python3.12/site-packages/airflow/example_dags/example_skip_dag.py
[2024-04-27T00:18:53.093+0000] {processor.py:830} INFO - Processing file /home/airflow/.local/lib/python3.12/site-packages/airflow/example_dags/example_skip_dag.py for tasks to queue
[2024-04-27T00:18:53.095+0000] {logging_mixin.py:188} INFO - [2024-04-27T00:18:53.094+0000] {dagbag.py:540} INFO - Filling up the DagBag from /home/airflow/.local/lib/python3.12/site-packages/airflow/example_dags/example_skip_dag.py
[2024-04-27T00:18:53.101+0000] {processor.py:840} INFO - DAG(s) 'example_skip_dag' retrieved from /home/airflow/.local/lib/python3.12/site-packages/airflow/example_dags/example_skip_dag.py
[2024-04-27T00:18:53.122+0000] {logging_mixin.py:188} INFO - [2024-04-27T00:18:53.122+0000] {dag.py:3096} INFO - Sync 1 DAGs
[2024-04-27T00:18:53.142+0000] {logging_mixin.py:188} INFO - [2024-04-27T00:18:53.142+0000] {dag.py:3954} INFO - Setting next_dagrun for example_skip_dag to 2024-04-26 00:00:00+00:00, run_after=2024-04-27 00:00:00+00:00
[2024-04-27T00:18:53.171+0000] {processor.py:183} INFO - Processing /home/airflow/.local/lib/python3.12/site-packages/airflow/example_dags/example_skip_dag.py took 0.085 seconds
[2024-04-27T00:19:23.285+0000] {processor.py:161} INFO - Started process (PID=12839) to work on /home/airflow/.local/lib/python3.12/site-packages/airflow/example_dags/example_skip_dag.py
[2024-04-27T00:19:23.286+0000] {processor.py:830} INFO - Processing file /home/airflow/.local/lib/python3.12/site-packages/airflow/example_dags/example_skip_dag.py for tasks to queue
[2024-04-27T00:19:23.287+0000] {logging_mixin.py:188} INFO - [2024-04-27T00:19:23.287+0000] {dagbag.py:540} INFO - Filling up the DagBag from /home/airflow/.local/lib/python3.12/site-packages/airflow/example_dags/example_skip_dag.py
[2024-04-27T00:19:23.295+0000] {processor.py:840} INFO - DAG(s) 'example_skip_dag' retrieved from /home/airflow/.local/lib/python3.12/site-packages/airflow/example_dags/example_skip_dag.py
[2024-04-27T00:19:23.315+0000] {logging_mixin.py:188} INFO - [2024-04-27T00:19:23.315+0000] {dag.py:3096} INFO - Sync 1 DAGs
[2024-04-27T00:19:23.334+0000] {logging_mixin.py:188} INFO - [2024-04-27T00:19:23.333+0000] {dag.py:3954} INFO - Setting next_dagrun for example_skip_dag to 2024-04-26 00:00:00+00:00, run_after=2024-04-27 00:00:00+00:00
[2024-04-27T00:19:23.354+0000] {processor.py:183} INFO - Processing /home/airflow/.local/lib/python3.12/site-packages/airflow/example_dags/example_skip_dag.py took 0.074 seconds
[2024-04-27T00:19:53.620+0000] {processor.py:161} INFO - Started process (PID=12899) to work on /home/airflow/.local/lib/python3.12/site-packages/airflow/example_dags/example_skip_dag.py
[2024-04-27T00:19:53.621+0000] {processor.py:830} INFO - Processing file /home/airflow/.local/lib/python3.12/site-packages/airflow/example_dags/example_skip_dag.py for tasks to queue
[2024-04-27T00:19:53.623+0000] {logging_mixin.py:188} INFO - [2024-04-27T00:19:53.622+0000] {dagbag.py:540} INFO - Filling up the DagBag from /home/airflow/.local/lib/python3.12/site-packages/airflow/example_dags/example_skip_dag.py
[2024-04-27T00:19:53.630+0000] {processor.py:840} INFO - DAG(s) 'example_skip_dag' retrieved from /home/airflow/.local/lib/python3.12/site-packages/airflow/example_dags/example_skip_dag.py
[2024-04-27T00:19:53.650+0000] {logging_mixin.py:188} INFO - [2024-04-27T00:19:53.650+0000] {dag.py:3096} INFO - Sync 1 DAGs
[2024-04-27T00:19:53.668+0000] {logging_mixin.py:188} INFO - [2024-04-27T00:19:53.668+0000] {dag.py:3954} INFO - Setting next_dagrun for example_skip_dag to 2024-04-26 00:00:00+00:00, run_after=2024-04-27 00:00:00+00:00
[2024-04-27T00:19:53.688+0000] {processor.py:183} INFO - Processing /home/airflow/.local/lib/python3.12/site-packages/airflow/example_dags/example_skip_dag.py took 0.072 seconds
[2024-04-27T00:20:24.451+0000] {processor.py:161} INFO - Started process (PID=12958) to work on /home/airflow/.local/lib/python3.12/site-packages/airflow/example_dags/example_skip_dag.py
[2024-04-27T00:20:24.453+0000] {processor.py:830} INFO - Processing file /home/airflow/.local/lib/python3.12/site-packages/airflow/example_dags/example_skip_dag.py for tasks to queue
[2024-04-27T00:20:24.454+0000] {logging_mixin.py:188} INFO - [2024-04-27T00:20:24.454+0000] {dagbag.py:540} INFO - Filling up the DagBag from /home/airflow/.local/lib/python3.12/site-packages/airflow/example_dags/example_skip_dag.py
[2024-04-27T00:20:24.463+0000] {processor.py:840} INFO - DAG(s) 'example_skip_dag' retrieved from /home/airflow/.local/lib/python3.12/site-packages/airflow/example_dags/example_skip_dag.py
[2024-04-27T00:20:24.486+0000] {logging_mixin.py:188} INFO - [2024-04-27T00:20:24.486+0000] {dag.py:3096} INFO - Sync 1 DAGs
[2024-04-27T00:20:24.515+0000] {logging_mixin.py:188} INFO - [2024-04-27T00:20:24.515+0000] {dag.py:3954} INFO - Setting next_dagrun for example_skip_dag to 2024-04-26 00:00:00+00:00, run_after=2024-04-27 00:00:00+00:00
[2024-04-27T00:20:24.550+0000] {processor.py:183} INFO - Processing /home/airflow/.local/lib/python3.12/site-packages/airflow/example_dags/example_skip_dag.py took 0.104 seconds
[2024-04-27T00:20:54.903+0000] {processor.py:161} INFO - Started process (PID=13018) to work on /home/airflow/.local/lib/python3.12/site-packages/airflow/example_dags/example_skip_dag.py
[2024-04-27T00:20:54.905+0000] {processor.py:830} INFO - Processing file /home/airflow/.local/lib/python3.12/site-packages/airflow/example_dags/example_skip_dag.py for tasks to queue
[2024-04-27T00:20:54.906+0000] {logging_mixin.py:188} INFO - [2024-04-27T00:20:54.905+0000] {dagbag.py:540} INFO - Filling up the DagBag from /home/airflow/.local/lib/python3.12/site-packages/airflow/example_dags/example_skip_dag.py
[2024-04-27T00:20:54.913+0000] {processor.py:840} INFO - DAG(s) 'example_skip_dag' retrieved from /home/airflow/.local/lib/python3.12/site-packages/airflow/example_dags/example_skip_dag.py
[2024-04-27T00:20:54.935+0000] {logging_mixin.py:188} INFO - [2024-04-27T00:20:54.935+0000] {dag.py:3096} INFO - Sync 1 DAGs
[2024-04-27T00:20:54.958+0000] {logging_mixin.py:188} INFO - [2024-04-27T00:20:54.958+0000] {dag.py:3954} INFO - Setting next_dagrun for example_skip_dag to 2024-04-26 00:00:00+00:00, run_after=2024-04-27 00:00:00+00:00
[2024-04-27T00:20:54.977+0000] {processor.py:183} INFO - Processing /home/airflow/.local/lib/python3.12/site-packages/airflow/example_dags/example_skip_dag.py took 0.079 seconds
[2024-04-27T00:21:25.532+0000] {processor.py:161} INFO - Started process (PID=13078) to work on /home/airflow/.local/lib/python3.12/site-packages/airflow/example_dags/example_skip_dag.py
[2024-04-27T00:21:25.533+0000] {processor.py:830} INFO - Processing file /home/airflow/.local/lib/python3.12/site-packages/airflow/example_dags/example_skip_dag.py for tasks to queue
[2024-04-27T00:21:25.534+0000] {logging_mixin.py:188} INFO - [2024-04-27T00:21:25.534+0000] {dagbag.py:540} INFO - Filling up the DagBag from /home/airflow/.local/lib/python3.12/site-packages/airflow/example_dags/example_skip_dag.py
[2024-04-27T00:21:25.545+0000] {processor.py:840} INFO - DAG(s) 'example_skip_dag' retrieved from /home/airflow/.local/lib/python3.12/site-packages/airflow/example_dags/example_skip_dag.py
[2024-04-27T00:21:25.581+0000] {logging_mixin.py:188} INFO - [2024-04-27T00:21:25.580+0000] {dag.py:3096} INFO - Sync 1 DAGs
[2024-04-27T00:21:25.614+0000] {logging_mixin.py:188} INFO - [2024-04-27T00:21:25.613+0000] {dag.py:3954} INFO - Setting next_dagrun for example_skip_dag to 2024-04-26 00:00:00+00:00, run_after=2024-04-27 00:00:00+00:00
[2024-04-27T00:21:25.636+0000] {processor.py:183} INFO - Processing /home/airflow/.local/lib/python3.12/site-packages/airflow/example_dags/example_skip_dag.py took 0.122 seconds
[2024-04-27T00:21:55.741+0000] {processor.py:161} INFO - Started process (PID=13138) to work on /home/airflow/.local/lib/python3.12/site-packages/airflow/example_dags/example_skip_dag.py
[2024-04-27T00:21:55.742+0000] {processor.py:830} INFO - Processing file /home/airflow/.local/lib/python3.12/site-packages/airflow/example_dags/example_skip_dag.py for tasks to queue
[2024-04-27T00:21:55.744+0000] {logging_mixin.py:188} INFO - [2024-04-27T00:21:55.743+0000] {dagbag.py:540} INFO - Filling up the DagBag from /home/airflow/.local/lib/python3.12/site-packages/airflow/example_dags/example_skip_dag.py
[2024-04-27T00:21:55.750+0000] {processor.py:840} INFO - DAG(s) 'example_skip_dag' retrieved from /home/airflow/.local/lib/python3.12/site-packages/airflow/example_dags/example_skip_dag.py
[2024-04-27T00:21:55.772+0000] {logging_mixin.py:188} INFO - [2024-04-27T00:21:55.772+0000] {dag.py:3096} INFO - Sync 1 DAGs
[2024-04-27T00:21:55.793+0000] {logging_mixin.py:188} INFO - [2024-04-27T00:21:55.793+0000] {dag.py:3954} INFO - Setting next_dagrun for example_skip_dag to 2024-04-26 00:00:00+00:00, run_after=2024-04-27 00:00:00+00:00
[2024-04-27T00:21:55.811+0000] {processor.py:183} INFO - Processing /home/airflow/.local/lib/python3.12/site-packages/airflow/example_dags/example_skip_dag.py took 0.076 seconds
[2024-04-27T00:22:26.458+0000] {processor.py:161} INFO - Started process (PID=13198) to work on /home/airflow/.local/lib/python3.12/site-packages/airflow/example_dags/example_skip_dag.py
[2024-04-27T00:22:26.459+0000] {processor.py:830} INFO - Processing file /home/airflow/.local/lib/python3.12/site-packages/airflow/example_dags/example_skip_dag.py for tasks to queue
[2024-04-27T00:22:26.461+0000] {logging_mixin.py:188} INFO - [2024-04-27T00:22:26.461+0000] {dagbag.py:540} INFO - Filling up the DagBag from /home/airflow/.local/lib/python3.12/site-packages/airflow/example_dags/example_skip_dag.py
[2024-04-27T00:22:26.468+0000] {processor.py:840} INFO - DAG(s) 'example_skip_dag' retrieved from /home/airflow/.local/lib/python3.12/site-packages/airflow/example_dags/example_skip_dag.py
[2024-04-27T00:22:26.494+0000] {logging_mixin.py:188} INFO - [2024-04-27T00:22:26.494+0000] {dag.py:3096} INFO - Sync 1 DAGs
[2024-04-27T00:22:26.516+0000] {logging_mixin.py:188} INFO - [2024-04-27T00:22:26.516+0000] {dag.py:3954} INFO - Setting next_dagrun for example_skip_dag to 2024-04-26 00:00:00+00:00, run_after=2024-04-27 00:00:00+00:00
[2024-04-27T00:22:26.537+0000] {processor.py:183} INFO - Processing /home/airflow/.local/lib/python3.12/site-packages/airflow/example_dags/example_skip_dag.py took 0.088 seconds
[2024-04-27T00:22:56.961+0000] {processor.py:161} INFO - Started process (PID=13258) to work on /home/airflow/.local/lib/python3.12/site-packages/airflow/example_dags/example_skip_dag.py
[2024-04-27T00:22:56.962+0000] {processor.py:830} INFO - Processing file /home/airflow/.local/lib/python3.12/site-packages/airflow/example_dags/example_skip_dag.py for tasks to queue
[2024-04-27T00:22:56.963+0000] {logging_mixin.py:188} INFO - [2024-04-27T00:22:56.963+0000] {dagbag.py:540} INFO - Filling up the DagBag from /home/airflow/.local/lib/python3.12/site-packages/airflow/example_dags/example_skip_dag.py
[2024-04-27T00:22:56.973+0000] {processor.py:840} INFO - DAG(s) 'example_skip_dag' retrieved from /home/airflow/.local/lib/python3.12/site-packages/airflow/example_dags/example_skip_dag.py
[2024-04-27T00:22:56.993+0000] {logging_mixin.py:188} INFO - [2024-04-27T00:22:56.992+0000] {dag.py:3096} INFO - Sync 1 DAGs
[2024-04-27T00:22:57.013+0000] {logging_mixin.py:188} INFO - [2024-04-27T00:22:57.013+0000] {dag.py:3954} INFO - Setting next_dagrun for example_skip_dag to 2024-04-26 00:00:00+00:00, run_after=2024-04-27 00:00:00+00:00
[2024-04-27T00:22:57.033+0000] {processor.py:183} INFO - Processing /home/airflow/.local/lib/python3.12/site-packages/airflow/example_dags/example_skip_dag.py took 0.077 seconds
[2024-04-27T00:23:27.693+0000] {processor.py:161} INFO - Started process (PID=13318) to work on /home/airflow/.local/lib/python3.12/site-packages/airflow/example_dags/example_skip_dag.py
[2024-04-27T00:23:27.697+0000] {processor.py:830} INFO - Processing file /home/airflow/.local/lib/python3.12/site-packages/airflow/example_dags/example_skip_dag.py for tasks to queue
[2024-04-27T00:23:27.700+0000] {logging_mixin.py:188} INFO - [2024-04-27T00:23:27.699+0000] {dagbag.py:540} INFO - Filling up the DagBag from /home/airflow/.local/lib/python3.12/site-packages/airflow/example_dags/example_skip_dag.py
[2024-04-27T00:23:27.717+0000] {processor.py:840} INFO - DAG(s) 'example_skip_dag' retrieved from /home/airflow/.local/lib/python3.12/site-packages/airflow/example_dags/example_skip_dag.py
[2024-04-27T00:23:27.741+0000] {logging_mixin.py:188} INFO - [2024-04-27T00:23:27.741+0000] {dag.py:3096} INFO - Sync 1 DAGs
[2024-04-27T00:23:27.765+0000] {logging_mixin.py:188} INFO - [2024-04-27T00:23:27.765+0000] {dag.py:3954} INFO - Setting next_dagrun for example_skip_dag to 2024-04-26 00:00:00+00:00, run_after=2024-04-27 00:00:00+00:00
[2024-04-27T00:23:27.786+0000] {processor.py:183} INFO - Processing /home/airflow/.local/lib/python3.12/site-packages/airflow/example_dags/example_skip_dag.py took 0.110 seconds
[2024-04-27T00:23:58.278+0000] {processor.py:161} INFO - Started process (PID=13379) to work on /home/airflow/.local/lib/python3.12/site-packages/airflow/example_dags/example_skip_dag.py
[2024-04-27T00:23:58.279+0000] {processor.py:830} INFO - Processing file /home/airflow/.local/lib/python3.12/site-packages/airflow/example_dags/example_skip_dag.py for tasks to queue
[2024-04-27T00:23:58.280+0000] {logging_mixin.py:188} INFO - [2024-04-27T00:23:58.280+0000] {dagbag.py:540} INFO - Filling up the DagBag from /home/airflow/.local/lib/python3.12/site-packages/airflow/example_dags/example_skip_dag.py
[2024-04-27T00:23:58.287+0000] {processor.py:840} INFO - DAG(s) 'example_skip_dag' retrieved from /home/airflow/.local/lib/python3.12/site-packages/airflow/example_dags/example_skip_dag.py
[2024-04-27T00:23:58.310+0000] {logging_mixin.py:188} INFO - [2024-04-27T00:23:58.309+0000] {dag.py:3096} INFO - Sync 1 DAGs
[2024-04-27T00:23:58.331+0000] {logging_mixin.py:188} INFO - [2024-04-27T00:23:58.330+0000] {dag.py:3954} INFO - Setting next_dagrun for example_skip_dag to 2024-04-26 00:00:00+00:00, run_after=2024-04-27 00:00:00+00:00
[2024-04-27T00:23:58.351+0000] {processor.py:183} INFO - Processing /home/airflow/.local/lib/python3.12/site-packages/airflow/example_dags/example_skip_dag.py took 0.079 seconds
[2024-04-27T00:24:29.010+0000] {processor.py:161} INFO - Started process (PID=13439) to work on /home/airflow/.local/lib/python3.12/site-packages/airflow/example_dags/example_skip_dag.py
[2024-04-27T00:24:29.023+0000] {processor.py:830} INFO - Processing file /home/airflow/.local/lib/python3.12/site-packages/airflow/example_dags/example_skip_dag.py for tasks to queue
[2024-04-27T00:24:29.040+0000] {logging_mixin.py:188} INFO - [2024-04-27T00:24:29.040+0000] {dagbag.py:540} INFO - Filling up the DagBag from /home/airflow/.local/lib/python3.12/site-packages/airflow/example_dags/example_skip_dag.py
[2024-04-27T00:24:29.057+0000] {processor.py:840} INFO - DAG(s) 'example_skip_dag' retrieved from /home/airflow/.local/lib/python3.12/site-packages/airflow/example_dags/example_skip_dag.py
[2024-04-27T00:24:29.092+0000] {logging_mixin.py:188} INFO - [2024-04-27T00:24:29.092+0000] {dag.py:3096} INFO - Sync 1 DAGs
[2024-04-27T00:24:29.124+0000] {logging_mixin.py:188} INFO - [2024-04-27T00:24:29.124+0000] {dag.py:3954} INFO - Setting next_dagrun for example_skip_dag to 2024-04-26 00:00:00+00:00, run_after=2024-04-27 00:00:00+00:00
[2024-04-27T00:24:29.145+0000] {processor.py:183} INFO - Processing /home/airflow/.local/lib/python3.12/site-packages/airflow/example_dags/example_skip_dag.py took 0.140 seconds
[2024-04-27T00:24:59.326+0000] {processor.py:161} INFO - Started process (PID=13499) to work on /home/airflow/.local/lib/python3.12/site-packages/airflow/example_dags/example_skip_dag.py
[2024-04-27T00:24:59.327+0000] {processor.py:830} INFO - Processing file /home/airflow/.local/lib/python3.12/site-packages/airflow/example_dags/example_skip_dag.py for tasks to queue
[2024-04-27T00:24:59.328+0000] {logging_mixin.py:188} INFO - [2024-04-27T00:24:59.328+0000] {dagbag.py:540} INFO - Filling up the DagBag from /home/airflow/.local/lib/python3.12/site-packages/airflow/example_dags/example_skip_dag.py
[2024-04-27T00:24:59.336+0000] {processor.py:840} INFO - DAG(s) 'example_skip_dag' retrieved from /home/airflow/.local/lib/python3.12/site-packages/airflow/example_dags/example_skip_dag.py
[2024-04-27T00:24:59.356+0000] {logging_mixin.py:188} INFO - [2024-04-27T00:24:59.356+0000] {dag.py:3096} INFO - Sync 1 DAGs
[2024-04-27T00:24:59.377+0000] {logging_mixin.py:188} INFO - [2024-04-27T00:24:59.376+0000] {dag.py:3954} INFO - Setting next_dagrun for example_skip_dag to 2024-04-26 00:00:00+00:00, run_after=2024-04-27 00:00:00+00:00
[2024-04-27T00:24:59.395+0000] {processor.py:183} INFO - Processing /home/airflow/.local/lib/python3.12/site-packages/airflow/example_dags/example_skip_dag.py took 0.073 seconds
