[2024-04-27T00:00:09.098+0000] {processor.py:161} INFO - Started process (PID=10574) to work on /home/airflow/.local/lib/python3.12/site-packages/airflow/example_dags/example_sensors.py
[2024-04-27T00:00:09.099+0000] {processor.py:830} INFO - Processing file /home/airflow/.local/lib/python3.12/site-packages/airflow/example_dags/example_sensors.py for tasks to queue
[2024-04-27T00:00:09.101+0000] {logging_mixin.py:188} INFO - [2024-04-27T00:00:09.100+0000] {dagbag.py:540} INFO - Filling up the DagBag from /home/airflow/.local/lib/python3.12/site-packages/airflow/example_dags/example_sensors.py
[2024-04-27T00:00:09.109+0000] {processor.py:840} INFO - DAG(s) 'example_sensors' retrieved from /home/airflow/.local/lib/python3.12/site-packages/airflow/example_dags/example_sensors.py
[2024-04-27T00:00:09.131+0000] {logging_mixin.py:188} INFO - [2024-04-27T00:00:09.131+0000] {dag.py:3096} INFO - Sync 1 DAGs
[2024-04-27T00:00:09.144+0000] {logging_mixin.py:188} INFO - [2024-04-27T00:00:09.144+0000] {dag.py:3954} INFO - Setting next_dagrun for example_sensors to None, run_after=None
[2024-04-27T00:00:09.171+0000] {processor.py:183} INFO - Processing /home/airflow/.local/lib/python3.12/site-packages/airflow/example_dags/example_sensors.py took 0.079 seconds
[2024-04-27T00:00:39.425+0000] {processor.py:161} INFO - Started process (PID=10635) to work on /home/airflow/.local/lib/python3.12/site-packages/airflow/example_dags/example_sensors.py
[2024-04-27T00:00:39.427+0000] {processor.py:830} INFO - Processing file /home/airflow/.local/lib/python3.12/site-packages/airflow/example_dags/example_sensors.py for tasks to queue
[2024-04-27T00:00:39.429+0000] {logging_mixin.py:188} INFO - [2024-04-27T00:00:39.429+0000] {dagbag.py:540} INFO - Filling up the DagBag from /home/airflow/.local/lib/python3.12/site-packages/airflow/example_dags/example_sensors.py
[2024-04-27T00:00:39.449+0000] {processor.py:840} INFO - DAG(s) 'example_sensors' retrieved from /home/airflow/.local/lib/python3.12/site-packages/airflow/example_dags/example_sensors.py
[2024-04-27T00:00:39.475+0000] {logging_mixin.py:188} INFO - [2024-04-27T00:00:39.475+0000] {dag.py:3096} INFO - Sync 1 DAGs
[2024-04-27T00:00:39.490+0000] {logging_mixin.py:188} INFO - [2024-04-27T00:00:39.489+0000] {dag.py:3954} INFO - Setting next_dagrun for example_sensors to None, run_after=None
[2024-04-27T00:00:39.517+0000] {processor.py:183} INFO - Processing /home/airflow/.local/lib/python3.12/site-packages/airflow/example_dags/example_sensors.py took 0.098 seconds
[2024-04-27T00:01:09.780+0000] {processor.py:161} INFO - Started process (PID=10696) to work on /home/airflow/.local/lib/python3.12/site-packages/airflow/example_dags/example_sensors.py
[2024-04-27T00:01:09.782+0000] {processor.py:830} INFO - Processing file /home/airflow/.local/lib/python3.12/site-packages/airflow/example_dags/example_sensors.py for tasks to queue
[2024-04-27T00:01:09.783+0000] {logging_mixin.py:188} INFO - [2024-04-27T00:01:09.783+0000] {dagbag.py:540} INFO - Filling up the DagBag from /home/airflow/.local/lib/python3.12/site-packages/airflow/example_dags/example_sensors.py
[2024-04-27T00:01:09.793+0000] {processor.py:840} INFO - DAG(s) 'example_sensors' retrieved from /home/airflow/.local/lib/python3.12/site-packages/airflow/example_dags/example_sensors.py
[2024-04-27T00:01:09.815+0000] {logging_mixin.py:188} INFO - [2024-04-27T00:01:09.815+0000] {dag.py:3096} INFO - Sync 1 DAGs
[2024-04-27T00:01:09.829+0000] {logging_mixin.py:188} INFO - [2024-04-27T00:01:09.828+0000] {dag.py:3954} INFO - Setting next_dagrun for example_sensors to None, run_after=None
[2024-04-27T00:01:09.847+0000] {processor.py:183} INFO - Processing /home/airflow/.local/lib/python3.12/site-packages/airflow/example_dags/example_sensors.py took 0.072 seconds
[2024-04-27T00:01:40.545+0000] {processor.py:161} INFO - Started process (PID=10757) to work on /home/airflow/.local/lib/python3.12/site-packages/airflow/example_dags/example_sensors.py
[2024-04-27T00:01:40.546+0000] {processor.py:830} INFO - Processing file /home/airflow/.local/lib/python3.12/site-packages/airflow/example_dags/example_sensors.py for tasks to queue
[2024-04-27T00:01:40.548+0000] {logging_mixin.py:188} INFO - [2024-04-27T00:01:40.548+0000] {dagbag.py:540} INFO - Filling up the DagBag from /home/airflow/.local/lib/python3.12/site-packages/airflow/example_dags/example_sensors.py
[2024-04-27T00:01:40.556+0000] {processor.py:840} INFO - DAG(s) 'example_sensors' retrieved from /home/airflow/.local/lib/python3.12/site-packages/airflow/example_dags/example_sensors.py
[2024-04-27T00:01:40.579+0000] {logging_mixin.py:188} INFO - [2024-04-27T00:01:40.579+0000] {dag.py:3096} INFO - Sync 1 DAGs
[2024-04-27T00:01:40.591+0000] {logging_mixin.py:188} INFO - [2024-04-27T00:01:40.591+0000] {dag.py:3954} INFO - Setting next_dagrun for example_sensors to None, run_after=None
[2024-04-27T00:01:40.733+0000] {processor.py:183} INFO - Processing /home/airflow/.local/lib/python3.12/site-packages/airflow/example_dags/example_sensors.py took 0.194 seconds
[2024-04-27T00:02:11.607+0000] {processor.py:161} INFO - Started process (PID=10818) to work on /home/airflow/.local/lib/python3.12/site-packages/airflow/example_dags/example_sensors.py
[2024-04-27T00:02:11.608+0000] {processor.py:830} INFO - Processing file /home/airflow/.local/lib/python3.12/site-packages/airflow/example_dags/example_sensors.py for tasks to queue
[2024-04-27T00:02:11.610+0000] {logging_mixin.py:188} INFO - [2024-04-27T00:02:11.609+0000] {dagbag.py:540} INFO - Filling up the DagBag from /home/airflow/.local/lib/python3.12/site-packages/airflow/example_dags/example_sensors.py
[2024-04-27T00:02:11.620+0000] {processor.py:840} INFO - DAG(s) 'example_sensors' retrieved from /home/airflow/.local/lib/python3.12/site-packages/airflow/example_dags/example_sensors.py
[2024-04-27T00:02:11.644+0000] {logging_mixin.py:188} INFO - [2024-04-27T00:02:11.644+0000] {dag.py:3096} INFO - Sync 1 DAGs
[2024-04-27T00:02:11.656+0000] {logging_mixin.py:188} INFO - [2024-04-27T00:02:11.656+0000] {dag.py:3954} INFO - Setting next_dagrun for example_sensors to None, run_after=None
[2024-04-27T00:02:11.680+0000] {processor.py:183} INFO - Processing /home/airflow/.local/lib/python3.12/site-packages/airflow/example_dags/example_sensors.py took 0.079 seconds
[2024-04-27T00:02:42.467+0000] {processor.py:161} INFO - Started process (PID=10879) to work on /home/airflow/.local/lib/python3.12/site-packages/airflow/example_dags/example_sensors.py
[2024-04-27T00:02:42.468+0000] {processor.py:830} INFO - Processing file /home/airflow/.local/lib/python3.12/site-packages/airflow/example_dags/example_sensors.py for tasks to queue
[2024-04-27T00:02:42.470+0000] {logging_mixin.py:188} INFO - [2024-04-27T00:02:42.470+0000] {dagbag.py:540} INFO - Filling up the DagBag from /home/airflow/.local/lib/python3.12/site-packages/airflow/example_dags/example_sensors.py
[2024-04-27T00:02:42.478+0000] {processor.py:840} INFO - DAG(s) 'example_sensors' retrieved from /home/airflow/.local/lib/python3.12/site-packages/airflow/example_dags/example_sensors.py
[2024-04-27T00:02:42.501+0000] {logging_mixin.py:188} INFO - [2024-04-27T00:02:42.500+0000] {dag.py:3096} INFO - Sync 1 DAGs
[2024-04-27T00:02:42.512+0000] {logging_mixin.py:188} INFO - [2024-04-27T00:02:42.511+0000] {dag.py:3954} INFO - Setting next_dagrun for example_sensors to None, run_after=None
[2024-04-27T00:02:42.532+0000] {processor.py:183} INFO - Processing /home/airflow/.local/lib/python3.12/site-packages/airflow/example_dags/example_sensors.py took 0.070 seconds
[2024-04-27T00:03:12.792+0000] {processor.py:161} INFO - Started process (PID=10940) to work on /home/airflow/.local/lib/python3.12/site-packages/airflow/example_dags/example_sensors.py
[2024-04-27T00:03:12.793+0000] {processor.py:830} INFO - Processing file /home/airflow/.local/lib/python3.12/site-packages/airflow/example_dags/example_sensors.py for tasks to queue
[2024-04-27T00:03:12.795+0000] {logging_mixin.py:188} INFO - [2024-04-27T00:03:12.795+0000] {dagbag.py:540} INFO - Filling up the DagBag from /home/airflow/.local/lib/python3.12/site-packages/airflow/example_dags/example_sensors.py
[2024-04-27T00:03:12.803+0000] {processor.py:840} INFO - DAG(s) 'example_sensors' retrieved from /home/airflow/.local/lib/python3.12/site-packages/airflow/example_dags/example_sensors.py
[2024-04-27T00:03:12.826+0000] {logging_mixin.py:188} INFO - [2024-04-27T00:03:12.826+0000] {dag.py:3096} INFO - Sync 1 DAGs
[2024-04-27T00:03:12.837+0000] {logging_mixin.py:188} INFO - [2024-04-27T00:03:12.836+0000] {dag.py:3954} INFO - Setting next_dagrun for example_sensors to None, run_after=None
[2024-04-27T00:03:12.855+0000] {processor.py:183} INFO - Processing /home/airflow/.local/lib/python3.12/site-packages/airflow/example_dags/example_sensors.py took 0.068 seconds
[2024-04-27T00:03:43.887+0000] {processor.py:161} INFO - Started process (PID=11001) to work on /home/airflow/.local/lib/python3.12/site-packages/airflow/example_dags/example_sensors.py
[2024-04-27T00:03:43.888+0000] {processor.py:830} INFO - Processing file /home/airflow/.local/lib/python3.12/site-packages/airflow/example_dags/example_sensors.py for tasks to queue
[2024-04-27T00:03:43.890+0000] {logging_mixin.py:188} INFO - [2024-04-27T00:03:43.889+0000] {dagbag.py:540} INFO - Filling up the DagBag from /home/airflow/.local/lib/python3.12/site-packages/airflow/example_dags/example_sensors.py
[2024-04-27T00:03:43.897+0000] {processor.py:840} INFO - DAG(s) 'example_sensors' retrieved from /home/airflow/.local/lib/python3.12/site-packages/airflow/example_dags/example_sensors.py
[2024-04-27T00:03:43.920+0000] {logging_mixin.py:188} INFO - [2024-04-27T00:03:43.920+0000] {dag.py:3096} INFO - Sync 1 DAGs
[2024-04-27T00:03:43.930+0000] {logging_mixin.py:188} INFO - [2024-04-27T00:03:43.930+0000] {dag.py:3954} INFO - Setting next_dagrun for example_sensors to None, run_after=None
[2024-04-27T00:03:43.949+0000] {processor.py:183} INFO - Processing /home/airflow/.local/lib/python3.12/site-packages/airflow/example_dags/example_sensors.py took 0.069 seconds
[2024-04-27T00:04:14.638+0000] {processor.py:161} INFO - Started process (PID=11061) to work on /home/airflow/.local/lib/python3.12/site-packages/airflow/example_dags/example_sensors.py
[2024-04-27T00:04:14.639+0000] {processor.py:830} INFO - Processing file /home/airflow/.local/lib/python3.12/site-packages/airflow/example_dags/example_sensors.py for tasks to queue
[2024-04-27T00:04:14.641+0000] {logging_mixin.py:188} INFO - [2024-04-27T00:04:14.641+0000] {dagbag.py:540} INFO - Filling up the DagBag from /home/airflow/.local/lib/python3.12/site-packages/airflow/example_dags/example_sensors.py
[2024-04-27T00:04:14.654+0000] {processor.py:840} INFO - DAG(s) 'example_sensors' retrieved from /home/airflow/.local/lib/python3.12/site-packages/airflow/example_dags/example_sensors.py
[2024-04-27T00:04:14.838+0000] {logging_mixin.py:188} INFO - [2024-04-27T00:04:14.838+0000] {dag.py:3096} INFO - Sync 1 DAGs
[2024-04-27T00:04:14.850+0000] {logging_mixin.py:188} INFO - [2024-04-27T00:04:14.850+0000] {dag.py:3954} INFO - Setting next_dagrun for example_sensors to None, run_after=None
[2024-04-27T00:04:14.872+0000] {processor.py:183} INFO - Processing /home/airflow/.local/lib/python3.12/site-packages/airflow/example_dags/example_sensors.py took 0.241 seconds
[2024-04-27T00:04:45.341+0000] {processor.py:161} INFO - Started process (PID=11121) to work on /home/airflow/.local/lib/python3.12/site-packages/airflow/example_dags/example_sensors.py
[2024-04-27T00:04:45.343+0000] {processor.py:830} INFO - Processing file /home/airflow/.local/lib/python3.12/site-packages/airflow/example_dags/example_sensors.py for tasks to queue
[2024-04-27T00:04:45.347+0000] {logging_mixin.py:188} INFO - [2024-04-27T00:04:45.346+0000] {dagbag.py:540} INFO - Filling up the DagBag from /home/airflow/.local/lib/python3.12/site-packages/airflow/example_dags/example_sensors.py
[2024-04-27T00:04:45.359+0000] {processor.py:840} INFO - DAG(s) 'example_sensors' retrieved from /home/airflow/.local/lib/python3.12/site-packages/airflow/example_dags/example_sensors.py
[2024-04-27T00:04:45.395+0000] {logging_mixin.py:188} INFO - [2024-04-27T00:04:45.394+0000] {dag.py:3096} INFO - Sync 1 DAGs
[2024-04-27T00:04:45.410+0000] {logging_mixin.py:188} INFO - [2024-04-27T00:04:45.410+0000] {dag.py:3954} INFO - Setting next_dagrun for example_sensors to None, run_after=None
[2024-04-27T00:04:45.445+0000] {processor.py:183} INFO - Processing /home/airflow/.local/lib/python3.12/site-packages/airflow/example_dags/example_sensors.py took 0.110 seconds
[2024-04-27T00:05:15.570+0000] {processor.py:161} INFO - Started process (PID=11181) to work on /home/airflow/.local/lib/python3.12/site-packages/airflow/example_dags/example_sensors.py
[2024-04-27T00:05:15.572+0000] {processor.py:830} INFO - Processing file /home/airflow/.local/lib/python3.12/site-packages/airflow/example_dags/example_sensors.py for tasks to queue
[2024-04-27T00:05:15.573+0000] {logging_mixin.py:188} INFO - [2024-04-27T00:05:15.573+0000] {dagbag.py:540} INFO - Filling up the DagBag from /home/airflow/.local/lib/python3.12/site-packages/airflow/example_dags/example_sensors.py
[2024-04-27T00:05:15.584+0000] {processor.py:840} INFO - DAG(s) 'example_sensors' retrieved from /home/airflow/.local/lib/python3.12/site-packages/airflow/example_dags/example_sensors.py
[2024-04-27T00:05:15.606+0000] {logging_mixin.py:188} INFO - [2024-04-27T00:05:15.606+0000] {dag.py:3096} INFO - Sync 1 DAGs
[2024-04-27T00:05:15.617+0000] {logging_mixin.py:188} INFO - [2024-04-27T00:05:15.617+0000] {dag.py:3954} INFO - Setting next_dagrun for example_sensors to None, run_after=None
[2024-04-27T00:05:15.632+0000] {processor.py:183} INFO - Processing /home/airflow/.local/lib/python3.12/site-packages/airflow/example_dags/example_sensors.py took 0.066 seconds
[2024-04-27T00:05:45.988+0000] {processor.py:161} INFO - Started process (PID=11241) to work on /home/airflow/.local/lib/python3.12/site-packages/airflow/example_dags/example_sensors.py
[2024-04-27T00:05:45.989+0000] {processor.py:830} INFO - Processing file /home/airflow/.local/lib/python3.12/site-packages/airflow/example_dags/example_sensors.py for tasks to queue
[2024-04-27T00:05:45.990+0000] {logging_mixin.py:188} INFO - [2024-04-27T00:05:45.990+0000] {dagbag.py:540} INFO - Filling up the DagBag from /home/airflow/.local/lib/python3.12/site-packages/airflow/example_dags/example_sensors.py
[2024-04-27T00:05:45.998+0000] {processor.py:840} INFO - DAG(s) 'example_sensors' retrieved from /home/airflow/.local/lib/python3.12/site-packages/airflow/example_dags/example_sensors.py
[2024-04-27T00:05:46.025+0000] {logging_mixin.py:188} INFO - [2024-04-27T00:05:46.024+0000] {dag.py:3096} INFO - Sync 1 DAGs
[2024-04-27T00:05:46.036+0000] {logging_mixin.py:188} INFO - [2024-04-27T00:05:46.036+0000] {dag.py:3954} INFO - Setting next_dagrun for example_sensors to None, run_after=None
[2024-04-27T00:05:46.060+0000] {processor.py:183} INFO - Processing /home/airflow/.local/lib/python3.12/site-packages/airflow/example_dags/example_sensors.py took 0.078 seconds
[2024-04-27T00:06:16.823+0000] {processor.py:161} INFO - Started process (PID=11301) to work on /home/airflow/.local/lib/python3.12/site-packages/airflow/example_dags/example_sensors.py
[2024-04-27T00:06:16.825+0000] {processor.py:830} INFO - Processing file /home/airflow/.local/lib/python3.12/site-packages/airflow/example_dags/example_sensors.py for tasks to queue
[2024-04-27T00:06:16.826+0000] {logging_mixin.py:188} INFO - [2024-04-27T00:06:16.826+0000] {dagbag.py:540} INFO - Filling up the DagBag from /home/airflow/.local/lib/python3.12/site-packages/airflow/example_dags/example_sensors.py
[2024-04-27T00:06:16.834+0000] {processor.py:840} INFO - DAG(s) 'example_sensors' retrieved from /home/airflow/.local/lib/python3.12/site-packages/airflow/example_dags/example_sensors.py
[2024-04-27T00:06:16.859+0000] {logging_mixin.py:188} INFO - [2024-04-27T00:06:16.858+0000] {dag.py:3096} INFO - Sync 1 DAGs
[2024-04-27T00:06:16.871+0000] {logging_mixin.py:188} INFO - [2024-04-27T00:06:16.870+0000] {dag.py:3954} INFO - Setting next_dagrun for example_sensors to None, run_after=None
[2024-04-27T00:06:16.889+0000] {processor.py:183} INFO - Processing /home/airflow/.local/lib/python3.12/site-packages/airflow/example_dags/example_sensors.py took 0.071 seconds
[2024-04-27T00:06:47.471+0000] {processor.py:161} INFO - Started process (PID=11361) to work on /home/airflow/.local/lib/python3.12/site-packages/airflow/example_dags/example_sensors.py
[2024-04-27T00:06:47.472+0000] {processor.py:830} INFO - Processing file /home/airflow/.local/lib/python3.12/site-packages/airflow/example_dags/example_sensors.py for tasks to queue
[2024-04-27T00:06:47.473+0000] {logging_mixin.py:188} INFO - [2024-04-27T00:06:47.473+0000] {dagbag.py:540} INFO - Filling up the DagBag from /home/airflow/.local/lib/python3.12/site-packages/airflow/example_dags/example_sensors.py
[2024-04-27T00:06:47.483+0000] {processor.py:840} INFO - DAG(s) 'example_sensors' retrieved from /home/airflow/.local/lib/python3.12/site-packages/airflow/example_dags/example_sensors.py
[2024-04-27T00:06:47.505+0000] {logging_mixin.py:188} INFO - [2024-04-27T00:06:47.505+0000] {dag.py:3096} INFO - Sync 1 DAGs
[2024-04-27T00:06:47.516+0000] {logging_mixin.py:188} INFO - [2024-04-27T00:06:47.515+0000] {dag.py:3954} INFO - Setting next_dagrun for example_sensors to None, run_after=None
[2024-04-27T00:06:47.533+0000] {processor.py:183} INFO - Processing /home/airflow/.local/lib/python3.12/site-packages/airflow/example_dags/example_sensors.py took 0.067 seconds
[2024-04-27T00:07:18.228+0000] {processor.py:161} INFO - Started process (PID=11421) to work on /home/airflow/.local/lib/python3.12/site-packages/airflow/example_dags/example_sensors.py
[2024-04-27T00:07:18.230+0000] {processor.py:830} INFO - Processing file /home/airflow/.local/lib/python3.12/site-packages/airflow/example_dags/example_sensors.py for tasks to queue
[2024-04-27T00:07:18.230+0000] {logging_mixin.py:188} INFO - [2024-04-27T00:07:18.230+0000] {dagbag.py:540} INFO - Filling up the DagBag from /home/airflow/.local/lib/python3.12/site-packages/airflow/example_dags/example_sensors.py
[2024-04-27T00:07:18.239+0000] {processor.py:840} INFO - DAG(s) 'example_sensors' retrieved from /home/airflow/.local/lib/python3.12/site-packages/airflow/example_dags/example_sensors.py
[2024-04-27T00:07:18.260+0000] {logging_mixin.py:188} INFO - [2024-04-27T00:07:18.259+0000] {dag.py:3096} INFO - Sync 1 DAGs
[2024-04-27T00:07:18.270+0000] {logging_mixin.py:188} INFO - [2024-04-27T00:07:18.269+0000] {dag.py:3954} INFO - Setting next_dagrun for example_sensors to None, run_after=None
[2024-04-27T00:07:18.290+0000] {processor.py:183} INFO - Processing /home/airflow/.local/lib/python3.12/site-packages/airflow/example_dags/example_sensors.py took 0.067 seconds
[2024-04-27T00:07:48.734+0000] {processor.py:161} INFO - Started process (PID=11481) to work on /home/airflow/.local/lib/python3.12/site-packages/airflow/example_dags/example_sensors.py
[2024-04-27T00:07:48.735+0000] {processor.py:830} INFO - Processing file /home/airflow/.local/lib/python3.12/site-packages/airflow/example_dags/example_sensors.py for tasks to queue
[2024-04-27T00:07:48.739+0000] {logging_mixin.py:188} INFO - [2024-04-27T00:07:48.738+0000] {dagbag.py:540} INFO - Filling up the DagBag from /home/airflow/.local/lib/python3.12/site-packages/airflow/example_dags/example_sensors.py
[2024-04-27T00:07:48.751+0000] {processor.py:840} INFO - DAG(s) 'example_sensors' retrieved from /home/airflow/.local/lib/python3.12/site-packages/airflow/example_dags/example_sensors.py
[2024-04-27T00:07:48.777+0000] {logging_mixin.py:188} INFO - [2024-04-27T00:07:48.776+0000] {dag.py:3096} INFO - Sync 1 DAGs
[2024-04-27T00:07:48.789+0000] {logging_mixin.py:188} INFO - [2024-04-27T00:07:48.789+0000] {dag.py:3954} INFO - Setting next_dagrun for example_sensors to None, run_after=None
[2024-04-27T00:07:48.813+0000] {processor.py:183} INFO - Processing /home/airflow/.local/lib/python3.12/site-packages/airflow/example_dags/example_sensors.py took 0.084 seconds
[2024-04-27T00:08:19.470+0000] {processor.py:161} INFO - Started process (PID=11541) to work on /home/airflow/.local/lib/python3.12/site-packages/airflow/example_dags/example_sensors.py
[2024-04-27T00:08:19.471+0000] {processor.py:830} INFO - Processing file /home/airflow/.local/lib/python3.12/site-packages/airflow/example_dags/example_sensors.py for tasks to queue
[2024-04-27T00:08:19.473+0000] {logging_mixin.py:188} INFO - [2024-04-27T00:08:19.472+0000] {dagbag.py:540} INFO - Filling up the DagBag from /home/airflow/.local/lib/python3.12/site-packages/airflow/example_dags/example_sensors.py
[2024-04-27T00:08:19.481+0000] {processor.py:840} INFO - DAG(s) 'example_sensors' retrieved from /home/airflow/.local/lib/python3.12/site-packages/airflow/example_dags/example_sensors.py
[2024-04-27T00:08:19.503+0000] {logging_mixin.py:188} INFO - [2024-04-27T00:08:19.502+0000] {dag.py:3096} INFO - Sync 1 DAGs
[2024-04-27T00:08:19.514+0000] {logging_mixin.py:188} INFO - [2024-04-27T00:08:19.514+0000] {dag.py:3954} INFO - Setting next_dagrun for example_sensors to None, run_after=None
[2024-04-27T00:08:19.532+0000] {processor.py:183} INFO - Processing /home/airflow/.local/lib/python3.12/site-packages/airflow/example_dags/example_sensors.py took 0.067 seconds
[2024-04-27T00:08:49.928+0000] {processor.py:161} INFO - Started process (PID=11601) to work on /home/airflow/.local/lib/python3.12/site-packages/airflow/example_dags/example_sensors.py
[2024-04-27T00:08:49.929+0000] {processor.py:830} INFO - Processing file /home/airflow/.local/lib/python3.12/site-packages/airflow/example_dags/example_sensors.py for tasks to queue
[2024-04-27T00:08:49.930+0000] {logging_mixin.py:188} INFO - [2024-04-27T00:08:49.930+0000] {dagbag.py:540} INFO - Filling up the DagBag from /home/airflow/.local/lib/python3.12/site-packages/airflow/example_dags/example_sensors.py
[2024-04-27T00:08:49.939+0000] {processor.py:840} INFO - DAG(s) 'example_sensors' retrieved from /home/airflow/.local/lib/python3.12/site-packages/airflow/example_dags/example_sensors.py
[2024-04-27T00:08:49.961+0000] {logging_mixin.py:188} INFO - [2024-04-27T00:08:49.960+0000] {dag.py:3096} INFO - Sync 1 DAGs
[2024-04-27T00:08:49.971+0000] {logging_mixin.py:188} INFO - [2024-04-27T00:08:49.971+0000] {dag.py:3954} INFO - Setting next_dagrun for example_sensors to None, run_after=None
[2024-04-27T00:08:49.993+0000] {processor.py:183} INFO - Processing /home/airflow/.local/lib/python3.12/site-packages/airflow/example_dags/example_sensors.py took 0.070 seconds
[2024-04-27T00:09:20.468+0000] {processor.py:161} INFO - Started process (PID=11661) to work on /home/airflow/.local/lib/python3.12/site-packages/airflow/example_dags/example_sensors.py
[2024-04-27T00:09:20.469+0000] {processor.py:830} INFO - Processing file /home/airflow/.local/lib/python3.12/site-packages/airflow/example_dags/example_sensors.py for tasks to queue
[2024-04-27T00:09:20.470+0000] {logging_mixin.py:188} INFO - [2024-04-27T00:09:20.470+0000] {dagbag.py:540} INFO - Filling up the DagBag from /home/airflow/.local/lib/python3.12/site-packages/airflow/example_dags/example_sensors.py
[2024-04-27T00:09:20.478+0000] {processor.py:840} INFO - DAG(s) 'example_sensors' retrieved from /home/airflow/.local/lib/python3.12/site-packages/airflow/example_dags/example_sensors.py
[2024-04-27T00:09:20.500+0000] {logging_mixin.py:188} INFO - [2024-04-27T00:09:20.500+0000] {dag.py:3096} INFO - Sync 1 DAGs
[2024-04-27T00:09:20.511+0000] {logging_mixin.py:188} INFO - [2024-04-27T00:09:20.510+0000] {dag.py:3954} INFO - Setting next_dagrun for example_sensors to None, run_after=None
[2024-04-27T00:09:20.527+0000] {processor.py:183} INFO - Processing /home/airflow/.local/lib/python3.12/site-packages/airflow/example_dags/example_sensors.py took 0.064 seconds
[2024-04-27T00:09:51.273+0000] {processor.py:161} INFO - Started process (PID=11721) to work on /home/airflow/.local/lib/python3.12/site-packages/airflow/example_dags/example_sensors.py
[2024-04-27T00:09:51.274+0000] {processor.py:830} INFO - Processing file /home/airflow/.local/lib/python3.12/site-packages/airflow/example_dags/example_sensors.py for tasks to queue
[2024-04-27T00:09:51.275+0000] {logging_mixin.py:188} INFO - [2024-04-27T00:09:51.274+0000] {dagbag.py:540} INFO - Filling up the DagBag from /home/airflow/.local/lib/python3.12/site-packages/airflow/example_dags/example_sensors.py
[2024-04-27T00:09:51.283+0000] {processor.py:840} INFO - DAG(s) 'example_sensors' retrieved from /home/airflow/.local/lib/python3.12/site-packages/airflow/example_dags/example_sensors.py
[2024-04-27T00:09:51.306+0000] {logging_mixin.py:188} INFO - [2024-04-27T00:09:51.306+0000] {dag.py:3096} INFO - Sync 1 DAGs
[2024-04-27T00:09:51.317+0000] {logging_mixin.py:188} INFO - [2024-04-27T00:09:51.317+0000] {dag.py:3954} INFO - Setting next_dagrun for example_sensors to None, run_after=None
[2024-04-27T00:09:51.334+0000] {processor.py:183} INFO - Processing /home/airflow/.local/lib/python3.12/site-packages/airflow/example_dags/example_sensors.py took 0.067 seconds
[2024-04-27T00:10:21.840+0000] {processor.py:161} INFO - Started process (PID=11787) to work on /home/airflow/.local/lib/python3.12/site-packages/airflow/example_dags/example_sensors.py
[2024-04-27T00:10:21.841+0000] {processor.py:830} INFO - Processing file /home/airflow/.local/lib/python3.12/site-packages/airflow/example_dags/example_sensors.py for tasks to queue
[2024-04-27T00:10:21.842+0000] {logging_mixin.py:188} INFO - [2024-04-27T00:10:21.842+0000] {dagbag.py:540} INFO - Filling up the DagBag from /home/airflow/.local/lib/python3.12/site-packages/airflow/example_dags/example_sensors.py
[2024-04-27T00:10:21.850+0000] {processor.py:840} INFO - DAG(s) 'example_sensors' retrieved from /home/airflow/.local/lib/python3.12/site-packages/airflow/example_dags/example_sensors.py
[2024-04-27T00:10:21.871+0000] {logging_mixin.py:188} INFO - [2024-04-27T00:10:21.871+0000] {dag.py:3096} INFO - Sync 1 DAGs
[2024-04-27T00:10:21.882+0000] {logging_mixin.py:188} INFO - [2024-04-27T00:10:21.881+0000] {dag.py:3954} INFO - Setting next_dagrun for example_sensors to None, run_after=None
[2024-04-27T00:10:21.910+0000] {processor.py:183} INFO - Processing /home/airflow/.local/lib/python3.12/site-packages/airflow/example_dags/example_sensors.py took 0.077 seconds
[2024-04-27T00:10:52.593+0000] {processor.py:161} INFO - Started process (PID=11847) to work on /home/airflow/.local/lib/python3.12/site-packages/airflow/example_dags/example_sensors.py
[2024-04-27T00:10:52.594+0000] {processor.py:830} INFO - Processing file /home/airflow/.local/lib/python3.12/site-packages/airflow/example_dags/example_sensors.py for tasks to queue
[2024-04-27T00:10:52.596+0000] {logging_mixin.py:188} INFO - [2024-04-27T00:10:52.595+0000] {dagbag.py:540} INFO - Filling up the DagBag from /home/airflow/.local/lib/python3.12/site-packages/airflow/example_dags/example_sensors.py
[2024-04-27T00:10:52.603+0000] {processor.py:840} INFO - DAG(s) 'example_sensors' retrieved from /home/airflow/.local/lib/python3.12/site-packages/airflow/example_dags/example_sensors.py
[2024-04-27T00:10:52.627+0000] {logging_mixin.py:188} INFO - [2024-04-27T00:10:52.627+0000] {dag.py:3096} INFO - Sync 1 DAGs
[2024-04-27T00:10:52.640+0000] {logging_mixin.py:188} INFO - [2024-04-27T00:10:52.640+0000] {dag.py:3954} INFO - Setting next_dagrun for example_sensors to None, run_after=None
[2024-04-27T00:10:52.668+0000] {processor.py:183} INFO - Processing /home/airflow/.local/lib/python3.12/site-packages/airflow/example_dags/example_sensors.py took 0.081 seconds
[2024-04-27T00:11:23.291+0000] {processor.py:161} INFO - Started process (PID=11908) to work on /home/airflow/.local/lib/python3.12/site-packages/airflow/example_dags/example_sensors.py
[2024-04-27T00:11:23.292+0000] {processor.py:830} INFO - Processing file /home/airflow/.local/lib/python3.12/site-packages/airflow/example_dags/example_sensors.py for tasks to queue
[2024-04-27T00:11:23.293+0000] {logging_mixin.py:188} INFO - [2024-04-27T00:11:23.293+0000] {dagbag.py:540} INFO - Filling up the DagBag from /home/airflow/.local/lib/python3.12/site-packages/airflow/example_dags/example_sensors.py
[2024-04-27T00:11:23.304+0000] {processor.py:840} INFO - DAG(s) 'example_sensors' retrieved from /home/airflow/.local/lib/python3.12/site-packages/airflow/example_dags/example_sensors.py
[2024-04-27T00:11:23.326+0000] {logging_mixin.py:188} INFO - [2024-04-27T00:11:23.326+0000] {dag.py:3096} INFO - Sync 1 DAGs
[2024-04-27T00:11:23.337+0000] {logging_mixin.py:188} INFO - [2024-04-27T00:11:23.337+0000] {dag.py:3954} INFO - Setting next_dagrun for example_sensors to None, run_after=None
[2024-04-27T00:11:23.360+0000] {processor.py:183} INFO - Processing /home/airflow/.local/lib/python3.12/site-packages/airflow/example_dags/example_sensors.py took 0.075 seconds
[2024-04-27T00:11:54.047+0000] {processor.py:161} INFO - Started process (PID=11968) to work on /home/airflow/.local/lib/python3.12/site-packages/airflow/example_dags/example_sensors.py
[2024-04-27T00:11:54.048+0000] {processor.py:830} INFO - Processing file /home/airflow/.local/lib/python3.12/site-packages/airflow/example_dags/example_sensors.py for tasks to queue
[2024-04-27T00:11:54.050+0000] {logging_mixin.py:188} INFO - [2024-04-27T00:11:54.049+0000] {dagbag.py:540} INFO - Filling up the DagBag from /home/airflow/.local/lib/python3.12/site-packages/airflow/example_dags/example_sensors.py
[2024-04-27T00:11:54.061+0000] {processor.py:840} INFO - DAG(s) 'example_sensors' retrieved from /home/airflow/.local/lib/python3.12/site-packages/airflow/example_dags/example_sensors.py
[2024-04-27T00:11:54.084+0000] {logging_mixin.py:188} INFO - [2024-04-27T00:11:54.083+0000] {dag.py:3096} INFO - Sync 1 DAGs
[2024-04-27T00:11:54.096+0000] {logging_mixin.py:188} INFO - [2024-04-27T00:11:54.096+0000] {dag.py:3954} INFO - Setting next_dagrun for example_sensors to None, run_after=None
[2024-04-27T00:11:54.117+0000] {processor.py:183} INFO - Processing /home/airflow/.local/lib/python3.12/site-packages/airflow/example_dags/example_sensors.py took 0.078 seconds
[2024-04-27T00:12:24.737+0000] {processor.py:161} INFO - Started process (PID=12028) to work on /home/airflow/.local/lib/python3.12/site-packages/airflow/example_dags/example_sensors.py
[2024-04-27T00:12:24.739+0000] {processor.py:830} INFO - Processing file /home/airflow/.local/lib/python3.12/site-packages/airflow/example_dags/example_sensors.py for tasks to queue
[2024-04-27T00:12:24.740+0000] {logging_mixin.py:188} INFO - [2024-04-27T00:12:24.740+0000] {dagbag.py:540} INFO - Filling up the DagBag from /home/airflow/.local/lib/python3.12/site-packages/airflow/example_dags/example_sensors.py
[2024-04-27T00:12:24.748+0000] {processor.py:840} INFO - DAG(s) 'example_sensors' retrieved from /home/airflow/.local/lib/python3.12/site-packages/airflow/example_dags/example_sensors.py
[2024-04-27T00:12:24.780+0000] {logging_mixin.py:188} INFO - [2024-04-27T00:12:24.780+0000] {dag.py:3096} INFO - Sync 1 DAGs
[2024-04-27T00:12:24.796+0000] {logging_mixin.py:188} INFO - [2024-04-27T00:12:24.796+0000] {dag.py:3954} INFO - Setting next_dagrun for example_sensors to None, run_after=None
[2024-04-27T00:12:24.829+0000] {processor.py:183} INFO - Processing /home/airflow/.local/lib/python3.12/site-packages/airflow/example_dags/example_sensors.py took 0.100 seconds
[2024-04-27T00:12:56.334+0000] {processor.py:161} INFO - Started process (PID=12088) to work on /home/airflow/.local/lib/python3.12/site-packages/airflow/example_dags/example_sensors.py
[2024-04-27T00:12:56.336+0000] {processor.py:830} INFO - Processing file /home/airflow/.local/lib/python3.12/site-packages/airflow/example_dags/example_sensors.py for tasks to queue
[2024-04-27T00:12:56.337+0000] {logging_mixin.py:188} INFO - [2024-04-27T00:12:56.337+0000] {dagbag.py:540} INFO - Filling up the DagBag from /home/airflow/.local/lib/python3.12/site-packages/airflow/example_dags/example_sensors.py
[2024-04-27T00:12:56.350+0000] {processor.py:840} INFO - DAG(s) 'example_sensors' retrieved from /home/airflow/.local/lib/python3.12/site-packages/airflow/example_dags/example_sensors.py
[2024-04-27T00:12:56.379+0000] {logging_mixin.py:188} INFO - [2024-04-27T00:12:56.379+0000] {dag.py:3096} INFO - Sync 1 DAGs
[2024-04-27T00:12:56.392+0000] {logging_mixin.py:188} INFO - [2024-04-27T00:12:56.392+0000] {dag.py:3954} INFO - Setting next_dagrun for example_sensors to None, run_after=None
[2024-04-27T00:12:56.420+0000] {processor.py:183} INFO - Processing /home/airflow/.local/lib/python3.12/site-packages/airflow/example_dags/example_sensors.py took 0.094 seconds
[2024-04-27T00:13:26.927+0000] {processor.py:161} INFO - Started process (PID=12148) to work on /home/airflow/.local/lib/python3.12/site-packages/airflow/example_dags/example_sensors.py
[2024-04-27T00:13:26.928+0000] {processor.py:830} INFO - Processing file /home/airflow/.local/lib/python3.12/site-packages/airflow/example_dags/example_sensors.py for tasks to queue
[2024-04-27T00:13:26.929+0000] {logging_mixin.py:188} INFO - [2024-04-27T00:13:26.929+0000] {dagbag.py:540} INFO - Filling up the DagBag from /home/airflow/.local/lib/python3.12/site-packages/airflow/example_dags/example_sensors.py
[2024-04-27T00:13:26.938+0000] {processor.py:840} INFO - DAG(s) 'example_sensors' retrieved from /home/airflow/.local/lib/python3.12/site-packages/airflow/example_dags/example_sensors.py
[2024-04-27T00:13:26.959+0000] {logging_mixin.py:188} INFO - [2024-04-27T00:13:26.959+0000] {dag.py:3096} INFO - Sync 1 DAGs
[2024-04-27T00:13:26.971+0000] {logging_mixin.py:188} INFO - [2024-04-27T00:13:26.970+0000] {dag.py:3954} INFO - Setting next_dagrun for example_sensors to None, run_after=None
[2024-04-27T00:13:26.988+0000] {processor.py:183} INFO - Processing /home/airflow/.local/lib/python3.12/site-packages/airflow/example_dags/example_sensors.py took 0.066 seconds
[2024-04-27T00:13:57.299+0000] {processor.py:161} INFO - Started process (PID=12208) to work on /home/airflow/.local/lib/python3.12/site-packages/airflow/example_dags/example_sensors.py
[2024-04-27T00:13:57.300+0000] {processor.py:830} INFO - Processing file /home/airflow/.local/lib/python3.12/site-packages/airflow/example_dags/example_sensors.py for tasks to queue
[2024-04-27T00:13:57.301+0000] {logging_mixin.py:188} INFO - [2024-04-27T00:13:57.301+0000] {dagbag.py:540} INFO - Filling up the DagBag from /home/airflow/.local/lib/python3.12/site-packages/airflow/example_dags/example_sensors.py
[2024-04-27T00:13:57.310+0000] {processor.py:840} INFO - DAG(s) 'example_sensors' retrieved from /home/airflow/.local/lib/python3.12/site-packages/airflow/example_dags/example_sensors.py
[2024-04-27T00:13:57.332+0000] {logging_mixin.py:188} INFO - [2024-04-27T00:13:57.331+0000] {dag.py:3096} INFO - Sync 1 DAGs
[2024-04-27T00:13:57.345+0000] {logging_mixin.py:188} INFO - [2024-04-27T00:13:57.344+0000] {dag.py:3954} INFO - Setting next_dagrun for example_sensors to None, run_after=None
[2024-04-27T00:13:57.363+0000] {processor.py:183} INFO - Processing /home/airflow/.local/lib/python3.12/site-packages/airflow/example_dags/example_sensors.py took 0.070 seconds
[2024-04-27T00:14:28.356+0000] {processor.py:161} INFO - Started process (PID=12268) to work on /home/airflow/.local/lib/python3.12/site-packages/airflow/example_dags/example_sensors.py
[2024-04-27T00:14:28.357+0000] {processor.py:830} INFO - Processing file /home/airflow/.local/lib/python3.12/site-packages/airflow/example_dags/example_sensors.py for tasks to queue
[2024-04-27T00:14:28.359+0000] {logging_mixin.py:188} INFO - [2024-04-27T00:14:28.358+0000] {dagbag.py:540} INFO - Filling up the DagBag from /home/airflow/.local/lib/python3.12/site-packages/airflow/example_dags/example_sensors.py
[2024-04-27T00:14:28.369+0000] {processor.py:840} INFO - DAG(s) 'example_sensors' retrieved from /home/airflow/.local/lib/python3.12/site-packages/airflow/example_dags/example_sensors.py
[2024-04-27T00:14:28.405+0000] {logging_mixin.py:188} INFO - [2024-04-27T00:14:28.405+0000] {dag.py:3096} INFO - Sync 1 DAGs
[2024-04-27T00:14:28.420+0000] {logging_mixin.py:188} INFO - [2024-04-27T00:14:28.419+0000] {dag.py:3954} INFO - Setting next_dagrun for example_sensors to None, run_after=None
[2024-04-27T00:14:28.440+0000] {processor.py:183} INFO - Processing /home/airflow/.local/lib/python3.12/site-packages/airflow/example_dags/example_sensors.py took 0.090 seconds
[2024-04-27T00:14:58.966+0000] {processor.py:161} INFO - Started process (PID=12328) to work on /home/airflow/.local/lib/python3.12/site-packages/airflow/example_dags/example_sensors.py
[2024-04-27T00:14:58.967+0000] {processor.py:830} INFO - Processing file /home/airflow/.local/lib/python3.12/site-packages/airflow/example_dags/example_sensors.py for tasks to queue
[2024-04-27T00:14:58.969+0000] {logging_mixin.py:188} INFO - [2024-04-27T00:14:58.968+0000] {dagbag.py:540} INFO - Filling up the DagBag from /home/airflow/.local/lib/python3.12/site-packages/airflow/example_dags/example_sensors.py
[2024-04-27T00:14:58.977+0000] {processor.py:840} INFO - DAG(s) 'example_sensors' retrieved from /home/airflow/.local/lib/python3.12/site-packages/airflow/example_dags/example_sensors.py
[2024-04-27T00:14:59.004+0000] {logging_mixin.py:188} INFO - [2024-04-27T00:14:59.004+0000] {dag.py:3096} INFO - Sync 1 DAGs
[2024-04-27T00:14:59.016+0000] {logging_mixin.py:188} INFO - [2024-04-27T00:14:59.016+0000] {dag.py:3954} INFO - Setting next_dagrun for example_sensors to None, run_after=None
[2024-04-27T00:14:59.036+0000] {processor.py:183} INFO - Processing /home/airflow/.local/lib/python3.12/site-packages/airflow/example_dags/example_sensors.py took 0.079 seconds
[2024-04-27T00:15:29.576+0000] {processor.py:161} INFO - Started process (PID=12388) to work on /home/airflow/.local/lib/python3.12/site-packages/airflow/example_dags/example_sensors.py
[2024-04-27T00:15:29.578+0000] {processor.py:830} INFO - Processing file /home/airflow/.local/lib/python3.12/site-packages/airflow/example_dags/example_sensors.py for tasks to queue
[2024-04-27T00:15:29.580+0000] {logging_mixin.py:188} INFO - [2024-04-27T00:15:29.579+0000] {dagbag.py:540} INFO - Filling up the DagBag from /home/airflow/.local/lib/python3.12/site-packages/airflow/example_dags/example_sensors.py
[2024-04-27T00:15:29.589+0000] {processor.py:840} INFO - DAG(s) 'example_sensors' retrieved from /home/airflow/.local/lib/python3.12/site-packages/airflow/example_dags/example_sensors.py
[2024-04-27T00:15:29.614+0000] {logging_mixin.py:188} INFO - [2024-04-27T00:15:29.614+0000] {dag.py:3096} INFO - Sync 1 DAGs
[2024-04-27T00:15:29.625+0000] {logging_mixin.py:188} INFO - [2024-04-27T00:15:29.625+0000] {dag.py:3954} INFO - Setting next_dagrun for example_sensors to None, run_after=None
[2024-04-27T00:15:29.643+0000] {processor.py:183} INFO - Processing /home/airflow/.local/lib/python3.12/site-packages/airflow/example_dags/example_sensors.py took 0.074 seconds
[2024-04-27T00:16:00.078+0000] {processor.py:161} INFO - Started process (PID=12448) to work on /home/airflow/.local/lib/python3.12/site-packages/airflow/example_dags/example_sensors.py
[2024-04-27T00:16:00.079+0000] {processor.py:830} INFO - Processing file /home/airflow/.local/lib/python3.12/site-packages/airflow/example_dags/example_sensors.py for tasks to queue
[2024-04-27T00:16:00.080+0000] {logging_mixin.py:188} INFO - [2024-04-27T00:16:00.080+0000] {dagbag.py:540} INFO - Filling up the DagBag from /home/airflow/.local/lib/python3.12/site-packages/airflow/example_dags/example_sensors.py
[2024-04-27T00:16:00.090+0000] {processor.py:840} INFO - DAG(s) 'example_sensors' retrieved from /home/airflow/.local/lib/python3.12/site-packages/airflow/example_dags/example_sensors.py
[2024-04-27T00:16:00.114+0000] {logging_mixin.py:188} INFO - [2024-04-27T00:16:00.113+0000] {dag.py:3096} INFO - Sync 1 DAGs
[2024-04-27T00:16:00.124+0000] {logging_mixin.py:188} INFO - [2024-04-27T00:16:00.124+0000] {dag.py:3954} INFO - Setting next_dagrun for example_sensors to None, run_after=None
[2024-04-27T00:16:00.144+0000] {processor.py:183} INFO - Processing /home/airflow/.local/lib/python3.12/site-packages/airflow/example_dags/example_sensors.py took 0.073 seconds
[2024-04-27T00:16:30.495+0000] {processor.py:161} INFO - Started process (PID=12508) to work on /home/airflow/.local/lib/python3.12/site-packages/airflow/example_dags/example_sensors.py
[2024-04-27T00:16:30.496+0000] {processor.py:830} INFO - Processing file /home/airflow/.local/lib/python3.12/site-packages/airflow/example_dags/example_sensors.py for tasks to queue
[2024-04-27T00:16:30.498+0000] {logging_mixin.py:188} INFO - [2024-04-27T00:16:30.497+0000] {dagbag.py:540} INFO - Filling up the DagBag from /home/airflow/.local/lib/python3.12/site-packages/airflow/example_dags/example_sensors.py
[2024-04-27T00:16:30.510+0000] {processor.py:840} INFO - DAG(s) 'example_sensors' retrieved from /home/airflow/.local/lib/python3.12/site-packages/airflow/example_dags/example_sensors.py
[2024-04-27T00:16:30.536+0000] {logging_mixin.py:188} INFO - [2024-04-27T00:16:30.535+0000] {dag.py:3096} INFO - Sync 1 DAGs
[2024-04-27T00:16:30.555+0000] {logging_mixin.py:188} INFO - [2024-04-27T00:16:30.554+0000] {dag.py:3954} INFO - Setting next_dagrun for example_sensors to None, run_after=None
[2024-04-27T00:16:30.580+0000] {processor.py:183} INFO - Processing /home/airflow/.local/lib/python3.12/site-packages/airflow/example_dags/example_sensors.py took 0.089 seconds
[2024-04-27T00:17:00.688+0000] {processor.py:161} INFO - Started process (PID=12568) to work on /home/airflow/.local/lib/python3.12/site-packages/airflow/example_dags/example_sensors.py
[2024-04-27T00:17:00.689+0000] {processor.py:830} INFO - Processing file /home/airflow/.local/lib/python3.12/site-packages/airflow/example_dags/example_sensors.py for tasks to queue
[2024-04-27T00:17:00.691+0000] {logging_mixin.py:188} INFO - [2024-04-27T00:17:00.690+0000] {dagbag.py:540} INFO - Filling up the DagBag from /home/airflow/.local/lib/python3.12/site-packages/airflow/example_dags/example_sensors.py
[2024-04-27T00:17:00.700+0000] {processor.py:840} INFO - DAG(s) 'example_sensors' retrieved from /home/airflow/.local/lib/python3.12/site-packages/airflow/example_dags/example_sensors.py
[2024-04-27T00:17:00.722+0000] {logging_mixin.py:188} INFO - [2024-04-27T00:17:00.721+0000] {dag.py:3096} INFO - Sync 1 DAGs
[2024-04-27T00:17:00.734+0000] {logging_mixin.py:188} INFO - [2024-04-27T00:17:00.733+0000] {dag.py:3954} INFO - Setting next_dagrun for example_sensors to None, run_after=None
[2024-04-27T00:17:00.752+0000] {processor.py:183} INFO - Processing /home/airflow/.local/lib/python3.12/site-packages/airflow/example_dags/example_sensors.py took 0.070 seconds
[2024-04-27T00:17:30.893+0000] {processor.py:161} INFO - Started process (PID=12628) to work on /home/airflow/.local/lib/python3.12/site-packages/airflow/example_dags/example_sensors.py
[2024-04-27T00:17:30.895+0000] {processor.py:830} INFO - Processing file /home/airflow/.local/lib/python3.12/site-packages/airflow/example_dags/example_sensors.py for tasks to queue
[2024-04-27T00:17:30.896+0000] {logging_mixin.py:188} INFO - [2024-04-27T00:17:30.895+0000] {dagbag.py:540} INFO - Filling up the DagBag from /home/airflow/.local/lib/python3.12/site-packages/airflow/example_dags/example_sensors.py
[2024-04-27T00:17:30.906+0000] {processor.py:840} INFO - DAG(s) 'example_sensors' retrieved from /home/airflow/.local/lib/python3.12/site-packages/airflow/example_dags/example_sensors.py
[2024-04-27T00:17:30.930+0000] {logging_mixin.py:188} INFO - [2024-04-27T00:17:30.930+0000] {dag.py:3096} INFO - Sync 1 DAGs
[2024-04-27T00:17:30.941+0000] {logging_mixin.py:188} INFO - [2024-04-27T00:17:30.941+0000] {dag.py:3954} INFO - Setting next_dagrun for example_sensors to None, run_after=None
[2024-04-27T00:17:30.959+0000] {processor.py:183} INFO - Processing /home/airflow/.local/lib/python3.12/site-packages/airflow/example_dags/example_sensors.py took 0.071 seconds
[2024-04-27T00:18:01.946+0000] {processor.py:161} INFO - Started process (PID=12688) to work on /home/airflow/.local/lib/python3.12/site-packages/airflow/example_dags/example_sensors.py
[2024-04-27T00:18:01.947+0000] {processor.py:830} INFO - Processing file /home/airflow/.local/lib/python3.12/site-packages/airflow/example_dags/example_sensors.py for tasks to queue
[2024-04-27T00:18:01.948+0000] {logging_mixin.py:188} INFO - [2024-04-27T00:18:01.947+0000] {dagbag.py:540} INFO - Filling up the DagBag from /home/airflow/.local/lib/python3.12/site-packages/airflow/example_dags/example_sensors.py
[2024-04-27T00:18:01.957+0000] {processor.py:840} INFO - DAG(s) 'example_sensors' retrieved from /home/airflow/.local/lib/python3.12/site-packages/airflow/example_dags/example_sensors.py
[2024-04-27T00:18:01.978+0000] {logging_mixin.py:188} INFO - [2024-04-27T00:18:01.978+0000] {dag.py:3096} INFO - Sync 1 DAGs
[2024-04-27T00:18:01.995+0000] {logging_mixin.py:188} INFO - [2024-04-27T00:18:01.994+0000] {dag.py:3954} INFO - Setting next_dagrun for example_sensors to None, run_after=None
[2024-04-27T00:18:02.014+0000] {processor.py:183} INFO - Processing /home/airflow/.local/lib/python3.12/site-packages/airflow/example_dags/example_sensors.py took 0.074 seconds
[2024-04-27T00:18:32.310+0000] {processor.py:161} INFO - Started process (PID=12748) to work on /home/airflow/.local/lib/python3.12/site-packages/airflow/example_dags/example_sensors.py
[2024-04-27T00:18:32.311+0000] {processor.py:830} INFO - Processing file /home/airflow/.local/lib/python3.12/site-packages/airflow/example_dags/example_sensors.py for tasks to queue
[2024-04-27T00:18:32.313+0000] {logging_mixin.py:188} INFO - [2024-04-27T00:18:32.313+0000] {dagbag.py:540} INFO - Filling up the DagBag from /home/airflow/.local/lib/python3.12/site-packages/airflow/example_dags/example_sensors.py
[2024-04-27T00:18:32.322+0000] {processor.py:840} INFO - DAG(s) 'example_sensors' retrieved from /home/airflow/.local/lib/python3.12/site-packages/airflow/example_dags/example_sensors.py
[2024-04-27T00:18:32.344+0000] {logging_mixin.py:188} INFO - [2024-04-27T00:18:32.344+0000] {dag.py:3096} INFO - Sync 1 DAGs
[2024-04-27T00:18:32.355+0000] {logging_mixin.py:188} INFO - [2024-04-27T00:18:32.355+0000] {dag.py:3954} INFO - Setting next_dagrun for example_sensors to None, run_after=None
[2024-04-27T00:18:32.374+0000] {processor.py:183} INFO - Processing /home/airflow/.local/lib/python3.12/site-packages/airflow/example_dags/example_sensors.py took 0.070 seconds
[2024-04-27T00:19:02.505+0000] {processor.py:161} INFO - Started process (PID=12808) to work on /home/airflow/.local/lib/python3.12/site-packages/airflow/example_dags/example_sensors.py
[2024-04-27T00:19:02.506+0000] {processor.py:830} INFO - Processing file /home/airflow/.local/lib/python3.12/site-packages/airflow/example_dags/example_sensors.py for tasks to queue
[2024-04-27T00:19:02.507+0000] {logging_mixin.py:188} INFO - [2024-04-27T00:19:02.507+0000] {dagbag.py:540} INFO - Filling up the DagBag from /home/airflow/.local/lib/python3.12/site-packages/airflow/example_dags/example_sensors.py
[2024-04-27T00:19:02.516+0000] {processor.py:840} INFO - DAG(s) 'example_sensors' retrieved from /home/airflow/.local/lib/python3.12/site-packages/airflow/example_dags/example_sensors.py
[2024-04-27T00:19:02.538+0000] {logging_mixin.py:188} INFO - [2024-04-27T00:19:02.538+0000] {dag.py:3096} INFO - Sync 1 DAGs
[2024-04-27T00:19:02.549+0000] {logging_mixin.py:188} INFO - [2024-04-27T00:19:02.549+0000] {dag.py:3954} INFO - Setting next_dagrun for example_sensors to None, run_after=None
[2024-04-27T00:19:02.568+0000] {processor.py:183} INFO - Processing /home/airflow/.local/lib/python3.12/site-packages/airflow/example_dags/example_sensors.py took 0.068 seconds
[2024-04-27T00:19:33.206+0000] {processor.py:161} INFO - Started process (PID=12868) to work on /home/airflow/.local/lib/python3.12/site-packages/airflow/example_dags/example_sensors.py
[2024-04-27T00:19:33.207+0000] {processor.py:830} INFO - Processing file /home/airflow/.local/lib/python3.12/site-packages/airflow/example_dags/example_sensors.py for tasks to queue
[2024-04-27T00:19:33.208+0000] {logging_mixin.py:188} INFO - [2024-04-27T00:19:33.208+0000] {dagbag.py:540} INFO - Filling up the DagBag from /home/airflow/.local/lib/python3.12/site-packages/airflow/example_dags/example_sensors.py
[2024-04-27T00:19:33.217+0000] {processor.py:840} INFO - DAG(s) 'example_sensors' retrieved from /home/airflow/.local/lib/python3.12/site-packages/airflow/example_dags/example_sensors.py
[2024-04-27T00:19:33.240+0000] {logging_mixin.py:188} INFO - [2024-04-27T00:19:33.240+0000] {dag.py:3096} INFO - Sync 1 DAGs
[2024-04-27T00:19:33.252+0000] {logging_mixin.py:188} INFO - [2024-04-27T00:19:33.252+0000] {dag.py:3954} INFO - Setting next_dagrun for example_sensors to None, run_after=None
[2024-04-27T00:19:33.270+0000] {processor.py:183} INFO - Processing /home/airflow/.local/lib/python3.12/site-packages/airflow/example_dags/example_sensors.py took 0.070 seconds
[2024-04-27T00:20:03.849+0000] {processor.py:161} INFO - Started process (PID=12928) to work on /home/airflow/.local/lib/python3.12/site-packages/airflow/example_dags/example_sensors.py
[2024-04-27T00:20:03.850+0000] {processor.py:830} INFO - Processing file /home/airflow/.local/lib/python3.12/site-packages/airflow/example_dags/example_sensors.py for tasks to queue
[2024-04-27T00:20:03.851+0000] {logging_mixin.py:188} INFO - [2024-04-27T00:20:03.851+0000] {dagbag.py:540} INFO - Filling up the DagBag from /home/airflow/.local/lib/python3.12/site-packages/airflow/example_dags/example_sensors.py
[2024-04-27T00:20:03.862+0000] {processor.py:840} INFO - DAG(s) 'example_sensors' retrieved from /home/airflow/.local/lib/python3.12/site-packages/airflow/example_dags/example_sensors.py
[2024-04-27T00:20:03.885+0000] {logging_mixin.py:188} INFO - [2024-04-27T00:20:03.884+0000] {dag.py:3096} INFO - Sync 1 DAGs
[2024-04-27T00:20:03.896+0000] {logging_mixin.py:188} INFO - [2024-04-27T00:20:03.896+0000] {dag.py:3954} INFO - Setting next_dagrun for example_sensors to None, run_after=None
[2024-04-27T00:20:03.913+0000] {processor.py:183} INFO - Processing /home/airflow/.local/lib/python3.12/site-packages/airflow/example_dags/example_sensors.py took 0.071 seconds
[2024-04-27T00:20:34.371+0000] {processor.py:161} INFO - Started process (PID=12987) to work on /home/airflow/.local/lib/python3.12/site-packages/airflow/example_dags/example_sensors.py
[2024-04-27T00:20:34.372+0000] {processor.py:830} INFO - Processing file /home/airflow/.local/lib/python3.12/site-packages/airflow/example_dags/example_sensors.py for tasks to queue
[2024-04-27T00:20:34.374+0000] {logging_mixin.py:188} INFO - [2024-04-27T00:20:34.373+0000] {dagbag.py:540} INFO - Filling up the DagBag from /home/airflow/.local/lib/python3.12/site-packages/airflow/example_dags/example_sensors.py
[2024-04-27T00:20:34.383+0000] {processor.py:840} INFO - DAG(s) 'example_sensors' retrieved from /home/airflow/.local/lib/python3.12/site-packages/airflow/example_dags/example_sensors.py
[2024-04-27T00:20:34.410+0000] {logging_mixin.py:188} INFO - [2024-04-27T00:20:34.409+0000] {dag.py:3096} INFO - Sync 1 DAGs
[2024-04-27T00:20:34.421+0000] {logging_mixin.py:188} INFO - [2024-04-27T00:20:34.421+0000] {dag.py:3954} INFO - Setting next_dagrun for example_sensors to None, run_after=None
[2024-04-27T00:20:34.441+0000] {processor.py:183} INFO - Processing /home/airflow/.local/lib/python3.12/site-packages/airflow/example_dags/example_sensors.py took 0.078 seconds
[2024-04-27T00:21:04.979+0000] {processor.py:161} INFO - Started process (PID=13047) to work on /home/airflow/.local/lib/python3.12/site-packages/airflow/example_dags/example_sensors.py
[2024-04-27T00:21:04.981+0000] {processor.py:830} INFO - Processing file /home/airflow/.local/lib/python3.12/site-packages/airflow/example_dags/example_sensors.py for tasks to queue
[2024-04-27T00:21:04.983+0000] {logging_mixin.py:188} INFO - [2024-04-27T00:21:04.982+0000] {dagbag.py:540} INFO - Filling up the DagBag from /home/airflow/.local/lib/python3.12/site-packages/airflow/example_dags/example_sensors.py
[2024-04-27T00:21:04.993+0000] {processor.py:840} INFO - DAG(s) 'example_sensors' retrieved from /home/airflow/.local/lib/python3.12/site-packages/airflow/example_dags/example_sensors.py
[2024-04-27T00:21:05.016+0000] {logging_mixin.py:188} INFO - [2024-04-27T00:21:05.016+0000] {dag.py:3096} INFO - Sync 1 DAGs
[2024-04-27T00:21:05.028+0000] {logging_mixin.py:188} INFO - [2024-04-27T00:21:05.027+0000] {dag.py:3954} INFO - Setting next_dagrun for example_sensors to None, run_after=None
[2024-04-27T00:21:05.049+0000] {processor.py:183} INFO - Processing /home/airflow/.local/lib/python3.12/site-packages/airflow/example_dags/example_sensors.py took 0.075 seconds
[2024-04-27T00:21:35.192+0000] {processor.py:161} INFO - Started process (PID=13107) to work on /home/airflow/.local/lib/python3.12/site-packages/airflow/example_dags/example_sensors.py
[2024-04-27T00:21:35.194+0000] {processor.py:830} INFO - Processing file /home/airflow/.local/lib/python3.12/site-packages/airflow/example_dags/example_sensors.py for tasks to queue
[2024-04-27T00:21:35.195+0000] {logging_mixin.py:188} INFO - [2024-04-27T00:21:35.195+0000] {dagbag.py:540} INFO - Filling up the DagBag from /home/airflow/.local/lib/python3.12/site-packages/airflow/example_dags/example_sensors.py
[2024-04-27T00:21:35.203+0000] {processor.py:840} INFO - DAG(s) 'example_sensors' retrieved from /home/airflow/.local/lib/python3.12/site-packages/airflow/example_dags/example_sensors.py
[2024-04-27T00:21:35.227+0000] {logging_mixin.py:188} INFO - [2024-04-27T00:21:35.227+0000] {dag.py:3096} INFO - Sync 1 DAGs
[2024-04-27T00:21:35.238+0000] {logging_mixin.py:188} INFO - [2024-04-27T00:21:35.238+0000] {dag.py:3954} INFO - Setting next_dagrun for example_sensors to None, run_after=None
[2024-04-27T00:21:35.256+0000] {processor.py:183} INFO - Processing /home/airflow/.local/lib/python3.12/site-packages/airflow/example_dags/example_sensors.py took 0.070 seconds
[2024-04-27T00:22:05.708+0000] {processor.py:161} INFO - Started process (PID=13167) to work on /home/airflow/.local/lib/python3.12/site-packages/airflow/example_dags/example_sensors.py
[2024-04-27T00:22:05.709+0000] {processor.py:830} INFO - Processing file /home/airflow/.local/lib/python3.12/site-packages/airflow/example_dags/example_sensors.py for tasks to queue
[2024-04-27T00:22:05.710+0000] {logging_mixin.py:188} INFO - [2024-04-27T00:22:05.709+0000] {dagbag.py:540} INFO - Filling up the DagBag from /home/airflow/.local/lib/python3.12/site-packages/airflow/example_dags/example_sensors.py
[2024-04-27T00:22:05.718+0000] {processor.py:840} INFO - DAG(s) 'example_sensors' retrieved from /home/airflow/.local/lib/python3.12/site-packages/airflow/example_dags/example_sensors.py
[2024-04-27T00:22:05.746+0000] {logging_mixin.py:188} INFO - [2024-04-27T00:22:05.746+0000] {dag.py:3096} INFO - Sync 1 DAGs
[2024-04-27T00:22:05.781+0000] {logging_mixin.py:188} INFO - [2024-04-27T00:22:05.780+0000] {dag.py:3954} INFO - Setting next_dagrun for example_sensors to None, run_after=None
[2024-04-27T00:22:05.824+0000] {processor.py:183} INFO - Processing /home/airflow/.local/lib/python3.12/site-packages/airflow/example_dags/example_sensors.py took 0.122 seconds
[2024-04-27T00:22:36.216+0000] {processor.py:161} INFO - Started process (PID=13227) to work on /home/airflow/.local/lib/python3.12/site-packages/airflow/example_dags/example_sensors.py
[2024-04-27T00:22:36.217+0000] {processor.py:830} INFO - Processing file /home/airflow/.local/lib/python3.12/site-packages/airflow/example_dags/example_sensors.py for tasks to queue
[2024-04-27T00:22:36.219+0000] {logging_mixin.py:188} INFO - [2024-04-27T00:22:36.218+0000] {dagbag.py:540} INFO - Filling up the DagBag from /home/airflow/.local/lib/python3.12/site-packages/airflow/example_dags/example_sensors.py
[2024-04-27T00:22:36.230+0000] {processor.py:840} INFO - DAG(s) 'example_sensors' retrieved from /home/airflow/.local/lib/python3.12/site-packages/airflow/example_dags/example_sensors.py
[2024-04-27T00:22:36.259+0000] {logging_mixin.py:188} INFO - [2024-04-27T00:22:36.259+0000] {dag.py:3096} INFO - Sync 1 DAGs
[2024-04-27T00:22:36.272+0000] {logging_mixin.py:188} INFO - [2024-04-27T00:22:36.272+0000] {dag.py:3954} INFO - Setting next_dagrun for example_sensors to None, run_after=None
[2024-04-27T00:22:36.294+0000] {processor.py:183} INFO - Processing /home/airflow/.local/lib/python3.12/site-packages/airflow/example_dags/example_sensors.py took 0.084 seconds
[2024-04-27T00:23:06.805+0000] {processor.py:161} INFO - Started process (PID=13285) to work on /home/airflow/.local/lib/python3.12/site-packages/airflow/example_dags/example_sensors.py
[2024-04-27T00:23:06.807+0000] {processor.py:830} INFO - Processing file /home/airflow/.local/lib/python3.12/site-packages/airflow/example_dags/example_sensors.py for tasks to queue
[2024-04-27T00:23:06.808+0000] {logging_mixin.py:188} INFO - [2024-04-27T00:23:06.807+0000] {dagbag.py:540} INFO - Filling up the DagBag from /home/airflow/.local/lib/python3.12/site-packages/airflow/example_dags/example_sensors.py
[2024-04-27T00:23:06.816+0000] {processor.py:840} INFO - DAG(s) 'example_sensors' retrieved from /home/airflow/.local/lib/python3.12/site-packages/airflow/example_dags/example_sensors.py
[2024-04-27T00:23:06.839+0000] {logging_mixin.py:188} INFO - [2024-04-27T00:23:06.839+0000] {dag.py:3096} INFO - Sync 1 DAGs
[2024-04-27T00:23:06.850+0000] {logging_mixin.py:188} INFO - [2024-04-27T00:23:06.850+0000] {dag.py:3954} INFO - Setting next_dagrun for example_sensors to None, run_after=None
[2024-04-27T00:23:06.868+0000] {processor.py:183} INFO - Processing /home/airflow/.local/lib/python3.12/site-packages/airflow/example_dags/example_sensors.py took 0.069 seconds
[2024-04-27T00:23:37.529+0000] {processor.py:161} INFO - Started process (PID=13345) to work on /home/airflow/.local/lib/python3.12/site-packages/airflow/example_dags/example_sensors.py
[2024-04-27T00:23:37.530+0000] {processor.py:830} INFO - Processing file /home/airflow/.local/lib/python3.12/site-packages/airflow/example_dags/example_sensors.py for tasks to queue
[2024-04-27T00:23:37.531+0000] {logging_mixin.py:188} INFO - [2024-04-27T00:23:37.531+0000] {dagbag.py:540} INFO - Filling up the DagBag from /home/airflow/.local/lib/python3.12/site-packages/airflow/example_dags/example_sensors.py
[2024-04-27T00:23:37.540+0000] {processor.py:840} INFO - DAG(s) 'example_sensors' retrieved from /home/airflow/.local/lib/python3.12/site-packages/airflow/example_dags/example_sensors.py
[2024-04-27T00:23:37.565+0000] {logging_mixin.py:188} INFO - [2024-04-27T00:23:37.565+0000] {dag.py:3096} INFO - Sync 1 DAGs
[2024-04-27T00:23:37.578+0000] {logging_mixin.py:188} INFO - [2024-04-27T00:23:37.577+0000] {dag.py:3954} INFO - Setting next_dagrun for example_sensors to None, run_after=None
[2024-04-27T00:23:37.597+0000] {processor.py:183} INFO - Processing /home/airflow/.local/lib/python3.12/site-packages/airflow/example_dags/example_sensors.py took 0.073 seconds
[2024-04-27T00:24:08.117+0000] {processor.py:161} INFO - Started process (PID=13406) to work on /home/airflow/.local/lib/python3.12/site-packages/airflow/example_dags/example_sensors.py
[2024-04-27T00:24:08.120+0000] {processor.py:830} INFO - Processing file /home/airflow/.local/lib/python3.12/site-packages/airflow/example_dags/example_sensors.py for tasks to queue
[2024-04-27T00:24:08.122+0000] {logging_mixin.py:188} INFO - [2024-04-27T00:24:08.121+0000] {dagbag.py:540} INFO - Filling up the DagBag from /home/airflow/.local/lib/python3.12/site-packages/airflow/example_dags/example_sensors.py
[2024-04-27T00:24:08.139+0000] {processor.py:840} INFO - DAG(s) 'example_sensors' retrieved from /home/airflow/.local/lib/python3.12/site-packages/airflow/example_dags/example_sensors.py
[2024-04-27T00:24:08.182+0000] {logging_mixin.py:188} INFO - [2024-04-27T00:24:08.181+0000] {dag.py:3096} INFO - Sync 1 DAGs
[2024-04-27T00:24:08.194+0000] {logging_mixin.py:188} INFO - [2024-04-27T00:24:08.194+0000] {dag.py:3954} INFO - Setting next_dagrun for example_sensors to None, run_after=None
[2024-04-27T00:24:08.215+0000] {processor.py:183} INFO - Processing /home/airflow/.local/lib/python3.12/site-packages/airflow/example_dags/example_sensors.py took 0.105 seconds
[2024-04-27T00:24:38.506+0000] {processor.py:161} INFO - Started process (PID=13466) to work on /home/airflow/.local/lib/python3.12/site-packages/airflow/example_dags/example_sensors.py
[2024-04-27T00:24:38.508+0000] {processor.py:830} INFO - Processing file /home/airflow/.local/lib/python3.12/site-packages/airflow/example_dags/example_sensors.py for tasks to queue
[2024-04-27T00:24:38.509+0000] {logging_mixin.py:188} INFO - [2024-04-27T00:24:38.509+0000] {dagbag.py:540} INFO - Filling up the DagBag from /home/airflow/.local/lib/python3.12/site-packages/airflow/example_dags/example_sensors.py
[2024-04-27T00:24:38.519+0000] {processor.py:840} INFO - DAG(s) 'example_sensors' retrieved from /home/airflow/.local/lib/python3.12/site-packages/airflow/example_dags/example_sensors.py
[2024-04-27T00:24:38.541+0000] {logging_mixin.py:188} INFO - [2024-04-27T00:24:38.541+0000] {dag.py:3096} INFO - Sync 1 DAGs
[2024-04-27T00:24:38.553+0000] {logging_mixin.py:188} INFO - [2024-04-27T00:24:38.553+0000] {dag.py:3954} INFO - Setting next_dagrun for example_sensors to None, run_after=None
[2024-04-27T00:24:38.573+0000] {processor.py:183} INFO - Processing /home/airflow/.local/lib/python3.12/site-packages/airflow/example_dags/example_sensors.py took 0.073 seconds
[2024-04-27T00:25:09.125+0000] {processor.py:161} INFO - Started process (PID=13526) to work on /home/airflow/.local/lib/python3.12/site-packages/airflow/example_dags/example_sensors.py
[2024-04-27T00:25:09.126+0000] {processor.py:830} INFO - Processing file /home/airflow/.local/lib/python3.12/site-packages/airflow/example_dags/example_sensors.py for tasks to queue
[2024-04-27T00:25:09.127+0000] {logging_mixin.py:188} INFO - [2024-04-27T00:25:09.127+0000] {dagbag.py:540} INFO - Filling up the DagBag from /home/airflow/.local/lib/python3.12/site-packages/airflow/example_dags/example_sensors.py
[2024-04-27T00:25:09.140+0000] {processor.py:840} INFO - DAG(s) 'example_sensors' retrieved from /home/airflow/.local/lib/python3.12/site-packages/airflow/example_dags/example_sensors.py
[2024-04-27T00:25:09.176+0000] {logging_mixin.py:188} INFO - [2024-04-27T00:25:09.176+0000] {dag.py:3096} INFO - Sync 1 DAGs
[2024-04-27T00:25:09.188+0000] {logging_mixin.py:188} INFO - [2024-04-27T00:25:09.188+0000] {dag.py:3954} INFO - Setting next_dagrun for example_sensors to None, run_after=None
[2024-04-27T00:25:09.211+0000] {processor.py:183} INFO - Processing /home/airflow/.local/lib/python3.12/site-packages/airflow/example_dags/example_sensors.py took 0.092 seconds
