[2024-04-27T00:00:05.274+0000] {processor.py:161} INFO - Started process (PID=10560) to work on /home/airflow/.local/lib/python3.12/site-packages/airflow/example_dags/example_task_group_decorator.py
[2024-04-27T00:00:05.275+0000] {processor.py:830} INFO - Processing file /home/airflow/.local/lib/python3.12/site-packages/airflow/example_dags/example_task_group_decorator.py for tasks to queue
[2024-04-27T00:00:05.278+0000] {logging_mixin.py:188} INFO - [2024-04-27T00:00:05.277+0000] {dagbag.py:540} INFO - Filling up the DagBag from /home/airflow/.local/lib/python3.12/site-packages/airflow/example_dags/example_task_group_decorator.py
[2024-04-27T00:00:05.290+0000] {processor.py:840} INFO - DAG(s) 'example_task_group_decorator' retrieved from /home/airflow/.local/lib/python3.12/site-packages/airflow/example_dags/example_task_group_decorator.py
[2024-04-27T00:00:05.317+0000] {logging_mixin.py:188} INFO - [2024-04-27T00:00:05.317+0000] {dag.py:3096} INFO - Sync 1 DAGs
[2024-04-27T00:00:05.341+0000] {logging_mixin.py:188} INFO - [2024-04-27T00:00:05.341+0000] {dag.py:3954} INFO - Setting next_dagrun for example_task_group_decorator to 2024-04-26 00:00:00+00:00, run_after=2024-04-27 00:00:00+00:00
[2024-04-27T00:00:05.362+0000] {processor.py:183} INFO - Processing /home/airflow/.local/lib/python3.12/site-packages/airflow/example_dags/example_task_group_decorator.py took 0.094 seconds
[2024-04-27T00:00:35.552+0000] {processor.py:161} INFO - Started process (PID=10621) to work on /home/airflow/.local/lib/python3.12/site-packages/airflow/example_dags/example_task_group_decorator.py
[2024-04-27T00:00:35.555+0000] {processor.py:830} INFO - Processing file /home/airflow/.local/lib/python3.12/site-packages/airflow/example_dags/example_task_group_decorator.py for tasks to queue
[2024-04-27T00:00:35.557+0000] {logging_mixin.py:188} INFO - [2024-04-27T00:00:35.557+0000] {dagbag.py:540} INFO - Filling up the DagBag from /home/airflow/.local/lib/python3.12/site-packages/airflow/example_dags/example_task_group_decorator.py
[2024-04-27T00:00:35.571+0000] {processor.py:840} INFO - DAG(s) 'example_task_group_decorator' retrieved from /home/airflow/.local/lib/python3.12/site-packages/airflow/example_dags/example_task_group_decorator.py
[2024-04-27T00:00:35.604+0000] {logging_mixin.py:188} INFO - [2024-04-27T00:00:35.604+0000] {dag.py:3096} INFO - Sync 1 DAGs
[2024-04-27T00:00:35.643+0000] {logging_mixin.py:188} INFO - [2024-04-27T00:00:35.642+0000] {dag.py:3954} INFO - Setting next_dagrun for example_task_group_decorator to 2024-04-26 00:00:00+00:00, run_after=2024-04-27 00:00:00+00:00
[2024-04-27T00:00:35.665+0000] {processor.py:183} INFO - Processing /home/airflow/.local/lib/python3.12/site-packages/airflow/example_dags/example_task_group_decorator.py took 0.118 seconds
[2024-04-27T00:01:05.906+0000] {processor.py:161} INFO - Started process (PID=10682) to work on /home/airflow/.local/lib/python3.12/site-packages/airflow/example_dags/example_task_group_decorator.py
[2024-04-27T00:01:05.908+0000] {processor.py:830} INFO - Processing file /home/airflow/.local/lib/python3.12/site-packages/airflow/example_dags/example_task_group_decorator.py for tasks to queue
[2024-04-27T00:01:05.910+0000] {logging_mixin.py:188} INFO - [2024-04-27T00:01:05.910+0000] {dagbag.py:540} INFO - Filling up the DagBag from /home/airflow/.local/lib/python3.12/site-packages/airflow/example_dags/example_task_group_decorator.py
[2024-04-27T00:01:05.921+0000] {processor.py:840} INFO - DAG(s) 'example_task_group_decorator' retrieved from /home/airflow/.local/lib/python3.12/site-packages/airflow/example_dags/example_task_group_decorator.py
[2024-04-27T00:01:05.944+0000] {logging_mixin.py:188} INFO - [2024-04-27T00:01:05.944+0000] {dag.py:3096} INFO - Sync 1 DAGs
[2024-04-27T00:01:05.970+0000] {logging_mixin.py:188} INFO - [2024-04-27T00:01:05.970+0000] {dag.py:3954} INFO - Setting next_dagrun for example_task_group_decorator to 2024-04-26 00:00:00+00:00, run_after=2024-04-27 00:00:00+00:00
[2024-04-27T00:01:05.991+0000] {processor.py:183} INFO - Processing /home/airflow/.local/lib/python3.12/site-packages/airflow/example_dags/example_task_group_decorator.py took 0.090 seconds
[2024-04-27T00:01:36.258+0000] {processor.py:161} INFO - Started process (PID=10743) to work on /home/airflow/.local/lib/python3.12/site-packages/airflow/example_dags/example_task_group_decorator.py
[2024-04-27T00:01:36.260+0000] {processor.py:830} INFO - Processing file /home/airflow/.local/lib/python3.12/site-packages/airflow/example_dags/example_task_group_decorator.py for tasks to queue
[2024-04-27T00:01:36.263+0000] {logging_mixin.py:188} INFO - [2024-04-27T00:01:36.262+0000] {dagbag.py:540} INFO - Filling up the DagBag from /home/airflow/.local/lib/python3.12/site-packages/airflow/example_dags/example_task_group_decorator.py
[2024-04-27T00:01:36.278+0000] {processor.py:840} INFO - DAG(s) 'example_task_group_decorator' retrieved from /home/airflow/.local/lib/python3.12/site-packages/airflow/example_dags/example_task_group_decorator.py
[2024-04-27T00:01:36.306+0000] {logging_mixin.py:188} INFO - [2024-04-27T00:01:36.306+0000] {dag.py:3096} INFO - Sync 1 DAGs
[2024-04-27T00:01:36.329+0000] {logging_mixin.py:188} INFO - [2024-04-27T00:01:36.329+0000] {dag.py:3954} INFO - Setting next_dagrun for example_task_group_decorator to 2024-04-26 00:00:00+00:00, run_after=2024-04-27 00:00:00+00:00
[2024-04-27T00:01:36.363+0000] {processor.py:183} INFO - Processing /home/airflow/.local/lib/python3.12/site-packages/airflow/example_dags/example_task_group_decorator.py took 0.111 seconds
[2024-04-27T00:02:07.147+0000] {processor.py:161} INFO - Started process (PID=10804) to work on /home/airflow/.local/lib/python3.12/site-packages/airflow/example_dags/example_task_group_decorator.py
[2024-04-27T00:02:07.148+0000] {processor.py:830} INFO - Processing file /home/airflow/.local/lib/python3.12/site-packages/airflow/example_dags/example_task_group_decorator.py for tasks to queue
[2024-04-27T00:02:07.150+0000] {logging_mixin.py:188} INFO - [2024-04-27T00:02:07.149+0000] {dagbag.py:540} INFO - Filling up the DagBag from /home/airflow/.local/lib/python3.12/site-packages/airflow/example_dags/example_task_group_decorator.py
[2024-04-27T00:02:07.171+0000] {processor.py:840} INFO - DAG(s) 'example_task_group_decorator' retrieved from /home/airflow/.local/lib/python3.12/site-packages/airflow/example_dags/example_task_group_decorator.py
[2024-04-27T00:02:07.200+0000] {logging_mixin.py:188} INFO - [2024-04-27T00:02:07.200+0000] {dag.py:3096} INFO - Sync 1 DAGs
[2024-04-27T00:02:07.242+0000] {logging_mixin.py:188} INFO - [2024-04-27T00:02:07.242+0000] {dag.py:3954} INFO - Setting next_dagrun for example_task_group_decorator to 2024-04-26 00:00:00+00:00, run_after=2024-04-27 00:00:00+00:00
[2024-04-27T00:02:07.299+0000] {processor.py:183} INFO - Processing /home/airflow/.local/lib/python3.12/site-packages/airflow/example_dags/example_task_group_decorator.py took 0.158 seconds
[2024-04-27T00:02:37.452+0000] {processor.py:161} INFO - Started process (PID=10865) to work on /home/airflow/.local/lib/python3.12/site-packages/airflow/example_dags/example_task_group_decorator.py
[2024-04-27T00:02:37.455+0000] {processor.py:830} INFO - Processing file /home/airflow/.local/lib/python3.12/site-packages/airflow/example_dags/example_task_group_decorator.py for tasks to queue
[2024-04-27T00:02:37.458+0000] {logging_mixin.py:188} INFO - [2024-04-27T00:02:37.457+0000] {dagbag.py:540} INFO - Filling up the DagBag from /home/airflow/.local/lib/python3.12/site-packages/airflow/example_dags/example_task_group_decorator.py
[2024-04-27T00:02:37.476+0000] {processor.py:840} INFO - DAG(s) 'example_task_group_decorator' retrieved from /home/airflow/.local/lib/python3.12/site-packages/airflow/example_dags/example_task_group_decorator.py
[2024-04-27T00:02:37.502+0000] {logging_mixin.py:188} INFO - [2024-04-27T00:02:37.502+0000] {dag.py:3096} INFO - Sync 1 DAGs
[2024-04-27T00:02:37.526+0000] {logging_mixin.py:188} INFO - [2024-04-27T00:02:37.525+0000] {dag.py:3954} INFO - Setting next_dagrun for example_task_group_decorator to 2024-04-26 00:00:00+00:00, run_after=2024-04-27 00:00:00+00:00
[2024-04-27T00:02:37.546+0000] {processor.py:183} INFO - Processing /home/airflow/.local/lib/python3.12/site-packages/airflow/example_dags/example_task_group_decorator.py took 0.101 seconds
[2024-04-27T00:03:08.093+0000] {processor.py:161} INFO - Started process (PID=10926) to work on /home/airflow/.local/lib/python3.12/site-packages/airflow/example_dags/example_task_group_decorator.py
[2024-04-27T00:03:08.094+0000] {processor.py:830} INFO - Processing file /home/airflow/.local/lib/python3.12/site-packages/airflow/example_dags/example_task_group_decorator.py for tasks to queue
[2024-04-27T00:03:08.096+0000] {logging_mixin.py:188} INFO - [2024-04-27T00:03:08.096+0000] {dagbag.py:540} INFO - Filling up the DagBag from /home/airflow/.local/lib/python3.12/site-packages/airflow/example_dags/example_task_group_decorator.py
[2024-04-27T00:03:08.107+0000] {processor.py:840} INFO - DAG(s) 'example_task_group_decorator' retrieved from /home/airflow/.local/lib/python3.12/site-packages/airflow/example_dags/example_task_group_decorator.py
[2024-04-27T00:03:08.128+0000] {logging_mixin.py:188} INFO - [2024-04-27T00:03:08.128+0000] {dag.py:3096} INFO - Sync 1 DAGs
[2024-04-27T00:03:08.155+0000] {logging_mixin.py:188} INFO - [2024-04-27T00:03:08.154+0000] {dag.py:3954} INFO - Setting next_dagrun for example_task_group_decorator to 2024-04-26 00:00:00+00:00, run_after=2024-04-27 00:00:00+00:00
[2024-04-27T00:03:08.182+0000] {processor.py:183} INFO - Processing /home/airflow/.local/lib/python3.12/site-packages/airflow/example_dags/example_task_group_decorator.py took 0.094 seconds
[2024-04-27T00:03:38.634+0000] {processor.py:161} INFO - Started process (PID=10987) to work on /home/airflow/.local/lib/python3.12/site-packages/airflow/example_dags/example_task_group_decorator.py
[2024-04-27T00:03:38.635+0000] {processor.py:830} INFO - Processing file /home/airflow/.local/lib/python3.12/site-packages/airflow/example_dags/example_task_group_decorator.py for tasks to queue
[2024-04-27T00:03:38.637+0000] {logging_mixin.py:188} INFO - [2024-04-27T00:03:38.637+0000] {dagbag.py:540} INFO - Filling up the DagBag from /home/airflow/.local/lib/python3.12/site-packages/airflow/example_dags/example_task_group_decorator.py
[2024-04-27T00:03:38.649+0000] {processor.py:840} INFO - DAG(s) 'example_task_group_decorator' retrieved from /home/airflow/.local/lib/python3.12/site-packages/airflow/example_dags/example_task_group_decorator.py
[2024-04-27T00:03:38.786+0000] {logging_mixin.py:188} INFO - [2024-04-27T00:03:38.786+0000] {dag.py:3096} INFO - Sync 1 DAGs
[2024-04-27T00:03:38.809+0000] {logging_mixin.py:188} INFO - [2024-04-27T00:03:38.809+0000] {dag.py:3954} INFO - Setting next_dagrun for example_task_group_decorator to 2024-04-26 00:00:00+00:00, run_after=2024-04-27 00:00:00+00:00
[2024-04-27T00:03:38.826+0000] {processor.py:183} INFO - Processing /home/airflow/.local/lib/python3.12/site-packages/airflow/example_dags/example_task_group_decorator.py took 0.198 seconds
[2024-04-27T00:04:09.367+0000] {processor.py:161} INFO - Started process (PID=11047) to work on /home/airflow/.local/lib/python3.12/site-packages/airflow/example_dags/example_task_group_decorator.py
[2024-04-27T00:04:09.368+0000] {processor.py:830} INFO - Processing file /home/airflow/.local/lib/python3.12/site-packages/airflow/example_dags/example_task_group_decorator.py for tasks to queue
[2024-04-27T00:04:09.372+0000] {logging_mixin.py:188} INFO - [2024-04-27T00:04:09.371+0000] {dagbag.py:540} INFO - Filling up the DagBag from /home/airflow/.local/lib/python3.12/site-packages/airflow/example_dags/example_task_group_decorator.py
[2024-04-27T00:04:09.383+0000] {processor.py:840} INFO - DAG(s) 'example_task_group_decorator' retrieved from /home/airflow/.local/lib/python3.12/site-packages/airflow/example_dags/example_task_group_decorator.py
[2024-04-27T00:04:09.413+0000] {logging_mixin.py:188} INFO - [2024-04-27T00:04:09.413+0000] {dag.py:3096} INFO - Sync 1 DAGs
[2024-04-27T00:04:09.587+0000] {logging_mixin.py:188} INFO - [2024-04-27T00:04:09.587+0000] {dag.py:3954} INFO - Setting next_dagrun for example_task_group_decorator to 2024-04-26 00:00:00+00:00, run_after=2024-04-27 00:00:00+00:00
[2024-04-27T00:04:09.609+0000] {processor.py:183} INFO - Processing /home/airflow/.local/lib/python3.12/site-packages/airflow/example_dags/example_task_group_decorator.py took 0.247 seconds
[2024-04-27T00:04:39.801+0000] {processor.py:161} INFO - Started process (PID=11106) to work on /home/airflow/.local/lib/python3.12/site-packages/airflow/example_dags/example_task_group_decorator.py
[2024-04-27T00:04:39.803+0000] {processor.py:830} INFO - Processing file /home/airflow/.local/lib/python3.12/site-packages/airflow/example_dags/example_task_group_decorator.py for tasks to queue
[2024-04-27T00:04:39.805+0000] {logging_mixin.py:188} INFO - [2024-04-27T00:04:39.805+0000] {dagbag.py:540} INFO - Filling up the DagBag from /home/airflow/.local/lib/python3.12/site-packages/airflow/example_dags/example_task_group_decorator.py
[2024-04-27T00:04:39.818+0000] {processor.py:840} INFO - DAG(s) 'example_task_group_decorator' retrieved from /home/airflow/.local/lib/python3.12/site-packages/airflow/example_dags/example_task_group_decorator.py
[2024-04-27T00:04:39.850+0000] {logging_mixin.py:188} INFO - [2024-04-27T00:04:39.849+0000] {dag.py:3096} INFO - Sync 1 DAGs
[2024-04-27T00:04:39.870+0000] {logging_mixin.py:188} INFO - [2024-04-27T00:04:39.870+0000] {dag.py:3954} INFO - Setting next_dagrun for example_task_group_decorator to 2024-04-26 00:00:00+00:00, run_after=2024-04-27 00:00:00+00:00
[2024-04-27T00:04:39.890+0000] {processor.py:183} INFO - Processing /home/airflow/.local/lib/python3.12/site-packages/airflow/example_dags/example_task_group_decorator.py took 0.094 seconds
[2024-04-27T00:05:09.993+0000] {processor.py:161} INFO - Started process (PID=11164) to work on /home/airflow/.local/lib/python3.12/site-packages/airflow/example_dags/example_task_group_decorator.py
[2024-04-27T00:05:09.994+0000] {processor.py:830} INFO - Processing file /home/airflow/.local/lib/python3.12/site-packages/airflow/example_dags/example_task_group_decorator.py for tasks to queue
[2024-04-27T00:05:09.996+0000] {logging_mixin.py:188} INFO - [2024-04-27T00:05:09.995+0000] {dagbag.py:540} INFO - Filling up the DagBag from /home/airflow/.local/lib/python3.12/site-packages/airflow/example_dags/example_task_group_decorator.py
[2024-04-27T00:05:10.008+0000] {processor.py:840} INFO - DAG(s) 'example_task_group_decorator' retrieved from /home/airflow/.local/lib/python3.12/site-packages/airflow/example_dags/example_task_group_decorator.py
[2024-04-27T00:05:10.032+0000] {logging_mixin.py:188} INFO - [2024-04-27T00:05:10.032+0000] {dag.py:3096} INFO - Sync 1 DAGs
[2024-04-27T00:05:10.054+0000] {logging_mixin.py:188} INFO - [2024-04-27T00:05:10.054+0000] {dag.py:3954} INFO - Setting next_dagrun for example_task_group_decorator to 2024-04-26 00:00:00+00:00, run_after=2024-04-27 00:00:00+00:00
[2024-04-27T00:05:10.078+0000] {processor.py:183} INFO - Processing /home/airflow/.local/lib/python3.12/site-packages/airflow/example_dags/example_task_group_decorator.py took 0.091 seconds
[2024-04-27T00:05:40.696+0000] {processor.py:161} INFO - Started process (PID=11224) to work on /home/airflow/.local/lib/python3.12/site-packages/airflow/example_dags/example_task_group_decorator.py
[2024-04-27T00:05:40.697+0000] {processor.py:830} INFO - Processing file /home/airflow/.local/lib/python3.12/site-packages/airflow/example_dags/example_task_group_decorator.py for tasks to queue
[2024-04-27T00:05:40.698+0000] {logging_mixin.py:188} INFO - [2024-04-27T00:05:40.698+0000] {dagbag.py:540} INFO - Filling up the DagBag from /home/airflow/.local/lib/python3.12/site-packages/airflow/example_dags/example_task_group_decorator.py
[2024-04-27T00:05:40.712+0000] {processor.py:840} INFO - DAG(s) 'example_task_group_decorator' retrieved from /home/airflow/.local/lib/python3.12/site-packages/airflow/example_dags/example_task_group_decorator.py
[2024-04-27T00:05:40.743+0000] {logging_mixin.py:188} INFO - [2024-04-27T00:05:40.742+0000] {dag.py:3096} INFO - Sync 1 DAGs
[2024-04-27T00:05:40.771+0000] {logging_mixin.py:188} INFO - [2024-04-27T00:05:40.770+0000] {dag.py:3954} INFO - Setting next_dagrun for example_task_group_decorator to 2024-04-26 00:00:00+00:00, run_after=2024-04-27 00:00:00+00:00
[2024-04-27T00:05:40.858+0000] {processor.py:183} INFO - Processing /home/airflow/.local/lib/python3.12/site-packages/airflow/example_dags/example_task_group_decorator.py took 0.168 seconds
[2024-04-27T00:06:11.527+0000] {processor.py:161} INFO - Started process (PID=11284) to work on /home/airflow/.local/lib/python3.12/site-packages/airflow/example_dags/example_task_group_decorator.py
[2024-04-27T00:06:11.528+0000] {processor.py:830} INFO - Processing file /home/airflow/.local/lib/python3.12/site-packages/airflow/example_dags/example_task_group_decorator.py for tasks to queue
[2024-04-27T00:06:11.529+0000] {logging_mixin.py:188} INFO - [2024-04-27T00:06:11.529+0000] {dagbag.py:540} INFO - Filling up the DagBag from /home/airflow/.local/lib/python3.12/site-packages/airflow/example_dags/example_task_group_decorator.py
[2024-04-27T00:06:11.544+0000] {processor.py:840} INFO - DAG(s) 'example_task_group_decorator' retrieved from /home/airflow/.local/lib/python3.12/site-packages/airflow/example_dags/example_task_group_decorator.py
[2024-04-27T00:06:11.571+0000] {logging_mixin.py:188} INFO - [2024-04-27T00:06:11.571+0000] {dag.py:3096} INFO - Sync 1 DAGs
[2024-04-27T00:06:11.601+0000] {logging_mixin.py:188} INFO - [2024-04-27T00:06:11.601+0000] {dag.py:3954} INFO - Setting next_dagrun for example_task_group_decorator to 2024-04-26 00:00:00+00:00, run_after=2024-04-27 00:00:00+00:00
[2024-04-27T00:06:11.628+0000] {processor.py:183} INFO - Processing /home/airflow/.local/lib/python3.12/site-packages/airflow/example_dags/example_task_group_decorator.py took 0.107 seconds
[2024-04-27T00:06:42.168+0000] {processor.py:161} INFO - Started process (PID=11344) to work on /home/airflow/.local/lib/python3.12/site-packages/airflow/example_dags/example_task_group_decorator.py
[2024-04-27T00:06:42.172+0000] {processor.py:830} INFO - Processing file /home/airflow/.local/lib/python3.12/site-packages/airflow/example_dags/example_task_group_decorator.py for tasks to queue
[2024-04-27T00:06:42.175+0000] {logging_mixin.py:188} INFO - [2024-04-27T00:06:42.175+0000] {dagbag.py:540} INFO - Filling up the DagBag from /home/airflow/.local/lib/python3.12/site-packages/airflow/example_dags/example_task_group_decorator.py
[2024-04-27T00:06:42.199+0000] {processor.py:840} INFO - DAG(s) 'example_task_group_decorator' retrieved from /home/airflow/.local/lib/python3.12/site-packages/airflow/example_dags/example_task_group_decorator.py
[2024-04-27T00:06:42.253+0000] {logging_mixin.py:188} INFO - [2024-04-27T00:06:42.253+0000] {dag.py:3096} INFO - Sync 1 DAGs
[2024-04-27T00:06:42.285+0000] {logging_mixin.py:188} INFO - [2024-04-27T00:06:42.285+0000] {dag.py:3954} INFO - Setting next_dagrun for example_task_group_decorator to 2024-04-26 00:00:00+00:00, run_after=2024-04-27 00:00:00+00:00
[2024-04-27T00:06:42.308+0000] {processor.py:183} INFO - Processing /home/airflow/.local/lib/python3.12/site-packages/airflow/example_dags/example_task_group_decorator.py took 0.150 seconds
[2024-04-27T00:07:12.961+0000] {processor.py:161} INFO - Started process (PID=11404) to work on /home/airflow/.local/lib/python3.12/site-packages/airflow/example_dags/example_task_group_decorator.py
[2024-04-27T00:07:12.963+0000] {processor.py:830} INFO - Processing file /home/airflow/.local/lib/python3.12/site-packages/airflow/example_dags/example_task_group_decorator.py for tasks to queue
[2024-04-27T00:07:12.967+0000] {logging_mixin.py:188} INFO - [2024-04-27T00:07:12.966+0000] {dagbag.py:540} INFO - Filling up the DagBag from /home/airflow/.local/lib/python3.12/site-packages/airflow/example_dags/example_task_group_decorator.py
[2024-04-27T00:07:12.983+0000] {processor.py:840} INFO - DAG(s) 'example_task_group_decorator' retrieved from /home/airflow/.local/lib/python3.12/site-packages/airflow/example_dags/example_task_group_decorator.py
[2024-04-27T00:07:13.005+0000] {logging_mixin.py:188} INFO - [2024-04-27T00:07:13.005+0000] {dag.py:3096} INFO - Sync 1 DAGs
[2024-04-27T00:07:13.034+0000] {logging_mixin.py:188} INFO - [2024-04-27T00:07:13.034+0000] {dag.py:3954} INFO - Setting next_dagrun for example_task_group_decorator to 2024-04-26 00:00:00+00:00, run_after=2024-04-27 00:00:00+00:00
[2024-04-27T00:07:13.055+0000] {processor.py:183} INFO - Processing /home/airflow/.local/lib/python3.12/site-packages/airflow/example_dags/example_task_group_decorator.py took 0.099 seconds
[2024-04-27T00:07:43.444+0000] {processor.py:161} INFO - Started process (PID=11463) to work on /home/airflow/.local/lib/python3.12/site-packages/airflow/example_dags/example_task_group_decorator.py
[2024-04-27T00:07:43.445+0000] {processor.py:830} INFO - Processing file /home/airflow/.local/lib/python3.12/site-packages/airflow/example_dags/example_task_group_decorator.py for tasks to queue
[2024-04-27T00:07:43.447+0000] {logging_mixin.py:188} INFO - [2024-04-27T00:07:43.446+0000] {dagbag.py:540} INFO - Filling up the DagBag from /home/airflow/.local/lib/python3.12/site-packages/airflow/example_dags/example_task_group_decorator.py
[2024-04-27T00:07:43.466+0000] {processor.py:840} INFO - DAG(s) 'example_task_group_decorator' retrieved from /home/airflow/.local/lib/python3.12/site-packages/airflow/example_dags/example_task_group_decorator.py
[2024-04-27T00:07:43.493+0000] {logging_mixin.py:188} INFO - [2024-04-27T00:07:43.493+0000] {dag.py:3096} INFO - Sync 1 DAGs
[2024-04-27T00:07:43.521+0000] {logging_mixin.py:188} INFO - [2024-04-27T00:07:43.520+0000] {dag.py:3954} INFO - Setting next_dagrun for example_task_group_decorator to 2024-04-26 00:00:00+00:00, run_after=2024-04-27 00:00:00+00:00
[2024-04-27T00:07:43.544+0000] {processor.py:183} INFO - Processing /home/airflow/.local/lib/python3.12/site-packages/airflow/example_dags/example_task_group_decorator.py took 0.105 seconds
[2024-04-27T00:08:14.231+0000] {processor.py:161} INFO - Started process (PID=11524) to work on /home/airflow/.local/lib/python3.12/site-packages/airflow/example_dags/example_task_group_decorator.py
[2024-04-27T00:08:14.232+0000] {processor.py:830} INFO - Processing file /home/airflow/.local/lib/python3.12/site-packages/airflow/example_dags/example_task_group_decorator.py for tasks to queue
[2024-04-27T00:08:14.233+0000] {logging_mixin.py:188} INFO - [2024-04-27T00:08:14.232+0000] {dagbag.py:540} INFO - Filling up the DagBag from /home/airflow/.local/lib/python3.12/site-packages/airflow/example_dags/example_task_group_decorator.py
[2024-04-27T00:08:14.244+0000] {processor.py:840} INFO - DAG(s) 'example_task_group_decorator' retrieved from /home/airflow/.local/lib/python3.12/site-packages/airflow/example_dags/example_task_group_decorator.py
[2024-04-27T00:08:14.268+0000] {logging_mixin.py:188} INFO - [2024-04-27T00:08:14.268+0000] {dag.py:3096} INFO - Sync 1 DAGs
[2024-04-27T00:08:14.287+0000] {logging_mixin.py:188} INFO - [2024-04-27T00:08:14.287+0000] {dag.py:3954} INFO - Setting next_dagrun for example_task_group_decorator to 2024-04-26 00:00:00+00:00, run_after=2024-04-27 00:00:00+00:00
[2024-04-27T00:08:14.306+0000] {processor.py:183} INFO - Processing /home/airflow/.local/lib/python3.12/site-packages/airflow/example_dags/example_task_group_decorator.py took 0.081 seconds
[2024-04-27T00:08:44.637+0000] {processor.py:161} INFO - Started process (PID=11584) to work on /home/airflow/.local/lib/python3.12/site-packages/airflow/example_dags/example_task_group_decorator.py
[2024-04-27T00:08:44.638+0000] {processor.py:830} INFO - Processing file /home/airflow/.local/lib/python3.12/site-packages/airflow/example_dags/example_task_group_decorator.py for tasks to queue
[2024-04-27T00:08:44.640+0000] {logging_mixin.py:188} INFO - [2024-04-27T00:08:44.639+0000] {dagbag.py:540} INFO - Filling up the DagBag from /home/airflow/.local/lib/python3.12/site-packages/airflow/example_dags/example_task_group_decorator.py
[2024-04-27T00:08:44.652+0000] {processor.py:840} INFO - DAG(s) 'example_task_group_decorator' retrieved from /home/airflow/.local/lib/python3.12/site-packages/airflow/example_dags/example_task_group_decorator.py
[2024-04-27T00:08:44.679+0000] {logging_mixin.py:188} INFO - [2024-04-27T00:08:44.678+0000] {dag.py:3096} INFO - Sync 1 DAGs
[2024-04-27T00:08:44.703+0000] {logging_mixin.py:188} INFO - [2024-04-27T00:08:44.703+0000] {dag.py:3954} INFO - Setting next_dagrun for example_task_group_decorator to 2024-04-26 00:00:00+00:00, run_after=2024-04-27 00:00:00+00:00
[2024-04-27T00:08:44.729+0000] {processor.py:183} INFO - Processing /home/airflow/.local/lib/python3.12/site-packages/airflow/example_dags/example_task_group_decorator.py took 0.097 seconds
[2024-04-27T00:09:15.155+0000] {processor.py:161} INFO - Started process (PID=11644) to work on /home/airflow/.local/lib/python3.12/site-packages/airflow/example_dags/example_task_group_decorator.py
[2024-04-27T00:09:15.156+0000] {processor.py:830} INFO - Processing file /home/airflow/.local/lib/python3.12/site-packages/airflow/example_dags/example_task_group_decorator.py for tasks to queue
[2024-04-27T00:09:15.158+0000] {logging_mixin.py:188} INFO - [2024-04-27T00:09:15.157+0000] {dagbag.py:540} INFO - Filling up the DagBag from /home/airflow/.local/lib/python3.12/site-packages/airflow/example_dags/example_task_group_decorator.py
[2024-04-27T00:09:15.178+0000] {processor.py:840} INFO - DAG(s) 'example_task_group_decorator' retrieved from /home/airflow/.local/lib/python3.12/site-packages/airflow/example_dags/example_task_group_decorator.py
[2024-04-27T00:09:15.207+0000] {logging_mixin.py:188} INFO - [2024-04-27T00:09:15.206+0000] {dag.py:3096} INFO - Sync 1 DAGs
[2024-04-27T00:09:15.228+0000] {logging_mixin.py:188} INFO - [2024-04-27T00:09:15.228+0000] {dag.py:3954} INFO - Setting next_dagrun for example_task_group_decorator to 2024-04-26 00:00:00+00:00, run_after=2024-04-27 00:00:00+00:00
[2024-04-27T00:09:15.252+0000] {processor.py:183} INFO - Processing /home/airflow/.local/lib/python3.12/site-packages/airflow/example_dags/example_task_group_decorator.py took 0.106 seconds
[2024-04-27T00:09:45.968+0000] {processor.py:161} INFO - Started process (PID=11704) to work on /home/airflow/.local/lib/python3.12/site-packages/airflow/example_dags/example_task_group_decorator.py
[2024-04-27T00:09:45.969+0000] {processor.py:830} INFO - Processing file /home/airflow/.local/lib/python3.12/site-packages/airflow/example_dags/example_task_group_decorator.py for tasks to queue
[2024-04-27T00:09:45.971+0000] {logging_mixin.py:188} INFO - [2024-04-27T00:09:45.970+0000] {dagbag.py:540} INFO - Filling up the DagBag from /home/airflow/.local/lib/python3.12/site-packages/airflow/example_dags/example_task_group_decorator.py
[2024-04-27T00:09:45.989+0000] {processor.py:840} INFO - DAG(s) 'example_task_group_decorator' retrieved from /home/airflow/.local/lib/python3.12/site-packages/airflow/example_dags/example_task_group_decorator.py
[2024-04-27T00:09:46.016+0000] {logging_mixin.py:188} INFO - [2024-04-27T00:09:46.016+0000] {dag.py:3096} INFO - Sync 1 DAGs
[2024-04-27T00:09:46.037+0000] {logging_mixin.py:188} INFO - [2024-04-27T00:09:46.036+0000] {dag.py:3954} INFO - Setting next_dagrun for example_task_group_decorator to 2024-04-26 00:00:00+00:00, run_after=2024-04-27 00:00:00+00:00
[2024-04-27T00:09:46.059+0000] {processor.py:183} INFO - Processing /home/airflow/.local/lib/python3.12/site-packages/airflow/example_dags/example_task_group_decorator.py took 0.097 seconds
[2024-04-27T00:10:16.608+0000] {processor.py:161} INFO - Started process (PID=11764) to work on /home/airflow/.local/lib/python3.12/site-packages/airflow/example_dags/example_task_group_decorator.py
[2024-04-27T00:10:16.610+0000] {processor.py:830} INFO - Processing file /home/airflow/.local/lib/python3.12/site-packages/airflow/example_dags/example_task_group_decorator.py for tasks to queue
[2024-04-27T00:10:16.611+0000] {logging_mixin.py:188} INFO - [2024-04-27T00:10:16.610+0000] {dagbag.py:540} INFO - Filling up the DagBag from /home/airflow/.local/lib/python3.12/site-packages/airflow/example_dags/example_task_group_decorator.py
[2024-04-27T00:10:16.627+0000] {processor.py:840} INFO - DAG(s) 'example_task_group_decorator' retrieved from /home/airflow/.local/lib/python3.12/site-packages/airflow/example_dags/example_task_group_decorator.py
[2024-04-27T00:10:16.657+0000] {logging_mixin.py:188} INFO - [2024-04-27T00:10:16.657+0000] {dag.py:3096} INFO - Sync 1 DAGs
[2024-04-27T00:10:16.679+0000] {logging_mixin.py:188} INFO - [2024-04-27T00:10:16.679+0000] {dag.py:3954} INFO - Setting next_dagrun for example_task_group_decorator to 2024-04-26 00:00:00+00:00, run_after=2024-04-27 00:00:00+00:00
[2024-04-27T00:10:16.700+0000] {processor.py:183} INFO - Processing /home/airflow/.local/lib/python3.12/site-packages/airflow/example_dags/example_task_group_decorator.py took 0.098 seconds
[2024-04-27T00:10:47.403+0000] {processor.py:161} INFO - Started process (PID=11824) to work on /home/airflow/.local/lib/python3.12/site-packages/airflow/example_dags/example_task_group_decorator.py
[2024-04-27T00:10:47.404+0000] {processor.py:830} INFO - Processing file /home/airflow/.local/lib/python3.12/site-packages/airflow/example_dags/example_task_group_decorator.py for tasks to queue
[2024-04-27T00:10:47.405+0000] {logging_mixin.py:188} INFO - [2024-04-27T00:10:47.405+0000] {dagbag.py:540} INFO - Filling up the DagBag from /home/airflow/.local/lib/python3.12/site-packages/airflow/example_dags/example_task_group_decorator.py
[2024-04-27T00:10:47.427+0000] {processor.py:840} INFO - DAG(s) 'example_task_group_decorator' retrieved from /home/airflow/.local/lib/python3.12/site-packages/airflow/example_dags/example_task_group_decorator.py
[2024-04-27T00:10:47.456+0000] {logging_mixin.py:188} INFO - [2024-04-27T00:10:47.456+0000] {dag.py:3096} INFO - Sync 1 DAGs
[2024-04-27T00:10:47.485+0000] {logging_mixin.py:188} INFO - [2024-04-27T00:10:47.484+0000] {dag.py:3954} INFO - Setting next_dagrun for example_task_group_decorator to 2024-04-26 00:00:00+00:00, run_after=2024-04-27 00:00:00+00:00
[2024-04-27T00:10:47.524+0000] {processor.py:183} INFO - Processing /home/airflow/.local/lib/python3.12/site-packages/airflow/example_dags/example_task_group_decorator.py took 0.125 seconds
[2024-04-27T00:11:17.836+0000] {processor.py:161} INFO - Started process (PID=11883) to work on /home/airflow/.local/lib/python3.12/site-packages/airflow/example_dags/example_task_group_decorator.py
[2024-04-27T00:11:17.887+0000] {processor.py:830} INFO - Processing file /home/airflow/.local/lib/python3.12/site-packages/airflow/example_dags/example_task_group_decorator.py for tasks to queue
[2024-04-27T00:11:17.911+0000] {logging_mixin.py:188} INFO - [2024-04-27T00:11:17.910+0000] {dagbag.py:540} INFO - Filling up the DagBag from /home/airflow/.local/lib/python3.12/site-packages/airflow/example_dags/example_task_group_decorator.py
[2024-04-27T00:11:17.924+0000] {processor.py:840} INFO - DAG(s) 'example_task_group_decorator' retrieved from /home/airflow/.local/lib/python3.12/site-packages/airflow/example_dags/example_task_group_decorator.py
[2024-04-27T00:11:17.948+0000] {logging_mixin.py:188} INFO - [2024-04-27T00:11:17.948+0000] {dag.py:3096} INFO - Sync 1 DAGs
[2024-04-27T00:11:17.972+0000] {logging_mixin.py:188} INFO - [2024-04-27T00:11:17.971+0000] {dag.py:3954} INFO - Setting next_dagrun for example_task_group_decorator to 2024-04-26 00:00:00+00:00, run_after=2024-04-27 00:00:00+00:00
[2024-04-27T00:11:17.995+0000] {processor.py:183} INFO - Processing /home/airflow/.local/lib/python3.12/site-packages/airflow/example_dags/example_task_group_decorator.py took 0.164 seconds
[2024-04-27T00:11:48.120+0000] {processor.py:161} INFO - Started process (PID=11946) to work on /home/airflow/.local/lib/python3.12/site-packages/airflow/example_dags/example_task_group_decorator.py
[2024-04-27T00:11:48.122+0000] {processor.py:830} INFO - Processing file /home/airflow/.local/lib/python3.12/site-packages/airflow/example_dags/example_task_group_decorator.py for tasks to queue
[2024-04-27T00:11:48.123+0000] {logging_mixin.py:188} INFO - [2024-04-27T00:11:48.123+0000] {dagbag.py:540} INFO - Filling up the DagBag from /home/airflow/.local/lib/python3.12/site-packages/airflow/example_dags/example_task_group_decorator.py
[2024-04-27T00:11:48.139+0000] {processor.py:840} INFO - DAG(s) 'example_task_group_decorator' retrieved from /home/airflow/.local/lib/python3.12/site-packages/airflow/example_dags/example_task_group_decorator.py
[2024-04-27T00:11:48.179+0000] {logging_mixin.py:188} INFO - [2024-04-27T00:11:48.179+0000] {dag.py:3096} INFO - Sync 1 DAGs
[2024-04-27T00:11:48.200+0000] {logging_mixin.py:188} INFO - [2024-04-27T00:11:48.200+0000] {dag.py:3954} INFO - Setting next_dagrun for example_task_group_decorator to 2024-04-26 00:00:00+00:00, run_after=2024-04-27 00:00:00+00:00
[2024-04-27T00:11:48.217+0000] {processor.py:183} INFO - Processing /home/airflow/.local/lib/python3.12/site-packages/airflow/example_dags/example_task_group_decorator.py took 0.102 seconds
[2024-04-27T00:12:18.995+0000] {processor.py:161} INFO - Started process (PID=12006) to work on /home/airflow/.local/lib/python3.12/site-packages/airflow/example_dags/example_task_group_decorator.py
[2024-04-27T00:12:18.997+0000] {processor.py:830} INFO - Processing file /home/airflow/.local/lib/python3.12/site-packages/airflow/example_dags/example_task_group_decorator.py for tasks to queue
[2024-04-27T00:12:18.998+0000] {logging_mixin.py:188} INFO - [2024-04-27T00:12:18.998+0000] {dagbag.py:540} INFO - Filling up the DagBag from /home/airflow/.local/lib/python3.12/site-packages/airflow/example_dags/example_task_group_decorator.py
[2024-04-27T00:12:19.012+0000] {processor.py:840} INFO - DAG(s) 'example_task_group_decorator' retrieved from /home/airflow/.local/lib/python3.12/site-packages/airflow/example_dags/example_task_group_decorator.py
[2024-04-27T00:12:19.040+0000] {logging_mixin.py:188} INFO - [2024-04-27T00:12:19.040+0000] {dag.py:3096} INFO - Sync 1 DAGs
[2024-04-27T00:12:19.064+0000] {logging_mixin.py:188} INFO - [2024-04-27T00:12:19.064+0000] {dag.py:3954} INFO - Setting next_dagrun for example_task_group_decorator to 2024-04-26 00:00:00+00:00, run_after=2024-04-27 00:00:00+00:00
[2024-04-27T00:12:19.087+0000] {processor.py:183} INFO - Processing /home/airflow/.local/lib/python3.12/site-packages/airflow/example_dags/example_task_group_decorator.py took 0.098 seconds
[2024-04-27T00:12:49.345+0000] {processor.py:161} INFO - Started process (PID=12066) to work on /home/airflow/.local/lib/python3.12/site-packages/airflow/example_dags/example_task_group_decorator.py
[2024-04-27T00:12:49.347+0000] {processor.py:830} INFO - Processing file /home/airflow/.local/lib/python3.12/site-packages/airflow/example_dags/example_task_group_decorator.py for tasks to queue
[2024-04-27T00:12:49.349+0000] {logging_mixin.py:188} INFO - [2024-04-27T00:12:49.348+0000] {dagbag.py:540} INFO - Filling up the DagBag from /home/airflow/.local/lib/python3.12/site-packages/airflow/example_dags/example_task_group_decorator.py
[2024-04-27T00:12:49.361+0000] {processor.py:840} INFO - DAG(s) 'example_task_group_decorator' retrieved from /home/airflow/.local/lib/python3.12/site-packages/airflow/example_dags/example_task_group_decorator.py
[2024-04-27T00:12:49.387+0000] {logging_mixin.py:188} INFO - [2024-04-27T00:12:49.387+0000] {dag.py:3096} INFO - Sync 1 DAGs
[2024-04-27T00:12:49.410+0000] {logging_mixin.py:188} INFO - [2024-04-27T00:12:49.410+0000] {dag.py:3954} INFO - Setting next_dagrun for example_task_group_decorator to 2024-04-26 00:00:00+00:00, run_after=2024-04-27 00:00:00+00:00
[2024-04-27T00:12:49.440+0000] {processor.py:183} INFO - Processing /home/airflow/.local/lib/python3.12/site-packages/airflow/example_dags/example_task_group_decorator.py took 0.101 seconds
[2024-04-27T00:13:20.260+0000] {processor.py:161} INFO - Started process (PID=12126) to work on /home/airflow/.local/lib/python3.12/site-packages/airflow/example_dags/example_task_group_decorator.py
[2024-04-27T00:13:20.261+0000] {processor.py:830} INFO - Processing file /home/airflow/.local/lib/python3.12/site-packages/airflow/example_dags/example_task_group_decorator.py for tasks to queue
[2024-04-27T00:13:20.262+0000] {logging_mixin.py:188} INFO - [2024-04-27T00:13:20.262+0000] {dagbag.py:540} INFO - Filling up the DagBag from /home/airflow/.local/lib/python3.12/site-packages/airflow/example_dags/example_task_group_decorator.py
[2024-04-27T00:13:20.278+0000] {processor.py:840} INFO - DAG(s) 'example_task_group_decorator' retrieved from /home/airflow/.local/lib/python3.12/site-packages/airflow/example_dags/example_task_group_decorator.py
[2024-04-27T00:13:20.307+0000] {logging_mixin.py:188} INFO - [2024-04-27T00:13:20.307+0000] {dag.py:3096} INFO - Sync 1 DAGs
[2024-04-27T00:13:20.332+0000] {logging_mixin.py:188} INFO - [2024-04-27T00:13:20.332+0000] {dag.py:3954} INFO - Setting next_dagrun for example_task_group_decorator to 2024-04-26 00:00:00+00:00, run_after=2024-04-27 00:00:00+00:00
[2024-04-27T00:13:20.356+0000] {processor.py:183} INFO - Processing /home/airflow/.local/lib/python3.12/site-packages/airflow/example_dags/example_task_group_decorator.py took 0.102 seconds
[2024-04-27T00:13:50.418+0000] {processor.py:161} INFO - Started process (PID=12186) to work on /home/airflow/.local/lib/python3.12/site-packages/airflow/example_dags/example_task_group_decorator.py
[2024-04-27T00:13:50.419+0000] {processor.py:830} INFO - Processing file /home/airflow/.local/lib/python3.12/site-packages/airflow/example_dags/example_task_group_decorator.py for tasks to queue
[2024-04-27T00:13:50.420+0000] {logging_mixin.py:188} INFO - [2024-04-27T00:13:50.420+0000] {dagbag.py:540} INFO - Filling up the DagBag from /home/airflow/.local/lib/python3.12/site-packages/airflow/example_dags/example_task_group_decorator.py
[2024-04-27T00:13:50.434+0000] {processor.py:840} INFO - DAG(s) 'example_task_group_decorator' retrieved from /home/airflow/.local/lib/python3.12/site-packages/airflow/example_dags/example_task_group_decorator.py
[2024-04-27T00:13:50.457+0000] {logging_mixin.py:188} INFO - [2024-04-27T00:13:50.456+0000] {dag.py:3096} INFO - Sync 1 DAGs
[2024-04-27T00:13:50.476+0000] {logging_mixin.py:188} INFO - [2024-04-27T00:13:50.476+0000] {dag.py:3954} INFO - Setting next_dagrun for example_task_group_decorator to 2024-04-26 00:00:00+00:00, run_after=2024-04-27 00:00:00+00:00
[2024-04-27T00:13:50.496+0000] {processor.py:183} INFO - Processing /home/airflow/.local/lib/python3.12/site-packages/airflow/example_dags/example_task_group_decorator.py took 0.083 seconds
[2024-04-27T00:14:21.290+0000] {processor.py:161} INFO - Started process (PID=12246) to work on /home/airflow/.local/lib/python3.12/site-packages/airflow/example_dags/example_task_group_decorator.py
[2024-04-27T00:14:21.293+0000] {processor.py:830} INFO - Processing file /home/airflow/.local/lib/python3.12/site-packages/airflow/example_dags/example_task_group_decorator.py for tasks to queue
[2024-04-27T00:14:21.294+0000] {logging_mixin.py:188} INFO - [2024-04-27T00:14:21.294+0000] {dagbag.py:540} INFO - Filling up the DagBag from /home/airflow/.local/lib/python3.12/site-packages/airflow/example_dags/example_task_group_decorator.py
[2024-04-27T00:14:21.308+0000] {processor.py:840} INFO - DAG(s) 'example_task_group_decorator' retrieved from /home/airflow/.local/lib/python3.12/site-packages/airflow/example_dags/example_task_group_decorator.py
[2024-04-27T00:14:21.335+0000] {logging_mixin.py:188} INFO - [2024-04-27T00:14:21.334+0000] {dag.py:3096} INFO - Sync 1 DAGs
[2024-04-27T00:14:21.353+0000] {logging_mixin.py:188} INFO - [2024-04-27T00:14:21.353+0000] {dag.py:3954} INFO - Setting next_dagrun for example_task_group_decorator to 2024-04-26 00:00:00+00:00, run_after=2024-04-27 00:00:00+00:00
[2024-04-27T00:14:21.375+0000] {processor.py:183} INFO - Processing /home/airflow/.local/lib/python3.12/site-packages/airflow/example_dags/example_task_group_decorator.py took 0.090 seconds
[2024-04-27T00:14:52.150+0000] {processor.py:161} INFO - Started process (PID=12312) to work on /home/airflow/.local/lib/python3.12/site-packages/airflow/example_dags/example_task_group_decorator.py
[2024-04-27T00:14:52.152+0000] {processor.py:830} INFO - Processing file /home/airflow/.local/lib/python3.12/site-packages/airflow/example_dags/example_task_group_decorator.py for tasks to queue
[2024-04-27T00:14:52.156+0000] {logging_mixin.py:188} INFO - [2024-04-27T00:14:52.155+0000] {dagbag.py:540} INFO - Filling up the DagBag from /home/airflow/.local/lib/python3.12/site-packages/airflow/example_dags/example_task_group_decorator.py
[2024-04-27T00:14:52.173+0000] {processor.py:840} INFO - DAG(s) 'example_task_group_decorator' retrieved from /home/airflow/.local/lib/python3.12/site-packages/airflow/example_dags/example_task_group_decorator.py
[2024-04-27T00:14:52.195+0000] {logging_mixin.py:188} INFO - [2024-04-27T00:14:52.195+0000] {dag.py:3096} INFO - Sync 1 DAGs
[2024-04-27T00:14:52.214+0000] {logging_mixin.py:188} INFO - [2024-04-27T00:14:52.213+0000] {dag.py:3954} INFO - Setting next_dagrun for example_task_group_decorator to 2024-04-26 00:00:00+00:00, run_after=2024-04-27 00:00:00+00:00
[2024-04-27T00:14:52.233+0000] {processor.py:183} INFO - Processing /home/airflow/.local/lib/python3.12/site-packages/airflow/example_dags/example_task_group_decorator.py took 0.089 seconds
[2024-04-27T00:15:22.655+0000] {processor.py:161} INFO - Started process (PID=12372) to work on /home/airflow/.local/lib/python3.12/site-packages/airflow/example_dags/example_task_group_decorator.py
[2024-04-27T00:15:22.656+0000] {processor.py:830} INFO - Processing file /home/airflow/.local/lib/python3.12/site-packages/airflow/example_dags/example_task_group_decorator.py for tasks to queue
[2024-04-27T00:15:22.657+0000] {logging_mixin.py:188} INFO - [2024-04-27T00:15:22.657+0000] {dagbag.py:540} INFO - Filling up the DagBag from /home/airflow/.local/lib/python3.12/site-packages/airflow/example_dags/example_task_group_decorator.py
[2024-04-27T00:15:22.671+0000] {processor.py:840} INFO - DAG(s) 'example_task_group_decorator' retrieved from /home/airflow/.local/lib/python3.12/site-packages/airflow/example_dags/example_task_group_decorator.py
[2024-04-27T00:15:22.699+0000] {logging_mixin.py:188} INFO - [2024-04-27T00:15:22.699+0000] {dag.py:3096} INFO - Sync 1 DAGs
[2024-04-27T00:15:22.720+0000] {logging_mixin.py:188} INFO - [2024-04-27T00:15:22.720+0000] {dag.py:3954} INFO - Setting next_dagrun for example_task_group_decorator to 2024-04-26 00:00:00+00:00, run_after=2024-04-27 00:00:00+00:00
[2024-04-27T00:15:22.739+0000] {processor.py:183} INFO - Processing /home/airflow/.local/lib/python3.12/site-packages/airflow/example_dags/example_task_group_decorator.py took 0.090 seconds
[2024-04-27T00:15:53.142+0000] {processor.py:161} INFO - Started process (PID=12432) to work on /home/airflow/.local/lib/python3.12/site-packages/airflow/example_dags/example_task_group_decorator.py
[2024-04-27T00:15:53.145+0000] {processor.py:830} INFO - Processing file /home/airflow/.local/lib/python3.12/site-packages/airflow/example_dags/example_task_group_decorator.py for tasks to queue
[2024-04-27T00:15:53.146+0000] {logging_mixin.py:188} INFO - [2024-04-27T00:15:53.146+0000] {dagbag.py:540} INFO - Filling up the DagBag from /home/airflow/.local/lib/python3.12/site-packages/airflow/example_dags/example_task_group_decorator.py
[2024-04-27T00:15:53.163+0000] {processor.py:840} INFO - DAG(s) 'example_task_group_decorator' retrieved from /home/airflow/.local/lib/python3.12/site-packages/airflow/example_dags/example_task_group_decorator.py
[2024-04-27T00:15:53.195+0000] {logging_mixin.py:188} INFO - [2024-04-27T00:15:53.195+0000] {dag.py:3096} INFO - Sync 1 DAGs
[2024-04-27T00:15:53.215+0000] {logging_mixin.py:188} INFO - [2024-04-27T00:15:53.215+0000] {dag.py:3954} INFO - Setting next_dagrun for example_task_group_decorator to 2024-04-26 00:00:00+00:00, run_after=2024-04-27 00:00:00+00:00
[2024-04-27T00:15:53.233+0000] {processor.py:183} INFO - Processing /home/airflow/.local/lib/python3.12/site-packages/airflow/example_dags/example_task_group_decorator.py took 0.096 seconds
[2024-04-27T00:16:23.538+0000] {processor.py:161} INFO - Started process (PID=12492) to work on /home/airflow/.local/lib/python3.12/site-packages/airflow/example_dags/example_task_group_decorator.py
[2024-04-27T00:16:23.539+0000] {processor.py:830} INFO - Processing file /home/airflow/.local/lib/python3.12/site-packages/airflow/example_dags/example_task_group_decorator.py for tasks to queue
[2024-04-27T00:16:23.541+0000] {logging_mixin.py:188} INFO - [2024-04-27T00:16:23.540+0000] {dagbag.py:540} INFO - Filling up the DagBag from /home/airflow/.local/lib/python3.12/site-packages/airflow/example_dags/example_task_group_decorator.py
[2024-04-27T00:16:23.554+0000] {processor.py:840} INFO - DAG(s) 'example_task_group_decorator' retrieved from /home/airflow/.local/lib/python3.12/site-packages/airflow/example_dags/example_task_group_decorator.py
[2024-04-27T00:16:23.650+0000] {logging_mixin.py:188} INFO - [2024-04-27T00:16:23.649+0000] {dag.py:3096} INFO - Sync 1 DAGs
[2024-04-27T00:16:23.679+0000] {logging_mixin.py:188} INFO - [2024-04-27T00:16:23.678+0000] {dag.py:3954} INFO - Setting next_dagrun for example_task_group_decorator to 2024-04-26 00:00:00+00:00, run_after=2024-04-27 00:00:00+00:00
[2024-04-27T00:16:23.699+0000] {processor.py:183} INFO - Processing /home/airflow/.local/lib/python3.12/site-packages/airflow/example_dags/example_task_group_decorator.py took 0.166 seconds
[2024-04-27T00:16:54.446+0000] {processor.py:161} INFO - Started process (PID=12552) to work on /home/airflow/.local/lib/python3.12/site-packages/airflow/example_dags/example_task_group_decorator.py
[2024-04-27T00:16:54.448+0000] {processor.py:830} INFO - Processing file /home/airflow/.local/lib/python3.12/site-packages/airflow/example_dags/example_task_group_decorator.py for tasks to queue
[2024-04-27T00:16:54.449+0000] {logging_mixin.py:188} INFO - [2024-04-27T00:16:54.448+0000] {dagbag.py:540} INFO - Filling up the DagBag from /home/airflow/.local/lib/python3.12/site-packages/airflow/example_dags/example_task_group_decorator.py
[2024-04-27T00:16:54.462+0000] {processor.py:840} INFO - DAG(s) 'example_task_group_decorator' retrieved from /home/airflow/.local/lib/python3.12/site-packages/airflow/example_dags/example_task_group_decorator.py
[2024-04-27T00:16:54.485+0000] {logging_mixin.py:188} INFO - [2024-04-27T00:16:54.485+0000] {dag.py:3096} INFO - Sync 1 DAGs
[2024-04-27T00:16:54.506+0000] {logging_mixin.py:188} INFO - [2024-04-27T00:16:54.506+0000] {dag.py:3954} INFO - Setting next_dagrun for example_task_group_decorator to 2024-04-26 00:00:00+00:00, run_after=2024-04-27 00:00:00+00:00
[2024-04-27T00:16:54.526+0000] {processor.py:183} INFO - Processing /home/airflow/.local/lib/python3.12/site-packages/airflow/example_dags/example_task_group_decorator.py took 0.085 seconds
[2024-04-27T00:17:24.697+0000] {processor.py:161} INFO - Started process (PID=12612) to work on /home/airflow/.local/lib/python3.12/site-packages/airflow/example_dags/example_task_group_decorator.py
[2024-04-27T00:17:24.699+0000] {processor.py:830} INFO - Processing file /home/airflow/.local/lib/python3.12/site-packages/airflow/example_dags/example_task_group_decorator.py for tasks to queue
[2024-04-27T00:17:24.700+0000] {logging_mixin.py:188} INFO - [2024-04-27T00:17:24.700+0000] {dagbag.py:540} INFO - Filling up the DagBag from /home/airflow/.local/lib/python3.12/site-packages/airflow/example_dags/example_task_group_decorator.py
[2024-04-27T00:17:24.715+0000] {processor.py:840} INFO - DAG(s) 'example_task_group_decorator' retrieved from /home/airflow/.local/lib/python3.12/site-packages/airflow/example_dags/example_task_group_decorator.py
[2024-04-27T00:17:24.737+0000] {logging_mixin.py:188} INFO - [2024-04-27T00:17:24.737+0000] {dag.py:3096} INFO - Sync 1 DAGs
[2024-04-27T00:17:24.754+0000] {logging_mixin.py:188} INFO - [2024-04-27T00:17:24.754+0000] {dag.py:3954} INFO - Setting next_dagrun for example_task_group_decorator to 2024-04-26 00:00:00+00:00, run_after=2024-04-27 00:00:00+00:00
[2024-04-27T00:17:24.779+0000] {processor.py:183} INFO - Processing /home/airflow/.local/lib/python3.12/site-packages/airflow/example_dags/example_task_group_decorator.py took 0.088 seconds
[2024-04-27T00:17:55.760+0000] {processor.py:161} INFO - Started process (PID=12672) to work on /home/airflow/.local/lib/python3.12/site-packages/airflow/example_dags/example_task_group_decorator.py
[2024-04-27T00:17:55.762+0000] {processor.py:830} INFO - Processing file /home/airflow/.local/lib/python3.12/site-packages/airflow/example_dags/example_task_group_decorator.py for tasks to queue
[2024-04-27T00:17:55.763+0000] {logging_mixin.py:188} INFO - [2024-04-27T00:17:55.763+0000] {dagbag.py:540} INFO - Filling up the DagBag from /home/airflow/.local/lib/python3.12/site-packages/airflow/example_dags/example_task_group_decorator.py
[2024-04-27T00:17:55.776+0000] {processor.py:840} INFO - DAG(s) 'example_task_group_decorator' retrieved from /home/airflow/.local/lib/python3.12/site-packages/airflow/example_dags/example_task_group_decorator.py
[2024-04-27T00:17:55.797+0000] {logging_mixin.py:188} INFO - [2024-04-27T00:17:55.797+0000] {dag.py:3096} INFO - Sync 1 DAGs
[2024-04-27T00:17:55.814+0000] {logging_mixin.py:188} INFO - [2024-04-27T00:17:55.814+0000] {dag.py:3954} INFO - Setting next_dagrun for example_task_group_decorator to 2024-04-26 00:00:00+00:00, run_after=2024-04-27 00:00:00+00:00
[2024-04-27T00:17:55.832+0000] {processor.py:183} INFO - Processing /home/airflow/.local/lib/python3.12/site-packages/airflow/example_dags/example_task_group_decorator.py took 0.077 seconds
[2024-04-27T00:18:26.119+0000] {processor.py:161} INFO - Started process (PID=12732) to work on /home/airflow/.local/lib/python3.12/site-packages/airflow/example_dags/example_task_group_decorator.py
[2024-04-27T00:18:26.120+0000] {processor.py:830} INFO - Processing file /home/airflow/.local/lib/python3.12/site-packages/airflow/example_dags/example_task_group_decorator.py for tasks to queue
[2024-04-27T00:18:26.121+0000] {logging_mixin.py:188} INFO - [2024-04-27T00:18:26.121+0000] {dagbag.py:540} INFO - Filling up the DagBag from /home/airflow/.local/lib/python3.12/site-packages/airflow/example_dags/example_task_group_decorator.py
[2024-04-27T00:18:26.134+0000] {processor.py:840} INFO - DAG(s) 'example_task_group_decorator' retrieved from /home/airflow/.local/lib/python3.12/site-packages/airflow/example_dags/example_task_group_decorator.py
[2024-04-27T00:18:26.164+0000] {logging_mixin.py:188} INFO - [2024-04-27T00:18:26.163+0000] {dag.py:3096} INFO - Sync 1 DAGs
[2024-04-27T00:18:26.191+0000] {logging_mixin.py:188} INFO - [2024-04-27T00:18:26.190+0000] {dag.py:3954} INFO - Setting next_dagrun for example_task_group_decorator to 2024-04-26 00:00:00+00:00, run_after=2024-04-27 00:00:00+00:00
[2024-04-27T00:18:26.210+0000] {processor.py:183} INFO - Processing /home/airflow/.local/lib/python3.12/site-packages/airflow/example_dags/example_task_group_decorator.py took 0.098 seconds
[2024-04-27T00:18:56.279+0000] {processor.py:161} INFO - Started process (PID=12792) to work on /home/airflow/.local/lib/python3.12/site-packages/airflow/example_dags/example_task_group_decorator.py
[2024-04-27T00:18:56.280+0000] {processor.py:830} INFO - Processing file /home/airflow/.local/lib/python3.12/site-packages/airflow/example_dags/example_task_group_decorator.py for tasks to queue
[2024-04-27T00:18:56.281+0000] {logging_mixin.py:188} INFO - [2024-04-27T00:18:56.280+0000] {dagbag.py:540} INFO - Filling up the DagBag from /home/airflow/.local/lib/python3.12/site-packages/airflow/example_dags/example_task_group_decorator.py
[2024-04-27T00:18:56.292+0000] {processor.py:840} INFO - DAG(s) 'example_task_group_decorator' retrieved from /home/airflow/.local/lib/python3.12/site-packages/airflow/example_dags/example_task_group_decorator.py
[2024-04-27T00:18:56.313+0000] {logging_mixin.py:188} INFO - [2024-04-27T00:18:56.312+0000] {dag.py:3096} INFO - Sync 1 DAGs
[2024-04-27T00:18:56.332+0000] {logging_mixin.py:188} INFO - [2024-04-27T00:18:56.332+0000] {dag.py:3954} INFO - Setting next_dagrun for example_task_group_decorator to 2024-04-26 00:00:00+00:00, run_after=2024-04-27 00:00:00+00:00
[2024-04-27T00:18:56.349+0000] {processor.py:183} INFO - Processing /home/airflow/.local/lib/python3.12/site-packages/airflow/example_dags/example_task_group_decorator.py took 0.076 seconds
[2024-04-27T00:19:27.336+0000] {processor.py:161} INFO - Started process (PID=12852) to work on /home/airflow/.local/lib/python3.12/site-packages/airflow/example_dags/example_task_group_decorator.py
[2024-04-27T00:19:27.338+0000] {processor.py:830} INFO - Processing file /home/airflow/.local/lib/python3.12/site-packages/airflow/example_dags/example_task_group_decorator.py for tasks to queue
[2024-04-27T00:19:27.339+0000] {logging_mixin.py:188} INFO - [2024-04-27T00:19:27.338+0000] {dagbag.py:540} INFO - Filling up the DagBag from /home/airflow/.local/lib/python3.12/site-packages/airflow/example_dags/example_task_group_decorator.py
[2024-04-27T00:19:27.357+0000] {processor.py:840} INFO - DAG(s) 'example_task_group_decorator' retrieved from /home/airflow/.local/lib/python3.12/site-packages/airflow/example_dags/example_task_group_decorator.py
[2024-04-27T00:19:27.383+0000] {logging_mixin.py:188} INFO - [2024-04-27T00:19:27.383+0000] {dag.py:3096} INFO - Sync 1 DAGs
[2024-04-27T00:19:27.406+0000] {logging_mixin.py:188} INFO - [2024-04-27T00:19:27.406+0000] {dag.py:3954} INFO - Setting next_dagrun for example_task_group_decorator to 2024-04-26 00:00:00+00:00, run_after=2024-04-27 00:00:00+00:00
[2024-04-27T00:19:27.429+0000] {processor.py:183} INFO - Processing /home/airflow/.local/lib/python3.12/site-packages/airflow/example_dags/example_task_group_decorator.py took 0.103 seconds
[2024-04-27T00:19:57.958+0000] {processor.py:161} INFO - Started process (PID=12912) to work on /home/airflow/.local/lib/python3.12/site-packages/airflow/example_dags/example_task_group_decorator.py
[2024-04-27T00:19:57.959+0000] {processor.py:830} INFO - Processing file /home/airflow/.local/lib/python3.12/site-packages/airflow/example_dags/example_task_group_decorator.py for tasks to queue
[2024-04-27T00:19:57.960+0000] {logging_mixin.py:188} INFO - [2024-04-27T00:19:57.960+0000] {dagbag.py:540} INFO - Filling up the DagBag from /home/airflow/.local/lib/python3.12/site-packages/airflow/example_dags/example_task_group_decorator.py
[2024-04-27T00:19:57.972+0000] {processor.py:840} INFO - DAG(s) 'example_task_group_decorator' retrieved from /home/airflow/.local/lib/python3.12/site-packages/airflow/example_dags/example_task_group_decorator.py
[2024-04-27T00:19:57.994+0000] {logging_mixin.py:188} INFO - [2024-04-27T00:19:57.994+0000] {dag.py:3096} INFO - Sync 1 DAGs
[2024-04-27T00:19:58.012+0000] {logging_mixin.py:188} INFO - [2024-04-27T00:19:58.012+0000] {dag.py:3954} INFO - Setting next_dagrun for example_task_group_decorator to 2024-04-26 00:00:00+00:00, run_after=2024-04-27 00:00:00+00:00
[2024-04-27T00:19:58.029+0000] {processor.py:183} INFO - Processing /home/airflow/.local/lib/python3.12/site-packages/airflow/example_dags/example_task_group_decorator.py took 0.077 seconds
[2024-04-27T00:20:28.304+0000] {processor.py:161} INFO - Started process (PID=12971) to work on /home/airflow/.local/lib/python3.12/site-packages/airflow/example_dags/example_task_group_decorator.py
[2024-04-27T00:20:28.305+0000] {processor.py:830} INFO - Processing file /home/airflow/.local/lib/python3.12/site-packages/airflow/example_dags/example_task_group_decorator.py for tasks to queue
[2024-04-27T00:20:28.306+0000] {logging_mixin.py:188} INFO - [2024-04-27T00:20:28.306+0000] {dagbag.py:540} INFO - Filling up the DagBag from /home/airflow/.local/lib/python3.12/site-packages/airflow/example_dags/example_task_group_decorator.py
[2024-04-27T00:20:28.318+0000] {processor.py:840} INFO - DAG(s) 'example_task_group_decorator' retrieved from /home/airflow/.local/lib/python3.12/site-packages/airflow/example_dags/example_task_group_decorator.py
[2024-04-27T00:20:28.343+0000] {logging_mixin.py:188} INFO - [2024-04-27T00:20:28.342+0000] {dag.py:3096} INFO - Sync 1 DAGs
[2024-04-27T00:20:28.362+0000] {logging_mixin.py:188} INFO - [2024-04-27T00:20:28.362+0000] {dag.py:3954} INFO - Setting next_dagrun for example_task_group_decorator to 2024-04-26 00:00:00+00:00, run_after=2024-04-27 00:00:00+00:00
[2024-04-27T00:20:28.380+0000] {processor.py:183} INFO - Processing /home/airflow/.local/lib/python3.12/site-packages/airflow/example_dags/example_task_group_decorator.py took 0.082 seconds
[2024-04-27T00:20:58.687+0000] {processor.py:161} INFO - Started process (PID=13029) to work on /home/airflow/.local/lib/python3.12/site-packages/airflow/example_dags/example_task_group_decorator.py
[2024-04-27T00:20:58.689+0000] {processor.py:830} INFO - Processing file /home/airflow/.local/lib/python3.12/site-packages/airflow/example_dags/example_task_group_decorator.py for tasks to queue
[2024-04-27T00:20:58.690+0000] {logging_mixin.py:188} INFO - [2024-04-27T00:20:58.689+0000] {dagbag.py:540} INFO - Filling up the DagBag from /home/airflow/.local/lib/python3.12/site-packages/airflow/example_dags/example_task_group_decorator.py
[2024-04-27T00:20:58.702+0000] {processor.py:840} INFO - DAG(s) 'example_task_group_decorator' retrieved from /home/airflow/.local/lib/python3.12/site-packages/airflow/example_dags/example_task_group_decorator.py
[2024-04-27T00:20:58.726+0000] {logging_mixin.py:188} INFO - [2024-04-27T00:20:58.726+0000] {dag.py:3096} INFO - Sync 1 DAGs
[2024-04-27T00:20:58.744+0000] {logging_mixin.py:188} INFO - [2024-04-27T00:20:58.744+0000] {dag.py:3954} INFO - Setting next_dagrun for example_task_group_decorator to 2024-04-26 00:00:00+00:00, run_after=2024-04-27 00:00:00+00:00
[2024-04-27T00:20:58.766+0000] {processor.py:183} INFO - Processing /home/airflow/.local/lib/python3.12/site-packages/airflow/example_dags/example_task_group_decorator.py took 0.083 seconds
[2024-04-27T00:21:29.087+0000] {processor.py:161} INFO - Started process (PID=13089) to work on /home/airflow/.local/lib/python3.12/site-packages/airflow/example_dags/example_task_group_decorator.py
[2024-04-27T00:21:29.088+0000] {processor.py:830} INFO - Processing file /home/airflow/.local/lib/python3.12/site-packages/airflow/example_dags/example_task_group_decorator.py for tasks to queue
[2024-04-27T00:21:29.089+0000] {logging_mixin.py:188} INFO - [2024-04-27T00:21:29.088+0000] {dagbag.py:540} INFO - Filling up the DagBag from /home/airflow/.local/lib/python3.12/site-packages/airflow/example_dags/example_task_group_decorator.py
[2024-04-27T00:21:29.102+0000] {processor.py:840} INFO - DAG(s) 'example_task_group_decorator' retrieved from /home/airflow/.local/lib/python3.12/site-packages/airflow/example_dags/example_task_group_decorator.py
[2024-04-27T00:21:29.126+0000] {logging_mixin.py:188} INFO - [2024-04-27T00:21:29.125+0000] {dag.py:3096} INFO - Sync 1 DAGs
[2024-04-27T00:21:29.153+0000] {logging_mixin.py:188} INFO - [2024-04-27T00:21:29.153+0000] {dag.py:3954} INFO - Setting next_dagrun for example_task_group_decorator to 2024-04-26 00:00:00+00:00, run_after=2024-04-27 00:00:00+00:00
[2024-04-27T00:21:29.178+0000] {processor.py:183} INFO - Processing /home/airflow/.local/lib/python3.12/site-packages/airflow/example_dags/example_task_group_decorator.py took 0.097 seconds
[2024-04-27T00:21:59.451+0000] {processor.py:161} INFO - Started process (PID=13149) to work on /home/airflow/.local/lib/python3.12/site-packages/airflow/example_dags/example_task_group_decorator.py
[2024-04-27T00:21:59.452+0000] {processor.py:830} INFO - Processing file /home/airflow/.local/lib/python3.12/site-packages/airflow/example_dags/example_task_group_decorator.py for tasks to queue
[2024-04-27T00:21:59.454+0000] {logging_mixin.py:188} INFO - [2024-04-27T00:21:59.453+0000] {dagbag.py:540} INFO - Filling up the DagBag from /home/airflow/.local/lib/python3.12/site-packages/airflow/example_dags/example_task_group_decorator.py
[2024-04-27T00:21:59.468+0000] {processor.py:840} INFO - DAG(s) 'example_task_group_decorator' retrieved from /home/airflow/.local/lib/python3.12/site-packages/airflow/example_dags/example_task_group_decorator.py
[2024-04-27T00:21:59.494+0000] {logging_mixin.py:188} INFO - [2024-04-27T00:21:59.494+0000] {dag.py:3096} INFO - Sync 1 DAGs
[2024-04-27T00:21:59.514+0000] {logging_mixin.py:188} INFO - [2024-04-27T00:21:59.513+0000] {dag.py:3954} INFO - Setting next_dagrun for example_task_group_decorator to 2024-04-26 00:00:00+00:00, run_after=2024-04-27 00:00:00+00:00
[2024-04-27T00:21:59.530+0000] {processor.py:183} INFO - Processing /home/airflow/.local/lib/python3.12/site-packages/airflow/example_dags/example_task_group_decorator.py took 0.084 seconds
[2024-04-27T00:22:30.156+0000] {processor.py:161} INFO - Started process (PID=13209) to work on /home/airflow/.local/lib/python3.12/site-packages/airflow/example_dags/example_task_group_decorator.py
[2024-04-27T00:22:30.158+0000] {processor.py:830} INFO - Processing file /home/airflow/.local/lib/python3.12/site-packages/airflow/example_dags/example_task_group_decorator.py for tasks to queue
[2024-04-27T00:22:30.159+0000] {logging_mixin.py:188} INFO - [2024-04-27T00:22:30.159+0000] {dagbag.py:540} INFO - Filling up the DagBag from /home/airflow/.local/lib/python3.12/site-packages/airflow/example_dags/example_task_group_decorator.py
[2024-04-27T00:22:30.173+0000] {processor.py:840} INFO - DAG(s) 'example_task_group_decorator' retrieved from /home/airflow/.local/lib/python3.12/site-packages/airflow/example_dags/example_task_group_decorator.py
[2024-04-27T00:22:30.199+0000] {logging_mixin.py:188} INFO - [2024-04-27T00:22:30.199+0000] {dag.py:3096} INFO - Sync 1 DAGs
[2024-04-27T00:22:30.223+0000] {logging_mixin.py:188} INFO - [2024-04-27T00:22:30.223+0000] {dag.py:3954} INFO - Setting next_dagrun for example_task_group_decorator to 2024-04-26 00:00:00+00:00, run_after=2024-04-27 00:00:00+00:00
[2024-04-27T00:22:30.249+0000] {processor.py:183} INFO - Processing /home/airflow/.local/lib/python3.12/site-packages/airflow/example_dags/example_task_group_decorator.py took 0.105 seconds
[2024-04-27T00:23:00.872+0000] {processor.py:161} INFO - Started process (PID=13269) to work on /home/airflow/.local/lib/python3.12/site-packages/airflow/example_dags/example_task_group_decorator.py
[2024-04-27T00:23:00.874+0000] {processor.py:830} INFO - Processing file /home/airflow/.local/lib/python3.12/site-packages/airflow/example_dags/example_task_group_decorator.py for tasks to queue
[2024-04-27T00:23:00.878+0000] {logging_mixin.py:188} INFO - [2024-04-27T00:23:00.877+0000] {dagbag.py:540} INFO - Filling up the DagBag from /home/airflow/.local/lib/python3.12/site-packages/airflow/example_dags/example_task_group_decorator.py
[2024-04-27T00:23:00.895+0000] {processor.py:840} INFO - DAG(s) 'example_task_group_decorator' retrieved from /home/airflow/.local/lib/python3.12/site-packages/airflow/example_dags/example_task_group_decorator.py
[2024-04-27T00:23:00.924+0000] {logging_mixin.py:188} INFO - [2024-04-27T00:23:00.924+0000] {dag.py:3096} INFO - Sync 1 DAGs
[2024-04-27T00:23:00.945+0000] {logging_mixin.py:188} INFO - [2024-04-27T00:23:00.945+0000] {dag.py:3954} INFO - Setting next_dagrun for example_task_group_decorator to 2024-04-26 00:00:00+00:00, run_after=2024-04-27 00:00:00+00:00
[2024-04-27T00:23:00.963+0000] {processor.py:183} INFO - Processing /home/airflow/.local/lib/python3.12/site-packages/airflow/example_dags/example_task_group_decorator.py took 0.101 seconds
[2024-04-27T00:23:31.297+0000] {processor.py:161} INFO - Started process (PID=13329) to work on /home/airflow/.local/lib/python3.12/site-packages/airflow/example_dags/example_task_group_decorator.py
[2024-04-27T00:23:31.298+0000] {processor.py:830} INFO - Processing file /home/airflow/.local/lib/python3.12/site-packages/airflow/example_dags/example_task_group_decorator.py for tasks to queue
[2024-04-27T00:23:31.299+0000] {logging_mixin.py:188} INFO - [2024-04-27T00:23:31.298+0000] {dagbag.py:540} INFO - Filling up the DagBag from /home/airflow/.local/lib/python3.12/site-packages/airflow/example_dags/example_task_group_decorator.py
[2024-04-27T00:23:31.311+0000] {processor.py:840} INFO - DAG(s) 'example_task_group_decorator' retrieved from /home/airflow/.local/lib/python3.12/site-packages/airflow/example_dags/example_task_group_decorator.py
[2024-04-27T00:23:31.332+0000] {logging_mixin.py:188} INFO - [2024-04-27T00:23:31.332+0000] {dag.py:3096} INFO - Sync 1 DAGs
[2024-04-27T00:23:31.351+0000] {logging_mixin.py:188} INFO - [2024-04-27T00:23:31.351+0000] {dag.py:3954} INFO - Setting next_dagrun for example_task_group_decorator to 2024-04-26 00:00:00+00:00, run_after=2024-04-27 00:00:00+00:00
[2024-04-27T00:23:31.365+0000] {processor.py:183} INFO - Processing /home/airflow/.local/lib/python3.12/site-packages/airflow/example_dags/example_task_group_decorator.py took 0.074 seconds
[2024-04-27T00:24:02.005+0000] {processor.py:161} INFO - Started process (PID=13390) to work on /home/airflow/.local/lib/python3.12/site-packages/airflow/example_dags/example_task_group_decorator.py
[2024-04-27T00:24:02.006+0000] {processor.py:830} INFO - Processing file /home/airflow/.local/lib/python3.12/site-packages/airflow/example_dags/example_task_group_decorator.py for tasks to queue
[2024-04-27T00:24:02.007+0000] {logging_mixin.py:188} INFO - [2024-04-27T00:24:02.007+0000] {dagbag.py:540} INFO - Filling up the DagBag from /home/airflow/.local/lib/python3.12/site-packages/airflow/example_dags/example_task_group_decorator.py
[2024-04-27T00:24:02.023+0000] {processor.py:840} INFO - DAG(s) 'example_task_group_decorator' retrieved from /home/airflow/.local/lib/python3.12/site-packages/airflow/example_dags/example_task_group_decorator.py
[2024-04-27T00:24:02.049+0000] {logging_mixin.py:188} INFO - [2024-04-27T00:24:02.049+0000] {dag.py:3096} INFO - Sync 1 DAGs
[2024-04-27T00:24:02.070+0000] {logging_mixin.py:188} INFO - [2024-04-27T00:24:02.070+0000] {dag.py:3954} INFO - Setting next_dagrun for example_task_group_decorator to 2024-04-26 00:00:00+00:00, run_after=2024-04-27 00:00:00+00:00
[2024-04-27T00:24:02.088+0000] {processor.py:183} INFO - Processing /home/airflow/.local/lib/python3.12/site-packages/airflow/example_dags/example_task_group_decorator.py took 0.089 seconds
[2024-04-27T00:24:32.657+0000] {processor.py:161} INFO - Started process (PID=13450) to work on /home/airflow/.local/lib/python3.12/site-packages/airflow/example_dags/example_task_group_decorator.py
[2024-04-27T00:24:32.658+0000] {processor.py:830} INFO - Processing file /home/airflow/.local/lib/python3.12/site-packages/airflow/example_dags/example_task_group_decorator.py for tasks to queue
[2024-04-27T00:24:32.659+0000] {logging_mixin.py:188} INFO - [2024-04-27T00:24:32.659+0000] {dagbag.py:540} INFO - Filling up the DagBag from /home/airflow/.local/lib/python3.12/site-packages/airflow/example_dags/example_task_group_decorator.py
[2024-04-27T00:24:32.672+0000] {processor.py:840} INFO - DAG(s) 'example_task_group_decorator' retrieved from /home/airflow/.local/lib/python3.12/site-packages/airflow/example_dags/example_task_group_decorator.py
[2024-04-27T00:24:32.692+0000] {logging_mixin.py:188} INFO - [2024-04-27T00:24:32.692+0000] {dag.py:3096} INFO - Sync 1 DAGs
[2024-04-27T00:24:32.710+0000] {logging_mixin.py:188} INFO - [2024-04-27T00:24:32.710+0000] {dag.py:3954} INFO - Setting next_dagrun for example_task_group_decorator to 2024-04-26 00:00:00+00:00, run_after=2024-04-27 00:00:00+00:00
[2024-04-27T00:24:32.725+0000] {processor.py:183} INFO - Processing /home/airflow/.local/lib/python3.12/site-packages/airflow/example_dags/example_task_group_decorator.py took 0.073 seconds
[2024-04-27T00:25:03.084+0000] {processor.py:161} INFO - Started process (PID=13510) to work on /home/airflow/.local/lib/python3.12/site-packages/airflow/example_dags/example_task_group_decorator.py
[2024-04-27T00:25:03.086+0000] {processor.py:830} INFO - Processing file /home/airflow/.local/lib/python3.12/site-packages/airflow/example_dags/example_task_group_decorator.py for tasks to queue
[2024-04-27T00:25:03.088+0000] {logging_mixin.py:188} INFO - [2024-04-27T00:25:03.087+0000] {dagbag.py:540} INFO - Filling up the DagBag from /home/airflow/.local/lib/python3.12/site-packages/airflow/example_dags/example_task_group_decorator.py
[2024-04-27T00:25:03.100+0000] {processor.py:840} INFO - DAG(s) 'example_task_group_decorator' retrieved from /home/airflow/.local/lib/python3.12/site-packages/airflow/example_dags/example_task_group_decorator.py
[2024-04-27T00:25:03.124+0000] {logging_mixin.py:188} INFO - [2024-04-27T00:25:03.124+0000] {dag.py:3096} INFO - Sync 1 DAGs
[2024-04-27T00:25:03.143+0000] {logging_mixin.py:188} INFO - [2024-04-27T00:25:03.143+0000] {dag.py:3954} INFO - Setting next_dagrun for example_task_group_decorator to 2024-04-26 00:00:00+00:00, run_after=2024-04-27 00:00:00+00:00
[2024-04-27T00:25:03.176+0000] {processor.py:183} INFO - Processing /home/airflow/.local/lib/python3.12/site-packages/airflow/example_dags/example_task_group_decorator.py took 0.099 seconds
