[2024-04-27T00:00:02.092+0000] {processor.py:161} INFO - Started process (PID=10550) to work on /home/airflow/.local/lib/python3.12/site-packages/airflow/example_dags/example_setup_teardown_taskflow.py
[2024-04-27T00:00:02.094+0000] {processor.py:830} INFO - Processing file /home/airflow/.local/lib/python3.12/site-packages/airflow/example_dags/example_setup_teardown_taskflow.py for tasks to queue
[2024-04-27T00:00:02.098+0000] {logging_mixin.py:188} INFO - [2024-04-27T00:00:02.097+0000] {dagbag.py:540} INFO - Filling up the DagBag from /home/airflow/.local/lib/python3.12/site-packages/airflow/example_dags/example_setup_teardown_taskflow.py
[2024-04-27T00:00:02.115+0000] {processor.py:840} INFO - DAG(s) 'example_setup_teardown_taskflow' retrieved from /home/airflow/.local/lib/python3.12/site-packages/airflow/example_dags/example_setup_teardown_taskflow.py
[2024-04-27T00:00:02.158+0000] {logging_mixin.py:188} INFO - [2024-04-27T00:00:02.157+0000] {dag.py:3096} INFO - Sync 1 DAGs
[2024-04-27T00:00:02.192+0000] {logging_mixin.py:188} INFO - [2024-04-27T00:00:02.192+0000] {dag.py:3954} INFO - Setting next_dagrun for example_setup_teardown_taskflow to 2024-04-26 00:00:00+00:00, run_after=2024-04-27 00:00:00+00:00
[2024-04-27T00:00:02.216+0000] {processor.py:183} INFO - Processing /home/airflow/.local/lib/python3.12/site-packages/airflow/example_dags/example_setup_teardown_taskflow.py took 0.137 seconds
[2024-04-27T00:00:32.260+0000] {processor.py:161} INFO - Started process (PID=10609) to work on /home/airflow/.local/lib/python3.12/site-packages/airflow/example_dags/example_setup_teardown_taskflow.py
[2024-04-27T00:00:32.261+0000] {processor.py:830} INFO - Processing file /home/airflow/.local/lib/python3.12/site-packages/airflow/example_dags/example_setup_teardown_taskflow.py for tasks to queue
[2024-04-27T00:00:32.263+0000] {logging_mixin.py:188} INFO - [2024-04-27T00:00:32.262+0000] {dagbag.py:540} INFO - Filling up the DagBag from /home/airflow/.local/lib/python3.12/site-packages/airflow/example_dags/example_setup_teardown_taskflow.py
[2024-04-27T00:00:32.270+0000] {processor.py:840} INFO - DAG(s) 'example_setup_teardown_taskflow' retrieved from /home/airflow/.local/lib/python3.12/site-packages/airflow/example_dags/example_setup_teardown_taskflow.py
[2024-04-27T00:00:32.288+0000] {logging_mixin.py:188} INFO - [2024-04-27T00:00:32.287+0000] {dag.py:3096} INFO - Sync 1 DAGs
[2024-04-27T00:00:32.306+0000] {logging_mixin.py:188} INFO - [2024-04-27T00:00:32.305+0000] {dag.py:3954} INFO - Setting next_dagrun for example_setup_teardown_taskflow to 2024-04-26 00:00:00+00:00, run_after=2024-04-27 00:00:00+00:00
[2024-04-27T00:00:32.321+0000] {processor.py:183} INFO - Processing /home/airflow/.local/lib/python3.12/site-packages/airflow/example_dags/example_setup_teardown_taskflow.py took 0.066 seconds
[2024-04-27T00:01:02.562+0000] {processor.py:161} INFO - Started process (PID=10670) to work on /home/airflow/.local/lib/python3.12/site-packages/airflow/example_dags/example_setup_teardown_taskflow.py
[2024-04-27T00:01:02.563+0000] {processor.py:830} INFO - Processing file /home/airflow/.local/lib/python3.12/site-packages/airflow/example_dags/example_setup_teardown_taskflow.py for tasks to queue
[2024-04-27T00:01:02.565+0000] {logging_mixin.py:188} INFO - [2024-04-27T00:01:02.565+0000] {dagbag.py:540} INFO - Filling up the DagBag from /home/airflow/.local/lib/python3.12/site-packages/airflow/example_dags/example_setup_teardown_taskflow.py
[2024-04-27T00:01:02.575+0000] {processor.py:840} INFO - DAG(s) 'example_setup_teardown_taskflow' retrieved from /home/airflow/.local/lib/python3.12/site-packages/airflow/example_dags/example_setup_teardown_taskflow.py
[2024-04-27T00:01:02.597+0000] {logging_mixin.py:188} INFO - [2024-04-27T00:01:02.597+0000] {dag.py:3096} INFO - Sync 1 DAGs
[2024-04-27T00:01:02.616+0000] {logging_mixin.py:188} INFO - [2024-04-27T00:01:02.616+0000] {dag.py:3954} INFO - Setting next_dagrun for example_setup_teardown_taskflow to 2024-04-26 00:00:00+00:00, run_after=2024-04-27 00:00:00+00:00
[2024-04-27T00:01:02.639+0000] {processor.py:183} INFO - Processing /home/airflow/.local/lib/python3.12/site-packages/airflow/example_dags/example_setup_teardown_taskflow.py took 0.085 seconds
[2024-04-27T00:01:33.185+0000] {processor.py:161} INFO - Started process (PID=10731) to work on /home/airflow/.local/lib/python3.12/site-packages/airflow/example_dags/example_setup_teardown_taskflow.py
[2024-04-27T00:01:33.186+0000] {processor.py:830} INFO - Processing file /home/airflow/.local/lib/python3.12/site-packages/airflow/example_dags/example_setup_teardown_taskflow.py for tasks to queue
[2024-04-27T00:01:33.188+0000] {logging_mixin.py:188} INFO - [2024-04-27T00:01:33.187+0000] {dagbag.py:540} INFO - Filling up the DagBag from /home/airflow/.local/lib/python3.12/site-packages/airflow/example_dags/example_setup_teardown_taskflow.py
[2024-04-27T00:01:33.199+0000] {processor.py:840} INFO - DAG(s) 'example_setup_teardown_taskflow' retrieved from /home/airflow/.local/lib/python3.12/site-packages/airflow/example_dags/example_setup_teardown_taskflow.py
[2024-04-27T00:01:33.220+0000] {logging_mixin.py:188} INFO - [2024-04-27T00:01:33.219+0000] {dag.py:3096} INFO - Sync 1 DAGs
[2024-04-27T00:01:33.241+0000] {logging_mixin.py:188} INFO - [2024-04-27T00:01:33.241+0000] {dag.py:3954} INFO - Setting next_dagrun for example_setup_teardown_taskflow to 2024-04-26 00:00:00+00:00, run_after=2024-04-27 00:00:00+00:00
[2024-04-27T00:01:33.261+0000] {processor.py:183} INFO - Processing /home/airflow/.local/lib/python3.12/site-packages/airflow/example_dags/example_setup_teardown_taskflow.py took 0.083 seconds
[2024-04-27T00:02:03.978+0000] {processor.py:161} INFO - Started process (PID=10792) to work on /home/airflow/.local/lib/python3.12/site-packages/airflow/example_dags/example_setup_teardown_taskflow.py
[2024-04-27T00:02:03.980+0000] {processor.py:830} INFO - Processing file /home/airflow/.local/lib/python3.12/site-packages/airflow/example_dags/example_setup_teardown_taskflow.py for tasks to queue
[2024-04-27T00:02:03.981+0000] {logging_mixin.py:188} INFO - [2024-04-27T00:02:03.981+0000] {dagbag.py:540} INFO - Filling up the DagBag from /home/airflow/.local/lib/python3.12/site-packages/airflow/example_dags/example_setup_teardown_taskflow.py
[2024-04-27T00:02:03.991+0000] {processor.py:840} INFO - DAG(s) 'example_setup_teardown_taskflow' retrieved from /home/airflow/.local/lib/python3.12/site-packages/airflow/example_dags/example_setup_teardown_taskflow.py
[2024-04-27T00:02:04.012+0000] {logging_mixin.py:188} INFO - [2024-04-27T00:02:04.012+0000] {dag.py:3096} INFO - Sync 1 DAGs
[2024-04-27T00:02:04.035+0000] {logging_mixin.py:188} INFO - [2024-04-27T00:02:04.035+0000] {dag.py:3954} INFO - Setting next_dagrun for example_setup_teardown_taskflow to 2024-04-26 00:00:00+00:00, run_after=2024-04-27 00:00:00+00:00
[2024-04-27T00:02:04.057+0000] {processor.py:183} INFO - Processing /home/airflow/.local/lib/python3.12/site-packages/airflow/example_dags/example_setup_teardown_taskflow.py took 0.088 seconds
[2024-04-27T00:02:34.377+0000] {processor.py:161} INFO - Started process (PID=10853) to work on /home/airflow/.local/lib/python3.12/site-packages/airflow/example_dags/example_setup_teardown_taskflow.py
[2024-04-27T00:02:34.378+0000] {processor.py:830} INFO - Processing file /home/airflow/.local/lib/python3.12/site-packages/airflow/example_dags/example_setup_teardown_taskflow.py for tasks to queue
[2024-04-27T00:02:34.380+0000] {logging_mixin.py:188} INFO - [2024-04-27T00:02:34.379+0000] {dagbag.py:540} INFO - Filling up the DagBag from /home/airflow/.local/lib/python3.12/site-packages/airflow/example_dags/example_setup_teardown_taskflow.py
[2024-04-27T00:02:34.397+0000] {processor.py:840} INFO - DAG(s) 'example_setup_teardown_taskflow' retrieved from /home/airflow/.local/lib/python3.12/site-packages/airflow/example_dags/example_setup_teardown_taskflow.py
[2024-04-27T00:02:34.422+0000] {logging_mixin.py:188} INFO - [2024-04-27T00:02:34.422+0000] {dag.py:3096} INFO - Sync 1 DAGs
[2024-04-27T00:02:34.441+0000] {logging_mixin.py:188} INFO - [2024-04-27T00:02:34.441+0000] {dag.py:3954} INFO - Setting next_dagrun for example_setup_teardown_taskflow to 2024-04-26 00:00:00+00:00, run_after=2024-04-27 00:00:00+00:00
[2024-04-27T00:02:34.456+0000] {processor.py:183} INFO - Processing /home/airflow/.local/lib/python3.12/site-packages/airflow/example_dags/example_setup_teardown_taskflow.py took 0.084 seconds
[2024-04-27T00:03:05.459+0000] {processor.py:161} INFO - Started process (PID=10914) to work on /home/airflow/.local/lib/python3.12/site-packages/airflow/example_dags/example_setup_teardown_taskflow.py
[2024-04-27T00:03:05.460+0000] {processor.py:830} INFO - Processing file /home/airflow/.local/lib/python3.12/site-packages/airflow/example_dags/example_setup_teardown_taskflow.py for tasks to queue
[2024-04-27T00:03:05.462+0000] {logging_mixin.py:188} INFO - [2024-04-27T00:03:05.462+0000] {dagbag.py:540} INFO - Filling up the DagBag from /home/airflow/.local/lib/python3.12/site-packages/airflow/example_dags/example_setup_teardown_taskflow.py
[2024-04-27T00:03:05.470+0000] {processor.py:840} INFO - DAG(s) 'example_setup_teardown_taskflow' retrieved from /home/airflow/.local/lib/python3.12/site-packages/airflow/example_dags/example_setup_teardown_taskflow.py
[2024-04-27T00:03:05.487+0000] {logging_mixin.py:188} INFO - [2024-04-27T00:03:05.487+0000] {dag.py:3096} INFO - Sync 1 DAGs
[2024-04-27T00:03:05.614+0000] {logging_mixin.py:188} INFO - [2024-04-27T00:03:05.614+0000] {dag.py:3954} INFO - Setting next_dagrun for example_setup_teardown_taskflow to 2024-04-26 00:00:00+00:00, run_after=2024-04-27 00:00:00+00:00
[2024-04-27T00:03:05.632+0000] {processor.py:183} INFO - Processing /home/airflow/.local/lib/python3.12/site-packages/airflow/example_dags/example_setup_teardown_taskflow.py took 0.178 seconds
[2024-04-27T00:03:35.825+0000] {processor.py:161} INFO - Started process (PID=10975) to work on /home/airflow/.local/lib/python3.12/site-packages/airflow/example_dags/example_setup_teardown_taskflow.py
[2024-04-27T00:03:35.827+0000] {processor.py:830} INFO - Processing file /home/airflow/.local/lib/python3.12/site-packages/airflow/example_dags/example_setup_teardown_taskflow.py for tasks to queue
[2024-04-27T00:03:35.828+0000] {logging_mixin.py:188} INFO - [2024-04-27T00:03:35.828+0000] {dagbag.py:540} INFO - Filling up the DagBag from /home/airflow/.local/lib/python3.12/site-packages/airflow/example_dags/example_setup_teardown_taskflow.py
[2024-04-27T00:03:35.837+0000] {processor.py:840} INFO - DAG(s) 'example_setup_teardown_taskflow' retrieved from /home/airflow/.local/lib/python3.12/site-packages/airflow/example_dags/example_setup_teardown_taskflow.py
[2024-04-27T00:03:35.856+0000] {logging_mixin.py:188} INFO - [2024-04-27T00:03:35.855+0000] {dag.py:3096} INFO - Sync 1 DAGs
[2024-04-27T00:03:35.989+0000] {logging_mixin.py:188} INFO - [2024-04-27T00:03:35.988+0000] {dag.py:3954} INFO - Setting next_dagrun for example_setup_teardown_taskflow to 2024-04-26 00:00:00+00:00, run_after=2024-04-27 00:00:00+00:00
[2024-04-27T00:03:36.063+0000] {processor.py:183} INFO - Processing /home/airflow/.local/lib/python3.12/site-packages/airflow/example_dags/example_setup_teardown_taskflow.py took 0.243 seconds
[2024-04-27T00:04:06.338+0000] {processor.py:161} INFO - Started process (PID=11035) to work on /home/airflow/.local/lib/python3.12/site-packages/airflow/example_dags/example_setup_teardown_taskflow.py
[2024-04-27T00:04:06.339+0000] {processor.py:830} INFO - Processing file /home/airflow/.local/lib/python3.12/site-packages/airflow/example_dags/example_setup_teardown_taskflow.py for tasks to queue
[2024-04-27T00:04:06.341+0000] {logging_mixin.py:188} INFO - [2024-04-27T00:04:06.341+0000] {dagbag.py:540} INFO - Filling up the DagBag from /home/airflow/.local/lib/python3.12/site-packages/airflow/example_dags/example_setup_teardown_taskflow.py
[2024-04-27T00:04:06.349+0000] {processor.py:840} INFO - DAG(s) 'example_setup_teardown_taskflow' retrieved from /home/airflow/.local/lib/python3.12/site-packages/airflow/example_dags/example_setup_teardown_taskflow.py
[2024-04-27T00:04:06.369+0000] {logging_mixin.py:188} INFO - [2024-04-27T00:04:06.369+0000] {dag.py:3096} INFO - Sync 1 DAGs
[2024-04-27T00:04:06.388+0000] {logging_mixin.py:188} INFO - [2024-04-27T00:04:06.388+0000] {dag.py:3954} INFO - Setting next_dagrun for example_setup_teardown_taskflow to 2024-04-26 00:00:00+00:00, run_after=2024-04-27 00:00:00+00:00
[2024-04-27T00:04:06.514+0000] {processor.py:183} INFO - Processing /home/airflow/.local/lib/python3.12/site-packages/airflow/example_dags/example_setup_teardown_taskflow.py took 0.182 seconds
[2024-04-27T00:04:36.809+0000] {processor.py:161} INFO - Started process (PID=11095) to work on /home/airflow/.local/lib/python3.12/site-packages/airflow/example_dags/example_setup_teardown_taskflow.py
[2024-04-27T00:04:36.813+0000] {processor.py:830} INFO - Processing file /home/airflow/.local/lib/python3.12/site-packages/airflow/example_dags/example_setup_teardown_taskflow.py for tasks to queue
[2024-04-27T00:04:36.816+0000] {logging_mixin.py:188} INFO - [2024-04-27T00:04:36.815+0000] {dagbag.py:540} INFO - Filling up the DagBag from /home/airflow/.local/lib/python3.12/site-packages/airflow/example_dags/example_setup_teardown_taskflow.py
[2024-04-27T00:04:36.828+0000] {processor.py:840} INFO - DAG(s) 'example_setup_teardown_taskflow' retrieved from /home/airflow/.local/lib/python3.12/site-packages/airflow/example_dags/example_setup_teardown_taskflow.py
[2024-04-27T00:04:36.863+0000] {logging_mixin.py:188} INFO - [2024-04-27T00:04:36.860+0000] {dag.py:3096} INFO - Sync 1 DAGs
[2024-04-27T00:04:36.889+0000] {logging_mixin.py:188} INFO - [2024-04-27T00:04:36.889+0000] {dag.py:3954} INFO - Setting next_dagrun for example_setup_teardown_taskflow to 2024-04-26 00:00:00+00:00, run_after=2024-04-27 00:00:00+00:00
[2024-04-27T00:04:36.909+0000] {processor.py:183} INFO - Processing /home/airflow/.local/lib/python3.12/site-packages/airflow/example_dags/example_setup_teardown_taskflow.py took 0.107 seconds
[2024-04-27T00:05:07.325+0000] {processor.py:161} INFO - Started process (PID=11155) to work on /home/airflow/.local/lib/python3.12/site-packages/airflow/example_dags/example_setup_teardown_taskflow.py
[2024-04-27T00:05:07.327+0000] {processor.py:830} INFO - Processing file /home/airflow/.local/lib/python3.12/site-packages/airflow/example_dags/example_setup_teardown_taskflow.py for tasks to queue
[2024-04-27T00:05:07.328+0000] {logging_mixin.py:188} INFO - [2024-04-27T00:05:07.328+0000] {dagbag.py:540} INFO - Filling up the DagBag from /home/airflow/.local/lib/python3.12/site-packages/airflow/example_dags/example_setup_teardown_taskflow.py
[2024-04-27T00:05:07.339+0000] {processor.py:840} INFO - DAG(s) 'example_setup_teardown_taskflow' retrieved from /home/airflow/.local/lib/python3.12/site-packages/airflow/example_dags/example_setup_teardown_taskflow.py
[2024-04-27T00:05:07.381+0000] {logging_mixin.py:188} INFO - [2024-04-27T00:05:07.381+0000] {dag.py:3096} INFO - Sync 1 DAGs
[2024-04-27T00:05:07.413+0000] {logging_mixin.py:188} INFO - [2024-04-27T00:05:07.412+0000] {dag.py:3954} INFO - Setting next_dagrun for example_setup_teardown_taskflow to 2024-04-26 00:00:00+00:00, run_after=2024-04-27 00:00:00+00:00
[2024-04-27T00:05:07.447+0000] {processor.py:183} INFO - Processing /home/airflow/.local/lib/python3.12/site-packages/airflow/example_dags/example_setup_teardown_taskflow.py took 0.131 seconds
[2024-04-27T00:05:38.187+0000] {processor.py:161} INFO - Started process (PID=11215) to work on /home/airflow/.local/lib/python3.12/site-packages/airflow/example_dags/example_setup_teardown_taskflow.py
[2024-04-27T00:05:38.188+0000] {processor.py:830} INFO - Processing file /home/airflow/.local/lib/python3.12/site-packages/airflow/example_dags/example_setup_teardown_taskflow.py for tasks to queue
[2024-04-27T00:05:38.189+0000] {logging_mixin.py:188} INFO - [2024-04-27T00:05:38.188+0000] {dagbag.py:540} INFO - Filling up the DagBag from /home/airflow/.local/lib/python3.12/site-packages/airflow/example_dags/example_setup_teardown_taskflow.py
[2024-04-27T00:05:38.200+0000] {processor.py:840} INFO - DAG(s) 'example_setup_teardown_taskflow' retrieved from /home/airflow/.local/lib/python3.12/site-packages/airflow/example_dags/example_setup_teardown_taskflow.py
[2024-04-27T00:05:38.222+0000] {logging_mixin.py:188} INFO - [2024-04-27T00:05:38.222+0000] {dag.py:3096} INFO - Sync 1 DAGs
[2024-04-27T00:05:38.241+0000] {logging_mixin.py:188} INFO - [2024-04-27T00:05:38.241+0000] {dag.py:3954} INFO - Setting next_dagrun for example_setup_teardown_taskflow to 2024-04-26 00:00:00+00:00, run_after=2024-04-27 00:00:00+00:00
[2024-04-27T00:05:38.260+0000] {processor.py:183} INFO - Processing /home/airflow/.local/lib/python3.12/site-packages/airflow/example_dags/example_setup_teardown_taskflow.py took 0.080 seconds
[2024-04-27T00:06:08.880+0000] {processor.py:161} INFO - Started process (PID=11275) to work on /home/airflow/.local/lib/python3.12/site-packages/airflow/example_dags/example_setup_teardown_taskflow.py
[2024-04-27T00:06:08.881+0000] {processor.py:830} INFO - Processing file /home/airflow/.local/lib/python3.12/site-packages/airflow/example_dags/example_setup_teardown_taskflow.py for tasks to queue
[2024-04-27T00:06:08.882+0000] {logging_mixin.py:188} INFO - [2024-04-27T00:06:08.881+0000] {dagbag.py:540} INFO - Filling up the DagBag from /home/airflow/.local/lib/python3.12/site-packages/airflow/example_dags/example_setup_teardown_taskflow.py
[2024-04-27T00:06:08.890+0000] {processor.py:840} INFO - DAG(s) 'example_setup_teardown_taskflow' retrieved from /home/airflow/.local/lib/python3.12/site-packages/airflow/example_dags/example_setup_teardown_taskflow.py
[2024-04-27T00:06:08.913+0000] {logging_mixin.py:188} INFO - [2024-04-27T00:06:08.913+0000] {dag.py:3096} INFO - Sync 1 DAGs
[2024-04-27T00:06:08.936+0000] {logging_mixin.py:188} INFO - [2024-04-27T00:06:08.936+0000] {dag.py:3954} INFO - Setting next_dagrun for example_setup_teardown_taskflow to 2024-04-26 00:00:00+00:00, run_after=2024-04-27 00:00:00+00:00
[2024-04-27T00:06:08.962+0000] {processor.py:183} INFO - Processing /home/airflow/.local/lib/python3.12/site-packages/airflow/example_dags/example_setup_teardown_taskflow.py took 0.087 seconds
[2024-04-27T00:06:39.615+0000] {processor.py:161} INFO - Started process (PID=11335) to work on /home/airflow/.local/lib/python3.12/site-packages/airflow/example_dags/example_setup_teardown_taskflow.py
[2024-04-27T00:06:39.616+0000] {processor.py:830} INFO - Processing file /home/airflow/.local/lib/python3.12/site-packages/airflow/example_dags/example_setup_teardown_taskflow.py for tasks to queue
[2024-04-27T00:06:39.617+0000] {logging_mixin.py:188} INFO - [2024-04-27T00:06:39.617+0000] {dagbag.py:540} INFO - Filling up the DagBag from /home/airflow/.local/lib/python3.12/site-packages/airflow/example_dags/example_setup_teardown_taskflow.py
[2024-04-27T00:06:39.627+0000] {processor.py:840} INFO - DAG(s) 'example_setup_teardown_taskflow' retrieved from /home/airflow/.local/lib/python3.12/site-packages/airflow/example_dags/example_setup_teardown_taskflow.py
[2024-04-27T00:06:39.655+0000] {logging_mixin.py:188} INFO - [2024-04-27T00:06:39.655+0000] {dag.py:3096} INFO - Sync 1 DAGs
[2024-04-27T00:06:39.676+0000] {logging_mixin.py:188} INFO - [2024-04-27T00:06:39.676+0000] {dag.py:3954} INFO - Setting next_dagrun for example_setup_teardown_taskflow to 2024-04-26 00:00:00+00:00, run_after=2024-04-27 00:00:00+00:00
[2024-04-27T00:06:39.694+0000] {processor.py:183} INFO - Processing /home/airflow/.local/lib/python3.12/site-packages/airflow/example_dags/example_setup_teardown_taskflow.py took 0.089 seconds
[2024-04-27T00:07:10.442+0000] {processor.py:161} INFO - Started process (PID=11395) to work on /home/airflow/.local/lib/python3.12/site-packages/airflow/example_dags/example_setup_teardown_taskflow.py
[2024-04-27T00:07:10.445+0000] {processor.py:830} INFO - Processing file /home/airflow/.local/lib/python3.12/site-packages/airflow/example_dags/example_setup_teardown_taskflow.py for tasks to queue
[2024-04-27T00:07:10.447+0000] {logging_mixin.py:188} INFO - [2024-04-27T00:07:10.446+0000] {dagbag.py:540} INFO - Filling up the DagBag from /home/airflow/.local/lib/python3.12/site-packages/airflow/example_dags/example_setup_teardown_taskflow.py
[2024-04-27T00:07:10.455+0000] {processor.py:840} INFO - DAG(s) 'example_setup_teardown_taskflow' retrieved from /home/airflow/.local/lib/python3.12/site-packages/airflow/example_dags/example_setup_teardown_taskflow.py
[2024-04-27T00:07:10.479+0000] {logging_mixin.py:188} INFO - [2024-04-27T00:07:10.479+0000] {dag.py:3096} INFO - Sync 1 DAGs
[2024-04-27T00:07:10.501+0000] {logging_mixin.py:188} INFO - [2024-04-27T00:07:10.501+0000] {dag.py:3954} INFO - Setting next_dagrun for example_setup_teardown_taskflow to 2024-04-26 00:00:00+00:00, run_after=2024-04-27 00:00:00+00:00
[2024-04-27T00:07:10.523+0000] {processor.py:183} INFO - Processing /home/airflow/.local/lib/python3.12/site-packages/airflow/example_dags/example_setup_teardown_taskflow.py took 0.088 seconds
[2024-04-27T00:07:40.930+0000] {processor.py:161} INFO - Started process (PID=11455) to work on /home/airflow/.local/lib/python3.12/site-packages/airflow/example_dags/example_setup_teardown_taskflow.py
[2024-04-27T00:07:40.931+0000] {processor.py:830} INFO - Processing file /home/airflow/.local/lib/python3.12/site-packages/airflow/example_dags/example_setup_teardown_taskflow.py for tasks to queue
[2024-04-27T00:07:40.932+0000] {logging_mixin.py:188} INFO - [2024-04-27T00:07:40.932+0000] {dagbag.py:540} INFO - Filling up the DagBag from /home/airflow/.local/lib/python3.12/site-packages/airflow/example_dags/example_setup_teardown_taskflow.py
[2024-04-27T00:07:40.942+0000] {processor.py:840} INFO - DAG(s) 'example_setup_teardown_taskflow' retrieved from /home/airflow/.local/lib/python3.12/site-packages/airflow/example_dags/example_setup_teardown_taskflow.py
[2024-04-27T00:07:40.964+0000] {logging_mixin.py:188} INFO - [2024-04-27T00:07:40.963+0000] {dag.py:3096} INFO - Sync 1 DAGs
[2024-04-27T00:07:40.985+0000] {logging_mixin.py:188} INFO - [2024-04-27T00:07:40.985+0000] {dag.py:3954} INFO - Setting next_dagrun for example_setup_teardown_taskflow to 2024-04-26 00:00:00+00:00, run_after=2024-04-27 00:00:00+00:00
[2024-04-27T00:07:41.011+0000] {processor.py:183} INFO - Processing /home/airflow/.local/lib/python3.12/site-packages/airflow/example_dags/example_setup_teardown_taskflow.py took 0.087 seconds
[2024-04-27T00:08:11.702+0000] {processor.py:161} INFO - Started process (PID=11515) to work on /home/airflow/.local/lib/python3.12/site-packages/airflow/example_dags/example_setup_teardown_taskflow.py
[2024-04-27T00:08:11.703+0000] {processor.py:830} INFO - Processing file /home/airflow/.local/lib/python3.12/site-packages/airflow/example_dags/example_setup_teardown_taskflow.py for tasks to queue
[2024-04-27T00:08:11.704+0000] {logging_mixin.py:188} INFO - [2024-04-27T00:08:11.704+0000] {dagbag.py:540} INFO - Filling up the DagBag from /home/airflow/.local/lib/python3.12/site-packages/airflow/example_dags/example_setup_teardown_taskflow.py
[2024-04-27T00:08:11.712+0000] {processor.py:840} INFO - DAG(s) 'example_setup_teardown_taskflow' retrieved from /home/airflow/.local/lib/python3.12/site-packages/airflow/example_dags/example_setup_teardown_taskflow.py
[2024-04-27T00:08:11.731+0000] {logging_mixin.py:188} INFO - [2024-04-27T00:08:11.731+0000] {dag.py:3096} INFO - Sync 1 DAGs
[2024-04-27T00:08:11.751+0000] {logging_mixin.py:188} INFO - [2024-04-27T00:08:11.751+0000] {dag.py:3954} INFO - Setting next_dagrun for example_setup_teardown_taskflow to 2024-04-26 00:00:00+00:00, run_after=2024-04-27 00:00:00+00:00
[2024-04-27T00:08:11.767+0000] {processor.py:183} INFO - Processing /home/airflow/.local/lib/python3.12/site-packages/airflow/example_dags/example_setup_teardown_taskflow.py took 0.070 seconds
[2024-04-27T00:08:42.219+0000] {processor.py:161} INFO - Started process (PID=11575) to work on /home/airflow/.local/lib/python3.12/site-packages/airflow/example_dags/example_setup_teardown_taskflow.py
[2024-04-27T00:08:42.221+0000] {processor.py:830} INFO - Processing file /home/airflow/.local/lib/python3.12/site-packages/airflow/example_dags/example_setup_teardown_taskflow.py for tasks to queue
[2024-04-27T00:08:42.222+0000] {logging_mixin.py:188} INFO - [2024-04-27T00:08:42.222+0000] {dagbag.py:540} INFO - Filling up the DagBag from /home/airflow/.local/lib/python3.12/site-packages/airflow/example_dags/example_setup_teardown_taskflow.py
[2024-04-27T00:08:42.230+0000] {processor.py:840} INFO - DAG(s) 'example_setup_teardown_taskflow' retrieved from /home/airflow/.local/lib/python3.12/site-packages/airflow/example_dags/example_setup_teardown_taskflow.py
[2024-04-27T00:08:42.249+0000] {logging_mixin.py:188} INFO - [2024-04-27T00:08:42.249+0000] {dag.py:3096} INFO - Sync 1 DAGs
[2024-04-27T00:08:42.269+0000] {logging_mixin.py:188} INFO - [2024-04-27T00:08:42.269+0000] {dag.py:3954} INFO - Setting next_dagrun for example_setup_teardown_taskflow to 2024-04-26 00:00:00+00:00, run_after=2024-04-27 00:00:00+00:00
[2024-04-27T00:08:42.294+0000] {processor.py:183} INFO - Processing /home/airflow/.local/lib/python3.12/site-packages/airflow/example_dags/example_setup_teardown_taskflow.py took 0.079 seconds
[2024-04-27T00:09:12.695+0000] {processor.py:161} INFO - Started process (PID=11635) to work on /home/airflow/.local/lib/python3.12/site-packages/airflow/example_dags/example_setup_teardown_taskflow.py
[2024-04-27T00:09:12.697+0000] {processor.py:830} INFO - Processing file /home/airflow/.local/lib/python3.12/site-packages/airflow/example_dags/example_setup_teardown_taskflow.py for tasks to queue
[2024-04-27T00:09:12.698+0000] {logging_mixin.py:188} INFO - [2024-04-27T00:09:12.698+0000] {dagbag.py:540} INFO - Filling up the DagBag from /home/airflow/.local/lib/python3.12/site-packages/airflow/example_dags/example_setup_teardown_taskflow.py
[2024-04-27T00:09:12.712+0000] {processor.py:840} INFO - DAG(s) 'example_setup_teardown_taskflow' retrieved from /home/airflow/.local/lib/python3.12/site-packages/airflow/example_dags/example_setup_teardown_taskflow.py
[2024-04-27T00:09:12.735+0000] {logging_mixin.py:188} INFO - [2024-04-27T00:09:12.735+0000] {dag.py:3096} INFO - Sync 1 DAGs
[2024-04-27T00:09:12.761+0000] {logging_mixin.py:188} INFO - [2024-04-27T00:09:12.761+0000] {dag.py:3954} INFO - Setting next_dagrun for example_setup_teardown_taskflow to 2024-04-26 00:00:00+00:00, run_after=2024-04-27 00:00:00+00:00
[2024-04-27T00:09:12.791+0000] {processor.py:183} INFO - Processing /home/airflow/.local/lib/python3.12/site-packages/airflow/example_dags/example_setup_teardown_taskflow.py took 0.105 seconds
[2024-04-27T00:09:43.342+0000] {processor.py:161} INFO - Started process (PID=11695) to work on /home/airflow/.local/lib/python3.12/site-packages/airflow/example_dags/example_setup_teardown_taskflow.py
[2024-04-27T00:09:43.343+0000] {processor.py:830} INFO - Processing file /home/airflow/.local/lib/python3.12/site-packages/airflow/example_dags/example_setup_teardown_taskflow.py for tasks to queue
[2024-04-27T00:09:43.344+0000] {logging_mixin.py:188} INFO - [2024-04-27T00:09:43.344+0000] {dagbag.py:540} INFO - Filling up the DagBag from /home/airflow/.local/lib/python3.12/site-packages/airflow/example_dags/example_setup_teardown_taskflow.py
[2024-04-27T00:09:43.352+0000] {processor.py:840} INFO - DAG(s) 'example_setup_teardown_taskflow' retrieved from /home/airflow/.local/lib/python3.12/site-packages/airflow/example_dags/example_setup_teardown_taskflow.py
[2024-04-27T00:09:43.372+0000] {logging_mixin.py:188} INFO - [2024-04-27T00:09:43.372+0000] {dag.py:3096} INFO - Sync 1 DAGs
[2024-04-27T00:09:43.390+0000] {logging_mixin.py:188} INFO - [2024-04-27T00:09:43.390+0000] {dag.py:3954} INFO - Setting next_dagrun for example_setup_teardown_taskflow to 2024-04-26 00:00:00+00:00, run_after=2024-04-27 00:00:00+00:00
[2024-04-27T00:09:43.407+0000] {processor.py:183} INFO - Processing /home/airflow/.local/lib/python3.12/site-packages/airflow/example_dags/example_setup_teardown_taskflow.py took 0.070 seconds
[2024-04-27T00:10:13.940+0000] {processor.py:161} INFO - Started process (PID=11755) to work on /home/airflow/.local/lib/python3.12/site-packages/airflow/example_dags/example_setup_teardown_taskflow.py
[2024-04-27T00:10:13.941+0000] {processor.py:830} INFO - Processing file /home/airflow/.local/lib/python3.12/site-packages/airflow/example_dags/example_setup_teardown_taskflow.py for tasks to queue
[2024-04-27T00:10:13.942+0000] {logging_mixin.py:188} INFO - [2024-04-27T00:10:13.942+0000] {dagbag.py:540} INFO - Filling up the DagBag from /home/airflow/.local/lib/python3.12/site-packages/airflow/example_dags/example_setup_teardown_taskflow.py
[2024-04-27T00:10:13.951+0000] {processor.py:840} INFO - DAG(s) 'example_setup_teardown_taskflow' retrieved from /home/airflow/.local/lib/python3.12/site-packages/airflow/example_dags/example_setup_teardown_taskflow.py
[2024-04-27T00:10:13.973+0000] {logging_mixin.py:188} INFO - [2024-04-27T00:10:13.973+0000] {dag.py:3096} INFO - Sync 1 DAGs
[2024-04-27T00:10:13.997+0000] {logging_mixin.py:188} INFO - [2024-04-27T00:10:13.997+0000] {dag.py:3954} INFO - Setting next_dagrun for example_setup_teardown_taskflow to 2024-04-26 00:00:00+00:00, run_after=2024-04-27 00:00:00+00:00
[2024-04-27T00:10:14.018+0000] {processor.py:183} INFO - Processing /home/airflow/.local/lib/python3.12/site-packages/airflow/example_dags/example_setup_teardown_taskflow.py took 0.084 seconds
[2024-04-27T00:10:44.949+0000] {processor.py:161} INFO - Started process (PID=11815) to work on /home/airflow/.local/lib/python3.12/site-packages/airflow/example_dags/example_setup_teardown_taskflow.py
[2024-04-27T00:10:44.953+0000] {processor.py:830} INFO - Processing file /home/airflow/.local/lib/python3.12/site-packages/airflow/example_dags/example_setup_teardown_taskflow.py for tasks to queue
[2024-04-27T00:10:44.954+0000] {logging_mixin.py:188} INFO - [2024-04-27T00:10:44.954+0000] {dagbag.py:540} INFO - Filling up the DagBag from /home/airflow/.local/lib/python3.12/site-packages/airflow/example_dags/example_setup_teardown_taskflow.py
[2024-04-27T00:10:44.964+0000] {processor.py:840} INFO - DAG(s) 'example_setup_teardown_taskflow' retrieved from /home/airflow/.local/lib/python3.12/site-packages/airflow/example_dags/example_setup_teardown_taskflow.py
[2024-04-27T00:10:44.984+0000] {logging_mixin.py:188} INFO - [2024-04-27T00:10:44.984+0000] {dag.py:3096} INFO - Sync 1 DAGs
[2024-04-27T00:10:45.008+0000] {logging_mixin.py:188} INFO - [2024-04-27T00:10:45.007+0000] {dag.py:3954} INFO - Setting next_dagrun for example_setup_teardown_taskflow to 2024-04-26 00:00:00+00:00, run_after=2024-04-27 00:00:00+00:00
[2024-04-27T00:10:45.030+0000] {processor.py:183} INFO - Processing /home/airflow/.local/lib/python3.12/site-packages/airflow/example_dags/example_setup_teardown_taskflow.py took 0.087 seconds
[2024-04-27T00:11:15.382+0000] {processor.py:161} INFO - Started process (PID=11875) to work on /home/airflow/.local/lib/python3.12/site-packages/airflow/example_dags/example_setup_teardown_taskflow.py
[2024-04-27T00:11:15.382+0000] {processor.py:830} INFO - Processing file /home/airflow/.local/lib/python3.12/site-packages/airflow/example_dags/example_setup_teardown_taskflow.py for tasks to queue
[2024-04-27T00:11:15.383+0000] {logging_mixin.py:188} INFO - [2024-04-27T00:11:15.383+0000] {dagbag.py:540} INFO - Filling up the DagBag from /home/airflow/.local/lib/python3.12/site-packages/airflow/example_dags/example_setup_teardown_taskflow.py
[2024-04-27T00:11:15.391+0000] {processor.py:840} INFO - DAG(s) 'example_setup_teardown_taskflow' retrieved from /home/airflow/.local/lib/python3.12/site-packages/airflow/example_dags/example_setup_teardown_taskflow.py
[2024-04-27T00:11:15.413+0000] {logging_mixin.py:188} INFO - [2024-04-27T00:11:15.413+0000] {dag.py:3096} INFO - Sync 1 DAGs
[2024-04-27T00:11:15.436+0000] {logging_mixin.py:188} INFO - [2024-04-27T00:11:15.435+0000] {dag.py:3954} INFO - Setting next_dagrun for example_setup_teardown_taskflow to 2024-04-26 00:00:00+00:00, run_after=2024-04-27 00:00:00+00:00
[2024-04-27T00:11:15.452+0000] {processor.py:183} INFO - Processing /home/airflow/.local/lib/python3.12/site-packages/airflow/example_dags/example_setup_teardown_taskflow.py took 0.076 seconds
[2024-04-27T00:11:46.505+0000] {processor.py:161} INFO - Started process (PID=11938) to work on /home/airflow/.local/lib/python3.12/site-packages/airflow/example_dags/example_setup_teardown_taskflow.py
[2024-04-27T00:11:46.506+0000] {processor.py:830} INFO - Processing file /home/airflow/.local/lib/python3.12/site-packages/airflow/example_dags/example_setup_teardown_taskflow.py for tasks to queue
[2024-04-27T00:11:46.508+0000] {logging_mixin.py:188} INFO - [2024-04-27T00:11:46.507+0000] {dagbag.py:540} INFO - Filling up the DagBag from /home/airflow/.local/lib/python3.12/site-packages/airflow/example_dags/example_setup_teardown_taskflow.py
[2024-04-27T00:11:46.521+0000] {processor.py:840} INFO - DAG(s) 'example_setup_teardown_taskflow' retrieved from /home/airflow/.local/lib/python3.12/site-packages/airflow/example_dags/example_setup_teardown_taskflow.py
[2024-04-27T00:11:46.547+0000] {logging_mixin.py:188} INFO - [2024-04-27T00:11:46.546+0000] {dag.py:3096} INFO - Sync 1 DAGs
[2024-04-27T00:11:46.577+0000] {logging_mixin.py:188} INFO - [2024-04-27T00:11:46.577+0000] {dag.py:3954} INFO - Setting next_dagrun for example_setup_teardown_taskflow to 2024-04-26 00:00:00+00:00, run_after=2024-04-27 00:00:00+00:00
[2024-04-27T00:11:46.603+0000] {processor.py:183} INFO - Processing /home/airflow/.local/lib/python3.12/site-packages/airflow/example_dags/example_setup_teardown_taskflow.py took 0.105 seconds
[2024-04-27T00:12:17.388+0000] {processor.py:161} INFO - Started process (PID=11998) to work on /home/airflow/.local/lib/python3.12/site-packages/airflow/example_dags/example_setup_teardown_taskflow.py
[2024-04-27T00:12:17.390+0000] {processor.py:830} INFO - Processing file /home/airflow/.local/lib/python3.12/site-packages/airflow/example_dags/example_setup_teardown_taskflow.py for tasks to queue
[2024-04-27T00:12:17.391+0000] {logging_mixin.py:188} INFO - [2024-04-27T00:12:17.391+0000] {dagbag.py:540} INFO - Filling up the DagBag from /home/airflow/.local/lib/python3.12/site-packages/airflow/example_dags/example_setup_teardown_taskflow.py
[2024-04-27T00:12:17.401+0000] {processor.py:840} INFO - DAG(s) 'example_setup_teardown_taskflow' retrieved from /home/airflow/.local/lib/python3.12/site-packages/airflow/example_dags/example_setup_teardown_taskflow.py
[2024-04-27T00:12:17.425+0000] {logging_mixin.py:188} INFO - [2024-04-27T00:12:17.425+0000] {dag.py:3096} INFO - Sync 1 DAGs
[2024-04-27T00:12:17.450+0000] {logging_mixin.py:188} INFO - [2024-04-27T00:12:17.450+0000] {dag.py:3954} INFO - Setting next_dagrun for example_setup_teardown_taskflow to 2024-04-26 00:00:00+00:00, run_after=2024-04-27 00:00:00+00:00
[2024-04-27T00:12:17.473+0000] {processor.py:183} INFO - Processing /home/airflow/.local/lib/python3.12/site-packages/airflow/example_dags/example_setup_teardown_taskflow.py took 0.090 seconds
[2024-04-27T00:12:47.694+0000] {processor.py:161} INFO - Started process (PID=12058) to work on /home/airflow/.local/lib/python3.12/site-packages/airflow/example_dags/example_setup_teardown_taskflow.py
[2024-04-27T00:12:47.695+0000] {processor.py:830} INFO - Processing file /home/airflow/.local/lib/python3.12/site-packages/airflow/example_dags/example_setup_teardown_taskflow.py for tasks to queue
[2024-04-27T00:12:47.697+0000] {logging_mixin.py:188} INFO - [2024-04-27T00:12:47.696+0000] {dagbag.py:540} INFO - Filling up the DagBag from /home/airflow/.local/lib/python3.12/site-packages/airflow/example_dags/example_setup_teardown_taskflow.py
[2024-04-27T00:12:47.706+0000] {processor.py:840} INFO - DAG(s) 'example_setup_teardown_taskflow' retrieved from /home/airflow/.local/lib/python3.12/site-packages/airflow/example_dags/example_setup_teardown_taskflow.py
[2024-04-27T00:12:47.728+0000] {logging_mixin.py:188} INFO - [2024-04-27T00:12:47.728+0000] {dag.py:3096} INFO - Sync 1 DAGs
[2024-04-27T00:12:47.752+0000] {logging_mixin.py:188} INFO - [2024-04-27T00:12:47.751+0000] {dag.py:3954} INFO - Setting next_dagrun for example_setup_teardown_taskflow to 2024-04-26 00:00:00+00:00, run_after=2024-04-27 00:00:00+00:00
[2024-04-27T00:12:47.772+0000] {processor.py:183} INFO - Processing /home/airflow/.local/lib/python3.12/site-packages/airflow/example_dags/example_setup_teardown_taskflow.py took 0.084 seconds
[2024-04-27T00:13:18.475+0000] {processor.py:161} INFO - Started process (PID=12118) to work on /home/airflow/.local/lib/python3.12/site-packages/airflow/example_dags/example_setup_teardown_taskflow.py
[2024-04-27T00:13:18.476+0000] {processor.py:830} INFO - Processing file /home/airflow/.local/lib/python3.12/site-packages/airflow/example_dags/example_setup_teardown_taskflow.py for tasks to queue
[2024-04-27T00:13:18.478+0000] {logging_mixin.py:188} INFO - [2024-04-27T00:13:18.477+0000] {dagbag.py:540} INFO - Filling up the DagBag from /home/airflow/.local/lib/python3.12/site-packages/airflow/example_dags/example_setup_teardown_taskflow.py
[2024-04-27T00:13:18.491+0000] {processor.py:840} INFO - DAG(s) 'example_setup_teardown_taskflow' retrieved from /home/airflow/.local/lib/python3.12/site-packages/airflow/example_dags/example_setup_teardown_taskflow.py
[2024-04-27T00:13:18.523+0000] {logging_mixin.py:188} INFO - [2024-04-27T00:13:18.522+0000] {dag.py:3096} INFO - Sync 1 DAGs
[2024-04-27T00:13:18.546+0000] {logging_mixin.py:188} INFO - [2024-04-27T00:13:18.546+0000] {dag.py:3954} INFO - Setting next_dagrun for example_setup_teardown_taskflow to 2024-04-26 00:00:00+00:00, run_after=2024-04-27 00:00:00+00:00
[2024-04-27T00:13:18.581+0000] {processor.py:183} INFO - Processing /home/airflow/.local/lib/python3.12/site-packages/airflow/example_dags/example_setup_teardown_taskflow.py took 0.112 seconds
[2024-04-27T00:13:48.853+0000] {processor.py:161} INFO - Started process (PID=12178) to work on /home/airflow/.local/lib/python3.12/site-packages/airflow/example_dags/example_setup_teardown_taskflow.py
[2024-04-27T00:13:48.854+0000] {processor.py:830} INFO - Processing file /home/airflow/.local/lib/python3.12/site-packages/airflow/example_dags/example_setup_teardown_taskflow.py for tasks to queue
[2024-04-27T00:13:48.855+0000] {logging_mixin.py:188} INFO - [2024-04-27T00:13:48.855+0000] {dagbag.py:540} INFO - Filling up the DagBag from /home/airflow/.local/lib/python3.12/site-packages/airflow/example_dags/example_setup_teardown_taskflow.py
[2024-04-27T00:13:48.863+0000] {processor.py:840} INFO - DAG(s) 'example_setup_teardown_taskflow' retrieved from /home/airflow/.local/lib/python3.12/site-packages/airflow/example_dags/example_setup_teardown_taskflow.py
[2024-04-27T00:13:48.883+0000] {logging_mixin.py:188} INFO - [2024-04-27T00:13:48.883+0000] {dag.py:3096} INFO - Sync 1 DAGs
[2024-04-27T00:13:48.904+0000] {logging_mixin.py:188} INFO - [2024-04-27T00:13:48.904+0000] {dag.py:3954} INFO - Setting next_dagrun for example_setup_teardown_taskflow to 2024-04-26 00:00:00+00:00, run_after=2024-04-27 00:00:00+00:00
[2024-04-27T00:13:48.924+0000] {processor.py:183} INFO - Processing /home/airflow/.local/lib/python3.12/site-packages/airflow/example_dags/example_setup_teardown_taskflow.py took 0.076 seconds
[2024-04-27T00:14:19.331+0000] {processor.py:161} INFO - Started process (PID=12236) to work on /home/airflow/.local/lib/python3.12/site-packages/airflow/example_dags/example_setup_teardown_taskflow.py
[2024-04-27T00:14:19.332+0000] {processor.py:830} INFO - Processing file /home/airflow/.local/lib/python3.12/site-packages/airflow/example_dags/example_setup_teardown_taskflow.py for tasks to queue
[2024-04-27T00:14:19.333+0000] {logging_mixin.py:188} INFO - [2024-04-27T00:14:19.333+0000] {dagbag.py:540} INFO - Filling up the DagBag from /home/airflow/.local/lib/python3.12/site-packages/airflow/example_dags/example_setup_teardown_taskflow.py
[2024-04-27T00:14:19.342+0000] {processor.py:840} INFO - DAG(s) 'example_setup_teardown_taskflow' retrieved from /home/airflow/.local/lib/python3.12/site-packages/airflow/example_dags/example_setup_teardown_taskflow.py
[2024-04-27T00:14:19.362+0000] {logging_mixin.py:188} INFO - [2024-04-27T00:14:19.362+0000] {dag.py:3096} INFO - Sync 1 DAGs
[2024-04-27T00:14:19.383+0000] {logging_mixin.py:188} INFO - [2024-04-27T00:14:19.383+0000] {dag.py:3954} INFO - Setting next_dagrun for example_setup_teardown_taskflow to 2024-04-26 00:00:00+00:00, run_after=2024-04-27 00:00:00+00:00
[2024-04-27T00:14:19.401+0000] {processor.py:183} INFO - Processing /home/airflow/.local/lib/python3.12/site-packages/airflow/example_dags/example_setup_teardown_taskflow.py took 0.076 seconds
[2024-04-27T00:14:49.449+0000] {processor.py:161} INFO - Started process (PID=12295) to work on /home/airflow/.local/lib/python3.12/site-packages/airflow/example_dags/example_setup_teardown_taskflow.py
[2024-04-27T00:14:49.450+0000] {processor.py:830} INFO - Processing file /home/airflow/.local/lib/python3.12/site-packages/airflow/example_dags/example_setup_teardown_taskflow.py for tasks to queue
[2024-04-27T00:14:49.451+0000] {logging_mixin.py:188} INFO - [2024-04-27T00:14:49.451+0000] {dagbag.py:540} INFO - Filling up the DagBag from /home/airflow/.local/lib/python3.12/site-packages/airflow/example_dags/example_setup_teardown_taskflow.py
[2024-04-27T00:14:49.460+0000] {processor.py:840} INFO - DAG(s) 'example_setup_teardown_taskflow' retrieved from /home/airflow/.local/lib/python3.12/site-packages/airflow/example_dags/example_setup_teardown_taskflow.py
[2024-04-27T00:14:49.478+0000] {logging_mixin.py:188} INFO - [2024-04-27T00:14:49.478+0000] {dag.py:3096} INFO - Sync 1 DAGs
[2024-04-27T00:14:49.496+0000] {logging_mixin.py:188} INFO - [2024-04-27T00:14:49.496+0000] {dag.py:3954} INFO - Setting next_dagrun for example_setup_teardown_taskflow to 2024-04-26 00:00:00+00:00, run_after=2024-04-27 00:00:00+00:00
[2024-04-27T00:14:49.511+0000] {processor.py:183} INFO - Processing /home/airflow/.local/lib/python3.12/site-packages/airflow/example_dags/example_setup_teardown_taskflow.py took 0.067 seconds
[2024-04-27T00:15:19.555+0000] {processor.py:161} INFO - Started process (PID=12355) to work on /home/airflow/.local/lib/python3.12/site-packages/airflow/example_dags/example_setup_teardown_taskflow.py
[2024-04-27T00:15:19.556+0000] {processor.py:830} INFO - Processing file /home/airflow/.local/lib/python3.12/site-packages/airflow/example_dags/example_setup_teardown_taskflow.py for tasks to queue
[2024-04-27T00:15:19.557+0000] {logging_mixin.py:188} INFO - [2024-04-27T00:15:19.557+0000] {dagbag.py:540} INFO - Filling up the DagBag from /home/airflow/.local/lib/python3.12/site-packages/airflow/example_dags/example_setup_teardown_taskflow.py
[2024-04-27T00:15:19.567+0000] {processor.py:840} INFO - DAG(s) 'example_setup_teardown_taskflow' retrieved from /home/airflow/.local/lib/python3.12/site-packages/airflow/example_dags/example_setup_teardown_taskflow.py
[2024-04-27T00:15:19.585+0000] {logging_mixin.py:188} INFO - [2024-04-27T00:15:19.585+0000] {dag.py:3096} INFO - Sync 1 DAGs
[2024-04-27T00:15:19.604+0000] {logging_mixin.py:188} INFO - [2024-04-27T00:15:19.604+0000] {dag.py:3954} INFO - Setting next_dagrun for example_setup_teardown_taskflow to 2024-04-26 00:00:00+00:00, run_after=2024-04-27 00:00:00+00:00
[2024-04-27T00:15:19.622+0000] {processor.py:183} INFO - Processing /home/airflow/.local/lib/python3.12/site-packages/airflow/example_dags/example_setup_teardown_taskflow.py took 0.073 seconds
[2024-04-27T00:15:50.510+0000] {processor.py:161} INFO - Started process (PID=12415) to work on /home/airflow/.local/lib/python3.12/site-packages/airflow/example_dags/example_setup_teardown_taskflow.py
[2024-04-27T00:15:50.511+0000] {processor.py:830} INFO - Processing file /home/airflow/.local/lib/python3.12/site-packages/airflow/example_dags/example_setup_teardown_taskflow.py for tasks to queue
[2024-04-27T00:15:50.512+0000] {logging_mixin.py:188} INFO - [2024-04-27T00:15:50.512+0000] {dagbag.py:540} INFO - Filling up the DagBag from /home/airflow/.local/lib/python3.12/site-packages/airflow/example_dags/example_setup_teardown_taskflow.py
[2024-04-27T00:15:50.522+0000] {processor.py:840} INFO - DAG(s) 'example_setup_teardown_taskflow' retrieved from /home/airflow/.local/lib/python3.12/site-packages/airflow/example_dags/example_setup_teardown_taskflow.py
[2024-04-27T00:15:50.543+0000] {logging_mixin.py:188} INFO - [2024-04-27T00:15:50.542+0000] {dag.py:3096} INFO - Sync 1 DAGs
[2024-04-27T00:15:50.562+0000] {logging_mixin.py:188} INFO - [2024-04-27T00:15:50.562+0000] {dag.py:3954} INFO - Setting next_dagrun for example_setup_teardown_taskflow to 2024-04-26 00:00:00+00:00, run_after=2024-04-27 00:00:00+00:00
[2024-04-27T00:15:50.580+0000] {processor.py:183} INFO - Processing /home/airflow/.local/lib/python3.12/site-packages/airflow/example_dags/example_setup_teardown_taskflow.py took 0.076 seconds
[2024-04-27T00:16:20.814+0000] {processor.py:161} INFO - Started process (PID=12475) to work on /home/airflow/.local/lib/python3.12/site-packages/airflow/example_dags/example_setup_teardown_taskflow.py
[2024-04-27T00:16:20.816+0000] {processor.py:830} INFO - Processing file /home/airflow/.local/lib/python3.12/site-packages/airflow/example_dags/example_setup_teardown_taskflow.py for tasks to queue
[2024-04-27T00:16:20.816+0000] {logging_mixin.py:188} INFO - [2024-04-27T00:16:20.816+0000] {dagbag.py:540} INFO - Filling up the DagBag from /home/airflow/.local/lib/python3.12/site-packages/airflow/example_dags/example_setup_teardown_taskflow.py
[2024-04-27T00:16:20.828+0000] {processor.py:840} INFO - DAG(s) 'example_setup_teardown_taskflow' retrieved from /home/airflow/.local/lib/python3.12/site-packages/airflow/example_dags/example_setup_teardown_taskflow.py
[2024-04-27T00:16:20.849+0000] {logging_mixin.py:188} INFO - [2024-04-27T00:16:20.848+0000] {dag.py:3096} INFO - Sync 1 DAGs
[2024-04-27T00:16:20.867+0000] {logging_mixin.py:188} INFO - [2024-04-27T00:16:20.867+0000] {dag.py:3954} INFO - Setting next_dagrun for example_setup_teardown_taskflow to 2024-04-26 00:00:00+00:00, run_after=2024-04-27 00:00:00+00:00
[2024-04-27T00:16:20.884+0000] {processor.py:183} INFO - Processing /home/airflow/.local/lib/python3.12/site-packages/airflow/example_dags/example_setup_teardown_taskflow.py took 0.076 seconds
[2024-04-27T00:16:51.655+0000] {processor.py:161} INFO - Started process (PID=12535) to work on /home/airflow/.local/lib/python3.12/site-packages/airflow/example_dags/example_setup_teardown_taskflow.py
[2024-04-27T00:16:51.656+0000] {processor.py:830} INFO - Processing file /home/airflow/.local/lib/python3.12/site-packages/airflow/example_dags/example_setup_teardown_taskflow.py for tasks to queue
[2024-04-27T00:16:51.657+0000] {logging_mixin.py:188} INFO - [2024-04-27T00:16:51.657+0000] {dagbag.py:540} INFO - Filling up the DagBag from /home/airflow/.local/lib/python3.12/site-packages/airflow/example_dags/example_setup_teardown_taskflow.py
[2024-04-27T00:16:51.670+0000] {processor.py:840} INFO - DAG(s) 'example_setup_teardown_taskflow' retrieved from /home/airflow/.local/lib/python3.12/site-packages/airflow/example_dags/example_setup_teardown_taskflow.py
[2024-04-27T00:16:51.691+0000] {logging_mixin.py:188} INFO - [2024-04-27T00:16:51.691+0000] {dag.py:3096} INFO - Sync 1 DAGs
[2024-04-27T00:16:51.718+0000] {logging_mixin.py:188} INFO - [2024-04-27T00:16:51.717+0000] {dag.py:3954} INFO - Setting next_dagrun for example_setup_teardown_taskflow to 2024-04-26 00:00:00+00:00, run_after=2024-04-27 00:00:00+00:00
[2024-04-27T00:16:51.735+0000] {processor.py:183} INFO - Processing /home/airflow/.local/lib/python3.12/site-packages/airflow/example_dags/example_setup_teardown_taskflow.py took 0.085 seconds
[2024-04-27T00:17:21.803+0000] {processor.py:161} INFO - Started process (PID=12595) to work on /home/airflow/.local/lib/python3.12/site-packages/airflow/example_dags/example_setup_teardown_taskflow.py
[2024-04-27T00:17:21.805+0000] {processor.py:830} INFO - Processing file /home/airflow/.local/lib/python3.12/site-packages/airflow/example_dags/example_setup_teardown_taskflow.py for tasks to queue
[2024-04-27T00:17:21.806+0000] {logging_mixin.py:188} INFO - [2024-04-27T00:17:21.806+0000] {dagbag.py:540} INFO - Filling up the DagBag from /home/airflow/.local/lib/python3.12/site-packages/airflow/example_dags/example_setup_teardown_taskflow.py
[2024-04-27T00:17:21.815+0000] {processor.py:840} INFO - DAG(s) 'example_setup_teardown_taskflow' retrieved from /home/airflow/.local/lib/python3.12/site-packages/airflow/example_dags/example_setup_teardown_taskflow.py
[2024-04-27T00:17:21.834+0000] {logging_mixin.py:188} INFO - [2024-04-27T00:17:21.834+0000] {dag.py:3096} INFO - Sync 1 DAGs
[2024-04-27T00:17:21.853+0000] {logging_mixin.py:188} INFO - [2024-04-27T00:17:21.853+0000] {dag.py:3954} INFO - Setting next_dagrun for example_setup_teardown_taskflow to 2024-04-26 00:00:00+00:00, run_after=2024-04-27 00:00:00+00:00
[2024-04-27T00:17:21.869+0000] {processor.py:183} INFO - Processing /home/airflow/.local/lib/python3.12/site-packages/airflow/example_dags/example_setup_teardown_taskflow.py took 0.071 seconds
[2024-04-27T00:17:52.099+0000] {processor.py:161} INFO - Started process (PID=12655) to work on /home/airflow/.local/lib/python3.12/site-packages/airflow/example_dags/example_setup_teardown_taskflow.py
[2024-04-27T00:17:52.100+0000] {processor.py:830} INFO - Processing file /home/airflow/.local/lib/python3.12/site-packages/airflow/example_dags/example_setup_teardown_taskflow.py for tasks to queue
[2024-04-27T00:17:52.101+0000] {logging_mixin.py:188} INFO - [2024-04-27T00:17:52.101+0000] {dagbag.py:540} INFO - Filling up the DagBag from /home/airflow/.local/lib/python3.12/site-packages/airflow/example_dags/example_setup_teardown_taskflow.py
[2024-04-27T00:17:52.111+0000] {processor.py:840} INFO - DAG(s) 'example_setup_teardown_taskflow' retrieved from /home/airflow/.local/lib/python3.12/site-packages/airflow/example_dags/example_setup_teardown_taskflow.py
[2024-04-27T00:17:52.131+0000] {logging_mixin.py:188} INFO - [2024-04-27T00:17:52.131+0000] {dag.py:3096} INFO - Sync 1 DAGs
[2024-04-27T00:17:52.151+0000] {logging_mixin.py:188} INFO - [2024-04-27T00:17:52.151+0000] {dag.py:3954} INFO - Setting next_dagrun for example_setup_teardown_taskflow to 2024-04-26 00:00:00+00:00, run_after=2024-04-27 00:00:00+00:00
[2024-04-27T00:17:52.174+0000] {processor.py:183} INFO - Processing /home/airflow/.local/lib/python3.12/site-packages/airflow/example_dags/example_setup_teardown_taskflow.py took 0.081 seconds
[2024-04-27T00:18:23.143+0000] {processor.py:161} INFO - Started process (PID=12721) to work on /home/airflow/.local/lib/python3.12/site-packages/airflow/example_dags/example_setup_teardown_taskflow.py
[2024-04-27T00:18:23.144+0000] {processor.py:830} INFO - Processing file /home/airflow/.local/lib/python3.12/site-packages/airflow/example_dags/example_setup_teardown_taskflow.py for tasks to queue
[2024-04-27T00:18:23.146+0000] {logging_mixin.py:188} INFO - [2024-04-27T00:18:23.145+0000] {dagbag.py:540} INFO - Filling up the DagBag from /home/airflow/.local/lib/python3.12/site-packages/airflow/example_dags/example_setup_teardown_taskflow.py
[2024-04-27T00:18:23.165+0000] {processor.py:840} INFO - DAG(s) 'example_setup_teardown_taskflow' retrieved from /home/airflow/.local/lib/python3.12/site-packages/airflow/example_dags/example_setup_teardown_taskflow.py
[2024-04-27T00:18:23.186+0000] {logging_mixin.py:188} INFO - [2024-04-27T00:18:23.186+0000] {dag.py:3096} INFO - Sync 1 DAGs
[2024-04-27T00:18:23.206+0000] {logging_mixin.py:188} INFO - [2024-04-27T00:18:23.206+0000] {dag.py:3954} INFO - Setting next_dagrun for example_setup_teardown_taskflow to 2024-04-26 00:00:00+00:00, run_after=2024-04-27 00:00:00+00:00
[2024-04-27T00:18:23.225+0000] {processor.py:183} INFO - Processing /home/airflow/.local/lib/python3.12/site-packages/airflow/example_dags/example_setup_teardown_taskflow.py took 0.087 seconds
[2024-04-27T00:18:53.326+0000] {processor.py:161} INFO - Started process (PID=12781) to work on /home/airflow/.local/lib/python3.12/site-packages/airflow/example_dags/example_setup_teardown_taskflow.py
[2024-04-27T00:18:53.327+0000] {processor.py:830} INFO - Processing file /home/airflow/.local/lib/python3.12/site-packages/airflow/example_dags/example_setup_teardown_taskflow.py for tasks to queue
[2024-04-27T00:18:53.328+0000] {logging_mixin.py:188} INFO - [2024-04-27T00:18:53.327+0000] {dagbag.py:540} INFO - Filling up the DagBag from /home/airflow/.local/lib/python3.12/site-packages/airflow/example_dags/example_setup_teardown_taskflow.py
[2024-04-27T00:18:53.338+0000] {processor.py:840} INFO - DAG(s) 'example_setup_teardown_taskflow' retrieved from /home/airflow/.local/lib/python3.12/site-packages/airflow/example_dags/example_setup_teardown_taskflow.py
[2024-04-27T00:18:53.358+0000] {logging_mixin.py:188} INFO - [2024-04-27T00:18:53.357+0000] {dag.py:3096} INFO - Sync 1 DAGs
[2024-04-27T00:18:53.377+0000] {logging_mixin.py:188} INFO - [2024-04-27T00:18:53.376+0000] {dag.py:3954} INFO - Setting next_dagrun for example_setup_teardown_taskflow to 2024-04-26 00:00:00+00:00, run_after=2024-04-27 00:00:00+00:00
[2024-04-27T00:18:53.393+0000] {processor.py:183} INFO - Processing /home/airflow/.local/lib/python3.12/site-packages/airflow/example_dags/example_setup_teardown_taskflow.py took 0.072 seconds
[2024-04-27T00:19:23.506+0000] {processor.py:161} INFO - Started process (PID=12841) to work on /home/airflow/.local/lib/python3.12/site-packages/airflow/example_dags/example_setup_teardown_taskflow.py
[2024-04-27T00:19:23.507+0000] {processor.py:830} INFO - Processing file /home/airflow/.local/lib/python3.12/site-packages/airflow/example_dags/example_setup_teardown_taskflow.py for tasks to queue
[2024-04-27T00:19:23.508+0000] {logging_mixin.py:188} INFO - [2024-04-27T00:19:23.508+0000] {dagbag.py:540} INFO - Filling up the DagBag from /home/airflow/.local/lib/python3.12/site-packages/airflow/example_dags/example_setup_teardown_taskflow.py
[2024-04-27T00:19:23.517+0000] {processor.py:840} INFO - DAG(s) 'example_setup_teardown_taskflow' retrieved from /home/airflow/.local/lib/python3.12/site-packages/airflow/example_dags/example_setup_teardown_taskflow.py
[2024-04-27T00:19:23.535+0000] {logging_mixin.py:188} INFO - [2024-04-27T00:19:23.534+0000] {dag.py:3096} INFO - Sync 1 DAGs
[2024-04-27T00:19:23.552+0000] {logging_mixin.py:188} INFO - [2024-04-27T00:19:23.552+0000] {dag.py:3954} INFO - Setting next_dagrun for example_setup_teardown_taskflow to 2024-04-26 00:00:00+00:00, run_after=2024-04-27 00:00:00+00:00
[2024-04-27T00:19:23.566+0000] {processor.py:183} INFO - Processing /home/airflow/.local/lib/python3.12/site-packages/airflow/example_dags/example_setup_teardown_taskflow.py took 0.065 seconds
[2024-04-27T00:19:53.834+0000] {processor.py:161} INFO - Started process (PID=12901) to work on /home/airflow/.local/lib/python3.12/site-packages/airflow/example_dags/example_setup_teardown_taskflow.py
[2024-04-27T00:19:53.835+0000] {processor.py:830} INFO - Processing file /home/airflow/.local/lib/python3.12/site-packages/airflow/example_dags/example_setup_teardown_taskflow.py for tasks to queue
[2024-04-27T00:19:53.837+0000] {logging_mixin.py:188} INFO - [2024-04-27T00:19:53.836+0000] {dagbag.py:540} INFO - Filling up the DagBag from /home/airflow/.local/lib/python3.12/site-packages/airflow/example_dags/example_setup_teardown_taskflow.py
[2024-04-27T00:19:53.846+0000] {processor.py:840} INFO - DAG(s) 'example_setup_teardown_taskflow' retrieved from /home/airflow/.local/lib/python3.12/site-packages/airflow/example_dags/example_setup_teardown_taskflow.py
[2024-04-27T00:19:53.866+0000] {logging_mixin.py:188} INFO - [2024-04-27T00:19:53.866+0000] {dag.py:3096} INFO - Sync 1 DAGs
[2024-04-27T00:19:53.883+0000] {logging_mixin.py:188} INFO - [2024-04-27T00:19:53.883+0000] {dag.py:3954} INFO - Setting next_dagrun for example_setup_teardown_taskflow to 2024-04-26 00:00:00+00:00, run_after=2024-04-27 00:00:00+00:00
[2024-04-27T00:19:53.902+0000] {processor.py:183} INFO - Processing /home/airflow/.local/lib/python3.12/site-packages/airflow/example_dags/example_setup_teardown_taskflow.py took 0.073 seconds
[2024-04-27T00:20:24.692+0000] {processor.py:161} INFO - Started process (PID=12961) to work on /home/airflow/.local/lib/python3.12/site-packages/airflow/example_dags/example_setup_teardown_taskflow.py
[2024-04-27T00:20:24.693+0000] {processor.py:830} INFO - Processing file /home/airflow/.local/lib/python3.12/site-packages/airflow/example_dags/example_setup_teardown_taskflow.py for tasks to queue
[2024-04-27T00:20:24.694+0000] {logging_mixin.py:188} INFO - [2024-04-27T00:20:24.693+0000] {dagbag.py:540} INFO - Filling up the DagBag from /home/airflow/.local/lib/python3.12/site-packages/airflow/example_dags/example_setup_teardown_taskflow.py
[2024-04-27T00:20:24.702+0000] {processor.py:840} INFO - DAG(s) 'example_setup_teardown_taskflow' retrieved from /home/airflow/.local/lib/python3.12/site-packages/airflow/example_dags/example_setup_teardown_taskflow.py
[2024-04-27T00:20:24.726+0000] {logging_mixin.py:188} INFO - [2024-04-27T00:20:24.725+0000] {dag.py:3096} INFO - Sync 1 DAGs
[2024-04-27T00:20:24.744+0000] {logging_mixin.py:188} INFO - [2024-04-27T00:20:24.744+0000] {dag.py:3954} INFO - Setting next_dagrun for example_setup_teardown_taskflow to 2024-04-26 00:00:00+00:00, run_after=2024-04-27 00:00:00+00:00
[2024-04-27T00:20:24.761+0000] {processor.py:183} INFO - Processing /home/airflow/.local/lib/python3.12/site-packages/airflow/example_dags/example_setup_teardown_taskflow.py took 0.075 seconds
[2024-04-27T00:20:55.129+0000] {processor.py:161} INFO - Started process (PID=13021) to work on /home/airflow/.local/lib/python3.12/site-packages/airflow/example_dags/example_setup_teardown_taskflow.py
[2024-04-27T00:20:55.130+0000] {processor.py:830} INFO - Processing file /home/airflow/.local/lib/python3.12/site-packages/airflow/example_dags/example_setup_teardown_taskflow.py for tasks to queue
[2024-04-27T00:20:55.132+0000] {logging_mixin.py:188} INFO - [2024-04-27T00:20:55.131+0000] {dagbag.py:540} INFO - Filling up the DagBag from /home/airflow/.local/lib/python3.12/site-packages/airflow/example_dags/example_setup_teardown_taskflow.py
[2024-04-27T00:20:55.142+0000] {processor.py:840} INFO - DAG(s) 'example_setup_teardown_taskflow' retrieved from /home/airflow/.local/lib/python3.12/site-packages/airflow/example_dags/example_setup_teardown_taskflow.py
[2024-04-27T00:20:55.172+0000] {logging_mixin.py:188} INFO - [2024-04-27T00:20:55.172+0000] {dag.py:3096} INFO - Sync 1 DAGs
[2024-04-27T00:20:55.191+0000] {logging_mixin.py:188} INFO - [2024-04-27T00:20:55.191+0000] {dag.py:3954} INFO - Setting next_dagrun for example_setup_teardown_taskflow to 2024-04-26 00:00:00+00:00, run_after=2024-04-27 00:00:00+00:00
[2024-04-27T00:20:55.210+0000] {processor.py:183} INFO - Processing /home/airflow/.local/lib/python3.12/site-packages/airflow/example_dags/example_setup_teardown_taskflow.py took 0.087 seconds
[2024-04-27T00:21:25.743+0000] {processor.py:161} INFO - Started process (PID=13081) to work on /home/airflow/.local/lib/python3.12/site-packages/airflow/example_dags/example_setup_teardown_taskflow.py
[2024-04-27T00:21:25.744+0000] {processor.py:830} INFO - Processing file /home/airflow/.local/lib/python3.12/site-packages/airflow/example_dags/example_setup_teardown_taskflow.py for tasks to queue
[2024-04-27T00:21:25.746+0000] {logging_mixin.py:188} INFO - [2024-04-27T00:21:25.745+0000] {dagbag.py:540} INFO - Filling up the DagBag from /home/airflow/.local/lib/python3.12/site-packages/airflow/example_dags/example_setup_teardown_taskflow.py
[2024-04-27T00:21:25.755+0000] {processor.py:840} INFO - DAG(s) 'example_setup_teardown_taskflow' retrieved from /home/airflow/.local/lib/python3.12/site-packages/airflow/example_dags/example_setup_teardown_taskflow.py
[2024-04-27T00:21:25.780+0000] {logging_mixin.py:188} INFO - [2024-04-27T00:21:25.780+0000] {dag.py:3096} INFO - Sync 1 DAGs
[2024-04-27T00:21:25.803+0000] {logging_mixin.py:188} INFO - [2024-04-27T00:21:25.803+0000] {dag.py:3954} INFO - Setting next_dagrun for example_setup_teardown_taskflow to 2024-04-26 00:00:00+00:00, run_after=2024-04-27 00:00:00+00:00
[2024-04-27T00:21:25.824+0000] {processor.py:183} INFO - Processing /home/airflow/.local/lib/python3.12/site-packages/airflow/example_dags/example_setup_teardown_taskflow.py took 0.087 seconds
[2024-04-27T00:21:55.953+0000] {processor.py:161} INFO - Started process (PID=13141) to work on /home/airflow/.local/lib/python3.12/site-packages/airflow/example_dags/example_setup_teardown_taskflow.py
[2024-04-27T00:21:55.955+0000] {processor.py:830} INFO - Processing file /home/airflow/.local/lib/python3.12/site-packages/airflow/example_dags/example_setup_teardown_taskflow.py for tasks to queue
[2024-04-27T00:21:55.956+0000] {logging_mixin.py:188} INFO - [2024-04-27T00:21:55.956+0000] {dagbag.py:540} INFO - Filling up the DagBag from /home/airflow/.local/lib/python3.12/site-packages/airflow/example_dags/example_setup_teardown_taskflow.py
[2024-04-27T00:21:55.965+0000] {processor.py:840} INFO - DAG(s) 'example_setup_teardown_taskflow' retrieved from /home/airflow/.local/lib/python3.12/site-packages/airflow/example_dags/example_setup_teardown_taskflow.py
[2024-04-27T00:21:55.985+0000] {logging_mixin.py:188} INFO - [2024-04-27T00:21:55.984+0000] {dag.py:3096} INFO - Sync 1 DAGs
[2024-04-27T00:21:56.002+0000] {logging_mixin.py:188} INFO - [2024-04-27T00:21:56.002+0000] {dag.py:3954} INFO - Setting next_dagrun for example_setup_teardown_taskflow to 2024-04-26 00:00:00+00:00, run_after=2024-04-27 00:00:00+00:00
[2024-04-27T00:21:56.019+0000] {processor.py:183} INFO - Processing /home/airflow/.local/lib/python3.12/site-packages/airflow/example_dags/example_setup_teardown_taskflow.py took 0.073 seconds
[2024-04-27T00:22:26.709+0000] {processor.py:161} INFO - Started process (PID=13201) to work on /home/airflow/.local/lib/python3.12/site-packages/airflow/example_dags/example_setup_teardown_taskflow.py
[2024-04-27T00:22:26.711+0000] {processor.py:830} INFO - Processing file /home/airflow/.local/lib/python3.12/site-packages/airflow/example_dags/example_setup_teardown_taskflow.py for tasks to queue
[2024-04-27T00:22:26.712+0000] {logging_mixin.py:188} INFO - [2024-04-27T00:22:26.712+0000] {dagbag.py:540} INFO - Filling up the DagBag from /home/airflow/.local/lib/python3.12/site-packages/airflow/example_dags/example_setup_teardown_taskflow.py
[2024-04-27T00:22:26.726+0000] {processor.py:840} INFO - DAG(s) 'example_setup_teardown_taskflow' retrieved from /home/airflow/.local/lib/python3.12/site-packages/airflow/example_dags/example_setup_teardown_taskflow.py
[2024-04-27T00:22:26.748+0000] {logging_mixin.py:188} INFO - [2024-04-27T00:22:26.748+0000] {dag.py:3096} INFO - Sync 1 DAGs
[2024-04-27T00:22:26.770+0000] {logging_mixin.py:188} INFO - [2024-04-27T00:22:26.769+0000] {dag.py:3954} INFO - Setting next_dagrun for example_setup_teardown_taskflow to 2024-04-26 00:00:00+00:00, run_after=2024-04-27 00:00:00+00:00
[2024-04-27T00:22:26.790+0000] {processor.py:183} INFO - Processing /home/airflow/.local/lib/python3.12/site-packages/airflow/example_dags/example_setup_teardown_taskflow.py took 0.088 seconds
[2024-04-27T00:22:57.176+0000] {processor.py:161} INFO - Started process (PID=13261) to work on /home/airflow/.local/lib/python3.12/site-packages/airflow/example_dags/example_setup_teardown_taskflow.py
[2024-04-27T00:22:57.177+0000] {processor.py:830} INFO - Processing file /home/airflow/.local/lib/python3.12/site-packages/airflow/example_dags/example_setup_teardown_taskflow.py for tasks to queue
[2024-04-27T00:22:57.178+0000] {logging_mixin.py:188} INFO - [2024-04-27T00:22:57.178+0000] {dagbag.py:540} INFO - Filling up the DagBag from /home/airflow/.local/lib/python3.12/site-packages/airflow/example_dags/example_setup_teardown_taskflow.py
[2024-04-27T00:22:57.188+0000] {processor.py:840} INFO - DAG(s) 'example_setup_teardown_taskflow' retrieved from /home/airflow/.local/lib/python3.12/site-packages/airflow/example_dags/example_setup_teardown_taskflow.py
[2024-04-27T00:22:57.211+0000] {logging_mixin.py:188} INFO - [2024-04-27T00:22:57.211+0000] {dag.py:3096} INFO - Sync 1 DAGs
[2024-04-27T00:22:57.234+0000] {logging_mixin.py:188} INFO - [2024-04-27T00:22:57.234+0000] {dag.py:3954} INFO - Setting next_dagrun for example_setup_teardown_taskflow to 2024-04-26 00:00:00+00:00, run_after=2024-04-27 00:00:00+00:00
[2024-04-27T00:22:57.256+0000] {processor.py:183} INFO - Processing /home/airflow/.local/lib/python3.12/site-packages/airflow/example_dags/example_setup_teardown_taskflow.py took 0.091 seconds
[2024-04-27T00:23:27.931+0000] {processor.py:161} INFO - Started process (PID=13321) to work on /home/airflow/.local/lib/python3.12/site-packages/airflow/example_dags/example_setup_teardown_taskflow.py
[2024-04-27T00:23:27.932+0000] {processor.py:830} INFO - Processing file /home/airflow/.local/lib/python3.12/site-packages/airflow/example_dags/example_setup_teardown_taskflow.py for tasks to queue
[2024-04-27T00:23:27.934+0000] {logging_mixin.py:188} INFO - [2024-04-27T00:23:27.934+0000] {dagbag.py:540} INFO - Filling up the DagBag from /home/airflow/.local/lib/python3.12/site-packages/airflow/example_dags/example_setup_teardown_taskflow.py
[2024-04-27T00:23:27.942+0000] {processor.py:840} INFO - DAG(s) 'example_setup_teardown_taskflow' retrieved from /home/airflow/.local/lib/python3.12/site-packages/airflow/example_dags/example_setup_teardown_taskflow.py
[2024-04-27T00:23:27.961+0000] {logging_mixin.py:188} INFO - [2024-04-27T00:23:27.961+0000] {dag.py:3096} INFO - Sync 1 DAGs
[2024-04-27T00:23:27.980+0000] {logging_mixin.py:188} INFO - [2024-04-27T00:23:27.979+0000] {dag.py:3954} INFO - Setting next_dagrun for example_setup_teardown_taskflow to 2024-04-26 00:00:00+00:00, run_after=2024-04-27 00:00:00+00:00
[2024-04-27T00:23:27.999+0000] {processor.py:183} INFO - Processing /home/airflow/.local/lib/python3.12/site-packages/airflow/example_dags/example_setup_teardown_taskflow.py took 0.074 seconds
[2024-04-27T00:23:58.494+0000] {processor.py:161} INFO - Started process (PID=13382) to work on /home/airflow/.local/lib/python3.12/site-packages/airflow/example_dags/example_setup_teardown_taskflow.py
[2024-04-27T00:23:58.495+0000] {processor.py:830} INFO - Processing file /home/airflow/.local/lib/python3.12/site-packages/airflow/example_dags/example_setup_teardown_taskflow.py for tasks to queue
[2024-04-27T00:23:58.495+0000] {logging_mixin.py:188} INFO - [2024-04-27T00:23:58.495+0000] {dagbag.py:540} INFO - Filling up the DagBag from /home/airflow/.local/lib/python3.12/site-packages/airflow/example_dags/example_setup_teardown_taskflow.py
[2024-04-27T00:23:58.503+0000] {processor.py:840} INFO - DAG(s) 'example_setup_teardown_taskflow' retrieved from /home/airflow/.local/lib/python3.12/site-packages/airflow/example_dags/example_setup_teardown_taskflow.py
[2024-04-27T00:23:58.523+0000] {logging_mixin.py:188} INFO - [2024-04-27T00:23:58.522+0000] {dag.py:3096} INFO - Sync 1 DAGs
[2024-04-27T00:23:58.543+0000] {logging_mixin.py:188} INFO - [2024-04-27T00:23:58.542+0000] {dag.py:3954} INFO - Setting next_dagrun for example_setup_teardown_taskflow to 2024-04-26 00:00:00+00:00, run_after=2024-04-27 00:00:00+00:00
[2024-04-27T00:23:58.560+0000] {processor.py:183} INFO - Processing /home/airflow/.local/lib/python3.12/site-packages/airflow/example_dags/example_setup_teardown_taskflow.py took 0.072 seconds
[2024-04-27T00:24:29.290+0000] {processor.py:161} INFO - Started process (PID=13442) to work on /home/airflow/.local/lib/python3.12/site-packages/airflow/example_dags/example_setup_teardown_taskflow.py
[2024-04-27T00:24:29.292+0000] {processor.py:830} INFO - Processing file /home/airflow/.local/lib/python3.12/site-packages/airflow/example_dags/example_setup_teardown_taskflow.py for tasks to queue
[2024-04-27T00:24:29.293+0000] {logging_mixin.py:188} INFO - [2024-04-27T00:24:29.292+0000] {dagbag.py:540} INFO - Filling up the DagBag from /home/airflow/.local/lib/python3.12/site-packages/airflow/example_dags/example_setup_teardown_taskflow.py
[2024-04-27T00:24:29.301+0000] {processor.py:840} INFO - DAG(s) 'example_setup_teardown_taskflow' retrieved from /home/airflow/.local/lib/python3.12/site-packages/airflow/example_dags/example_setup_teardown_taskflow.py
[2024-04-27T00:24:29.321+0000] {logging_mixin.py:188} INFO - [2024-04-27T00:24:29.321+0000] {dag.py:3096} INFO - Sync 1 DAGs
[2024-04-27T00:24:29.342+0000] {logging_mixin.py:188} INFO - [2024-04-27T00:24:29.342+0000] {dag.py:3954} INFO - Setting next_dagrun for example_setup_teardown_taskflow to 2024-04-26 00:00:00+00:00, run_after=2024-04-27 00:00:00+00:00
[2024-04-27T00:24:29.359+0000] {processor.py:183} INFO - Processing /home/airflow/.local/lib/python3.12/site-packages/airflow/example_dags/example_setup_teardown_taskflow.py took 0.074 seconds
[2024-04-27T00:24:59.542+0000] {processor.py:161} INFO - Started process (PID=13502) to work on /home/airflow/.local/lib/python3.12/site-packages/airflow/example_dags/example_setup_teardown_taskflow.py
[2024-04-27T00:24:59.543+0000] {processor.py:830} INFO - Processing file /home/airflow/.local/lib/python3.12/site-packages/airflow/example_dags/example_setup_teardown_taskflow.py for tasks to queue
[2024-04-27T00:24:59.544+0000] {logging_mixin.py:188} INFO - [2024-04-27T00:24:59.544+0000] {dagbag.py:540} INFO - Filling up the DagBag from /home/airflow/.local/lib/python3.12/site-packages/airflow/example_dags/example_setup_teardown_taskflow.py
[2024-04-27T00:24:59.553+0000] {processor.py:840} INFO - DAG(s) 'example_setup_teardown_taskflow' retrieved from /home/airflow/.local/lib/python3.12/site-packages/airflow/example_dags/example_setup_teardown_taskflow.py
[2024-04-27T00:24:59.606+0000] {logging_mixin.py:188} INFO - [2024-04-27T00:24:59.605+0000] {dag.py:3096} INFO - Sync 1 DAGs
[2024-04-27T00:24:59.657+0000] {logging_mixin.py:188} INFO - [2024-04-27T00:24:59.656+0000] {dag.py:3954} INFO - Setting next_dagrun for example_setup_teardown_taskflow to 2024-04-26 00:00:00+00:00, run_after=2024-04-27 00:00:00+00:00
[2024-04-27T00:24:59.688+0000] {processor.py:183} INFO - Processing /home/airflow/.local/lib/python3.12/site-packages/airflow/example_dags/example_setup_teardown_taskflow.py took 0.151 seconds
