[2024-04-27T00:00:05.274+0000] {processor.py:161} INFO - Started process (PID=10561) to work on /home/airflow/.local/lib/python3.12/site-packages/airflow/example_dags/example_branch_operator.py
[2024-04-27T00:00:05.275+0000] {processor.py:830} INFO - Processing file /home/airflow/.local/lib/python3.12/site-packages/airflow/example_dags/example_branch_operator.py for tasks to queue
[2024-04-27T00:00:05.278+0000] {logging_mixin.py:188} INFO - [2024-04-27T00:00:05.277+0000] {dagbag.py:540} INFO - Filling up the DagBag from /home/airflow/.local/lib/python3.12/site-packages/airflow/example_dags/example_branch_operator.py
[2024-04-27T00:00:05.294+0000] {processor.py:840} INFO - DAG(s) 'example_branch_operator' retrieved from /home/airflow/.local/lib/python3.12/site-packages/airflow/example_dags/example_branch_operator.py
[2024-04-27T00:00:05.324+0000] {logging_mixin.py:188} INFO - [2024-04-27T00:00:05.324+0000] {dag.py:3096} INFO - Sync 1 DAGs
[2024-04-27T00:00:05.347+0000] {logging_mixin.py:188} INFO - [2024-04-27T00:00:05.347+0000] {dag.py:3954} INFO - Setting next_dagrun for example_branch_operator to 2024-04-26 00:00:00+00:00, run_after=2024-04-27 00:00:00+00:00
[2024-04-27T00:00:05.366+0000] {processor.py:183} INFO - Processing /home/airflow/.local/lib/python3.12/site-packages/airflow/example_dags/example_branch_operator.py took 0.098 seconds
[2024-04-27T00:00:35.551+0000] {processor.py:161} INFO - Started process (PID=10622) to work on /home/airflow/.local/lib/python3.12/site-packages/airflow/example_dags/example_branch_operator.py
[2024-04-27T00:00:35.555+0000] {processor.py:830} INFO - Processing file /home/airflow/.local/lib/python3.12/site-packages/airflow/example_dags/example_branch_operator.py for tasks to queue
[2024-04-27T00:00:35.558+0000] {logging_mixin.py:188} INFO - [2024-04-27T00:00:35.557+0000] {dagbag.py:540} INFO - Filling up the DagBag from /home/airflow/.local/lib/python3.12/site-packages/airflow/example_dags/example_branch_operator.py
[2024-04-27T00:00:35.580+0000] {processor.py:840} INFO - DAG(s) 'example_branch_operator' retrieved from /home/airflow/.local/lib/python3.12/site-packages/airflow/example_dags/example_branch_operator.py
[2024-04-27T00:00:35.624+0000] {logging_mixin.py:188} INFO - [2024-04-27T00:00:35.623+0000] {dag.py:3096} INFO - Sync 1 DAGs
[2024-04-27T00:00:35.652+0000] {logging_mixin.py:188} INFO - [2024-04-27T00:00:35.651+0000] {dag.py:3954} INFO - Setting next_dagrun for example_branch_operator to 2024-04-26 00:00:00+00:00, run_after=2024-04-27 00:00:00+00:00
[2024-04-27T00:00:35.674+0000] {processor.py:183} INFO - Processing /home/airflow/.local/lib/python3.12/site-packages/airflow/example_dags/example_branch_operator.py took 0.128 seconds
[2024-04-27T00:01:05.913+0000] {processor.py:161} INFO - Started process (PID=10683) to work on /home/airflow/.local/lib/python3.12/site-packages/airflow/example_dags/example_branch_operator.py
[2024-04-27T00:01:05.914+0000] {processor.py:830} INFO - Processing file /home/airflow/.local/lib/python3.12/site-packages/airflow/example_dags/example_branch_operator.py for tasks to queue
[2024-04-27T00:01:05.916+0000] {logging_mixin.py:188} INFO - [2024-04-27T00:01:05.915+0000] {dagbag.py:540} INFO - Filling up the DagBag from /home/airflow/.local/lib/python3.12/site-packages/airflow/example_dags/example_branch_operator.py
[2024-04-27T00:01:05.929+0000] {processor.py:840} INFO - DAG(s) 'example_branch_operator' retrieved from /home/airflow/.local/lib/python3.12/site-packages/airflow/example_dags/example_branch_operator.py
[2024-04-27T00:01:05.961+0000] {logging_mixin.py:188} INFO - [2024-04-27T00:01:05.960+0000] {dag.py:3096} INFO - Sync 1 DAGs
[2024-04-27T00:01:05.985+0000] {logging_mixin.py:188} INFO - [2024-04-27T00:01:05.985+0000] {dag.py:3954} INFO - Setting next_dagrun for example_branch_operator to 2024-04-26 00:00:00+00:00, run_after=2024-04-27 00:00:00+00:00
[2024-04-27T00:01:06.006+0000] {processor.py:183} INFO - Processing /home/airflow/.local/lib/python3.12/site-packages/airflow/example_dags/example_branch_operator.py took 0.097 seconds
[2024-04-27T00:01:36.263+0000] {processor.py:161} INFO - Started process (PID=10744) to work on /home/airflow/.local/lib/python3.12/site-packages/airflow/example_dags/example_branch_operator.py
[2024-04-27T00:01:36.264+0000] {processor.py:830} INFO - Processing file /home/airflow/.local/lib/python3.12/site-packages/airflow/example_dags/example_branch_operator.py for tasks to queue
[2024-04-27T00:01:36.266+0000] {logging_mixin.py:188} INFO - [2024-04-27T00:01:36.265+0000] {dagbag.py:540} INFO - Filling up the DagBag from /home/airflow/.local/lib/python3.12/site-packages/airflow/example_dags/example_branch_operator.py
[2024-04-27T00:01:36.282+0000] {processor.py:840} INFO - DAG(s) 'example_branch_operator' retrieved from /home/airflow/.local/lib/python3.12/site-packages/airflow/example_dags/example_branch_operator.py
[2024-04-27T00:01:36.311+0000] {logging_mixin.py:188} INFO - [2024-04-27T00:01:36.311+0000] {dag.py:3096} INFO - Sync 1 DAGs
[2024-04-27T00:01:36.334+0000] {logging_mixin.py:188} INFO - [2024-04-27T00:01:36.333+0000] {dag.py:3954} INFO - Setting next_dagrun for example_branch_operator to 2024-04-26 00:00:00+00:00, run_after=2024-04-27 00:00:00+00:00
[2024-04-27T00:01:36.493+0000] {processor.py:183} INFO - Processing /home/airflow/.local/lib/python3.12/site-packages/airflow/example_dags/example_branch_operator.py took 0.237 seconds
[2024-04-27T00:02:07.144+0000] {processor.py:161} INFO - Started process (PID=10805) to work on /home/airflow/.local/lib/python3.12/site-packages/airflow/example_dags/example_branch_operator.py
[2024-04-27T00:02:07.146+0000] {processor.py:830} INFO - Processing file /home/airflow/.local/lib/python3.12/site-packages/airflow/example_dags/example_branch_operator.py for tasks to queue
[2024-04-27T00:02:07.148+0000] {logging_mixin.py:188} INFO - [2024-04-27T00:02:07.148+0000] {dagbag.py:540} INFO - Filling up the DagBag from /home/airflow/.local/lib/python3.12/site-packages/airflow/example_dags/example_branch_operator.py
[2024-04-27T00:02:07.173+0000] {processor.py:840} INFO - DAG(s) 'example_branch_operator' retrieved from /home/airflow/.local/lib/python3.12/site-packages/airflow/example_dags/example_branch_operator.py
[2024-04-27T00:02:07.203+0000] {logging_mixin.py:188} INFO - [2024-04-27T00:02:07.203+0000] {dag.py:3096} INFO - Sync 1 DAGs
[2024-04-27T00:02:07.263+0000] {logging_mixin.py:188} INFO - [2024-04-27T00:02:07.262+0000] {dag.py:3954} INFO - Setting next_dagrun for example_branch_operator to 2024-04-26 00:00:00+00:00, run_after=2024-04-27 00:00:00+00:00
[2024-04-27T00:02:07.566+0000] {processor.py:183} INFO - Processing /home/airflow/.local/lib/python3.12/site-packages/airflow/example_dags/example_branch_operator.py took 0.427 seconds
[2024-04-27T00:02:38.522+0000] {processor.py:161} INFO - Started process (PID=10866) to work on /home/airflow/.local/lib/python3.12/site-packages/airflow/example_dags/example_branch_operator.py
[2024-04-27T00:02:38.523+0000] {processor.py:830} INFO - Processing file /home/airflow/.local/lib/python3.12/site-packages/airflow/example_dags/example_branch_operator.py for tasks to queue
[2024-04-27T00:02:38.526+0000] {logging_mixin.py:188} INFO - [2024-04-27T00:02:38.526+0000] {dagbag.py:540} INFO - Filling up the DagBag from /home/airflow/.local/lib/python3.12/site-packages/airflow/example_dags/example_branch_operator.py
[2024-04-27T00:02:38.542+0000] {processor.py:840} INFO - DAG(s) 'example_branch_operator' retrieved from /home/airflow/.local/lib/python3.12/site-packages/airflow/example_dags/example_branch_operator.py
[2024-04-27T00:02:38.573+0000] {logging_mixin.py:188} INFO - [2024-04-27T00:02:38.572+0000] {dag.py:3096} INFO - Sync 1 DAGs
[2024-04-27T00:02:38.596+0000] {logging_mixin.py:188} INFO - [2024-04-27T00:02:38.595+0000] {dag.py:3954} INFO - Setting next_dagrun for example_branch_operator to 2024-04-26 00:00:00+00:00, run_after=2024-04-27 00:00:00+00:00
[2024-04-27T00:02:38.622+0000] {processor.py:183} INFO - Processing /home/airflow/.local/lib/python3.12/site-packages/airflow/example_dags/example_branch_operator.py took 0.105 seconds
[2024-04-27T00:03:09.110+0000] {processor.py:161} INFO - Started process (PID=10927) to work on /home/airflow/.local/lib/python3.12/site-packages/airflow/example_dags/example_branch_operator.py
[2024-04-27T00:03:09.111+0000] {processor.py:830} INFO - Processing file /home/airflow/.local/lib/python3.12/site-packages/airflow/example_dags/example_branch_operator.py for tasks to queue
[2024-04-27T00:03:09.113+0000] {logging_mixin.py:188} INFO - [2024-04-27T00:03:09.113+0000] {dagbag.py:540} INFO - Filling up the DagBag from /home/airflow/.local/lib/python3.12/site-packages/airflow/example_dags/example_branch_operator.py
[2024-04-27T00:03:09.133+0000] {processor.py:840} INFO - DAG(s) 'example_branch_operator' retrieved from /home/airflow/.local/lib/python3.12/site-packages/airflow/example_dags/example_branch_operator.py
[2024-04-27T00:03:09.168+0000] {logging_mixin.py:188} INFO - [2024-04-27T00:03:09.168+0000] {dag.py:3096} INFO - Sync 1 DAGs
[2024-04-27T00:03:09.191+0000] {logging_mixin.py:188} INFO - [2024-04-27T00:03:09.191+0000] {dag.py:3954} INFO - Setting next_dagrun for example_branch_operator to 2024-04-26 00:00:00+00:00, run_after=2024-04-27 00:00:00+00:00
[2024-04-27T00:03:09.211+0000] {processor.py:183} INFO - Processing /home/airflow/.local/lib/python3.12/site-packages/airflow/example_dags/example_branch_operator.py took 0.107 seconds
[2024-04-27T00:03:39.830+0000] {processor.py:161} INFO - Started process (PID=10988) to work on /home/airflow/.local/lib/python3.12/site-packages/airflow/example_dags/example_branch_operator.py
[2024-04-27T00:03:39.831+0000] {processor.py:830} INFO - Processing file /home/airflow/.local/lib/python3.12/site-packages/airflow/example_dags/example_branch_operator.py for tasks to queue
[2024-04-27T00:03:39.833+0000] {logging_mixin.py:188} INFO - [2024-04-27T00:03:39.833+0000] {dagbag.py:540} INFO - Filling up the DagBag from /home/airflow/.local/lib/python3.12/site-packages/airflow/example_dags/example_branch_operator.py
[2024-04-27T00:03:39.994+0000] {processor.py:840} INFO - DAG(s) 'example_branch_operator' retrieved from /home/airflow/.local/lib/python3.12/site-packages/airflow/example_dags/example_branch_operator.py
[2024-04-27T00:03:40.020+0000] {logging_mixin.py:188} INFO - [2024-04-27T00:03:40.019+0000] {dag.py:3096} INFO - Sync 1 DAGs
[2024-04-27T00:03:40.040+0000] {logging_mixin.py:188} INFO - [2024-04-27T00:03:40.039+0000] {dag.py:3954} INFO - Setting next_dagrun for example_branch_operator to 2024-04-26 00:00:00+00:00, run_after=2024-04-27 00:00:00+00:00
[2024-04-27T00:03:40.060+0000] {processor.py:183} INFO - Processing /home/airflow/.local/lib/python3.12/site-packages/airflow/example_dags/example_branch_operator.py took 0.235 seconds
[2024-04-27T00:04:10.672+0000] {processor.py:161} INFO - Started process (PID=11048) to work on /home/airflow/.local/lib/python3.12/site-packages/airflow/example_dags/example_branch_operator.py
[2024-04-27T00:04:10.673+0000] {processor.py:830} INFO - Processing file /home/airflow/.local/lib/python3.12/site-packages/airflow/example_dags/example_branch_operator.py for tasks to queue
[2024-04-27T00:04:10.678+0000] {logging_mixin.py:188} INFO - [2024-04-27T00:04:10.677+0000] {dagbag.py:540} INFO - Filling up the DagBag from /home/airflow/.local/lib/python3.12/site-packages/airflow/example_dags/example_branch_operator.py
[2024-04-27T00:04:10.700+0000] {processor.py:840} INFO - DAG(s) 'example_branch_operator' retrieved from /home/airflow/.local/lib/python3.12/site-packages/airflow/example_dags/example_branch_operator.py
[2024-04-27T00:04:10.902+0000] {logging_mixin.py:188} INFO - [2024-04-27T00:04:10.901+0000] {dag.py:3096} INFO - Sync 1 DAGs
[2024-04-27T00:04:10.920+0000] {logging_mixin.py:188} INFO - [2024-04-27T00:04:10.920+0000] {dag.py:3954} INFO - Setting next_dagrun for example_branch_operator to 2024-04-26 00:00:00+00:00, run_after=2024-04-27 00:00:00+00:00
[2024-04-27T00:04:10.941+0000] {processor.py:183} INFO - Processing /home/airflow/.local/lib/python3.12/site-packages/airflow/example_dags/example_branch_operator.py took 0.276 seconds
[2024-04-27T00:04:41.227+0000] {processor.py:161} INFO - Started process (PID=11108) to work on /home/airflow/.local/lib/python3.12/site-packages/airflow/example_dags/example_branch_operator.py
[2024-04-27T00:04:41.230+0000] {processor.py:830} INFO - Processing file /home/airflow/.local/lib/python3.12/site-packages/airflow/example_dags/example_branch_operator.py for tasks to queue
[2024-04-27T00:04:41.234+0000] {logging_mixin.py:188} INFO - [2024-04-27T00:04:41.234+0000] {dagbag.py:540} INFO - Filling up the DagBag from /home/airflow/.local/lib/python3.12/site-packages/airflow/example_dags/example_branch_operator.py
[2024-04-27T00:04:41.251+0000] {processor.py:840} INFO - DAG(s) 'example_branch_operator' retrieved from /home/airflow/.local/lib/python3.12/site-packages/airflow/example_dags/example_branch_operator.py
[2024-04-27T00:04:41.288+0000] {logging_mixin.py:188} INFO - [2024-04-27T00:04:41.288+0000] {dag.py:3096} INFO - Sync 1 DAGs
[2024-04-27T00:04:41.311+0000] {logging_mixin.py:188} INFO - [2024-04-27T00:04:41.311+0000] {dag.py:3954} INFO - Setting next_dagrun for example_branch_operator to 2024-04-26 00:00:00+00:00, run_after=2024-04-27 00:00:00+00:00
[2024-04-27T00:04:41.329+0000] {processor.py:183} INFO - Processing /home/airflow/.local/lib/python3.12/site-packages/airflow/example_dags/example_branch_operator.py took 0.107 seconds
[2024-04-27T00:05:11.678+0000] {processor.py:161} INFO - Started process (PID=11168) to work on /home/airflow/.local/lib/python3.12/site-packages/airflow/example_dags/example_branch_operator.py
[2024-04-27T00:05:11.680+0000] {processor.py:830} INFO - Processing file /home/airflow/.local/lib/python3.12/site-packages/airflow/example_dags/example_branch_operator.py for tasks to queue
[2024-04-27T00:05:11.681+0000] {logging_mixin.py:188} INFO - [2024-04-27T00:05:11.681+0000] {dagbag.py:540} INFO - Filling up the DagBag from /home/airflow/.local/lib/python3.12/site-packages/airflow/example_dags/example_branch_operator.py
[2024-04-27T00:05:11.697+0000] {processor.py:840} INFO - DAG(s) 'example_branch_operator' retrieved from /home/airflow/.local/lib/python3.12/site-packages/airflow/example_dags/example_branch_operator.py
[2024-04-27T00:05:11.728+0000] {logging_mixin.py:188} INFO - [2024-04-27T00:05:11.727+0000] {dag.py:3096} INFO - Sync 1 DAGs
[2024-04-27T00:05:11.752+0000] {logging_mixin.py:188} INFO - [2024-04-27T00:05:11.751+0000] {dag.py:3954} INFO - Setting next_dagrun for example_branch_operator to 2024-04-26 00:00:00+00:00, run_after=2024-04-27 00:00:00+00:00
[2024-04-27T00:05:11.778+0000] {processor.py:183} INFO - Processing /home/airflow/.local/lib/python3.12/site-packages/airflow/example_dags/example_branch_operator.py took 0.106 seconds
[2024-04-27T00:05:42.147+0000] {processor.py:161} INFO - Started process (PID=11228) to work on /home/airflow/.local/lib/python3.12/site-packages/airflow/example_dags/example_branch_operator.py
[2024-04-27T00:05:42.148+0000] {processor.py:830} INFO - Processing file /home/airflow/.local/lib/python3.12/site-packages/airflow/example_dags/example_branch_operator.py for tasks to queue
[2024-04-27T00:05:42.149+0000] {logging_mixin.py:188} INFO - [2024-04-27T00:05:42.148+0000] {dagbag.py:540} INFO - Filling up the DagBag from /home/airflow/.local/lib/python3.12/site-packages/airflow/example_dags/example_branch_operator.py
[2024-04-27T00:05:42.169+0000] {processor.py:840} INFO - DAG(s) 'example_branch_operator' retrieved from /home/airflow/.local/lib/python3.12/site-packages/airflow/example_dags/example_branch_operator.py
[2024-04-27T00:05:42.207+0000] {logging_mixin.py:188} INFO - [2024-04-27T00:05:42.207+0000] {dag.py:3096} INFO - Sync 1 DAGs
[2024-04-27T00:05:42.227+0000] {logging_mixin.py:188} INFO - [2024-04-27T00:05:42.226+0000] {dag.py:3954} INFO - Setting next_dagrun for example_branch_operator to 2024-04-26 00:00:00+00:00, run_after=2024-04-27 00:00:00+00:00
[2024-04-27T00:05:42.245+0000] {processor.py:183} INFO - Processing /home/airflow/.local/lib/python3.12/site-packages/airflow/example_dags/example_branch_operator.py took 0.104 seconds
[2024-04-27T00:06:13.108+0000] {processor.py:161} INFO - Started process (PID=11288) to work on /home/airflow/.local/lib/python3.12/site-packages/airflow/example_dags/example_branch_operator.py
[2024-04-27T00:06:13.110+0000] {processor.py:830} INFO - Processing file /home/airflow/.local/lib/python3.12/site-packages/airflow/example_dags/example_branch_operator.py for tasks to queue
[2024-04-27T00:06:13.111+0000] {logging_mixin.py:188} INFO - [2024-04-27T00:06:13.110+0000] {dagbag.py:540} INFO - Filling up the DagBag from /home/airflow/.local/lib/python3.12/site-packages/airflow/example_dags/example_branch_operator.py
[2024-04-27T00:06:13.126+0000] {processor.py:840} INFO - DAG(s) 'example_branch_operator' retrieved from /home/airflow/.local/lib/python3.12/site-packages/airflow/example_dags/example_branch_operator.py
[2024-04-27T00:06:13.150+0000] {logging_mixin.py:188} INFO - [2024-04-27T00:06:13.150+0000] {dag.py:3096} INFO - Sync 1 DAGs
[2024-04-27T00:06:13.171+0000] {logging_mixin.py:188} INFO - [2024-04-27T00:06:13.170+0000] {dag.py:3954} INFO - Setting next_dagrun for example_branch_operator to 2024-04-26 00:00:00+00:00, run_after=2024-04-27 00:00:00+00:00
[2024-04-27T00:06:13.195+0000] {processor.py:183} INFO - Processing /home/airflow/.local/lib/python3.12/site-packages/airflow/example_dags/example_branch_operator.py took 0.092 seconds
[2024-04-27T00:06:43.673+0000] {processor.py:161} INFO - Started process (PID=11348) to work on /home/airflow/.local/lib/python3.12/site-packages/airflow/example_dags/example_branch_operator.py
[2024-04-27T00:06:43.674+0000] {processor.py:830} INFO - Processing file /home/airflow/.local/lib/python3.12/site-packages/airflow/example_dags/example_branch_operator.py for tasks to queue
[2024-04-27T00:06:43.675+0000] {logging_mixin.py:188} INFO - [2024-04-27T00:06:43.675+0000] {dagbag.py:540} INFO - Filling up the DagBag from /home/airflow/.local/lib/python3.12/site-packages/airflow/example_dags/example_branch_operator.py
[2024-04-27T00:06:43.689+0000] {processor.py:840} INFO - DAG(s) 'example_branch_operator' retrieved from /home/airflow/.local/lib/python3.12/site-packages/airflow/example_dags/example_branch_operator.py
[2024-04-27T00:06:43.714+0000] {logging_mixin.py:188} INFO - [2024-04-27T00:06:43.713+0000] {dag.py:3096} INFO - Sync 1 DAGs
[2024-04-27T00:06:43.734+0000] {logging_mixin.py:188} INFO - [2024-04-27T00:06:43.734+0000] {dag.py:3954} INFO - Setting next_dagrun for example_branch_operator to 2024-04-26 00:00:00+00:00, run_after=2024-04-27 00:00:00+00:00
[2024-04-27T00:06:43.750+0000] {processor.py:183} INFO - Processing /home/airflow/.local/lib/python3.12/site-packages/airflow/example_dags/example_branch_operator.py took 0.082 seconds
[2024-04-27T00:07:14.401+0000] {processor.py:161} INFO - Started process (PID=11408) to work on /home/airflow/.local/lib/python3.12/site-packages/airflow/example_dags/example_branch_operator.py
[2024-04-27T00:07:14.402+0000] {processor.py:830} INFO - Processing file /home/airflow/.local/lib/python3.12/site-packages/airflow/example_dags/example_branch_operator.py for tasks to queue
[2024-04-27T00:07:14.403+0000] {logging_mixin.py:188} INFO - [2024-04-27T00:07:14.403+0000] {dagbag.py:540} INFO - Filling up the DagBag from /home/airflow/.local/lib/python3.12/site-packages/airflow/example_dags/example_branch_operator.py
[2024-04-27T00:07:14.419+0000] {processor.py:840} INFO - DAG(s) 'example_branch_operator' retrieved from /home/airflow/.local/lib/python3.12/site-packages/airflow/example_dags/example_branch_operator.py
[2024-04-27T00:07:14.450+0000] {logging_mixin.py:188} INFO - [2024-04-27T00:07:14.450+0000] {dag.py:3096} INFO - Sync 1 DAGs
[2024-04-27T00:07:14.478+0000] {logging_mixin.py:188} INFO - [2024-04-27T00:07:14.478+0000] {dag.py:3954} INFO - Setting next_dagrun for example_branch_operator to 2024-04-26 00:00:00+00:00, run_after=2024-04-27 00:00:00+00:00
[2024-04-27T00:07:14.502+0000] {processor.py:183} INFO - Processing /home/airflow/.local/lib/python3.12/site-packages/airflow/example_dags/example_branch_operator.py took 0.106 seconds
[2024-04-27T00:07:44.899+0000] {processor.py:161} INFO - Started process (PID=11468) to work on /home/airflow/.local/lib/python3.12/site-packages/airflow/example_dags/example_branch_operator.py
[2024-04-27T00:07:44.900+0000] {processor.py:830} INFO - Processing file /home/airflow/.local/lib/python3.12/site-packages/airflow/example_dags/example_branch_operator.py for tasks to queue
[2024-04-27T00:07:44.901+0000] {logging_mixin.py:188} INFO - [2024-04-27T00:07:44.901+0000] {dagbag.py:540} INFO - Filling up the DagBag from /home/airflow/.local/lib/python3.12/site-packages/airflow/example_dags/example_branch_operator.py
[2024-04-27T00:07:44.915+0000] {processor.py:840} INFO - DAG(s) 'example_branch_operator' retrieved from /home/airflow/.local/lib/python3.12/site-packages/airflow/example_dags/example_branch_operator.py
[2024-04-27T00:07:44.942+0000] {logging_mixin.py:188} INFO - [2024-04-27T00:07:44.942+0000] {dag.py:3096} INFO - Sync 1 DAGs
[2024-04-27T00:07:44.962+0000] {logging_mixin.py:188} INFO - [2024-04-27T00:07:44.961+0000] {dag.py:3954} INFO - Setting next_dagrun for example_branch_operator to 2024-04-26 00:00:00+00:00, run_after=2024-04-27 00:00:00+00:00
[2024-04-27T00:07:44.982+0000] {processor.py:183} INFO - Processing /home/airflow/.local/lib/python3.12/site-packages/airflow/example_dags/example_branch_operator.py took 0.089 seconds
[2024-04-27T00:08:15.668+0000] {processor.py:161} INFO - Started process (PID=11528) to work on /home/airflow/.local/lib/python3.12/site-packages/airflow/example_dags/example_branch_operator.py
[2024-04-27T00:08:15.669+0000] {processor.py:830} INFO - Processing file /home/airflow/.local/lib/python3.12/site-packages/airflow/example_dags/example_branch_operator.py for tasks to queue
[2024-04-27T00:08:15.670+0000] {logging_mixin.py:188} INFO - [2024-04-27T00:08:15.670+0000] {dagbag.py:540} INFO - Filling up the DagBag from /home/airflow/.local/lib/python3.12/site-packages/airflow/example_dags/example_branch_operator.py
[2024-04-27T00:08:15.684+0000] {processor.py:840} INFO - DAG(s) 'example_branch_operator' retrieved from /home/airflow/.local/lib/python3.12/site-packages/airflow/example_dags/example_branch_operator.py
[2024-04-27T00:08:15.712+0000] {logging_mixin.py:188} INFO - [2024-04-27T00:08:15.711+0000] {dag.py:3096} INFO - Sync 1 DAGs
[2024-04-27T00:08:15.750+0000] {logging_mixin.py:188} INFO - [2024-04-27T00:08:15.749+0000] {dag.py:3954} INFO - Setting next_dagrun for example_branch_operator to 2024-04-26 00:00:00+00:00, run_after=2024-04-27 00:00:00+00:00
[2024-04-27T00:08:15.767+0000] {processor.py:183} INFO - Processing /home/airflow/.local/lib/python3.12/site-packages/airflow/example_dags/example_branch_operator.py took 0.105 seconds
[2024-04-27T00:08:46.083+0000] {processor.py:161} INFO - Started process (PID=11588) to work on /home/airflow/.local/lib/python3.12/site-packages/airflow/example_dags/example_branch_operator.py
[2024-04-27T00:08:46.094+0000] {processor.py:830} INFO - Processing file /home/airflow/.local/lib/python3.12/site-packages/airflow/example_dags/example_branch_operator.py for tasks to queue
[2024-04-27T00:08:46.097+0000] {logging_mixin.py:188} INFO - [2024-04-27T00:08:46.097+0000] {dagbag.py:540} INFO - Filling up the DagBag from /home/airflow/.local/lib/python3.12/site-packages/airflow/example_dags/example_branch_operator.py
[2024-04-27T00:08:46.115+0000] {processor.py:840} INFO - DAG(s) 'example_branch_operator' retrieved from /home/airflow/.local/lib/python3.12/site-packages/airflow/example_dags/example_branch_operator.py
[2024-04-27T00:08:46.142+0000] {logging_mixin.py:188} INFO - [2024-04-27T00:08:46.142+0000] {dag.py:3096} INFO - Sync 1 DAGs
[2024-04-27T00:08:46.168+0000] {logging_mixin.py:188} INFO - [2024-04-27T00:08:46.168+0000] {dag.py:3954} INFO - Setting next_dagrun for example_branch_operator to 2024-04-26 00:00:00+00:00, run_after=2024-04-27 00:00:00+00:00
[2024-04-27T00:08:46.190+0000] {processor.py:183} INFO - Processing /home/airflow/.local/lib/python3.12/site-packages/airflow/example_dags/example_branch_operator.py took 0.112 seconds
[2024-04-27T00:09:16.604+0000] {processor.py:161} INFO - Started process (PID=11648) to work on /home/airflow/.local/lib/python3.12/site-packages/airflow/example_dags/example_branch_operator.py
[2024-04-27T00:09:16.605+0000] {processor.py:830} INFO - Processing file /home/airflow/.local/lib/python3.12/site-packages/airflow/example_dags/example_branch_operator.py for tasks to queue
[2024-04-27T00:09:16.606+0000] {logging_mixin.py:188} INFO - [2024-04-27T00:09:16.605+0000] {dagbag.py:540} INFO - Filling up the DagBag from /home/airflow/.local/lib/python3.12/site-packages/airflow/example_dags/example_branch_operator.py
[2024-04-27T00:09:16.625+0000] {processor.py:840} INFO - DAG(s) 'example_branch_operator' retrieved from /home/airflow/.local/lib/python3.12/site-packages/airflow/example_dags/example_branch_operator.py
[2024-04-27T00:09:16.658+0000] {logging_mixin.py:188} INFO - [2024-04-27T00:09:16.658+0000] {dag.py:3096} INFO - Sync 1 DAGs
[2024-04-27T00:09:16.681+0000] {logging_mixin.py:188} INFO - [2024-04-27T00:09:16.681+0000] {dag.py:3954} INFO - Setting next_dagrun for example_branch_operator to 2024-04-26 00:00:00+00:00, run_after=2024-04-27 00:00:00+00:00
[2024-04-27T00:09:16.702+0000] {processor.py:183} INFO - Processing /home/airflow/.local/lib/python3.12/site-packages/airflow/example_dags/example_branch_operator.py took 0.104 seconds
[2024-04-27T00:09:47.375+0000] {processor.py:161} INFO - Started process (PID=11708) to work on /home/airflow/.local/lib/python3.12/site-packages/airflow/example_dags/example_branch_operator.py
[2024-04-27T00:09:47.377+0000] {processor.py:830} INFO - Processing file /home/airflow/.local/lib/python3.12/site-packages/airflow/example_dags/example_branch_operator.py for tasks to queue
[2024-04-27T00:09:47.378+0000] {logging_mixin.py:188} INFO - [2024-04-27T00:09:47.378+0000] {dagbag.py:540} INFO - Filling up the DagBag from /home/airflow/.local/lib/python3.12/site-packages/airflow/example_dags/example_branch_operator.py
[2024-04-27T00:09:47.394+0000] {processor.py:840} INFO - DAG(s) 'example_branch_operator' retrieved from /home/airflow/.local/lib/python3.12/site-packages/airflow/example_dags/example_branch_operator.py
[2024-04-27T00:09:47.428+0000] {logging_mixin.py:188} INFO - [2024-04-27T00:09:47.427+0000] {dag.py:3096} INFO - Sync 1 DAGs
[2024-04-27T00:09:47.454+0000] {logging_mixin.py:188} INFO - [2024-04-27T00:09:47.452+0000] {dag.py:3954} INFO - Setting next_dagrun for example_branch_operator to 2024-04-26 00:00:00+00:00, run_after=2024-04-27 00:00:00+00:00
[2024-04-27T00:09:47.479+0000] {processor.py:183} INFO - Processing /home/airflow/.local/lib/python3.12/site-packages/airflow/example_dags/example_branch_operator.py took 0.110 seconds
[2024-04-27T00:10:18.004+0000] {processor.py:161} INFO - Started process (PID=11768) to work on /home/airflow/.local/lib/python3.12/site-packages/airflow/example_dags/example_branch_operator.py
[2024-04-27T00:10:18.005+0000] {processor.py:830} INFO - Processing file /home/airflow/.local/lib/python3.12/site-packages/airflow/example_dags/example_branch_operator.py for tasks to queue
[2024-04-27T00:10:18.006+0000] {logging_mixin.py:188} INFO - [2024-04-27T00:10:18.005+0000] {dagbag.py:540} INFO - Filling up the DagBag from /home/airflow/.local/lib/python3.12/site-packages/airflow/example_dags/example_branch_operator.py
[2024-04-27T00:10:18.020+0000] {processor.py:840} INFO - DAG(s) 'example_branch_operator' retrieved from /home/airflow/.local/lib/python3.12/site-packages/airflow/example_dags/example_branch_operator.py
[2024-04-27T00:10:18.051+0000] {logging_mixin.py:188} INFO - [2024-04-27T00:10:18.051+0000] {dag.py:3096} INFO - Sync 1 DAGs
[2024-04-27T00:10:18.076+0000] {logging_mixin.py:188} INFO - [2024-04-27T00:10:18.076+0000] {dag.py:3954} INFO - Setting next_dagrun for example_branch_operator to 2024-04-26 00:00:00+00:00, run_after=2024-04-27 00:00:00+00:00
[2024-04-27T00:10:18.097+0000] {processor.py:183} INFO - Processing /home/airflow/.local/lib/python3.12/site-packages/airflow/example_dags/example_branch_operator.py took 0.099 seconds
[2024-04-27T00:10:48.862+0000] {processor.py:161} INFO - Started process (PID=11828) to work on /home/airflow/.local/lib/python3.12/site-packages/airflow/example_dags/example_branch_operator.py
[2024-04-27T00:10:48.863+0000] {processor.py:830} INFO - Processing file /home/airflow/.local/lib/python3.12/site-packages/airflow/example_dags/example_branch_operator.py for tasks to queue
[2024-04-27T00:10:48.870+0000] {logging_mixin.py:188} INFO - [2024-04-27T00:10:48.869+0000] {dagbag.py:540} INFO - Filling up the DagBag from /home/airflow/.local/lib/python3.12/site-packages/airflow/example_dags/example_branch_operator.py
[2024-04-27T00:10:48.897+0000] {processor.py:840} INFO - DAG(s) 'example_branch_operator' retrieved from /home/airflow/.local/lib/python3.12/site-packages/airflow/example_dags/example_branch_operator.py
[2024-04-27T00:10:48.951+0000] {logging_mixin.py:188} INFO - [2024-04-27T00:10:48.951+0000] {dag.py:3096} INFO - Sync 1 DAGs
[2024-04-27T00:10:48.981+0000] {logging_mixin.py:188} INFO - [2024-04-27T00:10:48.981+0000] {dag.py:3954} INFO - Setting next_dagrun for example_branch_operator to 2024-04-26 00:00:00+00:00, run_after=2024-04-27 00:00:00+00:00
[2024-04-27T00:10:49.010+0000] {processor.py:183} INFO - Processing /home/airflow/.local/lib/python3.12/site-packages/airflow/example_dags/example_branch_operator.py took 0.153 seconds
[2024-04-27T00:11:19.391+0000] {processor.py:161} INFO - Started process (PID=11888) to work on /home/airflow/.local/lib/python3.12/site-packages/airflow/example_dags/example_branch_operator.py
[2024-04-27T00:11:19.394+0000] {processor.py:830} INFO - Processing file /home/airflow/.local/lib/python3.12/site-packages/airflow/example_dags/example_branch_operator.py for tasks to queue
[2024-04-27T00:11:19.401+0000] {logging_mixin.py:188} INFO - [2024-04-27T00:11:19.399+0000] {dagbag.py:540} INFO - Filling up the DagBag from /home/airflow/.local/lib/python3.12/site-packages/airflow/example_dags/example_branch_operator.py
[2024-04-27T00:11:19.419+0000] {processor.py:840} INFO - DAG(s) 'example_branch_operator' retrieved from /home/airflow/.local/lib/python3.12/site-packages/airflow/example_dags/example_branch_operator.py
[2024-04-27T00:11:19.450+0000] {logging_mixin.py:188} INFO - [2024-04-27T00:11:19.450+0000] {dag.py:3096} INFO - Sync 1 DAGs
[2024-04-27T00:11:19.474+0000] {logging_mixin.py:188} INFO - [2024-04-27T00:11:19.474+0000] {dag.py:3954} INFO - Setting next_dagrun for example_branch_operator to 2024-04-26 00:00:00+00:00, run_after=2024-04-27 00:00:00+00:00
[2024-04-27T00:11:19.507+0000] {processor.py:183} INFO - Processing /home/airflow/.local/lib/python3.12/site-packages/airflow/example_dags/example_branch_operator.py took 0.122 seconds
[2024-04-27T00:11:50.272+0000] {processor.py:161} INFO - Started process (PID=11949) to work on /home/airflow/.local/lib/python3.12/site-packages/airflow/example_dags/example_branch_operator.py
[2024-04-27T00:11:50.273+0000] {processor.py:830} INFO - Processing file /home/airflow/.local/lib/python3.12/site-packages/airflow/example_dags/example_branch_operator.py for tasks to queue
[2024-04-27T00:11:50.275+0000] {logging_mixin.py:188} INFO - [2024-04-27T00:11:50.274+0000] {dagbag.py:540} INFO - Filling up the DagBag from /home/airflow/.local/lib/python3.12/site-packages/airflow/example_dags/example_branch_operator.py
[2024-04-27T00:11:50.288+0000] {processor.py:840} INFO - DAG(s) 'example_branch_operator' retrieved from /home/airflow/.local/lib/python3.12/site-packages/airflow/example_dags/example_branch_operator.py
[2024-04-27T00:11:50.315+0000] {logging_mixin.py:188} INFO - [2024-04-27T00:11:50.314+0000] {dag.py:3096} INFO - Sync 1 DAGs
[2024-04-27T00:11:50.333+0000] {logging_mixin.py:188} INFO - [2024-04-27T00:11:50.333+0000] {dag.py:3954} INFO - Setting next_dagrun for example_branch_operator to 2024-04-26 00:00:00+00:00, run_after=2024-04-27 00:00:00+00:00
[2024-04-27T00:11:50.351+0000] {processor.py:183} INFO - Processing /home/airflow/.local/lib/python3.12/site-packages/airflow/example_dags/example_branch_operator.py took 0.084 seconds
[2024-04-27T00:12:20.442+0000] {processor.py:161} INFO - Started process (PID=12009) to work on /home/airflow/.local/lib/python3.12/site-packages/airflow/example_dags/example_branch_operator.py
[2024-04-27T00:12:20.443+0000] {processor.py:830} INFO - Processing file /home/airflow/.local/lib/python3.12/site-packages/airflow/example_dags/example_branch_operator.py for tasks to queue
[2024-04-27T00:12:20.444+0000] {logging_mixin.py:188} INFO - [2024-04-27T00:12:20.444+0000] {dagbag.py:540} INFO - Filling up the DagBag from /home/airflow/.local/lib/python3.12/site-packages/airflow/example_dags/example_branch_operator.py
[2024-04-27T00:12:20.461+0000] {processor.py:840} INFO - DAG(s) 'example_branch_operator' retrieved from /home/airflow/.local/lib/python3.12/site-packages/airflow/example_dags/example_branch_operator.py
[2024-04-27T00:12:20.493+0000] {logging_mixin.py:188} INFO - [2024-04-27T00:12:20.493+0000] {dag.py:3096} INFO - Sync 1 DAGs
[2024-04-27T00:12:20.521+0000] {logging_mixin.py:188} INFO - [2024-04-27T00:12:20.520+0000] {dag.py:3954} INFO - Setting next_dagrun for example_branch_operator to 2024-04-26 00:00:00+00:00, run_after=2024-04-27 00:00:00+00:00
[2024-04-27T00:12:20.539+0000] {processor.py:183} INFO - Processing /home/airflow/.local/lib/python3.12/site-packages/airflow/example_dags/example_branch_operator.py took 0.103 seconds
[2024-04-27T00:12:50.875+0000] {processor.py:161} INFO - Started process (PID=12069) to work on /home/airflow/.local/lib/python3.12/site-packages/airflow/example_dags/example_branch_operator.py
[2024-04-27T00:12:50.876+0000] {processor.py:830} INFO - Processing file /home/airflow/.local/lib/python3.12/site-packages/airflow/example_dags/example_branch_operator.py for tasks to queue
[2024-04-27T00:12:50.877+0000] {logging_mixin.py:188} INFO - [2024-04-27T00:12:50.877+0000] {dagbag.py:540} INFO - Filling up the DagBag from /home/airflow/.local/lib/python3.12/site-packages/airflow/example_dags/example_branch_operator.py
[2024-04-27T00:12:50.899+0000] {processor.py:840} INFO - DAG(s) 'example_branch_operator' retrieved from /home/airflow/.local/lib/python3.12/site-packages/airflow/example_dags/example_branch_operator.py
[2024-04-27T00:12:50.929+0000] {logging_mixin.py:188} INFO - [2024-04-27T00:12:50.928+0000] {dag.py:3096} INFO - Sync 1 DAGs
[2024-04-27T00:12:50.958+0000] {logging_mixin.py:188} INFO - [2024-04-27T00:12:50.958+0000] {dag.py:3954} INFO - Setting next_dagrun for example_branch_operator to 2024-04-26 00:00:00+00:00, run_after=2024-04-27 00:00:00+00:00
[2024-04-27T00:12:50.982+0000] {processor.py:183} INFO - Processing /home/airflow/.local/lib/python3.12/site-packages/airflow/example_dags/example_branch_operator.py took 0.112 seconds
[2024-04-27T00:13:21.416+0000] {processor.py:161} INFO - Started process (PID=12127) to work on /home/airflow/.local/lib/python3.12/site-packages/airflow/example_dags/example_branch_operator.py
[2024-04-27T00:13:21.417+0000] {processor.py:830} INFO - Processing file /home/airflow/.local/lib/python3.12/site-packages/airflow/example_dags/example_branch_operator.py for tasks to queue
[2024-04-27T00:13:21.420+0000] {logging_mixin.py:188} INFO - [2024-04-27T00:13:21.419+0000] {dagbag.py:540} INFO - Filling up the DagBag from /home/airflow/.local/lib/python3.12/site-packages/airflow/example_dags/example_branch_operator.py
[2024-04-27T00:13:21.452+0000] {processor.py:840} INFO - DAG(s) 'example_branch_operator' retrieved from /home/airflow/.local/lib/python3.12/site-packages/airflow/example_dags/example_branch_operator.py
[2024-04-27T00:13:21.510+0000] {logging_mixin.py:188} INFO - [2024-04-27T00:13:21.510+0000] {dag.py:3096} INFO - Sync 1 DAGs
[2024-04-27T00:13:21.546+0000] {logging_mixin.py:188} INFO - [2024-04-27T00:13:21.546+0000] {dag.py:3954} INFO - Setting next_dagrun for example_branch_operator to 2024-04-26 00:00:00+00:00, run_after=2024-04-27 00:00:00+00:00
[2024-04-27T00:13:21.569+0000] {processor.py:183} INFO - Processing /home/airflow/.local/lib/python3.12/site-packages/airflow/example_dags/example_branch_operator.py took 0.167 seconds
[2024-04-27T00:13:52.530+0000] {processor.py:161} INFO - Started process (PID=12193) to work on /home/airflow/.local/lib/python3.12/site-packages/airflow/example_dags/example_branch_operator.py
[2024-04-27T00:13:52.533+0000] {processor.py:830} INFO - Processing file /home/airflow/.local/lib/python3.12/site-packages/airflow/example_dags/example_branch_operator.py for tasks to queue
[2024-04-27T00:13:52.535+0000] {logging_mixin.py:188} INFO - [2024-04-27T00:13:52.534+0000] {dagbag.py:540} INFO - Filling up the DagBag from /home/airflow/.local/lib/python3.12/site-packages/airflow/example_dags/example_branch_operator.py
[2024-04-27T00:13:52.551+0000] {processor.py:840} INFO - DAG(s) 'example_branch_operator' retrieved from /home/airflow/.local/lib/python3.12/site-packages/airflow/example_dags/example_branch_operator.py
[2024-04-27T00:13:52.577+0000] {logging_mixin.py:188} INFO - [2024-04-27T00:13:52.576+0000] {dag.py:3096} INFO - Sync 1 DAGs
[2024-04-27T00:13:52.595+0000] {logging_mixin.py:188} INFO - [2024-04-27T00:13:52.594+0000] {dag.py:3954} INFO - Setting next_dagrun for example_branch_operator to 2024-04-26 00:00:00+00:00, run_after=2024-04-27 00:00:00+00:00
[2024-04-27T00:13:52.617+0000] {processor.py:183} INFO - Processing /home/airflow/.local/lib/python3.12/site-packages/airflow/example_dags/example_branch_operator.py took 0.092 seconds
[2024-04-27T00:14:23.388+0000] {processor.py:161} INFO - Started process (PID=12253) to work on /home/airflow/.local/lib/python3.12/site-packages/airflow/example_dags/example_branch_operator.py
[2024-04-27T00:14:23.389+0000] {processor.py:830} INFO - Processing file /home/airflow/.local/lib/python3.12/site-packages/airflow/example_dags/example_branch_operator.py for tasks to queue
[2024-04-27T00:14:23.390+0000] {logging_mixin.py:188} INFO - [2024-04-27T00:14:23.390+0000] {dagbag.py:540} INFO - Filling up the DagBag from /home/airflow/.local/lib/python3.12/site-packages/airflow/example_dags/example_branch_operator.py
[2024-04-27T00:14:23.411+0000] {processor.py:840} INFO - DAG(s) 'example_branch_operator' retrieved from /home/airflow/.local/lib/python3.12/site-packages/airflow/example_dags/example_branch_operator.py
[2024-04-27T00:14:23.439+0000] {logging_mixin.py:188} INFO - [2024-04-27T00:14:23.439+0000] {dag.py:3096} INFO - Sync 1 DAGs
[2024-04-27T00:14:23.461+0000] {logging_mixin.py:188} INFO - [2024-04-27T00:14:23.461+0000] {dag.py:3954} INFO - Setting next_dagrun for example_branch_operator to 2024-04-26 00:00:00+00:00, run_after=2024-04-27 00:00:00+00:00
[2024-04-27T00:14:23.482+0000] {processor.py:183} INFO - Processing /home/airflow/.local/lib/python3.12/site-packages/airflow/example_dags/example_branch_operator.py took 0.099 seconds
[2024-04-27T00:14:54.188+0000] {processor.py:161} INFO - Started process (PID=12313) to work on /home/airflow/.local/lib/python3.12/site-packages/airflow/example_dags/example_branch_operator.py
[2024-04-27T00:14:54.189+0000] {processor.py:830} INFO - Processing file /home/airflow/.local/lib/python3.12/site-packages/airflow/example_dags/example_branch_operator.py for tasks to queue
[2024-04-27T00:14:54.190+0000] {logging_mixin.py:188} INFO - [2024-04-27T00:14:54.190+0000] {dagbag.py:540} INFO - Filling up the DagBag from /home/airflow/.local/lib/python3.12/site-packages/airflow/example_dags/example_branch_operator.py
[2024-04-27T00:14:54.204+0000] {processor.py:840} INFO - DAG(s) 'example_branch_operator' retrieved from /home/airflow/.local/lib/python3.12/site-packages/airflow/example_dags/example_branch_operator.py
[2024-04-27T00:14:54.238+0000] {logging_mixin.py:188} INFO - [2024-04-27T00:14:54.238+0000] {dag.py:3096} INFO - Sync 1 DAGs
[2024-04-27T00:14:54.257+0000] {logging_mixin.py:188} INFO - [2024-04-27T00:14:54.257+0000] {dag.py:3954} INFO - Setting next_dagrun for example_branch_operator to 2024-04-26 00:00:00+00:00, run_after=2024-04-27 00:00:00+00:00
[2024-04-27T00:14:54.278+0000] {processor.py:183} INFO - Processing /home/airflow/.local/lib/python3.12/site-packages/airflow/example_dags/example_branch_operator.py took 0.096 seconds
[2024-04-27T00:15:24.761+0000] {processor.py:161} INFO - Started process (PID=12373) to work on /home/airflow/.local/lib/python3.12/site-packages/airflow/example_dags/example_branch_operator.py
[2024-04-27T00:15:24.763+0000] {processor.py:830} INFO - Processing file /home/airflow/.local/lib/python3.12/site-packages/airflow/example_dags/example_branch_operator.py for tasks to queue
[2024-04-27T00:15:24.764+0000] {logging_mixin.py:188} INFO - [2024-04-27T00:15:24.764+0000] {dagbag.py:540} INFO - Filling up the DagBag from /home/airflow/.local/lib/python3.12/site-packages/airflow/example_dags/example_branch_operator.py
[2024-04-27T00:15:24.778+0000] {processor.py:840} INFO - DAG(s) 'example_branch_operator' retrieved from /home/airflow/.local/lib/python3.12/site-packages/airflow/example_dags/example_branch_operator.py
[2024-04-27T00:15:24.804+0000] {logging_mixin.py:188} INFO - [2024-04-27T00:15:24.804+0000] {dag.py:3096} INFO - Sync 1 DAGs
[2024-04-27T00:15:24.823+0000] {logging_mixin.py:188} INFO - [2024-04-27T00:15:24.822+0000] {dag.py:3954} INFO - Setting next_dagrun for example_branch_operator to 2024-04-26 00:00:00+00:00, run_after=2024-04-27 00:00:00+00:00
[2024-04-27T00:15:24.843+0000] {processor.py:183} INFO - Processing /home/airflow/.local/lib/python3.12/site-packages/airflow/example_dags/example_branch_operator.py took 0.089 seconds
[2024-04-27T00:15:55.246+0000] {processor.py:161} INFO - Started process (PID=12433) to work on /home/airflow/.local/lib/python3.12/site-packages/airflow/example_dags/example_branch_operator.py
[2024-04-27T00:15:55.248+0000] {processor.py:830} INFO - Processing file /home/airflow/.local/lib/python3.12/site-packages/airflow/example_dags/example_branch_operator.py for tasks to queue
[2024-04-27T00:15:55.249+0000] {logging_mixin.py:188} INFO - [2024-04-27T00:15:55.249+0000] {dagbag.py:540} INFO - Filling up the DagBag from /home/airflow/.local/lib/python3.12/site-packages/airflow/example_dags/example_branch_operator.py
[2024-04-27T00:15:55.263+0000] {processor.py:840} INFO - DAG(s) 'example_branch_operator' retrieved from /home/airflow/.local/lib/python3.12/site-packages/airflow/example_dags/example_branch_operator.py
[2024-04-27T00:15:55.292+0000] {logging_mixin.py:188} INFO - [2024-04-27T00:15:55.292+0000] {dag.py:3096} INFO - Sync 1 DAGs
[2024-04-27T00:15:55.313+0000] {logging_mixin.py:188} INFO - [2024-04-27T00:15:55.313+0000] {dag.py:3954} INFO - Setting next_dagrun for example_branch_operator to 2024-04-26 00:00:00+00:00, run_after=2024-04-27 00:00:00+00:00
[2024-04-27T00:15:55.330+0000] {processor.py:183} INFO - Processing /home/airflow/.local/lib/python3.12/site-packages/airflow/example_dags/example_branch_operator.py took 0.088 seconds
[2024-04-27T00:16:25.600+0000] {processor.py:161} INFO - Started process (PID=12493) to work on /home/airflow/.local/lib/python3.12/site-packages/airflow/example_dags/example_branch_operator.py
[2024-04-27T00:16:25.603+0000] {processor.py:830} INFO - Processing file /home/airflow/.local/lib/python3.12/site-packages/airflow/example_dags/example_branch_operator.py for tasks to queue
[2024-04-27T00:16:25.605+0000] {logging_mixin.py:188} INFO - [2024-04-27T00:16:25.604+0000] {dagbag.py:540} INFO - Filling up the DagBag from /home/airflow/.local/lib/python3.12/site-packages/airflow/example_dags/example_branch_operator.py
[2024-04-27T00:16:25.620+0000] {processor.py:840} INFO - DAG(s) 'example_branch_operator' retrieved from /home/airflow/.local/lib/python3.12/site-packages/airflow/example_dags/example_branch_operator.py
[2024-04-27T00:16:25.647+0000] {logging_mixin.py:188} INFO - [2024-04-27T00:16:25.647+0000] {dag.py:3096} INFO - Sync 1 DAGs
[2024-04-27T00:16:25.665+0000] {logging_mixin.py:188} INFO - [2024-04-27T00:16:25.665+0000] {dag.py:3954} INFO - Setting next_dagrun for example_branch_operator to 2024-04-26 00:00:00+00:00, run_after=2024-04-27 00:00:00+00:00
[2024-04-27T00:16:25.686+0000] {processor.py:183} INFO - Processing /home/airflow/.local/lib/python3.12/site-packages/airflow/example_dags/example_branch_operator.py took 0.091 seconds
[2024-04-27T00:16:56.522+0000] {processor.py:161} INFO - Started process (PID=12553) to work on /home/airflow/.local/lib/python3.12/site-packages/airflow/example_dags/example_branch_operator.py
[2024-04-27T00:16:56.524+0000] {processor.py:830} INFO - Processing file /home/airflow/.local/lib/python3.12/site-packages/airflow/example_dags/example_branch_operator.py for tasks to queue
[2024-04-27T00:16:56.525+0000] {logging_mixin.py:188} INFO - [2024-04-27T00:16:56.525+0000] {dagbag.py:540} INFO - Filling up the DagBag from /home/airflow/.local/lib/python3.12/site-packages/airflow/example_dags/example_branch_operator.py
[2024-04-27T00:16:56.541+0000] {processor.py:840} INFO - DAG(s) 'example_branch_operator' retrieved from /home/airflow/.local/lib/python3.12/site-packages/airflow/example_dags/example_branch_operator.py
[2024-04-27T00:16:56.574+0000] {logging_mixin.py:188} INFO - [2024-04-27T00:16:56.574+0000] {dag.py:3096} INFO - Sync 1 DAGs
[2024-04-27T00:16:56.598+0000] {logging_mixin.py:188} INFO - [2024-04-27T00:16:56.597+0000] {dag.py:3954} INFO - Setting next_dagrun for example_branch_operator to 2024-04-26 00:00:00+00:00, run_after=2024-04-27 00:00:00+00:00
[2024-04-27T00:16:56.619+0000] {processor.py:183} INFO - Processing /home/airflow/.local/lib/python3.12/site-packages/airflow/example_dags/example_branch_operator.py took 0.102 seconds
[2024-04-27T00:17:26.798+0000] {processor.py:161} INFO - Started process (PID=12613) to work on /home/airflow/.local/lib/python3.12/site-packages/airflow/example_dags/example_branch_operator.py
[2024-04-27T00:17:26.799+0000] {processor.py:830} INFO - Processing file /home/airflow/.local/lib/python3.12/site-packages/airflow/example_dags/example_branch_operator.py for tasks to queue
[2024-04-27T00:17:26.802+0000] {logging_mixin.py:188} INFO - [2024-04-27T00:17:26.801+0000] {dagbag.py:540} INFO - Filling up the DagBag from /home/airflow/.local/lib/python3.12/site-packages/airflow/example_dags/example_branch_operator.py
[2024-04-27T00:17:26.817+0000] {processor.py:840} INFO - DAG(s) 'example_branch_operator' retrieved from /home/airflow/.local/lib/python3.12/site-packages/airflow/example_dags/example_branch_operator.py
[2024-04-27T00:17:26.847+0000] {logging_mixin.py:188} INFO - [2024-04-27T00:17:26.847+0000] {dag.py:3096} INFO - Sync 1 DAGs
[2024-04-27T00:17:26.868+0000] {logging_mixin.py:188} INFO - [2024-04-27T00:17:26.867+0000] {dag.py:3954} INFO - Setting next_dagrun for example_branch_operator to 2024-04-26 00:00:00+00:00, run_after=2024-04-27 00:00:00+00:00
[2024-04-27T00:17:26.889+0000] {processor.py:183} INFO - Processing /home/airflow/.local/lib/python3.12/site-packages/airflow/example_dags/example_branch_operator.py took 0.096 seconds
[2024-04-27T00:17:57.829+0000] {processor.py:161} INFO - Started process (PID=12673) to work on /home/airflow/.local/lib/python3.12/site-packages/airflow/example_dags/example_branch_operator.py
[2024-04-27T00:17:57.830+0000] {processor.py:830} INFO - Processing file /home/airflow/.local/lib/python3.12/site-packages/airflow/example_dags/example_branch_operator.py for tasks to queue
[2024-04-27T00:17:57.832+0000] {logging_mixin.py:188} INFO - [2024-04-27T00:17:57.831+0000] {dagbag.py:540} INFO - Filling up the DagBag from /home/airflow/.local/lib/python3.12/site-packages/airflow/example_dags/example_branch_operator.py
[2024-04-27T00:17:57.846+0000] {processor.py:840} INFO - DAG(s) 'example_branch_operator' retrieved from /home/airflow/.local/lib/python3.12/site-packages/airflow/example_dags/example_branch_operator.py
[2024-04-27T00:17:57.870+0000] {logging_mixin.py:188} INFO - [2024-04-27T00:17:57.869+0000] {dag.py:3096} INFO - Sync 1 DAGs
[2024-04-27T00:17:57.889+0000] {logging_mixin.py:188} INFO - [2024-04-27T00:17:57.889+0000] {dag.py:3954} INFO - Setting next_dagrun for example_branch_operator to 2024-04-26 00:00:00+00:00, run_after=2024-04-27 00:00:00+00:00
[2024-04-27T00:17:57.909+0000] {processor.py:183} INFO - Processing /home/airflow/.local/lib/python3.12/site-packages/airflow/example_dags/example_branch_operator.py took 0.085 seconds
[2024-04-27T00:18:28.205+0000] {processor.py:161} INFO - Started process (PID=12733) to work on /home/airflow/.local/lib/python3.12/site-packages/airflow/example_dags/example_branch_operator.py
[2024-04-27T00:18:28.206+0000] {processor.py:830} INFO - Processing file /home/airflow/.local/lib/python3.12/site-packages/airflow/example_dags/example_branch_operator.py for tasks to queue
[2024-04-27T00:18:28.207+0000] {logging_mixin.py:188} INFO - [2024-04-27T00:18:28.207+0000] {dagbag.py:540} INFO - Filling up the DagBag from /home/airflow/.local/lib/python3.12/site-packages/airflow/example_dags/example_branch_operator.py
[2024-04-27T00:18:28.225+0000] {processor.py:840} INFO - DAG(s) 'example_branch_operator' retrieved from /home/airflow/.local/lib/python3.12/site-packages/airflow/example_dags/example_branch_operator.py
[2024-04-27T00:18:28.262+0000] {logging_mixin.py:188} INFO - [2024-04-27T00:18:28.262+0000] {dag.py:3096} INFO - Sync 1 DAGs
[2024-04-27T00:18:28.299+0000] {logging_mixin.py:188} INFO - [2024-04-27T00:18:28.298+0000] {dag.py:3954} INFO - Setting next_dagrun for example_branch_operator to 2024-04-26 00:00:00+00:00, run_after=2024-04-27 00:00:00+00:00
[2024-04-27T00:18:28.320+0000] {processor.py:183} INFO - Processing /home/airflow/.local/lib/python3.12/site-packages/airflow/example_dags/example_branch_operator.py took 0.122 seconds
[2024-04-27T00:18:58.404+0000] {processor.py:161} INFO - Started process (PID=12793) to work on /home/airflow/.local/lib/python3.12/site-packages/airflow/example_dags/example_branch_operator.py
[2024-04-27T00:18:58.405+0000] {processor.py:830} INFO - Processing file /home/airflow/.local/lib/python3.12/site-packages/airflow/example_dags/example_branch_operator.py for tasks to queue
[2024-04-27T00:18:58.406+0000] {logging_mixin.py:188} INFO - [2024-04-27T00:18:58.405+0000] {dagbag.py:540} INFO - Filling up the DagBag from /home/airflow/.local/lib/python3.12/site-packages/airflow/example_dags/example_branch_operator.py
[2024-04-27T00:18:58.420+0000] {processor.py:840} INFO - DAG(s) 'example_branch_operator' retrieved from /home/airflow/.local/lib/python3.12/site-packages/airflow/example_dags/example_branch_operator.py
[2024-04-27T00:18:58.448+0000] {logging_mixin.py:188} INFO - [2024-04-27T00:18:58.447+0000] {dag.py:3096} INFO - Sync 1 DAGs
[2024-04-27T00:18:58.467+0000] {logging_mixin.py:188} INFO - [2024-04-27T00:18:58.467+0000] {dag.py:3954} INFO - Setting next_dagrun for example_branch_operator to 2024-04-26 00:00:00+00:00, run_after=2024-04-27 00:00:00+00:00
[2024-04-27T00:18:58.490+0000] {processor.py:183} INFO - Processing /home/airflow/.local/lib/python3.12/site-packages/airflow/example_dags/example_branch_operator.py took 0.092 seconds
[2024-04-27T00:19:29.376+0000] {processor.py:161} INFO - Started process (PID=12853) to work on /home/airflow/.local/lib/python3.12/site-packages/airflow/example_dags/example_branch_operator.py
[2024-04-27T00:19:29.379+0000] {processor.py:830} INFO - Processing file /home/airflow/.local/lib/python3.12/site-packages/airflow/example_dags/example_branch_operator.py for tasks to queue
[2024-04-27T00:19:29.380+0000] {logging_mixin.py:188} INFO - [2024-04-27T00:19:29.380+0000] {dagbag.py:540} INFO - Filling up the DagBag from /home/airflow/.local/lib/python3.12/site-packages/airflow/example_dags/example_branch_operator.py
[2024-04-27T00:19:29.411+0000] {processor.py:840} INFO - DAG(s) 'example_branch_operator' retrieved from /home/airflow/.local/lib/python3.12/site-packages/airflow/example_dags/example_branch_operator.py
[2024-04-27T00:19:29.442+0000] {logging_mixin.py:188} INFO - [2024-04-27T00:19:29.442+0000] {dag.py:3096} INFO - Sync 1 DAGs
[2024-04-27T00:19:29.464+0000] {logging_mixin.py:188} INFO - [2024-04-27T00:19:29.464+0000] {dag.py:3954} INFO - Setting next_dagrun for example_branch_operator to 2024-04-26 00:00:00+00:00, run_after=2024-04-27 00:00:00+00:00
[2024-04-27T00:19:29.484+0000] {processor.py:183} INFO - Processing /home/airflow/.local/lib/python3.12/site-packages/airflow/example_dags/example_branch_operator.py took 0.113 seconds
[2024-04-27T00:19:59.965+0000] {processor.py:161} INFO - Started process (PID=12913) to work on /home/airflow/.local/lib/python3.12/site-packages/airflow/example_dags/example_branch_operator.py
[2024-04-27T00:19:59.967+0000] {processor.py:830} INFO - Processing file /home/airflow/.local/lib/python3.12/site-packages/airflow/example_dags/example_branch_operator.py for tasks to queue
[2024-04-27T00:19:59.968+0000] {logging_mixin.py:188} INFO - [2024-04-27T00:19:59.968+0000] {dagbag.py:540} INFO - Filling up the DagBag from /home/airflow/.local/lib/python3.12/site-packages/airflow/example_dags/example_branch_operator.py
[2024-04-27T00:19:59.983+0000] {processor.py:840} INFO - DAG(s) 'example_branch_operator' retrieved from /home/airflow/.local/lib/python3.12/site-packages/airflow/example_dags/example_branch_operator.py
[2024-04-27T00:20:00.011+0000] {logging_mixin.py:188} INFO - [2024-04-27T00:20:00.011+0000] {dag.py:3096} INFO - Sync 1 DAGs
[2024-04-27T00:20:00.035+0000] {logging_mixin.py:188} INFO - [2024-04-27T00:20:00.034+0000] {dag.py:3954} INFO - Setting next_dagrun for example_branch_operator to 2024-04-26 00:00:00+00:00, run_after=2024-04-27 00:00:00+00:00
[2024-04-27T00:20:00.065+0000] {processor.py:183} INFO - Processing /home/airflow/.local/lib/python3.12/site-packages/airflow/example_dags/example_branch_operator.py took 0.104 seconds
[2024-04-27T00:20:30.439+0000] {processor.py:161} INFO - Started process (PID=12972) to work on /home/airflow/.local/lib/python3.12/site-packages/airflow/example_dags/example_branch_operator.py
[2024-04-27T00:20:30.516+0000] {processor.py:830} INFO - Processing file /home/airflow/.local/lib/python3.12/site-packages/airflow/example_dags/example_branch_operator.py for tasks to queue
[2024-04-27T00:20:30.537+0000] {logging_mixin.py:188} INFO - [2024-04-27T00:20:30.536+0000] {dagbag.py:540} INFO - Filling up the DagBag from /home/airflow/.local/lib/python3.12/site-packages/airflow/example_dags/example_branch_operator.py
[2024-04-27T00:20:30.551+0000] {processor.py:840} INFO - DAG(s) 'example_branch_operator' retrieved from /home/airflow/.local/lib/python3.12/site-packages/airflow/example_dags/example_branch_operator.py
[2024-04-27T00:20:30.577+0000] {logging_mixin.py:188} INFO - [2024-04-27T00:20:30.577+0000] {dag.py:3096} INFO - Sync 1 DAGs
[2024-04-27T00:20:30.597+0000] {logging_mixin.py:188} INFO - [2024-04-27T00:20:30.596+0000] {dag.py:3954} INFO - Setting next_dagrun for example_branch_operator to 2024-04-26 00:00:00+00:00, run_after=2024-04-27 00:00:00+00:00
[2024-04-27T00:20:30.615+0000] {processor.py:183} INFO - Processing /home/airflow/.local/lib/python3.12/site-packages/airflow/example_dags/example_branch_operator.py took 0.182 seconds
[2024-04-27T00:21:00.843+0000] {processor.py:161} INFO - Started process (PID=13032) to work on /home/airflow/.local/lib/python3.12/site-packages/airflow/example_dags/example_branch_operator.py
[2024-04-27T00:21:00.844+0000] {processor.py:830} INFO - Processing file /home/airflow/.local/lib/python3.12/site-packages/airflow/example_dags/example_branch_operator.py for tasks to queue
[2024-04-27T00:21:00.845+0000] {logging_mixin.py:188} INFO - [2024-04-27T00:21:00.845+0000] {dagbag.py:540} INFO - Filling up the DagBag from /home/airflow/.local/lib/python3.12/site-packages/airflow/example_dags/example_branch_operator.py
[2024-04-27T00:21:00.865+0000] {processor.py:840} INFO - DAG(s) 'example_branch_operator' retrieved from /home/airflow/.local/lib/python3.12/site-packages/airflow/example_dags/example_branch_operator.py
[2024-04-27T00:21:00.901+0000] {logging_mixin.py:188} INFO - [2024-04-27T00:21:00.901+0000] {dag.py:3096} INFO - Sync 1 DAGs
[2024-04-27T00:21:00.949+0000] {logging_mixin.py:188} INFO - [2024-04-27T00:21:00.948+0000] {dag.py:3954} INFO - Setting next_dagrun for example_branch_operator to 2024-04-26 00:00:00+00:00, run_after=2024-04-27 00:00:00+00:00
[2024-04-27T00:21:00.987+0000] {processor.py:183} INFO - Processing /home/airflow/.local/lib/python3.12/site-packages/airflow/example_dags/example_branch_operator.py took 0.150 seconds
[2024-04-27T00:21:31.269+0000] {processor.py:161} INFO - Started process (PID=13092) to work on /home/airflow/.local/lib/python3.12/site-packages/airflow/example_dags/example_branch_operator.py
[2024-04-27T00:21:31.274+0000] {processor.py:830} INFO - Processing file /home/airflow/.local/lib/python3.12/site-packages/airflow/example_dags/example_branch_operator.py for tasks to queue
[2024-04-27T00:21:31.276+0000] {logging_mixin.py:188} INFO - [2024-04-27T00:21:31.276+0000] {dagbag.py:540} INFO - Filling up the DagBag from /home/airflow/.local/lib/python3.12/site-packages/airflow/example_dags/example_branch_operator.py
[2024-04-27T00:21:31.290+0000] {processor.py:840} INFO - DAG(s) 'example_branch_operator' retrieved from /home/airflow/.local/lib/python3.12/site-packages/airflow/example_dags/example_branch_operator.py
[2024-04-27T00:21:31.322+0000] {logging_mixin.py:188} INFO - [2024-04-27T00:21:31.322+0000] {dag.py:3096} INFO - Sync 1 DAGs
[2024-04-27T00:21:31.353+0000] {logging_mixin.py:188} INFO - [2024-04-27T00:21:31.353+0000] {dag.py:3954} INFO - Setting next_dagrun for example_branch_operator to 2024-04-26 00:00:00+00:00, run_after=2024-04-27 00:00:00+00:00
[2024-04-27T00:21:31.374+0000] {processor.py:183} INFO - Processing /home/airflow/.local/lib/python3.12/site-packages/airflow/example_dags/example_branch_operator.py took 0.111 seconds
[2024-04-27T00:22:01.598+0000] {processor.py:161} INFO - Started process (PID=13152) to work on /home/airflow/.local/lib/python3.12/site-packages/airflow/example_dags/example_branch_operator.py
[2024-04-27T00:22:01.600+0000] {processor.py:830} INFO - Processing file /home/airflow/.local/lib/python3.12/site-packages/airflow/example_dags/example_branch_operator.py for tasks to queue
[2024-04-27T00:22:01.602+0000] {logging_mixin.py:188} INFO - [2024-04-27T00:22:01.601+0000] {dagbag.py:540} INFO - Filling up the DagBag from /home/airflow/.local/lib/python3.12/site-packages/airflow/example_dags/example_branch_operator.py
[2024-04-27T00:22:01.619+0000] {processor.py:840} INFO - DAG(s) 'example_branch_operator' retrieved from /home/airflow/.local/lib/python3.12/site-packages/airflow/example_dags/example_branch_operator.py
[2024-04-27T00:22:01.646+0000] {logging_mixin.py:188} INFO - [2024-04-27T00:22:01.645+0000] {dag.py:3096} INFO - Sync 1 DAGs
[2024-04-27T00:22:01.667+0000] {logging_mixin.py:188} INFO - [2024-04-27T00:22:01.667+0000] {dag.py:3954} INFO - Setting next_dagrun for example_branch_operator to 2024-04-26 00:00:00+00:00, run_after=2024-04-27 00:00:00+00:00
[2024-04-27T00:22:01.687+0000] {processor.py:183} INFO - Processing /home/airflow/.local/lib/python3.12/site-packages/airflow/example_dags/example_branch_operator.py took 0.100 seconds
[2024-04-27T00:22:32.312+0000] {processor.py:161} INFO - Started process (PID=13212) to work on /home/airflow/.local/lib/python3.12/site-packages/airflow/example_dags/example_branch_operator.py
[2024-04-27T00:22:32.314+0000] {processor.py:830} INFO - Processing file /home/airflow/.local/lib/python3.12/site-packages/airflow/example_dags/example_branch_operator.py for tasks to queue
[2024-04-27T00:22:32.315+0000] {logging_mixin.py:188} INFO - [2024-04-27T00:22:32.314+0000] {dagbag.py:540} INFO - Filling up the DagBag from /home/airflow/.local/lib/python3.12/site-packages/airflow/example_dags/example_branch_operator.py
[2024-04-27T00:22:32.330+0000] {processor.py:840} INFO - DAG(s) 'example_branch_operator' retrieved from /home/airflow/.local/lib/python3.12/site-packages/airflow/example_dags/example_branch_operator.py
[2024-04-27T00:22:32.372+0000] {logging_mixin.py:188} INFO - [2024-04-27T00:22:32.372+0000] {dag.py:3096} INFO - Sync 1 DAGs
[2024-04-27T00:22:32.408+0000] {logging_mixin.py:188} INFO - [2024-04-27T00:22:32.408+0000] {dag.py:3954} INFO - Setting next_dagrun for example_branch_operator to 2024-04-26 00:00:00+00:00, run_after=2024-04-27 00:00:00+00:00
[2024-04-27T00:22:32.441+0000] {processor.py:183} INFO - Processing /home/airflow/.local/lib/python3.12/site-packages/airflow/example_dags/example_branch_operator.py took 0.134 seconds
[2024-04-27T00:23:03.021+0000] {processor.py:161} INFO - Started process (PID=13272) to work on /home/airflow/.local/lib/python3.12/site-packages/airflow/example_dags/example_branch_operator.py
[2024-04-27T00:23:03.022+0000] {processor.py:830} INFO - Processing file /home/airflow/.local/lib/python3.12/site-packages/airflow/example_dags/example_branch_operator.py for tasks to queue
[2024-04-27T00:23:03.024+0000] {logging_mixin.py:188} INFO - [2024-04-27T00:23:03.023+0000] {dagbag.py:540} INFO - Filling up the DagBag from /home/airflow/.local/lib/python3.12/site-packages/airflow/example_dags/example_branch_operator.py
[2024-04-27T00:23:03.042+0000] {processor.py:840} INFO - DAG(s) 'example_branch_operator' retrieved from /home/airflow/.local/lib/python3.12/site-packages/airflow/example_dags/example_branch_operator.py
[2024-04-27T00:23:03.076+0000] {logging_mixin.py:188} INFO - [2024-04-27T00:23:03.075+0000] {dag.py:3096} INFO - Sync 1 DAGs
[2024-04-27T00:23:03.098+0000] {logging_mixin.py:188} INFO - [2024-04-27T00:23:03.098+0000] {dag.py:3954} INFO - Setting next_dagrun for example_branch_operator to 2024-04-26 00:00:00+00:00, run_after=2024-04-27 00:00:00+00:00
[2024-04-27T00:23:03.118+0000] {processor.py:183} INFO - Processing /home/airflow/.local/lib/python3.12/site-packages/airflow/example_dags/example_branch_operator.py took 0.103 seconds
[2024-04-27T00:23:33.413+0000] {processor.py:161} INFO - Started process (PID=13332) to work on /home/airflow/.local/lib/python3.12/site-packages/airflow/example_dags/example_branch_operator.py
[2024-04-27T00:23:33.414+0000] {processor.py:830} INFO - Processing file /home/airflow/.local/lib/python3.12/site-packages/airflow/example_dags/example_branch_operator.py for tasks to queue
[2024-04-27T00:23:33.415+0000] {logging_mixin.py:188} INFO - [2024-04-27T00:23:33.415+0000] {dagbag.py:540} INFO - Filling up the DagBag from /home/airflow/.local/lib/python3.12/site-packages/airflow/example_dags/example_branch_operator.py
[2024-04-27T00:23:33.430+0000] {processor.py:840} INFO - DAG(s) 'example_branch_operator' retrieved from /home/airflow/.local/lib/python3.12/site-packages/airflow/example_dags/example_branch_operator.py
[2024-04-27T00:23:33.455+0000] {logging_mixin.py:188} INFO - [2024-04-27T00:23:33.455+0000] {dag.py:3096} INFO - Sync 1 DAGs
[2024-04-27T00:23:33.486+0000] {logging_mixin.py:188} INFO - [2024-04-27T00:23:33.486+0000] {dag.py:3954} INFO - Setting next_dagrun for example_branch_operator to 2024-04-26 00:00:00+00:00, run_after=2024-04-27 00:00:00+00:00
[2024-04-27T00:23:33.509+0000] {processor.py:183} INFO - Processing /home/airflow/.local/lib/python3.12/site-packages/airflow/example_dags/example_branch_operator.py took 0.101 seconds
[2024-04-27T00:24:04.249+0000] {processor.py:161} INFO - Started process (PID=13393) to work on /home/airflow/.local/lib/python3.12/site-packages/airflow/example_dags/example_branch_operator.py
[2024-04-27T00:24:04.251+0000] {processor.py:830} INFO - Processing file /home/airflow/.local/lib/python3.12/site-packages/airflow/example_dags/example_branch_operator.py for tasks to queue
[2024-04-27T00:24:04.253+0000] {logging_mixin.py:188} INFO - [2024-04-27T00:24:04.252+0000] {dagbag.py:540} INFO - Filling up the DagBag from /home/airflow/.local/lib/python3.12/site-packages/airflow/example_dags/example_branch_operator.py
[2024-04-27T00:24:04.286+0000] {processor.py:840} INFO - DAG(s) 'example_branch_operator' retrieved from /home/airflow/.local/lib/python3.12/site-packages/airflow/example_dags/example_branch_operator.py
[2024-04-27T00:24:04.329+0000] {logging_mixin.py:188} INFO - [2024-04-27T00:24:04.329+0000] {dag.py:3096} INFO - Sync 1 DAGs
[2024-04-27T00:24:04.353+0000] {logging_mixin.py:188} INFO - [2024-04-27T00:24:04.353+0000] {dag.py:3954} INFO - Setting next_dagrun for example_branch_operator to 2024-04-26 00:00:00+00:00, run_after=2024-04-27 00:00:00+00:00
[2024-04-27T00:24:04.382+0000] {processor.py:183} INFO - Processing /home/airflow/.local/lib/python3.12/site-packages/airflow/example_dags/example_branch_operator.py took 0.141 seconds
[2024-04-27T00:24:34.782+0000] {processor.py:161} INFO - Started process (PID=13453) to work on /home/airflow/.local/lib/python3.12/site-packages/airflow/example_dags/example_branch_operator.py
[2024-04-27T00:24:34.783+0000] {processor.py:830} INFO - Processing file /home/airflow/.local/lib/python3.12/site-packages/airflow/example_dags/example_branch_operator.py for tasks to queue
[2024-04-27T00:24:34.785+0000] {logging_mixin.py:188} INFO - [2024-04-27T00:24:34.785+0000] {dagbag.py:540} INFO - Filling up the DagBag from /home/airflow/.local/lib/python3.12/site-packages/airflow/example_dags/example_branch_operator.py
[2024-04-27T00:24:34.800+0000] {processor.py:840} INFO - DAG(s) 'example_branch_operator' retrieved from /home/airflow/.local/lib/python3.12/site-packages/airflow/example_dags/example_branch_operator.py
[2024-04-27T00:24:34.829+0000] {logging_mixin.py:188} INFO - [2024-04-27T00:24:34.829+0000] {dag.py:3096} INFO - Sync 1 DAGs
[2024-04-27T00:24:34.853+0000] {logging_mixin.py:188} INFO - [2024-04-27T00:24:34.852+0000] {dag.py:3954} INFO - Setting next_dagrun for example_branch_operator to 2024-04-26 00:00:00+00:00, run_after=2024-04-27 00:00:00+00:00
[2024-04-27T00:24:34.876+0000] {processor.py:183} INFO - Processing /home/airflow/.local/lib/python3.12/site-packages/airflow/example_dags/example_branch_operator.py took 0.100 seconds
[2024-04-27T00:25:05.277+0000] {processor.py:161} INFO - Started process (PID=13513) to work on /home/airflow/.local/lib/python3.12/site-packages/airflow/example_dags/example_branch_operator.py
[2024-04-27T00:25:05.279+0000] {processor.py:830} INFO - Processing file /home/airflow/.local/lib/python3.12/site-packages/airflow/example_dags/example_branch_operator.py for tasks to queue
[2024-04-27T00:25:05.280+0000] {logging_mixin.py:188} INFO - [2024-04-27T00:25:05.280+0000] {dagbag.py:540} INFO - Filling up the DagBag from /home/airflow/.local/lib/python3.12/site-packages/airflow/example_dags/example_branch_operator.py
[2024-04-27T00:25:05.297+0000] {processor.py:840} INFO - DAG(s) 'example_branch_operator' retrieved from /home/airflow/.local/lib/python3.12/site-packages/airflow/example_dags/example_branch_operator.py
[2024-04-27T00:25:05.328+0000] {logging_mixin.py:188} INFO - [2024-04-27T00:25:05.328+0000] {dag.py:3096} INFO - Sync 1 DAGs
[2024-04-27T00:25:05.353+0000] {logging_mixin.py:188} INFO - [2024-04-27T00:25:05.352+0000] {dag.py:3954} INFO - Setting next_dagrun for example_branch_operator to 2024-04-26 00:00:00+00:00, run_after=2024-04-27 00:00:00+00:00
[2024-04-27T00:25:05.376+0000] {processor.py:183} INFO - Processing /home/airflow/.local/lib/python3.12/site-packages/airflow/example_dags/example_branch_operator.py took 0.105 seconds
