[2024-04-27T00:00:10.231+0000] {processor.py:161} INFO - Started process (PID=10576) to work on /home/airflow/.local/lib/python3.12/site-packages/airflow/example_dags/example_latest_only_with_trigger.py
[2024-04-27T00:00:10.232+0000] {processor.py:830} INFO - Processing file /home/airflow/.local/lib/python3.12/site-packages/airflow/example_dags/example_latest_only_with_trigger.py for tasks to queue
[2024-04-27T00:00:10.234+0000] {logging_mixin.py:188} INFO - [2024-04-27T00:00:10.234+0000] {dagbag.py:540} INFO - Filling up the DagBag from /home/airflow/.local/lib/python3.12/site-packages/airflow/example_dags/example_latest_only_with_trigger.py
[2024-04-27T00:00:10.240+0000] {processor.py:840} INFO - DAG(s) 'latest_only_with_trigger' retrieved from /home/airflow/.local/lib/python3.12/site-packages/airflow/example_dags/example_latest_only_with_trigger.py
[2024-04-27T00:00:10.260+0000] {logging_mixin.py:188} INFO - [2024-04-27T00:00:10.259+0000] {dag.py:3096} INFO - Sync 1 DAGs
[2024-04-27T00:00:10.279+0000] {logging_mixin.py:188} INFO - [2024-04-27T00:00:10.279+0000] {dag.py:3954} INFO - Setting next_dagrun for latest_only_with_trigger to 2024-04-26 20:00:00+00:00, run_after=2024-04-27 00:00:00+00:00
[2024-04-27T00:00:10.304+0000] {processor.py:183} INFO - Processing /home/airflow/.local/lib/python3.12/site-packages/airflow/example_dags/example_latest_only_with_trigger.py took 0.081 seconds
[2024-04-27T00:00:40.580+0000] {processor.py:161} INFO - Started process (PID=10637) to work on /home/airflow/.local/lib/python3.12/site-packages/airflow/example_dags/example_latest_only_with_trigger.py
[2024-04-27T00:00:40.584+0000] {processor.py:830} INFO - Processing file /home/airflow/.local/lib/python3.12/site-packages/airflow/example_dags/example_latest_only_with_trigger.py for tasks to queue
[2024-04-27T00:00:40.587+0000] {logging_mixin.py:188} INFO - [2024-04-27T00:00:40.587+0000] {dagbag.py:540} INFO - Filling up the DagBag from /home/airflow/.local/lib/python3.12/site-packages/airflow/example_dags/example_latest_only_with_trigger.py
[2024-04-27T00:00:40.594+0000] {processor.py:840} INFO - DAG(s) 'latest_only_with_trigger' retrieved from /home/airflow/.local/lib/python3.12/site-packages/airflow/example_dags/example_latest_only_with_trigger.py
[2024-04-27T00:00:40.624+0000] {logging_mixin.py:188} INFO - [2024-04-27T00:00:40.624+0000] {dag.py:3096} INFO - Sync 1 DAGs
[2024-04-27T00:00:40.652+0000] {logging_mixin.py:188} INFO - [2024-04-27T00:00:40.652+0000] {dag.py:3954} INFO - Setting next_dagrun for latest_only_with_trigger to 2024-04-26 20:00:00+00:00, run_after=2024-04-27 00:00:00+00:00
[2024-04-27T00:00:40.676+0000] {processor.py:183} INFO - Processing /home/airflow/.local/lib/python3.12/site-packages/airflow/example_dags/example_latest_only_with_trigger.py took 0.104 seconds
[2024-04-27T00:01:10.907+0000] {processor.py:161} INFO - Started process (PID=10698) to work on /home/airflow/.local/lib/python3.12/site-packages/airflow/example_dags/example_latest_only_with_trigger.py
[2024-04-27T00:01:10.913+0000] {processor.py:830} INFO - Processing file /home/airflow/.local/lib/python3.12/site-packages/airflow/example_dags/example_latest_only_with_trigger.py for tasks to queue
[2024-04-27T00:01:10.915+0000] {logging_mixin.py:188} INFO - [2024-04-27T00:01:10.915+0000] {dagbag.py:540} INFO - Filling up the DagBag from /home/airflow/.local/lib/python3.12/site-packages/airflow/example_dags/example_latest_only_with_trigger.py
[2024-04-27T00:01:10.921+0000] {processor.py:840} INFO - DAG(s) 'latest_only_with_trigger' retrieved from /home/airflow/.local/lib/python3.12/site-packages/airflow/example_dags/example_latest_only_with_trigger.py
[2024-04-27T00:01:10.949+0000] {logging_mixin.py:188} INFO - [2024-04-27T00:01:10.949+0000] {dag.py:3096} INFO - Sync 1 DAGs
[2024-04-27T00:01:10.977+0000] {logging_mixin.py:188} INFO - [2024-04-27T00:01:10.977+0000] {dag.py:3954} INFO - Setting next_dagrun for latest_only_with_trigger to 2024-04-26 20:00:00+00:00, run_after=2024-04-27 00:00:00+00:00
[2024-04-27T00:01:11.001+0000] {processor.py:183} INFO - Processing /home/airflow/.local/lib/python3.12/site-packages/airflow/example_dags/example_latest_only_with_trigger.py took 0.100 seconds
[2024-04-27T00:01:41.782+0000] {processor.py:161} INFO - Started process (PID=10759) to work on /home/airflow/.local/lib/python3.12/site-packages/airflow/example_dags/example_latest_only_with_trigger.py
[2024-04-27T00:01:41.783+0000] {processor.py:830} INFO - Processing file /home/airflow/.local/lib/python3.12/site-packages/airflow/example_dags/example_latest_only_with_trigger.py for tasks to queue
[2024-04-27T00:01:41.784+0000] {logging_mixin.py:188} INFO - [2024-04-27T00:01:41.784+0000] {dagbag.py:540} INFO - Filling up the DagBag from /home/airflow/.local/lib/python3.12/site-packages/airflow/example_dags/example_latest_only_with_trigger.py
[2024-04-27T00:01:41.789+0000] {processor.py:840} INFO - DAG(s) 'latest_only_with_trigger' retrieved from /home/airflow/.local/lib/python3.12/site-packages/airflow/example_dags/example_latest_only_with_trigger.py
[2024-04-27T00:01:41.814+0000] {logging_mixin.py:188} INFO - [2024-04-27T00:01:41.814+0000] {dag.py:3096} INFO - Sync 1 DAGs
[2024-04-27T00:01:41.980+0000] {logging_mixin.py:188} INFO - [2024-04-27T00:01:41.980+0000] {dag.py:3954} INFO - Setting next_dagrun for latest_only_with_trigger to 2024-04-26 20:00:00+00:00, run_after=2024-04-27 00:00:00+00:00
[2024-04-27T00:01:42.004+0000] {processor.py:183} INFO - Processing /home/airflow/.local/lib/python3.12/site-packages/airflow/example_dags/example_latest_only_with_trigger.py took 0.229 seconds
[2024-04-27T00:02:12.738+0000] {processor.py:161} INFO - Started process (PID=10820) to work on /home/airflow/.local/lib/python3.12/site-packages/airflow/example_dags/example_latest_only_with_trigger.py
[2024-04-27T00:02:12.739+0000] {processor.py:830} INFO - Processing file /home/airflow/.local/lib/python3.12/site-packages/airflow/example_dags/example_latest_only_with_trigger.py for tasks to queue
[2024-04-27T00:02:12.741+0000] {logging_mixin.py:188} INFO - [2024-04-27T00:02:12.740+0000] {dagbag.py:540} INFO - Filling up the DagBag from /home/airflow/.local/lib/python3.12/site-packages/airflow/example_dags/example_latest_only_with_trigger.py
[2024-04-27T00:02:12.745+0000] {processor.py:840} INFO - DAG(s) 'latest_only_with_trigger' retrieved from /home/airflow/.local/lib/python3.12/site-packages/airflow/example_dags/example_latest_only_with_trigger.py
[2024-04-27T00:02:12.768+0000] {logging_mixin.py:188} INFO - [2024-04-27T00:02:12.768+0000] {dag.py:3096} INFO - Sync 1 DAGs
[2024-04-27T00:02:12.790+0000] {logging_mixin.py:188} INFO - [2024-04-27T00:02:12.788+0000] {dag.py:3954} INFO - Setting next_dagrun for latest_only_with_trigger to 2024-04-26 20:00:00+00:00, run_after=2024-04-27 00:00:00+00:00
[2024-04-27T00:02:13.005+0000] {processor.py:183} INFO - Processing /home/airflow/.local/lib/python3.12/site-packages/airflow/example_dags/example_latest_only_with_trigger.py took 0.273 seconds
[2024-04-27T00:02:43.584+0000] {processor.py:161} INFO - Started process (PID=10881) to work on /home/airflow/.local/lib/python3.12/site-packages/airflow/example_dags/example_latest_only_with_trigger.py
[2024-04-27T00:02:43.586+0000] {processor.py:830} INFO - Processing file /home/airflow/.local/lib/python3.12/site-packages/airflow/example_dags/example_latest_only_with_trigger.py for tasks to queue
[2024-04-27T00:02:43.587+0000] {logging_mixin.py:188} INFO - [2024-04-27T00:02:43.587+0000] {dagbag.py:540} INFO - Filling up the DagBag from /home/airflow/.local/lib/python3.12/site-packages/airflow/example_dags/example_latest_only_with_trigger.py
[2024-04-27T00:02:43.598+0000] {processor.py:840} INFO - DAG(s) 'latest_only_with_trigger' retrieved from /home/airflow/.local/lib/python3.12/site-packages/airflow/example_dags/example_latest_only_with_trigger.py
[2024-04-27T00:02:43.624+0000] {logging_mixin.py:188} INFO - [2024-04-27T00:02:43.624+0000] {dag.py:3096} INFO - Sync 1 DAGs
[2024-04-27T00:02:43.646+0000] {logging_mixin.py:188} INFO - [2024-04-27T00:02:43.646+0000] {dag.py:3954} INFO - Setting next_dagrun for latest_only_with_trigger to 2024-04-26 20:00:00+00:00, run_after=2024-04-27 00:00:00+00:00
[2024-04-27T00:02:43.676+0000] {processor.py:183} INFO - Processing /home/airflow/.local/lib/python3.12/site-packages/airflow/example_dags/example_latest_only_with_trigger.py took 0.097 seconds
[2024-04-27T00:03:13.916+0000] {processor.py:161} INFO - Started process (PID=10942) to work on /home/airflow/.local/lib/python3.12/site-packages/airflow/example_dags/example_latest_only_with_trigger.py
[2024-04-27T00:03:13.917+0000] {processor.py:830} INFO - Processing file /home/airflow/.local/lib/python3.12/site-packages/airflow/example_dags/example_latest_only_with_trigger.py for tasks to queue
[2024-04-27T00:03:13.919+0000] {logging_mixin.py:188} INFO - [2024-04-27T00:03:13.919+0000] {dagbag.py:540} INFO - Filling up the DagBag from /home/airflow/.local/lib/python3.12/site-packages/airflow/example_dags/example_latest_only_with_trigger.py
[2024-04-27T00:03:13.924+0000] {processor.py:840} INFO - DAG(s) 'latest_only_with_trigger' retrieved from /home/airflow/.local/lib/python3.12/site-packages/airflow/example_dags/example_latest_only_with_trigger.py
[2024-04-27T00:03:13.945+0000] {logging_mixin.py:188} INFO - [2024-04-27T00:03:13.945+0000] {dag.py:3096} INFO - Sync 1 DAGs
[2024-04-27T00:03:13.972+0000] {logging_mixin.py:188} INFO - [2024-04-27T00:03:13.972+0000] {dag.py:3954} INFO - Setting next_dagrun for latest_only_with_trigger to 2024-04-26 20:00:00+00:00, run_after=2024-04-27 00:00:00+00:00
[2024-04-27T00:03:14.001+0000] {processor.py:183} INFO - Processing /home/airflow/.local/lib/python3.12/site-packages/airflow/example_dags/example_latest_only_with_trigger.py took 0.089 seconds
[2024-04-27T00:03:44.056+0000] {processor.py:161} INFO - Started process (PID=11003) to work on /home/airflow/.local/lib/python3.12/site-packages/airflow/example_dags/example_latest_only_with_trigger.py
[2024-04-27T00:03:44.057+0000] {processor.py:830} INFO - Processing file /home/airflow/.local/lib/python3.12/site-packages/airflow/example_dags/example_latest_only_with_trigger.py for tasks to queue
[2024-04-27T00:03:44.059+0000] {logging_mixin.py:188} INFO - [2024-04-27T00:03:44.058+0000] {dagbag.py:540} INFO - Filling up the DagBag from /home/airflow/.local/lib/python3.12/site-packages/airflow/example_dags/example_latest_only_with_trigger.py
[2024-04-27T00:03:44.063+0000] {processor.py:840} INFO - DAG(s) 'latest_only_with_trigger' retrieved from /home/airflow/.local/lib/python3.12/site-packages/airflow/example_dags/example_latest_only_with_trigger.py
[2024-04-27T00:03:44.082+0000] {logging_mixin.py:188} INFO - [2024-04-27T00:03:44.082+0000] {dag.py:3096} INFO - Sync 1 DAGs
[2024-04-27T00:03:44.100+0000] {logging_mixin.py:188} INFO - [2024-04-27T00:03:44.100+0000] {dag.py:3954} INFO - Setting next_dagrun for latest_only_with_trigger to 2024-04-26 20:00:00+00:00, run_after=2024-04-27 00:00:00+00:00
[2024-04-27T00:03:44.121+0000] {processor.py:183} INFO - Processing /home/airflow/.local/lib/python3.12/site-packages/airflow/example_dags/example_latest_only_with_trigger.py took 0.070 seconds
[2024-04-27T00:04:14.907+0000] {processor.py:161} INFO - Started process (PID=11063) to work on /home/airflow/.local/lib/python3.12/site-packages/airflow/example_dags/example_latest_only_with_trigger.py
[2024-04-27T00:04:14.909+0000] {processor.py:830} INFO - Processing file /home/airflow/.local/lib/python3.12/site-packages/airflow/example_dags/example_latest_only_with_trigger.py for tasks to queue
[2024-04-27T00:04:14.911+0000] {logging_mixin.py:188} INFO - [2024-04-27T00:04:14.911+0000] {dagbag.py:540} INFO - Filling up the DagBag from /home/airflow/.local/lib/python3.12/site-packages/airflow/example_dags/example_latest_only_with_trigger.py
[2024-04-27T00:04:14.917+0000] {processor.py:840} INFO - DAG(s) 'latest_only_with_trigger' retrieved from /home/airflow/.local/lib/python3.12/site-packages/airflow/example_dags/example_latest_only_with_trigger.py
[2024-04-27T00:04:15.069+0000] {logging_mixin.py:188} INFO - [2024-04-27T00:04:15.069+0000] {dag.py:3096} INFO - Sync 1 DAGs
[2024-04-27T00:04:15.085+0000] {logging_mixin.py:188} INFO - [2024-04-27T00:04:15.085+0000] {dag.py:3954} INFO - Setting next_dagrun for latest_only_with_trigger to 2024-04-26 20:00:00+00:00, run_after=2024-04-27 00:00:00+00:00
[2024-04-27T00:04:15.103+0000] {processor.py:183} INFO - Processing /home/airflow/.local/lib/python3.12/site-packages/airflow/example_dags/example_latest_only_with_trigger.py took 0.201 seconds
[2024-04-27T00:04:45.511+0000] {processor.py:161} INFO - Started process (PID=11123) to work on /home/airflow/.local/lib/python3.12/site-packages/airflow/example_dags/example_latest_only_with_trigger.py
[2024-04-27T00:04:45.513+0000] {processor.py:830} INFO - Processing file /home/airflow/.local/lib/python3.12/site-packages/airflow/example_dags/example_latest_only_with_trigger.py for tasks to queue
[2024-04-27T00:04:45.516+0000] {logging_mixin.py:188} INFO - [2024-04-27T00:04:45.516+0000] {dagbag.py:540} INFO - Filling up the DagBag from /home/airflow/.local/lib/python3.12/site-packages/airflow/example_dags/example_latest_only_with_trigger.py
[2024-04-27T00:04:45.524+0000] {processor.py:840} INFO - DAG(s) 'latest_only_with_trigger' retrieved from /home/airflow/.local/lib/python3.12/site-packages/airflow/example_dags/example_latest_only_with_trigger.py
[2024-04-27T00:04:45.555+0000] {logging_mixin.py:188} INFO - [2024-04-27T00:04:45.555+0000] {dag.py:3096} INFO - Sync 1 DAGs
[2024-04-27T00:04:45.585+0000] {logging_mixin.py:188} INFO - [2024-04-27T00:04:45.585+0000] {dag.py:3954} INFO - Setting next_dagrun for latest_only_with_trigger to 2024-04-26 20:00:00+00:00, run_after=2024-04-27 00:00:00+00:00
[2024-04-27T00:04:45.610+0000] {processor.py:183} INFO - Processing /home/airflow/.local/lib/python3.12/site-packages/airflow/example_dags/example_latest_only_with_trigger.py took 0.109 seconds
[2024-04-27T00:05:15.667+0000] {processor.py:161} INFO - Started process (PID=11183) to work on /home/airflow/.local/lib/python3.12/site-packages/airflow/example_dags/example_latest_only_with_trigger.py
[2024-04-27T00:05:15.668+0000] {processor.py:830} INFO - Processing file /home/airflow/.local/lib/python3.12/site-packages/airflow/example_dags/example_latest_only_with_trigger.py for tasks to queue
[2024-04-27T00:05:15.669+0000] {logging_mixin.py:188} INFO - [2024-04-27T00:05:15.669+0000] {dagbag.py:540} INFO - Filling up the DagBag from /home/airflow/.local/lib/python3.12/site-packages/airflow/example_dags/example_latest_only_with_trigger.py
[2024-04-27T00:05:15.675+0000] {processor.py:840} INFO - DAG(s) 'latest_only_with_trigger' retrieved from /home/airflow/.local/lib/python3.12/site-packages/airflow/example_dags/example_latest_only_with_trigger.py
[2024-04-27T00:05:15.694+0000] {logging_mixin.py:188} INFO - [2024-04-27T00:05:15.693+0000] {dag.py:3096} INFO - Sync 1 DAGs
[2024-04-27T00:05:15.713+0000] {logging_mixin.py:188} INFO - [2024-04-27T00:05:15.712+0000] {dag.py:3954} INFO - Setting next_dagrun for latest_only_with_trigger to 2024-04-26 20:00:00+00:00, run_after=2024-04-27 00:00:00+00:00
[2024-04-27T00:05:15.728+0000] {processor.py:183} INFO - Processing /home/airflow/.local/lib/python3.12/site-packages/airflow/example_dags/example_latest_only_with_trigger.py took 0.066 seconds
[2024-04-27T00:05:46.241+0000] {processor.py:161} INFO - Started process (PID=11243) to work on /home/airflow/.local/lib/python3.12/site-packages/airflow/example_dags/example_latest_only_with_trigger.py
[2024-04-27T00:05:46.242+0000] {processor.py:830} INFO - Processing file /home/airflow/.local/lib/python3.12/site-packages/airflow/example_dags/example_latest_only_with_trigger.py for tasks to queue
[2024-04-27T00:05:46.244+0000] {logging_mixin.py:188} INFO - [2024-04-27T00:05:46.243+0000] {dagbag.py:540} INFO - Filling up the DagBag from /home/airflow/.local/lib/python3.12/site-packages/airflow/example_dags/example_latest_only_with_trigger.py
[2024-04-27T00:05:46.250+0000] {processor.py:840} INFO - DAG(s) 'latest_only_with_trigger' retrieved from /home/airflow/.local/lib/python3.12/site-packages/airflow/example_dags/example_latest_only_with_trigger.py
[2024-04-27T00:05:46.272+0000] {logging_mixin.py:188} INFO - [2024-04-27T00:05:46.271+0000] {dag.py:3096} INFO - Sync 1 DAGs
[2024-04-27T00:05:46.292+0000] {logging_mixin.py:188} INFO - [2024-04-27T00:05:46.291+0000] {dag.py:3954} INFO - Setting next_dagrun for latest_only_with_trigger to 2024-04-26 20:00:00+00:00, run_after=2024-04-27 00:00:00+00:00
[2024-04-27T00:05:46.311+0000] {processor.py:183} INFO - Processing /home/airflow/.local/lib/python3.12/site-packages/airflow/example_dags/example_latest_only_with_trigger.py took 0.074 seconds
[2024-04-27T00:06:16.919+0000] {processor.py:161} INFO - Started process (PID=11303) to work on /home/airflow/.local/lib/python3.12/site-packages/airflow/example_dags/example_latest_only_with_trigger.py
[2024-04-27T00:06:16.920+0000] {processor.py:830} INFO - Processing file /home/airflow/.local/lib/python3.12/site-packages/airflow/example_dags/example_latest_only_with_trigger.py for tasks to queue
[2024-04-27T00:06:16.921+0000] {logging_mixin.py:188} INFO - [2024-04-27T00:06:16.921+0000] {dagbag.py:540} INFO - Filling up the DagBag from /home/airflow/.local/lib/python3.12/site-packages/airflow/example_dags/example_latest_only_with_trigger.py
[2024-04-27T00:06:16.926+0000] {processor.py:840} INFO - DAG(s) 'latest_only_with_trigger' retrieved from /home/airflow/.local/lib/python3.12/site-packages/airflow/example_dags/example_latest_only_with_trigger.py
[2024-04-27T00:06:16.944+0000] {logging_mixin.py:188} INFO - [2024-04-27T00:06:16.944+0000] {dag.py:3096} INFO - Sync 1 DAGs
[2024-04-27T00:06:16.965+0000] {logging_mixin.py:188} INFO - [2024-04-27T00:06:16.965+0000] {dag.py:3954} INFO - Setting next_dagrun for latest_only_with_trigger to 2024-04-26 20:00:00+00:00, run_after=2024-04-27 00:00:00+00:00
[2024-04-27T00:06:16.984+0000] {processor.py:183} INFO - Processing /home/airflow/.local/lib/python3.12/site-packages/airflow/example_dags/example_latest_only_with_trigger.py took 0.071 seconds
[2024-04-27T00:06:47.691+0000] {processor.py:161} INFO - Started process (PID=11363) to work on /home/airflow/.local/lib/python3.12/site-packages/airflow/example_dags/example_latest_only_with_trigger.py
[2024-04-27T00:06:47.692+0000] {processor.py:830} INFO - Processing file /home/airflow/.local/lib/python3.12/site-packages/airflow/example_dags/example_latest_only_with_trigger.py for tasks to queue
[2024-04-27T00:06:47.693+0000] {logging_mixin.py:188} INFO - [2024-04-27T00:06:47.693+0000] {dagbag.py:540} INFO - Filling up the DagBag from /home/airflow/.local/lib/python3.12/site-packages/airflow/example_dags/example_latest_only_with_trigger.py
[2024-04-27T00:06:47.700+0000] {processor.py:840} INFO - DAG(s) 'latest_only_with_trigger' retrieved from /home/airflow/.local/lib/python3.12/site-packages/airflow/example_dags/example_latest_only_with_trigger.py
[2024-04-27T00:06:47.720+0000] {logging_mixin.py:188} INFO - [2024-04-27T00:06:47.720+0000] {dag.py:3096} INFO - Sync 1 DAGs
[2024-04-27T00:06:47.765+0000] {logging_mixin.py:188} INFO - [2024-04-27T00:06:47.765+0000] {dag.py:3954} INFO - Setting next_dagrun for latest_only_with_trigger to 2024-04-26 20:00:00+00:00, run_after=2024-04-27 00:00:00+00:00
[2024-04-27T00:06:47.793+0000] {processor.py:183} INFO - Processing /home/airflow/.local/lib/python3.12/site-packages/airflow/example_dags/example_latest_only_with_trigger.py took 0.107 seconds
[2024-04-27T00:07:18.463+0000] {processor.py:161} INFO - Started process (PID=11423) to work on /home/airflow/.local/lib/python3.12/site-packages/airflow/example_dags/example_latest_only_with_trigger.py
[2024-04-27T00:07:18.464+0000] {processor.py:830} INFO - Processing file /home/airflow/.local/lib/python3.12/site-packages/airflow/example_dags/example_latest_only_with_trigger.py for tasks to queue
[2024-04-27T00:07:18.465+0000] {logging_mixin.py:188} INFO - [2024-04-27T00:07:18.465+0000] {dagbag.py:540} INFO - Filling up the DagBag from /home/airflow/.local/lib/python3.12/site-packages/airflow/example_dags/example_latest_only_with_trigger.py
[2024-04-27T00:07:18.471+0000] {processor.py:840} INFO - DAG(s) 'latest_only_with_trigger' retrieved from /home/airflow/.local/lib/python3.12/site-packages/airflow/example_dags/example_latest_only_with_trigger.py
[2024-04-27T00:07:18.487+0000] {logging_mixin.py:188} INFO - [2024-04-27T00:07:18.487+0000] {dag.py:3096} INFO - Sync 1 DAGs
[2024-04-27T00:07:18.506+0000] {logging_mixin.py:188} INFO - [2024-04-27T00:07:18.506+0000] {dag.py:3954} INFO - Setting next_dagrun for latest_only_with_trigger to 2024-04-26 20:00:00+00:00, run_after=2024-04-27 00:00:00+00:00
[2024-04-27T00:07:18.521+0000] {processor.py:183} INFO - Processing /home/airflow/.local/lib/python3.12/site-packages/airflow/example_dags/example_latest_only_with_trigger.py took 0.063 seconds
[2024-04-27T00:07:48.855+0000] {processor.py:161} INFO - Started process (PID=11483) to work on /home/airflow/.local/lib/python3.12/site-packages/airflow/example_dags/example_latest_only_with_trigger.py
[2024-04-27T00:07:48.857+0000] {processor.py:830} INFO - Processing file /home/airflow/.local/lib/python3.12/site-packages/airflow/example_dags/example_latest_only_with_trigger.py for tasks to queue
[2024-04-27T00:07:48.858+0000] {logging_mixin.py:188} INFO - [2024-04-27T00:07:48.858+0000] {dagbag.py:540} INFO - Filling up the DagBag from /home/airflow/.local/lib/python3.12/site-packages/airflow/example_dags/example_latest_only_with_trigger.py
[2024-04-27T00:07:48.867+0000] {processor.py:840} INFO - DAG(s) 'latest_only_with_trigger' retrieved from /home/airflow/.local/lib/python3.12/site-packages/airflow/example_dags/example_latest_only_with_trigger.py
[2024-04-27T00:07:48.898+0000] {logging_mixin.py:188} INFO - [2024-04-27T00:07:48.898+0000] {dag.py:3096} INFO - Sync 1 DAGs
[2024-04-27T00:07:48.926+0000] {logging_mixin.py:188} INFO - [2024-04-27T00:07:48.926+0000] {dag.py:3954} INFO - Setting next_dagrun for latest_only_with_trigger to 2024-04-26 20:00:00+00:00, run_after=2024-04-27 00:00:00+00:00
[2024-04-27T00:07:48.956+0000] {processor.py:183} INFO - Processing /home/airflow/.local/lib/python3.12/site-packages/airflow/example_dags/example_latest_only_with_trigger.py took 0.109 seconds
[2024-04-27T00:08:19.493+0000] {processor.py:161} INFO - Started process (PID=11542) to work on /home/airflow/.local/lib/python3.12/site-packages/airflow/example_dags/example_latest_only_with_trigger.py
[2024-04-27T00:08:19.494+0000] {processor.py:830} INFO - Processing file /home/airflow/.local/lib/python3.12/site-packages/airflow/example_dags/example_latest_only_with_trigger.py for tasks to queue
[2024-04-27T00:08:19.495+0000] {logging_mixin.py:188} INFO - [2024-04-27T00:08:19.495+0000] {dagbag.py:540} INFO - Filling up the DagBag from /home/airflow/.local/lib/python3.12/site-packages/airflow/example_dags/example_latest_only_with_trigger.py
[2024-04-27T00:08:19.501+0000] {processor.py:840} INFO - DAG(s) 'latest_only_with_trigger' retrieved from /home/airflow/.local/lib/python3.12/site-packages/airflow/example_dags/example_latest_only_with_trigger.py
[2024-04-27T00:08:19.520+0000] {logging_mixin.py:188} INFO - [2024-04-27T00:08:19.520+0000] {dag.py:3096} INFO - Sync 1 DAGs
[2024-04-27T00:08:19.539+0000] {logging_mixin.py:188} INFO - [2024-04-27T00:08:19.539+0000] {dag.py:3954} INFO - Setting next_dagrun for latest_only_with_trigger to 2024-04-26 20:00:00+00:00, run_after=2024-04-27 00:00:00+00:00
[2024-04-27T00:08:19.557+0000] {processor.py:183} INFO - Processing /home/airflow/.local/lib/python3.12/site-packages/airflow/example_dags/example_latest_only_with_trigger.py took 0.070 seconds
[2024-04-27T00:08:50.169+0000] {processor.py:161} INFO - Started process (PID=11603) to work on /home/airflow/.local/lib/python3.12/site-packages/airflow/example_dags/example_latest_only_with_trigger.py
[2024-04-27T00:08:50.171+0000] {processor.py:830} INFO - Processing file /home/airflow/.local/lib/python3.12/site-packages/airflow/example_dags/example_latest_only_with_trigger.py for tasks to queue
[2024-04-27T00:08:50.172+0000] {logging_mixin.py:188} INFO - [2024-04-27T00:08:50.172+0000] {dagbag.py:540} INFO - Filling up the DagBag from /home/airflow/.local/lib/python3.12/site-packages/airflow/example_dags/example_latest_only_with_trigger.py
[2024-04-27T00:08:50.178+0000] {processor.py:840} INFO - DAG(s) 'latest_only_with_trigger' retrieved from /home/airflow/.local/lib/python3.12/site-packages/airflow/example_dags/example_latest_only_with_trigger.py
[2024-04-27T00:08:50.201+0000] {logging_mixin.py:188} INFO - [2024-04-27T00:08:50.200+0000] {dag.py:3096} INFO - Sync 1 DAGs
[2024-04-27T00:08:50.221+0000] {logging_mixin.py:188} INFO - [2024-04-27T00:08:50.221+0000] {dag.py:3954} INFO - Setting next_dagrun for latest_only_with_trigger to 2024-04-26 20:00:00+00:00, run_after=2024-04-27 00:00:00+00:00
[2024-04-27T00:08:50.240+0000] {processor.py:183} INFO - Processing /home/airflow/.local/lib/python3.12/site-packages/airflow/example_dags/example_latest_only_with_trigger.py took 0.076 seconds
[2024-04-27T00:09:20.577+0000] {processor.py:161} INFO - Started process (PID=11663) to work on /home/airflow/.local/lib/python3.12/site-packages/airflow/example_dags/example_latest_only_with_trigger.py
[2024-04-27T00:09:20.578+0000] {processor.py:830} INFO - Processing file /home/airflow/.local/lib/python3.12/site-packages/airflow/example_dags/example_latest_only_with_trigger.py for tasks to queue
[2024-04-27T00:09:20.579+0000] {logging_mixin.py:188} INFO - [2024-04-27T00:09:20.578+0000] {dagbag.py:540} INFO - Filling up the DagBag from /home/airflow/.local/lib/python3.12/site-packages/airflow/example_dags/example_latest_only_with_trigger.py
[2024-04-27T00:09:20.584+0000] {processor.py:840} INFO - DAG(s) 'latest_only_with_trigger' retrieved from /home/airflow/.local/lib/python3.12/site-packages/airflow/example_dags/example_latest_only_with_trigger.py
[2024-04-27T00:09:20.601+0000] {logging_mixin.py:188} INFO - [2024-04-27T00:09:20.601+0000] {dag.py:3096} INFO - Sync 1 DAGs
[2024-04-27T00:09:20.618+0000] {logging_mixin.py:188} INFO - [2024-04-27T00:09:20.618+0000] {dag.py:3954} INFO - Setting next_dagrun for latest_only_with_trigger to 2024-04-26 20:00:00+00:00, run_after=2024-04-27 00:00:00+00:00
[2024-04-27T00:09:20.634+0000] {processor.py:183} INFO - Processing /home/airflow/.local/lib/python3.12/site-packages/airflow/example_dags/example_latest_only_with_trigger.py took 0.063 seconds
[2024-04-27T00:09:51.365+0000] {processor.py:161} INFO - Started process (PID=11723) to work on /home/airflow/.local/lib/python3.12/site-packages/airflow/example_dags/example_latest_only_with_trigger.py
[2024-04-27T00:09:51.366+0000] {processor.py:830} INFO - Processing file /home/airflow/.local/lib/python3.12/site-packages/airflow/example_dags/example_latest_only_with_trigger.py for tasks to queue
[2024-04-27T00:09:51.368+0000] {logging_mixin.py:188} INFO - [2024-04-27T00:09:51.367+0000] {dagbag.py:540} INFO - Filling up the DagBag from /home/airflow/.local/lib/python3.12/site-packages/airflow/example_dags/example_latest_only_with_trigger.py
[2024-04-27T00:09:51.373+0000] {processor.py:840} INFO - DAG(s) 'latest_only_with_trigger' retrieved from /home/airflow/.local/lib/python3.12/site-packages/airflow/example_dags/example_latest_only_with_trigger.py
[2024-04-27T00:09:51.395+0000] {logging_mixin.py:188} INFO - [2024-04-27T00:09:51.395+0000] {dag.py:3096} INFO - Sync 1 DAGs
[2024-04-27T00:09:51.416+0000] {logging_mixin.py:188} INFO - [2024-04-27T00:09:51.416+0000] {dag.py:3954} INFO - Setting next_dagrun for latest_only_with_trigger to 2024-04-26 20:00:00+00:00, run_after=2024-04-27 00:00:00+00:00
[2024-04-27T00:09:51.431+0000] {processor.py:183} INFO - Processing /home/airflow/.local/lib/python3.12/site-packages/airflow/example_dags/example_latest_only_with_trigger.py took 0.071 seconds
[2024-04-27T00:10:21.942+0000] {processor.py:161} INFO - Started process (PID=11789) to work on /home/airflow/.local/lib/python3.12/site-packages/airflow/example_dags/example_latest_only_with_trigger.py
[2024-04-27T00:10:21.944+0000] {processor.py:830} INFO - Processing file /home/airflow/.local/lib/python3.12/site-packages/airflow/example_dags/example_latest_only_with_trigger.py for tasks to queue
[2024-04-27T00:10:21.945+0000] {logging_mixin.py:188} INFO - [2024-04-27T00:10:21.944+0000] {dagbag.py:540} INFO - Filling up the DagBag from /home/airflow/.local/lib/python3.12/site-packages/airflow/example_dags/example_latest_only_with_trigger.py
[2024-04-27T00:10:21.952+0000] {processor.py:840} INFO - DAG(s) 'latest_only_with_trigger' retrieved from /home/airflow/.local/lib/python3.12/site-packages/airflow/example_dags/example_latest_only_with_trigger.py
[2024-04-27T00:10:21.971+0000] {logging_mixin.py:188} INFO - [2024-04-27T00:10:21.971+0000] {dag.py:3096} INFO - Sync 1 DAGs
[2024-04-27T00:10:21.990+0000] {logging_mixin.py:188} INFO - [2024-04-27T00:10:21.989+0000] {dag.py:3954} INFO - Setting next_dagrun for latest_only_with_trigger to 2024-04-26 20:00:00+00:00, run_after=2024-04-27 00:00:00+00:00
[2024-04-27T00:10:22.006+0000] {processor.py:183} INFO - Processing /home/airflow/.local/lib/python3.12/site-packages/airflow/example_dags/example_latest_only_with_trigger.py took 0.069 seconds
[2024-04-27T00:10:52.702+0000] {processor.py:161} INFO - Started process (PID=11849) to work on /home/airflow/.local/lib/python3.12/site-packages/airflow/example_dags/example_latest_only_with_trigger.py
[2024-04-27T00:10:52.703+0000] {processor.py:830} INFO - Processing file /home/airflow/.local/lib/python3.12/site-packages/airflow/example_dags/example_latest_only_with_trigger.py for tasks to queue
[2024-04-27T00:10:52.704+0000] {logging_mixin.py:188} INFO - [2024-04-27T00:10:52.704+0000] {dagbag.py:540} INFO - Filling up the DagBag from /home/airflow/.local/lib/python3.12/site-packages/airflow/example_dags/example_latest_only_with_trigger.py
[2024-04-27T00:10:52.709+0000] {processor.py:840} INFO - DAG(s) 'latest_only_with_trigger' retrieved from /home/airflow/.local/lib/python3.12/site-packages/airflow/example_dags/example_latest_only_with_trigger.py
[2024-04-27T00:10:52.729+0000] {logging_mixin.py:188} INFO - [2024-04-27T00:10:52.729+0000] {dag.py:3096} INFO - Sync 1 DAGs
[2024-04-27T00:10:52.749+0000] {logging_mixin.py:188} INFO - [2024-04-27T00:10:52.748+0000] {dag.py:3954} INFO - Setting next_dagrun for latest_only_with_trigger to 2024-04-26 20:00:00+00:00, run_after=2024-04-27 00:00:00+00:00
[2024-04-27T00:10:52.763+0000] {processor.py:183} INFO - Processing /home/airflow/.local/lib/python3.12/site-packages/airflow/example_dags/example_latest_only_with_trigger.py took 0.067 seconds
[2024-04-27T00:11:23.396+0000] {processor.py:161} INFO - Started process (PID=11910) to work on /home/airflow/.local/lib/python3.12/site-packages/airflow/example_dags/example_latest_only_with_trigger.py
[2024-04-27T00:11:23.397+0000] {processor.py:830} INFO - Processing file /home/airflow/.local/lib/python3.12/site-packages/airflow/example_dags/example_latest_only_with_trigger.py for tasks to queue
[2024-04-27T00:11:23.398+0000] {logging_mixin.py:188} INFO - [2024-04-27T00:11:23.398+0000] {dagbag.py:540} INFO - Filling up the DagBag from /home/airflow/.local/lib/python3.12/site-packages/airflow/example_dags/example_latest_only_with_trigger.py
[2024-04-27T00:11:23.406+0000] {processor.py:840} INFO - DAG(s) 'latest_only_with_trigger' retrieved from /home/airflow/.local/lib/python3.12/site-packages/airflow/example_dags/example_latest_only_with_trigger.py
[2024-04-27T00:11:23.428+0000] {logging_mixin.py:188} INFO - [2024-04-27T00:11:23.428+0000] {dag.py:3096} INFO - Sync 1 DAGs
[2024-04-27T00:11:23.448+0000] {logging_mixin.py:188} INFO - [2024-04-27T00:11:23.448+0000] {dag.py:3954} INFO - Setting next_dagrun for latest_only_with_trigger to 2024-04-26 20:00:00+00:00, run_after=2024-04-27 00:00:00+00:00
[2024-04-27T00:11:23.462+0000] {processor.py:183} INFO - Processing /home/airflow/.local/lib/python3.12/site-packages/airflow/example_dags/example_latest_only_with_trigger.py took 0.072 seconds
[2024-04-27T00:11:54.152+0000] {processor.py:161} INFO - Started process (PID=11970) to work on /home/airflow/.local/lib/python3.12/site-packages/airflow/example_dags/example_latest_only_with_trigger.py
[2024-04-27T00:11:54.153+0000] {processor.py:830} INFO - Processing file /home/airflow/.local/lib/python3.12/site-packages/airflow/example_dags/example_latest_only_with_trigger.py for tasks to queue
[2024-04-27T00:11:54.157+0000] {logging_mixin.py:188} INFO - [2024-04-27T00:11:54.156+0000] {dagbag.py:540} INFO - Filling up the DagBag from /home/airflow/.local/lib/python3.12/site-packages/airflow/example_dags/example_latest_only_with_trigger.py
[2024-04-27T00:11:54.172+0000] {processor.py:840} INFO - DAG(s) 'latest_only_with_trigger' retrieved from /home/airflow/.local/lib/python3.12/site-packages/airflow/example_dags/example_latest_only_with_trigger.py
[2024-04-27T00:11:54.195+0000] {logging_mixin.py:188} INFO - [2024-04-27T00:11:54.194+0000] {dag.py:3096} INFO - Sync 1 DAGs
[2024-04-27T00:11:54.213+0000] {logging_mixin.py:188} INFO - [2024-04-27T00:11:54.213+0000] {dag.py:3954} INFO - Setting next_dagrun for latest_only_with_trigger to 2024-04-26 20:00:00+00:00, run_after=2024-04-27 00:00:00+00:00
[2024-04-27T00:11:54.229+0000] {processor.py:183} INFO - Processing /home/airflow/.local/lib/python3.12/site-packages/airflow/example_dags/example_latest_only_with_trigger.py took 0.082 seconds
[2024-04-27T00:12:24.899+0000] {processor.py:161} INFO - Started process (PID=12030) to work on /home/airflow/.local/lib/python3.12/site-packages/airflow/example_dags/example_latest_only_with_trigger.py
[2024-04-27T00:12:24.905+0000] {processor.py:830} INFO - Processing file /home/airflow/.local/lib/python3.12/site-packages/airflow/example_dags/example_latest_only_with_trigger.py for tasks to queue
[2024-04-27T00:12:24.908+0000] {logging_mixin.py:188} INFO - [2024-04-27T00:12:24.907+0000] {dagbag.py:540} INFO - Filling up the DagBag from /home/airflow/.local/lib/python3.12/site-packages/airflow/example_dags/example_latest_only_with_trigger.py
[2024-04-27T00:12:24.915+0000] {processor.py:840} INFO - DAG(s) 'latest_only_with_trigger' retrieved from /home/airflow/.local/lib/python3.12/site-packages/airflow/example_dags/example_latest_only_with_trigger.py
[2024-04-27T00:12:24.943+0000] {logging_mixin.py:188} INFO - [2024-04-27T00:12:24.943+0000] {dag.py:3096} INFO - Sync 1 DAGs
[2024-04-27T00:12:24.966+0000] {logging_mixin.py:188} INFO - [2024-04-27T00:12:24.966+0000] {dag.py:3954} INFO - Setting next_dagrun for latest_only_with_trigger to 2024-04-26 20:00:00+00:00, run_after=2024-04-27 00:00:00+00:00
[2024-04-27T00:12:24.990+0000] {processor.py:183} INFO - Processing /home/airflow/.local/lib/python3.12/site-packages/airflow/example_dags/example_latest_only_with_trigger.py took 0.097 seconds
[2024-04-27T00:12:56.470+0000] {processor.py:161} INFO - Started process (PID=12090) to work on /home/airflow/.local/lib/python3.12/site-packages/airflow/example_dags/example_latest_only_with_trigger.py
[2024-04-27T00:12:56.471+0000] {processor.py:830} INFO - Processing file /home/airflow/.local/lib/python3.12/site-packages/airflow/example_dags/example_latest_only_with_trigger.py for tasks to queue
[2024-04-27T00:12:56.473+0000] {logging_mixin.py:188} INFO - [2024-04-27T00:12:56.472+0000] {dagbag.py:540} INFO - Filling up the DagBag from /home/airflow/.local/lib/python3.12/site-packages/airflow/example_dags/example_latest_only_with_trigger.py
[2024-04-27T00:12:56.481+0000] {processor.py:840} INFO - DAG(s) 'latest_only_with_trigger' retrieved from /home/airflow/.local/lib/python3.12/site-packages/airflow/example_dags/example_latest_only_with_trigger.py
[2024-04-27T00:12:56.507+0000] {logging_mixin.py:188} INFO - [2024-04-27T00:12:56.506+0000] {dag.py:3096} INFO - Sync 1 DAGs
[2024-04-27T00:12:56.541+0000] {logging_mixin.py:188} INFO - [2024-04-27T00:12:56.540+0000] {dag.py:3954} INFO - Setting next_dagrun for latest_only_with_trigger to 2024-04-26 20:00:00+00:00, run_after=2024-04-27 00:00:00+00:00
[2024-04-27T00:12:56.580+0000] {processor.py:183} INFO - Processing /home/airflow/.local/lib/python3.12/site-packages/airflow/example_dags/example_latest_only_with_trigger.py took 0.117 seconds
[2024-04-27T00:13:27.016+0000] {processor.py:161} INFO - Started process (PID=12150) to work on /home/airflow/.local/lib/python3.12/site-packages/airflow/example_dags/example_latest_only_with_trigger.py
[2024-04-27T00:13:27.017+0000] {processor.py:830} INFO - Processing file /home/airflow/.local/lib/python3.12/site-packages/airflow/example_dags/example_latest_only_with_trigger.py for tasks to queue
[2024-04-27T00:13:27.018+0000] {logging_mixin.py:188} INFO - [2024-04-27T00:13:27.018+0000] {dagbag.py:540} INFO - Filling up the DagBag from /home/airflow/.local/lib/python3.12/site-packages/airflow/example_dags/example_latest_only_with_trigger.py
[2024-04-27T00:13:27.023+0000] {processor.py:840} INFO - DAG(s) 'latest_only_with_trigger' retrieved from /home/airflow/.local/lib/python3.12/site-packages/airflow/example_dags/example_latest_only_with_trigger.py
[2024-04-27T00:13:27.043+0000] {logging_mixin.py:188} INFO - [2024-04-27T00:13:27.043+0000] {dag.py:3096} INFO - Sync 1 DAGs
[2024-04-27T00:13:27.063+0000] {logging_mixin.py:188} INFO - [2024-04-27T00:13:27.063+0000] {dag.py:3954} INFO - Setting next_dagrun for latest_only_with_trigger to 2024-04-26 20:00:00+00:00, run_after=2024-04-27 00:00:00+00:00
[2024-04-27T00:13:27.080+0000] {processor.py:183} INFO - Processing /home/airflow/.local/lib/python3.12/site-packages/airflow/example_dags/example_latest_only_with_trigger.py took 0.069 seconds
[2024-04-27T00:13:57.395+0000] {processor.py:161} INFO - Started process (PID=12210) to work on /home/airflow/.local/lib/python3.12/site-packages/airflow/example_dags/example_latest_only_with_trigger.py
[2024-04-27T00:13:57.397+0000] {processor.py:830} INFO - Processing file /home/airflow/.local/lib/python3.12/site-packages/airflow/example_dags/example_latest_only_with_trigger.py for tasks to queue
[2024-04-27T00:13:57.398+0000] {logging_mixin.py:188} INFO - [2024-04-27T00:13:57.398+0000] {dagbag.py:540} INFO - Filling up the DagBag from /home/airflow/.local/lib/python3.12/site-packages/airflow/example_dags/example_latest_only_with_trigger.py
[2024-04-27T00:13:57.403+0000] {processor.py:840} INFO - DAG(s) 'latest_only_with_trigger' retrieved from /home/airflow/.local/lib/python3.12/site-packages/airflow/example_dags/example_latest_only_with_trigger.py
[2024-04-27T00:13:57.420+0000] {logging_mixin.py:188} INFO - [2024-04-27T00:13:57.420+0000] {dag.py:3096} INFO - Sync 1 DAGs
[2024-04-27T00:13:57.441+0000] {logging_mixin.py:188} INFO - [2024-04-27T00:13:57.441+0000] {dag.py:3954} INFO - Setting next_dagrun for latest_only_with_trigger to 2024-04-26 20:00:00+00:00, run_after=2024-04-27 00:00:00+00:00
[2024-04-27T00:13:57.460+0000] {processor.py:183} INFO - Processing /home/airflow/.local/lib/python3.12/site-packages/airflow/example_dags/example_latest_only_with_trigger.py took 0.071 seconds
[2024-04-27T00:14:28.474+0000] {processor.py:161} INFO - Started process (PID=12270) to work on /home/airflow/.local/lib/python3.12/site-packages/airflow/example_dags/example_latest_only_with_trigger.py
[2024-04-27T00:14:28.475+0000] {processor.py:830} INFO - Processing file /home/airflow/.local/lib/python3.12/site-packages/airflow/example_dags/example_latest_only_with_trigger.py for tasks to queue
[2024-04-27T00:14:28.477+0000] {logging_mixin.py:188} INFO - [2024-04-27T00:14:28.476+0000] {dagbag.py:540} INFO - Filling up the DagBag from /home/airflow/.local/lib/python3.12/site-packages/airflow/example_dags/example_latest_only_with_trigger.py
[2024-04-27T00:14:28.483+0000] {processor.py:840} INFO - DAG(s) 'latest_only_with_trigger' retrieved from /home/airflow/.local/lib/python3.12/site-packages/airflow/example_dags/example_latest_only_with_trigger.py
[2024-04-27T00:14:28.505+0000] {logging_mixin.py:188} INFO - [2024-04-27T00:14:28.505+0000] {dag.py:3096} INFO - Sync 1 DAGs
[2024-04-27T00:14:28.529+0000] {logging_mixin.py:188} INFO - [2024-04-27T00:14:28.529+0000] {dag.py:3954} INFO - Setting next_dagrun for latest_only_with_trigger to 2024-04-26 20:00:00+00:00, run_after=2024-04-27 00:00:00+00:00
[2024-04-27T00:14:28.550+0000] {processor.py:183} INFO - Processing /home/airflow/.local/lib/python3.12/site-packages/airflow/example_dags/example_latest_only_with_trigger.py took 0.082 seconds
[2024-04-27T00:14:59.072+0000] {processor.py:161} INFO - Started process (PID=12330) to work on /home/airflow/.local/lib/python3.12/site-packages/airflow/example_dags/example_latest_only_with_trigger.py
[2024-04-27T00:14:59.074+0000] {processor.py:830} INFO - Processing file /home/airflow/.local/lib/python3.12/site-packages/airflow/example_dags/example_latest_only_with_trigger.py for tasks to queue
[2024-04-27T00:14:59.075+0000] {logging_mixin.py:188} INFO - [2024-04-27T00:14:59.074+0000] {dagbag.py:540} INFO - Filling up the DagBag from /home/airflow/.local/lib/python3.12/site-packages/airflow/example_dags/example_latest_only_with_trigger.py
[2024-04-27T00:14:59.081+0000] {processor.py:840} INFO - DAG(s) 'latest_only_with_trigger' retrieved from /home/airflow/.local/lib/python3.12/site-packages/airflow/example_dags/example_latest_only_with_trigger.py
[2024-04-27T00:14:59.102+0000] {logging_mixin.py:188} INFO - [2024-04-27T00:14:59.102+0000] {dag.py:3096} INFO - Sync 1 DAGs
[2024-04-27T00:14:59.128+0000] {logging_mixin.py:188} INFO - [2024-04-27T00:14:59.127+0000] {dag.py:3954} INFO - Setting next_dagrun for latest_only_with_trigger to 2024-04-26 20:00:00+00:00, run_after=2024-04-27 00:00:00+00:00
[2024-04-27T00:14:59.163+0000] {processor.py:183} INFO - Processing /home/airflow/.local/lib/python3.12/site-packages/airflow/example_dags/example_latest_only_with_trigger.py took 0.095 seconds
[2024-04-27T00:15:29.675+0000] {processor.py:161} INFO - Started process (PID=12390) to work on /home/airflow/.local/lib/python3.12/site-packages/airflow/example_dags/example_latest_only_with_trigger.py
[2024-04-27T00:15:29.677+0000] {processor.py:830} INFO - Processing file /home/airflow/.local/lib/python3.12/site-packages/airflow/example_dags/example_latest_only_with_trigger.py for tasks to queue
[2024-04-27T00:15:29.679+0000] {logging_mixin.py:188} INFO - [2024-04-27T00:15:29.678+0000] {dagbag.py:540} INFO - Filling up the DagBag from /home/airflow/.local/lib/python3.12/site-packages/airflow/example_dags/example_latest_only_with_trigger.py
[2024-04-27T00:15:29.684+0000] {processor.py:840} INFO - DAG(s) 'latest_only_with_trigger' retrieved from /home/airflow/.local/lib/python3.12/site-packages/airflow/example_dags/example_latest_only_with_trigger.py
[2024-04-27T00:15:29.706+0000] {logging_mixin.py:188} INFO - [2024-04-27T00:15:29.706+0000] {dag.py:3096} INFO - Sync 1 DAGs
[2024-04-27T00:15:29.727+0000] {logging_mixin.py:188} INFO - [2024-04-27T00:15:29.727+0000] {dag.py:3954} INFO - Setting next_dagrun for latest_only_with_trigger to 2024-04-26 20:00:00+00:00, run_after=2024-04-27 00:00:00+00:00
[2024-04-27T00:15:29.746+0000] {processor.py:183} INFO - Processing /home/airflow/.local/lib/python3.12/site-packages/airflow/example_dags/example_latest_only_with_trigger.py took 0.078 seconds
[2024-04-27T00:16:00.184+0000] {processor.py:161} INFO - Started process (PID=12450) to work on /home/airflow/.local/lib/python3.12/site-packages/airflow/example_dags/example_latest_only_with_trigger.py
[2024-04-27T00:16:00.185+0000] {processor.py:830} INFO - Processing file /home/airflow/.local/lib/python3.12/site-packages/airflow/example_dags/example_latest_only_with_trigger.py for tasks to queue
[2024-04-27T00:16:00.186+0000] {logging_mixin.py:188} INFO - [2024-04-27T00:16:00.186+0000] {dagbag.py:540} INFO - Filling up the DagBag from /home/airflow/.local/lib/python3.12/site-packages/airflow/example_dags/example_latest_only_with_trigger.py
[2024-04-27T00:16:00.193+0000] {processor.py:840} INFO - DAG(s) 'latest_only_with_trigger' retrieved from /home/airflow/.local/lib/python3.12/site-packages/airflow/example_dags/example_latest_only_with_trigger.py
[2024-04-27T00:16:00.215+0000] {logging_mixin.py:188} INFO - [2024-04-27T00:16:00.215+0000] {dag.py:3096} INFO - Sync 1 DAGs
[2024-04-27T00:16:00.233+0000] {logging_mixin.py:188} INFO - [2024-04-27T00:16:00.233+0000] {dag.py:3954} INFO - Setting next_dagrun for latest_only_with_trigger to 2024-04-26 20:00:00+00:00, run_after=2024-04-27 00:00:00+00:00
[2024-04-27T00:16:00.252+0000] {processor.py:183} INFO - Processing /home/airflow/.local/lib/python3.12/site-packages/airflow/example_dags/example_latest_only_with_trigger.py took 0.074 seconds
[2024-04-27T00:16:30.663+0000] {processor.py:161} INFO - Started process (PID=12510) to work on /home/airflow/.local/lib/python3.12/site-packages/airflow/example_dags/example_latest_only_with_trigger.py
[2024-04-27T00:16:30.665+0000] {processor.py:830} INFO - Processing file /home/airflow/.local/lib/python3.12/site-packages/airflow/example_dags/example_latest_only_with_trigger.py for tasks to queue
[2024-04-27T00:16:30.668+0000] {logging_mixin.py:188} INFO - [2024-04-27T00:16:30.667+0000] {dagbag.py:540} INFO - Filling up the DagBag from /home/airflow/.local/lib/python3.12/site-packages/airflow/example_dags/example_latest_only_with_trigger.py
[2024-04-27T00:16:30.677+0000] {processor.py:840} INFO - DAG(s) 'latest_only_with_trigger' retrieved from /home/airflow/.local/lib/python3.12/site-packages/airflow/example_dags/example_latest_only_with_trigger.py
[2024-04-27T00:16:30.709+0000] {logging_mixin.py:188} INFO - [2024-04-27T00:16:30.709+0000] {dag.py:3096} INFO - Sync 1 DAGs
[2024-04-27T00:16:30.732+0000] {logging_mixin.py:188} INFO - [2024-04-27T00:16:30.732+0000] {dag.py:3954} INFO - Setting next_dagrun for latest_only_with_trigger to 2024-04-26 20:00:00+00:00, run_after=2024-04-27 00:00:00+00:00
[2024-04-27T00:16:30.765+0000] {processor.py:183} INFO - Processing /home/airflow/.local/lib/python3.12/site-packages/airflow/example_dags/example_latest_only_with_trigger.py took 0.118 seconds
[2024-04-27T00:17:00.902+0000] {processor.py:161} INFO - Started process (PID=12570) to work on /home/airflow/.local/lib/python3.12/site-packages/airflow/example_dags/example_latest_only_with_trigger.py
[2024-04-27T00:17:00.904+0000] {processor.py:830} INFO - Processing file /home/airflow/.local/lib/python3.12/site-packages/airflow/example_dags/example_latest_only_with_trigger.py for tasks to queue
[2024-04-27T00:17:00.905+0000] {logging_mixin.py:188} INFO - [2024-04-27T00:17:00.904+0000] {dagbag.py:540} INFO - Filling up the DagBag from /home/airflow/.local/lib/python3.12/site-packages/airflow/example_dags/example_latest_only_with_trigger.py
[2024-04-27T00:17:00.910+0000] {processor.py:840} INFO - DAG(s) 'latest_only_with_trigger' retrieved from /home/airflow/.local/lib/python3.12/site-packages/airflow/example_dags/example_latest_only_with_trigger.py
[2024-04-27T00:17:00.929+0000] {logging_mixin.py:188} INFO - [2024-04-27T00:17:00.929+0000] {dag.py:3096} INFO - Sync 1 DAGs
[2024-04-27T00:17:00.950+0000] {logging_mixin.py:188} INFO - [2024-04-27T00:17:00.950+0000] {dag.py:3954} INFO - Setting next_dagrun for latest_only_with_trigger to 2024-04-26 20:00:00+00:00, run_after=2024-04-27 00:00:00+00:00
[2024-04-27T00:17:00.967+0000] {processor.py:183} INFO - Processing /home/airflow/.local/lib/python3.12/site-packages/airflow/example_dags/example_latest_only_with_trigger.py took 0.070 seconds
[2024-04-27T00:17:31.121+0000] {processor.py:161} INFO - Started process (PID=12630) to work on /home/airflow/.local/lib/python3.12/site-packages/airflow/example_dags/example_latest_only_with_trigger.py
[2024-04-27T00:17:31.122+0000] {processor.py:830} INFO - Processing file /home/airflow/.local/lib/python3.12/site-packages/airflow/example_dags/example_latest_only_with_trigger.py for tasks to queue
[2024-04-27T00:17:31.123+0000] {logging_mixin.py:188} INFO - [2024-04-27T00:17:31.123+0000] {dagbag.py:540} INFO - Filling up the DagBag from /home/airflow/.local/lib/python3.12/site-packages/airflow/example_dags/example_latest_only_with_trigger.py
[2024-04-27T00:17:31.128+0000] {processor.py:840} INFO - DAG(s) 'latest_only_with_trigger' retrieved from /home/airflow/.local/lib/python3.12/site-packages/airflow/example_dags/example_latest_only_with_trigger.py
[2024-04-27T00:17:31.149+0000] {logging_mixin.py:188} INFO - [2024-04-27T00:17:31.147+0000] {dag.py:3096} INFO - Sync 1 DAGs
[2024-04-27T00:17:31.171+0000] {logging_mixin.py:188} INFO - [2024-04-27T00:17:31.171+0000] {dag.py:3954} INFO - Setting next_dagrun for latest_only_with_trigger to 2024-04-26 20:00:00+00:00, run_after=2024-04-27 00:00:00+00:00
[2024-04-27T00:17:31.196+0000] {processor.py:183} INFO - Processing /home/airflow/.local/lib/python3.12/site-packages/airflow/example_dags/example_latest_only_with_trigger.py took 0.080 seconds
[2024-04-27T00:18:02.043+0000] {processor.py:161} INFO - Started process (PID=12690) to work on /home/airflow/.local/lib/python3.12/site-packages/airflow/example_dags/example_latest_only_with_trigger.py
[2024-04-27T00:18:02.044+0000] {processor.py:830} INFO - Processing file /home/airflow/.local/lib/python3.12/site-packages/airflow/example_dags/example_latest_only_with_trigger.py for tasks to queue
[2024-04-27T00:18:02.045+0000] {logging_mixin.py:188} INFO - [2024-04-27T00:18:02.045+0000] {dagbag.py:540} INFO - Filling up the DagBag from /home/airflow/.local/lib/python3.12/site-packages/airflow/example_dags/example_latest_only_with_trigger.py
[2024-04-27T00:18:02.050+0000] {processor.py:840} INFO - DAG(s) 'latest_only_with_trigger' retrieved from /home/airflow/.local/lib/python3.12/site-packages/airflow/example_dags/example_latest_only_with_trigger.py
[2024-04-27T00:18:02.071+0000] {logging_mixin.py:188} INFO - [2024-04-27T00:18:02.071+0000] {dag.py:3096} INFO - Sync 1 DAGs
[2024-04-27T00:18:02.090+0000] {logging_mixin.py:188} INFO - [2024-04-27T00:18:02.090+0000] {dag.py:3954} INFO - Setting next_dagrun for latest_only_with_trigger to 2024-04-26 20:00:00+00:00, run_after=2024-04-27 00:00:00+00:00
[2024-04-27T00:18:02.106+0000] {processor.py:183} INFO - Processing /home/airflow/.local/lib/python3.12/site-packages/airflow/example_dags/example_latest_only_with_trigger.py took 0.068 seconds
[2024-04-27T00:18:32.405+0000] {processor.py:161} INFO - Started process (PID=12750) to work on /home/airflow/.local/lib/python3.12/site-packages/airflow/example_dags/example_latest_only_with_trigger.py
[2024-04-27T00:18:32.406+0000] {processor.py:830} INFO - Processing file /home/airflow/.local/lib/python3.12/site-packages/airflow/example_dags/example_latest_only_with_trigger.py for tasks to queue
[2024-04-27T00:18:32.407+0000] {logging_mixin.py:188} INFO - [2024-04-27T00:18:32.407+0000] {dagbag.py:540} INFO - Filling up the DagBag from /home/airflow/.local/lib/python3.12/site-packages/airflow/example_dags/example_latest_only_with_trigger.py
[2024-04-27T00:18:32.413+0000] {processor.py:840} INFO - DAG(s) 'latest_only_with_trigger' retrieved from /home/airflow/.local/lib/python3.12/site-packages/airflow/example_dags/example_latest_only_with_trigger.py
[2024-04-27T00:18:32.432+0000] {logging_mixin.py:188} INFO - [2024-04-27T00:18:32.432+0000] {dag.py:3096} INFO - Sync 1 DAGs
[2024-04-27T00:18:32.453+0000] {logging_mixin.py:188} INFO - [2024-04-27T00:18:32.453+0000] {dag.py:3954} INFO - Setting next_dagrun for latest_only_with_trigger to 2024-04-26 20:00:00+00:00, run_after=2024-04-27 00:00:00+00:00
[2024-04-27T00:18:32.473+0000] {processor.py:183} INFO - Processing /home/airflow/.local/lib/python3.12/site-packages/airflow/example_dags/example_latest_only_with_trigger.py took 0.073 seconds
[2024-04-27T00:19:02.595+0000] {processor.py:161} INFO - Started process (PID=12810) to work on /home/airflow/.local/lib/python3.12/site-packages/airflow/example_dags/example_latest_only_with_trigger.py
[2024-04-27T00:19:02.597+0000] {processor.py:830} INFO - Processing file /home/airflow/.local/lib/python3.12/site-packages/airflow/example_dags/example_latest_only_with_trigger.py for tasks to queue
[2024-04-27T00:19:02.598+0000] {logging_mixin.py:188} INFO - [2024-04-27T00:19:02.597+0000] {dagbag.py:540} INFO - Filling up the DagBag from /home/airflow/.local/lib/python3.12/site-packages/airflow/example_dags/example_latest_only_with_trigger.py
[2024-04-27T00:19:02.603+0000] {processor.py:840} INFO - DAG(s) 'latest_only_with_trigger' retrieved from /home/airflow/.local/lib/python3.12/site-packages/airflow/example_dags/example_latest_only_with_trigger.py
[2024-04-27T00:19:02.624+0000] {logging_mixin.py:188} INFO - [2024-04-27T00:19:02.623+0000] {dag.py:3096} INFO - Sync 1 DAGs
[2024-04-27T00:19:02.643+0000] {logging_mixin.py:188} INFO - [2024-04-27T00:19:02.643+0000] {dag.py:3954} INFO - Setting next_dagrun for latest_only_with_trigger to 2024-04-26 20:00:00+00:00, run_after=2024-04-27 00:00:00+00:00
[2024-04-27T00:19:02.660+0000] {processor.py:183} INFO - Processing /home/airflow/.local/lib/python3.12/site-packages/airflow/example_dags/example_latest_only_with_trigger.py took 0.070 seconds
[2024-04-27T00:19:33.305+0000] {processor.py:161} INFO - Started process (PID=12870) to work on /home/airflow/.local/lib/python3.12/site-packages/airflow/example_dags/example_latest_only_with_trigger.py
[2024-04-27T00:19:33.306+0000] {processor.py:830} INFO - Processing file /home/airflow/.local/lib/python3.12/site-packages/airflow/example_dags/example_latest_only_with_trigger.py for tasks to queue
[2024-04-27T00:19:33.308+0000] {logging_mixin.py:188} INFO - [2024-04-27T00:19:33.307+0000] {dagbag.py:540} INFO - Filling up the DagBag from /home/airflow/.local/lib/python3.12/site-packages/airflow/example_dags/example_latest_only_with_trigger.py
[2024-04-27T00:19:33.314+0000] {processor.py:840} INFO - DAG(s) 'latest_only_with_trigger' retrieved from /home/airflow/.local/lib/python3.12/site-packages/airflow/example_dags/example_latest_only_with_trigger.py
[2024-04-27T00:19:33.335+0000] {logging_mixin.py:188} INFO - [2024-04-27T00:19:33.335+0000] {dag.py:3096} INFO - Sync 1 DAGs
[2024-04-27T00:19:33.355+0000] {logging_mixin.py:188} INFO - [2024-04-27T00:19:33.354+0000] {dag.py:3954} INFO - Setting next_dagrun for latest_only_with_trigger to 2024-04-26 20:00:00+00:00, run_after=2024-04-27 00:00:00+00:00
[2024-04-27T00:19:33.374+0000] {processor.py:183} INFO - Processing /home/airflow/.local/lib/python3.12/site-packages/airflow/example_dags/example_latest_only_with_trigger.py took 0.074 seconds
[2024-04-27T00:20:03.943+0000] {processor.py:161} INFO - Started process (PID=12930) to work on /home/airflow/.local/lib/python3.12/site-packages/airflow/example_dags/example_latest_only_with_trigger.py
[2024-04-27T00:20:03.945+0000] {processor.py:830} INFO - Processing file /home/airflow/.local/lib/python3.12/site-packages/airflow/example_dags/example_latest_only_with_trigger.py for tasks to queue
[2024-04-27T00:20:03.946+0000] {logging_mixin.py:188} INFO - [2024-04-27T00:20:03.946+0000] {dagbag.py:540} INFO - Filling up the DagBag from /home/airflow/.local/lib/python3.12/site-packages/airflow/example_dags/example_latest_only_with_trigger.py
[2024-04-27T00:20:03.951+0000] {processor.py:840} INFO - DAG(s) 'latest_only_with_trigger' retrieved from /home/airflow/.local/lib/python3.12/site-packages/airflow/example_dags/example_latest_only_with_trigger.py
[2024-04-27T00:20:03.971+0000] {logging_mixin.py:188} INFO - [2024-04-27T00:20:03.971+0000] {dag.py:3096} INFO - Sync 1 DAGs
[2024-04-27T00:20:03.991+0000] {logging_mixin.py:188} INFO - [2024-04-27T00:20:03.991+0000] {dag.py:3954} INFO - Setting next_dagrun for latest_only_with_trigger to 2024-04-26 20:00:00+00:00, run_after=2024-04-27 00:00:00+00:00
[2024-04-27T00:20:04.009+0000] {processor.py:183} INFO - Processing /home/airflow/.local/lib/python3.12/site-packages/airflow/example_dags/example_latest_only_with_trigger.py took 0.071 seconds
[2024-04-27T00:20:34.476+0000] {processor.py:161} INFO - Started process (PID=12989) to work on /home/airflow/.local/lib/python3.12/site-packages/airflow/example_dags/example_latest_only_with_trigger.py
[2024-04-27T00:20:34.478+0000] {processor.py:830} INFO - Processing file /home/airflow/.local/lib/python3.12/site-packages/airflow/example_dags/example_latest_only_with_trigger.py for tasks to queue
[2024-04-27T00:20:34.479+0000] {logging_mixin.py:188} INFO - [2024-04-27T00:20:34.479+0000] {dagbag.py:540} INFO - Filling up the DagBag from /home/airflow/.local/lib/python3.12/site-packages/airflow/example_dags/example_latest_only_with_trigger.py
[2024-04-27T00:20:34.485+0000] {processor.py:840} INFO - DAG(s) 'latest_only_with_trigger' retrieved from /home/airflow/.local/lib/python3.12/site-packages/airflow/example_dags/example_latest_only_with_trigger.py
[2024-04-27T00:20:34.506+0000] {logging_mixin.py:188} INFO - [2024-04-27T00:20:34.505+0000] {dag.py:3096} INFO - Sync 1 DAGs
[2024-04-27T00:20:34.527+0000] {logging_mixin.py:188} INFO - [2024-04-27T00:20:34.526+0000] {dag.py:3954} INFO - Setting next_dagrun for latest_only_with_trigger to 2024-04-26 20:00:00+00:00, run_after=2024-04-27 00:00:00+00:00
[2024-04-27T00:20:34.547+0000] {processor.py:183} INFO - Processing /home/airflow/.local/lib/python3.12/site-packages/airflow/example_dags/example_latest_only_with_trigger.py took 0.076 seconds
[2024-04-27T00:21:05.083+0000] {processor.py:161} INFO - Started process (PID=13049) to work on /home/airflow/.local/lib/python3.12/site-packages/airflow/example_dags/example_latest_only_with_trigger.py
[2024-04-27T00:21:05.085+0000] {processor.py:830} INFO - Processing file /home/airflow/.local/lib/python3.12/site-packages/airflow/example_dags/example_latest_only_with_trigger.py for tasks to queue
[2024-04-27T00:21:05.086+0000] {logging_mixin.py:188} INFO - [2024-04-27T00:21:05.086+0000] {dagbag.py:540} INFO - Filling up the DagBag from /home/airflow/.local/lib/python3.12/site-packages/airflow/example_dags/example_latest_only_with_trigger.py
[2024-04-27T00:21:05.092+0000] {processor.py:840} INFO - DAG(s) 'latest_only_with_trigger' retrieved from /home/airflow/.local/lib/python3.12/site-packages/airflow/example_dags/example_latest_only_with_trigger.py
[2024-04-27T00:21:05.114+0000] {logging_mixin.py:188} INFO - [2024-04-27T00:21:05.114+0000] {dag.py:3096} INFO - Sync 1 DAGs
[2024-04-27T00:21:05.147+0000] {logging_mixin.py:188} INFO - [2024-04-27T00:21:05.147+0000] {dag.py:3954} INFO - Setting next_dagrun for latest_only_with_trigger to 2024-04-26 20:00:00+00:00, run_after=2024-04-27 00:00:00+00:00
[2024-04-27T00:21:05.193+0000] {processor.py:183} INFO - Processing /home/airflow/.local/lib/python3.12/site-packages/airflow/example_dags/example_latest_only_with_trigger.py took 0.117 seconds
[2024-04-27T00:21:35.288+0000] {processor.py:161} INFO - Started process (PID=13109) to work on /home/airflow/.local/lib/python3.12/site-packages/airflow/example_dags/example_latest_only_with_trigger.py
[2024-04-27T00:21:35.289+0000] {processor.py:830} INFO - Processing file /home/airflow/.local/lib/python3.12/site-packages/airflow/example_dags/example_latest_only_with_trigger.py for tasks to queue
[2024-04-27T00:21:35.290+0000] {logging_mixin.py:188} INFO - [2024-04-27T00:21:35.290+0000] {dagbag.py:540} INFO - Filling up the DagBag from /home/airflow/.local/lib/python3.12/site-packages/airflow/example_dags/example_latest_only_with_trigger.py
[2024-04-27T00:21:35.296+0000] {processor.py:840} INFO - DAG(s) 'latest_only_with_trigger' retrieved from /home/airflow/.local/lib/python3.12/site-packages/airflow/example_dags/example_latest_only_with_trigger.py
[2024-04-27T00:21:35.315+0000] {logging_mixin.py:188} INFO - [2024-04-27T00:21:35.315+0000] {dag.py:3096} INFO - Sync 1 DAGs
[2024-04-27T00:21:35.335+0000] {logging_mixin.py:188} INFO - [2024-04-27T00:21:35.335+0000] {dag.py:3954} INFO - Setting next_dagrun for latest_only_with_trigger to 2024-04-26 20:00:00+00:00, run_after=2024-04-27 00:00:00+00:00
[2024-04-27T00:21:35.354+0000] {processor.py:183} INFO - Processing /home/airflow/.local/lib/python3.12/site-packages/airflow/example_dags/example_latest_only_with_trigger.py took 0.071 seconds
[2024-04-27T00:22:05.898+0000] {processor.py:161} INFO - Started process (PID=13169) to work on /home/airflow/.local/lib/python3.12/site-packages/airflow/example_dags/example_latest_only_with_trigger.py
[2024-04-27T00:22:05.900+0000] {processor.py:830} INFO - Processing file /home/airflow/.local/lib/python3.12/site-packages/airflow/example_dags/example_latest_only_with_trigger.py for tasks to queue
[2024-04-27T00:22:05.902+0000] {logging_mixin.py:188} INFO - [2024-04-27T00:22:05.902+0000] {dagbag.py:540} INFO - Filling up the DagBag from /home/airflow/.local/lib/python3.12/site-packages/airflow/example_dags/example_latest_only_with_trigger.py
[2024-04-27T00:22:05.915+0000] {processor.py:840} INFO - DAG(s) 'latest_only_with_trigger' retrieved from /home/airflow/.local/lib/python3.12/site-packages/airflow/example_dags/example_latest_only_with_trigger.py
[2024-04-27T00:22:05.952+0000] {logging_mixin.py:188} INFO - [2024-04-27T00:22:05.951+0000] {dag.py:3096} INFO - Sync 1 DAGs
[2024-04-27T00:22:05.983+0000] {logging_mixin.py:188} INFO - [2024-04-27T00:22:05.983+0000] {dag.py:3954} INFO - Setting next_dagrun for latest_only_with_trigger to 2024-04-26 20:00:00+00:00, run_after=2024-04-27 00:00:00+00:00
[2024-04-27T00:22:06.021+0000] {processor.py:183} INFO - Processing /home/airflow/.local/lib/python3.12/site-packages/airflow/example_dags/example_latest_only_with_trigger.py took 0.134 seconds
[2024-04-27T00:22:36.458+0000] {processor.py:161} INFO - Started process (PID=13229) to work on /home/airflow/.local/lib/python3.12/site-packages/airflow/example_dags/example_latest_only_with_trigger.py
[2024-04-27T00:22:36.459+0000] {processor.py:830} INFO - Processing file /home/airflow/.local/lib/python3.12/site-packages/airflow/example_dags/example_latest_only_with_trigger.py for tasks to queue
[2024-04-27T00:22:36.461+0000] {logging_mixin.py:188} INFO - [2024-04-27T00:22:36.460+0000] {dagbag.py:540} INFO - Filling up the DagBag from /home/airflow/.local/lib/python3.12/site-packages/airflow/example_dags/example_latest_only_with_trigger.py
[2024-04-27T00:22:36.466+0000] {processor.py:840} INFO - DAG(s) 'latest_only_with_trigger' retrieved from /home/airflow/.local/lib/python3.12/site-packages/airflow/example_dags/example_latest_only_with_trigger.py
[2024-04-27T00:22:36.491+0000] {logging_mixin.py:188} INFO - [2024-04-27T00:22:36.491+0000] {dag.py:3096} INFO - Sync 1 DAGs
[2024-04-27T00:22:36.513+0000] {logging_mixin.py:188} INFO - [2024-04-27T00:22:36.513+0000] {dag.py:3954} INFO - Setting next_dagrun for latest_only_with_trigger to 2024-04-26 20:00:00+00:00, run_after=2024-04-27 00:00:00+00:00
[2024-04-27T00:22:36.535+0000] {processor.py:183} INFO - Processing /home/airflow/.local/lib/python3.12/site-packages/airflow/example_dags/example_latest_only_with_trigger.py took 0.085 seconds
[2024-04-27T00:23:06.900+0000] {processor.py:161} INFO - Started process (PID=13287) to work on /home/airflow/.local/lib/python3.12/site-packages/airflow/example_dags/example_latest_only_with_trigger.py
[2024-04-27T00:23:06.901+0000] {processor.py:830} INFO - Processing file /home/airflow/.local/lib/python3.12/site-packages/airflow/example_dags/example_latest_only_with_trigger.py for tasks to queue
[2024-04-27T00:23:06.903+0000] {logging_mixin.py:188} INFO - [2024-04-27T00:23:06.902+0000] {dagbag.py:540} INFO - Filling up the DagBag from /home/airflow/.local/lib/python3.12/site-packages/airflow/example_dags/example_latest_only_with_trigger.py
[2024-04-27T00:23:06.909+0000] {processor.py:840} INFO - DAG(s) 'latest_only_with_trigger' retrieved from /home/airflow/.local/lib/python3.12/site-packages/airflow/example_dags/example_latest_only_with_trigger.py
[2024-04-27T00:23:06.927+0000] {logging_mixin.py:188} INFO - [2024-04-27T00:23:06.927+0000] {dag.py:3096} INFO - Sync 1 DAGs
[2024-04-27T00:23:06.950+0000] {logging_mixin.py:188} INFO - [2024-04-27T00:23:06.950+0000] {dag.py:3954} INFO - Setting next_dagrun for latest_only_with_trigger to 2024-04-26 20:00:00+00:00, run_after=2024-04-27 00:00:00+00:00
[2024-04-27T00:23:06.968+0000] {processor.py:183} INFO - Processing /home/airflow/.local/lib/python3.12/site-packages/airflow/example_dags/example_latest_only_with_trigger.py took 0.074 seconds
[2024-04-27T00:23:37.630+0000] {processor.py:161} INFO - Started process (PID=13347) to work on /home/airflow/.local/lib/python3.12/site-packages/airflow/example_dags/example_latest_only_with_trigger.py
[2024-04-27T00:23:37.631+0000] {processor.py:830} INFO - Processing file /home/airflow/.local/lib/python3.12/site-packages/airflow/example_dags/example_latest_only_with_trigger.py for tasks to queue
[2024-04-27T00:23:37.632+0000] {logging_mixin.py:188} INFO - [2024-04-27T00:23:37.632+0000] {dagbag.py:540} INFO - Filling up the DagBag from /home/airflow/.local/lib/python3.12/site-packages/airflow/example_dags/example_latest_only_with_trigger.py
[2024-04-27T00:23:37.638+0000] {processor.py:840} INFO - DAG(s) 'latest_only_with_trigger' retrieved from /home/airflow/.local/lib/python3.12/site-packages/airflow/example_dags/example_latest_only_with_trigger.py
[2024-04-27T00:23:37.658+0000] {logging_mixin.py:188} INFO - [2024-04-27T00:23:37.658+0000] {dag.py:3096} INFO - Sync 1 DAGs
[2024-04-27T00:23:37.677+0000] {logging_mixin.py:188} INFO - [2024-04-27T00:23:37.677+0000] {dag.py:3954} INFO - Setting next_dagrun for latest_only_with_trigger to 2024-04-26 20:00:00+00:00, run_after=2024-04-27 00:00:00+00:00
[2024-04-27T00:23:37.706+0000] {processor.py:183} INFO - Processing /home/airflow/.local/lib/python3.12/site-packages/airflow/example_dags/example_latest_only_with_trigger.py took 0.083 seconds
[2024-04-27T00:24:08.252+0000] {processor.py:161} INFO - Started process (PID=13408) to work on /home/airflow/.local/lib/python3.12/site-packages/airflow/example_dags/example_latest_only_with_trigger.py
[2024-04-27T00:24:08.253+0000] {processor.py:830} INFO - Processing file /home/airflow/.local/lib/python3.12/site-packages/airflow/example_dags/example_latest_only_with_trigger.py for tasks to queue
[2024-04-27T00:24:08.254+0000] {logging_mixin.py:188} INFO - [2024-04-27T00:24:08.253+0000] {dagbag.py:540} INFO - Filling up the DagBag from /home/airflow/.local/lib/python3.12/site-packages/airflow/example_dags/example_latest_only_with_trigger.py
[2024-04-27T00:24:08.260+0000] {processor.py:840} INFO - DAG(s) 'latest_only_with_trigger' retrieved from /home/airflow/.local/lib/python3.12/site-packages/airflow/example_dags/example_latest_only_with_trigger.py
[2024-04-27T00:24:08.283+0000] {logging_mixin.py:188} INFO - [2024-04-27T00:24:08.283+0000] {dag.py:3096} INFO - Sync 1 DAGs
[2024-04-27T00:24:08.306+0000] {logging_mixin.py:188} INFO - [2024-04-27T00:24:08.305+0000] {dag.py:3954} INFO - Setting next_dagrun for latest_only_with_trigger to 2024-04-26 20:00:00+00:00, run_after=2024-04-27 00:00:00+00:00
[2024-04-27T00:24:08.328+0000] {processor.py:183} INFO - Processing /home/airflow/.local/lib/python3.12/site-packages/airflow/example_dags/example_latest_only_with_trigger.py took 0.081 seconds
[2024-04-27T00:24:38.603+0000] {processor.py:161} INFO - Started process (PID=13468) to work on /home/airflow/.local/lib/python3.12/site-packages/airflow/example_dags/example_latest_only_with_trigger.py
[2024-04-27T00:24:38.604+0000] {processor.py:830} INFO - Processing file /home/airflow/.local/lib/python3.12/site-packages/airflow/example_dags/example_latest_only_with_trigger.py for tasks to queue
[2024-04-27T00:24:38.605+0000] {logging_mixin.py:188} INFO - [2024-04-27T00:24:38.605+0000] {dagbag.py:540} INFO - Filling up the DagBag from /home/airflow/.local/lib/python3.12/site-packages/airflow/example_dags/example_latest_only_with_trigger.py
[2024-04-27T00:24:38.612+0000] {processor.py:840} INFO - DAG(s) 'latest_only_with_trigger' retrieved from /home/airflow/.local/lib/python3.12/site-packages/airflow/example_dags/example_latest_only_with_trigger.py
[2024-04-27T00:24:38.634+0000] {logging_mixin.py:188} INFO - [2024-04-27T00:24:38.634+0000] {dag.py:3096} INFO - Sync 1 DAGs
[2024-04-27T00:24:38.655+0000] {logging_mixin.py:188} INFO - [2024-04-27T00:24:38.655+0000] {dag.py:3954} INFO - Setting next_dagrun for latest_only_with_trigger to 2024-04-26 20:00:00+00:00, run_after=2024-04-27 00:00:00+00:00
[2024-04-27T00:24:38.675+0000] {processor.py:183} INFO - Processing /home/airflow/.local/lib/python3.12/site-packages/airflow/example_dags/example_latest_only_with_trigger.py took 0.077 seconds
[2024-04-27T00:25:09.248+0000] {processor.py:161} INFO - Started process (PID=13528) to work on /home/airflow/.local/lib/python3.12/site-packages/airflow/example_dags/example_latest_only_with_trigger.py
[2024-04-27T00:25:09.250+0000] {processor.py:830} INFO - Processing file /home/airflow/.local/lib/python3.12/site-packages/airflow/example_dags/example_latest_only_with_trigger.py for tasks to queue
[2024-04-27T00:25:09.252+0000] {logging_mixin.py:188} INFO - [2024-04-27T00:25:09.251+0000] {dagbag.py:540} INFO - Filling up the DagBag from /home/airflow/.local/lib/python3.12/site-packages/airflow/example_dags/example_latest_only_with_trigger.py
[2024-04-27T00:25:09.258+0000] {processor.py:840} INFO - DAG(s) 'latest_only_with_trigger' retrieved from /home/airflow/.local/lib/python3.12/site-packages/airflow/example_dags/example_latest_only_with_trigger.py
[2024-04-27T00:25:09.282+0000] {logging_mixin.py:188} INFO - [2024-04-27T00:25:09.281+0000] {dag.py:3096} INFO - Sync 1 DAGs
[2024-04-27T00:25:09.305+0000] {logging_mixin.py:188} INFO - [2024-04-27T00:25:09.305+0000] {dag.py:3954} INFO - Setting next_dagrun for latest_only_with_trigger to 2024-04-26 20:00:00+00:00, run_after=2024-04-27 00:00:00+00:00
[2024-04-27T00:25:09.324+0000] {processor.py:183} INFO - Processing /home/airflow/.local/lib/python3.12/site-packages/airflow/example_dags/example_latest_only_with_trigger.py took 0.081 seconds
