[2024-04-27T00:00:09.126+0000] {processor.py:161} INFO - Started process (PID=10575) to work on /home/airflow/.local/lib/python3.12/site-packages/airflow/example_dags/example_branch_python_dop_operator_3.py
[2024-04-27T00:00:09.128+0000] {processor.py:830} INFO - Processing file /home/airflow/.local/lib/python3.12/site-packages/airflow/example_dags/example_branch_python_dop_operator_3.py for tasks to queue
[2024-04-27T00:00:09.130+0000] {logging_mixin.py:188} INFO - [2024-04-27T00:00:09.130+0000] {dagbag.py:540} INFO - Filling up the DagBag from /home/airflow/.local/lib/python3.12/site-packages/airflow/example_dags/example_branch_python_dop_operator_3.py
[2024-04-27T00:00:09.138+0000] {processor.py:840} INFO - DAG(s) 'example_branch_dop_operator_v3' retrieved from /home/airflow/.local/lib/python3.12/site-packages/airflow/example_dags/example_branch_python_dop_operator_3.py
[2024-04-27T00:00:09.162+0000] {logging_mixin.py:188} INFO - [2024-04-27T00:00:09.162+0000] {dag.py:3096} INFO - Sync 1 DAGs
[2024-04-27T00:00:09.185+0000] {logging_mixin.py:188} INFO - [2024-04-27T00:00:09.185+0000] {dag.py:3954} INFO - Setting next_dagrun for example_branch_dop_operator_v3 to 2024-04-26 23:59:00+00:00, run_after=2024-04-27 00:00:00+00:00
[2024-04-27T00:00:09.204+0000] {processor.py:183} INFO - Processing /home/airflow/.local/lib/python3.12/site-packages/airflow/example_dags/example_branch_python_dop_operator_3.py took 0.084 seconds
[2024-04-27T00:00:39.468+0000] {processor.py:161} INFO - Started process (PID=10636) to work on /home/airflow/.local/lib/python3.12/site-packages/airflow/example_dags/example_branch_python_dop_operator_3.py
[2024-04-27T00:00:39.469+0000] {processor.py:830} INFO - Processing file /home/airflow/.local/lib/python3.12/site-packages/airflow/example_dags/example_branch_python_dop_operator_3.py for tasks to queue
[2024-04-27T00:00:39.472+0000] {logging_mixin.py:188} INFO - [2024-04-27T00:00:39.471+0000] {dagbag.py:540} INFO - Filling up the DagBag from /home/airflow/.local/lib/python3.12/site-packages/airflow/example_dags/example_branch_python_dop_operator_3.py
[2024-04-27T00:00:39.483+0000] {processor.py:840} INFO - DAG(s) 'example_branch_dop_operator_v3' retrieved from /home/airflow/.local/lib/python3.12/site-packages/airflow/example_dags/example_branch_python_dop_operator_3.py
[2024-04-27T00:00:39.506+0000] {logging_mixin.py:188} INFO - [2024-04-27T00:00:39.506+0000] {dag.py:3096} INFO - Sync 1 DAGs
[2024-04-27T00:00:39.535+0000] {logging_mixin.py:188} INFO - [2024-04-27T00:00:39.535+0000] {dag.py:3954} INFO - Setting next_dagrun for example_branch_dop_operator_v3 to 2024-04-26 23:59:00+00:00, run_after=2024-04-27 00:00:00+00:00
[2024-04-27T00:00:39.556+0000] {processor.py:183} INFO - Processing /home/airflow/.local/lib/python3.12/site-packages/airflow/example_dags/example_branch_python_dop_operator_3.py took 0.096 seconds
[2024-04-27T00:01:09.815+0000] {processor.py:161} INFO - Started process (PID=10697) to work on /home/airflow/.local/lib/python3.12/site-packages/airflow/example_dags/example_branch_python_dop_operator_3.py
[2024-04-27T00:01:09.816+0000] {processor.py:830} INFO - Processing file /home/airflow/.local/lib/python3.12/site-packages/airflow/example_dags/example_branch_python_dop_operator_3.py for tasks to queue
[2024-04-27T00:01:09.818+0000] {logging_mixin.py:188} INFO - [2024-04-27T00:01:09.818+0000] {dagbag.py:540} INFO - Filling up the DagBag from /home/airflow/.local/lib/python3.12/site-packages/airflow/example_dags/example_branch_python_dop_operator_3.py
[2024-04-27T00:01:09.829+0000] {processor.py:840} INFO - DAG(s) 'example_branch_dop_operator_v3' retrieved from /home/airflow/.local/lib/python3.12/site-packages/airflow/example_dags/example_branch_python_dop_operator_3.py
[2024-04-27T00:01:09.847+0000] {logging_mixin.py:188} INFO - [2024-04-27T00:01:09.847+0000] {dag.py:3096} INFO - Sync 1 DAGs
[2024-04-27T00:01:09.869+0000] {logging_mixin.py:188} INFO - [2024-04-27T00:01:09.869+0000] {dag.py:3954} INFO - Setting next_dagrun for example_branch_dop_operator_v3 to 2024-04-27 00:00:00+00:00, run_after=2024-04-27 00:01:00+00:00
[2024-04-27T00:01:09.885+0000] {processor.py:183} INFO - Processing /home/airflow/.local/lib/python3.12/site-packages/airflow/example_dags/example_branch_python_dop_operator_3.py took 0.075 seconds
[2024-04-27T00:01:40.733+0000] {processor.py:161} INFO - Started process (PID=10758) to work on /home/airflow/.local/lib/python3.12/site-packages/airflow/example_dags/example_branch_python_dop_operator_3.py
[2024-04-27T00:01:40.735+0000] {processor.py:830} INFO - Processing file /home/airflow/.local/lib/python3.12/site-packages/airflow/example_dags/example_branch_python_dop_operator_3.py for tasks to queue
[2024-04-27T00:01:40.737+0000] {logging_mixin.py:188} INFO - [2024-04-27T00:01:40.737+0000] {dagbag.py:540} INFO - Filling up the DagBag from /home/airflow/.local/lib/python3.12/site-packages/airflow/example_dags/example_branch_python_dop_operator_3.py
[2024-04-27T00:01:40.745+0000] {processor.py:840} INFO - DAG(s) 'example_branch_dop_operator_v3' retrieved from /home/airflow/.local/lib/python3.12/site-packages/airflow/example_dags/example_branch_python_dop_operator_3.py
[2024-04-27T00:01:40.762+0000] {logging_mixin.py:188} INFO - [2024-04-27T00:01:40.762+0000] {dag.py:3096} INFO - Sync 1 DAGs
[2024-04-27T00:01:40.782+0000] {logging_mixin.py:188} INFO - [2024-04-27T00:01:40.782+0000] {dag.py:3954} INFO - Setting next_dagrun for example_branch_dop_operator_v3 to 2024-04-27 00:00:00+00:00, run_after=2024-04-27 00:01:00+00:00
[2024-04-27T00:01:40.916+0000] {processor.py:183} INFO - Processing /home/airflow/.local/lib/python3.12/site-packages/airflow/example_dags/example_branch_python_dop_operator_3.py took 0.189 seconds
[2024-04-27T00:02:11.696+0000] {processor.py:161} INFO - Started process (PID=10819) to work on /home/airflow/.local/lib/python3.12/site-packages/airflow/example_dags/example_branch_python_dop_operator_3.py
[2024-04-27T00:02:11.697+0000] {processor.py:830} INFO - Processing file /home/airflow/.local/lib/python3.12/site-packages/airflow/example_dags/example_branch_python_dop_operator_3.py for tasks to queue
[2024-04-27T00:02:11.700+0000] {logging_mixin.py:188} INFO - [2024-04-27T00:02:11.700+0000] {dagbag.py:540} INFO - Filling up the DagBag from /home/airflow/.local/lib/python3.12/site-packages/airflow/example_dags/example_branch_python_dop_operator_3.py
[2024-04-27T00:02:11.708+0000] {processor.py:840} INFO - DAG(s) 'example_branch_dop_operator_v3' retrieved from /home/airflow/.local/lib/python3.12/site-packages/airflow/example_dags/example_branch_python_dop_operator_3.py
[2024-04-27T00:02:11.724+0000] {logging_mixin.py:188} INFO - [2024-04-27T00:02:11.724+0000] {dag.py:3096} INFO - Sync 1 DAGs
[2024-04-27T00:02:11.746+0000] {logging_mixin.py:188} INFO - [2024-04-27T00:02:11.746+0000] {dag.py:3954} INFO - Setting next_dagrun for example_branch_dop_operator_v3 to 2024-04-27 00:01:00+00:00, run_after=2024-04-27 00:02:00+00:00
[2024-04-27T00:02:11.765+0000] {processor.py:183} INFO - Processing /home/airflow/.local/lib/python3.12/site-packages/airflow/example_dags/example_branch_python_dop_operator_3.py took 0.073 seconds
[2024-04-27T00:02:42.567+0000] {processor.py:161} INFO - Started process (PID=10880) to work on /home/airflow/.local/lib/python3.12/site-packages/airflow/example_dags/example_branch_python_dop_operator_3.py
[2024-04-27T00:02:42.568+0000] {processor.py:830} INFO - Processing file /home/airflow/.local/lib/python3.12/site-packages/airflow/example_dags/example_branch_python_dop_operator_3.py for tasks to queue
[2024-04-27T00:02:42.570+0000] {logging_mixin.py:188} INFO - [2024-04-27T00:02:42.570+0000] {dagbag.py:540} INFO - Filling up the DagBag from /home/airflow/.local/lib/python3.12/site-packages/airflow/example_dags/example_branch_python_dop_operator_3.py
[2024-04-27T00:02:42.579+0000] {processor.py:840} INFO - DAG(s) 'example_branch_dop_operator_v3' retrieved from /home/airflow/.local/lib/python3.12/site-packages/airflow/example_dags/example_branch_python_dop_operator_3.py
[2024-04-27T00:02:42.598+0000] {logging_mixin.py:188} INFO - [2024-04-27T00:02:42.598+0000] {dag.py:3096} INFO - Sync 1 DAGs
[2024-04-27T00:02:42.620+0000] {logging_mixin.py:188} INFO - [2024-04-27T00:02:42.620+0000] {dag.py:3954} INFO - Setting next_dagrun for example_branch_dop_operator_v3 to 2024-04-27 00:01:00+00:00, run_after=2024-04-27 00:02:00+00:00
[2024-04-27T00:02:42.639+0000] {processor.py:183} INFO - Processing /home/airflow/.local/lib/python3.12/site-packages/airflow/example_dags/example_branch_python_dop_operator_3.py took 0.079 seconds
[2024-04-27T00:03:12.870+0000] {processor.py:161} INFO - Started process (PID=10941) to work on /home/airflow/.local/lib/python3.12/site-packages/airflow/example_dags/example_branch_python_dop_operator_3.py
[2024-04-27T00:03:12.872+0000] {processor.py:830} INFO - Processing file /home/airflow/.local/lib/python3.12/site-packages/airflow/example_dags/example_branch_python_dop_operator_3.py for tasks to queue
[2024-04-27T00:03:12.874+0000] {logging_mixin.py:188} INFO - [2024-04-27T00:03:12.874+0000] {dagbag.py:540} INFO - Filling up the DagBag from /home/airflow/.local/lib/python3.12/site-packages/airflow/example_dags/example_branch_python_dop_operator_3.py
[2024-04-27T00:03:12.886+0000] {processor.py:840} INFO - DAG(s) 'example_branch_dop_operator_v3' retrieved from /home/airflow/.local/lib/python3.12/site-packages/airflow/example_dags/example_branch_python_dop_operator_3.py
[2024-04-27T00:03:12.905+0000] {logging_mixin.py:188} INFO - [2024-04-27T00:03:12.905+0000] {dag.py:3096} INFO - Sync 1 DAGs
[2024-04-27T00:03:12.926+0000] {logging_mixin.py:188} INFO - [2024-04-27T00:03:12.926+0000] {dag.py:3954} INFO - Setting next_dagrun for example_branch_dop_operator_v3 to 2024-04-27 00:02:00+00:00, run_after=2024-04-27 00:03:00+00:00
[2024-04-27T00:03:12.946+0000] {processor.py:183} INFO - Processing /home/airflow/.local/lib/python3.12/site-packages/airflow/example_dags/example_branch_python_dop_operator_3.py took 0.083 seconds
[2024-04-27T00:03:43.958+0000] {processor.py:161} INFO - Started process (PID=11002) to work on /home/airflow/.local/lib/python3.12/site-packages/airflow/example_dags/example_branch_python_dop_operator_3.py
[2024-04-27T00:03:43.959+0000] {processor.py:830} INFO - Processing file /home/airflow/.local/lib/python3.12/site-packages/airflow/example_dags/example_branch_python_dop_operator_3.py for tasks to queue
[2024-04-27T00:03:43.961+0000] {logging_mixin.py:188} INFO - [2024-04-27T00:03:43.960+0000] {dagbag.py:540} INFO - Filling up the DagBag from /home/airflow/.local/lib/python3.12/site-packages/airflow/example_dags/example_branch_python_dop_operator_3.py
[2024-04-27T00:03:43.970+0000] {processor.py:840} INFO - DAG(s) 'example_branch_dop_operator_v3' retrieved from /home/airflow/.local/lib/python3.12/site-packages/airflow/example_dags/example_branch_python_dop_operator_3.py
[2024-04-27T00:03:43.987+0000] {logging_mixin.py:188} INFO - [2024-04-27T00:03:43.986+0000] {dag.py:3096} INFO - Sync 1 DAGs
[2024-04-27T00:03:44.006+0000] {logging_mixin.py:188} INFO - [2024-04-27T00:03:44.006+0000] {dag.py:3954} INFO - Setting next_dagrun for example_branch_dop_operator_v3 to 2024-04-27 00:02:00+00:00, run_after=2024-04-27 00:03:00+00:00
[2024-04-27T00:03:44.022+0000] {processor.py:183} INFO - Processing /home/airflow/.local/lib/python3.12/site-packages/airflow/example_dags/example_branch_python_dop_operator_3.py took 0.069 seconds
[2024-04-27T00:04:14.900+0000] {processor.py:161} INFO - Started process (PID=11062) to work on /home/airflow/.local/lib/python3.12/site-packages/airflow/example_dags/example_branch_python_dop_operator_3.py
[2024-04-27T00:04:14.901+0000] {processor.py:830} INFO - Processing file /home/airflow/.local/lib/python3.12/site-packages/airflow/example_dags/example_branch_python_dop_operator_3.py for tasks to queue
[2024-04-27T00:04:14.902+0000] {logging_mixin.py:188} INFO - [2024-04-27T00:04:14.902+0000] {dagbag.py:540} INFO - Filling up the DagBag from /home/airflow/.local/lib/python3.12/site-packages/airflow/example_dags/example_branch_python_dop_operator_3.py
[2024-04-27T00:04:14.912+0000] {processor.py:840} INFO - DAG(s) 'example_branch_dop_operator_v3' retrieved from /home/airflow/.local/lib/python3.12/site-packages/airflow/example_dags/example_branch_python_dop_operator_3.py
[2024-04-27T00:04:14.932+0000] {logging_mixin.py:188} INFO - [2024-04-27T00:04:14.932+0000] {dag.py:3096} INFO - Sync 1 DAGs
[2024-04-27T00:04:15.084+0000] {logging_mixin.py:188} INFO - [2024-04-27T00:04:15.084+0000] {dag.py:3954} INFO - Setting next_dagrun for example_branch_dop_operator_v3 to 2024-04-27 00:03:00+00:00, run_after=2024-04-27 00:04:00+00:00
[2024-04-27T00:04:15.101+0000] {processor.py:183} INFO - Processing /home/airflow/.local/lib/python3.12/site-packages/airflow/example_dags/example_branch_python_dop_operator_3.py took 0.207 seconds
[2024-04-27T00:04:45.508+0000] {processor.py:161} INFO - Started process (PID=11122) to work on /home/airflow/.local/lib/python3.12/site-packages/airflow/example_dags/example_branch_python_dop_operator_3.py
[2024-04-27T00:04:45.510+0000] {processor.py:830} INFO - Processing file /home/airflow/.local/lib/python3.12/site-packages/airflow/example_dags/example_branch_python_dop_operator_3.py for tasks to queue
[2024-04-27T00:04:45.514+0000] {logging_mixin.py:188} INFO - [2024-04-27T00:04:45.513+0000] {dagbag.py:540} INFO - Filling up the DagBag from /home/airflow/.local/lib/python3.12/site-packages/airflow/example_dags/example_branch_python_dop_operator_3.py
[2024-04-27T00:04:45.524+0000] {processor.py:840} INFO - DAG(s) 'example_branch_dop_operator_v3' retrieved from /home/airflow/.local/lib/python3.12/site-packages/airflow/example_dags/example_branch_python_dop_operator_3.py
[2024-04-27T00:04:45.555+0000] {logging_mixin.py:188} INFO - [2024-04-27T00:04:45.555+0000] {dag.py:3096} INFO - Sync 1 DAGs
[2024-04-27T00:04:45.588+0000] {logging_mixin.py:188} INFO - [2024-04-27T00:04:45.588+0000] {dag.py:3954} INFO - Setting next_dagrun for example_branch_dop_operator_v3 to 2024-04-27 00:03:00+00:00, run_after=2024-04-27 00:04:00+00:00
[2024-04-27T00:04:45.611+0000] {processor.py:183} INFO - Processing /home/airflow/.local/lib/python3.12/site-packages/airflow/example_dags/example_branch_python_dop_operator_3.py took 0.112 seconds
[2024-04-27T00:05:15.667+0000] {processor.py:161} INFO - Started process (PID=11182) to work on /home/airflow/.local/lib/python3.12/site-packages/airflow/example_dags/example_branch_python_dop_operator_3.py
[2024-04-27T00:05:15.668+0000] {processor.py:830} INFO - Processing file /home/airflow/.local/lib/python3.12/site-packages/airflow/example_dags/example_branch_python_dop_operator_3.py for tasks to queue
[2024-04-27T00:05:15.669+0000] {logging_mixin.py:188} INFO - [2024-04-27T00:05:15.668+0000] {dagbag.py:540} INFO - Filling up the DagBag from /home/airflow/.local/lib/python3.12/site-packages/airflow/example_dags/example_branch_python_dop_operator_3.py
[2024-04-27T00:05:15.676+0000] {processor.py:840} INFO - DAG(s) 'example_branch_dop_operator_v3' retrieved from /home/airflow/.local/lib/python3.12/site-packages/airflow/example_dags/example_branch_python_dop_operator_3.py
[2024-04-27T00:05:15.694+0000] {logging_mixin.py:188} INFO - [2024-04-27T00:05:15.693+0000] {dag.py:3096} INFO - Sync 1 DAGs
[2024-04-27T00:05:15.715+0000] {logging_mixin.py:188} INFO - [2024-04-27T00:05:15.715+0000] {dag.py:3954} INFO - Setting next_dagrun for example_branch_dop_operator_v3 to 2024-04-27 00:04:00+00:00, run_after=2024-04-27 00:05:00+00:00
[2024-04-27T00:05:15.731+0000] {processor.py:183} INFO - Processing /home/airflow/.local/lib/python3.12/site-packages/airflow/example_dags/example_branch_python_dop_operator_3.py took 0.070 seconds
[2024-04-27T00:05:46.094+0000] {processor.py:161} INFO - Started process (PID=11242) to work on /home/airflow/.local/lib/python3.12/site-packages/airflow/example_dags/example_branch_python_dop_operator_3.py
[2024-04-27T00:05:46.095+0000] {processor.py:830} INFO - Processing file /home/airflow/.local/lib/python3.12/site-packages/airflow/example_dags/example_branch_python_dop_operator_3.py for tasks to queue
[2024-04-27T00:05:46.096+0000] {logging_mixin.py:188} INFO - [2024-04-27T00:05:46.096+0000] {dagbag.py:540} INFO - Filling up the DagBag from /home/airflow/.local/lib/python3.12/site-packages/airflow/example_dags/example_branch_python_dop_operator_3.py
[2024-04-27T00:05:46.112+0000] {processor.py:840} INFO - DAG(s) 'example_branch_dop_operator_v3' retrieved from /home/airflow/.local/lib/python3.12/site-packages/airflow/example_dags/example_branch_python_dop_operator_3.py
[2024-04-27T00:05:46.140+0000] {logging_mixin.py:188} INFO - [2024-04-27T00:05:46.139+0000] {dag.py:3096} INFO - Sync 1 DAGs
[2024-04-27T00:05:46.179+0000] {logging_mixin.py:188} INFO - [2024-04-27T00:05:46.179+0000] {dag.py:3954} INFO - Setting next_dagrun for example_branch_dop_operator_v3 to 2024-04-27 00:04:00+00:00, run_after=2024-04-27 00:05:00+00:00
[2024-04-27T00:05:46.200+0000] {processor.py:183} INFO - Processing /home/airflow/.local/lib/python3.12/site-packages/airflow/example_dags/example_branch_python_dop_operator_3.py took 0.112 seconds
[2024-04-27T00:06:16.850+0000] {processor.py:161} INFO - Started process (PID=11302) to work on /home/airflow/.local/lib/python3.12/site-packages/airflow/example_dags/example_branch_python_dop_operator_3.py
[2024-04-27T00:06:16.853+0000] {processor.py:830} INFO - Processing file /home/airflow/.local/lib/python3.12/site-packages/airflow/example_dags/example_branch_python_dop_operator_3.py for tasks to queue
[2024-04-27T00:06:16.855+0000] {logging_mixin.py:188} INFO - [2024-04-27T00:06:16.854+0000] {dagbag.py:540} INFO - Filling up the DagBag from /home/airflow/.local/lib/python3.12/site-packages/airflow/example_dags/example_branch_python_dop_operator_3.py
[2024-04-27T00:06:16.862+0000] {processor.py:840} INFO - DAG(s) 'example_branch_dop_operator_v3' retrieved from /home/airflow/.local/lib/python3.12/site-packages/airflow/example_dags/example_branch_python_dop_operator_3.py
[2024-04-27T00:06:16.881+0000] {logging_mixin.py:188} INFO - [2024-04-27T00:06:16.881+0000] {dag.py:3096} INFO - Sync 1 DAGs
[2024-04-27T00:06:16.902+0000] {logging_mixin.py:188} INFO - [2024-04-27T00:06:16.902+0000] {dag.py:3954} INFO - Setting next_dagrun for example_branch_dop_operator_v3 to 2024-04-27 00:05:00+00:00, run_after=2024-04-27 00:06:00+00:00
[2024-04-27T00:06:16.922+0000] {processor.py:183} INFO - Processing /home/airflow/.local/lib/python3.12/site-packages/airflow/example_dags/example_branch_python_dop_operator_3.py took 0.077 seconds
[2024-04-27T00:06:47.586+0000] {processor.py:161} INFO - Started process (PID=11362) to work on /home/airflow/.local/lib/python3.12/site-packages/airflow/example_dags/example_branch_python_dop_operator_3.py
[2024-04-27T00:06:47.587+0000] {processor.py:830} INFO - Processing file /home/airflow/.local/lib/python3.12/site-packages/airflow/example_dags/example_branch_python_dop_operator_3.py for tasks to queue
[2024-04-27T00:06:47.588+0000] {logging_mixin.py:188} INFO - [2024-04-27T00:06:47.587+0000] {dagbag.py:540} INFO - Filling up the DagBag from /home/airflow/.local/lib/python3.12/site-packages/airflow/example_dags/example_branch_python_dop_operator_3.py
[2024-04-27T00:06:47.594+0000] {processor.py:840} INFO - DAG(s) 'example_branch_dop_operator_v3' retrieved from /home/airflow/.local/lib/python3.12/site-packages/airflow/example_dags/example_branch_python_dop_operator_3.py
[2024-04-27T00:06:47.613+0000] {logging_mixin.py:188} INFO - [2024-04-27T00:06:47.613+0000] {dag.py:3096} INFO - Sync 1 DAGs
[2024-04-27T00:06:47.634+0000] {logging_mixin.py:188} INFO - [2024-04-27T00:06:47.634+0000] {dag.py:3954} INFO - Setting next_dagrun for example_branch_dop_operator_v3 to 2024-04-27 00:05:00+00:00, run_after=2024-04-27 00:06:00+00:00
[2024-04-27T00:06:47.651+0000] {processor.py:183} INFO - Processing /home/airflow/.local/lib/python3.12/site-packages/airflow/example_dags/example_branch_python_dop_operator_3.py took 0.071 seconds
[2024-04-27T00:07:18.335+0000] {processor.py:161} INFO - Started process (PID=11422) to work on /home/airflow/.local/lib/python3.12/site-packages/airflow/example_dags/example_branch_python_dop_operator_3.py
[2024-04-27T00:07:18.336+0000] {processor.py:830} INFO - Processing file /home/airflow/.local/lib/python3.12/site-packages/airflow/example_dags/example_branch_python_dop_operator_3.py for tasks to queue
[2024-04-27T00:07:18.338+0000] {logging_mixin.py:188} INFO - [2024-04-27T00:07:18.337+0000] {dagbag.py:540} INFO - Filling up the DagBag from /home/airflow/.local/lib/python3.12/site-packages/airflow/example_dags/example_branch_python_dop_operator_3.py
[2024-04-27T00:07:18.346+0000] {processor.py:840} INFO - DAG(s) 'example_branch_dop_operator_v3' retrieved from /home/airflow/.local/lib/python3.12/site-packages/airflow/example_dags/example_branch_python_dop_operator_3.py
[2024-04-27T00:07:18.367+0000] {logging_mixin.py:188} INFO - [2024-04-27T00:07:18.367+0000] {dag.py:3096} INFO - Sync 1 DAGs
[2024-04-27T00:07:18.391+0000] {logging_mixin.py:188} INFO - [2024-04-27T00:07:18.391+0000] {dag.py:3954} INFO - Setting next_dagrun for example_branch_dop_operator_v3 to 2024-04-27 00:06:00+00:00, run_after=2024-04-27 00:07:00+00:00
[2024-04-27T00:07:18.414+0000] {processor.py:183} INFO - Processing /home/airflow/.local/lib/python3.12/site-packages/airflow/example_dags/example_branch_python_dop_operator_3.py took 0.085 seconds
[2024-04-27T00:07:48.852+0000] {processor.py:161} INFO - Started process (PID=11482) to work on /home/airflow/.local/lib/python3.12/site-packages/airflow/example_dags/example_branch_python_dop_operator_3.py
[2024-04-27T00:07:48.853+0000] {processor.py:830} INFO - Processing file /home/airflow/.local/lib/python3.12/site-packages/airflow/example_dags/example_branch_python_dop_operator_3.py for tasks to queue
[2024-04-27T00:07:48.855+0000] {logging_mixin.py:188} INFO - [2024-04-27T00:07:48.854+0000] {dagbag.py:540} INFO - Filling up the DagBag from /home/airflow/.local/lib/python3.12/site-packages/airflow/example_dags/example_branch_python_dop_operator_3.py
[2024-04-27T00:07:48.865+0000] {processor.py:840} INFO - DAG(s) 'example_branch_dop_operator_v3' retrieved from /home/airflow/.local/lib/python3.12/site-packages/airflow/example_dags/example_branch_python_dop_operator_3.py
[2024-04-27T00:07:48.893+0000] {logging_mixin.py:188} INFO - [2024-04-27T00:07:48.893+0000] {dag.py:3096} INFO - Sync 1 DAGs
[2024-04-27T00:07:48.930+0000] {logging_mixin.py:188} INFO - [2024-04-27T00:07:48.930+0000] {dag.py:3954} INFO - Setting next_dagrun for example_branch_dop_operator_v3 to 2024-04-27 00:06:00+00:00, run_after=2024-04-27 00:07:00+00:00
[2024-04-27T00:07:48.963+0000] {processor.py:183} INFO - Processing /home/airflow/.local/lib/python3.12/site-packages/airflow/example_dags/example_branch_python_dop_operator_3.py took 0.118 seconds
[2024-04-27T00:08:19.563+0000] {processor.py:161} INFO - Started process (PID=11543) to work on /home/airflow/.local/lib/python3.12/site-packages/airflow/example_dags/example_branch_python_dop_operator_3.py
[2024-04-27T00:08:19.564+0000] {processor.py:830} INFO - Processing file /home/airflow/.local/lib/python3.12/site-packages/airflow/example_dags/example_branch_python_dop_operator_3.py for tasks to queue
[2024-04-27T00:08:19.566+0000] {logging_mixin.py:188} INFO - [2024-04-27T00:08:19.566+0000] {dagbag.py:540} INFO - Filling up the DagBag from /home/airflow/.local/lib/python3.12/site-packages/airflow/example_dags/example_branch_python_dop_operator_3.py
[2024-04-27T00:08:19.573+0000] {processor.py:840} INFO - DAG(s) 'example_branch_dop_operator_v3' retrieved from /home/airflow/.local/lib/python3.12/site-packages/airflow/example_dags/example_branch_python_dop_operator_3.py
[2024-04-27T00:08:19.590+0000] {logging_mixin.py:188} INFO - [2024-04-27T00:08:19.590+0000] {dag.py:3096} INFO - Sync 1 DAGs
[2024-04-27T00:08:19.610+0000] {logging_mixin.py:188} INFO - [2024-04-27T00:08:19.609+0000] {dag.py:3954} INFO - Setting next_dagrun for example_branch_dop_operator_v3 to 2024-04-27 00:07:00+00:00, run_after=2024-04-27 00:08:00+00:00
[2024-04-27T00:08:19.625+0000] {processor.py:183} INFO - Processing /home/airflow/.local/lib/python3.12/site-packages/airflow/example_dags/example_branch_python_dop_operator_3.py took 0.067 seconds
[2024-04-27T00:08:50.036+0000] {processor.py:161} INFO - Started process (PID=11602) to work on /home/airflow/.local/lib/python3.12/site-packages/airflow/example_dags/example_branch_python_dop_operator_3.py
[2024-04-27T00:08:50.037+0000] {processor.py:830} INFO - Processing file /home/airflow/.local/lib/python3.12/site-packages/airflow/example_dags/example_branch_python_dop_operator_3.py for tasks to queue
[2024-04-27T00:08:50.038+0000] {logging_mixin.py:188} INFO - [2024-04-27T00:08:50.038+0000] {dagbag.py:540} INFO - Filling up the DagBag from /home/airflow/.local/lib/python3.12/site-packages/airflow/example_dags/example_branch_python_dop_operator_3.py
[2024-04-27T00:08:50.045+0000] {processor.py:840} INFO - DAG(s) 'example_branch_dop_operator_v3' retrieved from /home/airflow/.local/lib/python3.12/site-packages/airflow/example_dags/example_branch_python_dop_operator_3.py
[2024-04-27T00:08:50.073+0000] {logging_mixin.py:188} INFO - [2024-04-27T00:08:50.073+0000] {dag.py:3096} INFO - Sync 1 DAGs
[2024-04-27T00:08:50.098+0000] {logging_mixin.py:188} INFO - [2024-04-27T00:08:50.098+0000] {dag.py:3954} INFO - Setting next_dagrun for example_branch_dop_operator_v3 to 2024-04-27 00:07:00+00:00, run_after=2024-04-27 00:08:00+00:00
[2024-04-27T00:08:50.118+0000] {processor.py:183} INFO - Processing /home/airflow/.local/lib/python3.12/site-packages/airflow/example_dags/example_branch_python_dop_operator_3.py took 0.089 seconds
[2024-04-27T00:09:20.550+0000] {processor.py:161} INFO - Started process (PID=11662) to work on /home/airflow/.local/lib/python3.12/site-packages/airflow/example_dags/example_branch_python_dop_operator_3.py
[2024-04-27T00:09:20.554+0000] {processor.py:830} INFO - Processing file /home/airflow/.local/lib/python3.12/site-packages/airflow/example_dags/example_branch_python_dop_operator_3.py for tasks to queue
[2024-04-27T00:09:20.557+0000] {logging_mixin.py:188} INFO - [2024-04-27T00:09:20.556+0000] {dagbag.py:540} INFO - Filling up the DagBag from /home/airflow/.local/lib/python3.12/site-packages/airflow/example_dags/example_branch_python_dop_operator_3.py
[2024-04-27T00:09:20.564+0000] {processor.py:840} INFO - DAG(s) 'example_branch_dop_operator_v3' retrieved from /home/airflow/.local/lib/python3.12/site-packages/airflow/example_dags/example_branch_python_dop_operator_3.py
[2024-04-27T00:09:20.584+0000] {logging_mixin.py:188} INFO - [2024-04-27T00:09:20.584+0000] {dag.py:3096} INFO - Sync 1 DAGs
[2024-04-27T00:09:20.604+0000] {logging_mixin.py:188} INFO - [2024-04-27T00:09:20.604+0000] {dag.py:3954} INFO - Setting next_dagrun for example_branch_dop_operator_v3 to 2024-04-27 00:08:00+00:00, run_after=2024-04-27 00:09:00+00:00
[2024-04-27T00:09:20.619+0000] {processor.py:183} INFO - Processing /home/airflow/.local/lib/python3.12/site-packages/airflow/example_dags/example_branch_python_dop_operator_3.py took 0.077 seconds
[2024-04-27T00:09:51.297+0000] {processor.py:161} INFO - Started process (PID=11722) to work on /home/airflow/.local/lib/python3.12/site-packages/airflow/example_dags/example_branch_python_dop_operator_3.py
[2024-04-27T00:09:51.298+0000] {processor.py:830} INFO - Processing file /home/airflow/.local/lib/python3.12/site-packages/airflow/example_dags/example_branch_python_dop_operator_3.py for tasks to queue
[2024-04-27T00:09:51.300+0000] {logging_mixin.py:188} INFO - [2024-04-27T00:09:51.299+0000] {dagbag.py:540} INFO - Filling up the DagBag from /home/airflow/.local/lib/python3.12/site-packages/airflow/example_dags/example_branch_python_dop_operator_3.py
[2024-04-27T00:09:51.306+0000] {processor.py:840} INFO - DAG(s) 'example_branch_dop_operator_v3' retrieved from /home/airflow/.local/lib/python3.12/site-packages/airflow/example_dags/example_branch_python_dop_operator_3.py
[2024-04-27T00:09:51.324+0000] {logging_mixin.py:188} INFO - [2024-04-27T00:09:51.324+0000] {dag.py:3096} INFO - Sync 1 DAGs
[2024-04-27T00:09:51.345+0000] {logging_mixin.py:188} INFO - [2024-04-27T00:09:51.345+0000] {dag.py:3954} INFO - Setting next_dagrun for example_branch_dop_operator_v3 to 2024-04-27 00:08:00+00:00, run_after=2024-04-27 00:09:00+00:00
[2024-04-27T00:09:51.363+0000] {processor.py:183} INFO - Processing /home/airflow/.local/lib/python3.12/site-packages/airflow/example_dags/example_branch_python_dop_operator_3.py took 0.070 seconds
[2024-04-27T00:10:21.865+0000] {processor.py:161} INFO - Started process (PID=11788) to work on /home/airflow/.local/lib/python3.12/site-packages/airflow/example_dags/example_branch_python_dop_operator_3.py
[2024-04-27T00:10:21.866+0000] {processor.py:830} INFO - Processing file /home/airflow/.local/lib/python3.12/site-packages/airflow/example_dags/example_branch_python_dop_operator_3.py for tasks to queue
[2024-04-27T00:10:21.867+0000] {logging_mixin.py:188} INFO - [2024-04-27T00:10:21.867+0000] {dagbag.py:540} INFO - Filling up the DagBag from /home/airflow/.local/lib/python3.12/site-packages/airflow/example_dags/example_branch_python_dop_operator_3.py
[2024-04-27T00:10:21.874+0000] {processor.py:840} INFO - DAG(s) 'example_branch_dop_operator_v3' retrieved from /home/airflow/.local/lib/python3.12/site-packages/airflow/example_dags/example_branch_python_dop_operator_3.py
[2024-04-27T00:10:21.891+0000] {logging_mixin.py:188} INFO - [2024-04-27T00:10:21.891+0000] {dag.py:3096} INFO - Sync 1 DAGs
[2024-04-27T00:10:21.921+0000] {logging_mixin.py:188} INFO - [2024-04-27T00:10:21.920+0000] {dag.py:3954} INFO - Setting next_dagrun for example_branch_dop_operator_v3 to 2024-04-27 00:09:00+00:00, run_after=2024-04-27 00:10:00+00:00
[2024-04-27T00:10:21.938+0000] {processor.py:183} INFO - Processing /home/airflow/.local/lib/python3.12/site-packages/airflow/example_dags/example_branch_python_dop_operator_3.py took 0.079 seconds
[2024-04-27T00:10:52.671+0000] {processor.py:161} INFO - Started process (PID=11848) to work on /home/airflow/.local/lib/python3.12/site-packages/airflow/example_dags/example_branch_python_dop_operator_3.py
[2024-04-27T00:10:52.673+0000] {processor.py:830} INFO - Processing file /home/airflow/.local/lib/python3.12/site-packages/airflow/example_dags/example_branch_python_dop_operator_3.py for tasks to queue
[2024-04-27T00:10:52.674+0000] {logging_mixin.py:188} INFO - [2024-04-27T00:10:52.674+0000] {dagbag.py:540} INFO - Filling up the DagBag from /home/airflow/.local/lib/python3.12/site-packages/airflow/example_dags/example_branch_python_dop_operator_3.py
[2024-04-27T00:10:52.682+0000] {processor.py:840} INFO - DAG(s) 'example_branch_dop_operator_v3' retrieved from /home/airflow/.local/lib/python3.12/site-packages/airflow/example_dags/example_branch_python_dop_operator_3.py
[2024-04-27T00:10:52.700+0000] {logging_mixin.py:188} INFO - [2024-04-27T00:10:52.700+0000] {dag.py:3096} INFO - Sync 1 DAGs
[2024-04-27T00:10:52.721+0000] {logging_mixin.py:188} INFO - [2024-04-27T00:10:52.721+0000] {dag.py:3954} INFO - Setting next_dagrun for example_branch_dop_operator_v3 to 2024-04-27 00:09:00+00:00, run_after=2024-04-27 00:10:00+00:00
[2024-04-27T00:10:52.738+0000] {processor.py:183} INFO - Processing /home/airflow/.local/lib/python3.12/site-packages/airflow/example_dags/example_branch_python_dop_operator_3.py took 0.072 seconds
[2024-04-27T00:11:23.323+0000] {processor.py:161} INFO - Started process (PID=11909) to work on /home/airflow/.local/lib/python3.12/site-packages/airflow/example_dags/example_branch_python_dop_operator_3.py
[2024-04-27T00:11:23.324+0000] {processor.py:830} INFO - Processing file /home/airflow/.local/lib/python3.12/site-packages/airflow/example_dags/example_branch_python_dop_operator_3.py for tasks to queue
[2024-04-27T00:11:23.325+0000] {logging_mixin.py:188} INFO - [2024-04-27T00:11:23.325+0000] {dagbag.py:540} INFO - Filling up the DagBag from /home/airflow/.local/lib/python3.12/site-packages/airflow/example_dags/example_branch_python_dop_operator_3.py
[2024-04-27T00:11:23.333+0000] {processor.py:840} INFO - DAG(s) 'example_branch_dop_operator_v3' retrieved from /home/airflow/.local/lib/python3.12/site-packages/airflow/example_dags/example_branch_python_dop_operator_3.py
[2024-04-27T00:11:23.356+0000] {logging_mixin.py:188} INFO - [2024-04-27T00:11:23.356+0000] {dag.py:3096} INFO - Sync 1 DAGs
[2024-04-27T00:11:23.383+0000] {logging_mixin.py:188} INFO - [2024-04-27T00:11:23.383+0000] {dag.py:3954} INFO - Setting next_dagrun for example_branch_dop_operator_v3 to 2024-04-27 00:10:00+00:00, run_after=2024-04-27 00:11:00+00:00
[2024-04-27T00:11:23.404+0000] {processor.py:183} INFO - Processing /home/airflow/.local/lib/python3.12/site-packages/airflow/example_dags/example_branch_python_dop_operator_3.py took 0.086 seconds
[2024-04-27T00:11:54.078+0000] {processor.py:161} INFO - Started process (PID=11969) to work on /home/airflow/.local/lib/python3.12/site-packages/airflow/example_dags/example_branch_python_dop_operator_3.py
[2024-04-27T00:11:54.080+0000] {processor.py:830} INFO - Processing file /home/airflow/.local/lib/python3.12/site-packages/airflow/example_dags/example_branch_python_dop_operator_3.py for tasks to queue
[2024-04-27T00:11:54.081+0000] {logging_mixin.py:188} INFO - [2024-04-27T00:11:54.080+0000] {dagbag.py:540} INFO - Filling up the DagBag from /home/airflow/.local/lib/python3.12/site-packages/airflow/example_dags/example_branch_python_dop_operator_3.py
[2024-04-27T00:11:54.088+0000] {processor.py:840} INFO - DAG(s) 'example_branch_dop_operator_v3' retrieved from /home/airflow/.local/lib/python3.12/site-packages/airflow/example_dags/example_branch_python_dop_operator_3.py
[2024-04-27T00:11:54.110+0000] {logging_mixin.py:188} INFO - [2024-04-27T00:11:54.110+0000] {dag.py:3096} INFO - Sync 1 DAGs
[2024-04-27T00:11:54.132+0000] {logging_mixin.py:188} INFO - [2024-04-27T00:11:54.132+0000] {dag.py:3954} INFO - Setting next_dagrun for example_branch_dop_operator_v3 to 2024-04-27 00:10:00+00:00, run_after=2024-04-27 00:11:00+00:00
[2024-04-27T00:11:54.152+0000] {processor.py:183} INFO - Processing /home/airflow/.local/lib/python3.12/site-packages/airflow/example_dags/example_branch_python_dop_operator_3.py took 0.080 seconds
[2024-04-27T00:12:24.737+0000] {processor.py:161} INFO - Started process (PID=12029) to work on /home/airflow/.local/lib/python3.12/site-packages/airflow/example_dags/example_branch_python_dop_operator_3.py
[2024-04-27T00:12:24.739+0000] {processor.py:830} INFO - Processing file /home/airflow/.local/lib/python3.12/site-packages/airflow/example_dags/example_branch_python_dop_operator_3.py for tasks to queue
[2024-04-27T00:12:24.740+0000] {logging_mixin.py:188} INFO - [2024-04-27T00:12:24.740+0000] {dagbag.py:540} INFO - Filling up the DagBag from /home/airflow/.local/lib/python3.12/site-packages/airflow/example_dags/example_branch_python_dop_operator_3.py
[2024-04-27T00:12:24.748+0000] {processor.py:840} INFO - DAG(s) 'example_branch_dop_operator_v3' retrieved from /home/airflow/.local/lib/python3.12/site-packages/airflow/example_dags/example_branch_python_dop_operator_3.py
[2024-04-27T00:12:24.775+0000] {logging_mixin.py:188} INFO - [2024-04-27T00:12:24.775+0000] {dag.py:3096} INFO - Sync 1 DAGs
[2024-04-27T00:12:24.806+0000] {logging_mixin.py:188} INFO - [2024-04-27T00:12:24.805+0000] {dag.py:3954} INFO - Setting next_dagrun for example_branch_dop_operator_v3 to 2024-04-27 00:11:00+00:00, run_after=2024-04-27 00:12:00+00:00
[2024-04-27T00:12:24.840+0000] {processor.py:183} INFO - Processing /home/airflow/.local/lib/python3.12/site-packages/airflow/example_dags/example_branch_python_dop_operator_3.py took 0.111 seconds
[2024-04-27T00:12:56.375+0000] {processor.py:161} INFO - Started process (PID=12089) to work on /home/airflow/.local/lib/python3.12/site-packages/airflow/example_dags/example_branch_python_dop_operator_3.py
[2024-04-27T00:12:56.376+0000] {processor.py:830} INFO - Processing file /home/airflow/.local/lib/python3.12/site-packages/airflow/example_dags/example_branch_python_dop_operator_3.py for tasks to queue
[2024-04-27T00:12:56.378+0000] {logging_mixin.py:188} INFO - [2024-04-27T00:12:56.378+0000] {dagbag.py:540} INFO - Filling up the DagBag from /home/airflow/.local/lib/python3.12/site-packages/airflow/example_dags/example_branch_python_dop_operator_3.py
[2024-04-27T00:12:56.387+0000] {processor.py:840} INFO - DAG(s) 'example_branch_dop_operator_v3' retrieved from /home/airflow/.local/lib/python3.12/site-packages/airflow/example_dags/example_branch_python_dop_operator_3.py
[2024-04-27T00:12:56.415+0000] {logging_mixin.py:188} INFO - [2024-04-27T00:12:56.415+0000] {dag.py:3096} INFO - Sync 1 DAGs
[2024-04-27T00:12:56.459+0000] {logging_mixin.py:188} INFO - [2024-04-27T00:12:56.459+0000] {dag.py:3954} INFO - Setting next_dagrun for example_branch_dop_operator_v3 to 2024-04-27 00:11:00+00:00, run_after=2024-04-27 00:12:00+00:00
[2024-04-27T00:12:56.485+0000] {processor.py:183} INFO - Processing /home/airflow/.local/lib/python3.12/site-packages/airflow/example_dags/example_branch_python_dop_operator_3.py took 0.116 seconds
[2024-04-27T00:13:26.954+0000] {processor.py:161} INFO - Started process (PID=12149) to work on /home/airflow/.local/lib/python3.12/site-packages/airflow/example_dags/example_branch_python_dop_operator_3.py
[2024-04-27T00:13:26.955+0000] {processor.py:830} INFO - Processing file /home/airflow/.local/lib/python3.12/site-packages/airflow/example_dags/example_branch_python_dop_operator_3.py for tasks to queue
[2024-04-27T00:13:26.956+0000] {logging_mixin.py:188} INFO - [2024-04-27T00:13:26.956+0000] {dagbag.py:540} INFO - Filling up the DagBag from /home/airflow/.local/lib/python3.12/site-packages/airflow/example_dags/example_branch_python_dop_operator_3.py
[2024-04-27T00:13:26.963+0000] {processor.py:840} INFO - DAG(s) 'example_branch_dop_operator_v3' retrieved from /home/airflow/.local/lib/python3.12/site-packages/airflow/example_dags/example_branch_python_dop_operator_3.py
[2024-04-27T00:13:26.980+0000] {logging_mixin.py:188} INFO - [2024-04-27T00:13:26.980+0000] {dag.py:3096} INFO - Sync 1 DAGs
[2024-04-27T00:13:27.001+0000] {logging_mixin.py:188} INFO - [2024-04-27T00:13:27.001+0000] {dag.py:3954} INFO - Setting next_dagrun for example_branch_dop_operator_v3 to 2024-04-27 00:12:00+00:00, run_after=2024-04-27 00:13:00+00:00
[2024-04-27T00:13:27.018+0000] {processor.py:183} INFO - Processing /home/airflow/.local/lib/python3.12/site-packages/airflow/example_dags/example_branch_python_dop_operator_3.py took 0.069 seconds
[2024-04-27T00:13:57.318+0000] {processor.py:161} INFO - Started process (PID=12209) to work on /home/airflow/.local/lib/python3.12/site-packages/airflow/example_dags/example_branch_python_dop_operator_3.py
[2024-04-27T00:13:57.318+0000] {processor.py:830} INFO - Processing file /home/airflow/.local/lib/python3.12/site-packages/airflow/example_dags/example_branch_python_dop_operator_3.py for tasks to queue
[2024-04-27T00:13:57.319+0000] {logging_mixin.py:188} INFO - [2024-04-27T00:13:57.319+0000] {dagbag.py:540} INFO - Filling up the DagBag from /home/airflow/.local/lib/python3.12/site-packages/airflow/example_dags/example_branch_python_dop_operator_3.py
[2024-04-27T00:13:57.326+0000] {processor.py:840} INFO - DAG(s) 'example_branch_dop_operator_v3' retrieved from /home/airflow/.local/lib/python3.12/site-packages/airflow/example_dags/example_branch_python_dop_operator_3.py
[2024-04-27T00:13:57.345+0000] {logging_mixin.py:188} INFO - [2024-04-27T00:13:57.344+0000] {dag.py:3096} INFO - Sync 1 DAGs
[2024-04-27T00:13:57.367+0000] {logging_mixin.py:188} INFO - [2024-04-27T00:13:57.367+0000] {dag.py:3954} INFO - Setting next_dagrun for example_branch_dop_operator_v3 to 2024-04-27 00:12:00+00:00, run_after=2024-04-27 00:13:00+00:00
[2024-04-27T00:13:57.387+0000] {processor.py:183} INFO - Processing /home/airflow/.local/lib/python3.12/site-packages/airflow/example_dags/example_branch_python_dop_operator_3.py took 0.075 seconds
[2024-04-27T00:14:28.418+0000] {processor.py:161} INFO - Started process (PID=12269) to work on /home/airflow/.local/lib/python3.12/site-packages/airflow/example_dags/example_branch_python_dop_operator_3.py
[2024-04-27T00:14:28.419+0000] {processor.py:830} INFO - Processing file /home/airflow/.local/lib/python3.12/site-packages/airflow/example_dags/example_branch_python_dop_operator_3.py for tasks to queue
[2024-04-27T00:14:28.421+0000] {logging_mixin.py:188} INFO - [2024-04-27T00:14:28.420+0000] {dagbag.py:540} INFO - Filling up the DagBag from /home/airflow/.local/lib/python3.12/site-packages/airflow/example_dags/example_branch_python_dop_operator_3.py
[2024-04-27T00:14:28.429+0000] {processor.py:840} INFO - DAG(s) 'example_branch_dop_operator_v3' retrieved from /home/airflow/.local/lib/python3.12/site-packages/airflow/example_dags/example_branch_python_dop_operator_3.py
[2024-04-27T00:14:28.451+0000] {logging_mixin.py:188} INFO - [2024-04-27T00:14:28.451+0000] {dag.py:3096} INFO - Sync 1 DAGs
[2024-04-27T00:14:28.477+0000] {logging_mixin.py:188} INFO - [2024-04-27T00:14:28.477+0000] {dag.py:3954} INFO - Setting next_dagrun for example_branch_dop_operator_v3 to 2024-04-27 00:13:00+00:00, run_after=2024-04-27 00:14:00+00:00
[2024-04-27T00:14:28.500+0000] {processor.py:183} INFO - Processing /home/airflow/.local/lib/python3.12/site-packages/airflow/example_dags/example_branch_python_dop_operator_3.py took 0.088 seconds
[2024-04-27T00:14:59.031+0000] {processor.py:161} INFO - Started process (PID=12329) to work on /home/airflow/.local/lib/python3.12/site-packages/airflow/example_dags/example_branch_python_dop_operator_3.py
[2024-04-27T00:14:59.033+0000] {processor.py:830} INFO - Processing file /home/airflow/.local/lib/python3.12/site-packages/airflow/example_dags/example_branch_python_dop_operator_3.py for tasks to queue
[2024-04-27T00:14:59.034+0000] {logging_mixin.py:188} INFO - [2024-04-27T00:14:59.034+0000] {dagbag.py:540} INFO - Filling up the DagBag from /home/airflow/.local/lib/python3.12/site-packages/airflow/example_dags/example_branch_python_dop_operator_3.py
[2024-04-27T00:14:59.043+0000] {processor.py:840} INFO - DAG(s) 'example_branch_dop_operator_v3' retrieved from /home/airflow/.local/lib/python3.12/site-packages/airflow/example_dags/example_branch_python_dop_operator_3.py
[2024-04-27T00:14:59.066+0000] {logging_mixin.py:188} INFO - [2024-04-27T00:14:59.066+0000] {dag.py:3096} INFO - Sync 1 DAGs
[2024-04-27T00:14:59.091+0000] {logging_mixin.py:188} INFO - [2024-04-27T00:14:59.091+0000] {dag.py:3954} INFO - Setting next_dagrun for example_branch_dop_operator_v3 to 2024-04-27 00:13:00+00:00, run_after=2024-04-27 00:14:00+00:00
[2024-04-27T00:14:59.114+0000] {processor.py:183} INFO - Processing /home/airflow/.local/lib/python3.12/site-packages/airflow/example_dags/example_branch_python_dop_operator_3.py took 0.089 seconds
[2024-04-27T00:15:29.610+0000] {processor.py:161} INFO - Started process (PID=12389) to work on /home/airflow/.local/lib/python3.12/site-packages/airflow/example_dags/example_branch_python_dop_operator_3.py
[2024-04-27T00:15:29.611+0000] {processor.py:830} INFO - Processing file /home/airflow/.local/lib/python3.12/site-packages/airflow/example_dags/example_branch_python_dop_operator_3.py for tasks to queue
[2024-04-27T00:15:29.612+0000] {logging_mixin.py:188} INFO - [2024-04-27T00:15:29.611+0000] {dagbag.py:540} INFO - Filling up the DagBag from /home/airflow/.local/lib/python3.12/site-packages/airflow/example_dags/example_branch_python_dop_operator_3.py
[2024-04-27T00:15:29.619+0000] {processor.py:840} INFO - DAG(s) 'example_branch_dop_operator_v3' retrieved from /home/airflow/.local/lib/python3.12/site-packages/airflow/example_dags/example_branch_python_dop_operator_3.py
[2024-04-27T00:15:29.638+0000] {logging_mixin.py:188} INFO - [2024-04-27T00:15:29.638+0000] {dag.py:3096} INFO - Sync 1 DAGs
[2024-04-27T00:15:29.663+0000] {logging_mixin.py:188} INFO - [2024-04-27T00:15:29.663+0000] {dag.py:3954} INFO - Setting next_dagrun for example_branch_dop_operator_v3 to 2024-04-27 00:14:00+00:00, run_after=2024-04-27 00:15:00+00:00
[2024-04-27T00:15:29.683+0000] {processor.py:183} INFO - Processing /home/airflow/.local/lib/python3.12/site-packages/airflow/example_dags/example_branch_python_dop_operator_3.py took 0.080 seconds
[2024-04-27T00:16:00.105+0000] {processor.py:161} INFO - Started process (PID=12449) to work on /home/airflow/.local/lib/python3.12/site-packages/airflow/example_dags/example_branch_python_dop_operator_3.py
[2024-04-27T00:16:00.106+0000] {processor.py:830} INFO - Processing file /home/airflow/.local/lib/python3.12/site-packages/airflow/example_dags/example_branch_python_dop_operator_3.py for tasks to queue
[2024-04-27T00:16:00.107+0000] {logging_mixin.py:188} INFO - [2024-04-27T00:16:00.107+0000] {dagbag.py:540} INFO - Filling up the DagBag from /home/airflow/.local/lib/python3.12/site-packages/airflow/example_dags/example_branch_python_dop_operator_3.py
[2024-04-27T00:16:00.115+0000] {processor.py:840} INFO - DAG(s) 'example_branch_dop_operator_v3' retrieved from /home/airflow/.local/lib/python3.12/site-packages/airflow/example_dags/example_branch_python_dop_operator_3.py
[2024-04-27T00:16:00.133+0000] {logging_mixin.py:188} INFO - [2024-04-27T00:16:00.133+0000] {dag.py:3096} INFO - Sync 1 DAGs
[2024-04-27T00:16:00.162+0000] {logging_mixin.py:188} INFO - [2024-04-27T00:16:00.162+0000] {dag.py:3954} INFO - Setting next_dagrun for example_branch_dop_operator_v3 to 2024-04-27 00:15:00+00:00, run_after=2024-04-27 00:16:00+00:00
[2024-04-27T00:16:00.182+0000] {processor.py:183} INFO - Processing /home/airflow/.local/lib/python3.12/site-packages/airflow/example_dags/example_branch_python_dop_operator_3.py took 0.082 seconds
[2024-04-27T00:16:30.581+0000] {processor.py:161} INFO - Started process (PID=12509) to work on /home/airflow/.local/lib/python3.12/site-packages/airflow/example_dags/example_branch_python_dop_operator_3.py
[2024-04-27T00:16:30.583+0000] {processor.py:830} INFO - Processing file /home/airflow/.local/lib/python3.12/site-packages/airflow/example_dags/example_branch_python_dop_operator_3.py for tasks to queue
[2024-04-27T00:16:30.585+0000] {logging_mixin.py:188} INFO - [2024-04-27T00:16:30.584+0000] {dagbag.py:540} INFO - Filling up the DagBag from /home/airflow/.local/lib/python3.12/site-packages/airflow/example_dags/example_branch_python_dop_operator_3.py
[2024-04-27T00:16:30.596+0000] {processor.py:840} INFO - DAG(s) 'example_branch_dop_operator_v3' retrieved from /home/airflow/.local/lib/python3.12/site-packages/airflow/example_dags/example_branch_python_dop_operator_3.py
[2024-04-27T00:16:30.648+0000] {logging_mixin.py:188} INFO - [2024-04-27T00:16:30.648+0000] {dag.py:3096} INFO - Sync 1 DAGs
[2024-04-27T00:16:30.691+0000] {logging_mixin.py:188} INFO - [2024-04-27T00:16:30.691+0000] {dag.py:3954} INFO - Setting next_dagrun for example_branch_dop_operator_v3 to 2024-04-27 00:15:00+00:00, run_after=2024-04-27 00:16:00+00:00
[2024-04-27T00:16:30.721+0000] {processor.py:183} INFO - Processing /home/airflow/.local/lib/python3.12/site-packages/airflow/example_dags/example_branch_python_dop_operator_3.py took 0.146 seconds
[2024-04-27T00:17:00.793+0000] {processor.py:161} INFO - Started process (PID=12569) to work on /home/airflow/.local/lib/python3.12/site-packages/airflow/example_dags/example_branch_python_dop_operator_3.py
[2024-04-27T00:17:00.794+0000] {processor.py:830} INFO - Processing file /home/airflow/.local/lib/python3.12/site-packages/airflow/example_dags/example_branch_python_dop_operator_3.py for tasks to queue
[2024-04-27T00:17:00.796+0000] {logging_mixin.py:188} INFO - [2024-04-27T00:17:00.795+0000] {dagbag.py:540} INFO - Filling up the DagBag from /home/airflow/.local/lib/python3.12/site-packages/airflow/example_dags/example_branch_python_dop_operator_3.py
[2024-04-27T00:17:00.805+0000] {processor.py:840} INFO - DAG(s) 'example_branch_dop_operator_v3' retrieved from /home/airflow/.local/lib/python3.12/site-packages/airflow/example_dags/example_branch_python_dop_operator_3.py
[2024-04-27T00:17:00.824+0000] {logging_mixin.py:188} INFO - [2024-04-27T00:17:00.824+0000] {dag.py:3096} INFO - Sync 1 DAGs
[2024-04-27T00:17:00.845+0000] {logging_mixin.py:188} INFO - [2024-04-27T00:17:00.844+0000] {dag.py:3954} INFO - Setting next_dagrun for example_branch_dop_operator_v3 to 2024-04-27 00:16:00+00:00, run_after=2024-04-27 00:17:00+00:00
[2024-04-27T00:17:00.860+0000] {processor.py:183} INFO - Processing /home/airflow/.local/lib/python3.12/site-packages/airflow/example_dags/example_branch_python_dop_operator_3.py took 0.073 seconds
[2024-04-27T00:17:31.017+0000] {processor.py:161} INFO - Started process (PID=12629) to work on /home/airflow/.local/lib/python3.12/site-packages/airflow/example_dags/example_branch_python_dop_operator_3.py
[2024-04-27T00:17:31.018+0000] {processor.py:830} INFO - Processing file /home/airflow/.local/lib/python3.12/site-packages/airflow/example_dags/example_branch_python_dop_operator_3.py for tasks to queue
[2024-04-27T00:17:31.019+0000] {logging_mixin.py:188} INFO - [2024-04-27T00:17:31.019+0000] {dagbag.py:540} INFO - Filling up the DagBag from /home/airflow/.local/lib/python3.12/site-packages/airflow/example_dags/example_branch_python_dop_operator_3.py
[2024-04-27T00:17:31.026+0000] {processor.py:840} INFO - DAG(s) 'example_branch_dop_operator_v3' retrieved from /home/airflow/.local/lib/python3.12/site-packages/airflow/example_dags/example_branch_python_dop_operator_3.py
[2024-04-27T00:17:31.043+0000] {logging_mixin.py:188} INFO - [2024-04-27T00:17:31.043+0000] {dag.py:3096} INFO - Sync 1 DAGs
[2024-04-27T00:17:31.063+0000] {logging_mixin.py:188} INFO - [2024-04-27T00:17:31.063+0000] {dag.py:3954} INFO - Setting next_dagrun for example_branch_dop_operator_v3 to 2024-04-27 00:16:00+00:00, run_after=2024-04-27 00:17:00+00:00
[2024-04-27T00:17:31.079+0000] {processor.py:183} INFO - Processing /home/airflow/.local/lib/python3.12/site-packages/airflow/example_dags/example_branch_python_dop_operator_3.py took 0.068 seconds
[2024-04-27T00:18:01.971+0000] {processor.py:161} INFO - Started process (PID=12689) to work on /home/airflow/.local/lib/python3.12/site-packages/airflow/example_dags/example_branch_python_dop_operator_3.py
[2024-04-27T00:18:01.972+0000] {processor.py:830} INFO - Processing file /home/airflow/.local/lib/python3.12/site-packages/airflow/example_dags/example_branch_python_dop_operator_3.py for tasks to queue
[2024-04-27T00:18:01.974+0000] {logging_mixin.py:188} INFO - [2024-04-27T00:18:01.973+0000] {dagbag.py:540} INFO - Filling up the DagBag from /home/airflow/.local/lib/python3.12/site-packages/airflow/example_dags/example_branch_python_dop_operator_3.py
[2024-04-27T00:18:01.983+0000] {processor.py:840} INFO - DAG(s) 'example_branch_dop_operator_v3' retrieved from /home/airflow/.local/lib/python3.12/site-packages/airflow/example_dags/example_branch_python_dop_operator_3.py
[2024-04-27T00:18:02.005+0000] {logging_mixin.py:188} INFO - [2024-04-27T00:18:02.005+0000] {dag.py:3096} INFO - Sync 1 DAGs
[2024-04-27T00:18:02.030+0000] {logging_mixin.py:188} INFO - [2024-04-27T00:18:02.029+0000] {dag.py:3954} INFO - Setting next_dagrun for example_branch_dop_operator_v3 to 2024-04-27 00:17:00+00:00, run_after=2024-04-27 00:18:00+00:00
[2024-04-27T00:18:02.047+0000] {processor.py:183} INFO - Processing /home/airflow/.local/lib/python3.12/site-packages/airflow/example_dags/example_branch_python_dop_operator_3.py took 0.081 seconds
[2024-04-27T00:18:32.329+0000] {processor.py:161} INFO - Started process (PID=12749) to work on /home/airflow/.local/lib/python3.12/site-packages/airflow/example_dags/example_branch_python_dop_operator_3.py
[2024-04-27T00:18:32.330+0000] {processor.py:830} INFO - Processing file /home/airflow/.local/lib/python3.12/site-packages/airflow/example_dags/example_branch_python_dop_operator_3.py for tasks to queue
[2024-04-27T00:18:32.331+0000] {logging_mixin.py:188} INFO - [2024-04-27T00:18:32.331+0000] {dagbag.py:540} INFO - Filling up the DagBag from /home/airflow/.local/lib/python3.12/site-packages/airflow/example_dags/example_branch_python_dop_operator_3.py
[2024-04-27T00:18:32.339+0000] {processor.py:840} INFO - DAG(s) 'example_branch_dop_operator_v3' retrieved from /home/airflow/.local/lib/python3.12/site-packages/airflow/example_dags/example_branch_python_dop_operator_3.py
[2024-04-27T00:18:32.359+0000] {logging_mixin.py:188} INFO - [2024-04-27T00:18:32.359+0000] {dag.py:3096} INFO - Sync 1 DAGs
[2024-04-27T00:18:32.382+0000] {logging_mixin.py:188} INFO - [2024-04-27T00:18:32.382+0000] {dag.py:3954} INFO - Setting next_dagrun for example_branch_dop_operator_v3 to 2024-04-27 00:17:00+00:00, run_after=2024-04-27 00:18:00+00:00
[2024-04-27T00:18:32.402+0000] {processor.py:183} INFO - Processing /home/airflow/.local/lib/python3.12/site-packages/airflow/example_dags/example_branch_python_dop_operator_3.py took 0.078 seconds
[2024-04-27T00:19:02.525+0000] {processor.py:161} INFO - Started process (PID=12809) to work on /home/airflow/.local/lib/python3.12/site-packages/airflow/example_dags/example_branch_python_dop_operator_3.py
[2024-04-27T00:19:02.526+0000] {processor.py:830} INFO - Processing file /home/airflow/.local/lib/python3.12/site-packages/airflow/example_dags/example_branch_python_dop_operator_3.py for tasks to queue
[2024-04-27T00:19:02.528+0000] {logging_mixin.py:188} INFO - [2024-04-27T00:19:02.527+0000] {dagbag.py:540} INFO - Filling up the DagBag from /home/airflow/.local/lib/python3.12/site-packages/airflow/example_dags/example_branch_python_dop_operator_3.py
[2024-04-27T00:19:02.536+0000] {processor.py:840} INFO - DAG(s) 'example_branch_dop_operator_v3' retrieved from /home/airflow/.local/lib/python3.12/site-packages/airflow/example_dags/example_branch_python_dop_operator_3.py
[2024-04-27T00:19:02.557+0000] {logging_mixin.py:188} INFO - [2024-04-27T00:19:02.557+0000] {dag.py:3096} INFO - Sync 1 DAGs
[2024-04-27T00:19:02.580+0000] {logging_mixin.py:188} INFO - [2024-04-27T00:19:02.580+0000] {dag.py:3954} INFO - Setting next_dagrun for example_branch_dop_operator_v3 to 2024-04-27 00:18:00+00:00, run_after=2024-04-27 00:19:00+00:00
[2024-04-27T00:19:02.600+0000] {processor.py:183} INFO - Processing /home/airflow/.local/lib/python3.12/site-packages/airflow/example_dags/example_branch_python_dop_operator_3.py took 0.080 seconds
[2024-04-27T00:19:33.228+0000] {processor.py:161} INFO - Started process (PID=12869) to work on /home/airflow/.local/lib/python3.12/site-packages/airflow/example_dags/example_branch_python_dop_operator_3.py
[2024-04-27T00:19:33.229+0000] {processor.py:830} INFO - Processing file /home/airflow/.local/lib/python3.12/site-packages/airflow/example_dags/example_branch_python_dop_operator_3.py for tasks to queue
[2024-04-27T00:19:33.231+0000] {logging_mixin.py:188} INFO - [2024-04-27T00:19:33.230+0000] {dagbag.py:540} INFO - Filling up the DagBag from /home/airflow/.local/lib/python3.12/site-packages/airflow/example_dags/example_branch_python_dop_operator_3.py
[2024-04-27T00:19:33.238+0000] {processor.py:840} INFO - DAG(s) 'example_branch_dop_operator_v3' retrieved from /home/airflow/.local/lib/python3.12/site-packages/airflow/example_dags/example_branch_python_dop_operator_3.py
[2024-04-27T00:19:33.258+0000] {logging_mixin.py:188} INFO - [2024-04-27T00:19:33.258+0000] {dag.py:3096} INFO - Sync 1 DAGs
[2024-04-27T00:19:33.281+0000] {logging_mixin.py:188} INFO - [2024-04-27T00:19:33.281+0000] {dag.py:3954} INFO - Setting next_dagrun for example_branch_dop_operator_v3 to 2024-04-27 00:18:00+00:00, run_after=2024-04-27 00:19:00+00:00
[2024-04-27T00:19:33.303+0000] {processor.py:183} INFO - Processing /home/airflow/.local/lib/python3.12/site-packages/airflow/example_dags/example_branch_python_dop_operator_3.py took 0.081 seconds
[2024-04-27T00:20:03.879+0000] {processor.py:161} INFO - Started process (PID=12929) to work on /home/airflow/.local/lib/python3.12/site-packages/airflow/example_dags/example_branch_python_dop_operator_3.py
[2024-04-27T00:20:03.881+0000] {processor.py:830} INFO - Processing file /home/airflow/.local/lib/python3.12/site-packages/airflow/example_dags/example_branch_python_dop_operator_3.py for tasks to queue
[2024-04-27T00:20:03.882+0000] {logging_mixin.py:188} INFO - [2024-04-27T00:20:03.882+0000] {dagbag.py:540} INFO - Filling up the DagBag from /home/airflow/.local/lib/python3.12/site-packages/airflow/example_dags/example_branch_python_dop_operator_3.py
[2024-04-27T00:20:03.889+0000] {processor.py:840} INFO - DAG(s) 'example_branch_dop_operator_v3' retrieved from /home/airflow/.local/lib/python3.12/site-packages/airflow/example_dags/example_branch_python_dop_operator_3.py
[2024-04-27T00:20:03.908+0000] {logging_mixin.py:188} INFO - [2024-04-27T00:20:03.908+0000] {dag.py:3096} INFO - Sync 1 DAGs
[2024-04-27T00:20:03.931+0000] {logging_mixin.py:188} INFO - [2024-04-27T00:20:03.931+0000] {dag.py:3954} INFO - Setting next_dagrun for example_branch_dop_operator_v3 to 2024-04-27 00:19:00+00:00, run_after=2024-04-27 00:20:00+00:00
[2024-04-27T00:20:03.950+0000] {processor.py:183} INFO - Processing /home/airflow/.local/lib/python3.12/site-packages/airflow/example_dags/example_branch_python_dop_operator_3.py took 0.078 seconds
[2024-04-27T00:20:34.407+0000] {processor.py:161} INFO - Started process (PID=12988) to work on /home/airflow/.local/lib/python3.12/site-packages/airflow/example_dags/example_branch_python_dop_operator_3.py
[2024-04-27T00:20:34.409+0000] {processor.py:830} INFO - Processing file /home/airflow/.local/lib/python3.12/site-packages/airflow/example_dags/example_branch_python_dop_operator_3.py for tasks to queue
[2024-04-27T00:20:34.410+0000] {logging_mixin.py:188} INFO - [2024-04-27T00:20:34.410+0000] {dagbag.py:540} INFO - Filling up the DagBag from /home/airflow/.local/lib/python3.12/site-packages/airflow/example_dags/example_branch_python_dop_operator_3.py
[2024-04-27T00:20:34.417+0000] {processor.py:840} INFO - DAG(s) 'example_branch_dop_operator_v3' retrieved from /home/airflow/.local/lib/python3.12/site-packages/airflow/example_dags/example_branch_python_dop_operator_3.py
[2024-04-27T00:20:34.437+0000] {logging_mixin.py:188} INFO - [2024-04-27T00:20:34.436+0000] {dag.py:3096} INFO - Sync 1 DAGs
[2024-04-27T00:20:34.460+0000] {logging_mixin.py:188} INFO - [2024-04-27T00:20:34.460+0000] {dag.py:3954} INFO - Setting next_dagrun for example_branch_dop_operator_v3 to 2024-04-27 00:19:00+00:00, run_after=2024-04-27 00:20:00+00:00
[2024-04-27T00:20:34.480+0000] {processor.py:183} INFO - Processing /home/airflow/.local/lib/python3.12/site-packages/airflow/example_dags/example_branch_python_dop_operator_3.py took 0.078 seconds
[2024-04-27T00:21:05.008+0000] {processor.py:161} INFO - Started process (PID=13048) to work on /home/airflow/.local/lib/python3.12/site-packages/airflow/example_dags/example_branch_python_dop_operator_3.py
[2024-04-27T00:21:05.009+0000] {processor.py:830} INFO - Processing file /home/airflow/.local/lib/python3.12/site-packages/airflow/example_dags/example_branch_python_dop_operator_3.py for tasks to queue
[2024-04-27T00:21:05.010+0000] {logging_mixin.py:188} INFO - [2024-04-27T00:21:05.010+0000] {dagbag.py:540} INFO - Filling up the DagBag from /home/airflow/.local/lib/python3.12/site-packages/airflow/example_dags/example_branch_python_dop_operator_3.py
[2024-04-27T00:21:05.019+0000] {processor.py:840} INFO - DAG(s) 'example_branch_dop_operator_v3' retrieved from /home/airflow/.local/lib/python3.12/site-packages/airflow/example_dags/example_branch_python_dop_operator_3.py
[2024-04-27T00:21:05.039+0000] {logging_mixin.py:188} INFO - [2024-04-27T00:21:05.039+0000] {dag.py:3096} INFO - Sync 1 DAGs
[2024-04-27T00:21:05.063+0000] {logging_mixin.py:188} INFO - [2024-04-27T00:21:05.062+0000] {dag.py:3954} INFO - Setting next_dagrun for example_branch_dop_operator_v3 to 2024-04-27 00:20:00+00:00, run_after=2024-04-27 00:21:00+00:00
[2024-04-27T00:21:05.087+0000] {processor.py:183} INFO - Processing /home/airflow/.local/lib/python3.12/site-packages/airflow/example_dags/example_branch_python_dop_operator_3.py took 0.085 seconds
[2024-04-27T00:21:35.237+0000] {processor.py:161} INFO - Started process (PID=13108) to work on /home/airflow/.local/lib/python3.12/site-packages/airflow/example_dags/example_branch_python_dop_operator_3.py
[2024-04-27T00:21:35.238+0000] {processor.py:830} INFO - Processing file /home/airflow/.local/lib/python3.12/site-packages/airflow/example_dags/example_branch_python_dop_operator_3.py for tasks to queue
[2024-04-27T00:21:35.239+0000] {logging_mixin.py:188} INFO - [2024-04-27T00:21:35.239+0000] {dagbag.py:540} INFO - Filling up the DagBag from /home/airflow/.local/lib/python3.12/site-packages/airflow/example_dags/example_branch_python_dop_operator_3.py
[2024-04-27T00:21:35.247+0000] {processor.py:840} INFO - DAG(s) 'example_branch_dop_operator_v3' retrieved from /home/airflow/.local/lib/python3.12/site-packages/airflow/example_dags/example_branch_python_dop_operator_3.py
[2024-04-27T00:21:35.266+0000] {logging_mixin.py:188} INFO - [2024-04-27T00:21:35.265+0000] {dag.py:3096} INFO - Sync 1 DAGs
[2024-04-27T00:21:35.289+0000] {logging_mixin.py:188} INFO - [2024-04-27T00:21:35.288+0000] {dag.py:3954} INFO - Setting next_dagrun for example_branch_dop_operator_v3 to 2024-04-27 00:20:00+00:00, run_after=2024-04-27 00:21:00+00:00
[2024-04-27T00:21:35.306+0000] {processor.py:183} INFO - Processing /home/airflow/.local/lib/python3.12/site-packages/airflow/example_dags/example_branch_python_dop_operator_3.py took 0.075 seconds
[2024-04-27T00:22:05.729+0000] {processor.py:161} INFO - Started process (PID=13168) to work on /home/airflow/.local/lib/python3.12/site-packages/airflow/example_dags/example_branch_python_dop_operator_3.py
[2024-04-27T00:22:05.730+0000] {processor.py:830} INFO - Processing file /home/airflow/.local/lib/python3.12/site-packages/airflow/example_dags/example_branch_python_dop_operator_3.py for tasks to queue
[2024-04-27T00:22:05.731+0000] {logging_mixin.py:188} INFO - [2024-04-27T00:22:05.731+0000] {dagbag.py:540} INFO - Filling up the DagBag from /home/airflow/.local/lib/python3.12/site-packages/airflow/example_dags/example_branch_python_dop_operator_3.py
[2024-04-27T00:22:05.738+0000] {processor.py:840} INFO - DAG(s) 'example_branch_dop_operator_v3' retrieved from /home/airflow/.local/lib/python3.12/site-packages/airflow/example_dags/example_branch_python_dop_operator_3.py
[2024-04-27T00:22:05.788+0000] {logging_mixin.py:188} INFO - [2024-04-27T00:22:05.787+0000] {dag.py:3096} INFO - Sync 1 DAGs
[2024-04-27T00:22:05.839+0000] {logging_mixin.py:188} INFO - [2024-04-27T00:22:05.839+0000] {dag.py:3954} INFO - Setting next_dagrun for example_branch_dop_operator_v3 to 2024-04-27 00:21:00+00:00, run_after=2024-04-27 00:22:00+00:00
[2024-04-27T00:22:05.886+0000] {processor.py:183} INFO - Processing /home/airflow/.local/lib/python3.12/site-packages/airflow/example_dags/example_branch_python_dop_operator_3.py took 0.162 seconds
[2024-04-27T00:22:36.330+0000] {processor.py:161} INFO - Started process (PID=13228) to work on /home/airflow/.local/lib/python3.12/site-packages/airflow/example_dags/example_branch_python_dop_operator_3.py
[2024-04-27T00:22:36.331+0000] {processor.py:830} INFO - Processing file /home/airflow/.local/lib/python3.12/site-packages/airflow/example_dags/example_branch_python_dop_operator_3.py for tasks to queue
[2024-04-27T00:22:36.332+0000] {logging_mixin.py:188} INFO - [2024-04-27T00:22:36.332+0000] {dagbag.py:540} INFO - Filling up the DagBag from /home/airflow/.local/lib/python3.12/site-packages/airflow/example_dags/example_branch_python_dop_operator_3.py
[2024-04-27T00:22:36.341+0000] {processor.py:840} INFO - DAG(s) 'example_branch_dop_operator_v3' retrieved from /home/airflow/.local/lib/python3.12/site-packages/airflow/example_dags/example_branch_python_dop_operator_3.py
[2024-04-27T00:22:36.365+0000] {logging_mixin.py:188} INFO - [2024-04-27T00:22:36.364+0000] {dag.py:3096} INFO - Sync 1 DAGs
[2024-04-27T00:22:36.391+0000] {logging_mixin.py:188} INFO - [2024-04-27T00:22:36.391+0000] {dag.py:3954} INFO - Setting next_dagrun for example_branch_dop_operator_v3 to 2024-04-27 00:21:00+00:00, run_after=2024-04-27 00:22:00+00:00
[2024-04-27T00:22:36.415+0000] {processor.py:183} INFO - Processing /home/airflow/.local/lib/python3.12/site-packages/airflow/example_dags/example_branch_python_dop_operator_3.py took 0.090 seconds
[2024-04-27T00:23:06.827+0000] {processor.py:161} INFO - Started process (PID=13286) to work on /home/airflow/.local/lib/python3.12/site-packages/airflow/example_dags/example_branch_python_dop_operator_3.py
[2024-04-27T00:23:06.828+0000] {processor.py:830} INFO - Processing file /home/airflow/.local/lib/python3.12/site-packages/airflow/example_dags/example_branch_python_dop_operator_3.py for tasks to queue
[2024-04-27T00:23:06.830+0000] {logging_mixin.py:188} INFO - [2024-04-27T00:23:06.829+0000] {dagbag.py:540} INFO - Filling up the DagBag from /home/airflow/.local/lib/python3.12/site-packages/airflow/example_dags/example_branch_python_dop_operator_3.py
[2024-04-27T00:23:06.837+0000] {processor.py:840} INFO - DAG(s) 'example_branch_dop_operator_v3' retrieved from /home/airflow/.local/lib/python3.12/site-packages/airflow/example_dags/example_branch_python_dop_operator_3.py
[2024-04-27T00:23:06.856+0000] {logging_mixin.py:188} INFO - [2024-04-27T00:23:06.856+0000] {dag.py:3096} INFO - Sync 1 DAGs
[2024-04-27T00:23:06.878+0000] {logging_mixin.py:188} INFO - [2024-04-27T00:23:06.878+0000] {dag.py:3954} INFO - Setting next_dagrun for example_branch_dop_operator_v3 to 2024-04-27 00:22:00+00:00, run_after=2024-04-27 00:23:00+00:00
[2024-04-27T00:23:06.898+0000] {processor.py:183} INFO - Processing /home/airflow/.local/lib/python3.12/site-packages/airflow/example_dags/example_branch_python_dop_operator_3.py took 0.076 seconds
[2024-04-27T00:23:37.552+0000] {processor.py:161} INFO - Started process (PID=13346) to work on /home/airflow/.local/lib/python3.12/site-packages/airflow/example_dags/example_branch_python_dop_operator_3.py
[2024-04-27T00:23:37.553+0000] {processor.py:830} INFO - Processing file /home/airflow/.local/lib/python3.12/site-packages/airflow/example_dags/example_branch_python_dop_operator_3.py for tasks to queue
[2024-04-27T00:23:37.554+0000] {logging_mixin.py:188} INFO - [2024-04-27T00:23:37.554+0000] {dagbag.py:540} INFO - Filling up the DagBag from /home/airflow/.local/lib/python3.12/site-packages/airflow/example_dags/example_branch_python_dop_operator_3.py
[2024-04-27T00:23:37.563+0000] {processor.py:840} INFO - DAG(s) 'example_branch_dop_operator_v3' retrieved from /home/airflow/.local/lib/python3.12/site-packages/airflow/example_dags/example_branch_python_dop_operator_3.py
[2024-04-27T00:23:37.582+0000] {logging_mixin.py:188} INFO - [2024-04-27T00:23:37.582+0000] {dag.py:3096} INFO - Sync 1 DAGs
[2024-04-27T00:23:37.605+0000] {logging_mixin.py:188} INFO - [2024-04-27T00:23:37.605+0000] {dag.py:3954} INFO - Setting next_dagrun for example_branch_dop_operator_v3 to 2024-04-27 00:22:00+00:00, run_after=2024-04-27 00:23:00+00:00
[2024-04-27T00:23:37.623+0000] {processor.py:183} INFO - Processing /home/airflow/.local/lib/python3.12/site-packages/airflow/example_dags/example_branch_python_dop_operator_3.py took 0.076 seconds
[2024-04-27T00:24:08.177+0000] {processor.py:161} INFO - Started process (PID=13407) to work on /home/airflow/.local/lib/python3.12/site-packages/airflow/example_dags/example_branch_python_dop_operator_3.py
[2024-04-27T00:24:08.178+0000] {processor.py:830} INFO - Processing file /home/airflow/.local/lib/python3.12/site-packages/airflow/example_dags/example_branch_python_dop_operator_3.py for tasks to queue
[2024-04-27T00:24:08.180+0000] {logging_mixin.py:188} INFO - [2024-04-27T00:24:08.179+0000] {dagbag.py:540} INFO - Filling up the DagBag from /home/airflow/.local/lib/python3.12/site-packages/airflow/example_dags/example_branch_python_dop_operator_3.py
[2024-04-27T00:24:08.188+0000] {processor.py:840} INFO - DAG(s) 'example_branch_dop_operator_v3' retrieved from /home/airflow/.local/lib/python3.12/site-packages/airflow/example_dags/example_branch_python_dop_operator_3.py
[2024-04-27T00:24:08.209+0000] {logging_mixin.py:188} INFO - [2024-04-27T00:24:08.209+0000] {dag.py:3096} INFO - Sync 1 DAGs
[2024-04-27T00:24:08.235+0000] {logging_mixin.py:188} INFO - [2024-04-27T00:24:08.234+0000] {dag.py:3954} INFO - Setting next_dagrun for example_branch_dop_operator_v3 to 2024-04-27 00:23:00+00:00, run_after=2024-04-27 00:24:00+00:00
[2024-04-27T00:24:08.258+0000] {processor.py:183} INFO - Processing /home/airflow/.local/lib/python3.12/site-packages/airflow/example_dags/example_branch_python_dop_operator_3.py took 0.087 seconds
[2024-04-27T00:24:38.539+0000] {processor.py:161} INFO - Started process (PID=13467) to work on /home/airflow/.local/lib/python3.12/site-packages/airflow/example_dags/example_branch_python_dop_operator_3.py
[2024-04-27T00:24:38.540+0000] {processor.py:830} INFO - Processing file /home/airflow/.local/lib/python3.12/site-packages/airflow/example_dags/example_branch_python_dop_operator_3.py for tasks to queue
[2024-04-27T00:24:38.541+0000] {logging_mixin.py:188} INFO - [2024-04-27T00:24:38.541+0000] {dagbag.py:540} INFO - Filling up the DagBag from /home/airflow/.local/lib/python3.12/site-packages/airflow/example_dags/example_branch_python_dop_operator_3.py
[2024-04-27T00:24:38.548+0000] {processor.py:840} INFO - DAG(s) 'example_branch_dop_operator_v3' retrieved from /home/airflow/.local/lib/python3.12/site-packages/airflow/example_dags/example_branch_python_dop_operator_3.py
[2024-04-27T00:24:38.568+0000] {logging_mixin.py:188} INFO - [2024-04-27T00:24:38.567+0000] {dag.py:3096} INFO - Sync 1 DAGs
[2024-04-27T00:24:38.591+0000] {logging_mixin.py:188} INFO - [2024-04-27T00:24:38.591+0000] {dag.py:3954} INFO - Setting next_dagrun for example_branch_dop_operator_v3 to 2024-04-27 00:23:00+00:00, run_after=2024-04-27 00:24:00+00:00
[2024-04-27T00:24:38.610+0000] {processor.py:183} INFO - Processing /home/airflow/.local/lib/python3.12/site-packages/airflow/example_dags/example_branch_python_dop_operator_3.py took 0.076 seconds
[2024-04-27T00:25:09.163+0000] {processor.py:161} INFO - Started process (PID=13527) to work on /home/airflow/.local/lib/python3.12/site-packages/airflow/example_dags/example_branch_python_dop_operator_3.py
[2024-04-27T00:25:09.164+0000] {processor.py:830} INFO - Processing file /home/airflow/.local/lib/python3.12/site-packages/airflow/example_dags/example_branch_python_dop_operator_3.py for tasks to queue
[2024-04-27T00:25:09.167+0000] {logging_mixin.py:188} INFO - [2024-04-27T00:25:09.166+0000] {dagbag.py:540} INFO - Filling up the DagBag from /home/airflow/.local/lib/python3.12/site-packages/airflow/example_dags/example_branch_python_dop_operator_3.py
[2024-04-27T00:25:09.176+0000] {processor.py:840} INFO - DAG(s) 'example_branch_dop_operator_v3' retrieved from /home/airflow/.local/lib/python3.12/site-packages/airflow/example_dags/example_branch_python_dop_operator_3.py
[2024-04-27T00:25:09.196+0000] {logging_mixin.py:188} INFO - [2024-04-27T00:25:09.196+0000] {dag.py:3096} INFO - Sync 1 DAGs
[2024-04-27T00:25:09.223+0000] {logging_mixin.py:188} INFO - [2024-04-27T00:25:09.222+0000] {dag.py:3954} INFO - Setting next_dagrun for example_branch_dop_operator_v3 to 2024-04-27 00:24:00+00:00, run_after=2024-04-27 00:25:00+00:00
[2024-04-27T00:25:09.243+0000] {processor.py:183} INFO - Processing /home/airflow/.local/lib/python3.12/site-packages/airflow/example_dags/example_branch_python_dop_operator_3.py took 0.086 seconds
