[2024-04-27T00:00:02.258+0000] {processor.py:161} INFO - Started process (PID=10551) to work on /home/airflow/.local/lib/python3.12/site-packages/airflow/example_dags/example_short_circuit_operator.py
[2024-04-27T00:00:02.259+0000] {processor.py:830} INFO - Processing file /home/airflow/.local/lib/python3.12/site-packages/airflow/example_dags/example_short_circuit_operator.py for tasks to queue
[2024-04-27T00:00:02.261+0000] {logging_mixin.py:188} INFO - [2024-04-27T00:00:02.261+0000] {dagbag.py:540} INFO - Filling up the DagBag from /home/airflow/.local/lib/python3.12/site-packages/airflow/example_dags/example_short_circuit_operator.py
[2024-04-27T00:00:02.274+0000] {processor.py:840} INFO - DAG(s) 'example_short_circuit_operator' retrieved from /home/airflow/.local/lib/python3.12/site-packages/airflow/example_dags/example_short_circuit_operator.py
[2024-04-27T00:00:02.306+0000] {logging_mixin.py:188} INFO - [2024-04-27T00:00:02.305+0000] {dag.py:3096} INFO - Sync 1 DAGs
[2024-04-27T00:00:02.335+0000] {logging_mixin.py:188} INFO - [2024-04-27T00:00:02.334+0000] {dag.py:3954} INFO - Setting next_dagrun for example_short_circuit_operator to 2024-04-26 00:00:00+00:00, run_after=2024-04-27 00:00:00+00:00
[2024-04-27T00:00:02.360+0000] {processor.py:183} INFO - Processing /home/airflow/.local/lib/python3.12/site-packages/airflow/example_dags/example_short_circuit_operator.py took 0.108 seconds
[2024-04-27T00:00:33.337+0000] {processor.py:161} INFO - Started process (PID=10611) to work on /home/airflow/.local/lib/python3.12/site-packages/airflow/example_dags/example_short_circuit_operator.py
[2024-04-27T00:00:33.339+0000] {processor.py:830} INFO - Processing file /home/airflow/.local/lib/python3.12/site-packages/airflow/example_dags/example_short_circuit_operator.py for tasks to queue
[2024-04-27T00:00:33.341+0000] {logging_mixin.py:188} INFO - [2024-04-27T00:00:33.340+0000] {dagbag.py:540} INFO - Filling up the DagBag from /home/airflow/.local/lib/python3.12/site-packages/airflow/example_dags/example_short_circuit_operator.py
[2024-04-27T00:00:33.349+0000] {processor.py:840} INFO - DAG(s) 'example_short_circuit_operator' retrieved from /home/airflow/.local/lib/python3.12/site-packages/airflow/example_dags/example_short_circuit_operator.py
[2024-04-27T00:00:33.383+0000] {logging_mixin.py:188} INFO - [2024-04-27T00:00:33.382+0000] {dag.py:3096} INFO - Sync 1 DAGs
[2024-04-27T00:00:33.415+0000] {logging_mixin.py:188} INFO - [2024-04-27T00:00:33.414+0000] {dag.py:3954} INFO - Setting next_dagrun for example_short_circuit_operator to 2024-04-26 00:00:00+00:00, run_after=2024-04-27 00:00:00+00:00
[2024-04-27T00:00:33.446+0000] {processor.py:183} INFO - Processing /home/airflow/.local/lib/python3.12/site-packages/airflow/example_dags/example_short_circuit_operator.py took 0.121 seconds
[2024-04-27T00:01:03.583+0000] {processor.py:161} INFO - Started process (PID=10671) to work on /home/airflow/.local/lib/python3.12/site-packages/airflow/example_dags/example_short_circuit_operator.py
[2024-04-27T00:01:03.585+0000] {processor.py:830} INFO - Processing file /home/airflow/.local/lib/python3.12/site-packages/airflow/example_dags/example_short_circuit_operator.py for tasks to queue
[2024-04-27T00:01:03.587+0000] {logging_mixin.py:188} INFO - [2024-04-27T00:01:03.586+0000] {dagbag.py:540} INFO - Filling up the DagBag from /home/airflow/.local/lib/python3.12/site-packages/airflow/example_dags/example_short_circuit_operator.py
[2024-04-27T00:01:03.596+0000] {processor.py:840} INFO - DAG(s) 'example_short_circuit_operator' retrieved from /home/airflow/.local/lib/python3.12/site-packages/airflow/example_dags/example_short_circuit_operator.py
[2024-04-27T00:01:03.619+0000] {logging_mixin.py:188} INFO - [2024-04-27T00:01:03.619+0000] {dag.py:3096} INFO - Sync 1 DAGs
[2024-04-27T00:01:03.640+0000] {logging_mixin.py:188} INFO - [2024-04-27T00:01:03.640+0000] {dag.py:3954} INFO - Setting next_dagrun for example_short_circuit_operator to 2024-04-26 00:00:00+00:00, run_after=2024-04-27 00:00:00+00:00
[2024-04-27T00:01:03.664+0000] {processor.py:183} INFO - Processing /home/airflow/.local/lib/python3.12/site-packages/airflow/example_dags/example_short_circuit_operator.py took 0.086 seconds
[2024-04-27T00:01:34.251+0000] {processor.py:161} INFO - Started process (PID=10732) to work on /home/airflow/.local/lib/python3.12/site-packages/airflow/example_dags/example_short_circuit_operator.py
[2024-04-27T00:01:34.252+0000] {processor.py:830} INFO - Processing file /home/airflow/.local/lib/python3.12/site-packages/airflow/example_dags/example_short_circuit_operator.py for tasks to queue
[2024-04-27T00:01:34.255+0000] {logging_mixin.py:188} INFO - [2024-04-27T00:01:34.255+0000] {dagbag.py:540} INFO - Filling up the DagBag from /home/airflow/.local/lib/python3.12/site-packages/airflow/example_dags/example_short_circuit_operator.py
[2024-04-27T00:01:34.262+0000] {processor.py:840} INFO - DAG(s) 'example_short_circuit_operator' retrieved from /home/airflow/.local/lib/python3.12/site-packages/airflow/example_dags/example_short_circuit_operator.py
[2024-04-27T00:01:34.283+0000] {logging_mixin.py:188} INFO - [2024-04-27T00:01:34.282+0000] {dag.py:3096} INFO - Sync 1 DAGs
[2024-04-27T00:01:34.304+0000] {logging_mixin.py:188} INFO - [2024-04-27T00:01:34.304+0000] {dag.py:3954} INFO - Setting next_dagrun for example_short_circuit_operator to 2024-04-26 00:00:00+00:00, run_after=2024-04-27 00:00:00+00:00
[2024-04-27T00:01:34.322+0000] {processor.py:183} INFO - Processing /home/airflow/.local/lib/python3.12/site-packages/airflow/example_dags/example_short_circuit_operator.py took 0.076 seconds
[2024-04-27T00:02:05.016+0000] {processor.py:161} INFO - Started process (PID=10793) to work on /home/airflow/.local/lib/python3.12/site-packages/airflow/example_dags/example_short_circuit_operator.py
[2024-04-27T00:02:05.019+0000] {processor.py:830} INFO - Processing file /home/airflow/.local/lib/python3.12/site-packages/airflow/example_dags/example_short_circuit_operator.py for tasks to queue
[2024-04-27T00:02:05.022+0000] {logging_mixin.py:188} INFO - [2024-04-27T00:02:05.022+0000] {dagbag.py:540} INFO - Filling up the DagBag from /home/airflow/.local/lib/python3.12/site-packages/airflow/example_dags/example_short_circuit_operator.py
[2024-04-27T00:02:05.029+0000] {processor.py:840} INFO - DAG(s) 'example_short_circuit_operator' retrieved from /home/airflow/.local/lib/python3.12/site-packages/airflow/example_dags/example_short_circuit_operator.py
[2024-04-27T00:02:05.058+0000] {logging_mixin.py:188} INFO - [2024-04-27T00:02:05.058+0000] {dag.py:3096} INFO - Sync 1 DAGs
[2024-04-27T00:02:05.081+0000] {logging_mixin.py:188} INFO - [2024-04-27T00:02:05.081+0000] {dag.py:3954} INFO - Setting next_dagrun for example_short_circuit_operator to 2024-04-26 00:00:00+00:00, run_after=2024-04-27 00:00:00+00:00
[2024-04-27T00:02:05.103+0000] {processor.py:183} INFO - Processing /home/airflow/.local/lib/python3.12/site-packages/airflow/example_dags/example_short_circuit_operator.py took 0.093 seconds
[2024-04-27T00:02:35.388+0000] {processor.py:161} INFO - Started process (PID=10854) to work on /home/airflow/.local/lib/python3.12/site-packages/airflow/example_dags/example_short_circuit_operator.py
[2024-04-27T00:02:35.389+0000] {processor.py:830} INFO - Processing file /home/airflow/.local/lib/python3.12/site-packages/airflow/example_dags/example_short_circuit_operator.py for tasks to queue
[2024-04-27T00:02:35.392+0000] {logging_mixin.py:188} INFO - [2024-04-27T00:02:35.391+0000] {dagbag.py:540} INFO - Filling up the DagBag from /home/airflow/.local/lib/python3.12/site-packages/airflow/example_dags/example_short_circuit_operator.py
[2024-04-27T00:02:35.402+0000] {processor.py:840} INFO - DAG(s) 'example_short_circuit_operator' retrieved from /home/airflow/.local/lib/python3.12/site-packages/airflow/example_dags/example_short_circuit_operator.py
[2024-04-27T00:02:35.425+0000] {logging_mixin.py:188} INFO - [2024-04-27T00:02:35.424+0000] {dag.py:3096} INFO - Sync 1 DAGs
[2024-04-27T00:02:35.459+0000] {logging_mixin.py:188} INFO - [2024-04-27T00:02:35.459+0000] {dag.py:3954} INFO - Setting next_dagrun for example_short_circuit_operator to 2024-04-26 00:00:00+00:00, run_after=2024-04-27 00:00:00+00:00
[2024-04-27T00:02:35.482+0000] {processor.py:183} INFO - Processing /home/airflow/.local/lib/python3.12/site-packages/airflow/example_dags/example_short_circuit_operator.py took 0.099 seconds
[2024-04-27T00:03:05.677+0000] {processor.py:161} INFO - Started process (PID=10915) to work on /home/airflow/.local/lib/python3.12/site-packages/airflow/example_dags/example_short_circuit_operator.py
[2024-04-27T00:03:05.678+0000] {processor.py:830} INFO - Processing file /home/airflow/.local/lib/python3.12/site-packages/airflow/example_dags/example_short_circuit_operator.py for tasks to queue
[2024-04-27T00:03:05.680+0000] {logging_mixin.py:188} INFO - [2024-04-27T00:03:05.680+0000] {dagbag.py:540} INFO - Filling up the DagBag from /home/airflow/.local/lib/python3.12/site-packages/airflow/example_dags/example_short_circuit_operator.py
[2024-04-27T00:03:05.686+0000] {processor.py:840} INFO - DAG(s) 'example_short_circuit_operator' retrieved from /home/airflow/.local/lib/python3.12/site-packages/airflow/example_dags/example_short_circuit_operator.py
[2024-04-27T00:03:05.706+0000] {logging_mixin.py:188} INFO - [2024-04-27T00:03:05.706+0000] {dag.py:3096} INFO - Sync 1 DAGs
[2024-04-27T00:03:05.853+0000] {logging_mixin.py:188} INFO - [2024-04-27T00:03:05.853+0000] {dag.py:3954} INFO - Setting next_dagrun for example_short_circuit_operator to 2024-04-26 00:00:00+00:00, run_after=2024-04-27 00:00:00+00:00
[2024-04-27T00:03:05.868+0000] {processor.py:183} INFO - Processing /home/airflow/.local/lib/python3.12/site-packages/airflow/example_dags/example_short_circuit_operator.py took 0.197 seconds
[2024-04-27T00:03:36.111+0000] {processor.py:161} INFO - Started process (PID=10976) to work on /home/airflow/.local/lib/python3.12/site-packages/airflow/example_dags/example_short_circuit_operator.py
[2024-04-27T00:03:36.112+0000] {processor.py:830} INFO - Processing file /home/airflow/.local/lib/python3.12/site-packages/airflow/example_dags/example_short_circuit_operator.py for tasks to queue
[2024-04-27T00:03:36.114+0000] {logging_mixin.py:188} INFO - [2024-04-27T00:03:36.114+0000] {dagbag.py:540} INFO - Filling up the DagBag from /home/airflow/.local/lib/python3.12/site-packages/airflow/example_dags/example_short_circuit_operator.py
[2024-04-27T00:03:36.121+0000] {processor.py:840} INFO - DAG(s) 'example_short_circuit_operator' retrieved from /home/airflow/.local/lib/python3.12/site-packages/airflow/example_dags/example_short_circuit_operator.py
[2024-04-27T00:03:36.141+0000] {logging_mixin.py:188} INFO - [2024-04-27T00:03:36.141+0000] {dag.py:3096} INFO - Sync 1 DAGs
[2024-04-27T00:03:36.301+0000] {logging_mixin.py:188} INFO - [2024-04-27T00:03:36.300+0000] {dag.py:3954} INFO - Setting next_dagrun for example_short_circuit_operator to 2024-04-26 00:00:00+00:00, run_after=2024-04-27 00:00:00+00:00
[2024-04-27T00:03:36.317+0000] {processor.py:183} INFO - Processing /home/airflow/.local/lib/python3.12/site-packages/airflow/example_dags/example_short_circuit_operator.py took 0.212 seconds
[2024-04-27T00:04:06.568+0000] {processor.py:161} INFO - Started process (PID=11036) to work on /home/airflow/.local/lib/python3.12/site-packages/airflow/example_dags/example_short_circuit_operator.py
[2024-04-27T00:04:06.569+0000] {processor.py:830} INFO - Processing file /home/airflow/.local/lib/python3.12/site-packages/airflow/example_dags/example_short_circuit_operator.py for tasks to queue
[2024-04-27T00:04:06.572+0000] {logging_mixin.py:188} INFO - [2024-04-27T00:04:06.571+0000] {dagbag.py:540} INFO - Filling up the DagBag from /home/airflow/.local/lib/python3.12/site-packages/airflow/example_dags/example_short_circuit_operator.py
[2024-04-27T00:04:06.578+0000] {processor.py:840} INFO - DAG(s) 'example_short_circuit_operator' retrieved from /home/airflow/.local/lib/python3.12/site-packages/airflow/example_dags/example_short_circuit_operator.py
[2024-04-27T00:04:06.607+0000] {logging_mixin.py:188} INFO - [2024-04-27T00:04:06.606+0000] {dag.py:3096} INFO - Sync 1 DAGs
[2024-04-27T00:04:06.627+0000] {logging_mixin.py:188} INFO - [2024-04-27T00:04:06.627+0000] {dag.py:3954} INFO - Setting next_dagrun for example_short_circuit_operator to 2024-04-26 00:00:00+00:00, run_after=2024-04-27 00:00:00+00:00
[2024-04-27T00:04:06.822+0000] {processor.py:183} INFO - Processing /home/airflow/.local/lib/python3.12/site-packages/airflow/example_dags/example_short_circuit_operator.py took 0.263 seconds
[2024-04-27T00:04:36.961+0000] {processor.py:161} INFO - Started process (PID=11096) to work on /home/airflow/.local/lib/python3.12/site-packages/airflow/example_dags/example_short_circuit_operator.py
[2024-04-27T00:04:36.963+0000] {processor.py:830} INFO - Processing file /home/airflow/.local/lib/python3.12/site-packages/airflow/example_dags/example_short_circuit_operator.py for tasks to queue
[2024-04-27T00:04:36.965+0000] {logging_mixin.py:188} INFO - [2024-04-27T00:04:36.965+0000] {dagbag.py:540} INFO - Filling up the DagBag from /home/airflow/.local/lib/python3.12/site-packages/airflow/example_dags/example_short_circuit_operator.py
[2024-04-27T00:04:36.972+0000] {processor.py:840} INFO - DAG(s) 'example_short_circuit_operator' retrieved from /home/airflow/.local/lib/python3.12/site-packages/airflow/example_dags/example_short_circuit_operator.py
[2024-04-27T00:04:37.001+0000] {logging_mixin.py:188} INFO - [2024-04-27T00:04:37.000+0000] {dag.py:3096} INFO - Sync 1 DAGs
[2024-04-27T00:04:37.026+0000] {logging_mixin.py:188} INFO - [2024-04-27T00:04:37.026+0000] {dag.py:3954} INFO - Setting next_dagrun for example_short_circuit_operator to 2024-04-26 00:00:00+00:00, run_after=2024-04-27 00:00:00+00:00
[2024-04-27T00:04:37.050+0000] {processor.py:183} INFO - Processing /home/airflow/.local/lib/python3.12/site-packages/airflow/example_dags/example_short_circuit_operator.py took 0.094 seconds
[2024-04-27T00:05:07.497+0000] {processor.py:161} INFO - Started process (PID=11156) to work on /home/airflow/.local/lib/python3.12/site-packages/airflow/example_dags/example_short_circuit_operator.py
[2024-04-27T00:05:07.499+0000] {processor.py:830} INFO - Processing file /home/airflow/.local/lib/python3.12/site-packages/airflow/example_dags/example_short_circuit_operator.py for tasks to queue
[2024-04-27T00:05:07.501+0000] {logging_mixin.py:188} INFO - [2024-04-27T00:05:07.500+0000] {dagbag.py:540} INFO - Filling up the DagBag from /home/airflow/.local/lib/python3.12/site-packages/airflow/example_dags/example_short_circuit_operator.py
[2024-04-27T00:05:07.512+0000] {processor.py:840} INFO - DAG(s) 'example_short_circuit_operator' retrieved from /home/airflow/.local/lib/python3.12/site-packages/airflow/example_dags/example_short_circuit_operator.py
[2024-04-27T00:05:07.548+0000] {logging_mixin.py:188} INFO - [2024-04-27T00:05:07.548+0000] {dag.py:3096} INFO - Sync 1 DAGs
[2024-04-27T00:05:07.581+0000] {logging_mixin.py:188} INFO - [2024-04-27T00:05:07.580+0000] {dag.py:3954} INFO - Setting next_dagrun for example_short_circuit_operator to 2024-04-26 00:00:00+00:00, run_after=2024-04-27 00:00:00+00:00
[2024-04-27T00:05:07.610+0000] {processor.py:183} INFO - Processing /home/airflow/.local/lib/python3.12/site-packages/airflow/example_dags/example_short_circuit_operator.py took 0.121 seconds
[2024-04-27T00:05:38.293+0000] {processor.py:161} INFO - Started process (PID=11216) to work on /home/airflow/.local/lib/python3.12/site-packages/airflow/example_dags/example_short_circuit_operator.py
[2024-04-27T00:05:38.296+0000] {processor.py:830} INFO - Processing file /home/airflow/.local/lib/python3.12/site-packages/airflow/example_dags/example_short_circuit_operator.py for tasks to queue
[2024-04-27T00:05:38.297+0000] {logging_mixin.py:188} INFO - [2024-04-27T00:05:38.297+0000] {dagbag.py:540} INFO - Filling up the DagBag from /home/airflow/.local/lib/python3.12/site-packages/airflow/example_dags/example_short_circuit_operator.py
[2024-04-27T00:05:38.304+0000] {processor.py:840} INFO - DAG(s) 'example_short_circuit_operator' retrieved from /home/airflow/.local/lib/python3.12/site-packages/airflow/example_dags/example_short_circuit_operator.py
[2024-04-27T00:05:38.325+0000] {logging_mixin.py:188} INFO - [2024-04-27T00:05:38.325+0000] {dag.py:3096} INFO - Sync 1 DAGs
[2024-04-27T00:05:38.346+0000] {logging_mixin.py:188} INFO - [2024-04-27T00:05:38.346+0000] {dag.py:3954} INFO - Setting next_dagrun for example_short_circuit_operator to 2024-04-26 00:00:00+00:00, run_after=2024-04-27 00:00:00+00:00
[2024-04-27T00:05:38.367+0000] {processor.py:183} INFO - Processing /home/airflow/.local/lib/python3.12/site-packages/airflow/example_dags/example_short_circuit_operator.py took 0.079 seconds
[2024-04-27T00:06:09.020+0000] {processor.py:161} INFO - Started process (PID=11276) to work on /home/airflow/.local/lib/python3.12/site-packages/airflow/example_dags/example_short_circuit_operator.py
[2024-04-27T00:06:09.022+0000] {processor.py:830} INFO - Processing file /home/airflow/.local/lib/python3.12/site-packages/airflow/example_dags/example_short_circuit_operator.py for tasks to queue
[2024-04-27T00:06:09.023+0000] {logging_mixin.py:188} INFO - [2024-04-27T00:06:09.023+0000] {dagbag.py:540} INFO - Filling up the DagBag from /home/airflow/.local/lib/python3.12/site-packages/airflow/example_dags/example_short_circuit_operator.py
[2024-04-27T00:06:09.031+0000] {processor.py:840} INFO - DAG(s) 'example_short_circuit_operator' retrieved from /home/airflow/.local/lib/python3.12/site-packages/airflow/example_dags/example_short_circuit_operator.py
[2024-04-27T00:06:09.058+0000] {logging_mixin.py:188} INFO - [2024-04-27T00:06:09.058+0000] {dag.py:3096} INFO - Sync 1 DAGs
[2024-04-27T00:06:09.082+0000] {logging_mixin.py:188} INFO - [2024-04-27T00:06:09.082+0000] {dag.py:3954} INFO - Setting next_dagrun for example_short_circuit_operator to 2024-04-26 00:00:00+00:00, run_after=2024-04-27 00:00:00+00:00
[2024-04-27T00:06:09.100+0000] {processor.py:183} INFO - Processing /home/airflow/.local/lib/python3.12/site-packages/airflow/example_dags/example_short_circuit_operator.py took 0.085 seconds
[2024-04-27T00:06:39.733+0000] {processor.py:161} INFO - Started process (PID=11336) to work on /home/airflow/.local/lib/python3.12/site-packages/airflow/example_dags/example_short_circuit_operator.py
[2024-04-27T00:06:39.735+0000] {processor.py:830} INFO - Processing file /home/airflow/.local/lib/python3.12/site-packages/airflow/example_dags/example_short_circuit_operator.py for tasks to queue
[2024-04-27T00:06:39.736+0000] {logging_mixin.py:188} INFO - [2024-04-27T00:06:39.735+0000] {dagbag.py:540} INFO - Filling up the DagBag from /home/airflow/.local/lib/python3.12/site-packages/airflow/example_dags/example_short_circuit_operator.py
[2024-04-27T00:06:39.742+0000] {processor.py:840} INFO - DAG(s) 'example_short_circuit_operator' retrieved from /home/airflow/.local/lib/python3.12/site-packages/airflow/example_dags/example_short_circuit_operator.py
[2024-04-27T00:06:39.763+0000] {logging_mixin.py:188} INFO - [2024-04-27T00:06:39.763+0000] {dag.py:3096} INFO - Sync 1 DAGs
[2024-04-27T00:06:39.780+0000] {logging_mixin.py:188} INFO - [2024-04-27T00:06:39.780+0000] {dag.py:3954} INFO - Setting next_dagrun for example_short_circuit_operator to 2024-04-26 00:00:00+00:00, run_after=2024-04-27 00:00:00+00:00
[2024-04-27T00:06:39.798+0000] {processor.py:183} INFO - Processing /home/airflow/.local/lib/python3.12/site-packages/airflow/example_dags/example_short_circuit_operator.py took 0.069 seconds
[2024-04-27T00:07:10.562+0000] {processor.py:161} INFO - Started process (PID=11396) to work on /home/airflow/.local/lib/python3.12/site-packages/airflow/example_dags/example_short_circuit_operator.py
[2024-04-27T00:07:10.563+0000] {processor.py:830} INFO - Processing file /home/airflow/.local/lib/python3.12/site-packages/airflow/example_dags/example_short_circuit_operator.py for tasks to queue
[2024-04-27T00:07:10.564+0000] {logging_mixin.py:188} INFO - [2024-04-27T00:07:10.564+0000] {dagbag.py:540} INFO - Filling up the DagBag from /home/airflow/.local/lib/python3.12/site-packages/airflow/example_dags/example_short_circuit_operator.py
[2024-04-27T00:07:10.571+0000] {processor.py:840} INFO - DAG(s) 'example_short_circuit_operator' retrieved from /home/airflow/.local/lib/python3.12/site-packages/airflow/example_dags/example_short_circuit_operator.py
[2024-04-27T00:07:10.602+0000] {logging_mixin.py:188} INFO - [2024-04-27T00:07:10.602+0000] {dag.py:3096} INFO - Sync 1 DAGs
[2024-04-27T00:07:10.629+0000] {logging_mixin.py:188} INFO - [2024-04-27T00:07:10.628+0000] {dag.py:3954} INFO - Setting next_dagrun for example_short_circuit_operator to 2024-04-26 00:00:00+00:00, run_after=2024-04-27 00:00:00+00:00
[2024-04-27T00:07:10.651+0000] {processor.py:183} INFO - Processing /home/airflow/.local/lib/python3.12/site-packages/airflow/example_dags/example_short_circuit_operator.py took 0.093 seconds
[2024-04-27T00:07:40.958+0000] {processor.py:161} INFO - Started process (PID=11456) to work on /home/airflow/.local/lib/python3.12/site-packages/airflow/example_dags/example_short_circuit_operator.py
[2024-04-27T00:07:40.960+0000] {processor.py:830} INFO - Processing file /home/airflow/.local/lib/python3.12/site-packages/airflow/example_dags/example_short_circuit_operator.py for tasks to queue
[2024-04-27T00:07:40.961+0000] {logging_mixin.py:188} INFO - [2024-04-27T00:07:40.960+0000] {dagbag.py:540} INFO - Filling up the DagBag from /home/airflow/.local/lib/python3.12/site-packages/airflow/example_dags/example_short_circuit_operator.py
[2024-04-27T00:07:40.967+0000] {processor.py:840} INFO - DAG(s) 'example_short_circuit_operator' retrieved from /home/airflow/.local/lib/python3.12/site-packages/airflow/example_dags/example_short_circuit_operator.py
[2024-04-27T00:07:40.989+0000] {logging_mixin.py:188} INFO - [2024-04-27T00:07:40.989+0000] {dag.py:3096} INFO - Sync 1 DAGs
[2024-04-27T00:07:41.012+0000] {logging_mixin.py:188} INFO - [2024-04-27T00:07:41.011+0000] {dag.py:3954} INFO - Setting next_dagrun for example_short_circuit_operator to 2024-04-26 00:00:00+00:00, run_after=2024-04-27 00:00:00+00:00
[2024-04-27T00:07:41.033+0000] {processor.py:183} INFO - Processing /home/airflow/.local/lib/python3.12/site-packages/airflow/example_dags/example_short_circuit_operator.py took 0.080 seconds
[2024-04-27T00:08:11.801+0000] {processor.py:161} INFO - Started process (PID=11516) to work on /home/airflow/.local/lib/python3.12/site-packages/airflow/example_dags/example_short_circuit_operator.py
[2024-04-27T00:08:11.802+0000] {processor.py:830} INFO - Processing file /home/airflow/.local/lib/python3.12/site-packages/airflow/example_dags/example_short_circuit_operator.py for tasks to queue
[2024-04-27T00:08:11.802+0000] {logging_mixin.py:188} INFO - [2024-04-27T00:08:11.802+0000] {dagbag.py:540} INFO - Filling up the DagBag from /home/airflow/.local/lib/python3.12/site-packages/airflow/example_dags/example_short_circuit_operator.py
[2024-04-27T00:08:11.810+0000] {processor.py:840} INFO - DAG(s) 'example_short_circuit_operator' retrieved from /home/airflow/.local/lib/python3.12/site-packages/airflow/example_dags/example_short_circuit_operator.py
[2024-04-27T00:08:11.828+0000] {logging_mixin.py:188} INFO - [2024-04-27T00:08:11.828+0000] {dag.py:3096} INFO - Sync 1 DAGs
[2024-04-27T00:08:11.844+0000] {logging_mixin.py:188} INFO - [2024-04-27T00:08:11.844+0000] {dag.py:3954} INFO - Setting next_dagrun for example_short_circuit_operator to 2024-04-26 00:00:00+00:00, run_after=2024-04-27 00:00:00+00:00
[2024-04-27T00:08:11.858+0000] {processor.py:183} INFO - Processing /home/airflow/.local/lib/python3.12/site-packages/airflow/example_dags/example_short_circuit_operator.py took 0.062 seconds
[2024-04-27T00:08:42.236+0000] {processor.py:161} INFO - Started process (PID=11576) to work on /home/airflow/.local/lib/python3.12/site-packages/airflow/example_dags/example_short_circuit_operator.py
[2024-04-27T00:08:42.237+0000] {processor.py:830} INFO - Processing file /home/airflow/.local/lib/python3.12/site-packages/airflow/example_dags/example_short_circuit_operator.py for tasks to queue
[2024-04-27T00:08:42.238+0000] {logging_mixin.py:188} INFO - [2024-04-27T00:08:42.238+0000] {dagbag.py:540} INFO - Filling up the DagBag from /home/airflow/.local/lib/python3.12/site-packages/airflow/example_dags/example_short_circuit_operator.py
[2024-04-27T00:08:42.245+0000] {processor.py:840} INFO - DAG(s) 'example_short_circuit_operator' retrieved from /home/airflow/.local/lib/python3.12/site-packages/airflow/example_dags/example_short_circuit_operator.py
[2024-04-27T00:08:42.266+0000] {logging_mixin.py:188} INFO - [2024-04-27T00:08:42.266+0000] {dag.py:3096} INFO - Sync 1 DAGs
[2024-04-27T00:08:42.290+0000] {logging_mixin.py:188} INFO - [2024-04-27T00:08:42.290+0000] {dag.py:3954} INFO - Setting next_dagrun for example_short_circuit_operator to 2024-04-26 00:00:00+00:00, run_after=2024-04-27 00:00:00+00:00
[2024-04-27T00:08:42.314+0000] {processor.py:183} INFO - Processing /home/airflow/.local/lib/python3.12/site-packages/airflow/example_dags/example_short_circuit_operator.py took 0.084 seconds
[2024-04-27T00:09:12.722+0000] {processor.py:161} INFO - Started process (PID=11636) to work on /home/airflow/.local/lib/python3.12/site-packages/airflow/example_dags/example_short_circuit_operator.py
[2024-04-27T00:09:12.723+0000] {processor.py:830} INFO - Processing file /home/airflow/.local/lib/python3.12/site-packages/airflow/example_dags/example_short_circuit_operator.py for tasks to queue
[2024-04-27T00:09:12.725+0000] {logging_mixin.py:188} INFO - [2024-04-27T00:09:12.723+0000] {dagbag.py:540} INFO - Filling up the DagBag from /home/airflow/.local/lib/python3.12/site-packages/airflow/example_dags/example_short_circuit_operator.py
[2024-04-27T00:09:12.734+0000] {processor.py:840} INFO - DAG(s) 'example_short_circuit_operator' retrieved from /home/airflow/.local/lib/python3.12/site-packages/airflow/example_dags/example_short_circuit_operator.py
[2024-04-27T00:09:12.759+0000] {logging_mixin.py:188} INFO - [2024-04-27T00:09:12.759+0000] {dag.py:3096} INFO - Sync 1 DAGs
[2024-04-27T00:09:12.790+0000] {logging_mixin.py:188} INFO - [2024-04-27T00:09:12.790+0000] {dag.py:3954} INFO - Setting next_dagrun for example_short_circuit_operator to 2024-04-26 00:00:00+00:00, run_after=2024-04-27 00:00:00+00:00
[2024-04-27T00:09:12.817+0000] {processor.py:183} INFO - Processing /home/airflow/.local/lib/python3.12/site-packages/airflow/example_dags/example_short_circuit_operator.py took 0.100 seconds
[2024-04-27T00:09:43.579+0000] {processor.py:161} INFO - Started process (PID=11696) to work on /home/airflow/.local/lib/python3.12/site-packages/airflow/example_dags/example_short_circuit_operator.py
[2024-04-27T00:09:43.580+0000] {processor.py:830} INFO - Processing file /home/airflow/.local/lib/python3.12/site-packages/airflow/example_dags/example_short_circuit_operator.py for tasks to queue
[2024-04-27T00:09:43.581+0000] {logging_mixin.py:188} INFO - [2024-04-27T00:09:43.581+0000] {dagbag.py:540} INFO - Filling up the DagBag from /home/airflow/.local/lib/python3.12/site-packages/airflow/example_dags/example_short_circuit_operator.py
[2024-04-27T00:09:43.588+0000] {processor.py:840} INFO - DAG(s) 'example_short_circuit_operator' retrieved from /home/airflow/.local/lib/python3.12/site-packages/airflow/example_dags/example_short_circuit_operator.py
[2024-04-27T00:09:43.609+0000] {logging_mixin.py:188} INFO - [2024-04-27T00:09:43.609+0000] {dag.py:3096} INFO - Sync 1 DAGs
[2024-04-27T00:09:43.627+0000] {logging_mixin.py:188} INFO - [2024-04-27T00:09:43.626+0000] {dag.py:3954} INFO - Setting next_dagrun for example_short_circuit_operator to 2024-04-26 00:00:00+00:00, run_after=2024-04-27 00:00:00+00:00
[2024-04-27T00:09:43.642+0000] {processor.py:183} INFO - Processing /home/airflow/.local/lib/python3.12/site-packages/airflow/example_dags/example_short_circuit_operator.py took 0.068 seconds
[2024-04-27T00:10:14.067+0000] {processor.py:161} INFO - Started process (PID=11756) to work on /home/airflow/.local/lib/python3.12/site-packages/airflow/example_dags/example_short_circuit_operator.py
[2024-04-27T00:10:14.068+0000] {processor.py:830} INFO - Processing file /home/airflow/.local/lib/python3.12/site-packages/airflow/example_dags/example_short_circuit_operator.py for tasks to queue
[2024-04-27T00:10:14.069+0000] {logging_mixin.py:188} INFO - [2024-04-27T00:10:14.069+0000] {dagbag.py:540} INFO - Filling up the DagBag from /home/airflow/.local/lib/python3.12/site-packages/airflow/example_dags/example_short_circuit_operator.py
[2024-04-27T00:10:14.076+0000] {processor.py:840} INFO - DAG(s) 'example_short_circuit_operator' retrieved from /home/airflow/.local/lib/python3.12/site-packages/airflow/example_dags/example_short_circuit_operator.py
[2024-04-27T00:10:14.100+0000] {logging_mixin.py:188} INFO - [2024-04-27T00:10:14.100+0000] {dag.py:3096} INFO - Sync 1 DAGs
[2024-04-27T00:10:14.124+0000] {logging_mixin.py:188} INFO - [2024-04-27T00:10:14.124+0000] {dag.py:3954} INFO - Setting next_dagrun for example_short_circuit_operator to 2024-04-26 00:00:00+00:00, run_after=2024-04-27 00:00:00+00:00
[2024-04-27T00:10:14.150+0000] {processor.py:183} INFO - Processing /home/airflow/.local/lib/python3.12/site-packages/airflow/example_dags/example_short_circuit_operator.py took 0.089 seconds
[2024-04-27T00:10:44.973+0000] {processor.py:161} INFO - Started process (PID=11816) to work on /home/airflow/.local/lib/python3.12/site-packages/airflow/example_dags/example_short_circuit_operator.py
[2024-04-27T00:10:44.974+0000] {processor.py:830} INFO - Processing file /home/airflow/.local/lib/python3.12/site-packages/airflow/example_dags/example_short_circuit_operator.py for tasks to queue
[2024-04-27T00:10:44.975+0000] {logging_mixin.py:188} INFO - [2024-04-27T00:10:44.974+0000] {dagbag.py:540} INFO - Filling up the DagBag from /home/airflow/.local/lib/python3.12/site-packages/airflow/example_dags/example_short_circuit_operator.py
[2024-04-27T00:10:44.982+0000] {processor.py:840} INFO - DAG(s) 'example_short_circuit_operator' retrieved from /home/airflow/.local/lib/python3.12/site-packages/airflow/example_dags/example_short_circuit_operator.py
[2024-04-27T00:10:45.004+0000] {logging_mixin.py:188} INFO - [2024-04-27T00:10:45.003+0000] {dag.py:3096} INFO - Sync 1 DAGs
[2024-04-27T00:10:45.026+0000] {logging_mixin.py:188} INFO - [2024-04-27T00:10:45.026+0000] {dag.py:3954} INFO - Setting next_dagrun for example_short_circuit_operator to 2024-04-26 00:00:00+00:00, run_after=2024-04-27 00:00:00+00:00
[2024-04-27T00:10:45.049+0000] {processor.py:183} INFO - Processing /home/airflow/.local/lib/python3.12/site-packages/airflow/example_dags/example_short_circuit_operator.py took 0.081 seconds
[2024-04-27T00:11:15.489+0000] {processor.py:161} INFO - Started process (PID=11876) to work on /home/airflow/.local/lib/python3.12/site-packages/airflow/example_dags/example_short_circuit_operator.py
[2024-04-27T00:11:15.490+0000] {processor.py:830} INFO - Processing file /home/airflow/.local/lib/python3.12/site-packages/airflow/example_dags/example_short_circuit_operator.py for tasks to queue
[2024-04-27T00:11:15.491+0000] {logging_mixin.py:188} INFO - [2024-04-27T00:11:15.491+0000] {dagbag.py:540} INFO - Filling up the DagBag from /home/airflow/.local/lib/python3.12/site-packages/airflow/example_dags/example_short_circuit_operator.py
[2024-04-27T00:11:15.497+0000] {processor.py:840} INFO - DAG(s) 'example_short_circuit_operator' retrieved from /home/airflow/.local/lib/python3.12/site-packages/airflow/example_dags/example_short_circuit_operator.py
[2024-04-27T00:11:15.515+0000] {logging_mixin.py:188} INFO - [2024-04-27T00:11:15.514+0000] {dag.py:3096} INFO - Sync 1 DAGs
[2024-04-27T00:11:15.531+0000] {logging_mixin.py:188} INFO - [2024-04-27T00:11:15.531+0000] {dag.py:3954} INFO - Setting next_dagrun for example_short_circuit_operator to 2024-04-26 00:00:00+00:00, run_after=2024-04-27 00:00:00+00:00
[2024-04-27T00:11:15.549+0000] {processor.py:183} INFO - Processing /home/airflow/.local/lib/python3.12/site-packages/airflow/example_dags/example_short_circuit_operator.py took 0.065 seconds
[2024-04-27T00:11:46.587+0000] {processor.py:161} INFO - Started process (PID=11939) to work on /home/airflow/.local/lib/python3.12/site-packages/airflow/example_dags/example_short_circuit_operator.py
[2024-04-27T00:11:46.588+0000] {processor.py:830} INFO - Processing file /home/airflow/.local/lib/python3.12/site-packages/airflow/example_dags/example_short_circuit_operator.py for tasks to queue
[2024-04-27T00:11:46.589+0000] {logging_mixin.py:188} INFO - [2024-04-27T00:11:46.589+0000] {dagbag.py:540} INFO - Filling up the DagBag from /home/airflow/.local/lib/python3.12/site-packages/airflow/example_dags/example_short_circuit_operator.py
[2024-04-27T00:11:46.600+0000] {processor.py:840} INFO - DAG(s) 'example_short_circuit_operator' retrieved from /home/airflow/.local/lib/python3.12/site-packages/airflow/example_dags/example_short_circuit_operator.py
[2024-04-27T00:11:46.626+0000] {logging_mixin.py:188} INFO - [2024-04-27T00:11:46.626+0000] {dag.py:3096} INFO - Sync 1 DAGs
[2024-04-27T00:11:46.651+0000] {logging_mixin.py:188} INFO - [2024-04-27T00:11:46.651+0000] {dag.py:3954} INFO - Setting next_dagrun for example_short_circuit_operator to 2024-04-26 00:00:00+00:00, run_after=2024-04-27 00:00:00+00:00
[2024-04-27T00:11:46.674+0000] {processor.py:183} INFO - Processing /home/airflow/.local/lib/python3.12/site-packages/airflow/example_dags/example_short_circuit_operator.py took 0.094 seconds
[2024-04-27T00:12:17.448+0000] {processor.py:161} INFO - Started process (PID=11999) to work on /home/airflow/.local/lib/python3.12/site-packages/airflow/example_dags/example_short_circuit_operator.py
[2024-04-27T00:12:17.449+0000] {processor.py:830} INFO - Processing file /home/airflow/.local/lib/python3.12/site-packages/airflow/example_dags/example_short_circuit_operator.py for tasks to queue
[2024-04-27T00:12:17.451+0000] {logging_mixin.py:188} INFO - [2024-04-27T00:12:17.450+0000] {dagbag.py:540} INFO - Filling up the DagBag from /home/airflow/.local/lib/python3.12/site-packages/airflow/example_dags/example_short_circuit_operator.py
[2024-04-27T00:12:17.458+0000] {processor.py:840} INFO - DAG(s) 'example_short_circuit_operator' retrieved from /home/airflow/.local/lib/python3.12/site-packages/airflow/example_dags/example_short_circuit_operator.py
[2024-04-27T00:12:17.489+0000] {logging_mixin.py:188} INFO - [2024-04-27T00:12:17.489+0000] {dag.py:3096} INFO - Sync 1 DAGs
[2024-04-27T00:12:17.559+0000] {logging_mixin.py:188} INFO - [2024-04-27T00:12:17.558+0000] {dag.py:3954} INFO - Setting next_dagrun for example_short_circuit_operator to 2024-04-26 00:00:00+00:00, run_after=2024-04-27 00:00:00+00:00
[2024-04-27T00:12:17.592+0000] {processor.py:183} INFO - Processing /home/airflow/.local/lib/python3.12/site-packages/airflow/example_dags/example_short_circuit_operator.py took 0.149 seconds
[2024-04-27T00:12:47.817+0000] {processor.py:161} INFO - Started process (PID=12059) to work on /home/airflow/.local/lib/python3.12/site-packages/airflow/example_dags/example_short_circuit_operator.py
[2024-04-27T00:12:47.818+0000] {processor.py:830} INFO - Processing file /home/airflow/.local/lib/python3.12/site-packages/airflow/example_dags/example_short_circuit_operator.py for tasks to queue
[2024-04-27T00:12:47.819+0000] {logging_mixin.py:188} INFO - [2024-04-27T00:12:47.819+0000] {dagbag.py:540} INFO - Filling up the DagBag from /home/airflow/.local/lib/python3.12/site-packages/airflow/example_dags/example_short_circuit_operator.py
[2024-04-27T00:12:47.826+0000] {processor.py:840} INFO - DAG(s) 'example_short_circuit_operator' retrieved from /home/airflow/.local/lib/python3.12/site-packages/airflow/example_dags/example_short_circuit_operator.py
[2024-04-27T00:12:47.852+0000] {logging_mixin.py:188} INFO - [2024-04-27T00:12:47.852+0000] {dag.py:3096} INFO - Sync 1 DAGs
[2024-04-27T00:12:47.872+0000] {logging_mixin.py:188} INFO - [2024-04-27T00:12:47.872+0000] {dag.py:3954} INFO - Setting next_dagrun for example_short_circuit_operator to 2024-04-26 00:00:00+00:00, run_after=2024-04-27 00:00:00+00:00
[2024-04-27T00:12:47.892+0000] {processor.py:183} INFO - Processing /home/airflow/.local/lib/python3.12/site-packages/airflow/example_dags/example_short_circuit_operator.py took 0.082 seconds
[2024-04-27T00:13:18.573+0000] {processor.py:161} INFO - Started process (PID=12119) to work on /home/airflow/.local/lib/python3.12/site-packages/airflow/example_dags/example_short_circuit_operator.py
[2024-04-27T00:13:18.574+0000] {processor.py:830} INFO - Processing file /home/airflow/.local/lib/python3.12/site-packages/airflow/example_dags/example_short_circuit_operator.py for tasks to queue
[2024-04-27T00:13:18.576+0000] {logging_mixin.py:188} INFO - [2024-04-27T00:13:18.575+0000] {dagbag.py:540} INFO - Filling up the DagBag from /home/airflow/.local/lib/python3.12/site-packages/airflow/example_dags/example_short_circuit_operator.py
[2024-04-27T00:13:18.587+0000] {processor.py:840} INFO - DAG(s) 'example_short_circuit_operator' retrieved from /home/airflow/.local/lib/python3.12/site-packages/airflow/example_dags/example_short_circuit_operator.py
[2024-04-27T00:13:18.625+0000] {logging_mixin.py:188} INFO - [2024-04-27T00:13:18.624+0000] {dag.py:3096} INFO - Sync 1 DAGs
[2024-04-27T00:13:18.671+0000] {logging_mixin.py:188} INFO - [2024-04-27T00:13:18.670+0000] {dag.py:3954} INFO - Setting next_dagrun for example_short_circuit_operator to 2024-04-26 00:00:00+00:00, run_after=2024-04-27 00:00:00+00:00
[2024-04-27T00:13:18.698+0000] {processor.py:183} INFO - Processing /home/airflow/.local/lib/python3.12/site-packages/airflow/example_dags/example_short_circuit_operator.py took 0.138 seconds
[2024-04-27T00:13:48.962+0000] {processor.py:161} INFO - Started process (PID=12179) to work on /home/airflow/.local/lib/python3.12/site-packages/airflow/example_dags/example_short_circuit_operator.py
[2024-04-27T00:13:48.963+0000] {processor.py:830} INFO - Processing file /home/airflow/.local/lib/python3.12/site-packages/airflow/example_dags/example_short_circuit_operator.py for tasks to queue
[2024-04-27T00:13:48.964+0000] {logging_mixin.py:188} INFO - [2024-04-27T00:13:48.964+0000] {dagbag.py:540} INFO - Filling up the DagBag from /home/airflow/.local/lib/python3.12/site-packages/airflow/example_dags/example_short_circuit_operator.py
[2024-04-27T00:13:48.972+0000] {processor.py:840} INFO - DAG(s) 'example_short_circuit_operator' retrieved from /home/airflow/.local/lib/python3.12/site-packages/airflow/example_dags/example_short_circuit_operator.py
[2024-04-27T00:13:48.993+0000] {logging_mixin.py:188} INFO - [2024-04-27T00:13:48.993+0000] {dag.py:3096} INFO - Sync 1 DAGs
[2024-04-27T00:13:49.013+0000] {logging_mixin.py:188} INFO - [2024-04-27T00:13:49.013+0000] {dag.py:3954} INFO - Setting next_dagrun for example_short_circuit_operator to 2024-04-26 00:00:00+00:00, run_after=2024-04-27 00:00:00+00:00
[2024-04-27T00:13:49.031+0000] {processor.py:183} INFO - Processing /home/airflow/.local/lib/python3.12/site-packages/airflow/example_dags/example_short_circuit_operator.py took 0.075 seconds
[2024-04-27T00:14:19.798+0000] {processor.py:161} INFO - Started process (PID=12239) to work on /home/airflow/.local/lib/python3.12/site-packages/airflow/example_dags/example_short_circuit_operator.py
[2024-04-27T00:14:19.799+0000] {processor.py:830} INFO - Processing file /home/airflow/.local/lib/python3.12/site-packages/airflow/example_dags/example_short_circuit_operator.py for tasks to queue
[2024-04-27T00:14:19.800+0000] {logging_mixin.py:188} INFO - [2024-04-27T00:14:19.799+0000] {dagbag.py:540} INFO - Filling up the DagBag from /home/airflow/.local/lib/python3.12/site-packages/airflow/example_dags/example_short_circuit_operator.py
[2024-04-27T00:14:19.807+0000] {processor.py:840} INFO - DAG(s) 'example_short_circuit_operator' retrieved from /home/airflow/.local/lib/python3.12/site-packages/airflow/example_dags/example_short_circuit_operator.py
[2024-04-27T00:14:19.828+0000] {logging_mixin.py:188} INFO - [2024-04-27T00:14:19.828+0000] {dag.py:3096} INFO - Sync 1 DAGs
[2024-04-27T00:14:19.854+0000] {logging_mixin.py:188} INFO - [2024-04-27T00:14:19.854+0000] {dag.py:3954} INFO - Setting next_dagrun for example_short_circuit_operator to 2024-04-26 00:00:00+00:00, run_after=2024-04-27 00:00:00+00:00
[2024-04-27T00:14:19.874+0000] {processor.py:183} INFO - Processing /home/airflow/.local/lib/python3.12/site-packages/airflow/example_dags/example_short_circuit_operator.py took 0.081 seconds
[2024-04-27T00:14:50.590+0000] {processor.py:161} INFO - Started process (PID=12298) to work on /home/airflow/.local/lib/python3.12/site-packages/airflow/example_dags/example_short_circuit_operator.py
[2024-04-27T00:14:50.591+0000] {processor.py:830} INFO - Processing file /home/airflow/.local/lib/python3.12/site-packages/airflow/example_dags/example_short_circuit_operator.py for tasks to queue
[2024-04-27T00:14:50.592+0000] {logging_mixin.py:188} INFO - [2024-04-27T00:14:50.591+0000] {dagbag.py:540} INFO - Filling up the DagBag from /home/airflow/.local/lib/python3.12/site-packages/airflow/example_dags/example_short_circuit_operator.py
[2024-04-27T00:14:50.600+0000] {processor.py:840} INFO - DAG(s) 'example_short_circuit_operator' retrieved from /home/airflow/.local/lib/python3.12/site-packages/airflow/example_dags/example_short_circuit_operator.py
[2024-04-27T00:14:50.621+0000] {logging_mixin.py:188} INFO - [2024-04-27T00:14:50.620+0000] {dag.py:3096} INFO - Sync 1 DAGs
[2024-04-27T00:14:50.643+0000] {logging_mixin.py:188} INFO - [2024-04-27T00:14:50.642+0000] {dag.py:3954} INFO - Setting next_dagrun for example_short_circuit_operator to 2024-04-26 00:00:00+00:00, run_after=2024-04-27 00:00:00+00:00
[2024-04-27T00:14:50.662+0000] {processor.py:183} INFO - Processing /home/airflow/.local/lib/python3.12/site-packages/airflow/example_dags/example_short_circuit_operator.py took 0.078 seconds
[2024-04-27T00:15:20.697+0000] {processor.py:161} INFO - Started process (PID=12357) to work on /home/airflow/.local/lib/python3.12/site-packages/airflow/example_dags/example_short_circuit_operator.py
[2024-04-27T00:15:20.698+0000] {processor.py:830} INFO - Processing file /home/airflow/.local/lib/python3.12/site-packages/airflow/example_dags/example_short_circuit_operator.py for tasks to queue
[2024-04-27T00:15:20.700+0000] {logging_mixin.py:188} INFO - [2024-04-27T00:15:20.700+0000] {dagbag.py:540} INFO - Filling up the DagBag from /home/airflow/.local/lib/python3.12/site-packages/airflow/example_dags/example_short_circuit_operator.py
[2024-04-27T00:15:20.707+0000] {processor.py:840} INFO - DAG(s) 'example_short_circuit_operator' retrieved from /home/airflow/.local/lib/python3.12/site-packages/airflow/example_dags/example_short_circuit_operator.py
[2024-04-27T00:15:20.727+0000] {logging_mixin.py:188} INFO - [2024-04-27T00:15:20.727+0000] {dag.py:3096} INFO - Sync 1 DAGs
[2024-04-27T00:15:20.744+0000] {logging_mixin.py:188} INFO - [2024-04-27T00:15:20.744+0000] {dag.py:3954} INFO - Setting next_dagrun for example_short_circuit_operator to 2024-04-26 00:00:00+00:00, run_after=2024-04-27 00:00:00+00:00
[2024-04-27T00:15:20.763+0000] {processor.py:183} INFO - Processing /home/airflow/.local/lib/python3.12/site-packages/airflow/example_dags/example_short_circuit_operator.py took 0.071 seconds
[2024-04-27T00:15:51.657+0000] {processor.py:161} INFO - Started process (PID=12419) to work on /home/airflow/.local/lib/python3.12/site-packages/airflow/example_dags/example_short_circuit_operator.py
[2024-04-27T00:15:51.658+0000] {processor.py:830} INFO - Processing file /home/airflow/.local/lib/python3.12/site-packages/airflow/example_dags/example_short_circuit_operator.py for tasks to queue
[2024-04-27T00:15:51.660+0000] {logging_mixin.py:188} INFO - [2024-04-27T00:15:51.659+0000] {dagbag.py:540} INFO - Filling up the DagBag from /home/airflow/.local/lib/python3.12/site-packages/airflow/example_dags/example_short_circuit_operator.py
[2024-04-27T00:15:51.667+0000] {processor.py:840} INFO - DAG(s) 'example_short_circuit_operator' retrieved from /home/airflow/.local/lib/python3.12/site-packages/airflow/example_dags/example_short_circuit_operator.py
[2024-04-27T00:15:51.689+0000] {logging_mixin.py:188} INFO - [2024-04-27T00:15:51.689+0000] {dag.py:3096} INFO - Sync 1 DAGs
[2024-04-27T00:15:51.712+0000] {logging_mixin.py:188} INFO - [2024-04-27T00:15:51.712+0000] {dag.py:3954} INFO - Setting next_dagrun for example_short_circuit_operator to 2024-04-26 00:00:00+00:00, run_after=2024-04-27 00:00:00+00:00
[2024-04-27T00:15:51.730+0000] {processor.py:183} INFO - Processing /home/airflow/.local/lib/python3.12/site-packages/airflow/example_dags/example_short_circuit_operator.py took 0.078 seconds
[2024-04-27T00:16:21.833+0000] {processor.py:161} INFO - Started process (PID=12477) to work on /home/airflow/.local/lib/python3.12/site-packages/airflow/example_dags/example_short_circuit_operator.py
[2024-04-27T00:16:21.834+0000] {processor.py:830} INFO - Processing file /home/airflow/.local/lib/python3.12/site-packages/airflow/example_dags/example_short_circuit_operator.py for tasks to queue
[2024-04-27T00:16:21.836+0000] {logging_mixin.py:188} INFO - [2024-04-27T00:16:21.836+0000] {dagbag.py:540} INFO - Filling up the DagBag from /home/airflow/.local/lib/python3.12/site-packages/airflow/example_dags/example_short_circuit_operator.py
[2024-04-27T00:16:21.844+0000] {processor.py:840} INFO - DAG(s) 'example_short_circuit_operator' retrieved from /home/airflow/.local/lib/python3.12/site-packages/airflow/example_dags/example_short_circuit_operator.py
[2024-04-27T00:16:21.867+0000] {logging_mixin.py:188} INFO - [2024-04-27T00:16:21.867+0000] {dag.py:3096} INFO - Sync 1 DAGs
[2024-04-27T00:16:21.888+0000] {logging_mixin.py:188} INFO - [2024-04-27T00:16:21.887+0000] {dag.py:3954} INFO - Setting next_dagrun for example_short_circuit_operator to 2024-04-26 00:00:00+00:00, run_after=2024-04-27 00:00:00+00:00
[2024-04-27T00:16:21.908+0000] {processor.py:183} INFO - Processing /home/airflow/.local/lib/python3.12/site-packages/airflow/example_dags/example_short_circuit_operator.py took 0.080 seconds
[2024-04-27T00:16:52.858+0000] {processor.py:161} INFO - Started process (PID=12545) to work on /home/airflow/.local/lib/python3.12/site-packages/airflow/example_dags/example_short_circuit_operator.py
[2024-04-27T00:16:52.859+0000] {processor.py:830} INFO - Processing file /home/airflow/.local/lib/python3.12/site-packages/airflow/example_dags/example_short_circuit_operator.py for tasks to queue
[2024-04-27T00:16:52.860+0000] {logging_mixin.py:188} INFO - [2024-04-27T00:16:52.860+0000] {dagbag.py:540} INFO - Filling up the DagBag from /home/airflow/.local/lib/python3.12/site-packages/airflow/example_dags/example_short_circuit_operator.py
[2024-04-27T00:16:52.870+0000] {processor.py:840} INFO - DAG(s) 'example_short_circuit_operator' retrieved from /home/airflow/.local/lib/python3.12/site-packages/airflow/example_dags/example_short_circuit_operator.py
[2024-04-27T00:16:52.892+0000] {logging_mixin.py:188} INFO - [2024-04-27T00:16:52.892+0000] {dag.py:3096} INFO - Sync 1 DAGs
[2024-04-27T00:16:52.917+0000] {logging_mixin.py:188} INFO - [2024-04-27T00:16:52.916+0000] {dag.py:3954} INFO - Setting next_dagrun for example_short_circuit_operator to 2024-04-26 00:00:00+00:00, run_after=2024-04-27 00:00:00+00:00
[2024-04-27T00:16:52.939+0000] {processor.py:183} INFO - Processing /home/airflow/.local/lib/python3.12/site-packages/airflow/example_dags/example_short_circuit_operator.py took 0.086 seconds
[2024-04-27T00:17:23.066+0000] {processor.py:161} INFO - Started process (PID=12603) to work on /home/airflow/.local/lib/python3.12/site-packages/airflow/example_dags/example_short_circuit_operator.py
[2024-04-27T00:17:23.067+0000] {processor.py:830} INFO - Processing file /home/airflow/.local/lib/python3.12/site-packages/airflow/example_dags/example_short_circuit_operator.py for tasks to queue
[2024-04-27T00:17:23.068+0000] {logging_mixin.py:188} INFO - [2024-04-27T00:17:23.068+0000] {dagbag.py:540} INFO - Filling up the DagBag from /home/airflow/.local/lib/python3.12/site-packages/airflow/example_dags/example_short_circuit_operator.py
[2024-04-27T00:17:23.076+0000] {processor.py:840} INFO - DAG(s) 'example_short_circuit_operator' retrieved from /home/airflow/.local/lib/python3.12/site-packages/airflow/example_dags/example_short_circuit_operator.py
[2024-04-27T00:17:23.097+0000] {logging_mixin.py:188} INFO - [2024-04-27T00:17:23.097+0000] {dag.py:3096} INFO - Sync 1 DAGs
[2024-04-27T00:17:23.117+0000] {logging_mixin.py:188} INFO - [2024-04-27T00:17:23.117+0000] {dag.py:3954} INFO - Setting next_dagrun for example_short_circuit_operator to 2024-04-26 00:00:00+00:00, run_after=2024-04-27 00:00:00+00:00
[2024-04-27T00:17:23.171+0000] {processor.py:183} INFO - Processing /home/airflow/.local/lib/python3.12/site-packages/airflow/example_dags/example_short_circuit_operator.py took 0.110 seconds
[2024-04-27T00:17:53.215+0000] {processor.py:161} INFO - Started process (PID=12663) to work on /home/airflow/.local/lib/python3.12/site-packages/airflow/example_dags/example_short_circuit_operator.py
[2024-04-27T00:17:53.216+0000] {processor.py:830} INFO - Processing file /home/airflow/.local/lib/python3.12/site-packages/airflow/example_dags/example_short_circuit_operator.py for tasks to queue
[2024-04-27T00:17:53.218+0000] {logging_mixin.py:188} INFO - [2024-04-27T00:17:53.218+0000] {dagbag.py:540} INFO - Filling up the DagBag from /home/airflow/.local/lib/python3.12/site-packages/airflow/example_dags/example_short_circuit_operator.py
[2024-04-27T00:17:53.230+0000] {processor.py:840} INFO - DAG(s) 'example_short_circuit_operator' retrieved from /home/airflow/.local/lib/python3.12/site-packages/airflow/example_dags/example_short_circuit_operator.py
[2024-04-27T00:17:53.259+0000] {logging_mixin.py:188} INFO - [2024-04-27T00:17:53.259+0000] {dag.py:3096} INFO - Sync 1 DAGs
[2024-04-27T00:17:53.276+0000] {logging_mixin.py:188} INFO - [2024-04-27T00:17:53.276+0000] {dag.py:3954} INFO - Setting next_dagrun for example_short_circuit_operator to 2024-04-26 00:00:00+00:00, run_after=2024-04-27 00:00:00+00:00
[2024-04-27T00:17:53.289+0000] {processor.py:183} INFO - Processing /home/airflow/.local/lib/python3.12/site-packages/airflow/example_dags/example_short_circuit_operator.py took 0.084 seconds
[2024-04-27T00:18:23.424+0000] {processor.py:161} INFO - Started process (PID=12723) to work on /home/airflow/.local/lib/python3.12/site-packages/airflow/example_dags/example_short_circuit_operator.py
[2024-04-27T00:18:23.426+0000] {processor.py:830} INFO - Processing file /home/airflow/.local/lib/python3.12/site-packages/airflow/example_dags/example_short_circuit_operator.py for tasks to queue
[2024-04-27T00:18:23.427+0000] {logging_mixin.py:188} INFO - [2024-04-27T00:18:23.426+0000] {dagbag.py:540} INFO - Filling up the DagBag from /home/airflow/.local/lib/python3.12/site-packages/airflow/example_dags/example_short_circuit_operator.py
[2024-04-27T00:18:23.435+0000] {processor.py:840} INFO - DAG(s) 'example_short_circuit_operator' retrieved from /home/airflow/.local/lib/python3.12/site-packages/airflow/example_dags/example_short_circuit_operator.py
[2024-04-27T00:18:23.458+0000] {logging_mixin.py:188} INFO - [2024-04-27T00:18:23.458+0000] {dag.py:3096} INFO - Sync 1 DAGs
[2024-04-27T00:18:23.480+0000] {logging_mixin.py:188} INFO - [2024-04-27T00:18:23.480+0000] {dag.py:3954} INFO - Setting next_dagrun for example_short_circuit_operator to 2024-04-26 00:00:00+00:00, run_after=2024-04-27 00:00:00+00:00
[2024-04-27T00:18:23.500+0000] {processor.py:183} INFO - Processing /home/airflow/.local/lib/python3.12/site-packages/airflow/example_dags/example_short_circuit_operator.py took 0.083 seconds
[2024-04-27T00:18:53.560+0000] {processor.py:161} INFO - Started process (PID=12783) to work on /home/airflow/.local/lib/python3.12/site-packages/airflow/example_dags/example_short_circuit_operator.py
[2024-04-27T00:18:53.561+0000] {processor.py:830} INFO - Processing file /home/airflow/.local/lib/python3.12/site-packages/airflow/example_dags/example_short_circuit_operator.py for tasks to queue
[2024-04-27T00:18:53.562+0000] {logging_mixin.py:188} INFO - [2024-04-27T00:18:53.562+0000] {dagbag.py:540} INFO - Filling up the DagBag from /home/airflow/.local/lib/python3.12/site-packages/airflow/example_dags/example_short_circuit_operator.py
[2024-04-27T00:18:53.569+0000] {processor.py:840} INFO - DAG(s) 'example_short_circuit_operator' retrieved from /home/airflow/.local/lib/python3.12/site-packages/airflow/example_dags/example_short_circuit_operator.py
[2024-04-27T00:18:53.590+0000] {logging_mixin.py:188} INFO - [2024-04-27T00:18:53.589+0000] {dag.py:3096} INFO - Sync 1 DAGs
[2024-04-27T00:18:53.610+0000] {logging_mixin.py:188} INFO - [2024-04-27T00:18:53.609+0000] {dag.py:3954} INFO - Setting next_dagrun for example_short_circuit_operator to 2024-04-26 00:00:00+00:00, run_after=2024-04-27 00:00:00+00:00
[2024-04-27T00:18:53.627+0000] {processor.py:183} INFO - Processing /home/airflow/.local/lib/python3.12/site-packages/airflow/example_dags/example_short_circuit_operator.py took 0.072 seconds
[2024-04-27T00:19:23.714+0000] {processor.py:161} INFO - Started process (PID=12843) to work on /home/airflow/.local/lib/python3.12/site-packages/airflow/example_dags/example_short_circuit_operator.py
[2024-04-27T00:19:23.716+0000] {processor.py:830} INFO - Processing file /home/airflow/.local/lib/python3.12/site-packages/airflow/example_dags/example_short_circuit_operator.py for tasks to queue
[2024-04-27T00:19:23.717+0000] {logging_mixin.py:188} INFO - [2024-04-27T00:19:23.717+0000] {dagbag.py:540} INFO - Filling up the DagBag from /home/airflow/.local/lib/python3.12/site-packages/airflow/example_dags/example_short_circuit_operator.py
[2024-04-27T00:19:23.724+0000] {processor.py:840} INFO - DAG(s) 'example_short_circuit_operator' retrieved from /home/airflow/.local/lib/python3.12/site-packages/airflow/example_dags/example_short_circuit_operator.py
[2024-04-27T00:19:23.746+0000] {logging_mixin.py:188} INFO - [2024-04-27T00:19:23.745+0000] {dag.py:3096} INFO - Sync 1 DAGs
[2024-04-27T00:19:23.765+0000] {logging_mixin.py:188} INFO - [2024-04-27T00:19:23.764+0000] {dag.py:3954} INFO - Setting next_dagrun for example_short_circuit_operator to 2024-04-26 00:00:00+00:00, run_after=2024-04-27 00:00:00+00:00
[2024-04-27T00:19:23.782+0000] {processor.py:183} INFO - Processing /home/airflow/.local/lib/python3.12/site-packages/airflow/example_dags/example_short_circuit_operator.py took 0.074 seconds
[2024-04-27T00:19:53.951+0000] {processor.py:161} INFO - Started process (PID=12903) to work on /home/airflow/.local/lib/python3.12/site-packages/airflow/example_dags/example_short_circuit_operator.py
[2024-04-27T00:19:53.952+0000] {processor.py:830} INFO - Processing file /home/airflow/.local/lib/python3.12/site-packages/airflow/example_dags/example_short_circuit_operator.py for tasks to queue
[2024-04-27T00:19:53.953+0000] {logging_mixin.py:188} INFO - [2024-04-27T00:19:53.952+0000] {dagbag.py:540} INFO - Filling up the DagBag from /home/airflow/.local/lib/python3.12/site-packages/airflow/example_dags/example_short_circuit_operator.py
[2024-04-27T00:19:53.964+0000] {processor.py:840} INFO - DAG(s) 'example_short_circuit_operator' retrieved from /home/airflow/.local/lib/python3.12/site-packages/airflow/example_dags/example_short_circuit_operator.py
[2024-04-27T00:19:53.989+0000] {logging_mixin.py:188} INFO - [2024-04-27T00:19:53.988+0000] {dag.py:3096} INFO - Sync 1 DAGs
[2024-04-27T00:19:54.009+0000] {logging_mixin.py:188} INFO - [2024-04-27T00:19:54.009+0000] {dag.py:3954} INFO - Setting next_dagrun for example_short_circuit_operator to 2024-04-26 00:00:00+00:00, run_after=2024-04-27 00:00:00+00:00
[2024-04-27T00:19:54.027+0000] {processor.py:183} INFO - Processing /home/airflow/.local/lib/python3.12/site-packages/airflow/example_dags/example_short_circuit_operator.py took 0.082 seconds
[2024-04-27T00:20:24.801+0000] {processor.py:161} INFO - Started process (PID=12962) to work on /home/airflow/.local/lib/python3.12/site-packages/airflow/example_dags/example_short_circuit_operator.py
[2024-04-27T00:20:24.802+0000] {processor.py:830} INFO - Processing file /home/airflow/.local/lib/python3.12/site-packages/airflow/example_dags/example_short_circuit_operator.py for tasks to queue
[2024-04-27T00:20:24.804+0000] {logging_mixin.py:188} INFO - [2024-04-27T00:20:24.803+0000] {dagbag.py:540} INFO - Filling up the DagBag from /home/airflow/.local/lib/python3.12/site-packages/airflow/example_dags/example_short_circuit_operator.py
[2024-04-27T00:20:24.810+0000] {processor.py:840} INFO - DAG(s) 'example_short_circuit_operator' retrieved from /home/airflow/.local/lib/python3.12/site-packages/airflow/example_dags/example_short_circuit_operator.py
[2024-04-27T00:20:24.827+0000] {logging_mixin.py:188} INFO - [2024-04-27T00:20:24.827+0000] {dag.py:3096} INFO - Sync 1 DAGs
[2024-04-27T00:20:24.845+0000] {logging_mixin.py:188} INFO - [2024-04-27T00:20:24.845+0000] {dag.py:3954} INFO - Setting next_dagrun for example_short_circuit_operator to 2024-04-26 00:00:00+00:00, run_after=2024-04-27 00:00:00+00:00
[2024-04-27T00:20:24.859+0000] {processor.py:183} INFO - Processing /home/airflow/.local/lib/python3.12/site-packages/airflow/example_dags/example_short_circuit_operator.py took 0.063 seconds
[2024-04-27T00:20:55.157+0000] {processor.py:161} INFO - Started process (PID=13022) to work on /home/airflow/.local/lib/python3.12/site-packages/airflow/example_dags/example_short_circuit_operator.py
[2024-04-27T00:20:55.158+0000] {processor.py:830} INFO - Processing file /home/airflow/.local/lib/python3.12/site-packages/airflow/example_dags/example_short_circuit_operator.py for tasks to queue
[2024-04-27T00:20:55.160+0000] {logging_mixin.py:188} INFO - [2024-04-27T00:20:55.159+0000] {dagbag.py:540} INFO - Filling up the DagBag from /home/airflow/.local/lib/python3.12/site-packages/airflow/example_dags/example_short_circuit_operator.py
[2024-04-27T00:20:55.172+0000] {processor.py:840} INFO - DAG(s) 'example_short_circuit_operator' retrieved from /home/airflow/.local/lib/python3.12/site-packages/airflow/example_dags/example_short_circuit_operator.py
[2024-04-27T00:20:55.195+0000] {logging_mixin.py:188} INFO - [2024-04-27T00:20:55.195+0000] {dag.py:3096} INFO - Sync 1 DAGs
[2024-04-27T00:20:55.215+0000] {logging_mixin.py:188} INFO - [2024-04-27T00:20:55.214+0000] {dag.py:3954} INFO - Setting next_dagrun for example_short_circuit_operator to 2024-04-26 00:00:00+00:00, run_after=2024-04-27 00:00:00+00:00
[2024-04-27T00:20:55.234+0000] {processor.py:183} INFO - Processing /home/airflow/.local/lib/python3.12/site-packages/airflow/example_dags/example_short_circuit_operator.py took 0.085 seconds
[2024-04-27T00:21:25.801+0000] {processor.py:161} INFO - Started process (PID=13082) to work on /home/airflow/.local/lib/python3.12/site-packages/airflow/example_dags/example_short_circuit_operator.py
[2024-04-27T00:21:25.802+0000] {processor.py:830} INFO - Processing file /home/airflow/.local/lib/python3.12/site-packages/airflow/example_dags/example_short_circuit_operator.py for tasks to queue
[2024-04-27T00:21:25.804+0000] {logging_mixin.py:188} INFO - [2024-04-27T00:21:25.803+0000] {dagbag.py:540} INFO - Filling up the DagBag from /home/airflow/.local/lib/python3.12/site-packages/airflow/example_dags/example_short_circuit_operator.py
[2024-04-27T00:21:25.812+0000] {processor.py:840} INFO - DAG(s) 'example_short_circuit_operator' retrieved from /home/airflow/.local/lib/python3.12/site-packages/airflow/example_dags/example_short_circuit_operator.py
[2024-04-27T00:21:25.837+0000] {logging_mixin.py:188} INFO - [2024-04-27T00:21:25.837+0000] {dag.py:3096} INFO - Sync 1 DAGs
[2024-04-27T00:21:25.858+0000] {logging_mixin.py:188} INFO - [2024-04-27T00:21:25.858+0000] {dag.py:3954} INFO - Setting next_dagrun for example_short_circuit_operator to 2024-04-26 00:00:00+00:00, run_after=2024-04-27 00:00:00+00:00
[2024-04-27T00:21:25.879+0000] {processor.py:183} INFO - Processing /home/airflow/.local/lib/python3.12/site-packages/airflow/example_dags/example_short_circuit_operator.py took 0.083 seconds
[2024-04-27T00:21:56.061+0000] {processor.py:161} INFO - Started process (PID=13142) to work on /home/airflow/.local/lib/python3.12/site-packages/airflow/example_dags/example_short_circuit_operator.py
[2024-04-27T00:21:56.062+0000] {processor.py:830} INFO - Processing file /home/airflow/.local/lib/python3.12/site-packages/airflow/example_dags/example_short_circuit_operator.py for tasks to queue
[2024-04-27T00:21:56.064+0000] {logging_mixin.py:188} INFO - [2024-04-27T00:21:56.063+0000] {dagbag.py:540} INFO - Filling up the DagBag from /home/airflow/.local/lib/python3.12/site-packages/airflow/example_dags/example_short_circuit_operator.py
[2024-04-27T00:21:56.071+0000] {processor.py:840} INFO - DAG(s) 'example_short_circuit_operator' retrieved from /home/airflow/.local/lib/python3.12/site-packages/airflow/example_dags/example_short_circuit_operator.py
[2024-04-27T00:21:56.090+0000] {logging_mixin.py:188} INFO - [2024-04-27T00:21:56.089+0000] {dag.py:3096} INFO - Sync 1 DAGs
[2024-04-27T00:21:56.107+0000] {logging_mixin.py:188} INFO - [2024-04-27T00:21:56.107+0000] {dag.py:3954} INFO - Setting next_dagrun for example_short_circuit_operator to 2024-04-26 00:00:00+00:00, run_after=2024-04-27 00:00:00+00:00
[2024-04-27T00:21:56.121+0000] {processor.py:183} INFO - Processing /home/airflow/.local/lib/python3.12/site-packages/airflow/example_dags/example_short_circuit_operator.py took 0.065 seconds
[2024-04-27T00:22:26.730+0000] {processor.py:161} INFO - Started process (PID=13202) to work on /home/airflow/.local/lib/python3.12/site-packages/airflow/example_dags/example_short_circuit_operator.py
[2024-04-27T00:22:26.731+0000] {processor.py:830} INFO - Processing file /home/airflow/.local/lib/python3.12/site-packages/airflow/example_dags/example_short_circuit_operator.py for tasks to queue
[2024-04-27T00:22:26.732+0000] {logging_mixin.py:188} INFO - [2024-04-27T00:22:26.732+0000] {dagbag.py:540} INFO - Filling up the DagBag from /home/airflow/.local/lib/python3.12/site-packages/airflow/example_dags/example_short_circuit_operator.py
[2024-04-27T00:22:26.742+0000] {processor.py:840} INFO - DAG(s) 'example_short_circuit_operator' retrieved from /home/airflow/.local/lib/python3.12/site-packages/airflow/example_dags/example_short_circuit_operator.py
[2024-04-27T00:22:26.763+0000] {logging_mixin.py:188} INFO - [2024-04-27T00:22:26.763+0000] {dag.py:3096} INFO - Sync 1 DAGs
[2024-04-27T00:22:26.784+0000] {logging_mixin.py:188} INFO - [2024-04-27T00:22:26.784+0000] {dag.py:3954} INFO - Setting next_dagrun for example_short_circuit_operator to 2024-04-26 00:00:00+00:00, run_after=2024-04-27 00:00:00+00:00
[2024-04-27T00:22:26.806+0000] {processor.py:183} INFO - Processing /home/airflow/.local/lib/python3.12/site-packages/airflow/example_dags/example_short_circuit_operator.py took 0.082 seconds
[2024-04-27T00:22:57.297+0000] {processor.py:161} INFO - Started process (PID=13262) to work on /home/airflow/.local/lib/python3.12/site-packages/airflow/example_dags/example_short_circuit_operator.py
[2024-04-27T00:22:57.298+0000] {processor.py:830} INFO - Processing file /home/airflow/.local/lib/python3.12/site-packages/airflow/example_dags/example_short_circuit_operator.py for tasks to queue
[2024-04-27T00:22:57.299+0000] {logging_mixin.py:188} INFO - [2024-04-27T00:22:57.299+0000] {dagbag.py:540} INFO - Filling up the DagBag from /home/airflow/.local/lib/python3.12/site-packages/airflow/example_dags/example_short_circuit_operator.py
[2024-04-27T00:22:57.308+0000] {processor.py:840} INFO - DAG(s) 'example_short_circuit_operator' retrieved from /home/airflow/.local/lib/python3.12/site-packages/airflow/example_dags/example_short_circuit_operator.py
[2024-04-27T00:22:57.329+0000] {logging_mixin.py:188} INFO - [2024-04-27T00:22:57.329+0000] {dag.py:3096} INFO - Sync 1 DAGs
[2024-04-27T00:22:57.347+0000] {logging_mixin.py:188} INFO - [2024-04-27T00:22:57.347+0000] {dag.py:3954} INFO - Setting next_dagrun for example_short_circuit_operator to 2024-04-26 00:00:00+00:00, run_after=2024-04-27 00:00:00+00:00
[2024-04-27T00:22:57.366+0000] {processor.py:183} INFO - Processing /home/airflow/.local/lib/python3.12/site-packages/airflow/example_dags/example_short_circuit_operator.py took 0.074 seconds
[2024-04-27T00:23:27.951+0000] {processor.py:161} INFO - Started process (PID=13322) to work on /home/airflow/.local/lib/python3.12/site-packages/airflow/example_dags/example_short_circuit_operator.py
[2024-04-27T00:23:27.952+0000] {processor.py:830} INFO - Processing file /home/airflow/.local/lib/python3.12/site-packages/airflow/example_dags/example_short_circuit_operator.py for tasks to queue
[2024-04-27T00:23:27.953+0000] {logging_mixin.py:188} INFO - [2024-04-27T00:23:27.953+0000] {dagbag.py:540} INFO - Filling up the DagBag from /home/airflow/.local/lib/python3.12/site-packages/airflow/example_dags/example_short_circuit_operator.py
[2024-04-27T00:23:27.961+0000] {processor.py:840} INFO - DAG(s) 'example_short_circuit_operator' retrieved from /home/airflow/.local/lib/python3.12/site-packages/airflow/example_dags/example_short_circuit_operator.py
[2024-04-27T00:23:27.982+0000] {logging_mixin.py:188} INFO - [2024-04-27T00:23:27.981+0000] {dag.py:3096} INFO - Sync 1 DAGs
[2024-04-27T00:23:28.007+0000] {logging_mixin.py:188} INFO - [2024-04-27T00:23:28.007+0000] {dag.py:3954} INFO - Setting next_dagrun for example_short_circuit_operator to 2024-04-26 00:00:00+00:00, run_after=2024-04-27 00:00:00+00:00
[2024-04-27T00:23:28.032+0000] {processor.py:183} INFO - Processing /home/airflow/.local/lib/python3.12/site-packages/airflow/example_dags/example_short_circuit_operator.py took 0.086 seconds
[2024-04-27T00:23:58.600+0000] {processor.py:161} INFO - Started process (PID=13383) to work on /home/airflow/.local/lib/python3.12/site-packages/airflow/example_dags/example_short_circuit_operator.py
[2024-04-27T00:23:58.601+0000] {processor.py:830} INFO - Processing file /home/airflow/.local/lib/python3.12/site-packages/airflow/example_dags/example_short_circuit_operator.py for tasks to queue
[2024-04-27T00:23:58.602+0000] {logging_mixin.py:188} INFO - [2024-04-27T00:23:58.602+0000] {dagbag.py:540} INFO - Filling up the DagBag from /home/airflow/.local/lib/python3.12/site-packages/airflow/example_dags/example_short_circuit_operator.py
[2024-04-27T00:23:58.610+0000] {processor.py:840} INFO - DAG(s) 'example_short_circuit_operator' retrieved from /home/airflow/.local/lib/python3.12/site-packages/airflow/example_dags/example_short_circuit_operator.py
[2024-04-27T00:23:58.631+0000] {logging_mixin.py:188} INFO - [2024-04-27T00:23:58.631+0000] {dag.py:3096} INFO - Sync 1 DAGs
[2024-04-27T00:23:58.654+0000] {logging_mixin.py:188} INFO - [2024-04-27T00:23:58.654+0000] {dag.py:3954} INFO - Setting next_dagrun for example_short_circuit_operator to 2024-04-26 00:00:00+00:00, run_after=2024-04-27 00:00:00+00:00
[2024-04-27T00:23:58.669+0000] {processor.py:183} INFO - Processing /home/airflow/.local/lib/python3.12/site-packages/airflow/example_dags/example_short_circuit_operator.py took 0.076 seconds
[2024-04-27T00:24:29.393+0000] {processor.py:161} INFO - Started process (PID=13443) to work on /home/airflow/.local/lib/python3.12/site-packages/airflow/example_dags/example_short_circuit_operator.py
[2024-04-27T00:24:29.394+0000] {processor.py:830} INFO - Processing file /home/airflow/.local/lib/python3.12/site-packages/airflow/example_dags/example_short_circuit_operator.py for tasks to queue
[2024-04-27T00:24:29.395+0000] {logging_mixin.py:188} INFO - [2024-04-27T00:24:29.395+0000] {dagbag.py:540} INFO - Filling up the DagBag from /home/airflow/.local/lib/python3.12/site-packages/airflow/example_dags/example_short_circuit_operator.py
[2024-04-27T00:24:29.402+0000] {processor.py:840} INFO - DAG(s) 'example_short_circuit_operator' retrieved from /home/airflow/.local/lib/python3.12/site-packages/airflow/example_dags/example_short_circuit_operator.py
[2024-04-27T00:24:29.421+0000] {logging_mixin.py:188} INFO - [2024-04-27T00:24:29.420+0000] {dag.py:3096} INFO - Sync 1 DAGs
[2024-04-27T00:24:29.439+0000] {logging_mixin.py:188} INFO - [2024-04-27T00:24:29.439+0000] {dag.py:3954} INFO - Setting next_dagrun for example_short_circuit_operator to 2024-04-26 00:00:00+00:00, run_after=2024-04-27 00:00:00+00:00
[2024-04-27T00:24:29.453+0000] {processor.py:183} INFO - Processing /home/airflow/.local/lib/python3.12/site-packages/airflow/example_dags/example_short_circuit_operator.py took 0.065 seconds
[2024-04-27T00:24:59.724+0000] {processor.py:161} INFO - Started process (PID=13503) to work on /home/airflow/.local/lib/python3.12/site-packages/airflow/example_dags/example_short_circuit_operator.py
[2024-04-27T00:24:59.725+0000] {processor.py:830} INFO - Processing file /home/airflow/.local/lib/python3.12/site-packages/airflow/example_dags/example_short_circuit_operator.py for tasks to queue
[2024-04-27T00:24:59.727+0000] {logging_mixin.py:188} INFO - [2024-04-27T00:24:59.726+0000] {dagbag.py:540} INFO - Filling up the DagBag from /home/airflow/.local/lib/python3.12/site-packages/airflow/example_dags/example_short_circuit_operator.py
[2024-04-27T00:24:59.734+0000] {processor.py:840} INFO - DAG(s) 'example_short_circuit_operator' retrieved from /home/airflow/.local/lib/python3.12/site-packages/airflow/example_dags/example_short_circuit_operator.py
[2024-04-27T00:24:59.754+0000] {logging_mixin.py:188} INFO - [2024-04-27T00:24:59.754+0000] {dag.py:3096} INFO - Sync 1 DAGs
[2024-04-27T00:24:59.773+0000] {logging_mixin.py:188} INFO - [2024-04-27T00:24:59.773+0000] {dag.py:3954} INFO - Setting next_dagrun for example_short_circuit_operator to 2024-04-26 00:00:00+00:00, run_after=2024-04-27 00:00:00+00:00
[2024-04-27T00:24:59.799+0000] {processor.py:183} INFO - Processing /home/airflow/.local/lib/python3.12/site-packages/airflow/example_dags/example_short_circuit_operator.py took 0.081 seconds
