[2024-04-27T00:00:08.787+0000] {processor.py:161} INFO - Started process (PID=10569) to work on /home/airflow/.local/lib/python3.12/site-packages/airflow/example_dags/example_task_group.py
[2024-04-27T00:00:08.788+0000] {processor.py:830} INFO - Processing file /home/airflow/.local/lib/python3.12/site-packages/airflow/example_dags/example_task_group.py for tasks to queue
[2024-04-27T00:00:08.790+0000] {logging_mixin.py:188} INFO - [2024-04-27T00:00:08.790+0000] {dagbag.py:540} INFO - Filling up the DagBag from /home/airflow/.local/lib/python3.12/site-packages/airflow/example_dags/example_task_group.py
[2024-04-27T00:00:08.796+0000] {processor.py:840} INFO - DAG(s) 'example_task_group' retrieved from /home/airflow/.local/lib/python3.12/site-packages/airflow/example_dags/example_task_group.py
[2024-04-27T00:00:08.818+0000] {logging_mixin.py:188} INFO - [2024-04-27T00:00:08.817+0000] {dag.py:3096} INFO - Sync 1 DAGs
[2024-04-27T00:00:08.839+0000] {logging_mixin.py:188} INFO - [2024-04-27T00:00:08.839+0000] {dag.py:3954} INFO - Setting next_dagrun for example_task_group to 2024-04-26 00:00:00+00:00, run_after=2024-04-27 00:00:00+00:00
[2024-04-27T00:00:08.859+0000] {processor.py:183} INFO - Processing /home/airflow/.local/lib/python3.12/site-packages/airflow/example_dags/example_task_group.py took 0.078 seconds
[2024-04-27T00:00:39.086+0000] {processor.py:161} INFO - Started process (PID=10630) to work on /home/airflow/.local/lib/python3.12/site-packages/airflow/example_dags/example_task_group.py
[2024-04-27T00:00:39.087+0000] {processor.py:830} INFO - Processing file /home/airflow/.local/lib/python3.12/site-packages/airflow/example_dags/example_task_group.py for tasks to queue
[2024-04-27T00:00:39.089+0000] {logging_mixin.py:188} INFO - [2024-04-27T00:00:39.089+0000] {dagbag.py:540} INFO - Filling up the DagBag from /home/airflow/.local/lib/python3.12/site-packages/airflow/example_dags/example_task_group.py
[2024-04-27T00:00:39.097+0000] {processor.py:840} INFO - DAG(s) 'example_task_group' retrieved from /home/airflow/.local/lib/python3.12/site-packages/airflow/example_dags/example_task_group.py
[2024-04-27T00:00:39.115+0000] {logging_mixin.py:188} INFO - [2024-04-27T00:00:39.115+0000] {dag.py:3096} INFO - Sync 1 DAGs
[2024-04-27T00:00:39.134+0000] {logging_mixin.py:188} INFO - [2024-04-27T00:00:39.134+0000] {dag.py:3954} INFO - Setting next_dagrun for example_task_group to 2024-04-26 00:00:00+00:00, run_after=2024-04-27 00:00:00+00:00
[2024-04-27T00:00:39.156+0000] {processor.py:183} INFO - Processing /home/airflow/.local/lib/python3.12/site-packages/airflow/example_dags/example_task_group.py took 0.075 seconds
[2024-04-27T00:01:09.431+0000] {processor.py:161} INFO - Started process (PID=10691) to work on /home/airflow/.local/lib/python3.12/site-packages/airflow/example_dags/example_task_group.py
[2024-04-27T00:01:09.433+0000] {processor.py:830} INFO - Processing file /home/airflow/.local/lib/python3.12/site-packages/airflow/example_dags/example_task_group.py for tasks to queue
[2024-04-27T00:01:09.435+0000] {logging_mixin.py:188} INFO - [2024-04-27T00:01:09.435+0000] {dagbag.py:540} INFO - Filling up the DagBag from /home/airflow/.local/lib/python3.12/site-packages/airflow/example_dags/example_task_group.py
[2024-04-27T00:01:09.447+0000] {processor.py:840} INFO - DAG(s) 'example_task_group' retrieved from /home/airflow/.local/lib/python3.12/site-packages/airflow/example_dags/example_task_group.py
[2024-04-27T00:01:09.465+0000] {logging_mixin.py:188} INFO - [2024-04-27T00:01:09.465+0000] {dag.py:3096} INFO - Sync 1 DAGs
[2024-04-27T00:01:09.495+0000] {logging_mixin.py:188} INFO - [2024-04-27T00:01:09.495+0000] {dag.py:3954} INFO - Setting next_dagrun for example_task_group to 2024-04-26 00:00:00+00:00, run_after=2024-04-27 00:00:00+00:00
[2024-04-27T00:01:09.518+0000] {processor.py:183} INFO - Processing /home/airflow/.local/lib/python3.12/site-packages/airflow/example_dags/example_task_group.py took 0.093 seconds
[2024-04-27T00:01:40.174+0000] {processor.py:161} INFO - Started process (PID=10752) to work on /home/airflow/.local/lib/python3.12/site-packages/airflow/example_dags/example_task_group.py
[2024-04-27T00:01:40.176+0000] {processor.py:830} INFO - Processing file /home/airflow/.local/lib/python3.12/site-packages/airflow/example_dags/example_task_group.py for tasks to queue
[2024-04-27T00:01:40.178+0000] {logging_mixin.py:188} INFO - [2024-04-27T00:01:40.178+0000] {dagbag.py:540} INFO - Filling up the DagBag from /home/airflow/.local/lib/python3.12/site-packages/airflow/example_dags/example_task_group.py
[2024-04-27T00:01:40.187+0000] {processor.py:840} INFO - DAG(s) 'example_task_group' retrieved from /home/airflow/.local/lib/python3.12/site-packages/airflow/example_dags/example_task_group.py
[2024-04-27T00:01:40.211+0000] {logging_mixin.py:188} INFO - [2024-04-27T00:01:40.211+0000] {dag.py:3096} INFO - Sync 1 DAGs
[2024-04-27T00:01:40.232+0000] {logging_mixin.py:188} INFO - [2024-04-27T00:01:40.232+0000] {dag.py:3954} INFO - Setting next_dagrun for example_task_group to 2024-04-26 00:00:00+00:00, run_after=2024-04-27 00:00:00+00:00
[2024-04-27T00:01:40.432+0000] {processor.py:183} INFO - Processing /home/airflow/.local/lib/python3.12/site-packages/airflow/example_dags/example_task_group.py took 0.263 seconds
[2024-04-27T00:02:11.222+0000] {processor.py:161} INFO - Started process (PID=10813) to work on /home/airflow/.local/lib/python3.12/site-packages/airflow/example_dags/example_task_group.py
[2024-04-27T00:02:11.223+0000] {processor.py:830} INFO - Processing file /home/airflow/.local/lib/python3.12/site-packages/airflow/example_dags/example_task_group.py for tasks to queue
[2024-04-27T00:02:11.226+0000] {logging_mixin.py:188} INFO - [2024-04-27T00:02:11.225+0000] {dagbag.py:540} INFO - Filling up the DagBag from /home/airflow/.local/lib/python3.12/site-packages/airflow/example_dags/example_task_group.py
[2024-04-27T00:02:11.235+0000] {processor.py:840} INFO - DAG(s) 'example_task_group' retrieved from /home/airflow/.local/lib/python3.12/site-packages/airflow/example_dags/example_task_group.py
[2024-04-27T00:02:11.256+0000] {logging_mixin.py:188} INFO - [2024-04-27T00:02:11.255+0000] {dag.py:3096} INFO - Sync 1 DAGs
[2024-04-27T00:02:11.281+0000] {logging_mixin.py:188} INFO - [2024-04-27T00:02:11.281+0000] {dag.py:3954} INFO - Setting next_dagrun for example_task_group to 2024-04-26 00:00:00+00:00, run_after=2024-04-27 00:00:00+00:00
[2024-04-27T00:02:11.304+0000] {processor.py:183} INFO - Processing /home/airflow/.local/lib/python3.12/site-packages/airflow/example_dags/example_task_group.py took 0.087 seconds
[2024-04-27T00:02:42.118+0000] {processor.py:161} INFO - Started process (PID=10874) to work on /home/airflow/.local/lib/python3.12/site-packages/airflow/example_dags/example_task_group.py
[2024-04-27T00:02:42.120+0000] {processor.py:830} INFO - Processing file /home/airflow/.local/lib/python3.12/site-packages/airflow/example_dags/example_task_group.py for tasks to queue
[2024-04-27T00:02:42.122+0000] {logging_mixin.py:188} INFO - [2024-04-27T00:02:42.121+0000] {dagbag.py:540} INFO - Filling up the DagBag from /home/airflow/.local/lib/python3.12/site-packages/airflow/example_dags/example_task_group.py
[2024-04-27T00:02:42.128+0000] {processor.py:840} INFO - DAG(s) 'example_task_group' retrieved from /home/airflow/.local/lib/python3.12/site-packages/airflow/example_dags/example_task_group.py
[2024-04-27T00:02:42.156+0000] {logging_mixin.py:188} INFO - [2024-04-27T00:02:42.155+0000] {dag.py:3096} INFO - Sync 1 DAGs
[2024-04-27T00:02:42.176+0000] {logging_mixin.py:188} INFO - [2024-04-27T00:02:42.176+0000] {dag.py:3954} INFO - Setting next_dagrun for example_task_group to 2024-04-26 00:00:00+00:00, run_after=2024-04-27 00:00:00+00:00
[2024-04-27T00:02:42.194+0000] {processor.py:183} INFO - Processing /home/airflow/.local/lib/python3.12/site-packages/airflow/example_dags/example_task_group.py took 0.081 seconds
[2024-04-27T00:03:12.582+0000] {processor.py:161} INFO - Started process (PID=10935) to work on /home/airflow/.local/lib/python3.12/site-packages/airflow/example_dags/example_task_group.py
[2024-04-27T00:03:12.584+0000] {processor.py:830} INFO - Processing file /home/airflow/.local/lib/python3.12/site-packages/airflow/example_dags/example_task_group.py for tasks to queue
[2024-04-27T00:03:12.585+0000] {logging_mixin.py:188} INFO - [2024-04-27T00:03:12.585+0000] {dagbag.py:540} INFO - Filling up the DagBag from /home/airflow/.local/lib/python3.12/site-packages/airflow/example_dags/example_task_group.py
[2024-04-27T00:03:12.591+0000] {processor.py:840} INFO - DAG(s) 'example_task_group' retrieved from /home/airflow/.local/lib/python3.12/site-packages/airflow/example_dags/example_task_group.py
[2024-04-27T00:03:12.609+0000] {logging_mixin.py:188} INFO - [2024-04-27T00:03:12.609+0000] {dag.py:3096} INFO - Sync 1 DAGs
[2024-04-27T00:03:12.628+0000] {logging_mixin.py:188} INFO - [2024-04-27T00:03:12.628+0000] {dag.py:3954} INFO - Setting next_dagrun for example_task_group to 2024-04-26 00:00:00+00:00, run_after=2024-04-27 00:00:00+00:00
[2024-04-27T00:03:12.645+0000] {processor.py:183} INFO - Processing /home/airflow/.local/lib/python3.12/site-packages/airflow/example_dags/example_task_group.py took 0.067 seconds
[2024-04-27T00:03:43.555+0000] {processor.py:161} INFO - Started process (PID=10996) to work on /home/airflow/.local/lib/python3.12/site-packages/airflow/example_dags/example_task_group.py
[2024-04-27T00:03:43.556+0000] {processor.py:830} INFO - Processing file /home/airflow/.local/lib/python3.12/site-packages/airflow/example_dags/example_task_group.py for tasks to queue
[2024-04-27T00:03:43.558+0000] {logging_mixin.py:188} INFO - [2024-04-27T00:03:43.558+0000] {dagbag.py:540} INFO - Filling up the DagBag from /home/airflow/.local/lib/python3.12/site-packages/airflow/example_dags/example_task_group.py
[2024-04-27T00:03:43.565+0000] {processor.py:840} INFO - DAG(s) 'example_task_group' retrieved from /home/airflow/.local/lib/python3.12/site-packages/airflow/example_dags/example_task_group.py
[2024-04-27T00:03:43.589+0000] {logging_mixin.py:188} INFO - [2024-04-27T00:03:43.588+0000] {dag.py:3096} INFO - Sync 1 DAGs
[2024-04-27T00:03:43.612+0000] {logging_mixin.py:188} INFO - [2024-04-27T00:03:43.611+0000] {dag.py:3954} INFO - Setting next_dagrun for example_task_group to 2024-04-26 00:00:00+00:00, run_after=2024-04-27 00:00:00+00:00
[2024-04-27T00:03:43.633+0000] {processor.py:183} INFO - Processing /home/airflow/.local/lib/python3.12/site-packages/airflow/example_dags/example_task_group.py took 0.084 seconds
[2024-04-27T00:04:13.910+0000] {processor.py:161} INFO - Started process (PID=11056) to work on /home/airflow/.local/lib/python3.12/site-packages/airflow/example_dags/example_task_group.py
[2024-04-27T00:04:13.911+0000] {processor.py:830} INFO - Processing file /home/airflow/.local/lib/python3.12/site-packages/airflow/example_dags/example_task_group.py for tasks to queue
[2024-04-27T00:04:13.913+0000] {logging_mixin.py:188} INFO - [2024-04-27T00:04:13.913+0000] {dagbag.py:540} INFO - Filling up the DagBag from /home/airflow/.local/lib/python3.12/site-packages/airflow/example_dags/example_task_group.py
[2024-04-27T00:04:13.920+0000] {processor.py:840} INFO - DAG(s) 'example_task_group' retrieved from /home/airflow/.local/lib/python3.12/site-packages/airflow/example_dags/example_task_group.py
[2024-04-27T00:04:14.053+0000] {logging_mixin.py:188} INFO - [2024-04-27T00:04:14.053+0000] {dag.py:3096} INFO - Sync 1 DAGs
[2024-04-27T00:04:14.070+0000] {logging_mixin.py:188} INFO - [2024-04-27T00:04:14.070+0000] {dag.py:3954} INFO - Setting next_dagrun for example_task_group to 2024-04-26 00:00:00+00:00, run_after=2024-04-27 00:00:00+00:00
[2024-04-27T00:04:14.088+0000] {processor.py:183} INFO - Processing /home/airflow/.local/lib/python3.12/site-packages/airflow/example_dags/example_task_group.py took 0.185 seconds
[2024-04-27T00:04:44.874+0000] {processor.py:161} INFO - Started process (PID=11116) to work on /home/airflow/.local/lib/python3.12/site-packages/airflow/example_dags/example_task_group.py
[2024-04-27T00:04:44.875+0000] {processor.py:830} INFO - Processing file /home/airflow/.local/lib/python3.12/site-packages/airflow/example_dags/example_task_group.py for tasks to queue
[2024-04-27T00:04:44.878+0000] {logging_mixin.py:188} INFO - [2024-04-27T00:04:44.877+0000] {dagbag.py:540} INFO - Filling up the DagBag from /home/airflow/.local/lib/python3.12/site-packages/airflow/example_dags/example_task_group.py
[2024-04-27T00:04:44.887+0000] {processor.py:840} INFO - DAG(s) 'example_task_group' retrieved from /home/airflow/.local/lib/python3.12/site-packages/airflow/example_dags/example_task_group.py
[2024-04-27T00:04:44.912+0000] {logging_mixin.py:188} INFO - [2024-04-27T00:04:44.912+0000] {dag.py:3096} INFO - Sync 1 DAGs
[2024-04-27T00:04:44.939+0000] {logging_mixin.py:188} INFO - [2024-04-27T00:04:44.939+0000] {dag.py:3954} INFO - Setting next_dagrun for example_task_group to 2024-04-26 00:00:00+00:00, run_after=2024-04-27 00:00:00+00:00
[2024-04-27T00:04:44.962+0000] {processor.py:183} INFO - Processing /home/airflow/.local/lib/python3.12/site-packages/airflow/example_dags/example_task_group.py took 0.093 seconds
[2024-04-27T00:05:15.169+0000] {processor.py:161} INFO - Started process (PID=11176) to work on /home/airflow/.local/lib/python3.12/site-packages/airflow/example_dags/example_task_group.py
[2024-04-27T00:05:15.170+0000] {processor.py:830} INFO - Processing file /home/airflow/.local/lib/python3.12/site-packages/airflow/example_dags/example_task_group.py for tasks to queue
[2024-04-27T00:05:15.171+0000] {logging_mixin.py:188} INFO - [2024-04-27T00:05:15.171+0000] {dagbag.py:540} INFO - Filling up the DagBag from /home/airflow/.local/lib/python3.12/site-packages/airflow/example_dags/example_task_group.py
[2024-04-27T00:05:15.180+0000] {processor.py:840} INFO - DAG(s) 'example_task_group' retrieved from /home/airflow/.local/lib/python3.12/site-packages/airflow/example_dags/example_task_group.py
[2024-04-27T00:05:15.197+0000] {logging_mixin.py:188} INFO - [2024-04-27T00:05:15.197+0000] {dag.py:3096} INFO - Sync 1 DAGs
[2024-04-27T00:05:15.214+0000] {logging_mixin.py:188} INFO - [2024-04-27T00:05:15.214+0000] {dag.py:3954} INFO - Setting next_dagrun for example_task_group to 2024-04-26 00:00:00+00:00, run_after=2024-04-27 00:00:00+00:00
[2024-04-27T00:05:15.230+0000] {processor.py:183} INFO - Processing /home/airflow/.local/lib/python3.12/site-packages/airflow/example_dags/example_task_group.py took 0.067 seconds
[2024-04-27T00:05:45.639+0000] {processor.py:161} INFO - Started process (PID=11236) to work on /home/airflow/.local/lib/python3.12/site-packages/airflow/example_dags/example_task_group.py
[2024-04-27T00:05:45.641+0000] {processor.py:830} INFO - Processing file /home/airflow/.local/lib/python3.12/site-packages/airflow/example_dags/example_task_group.py for tasks to queue
[2024-04-27T00:05:45.642+0000] {logging_mixin.py:188} INFO - [2024-04-27T00:05:45.642+0000] {dagbag.py:540} INFO - Filling up the DagBag from /home/airflow/.local/lib/python3.12/site-packages/airflow/example_dags/example_task_group.py
[2024-04-27T00:05:45.650+0000] {processor.py:840} INFO - DAG(s) 'example_task_group' retrieved from /home/airflow/.local/lib/python3.12/site-packages/airflow/example_dags/example_task_group.py
[2024-04-27T00:05:45.668+0000] {logging_mixin.py:188} INFO - [2024-04-27T00:05:45.668+0000] {dag.py:3096} INFO - Sync 1 DAGs
[2024-04-27T00:05:45.688+0000] {logging_mixin.py:188} INFO - [2024-04-27T00:05:45.688+0000] {dag.py:3954} INFO - Setting next_dagrun for example_task_group to 2024-04-26 00:00:00+00:00, run_after=2024-04-27 00:00:00+00:00
[2024-04-27T00:05:45.709+0000] {processor.py:183} INFO - Processing /home/airflow/.local/lib/python3.12/site-packages/airflow/example_dags/example_task_group.py took 0.074 seconds
[2024-04-27T00:06:16.545+0000] {processor.py:161} INFO - Started process (PID=11296) to work on /home/airflow/.local/lib/python3.12/site-packages/airflow/example_dags/example_task_group.py
[2024-04-27T00:06:16.546+0000] {processor.py:830} INFO - Processing file /home/airflow/.local/lib/python3.12/site-packages/airflow/example_dags/example_task_group.py for tasks to queue
[2024-04-27T00:06:16.547+0000] {logging_mixin.py:188} INFO - [2024-04-27T00:06:16.547+0000] {dagbag.py:540} INFO - Filling up the DagBag from /home/airflow/.local/lib/python3.12/site-packages/airflow/example_dags/example_task_group.py
[2024-04-27T00:06:16.557+0000] {processor.py:840} INFO - DAG(s) 'example_task_group' retrieved from /home/airflow/.local/lib/python3.12/site-packages/airflow/example_dags/example_task_group.py
[2024-04-27T00:06:16.575+0000] {logging_mixin.py:188} INFO - [2024-04-27T00:06:16.575+0000] {dag.py:3096} INFO - Sync 1 DAGs
[2024-04-27T00:06:16.594+0000] {logging_mixin.py:188} INFO - [2024-04-27T00:06:16.594+0000] {dag.py:3954} INFO - Setting next_dagrun for example_task_group to 2024-04-26 00:00:00+00:00, run_after=2024-04-27 00:00:00+00:00
[2024-04-27T00:06:16.611+0000] {processor.py:183} INFO - Processing /home/airflow/.local/lib/python3.12/site-packages/airflow/example_dags/example_task_group.py took 0.071 seconds
[2024-04-27T00:06:47.133+0000] {processor.py:161} INFO - Started process (PID=11356) to work on /home/airflow/.local/lib/python3.12/site-packages/airflow/example_dags/example_task_group.py
[2024-04-27T00:06:47.135+0000] {processor.py:830} INFO - Processing file /home/airflow/.local/lib/python3.12/site-packages/airflow/example_dags/example_task_group.py for tasks to queue
[2024-04-27T00:06:47.136+0000] {logging_mixin.py:188} INFO - [2024-04-27T00:06:47.135+0000] {dagbag.py:540} INFO - Filling up the DagBag from /home/airflow/.local/lib/python3.12/site-packages/airflow/example_dags/example_task_group.py
[2024-04-27T00:06:47.143+0000] {processor.py:840} INFO - DAG(s) 'example_task_group' retrieved from /home/airflow/.local/lib/python3.12/site-packages/airflow/example_dags/example_task_group.py
[2024-04-27T00:06:47.168+0000] {logging_mixin.py:188} INFO - [2024-04-27T00:06:47.168+0000] {dag.py:3096} INFO - Sync 1 DAGs
[2024-04-27T00:06:47.190+0000] {logging_mixin.py:188} INFO - [2024-04-27T00:06:47.189+0000] {dag.py:3954} INFO - Setting next_dagrun for example_task_group to 2024-04-26 00:00:00+00:00, run_after=2024-04-27 00:00:00+00:00
[2024-04-27T00:06:47.208+0000] {processor.py:183} INFO - Processing /home/airflow/.local/lib/python3.12/site-packages/airflow/example_dags/example_task_group.py took 0.080 seconds
[2024-04-27T00:07:17.911+0000] {processor.py:161} INFO - Started process (PID=11416) to work on /home/airflow/.local/lib/python3.12/site-packages/airflow/example_dags/example_task_group.py
[2024-04-27T00:07:17.912+0000] {processor.py:830} INFO - Processing file /home/airflow/.local/lib/python3.12/site-packages/airflow/example_dags/example_task_group.py for tasks to queue
[2024-04-27T00:07:17.913+0000] {logging_mixin.py:188} INFO - [2024-04-27T00:07:17.913+0000] {dagbag.py:540} INFO - Filling up the DagBag from /home/airflow/.local/lib/python3.12/site-packages/airflow/example_dags/example_task_group.py
[2024-04-27T00:07:17.920+0000] {processor.py:840} INFO - DAG(s) 'example_task_group' retrieved from /home/airflow/.local/lib/python3.12/site-packages/airflow/example_dags/example_task_group.py
[2024-04-27T00:07:17.937+0000] {logging_mixin.py:188} INFO - [2024-04-27T00:07:17.937+0000] {dag.py:3096} INFO - Sync 1 DAGs
[2024-04-27T00:07:17.954+0000] {logging_mixin.py:188} INFO - [2024-04-27T00:07:17.954+0000] {dag.py:3954} INFO - Setting next_dagrun for example_task_group to 2024-04-26 00:00:00+00:00, run_after=2024-04-27 00:00:00+00:00
[2024-04-27T00:07:17.969+0000] {processor.py:183} INFO - Processing /home/airflow/.local/lib/python3.12/site-packages/airflow/example_dags/example_task_group.py took 0.065 seconds
[2024-04-27T00:07:48.423+0000] {processor.py:161} INFO - Started process (PID=11476) to work on /home/airflow/.local/lib/python3.12/site-packages/airflow/example_dags/example_task_group.py
[2024-04-27T00:07:48.425+0000] {processor.py:830} INFO - Processing file /home/airflow/.local/lib/python3.12/site-packages/airflow/example_dags/example_task_group.py for tasks to queue
[2024-04-27T00:07:48.426+0000] {logging_mixin.py:188} INFO - [2024-04-27T00:07:48.425+0000] {dagbag.py:540} INFO - Filling up the DagBag from /home/airflow/.local/lib/python3.12/site-packages/airflow/example_dags/example_task_group.py
[2024-04-27T00:07:48.434+0000] {processor.py:840} INFO - DAG(s) 'example_task_group' retrieved from /home/airflow/.local/lib/python3.12/site-packages/airflow/example_dags/example_task_group.py
[2024-04-27T00:07:48.452+0000] {logging_mixin.py:188} INFO - [2024-04-27T00:07:48.452+0000] {dag.py:3096} INFO - Sync 1 DAGs
[2024-04-27T00:07:48.469+0000] {logging_mixin.py:188} INFO - [2024-04-27T00:07:48.469+0000] {dag.py:3954} INFO - Setting next_dagrun for example_task_group to 2024-04-26 00:00:00+00:00, run_after=2024-04-27 00:00:00+00:00
[2024-04-27T00:07:48.483+0000] {processor.py:183} INFO - Processing /home/airflow/.local/lib/python3.12/site-packages/airflow/example_dags/example_task_group.py took 0.066 seconds
[2024-04-27T00:08:19.141+0000] {processor.py:161} INFO - Started process (PID=11536) to work on /home/airflow/.local/lib/python3.12/site-packages/airflow/example_dags/example_task_group.py
[2024-04-27T00:08:19.143+0000] {processor.py:830} INFO - Processing file /home/airflow/.local/lib/python3.12/site-packages/airflow/example_dags/example_task_group.py for tasks to queue
[2024-04-27T00:08:19.144+0000] {logging_mixin.py:188} INFO - [2024-04-27T00:08:19.144+0000] {dagbag.py:540} INFO - Filling up the DagBag from /home/airflow/.local/lib/python3.12/site-packages/airflow/example_dags/example_task_group.py
[2024-04-27T00:08:19.152+0000] {processor.py:840} INFO - DAG(s) 'example_task_group' retrieved from /home/airflow/.local/lib/python3.12/site-packages/airflow/example_dags/example_task_group.py
[2024-04-27T00:08:19.171+0000] {logging_mixin.py:188} INFO - [2024-04-27T00:08:19.171+0000] {dag.py:3096} INFO - Sync 1 DAGs
[2024-04-27T00:08:19.190+0000] {logging_mixin.py:188} INFO - [2024-04-27T00:08:19.190+0000] {dag.py:3954} INFO - Setting next_dagrun for example_task_group to 2024-04-26 00:00:00+00:00, run_after=2024-04-27 00:00:00+00:00
[2024-04-27T00:08:19.210+0000] {processor.py:183} INFO - Processing /home/airflow/.local/lib/python3.12/site-packages/airflow/example_dags/example_task_group.py took 0.073 seconds
[2024-04-27T00:08:49.589+0000] {processor.py:161} INFO - Started process (PID=11596) to work on /home/airflow/.local/lib/python3.12/site-packages/airflow/example_dags/example_task_group.py
[2024-04-27T00:08:49.590+0000] {processor.py:830} INFO - Processing file /home/airflow/.local/lib/python3.12/site-packages/airflow/example_dags/example_task_group.py for tasks to queue
[2024-04-27T00:08:49.591+0000] {logging_mixin.py:188} INFO - [2024-04-27T00:08:49.591+0000] {dagbag.py:540} INFO - Filling up the DagBag from /home/airflow/.local/lib/python3.12/site-packages/airflow/example_dags/example_task_group.py
[2024-04-27T00:08:49.598+0000] {processor.py:840} INFO - DAG(s) 'example_task_group' retrieved from /home/airflow/.local/lib/python3.12/site-packages/airflow/example_dags/example_task_group.py
[2024-04-27T00:08:49.615+0000] {logging_mixin.py:188} INFO - [2024-04-27T00:08:49.615+0000] {dag.py:3096} INFO - Sync 1 DAGs
[2024-04-27T00:08:49.633+0000] {logging_mixin.py:188} INFO - [2024-04-27T00:08:49.633+0000] {dag.py:3954} INFO - Setting next_dagrun for example_task_group to 2024-04-26 00:00:00+00:00, run_after=2024-04-27 00:00:00+00:00
[2024-04-27T00:08:49.653+0000] {processor.py:183} INFO - Processing /home/airflow/.local/lib/python3.12/site-packages/airflow/example_dags/example_task_group.py took 0.069 seconds
[2024-04-27T00:09:20.143+0000] {processor.py:161} INFO - Started process (PID=11656) to work on /home/airflow/.local/lib/python3.12/site-packages/airflow/example_dags/example_task_group.py
[2024-04-27T00:09:20.149+0000] {processor.py:830} INFO - Processing file /home/airflow/.local/lib/python3.12/site-packages/airflow/example_dags/example_task_group.py for tasks to queue
[2024-04-27T00:09:20.152+0000] {logging_mixin.py:188} INFO - [2024-04-27T00:09:20.152+0000] {dagbag.py:540} INFO - Filling up the DagBag from /home/airflow/.local/lib/python3.12/site-packages/airflow/example_dags/example_task_group.py
[2024-04-27T00:09:20.163+0000] {processor.py:840} INFO - DAG(s) 'example_task_group' retrieved from /home/airflow/.local/lib/python3.12/site-packages/airflow/example_dags/example_task_group.py
[2024-04-27T00:09:20.184+0000] {logging_mixin.py:188} INFO - [2024-04-27T00:09:20.184+0000] {dag.py:3096} INFO - Sync 1 DAGs
[2024-04-27T00:09:20.206+0000] {logging_mixin.py:188} INFO - [2024-04-27T00:09:20.206+0000] {dag.py:3954} INFO - Setting next_dagrun for example_task_group to 2024-04-26 00:00:00+00:00, run_after=2024-04-27 00:00:00+00:00
[2024-04-27T00:09:20.221+0000] {processor.py:183} INFO - Processing /home/airflow/.local/lib/python3.12/site-packages/airflow/example_dags/example_task_group.py took 0.084 seconds
[2024-04-27T00:09:50.933+0000] {processor.py:161} INFO - Started process (PID=11716) to work on /home/airflow/.local/lib/python3.12/site-packages/airflow/example_dags/example_task_group.py
[2024-04-27T00:09:50.935+0000] {processor.py:830} INFO - Processing file /home/airflow/.local/lib/python3.12/site-packages/airflow/example_dags/example_task_group.py for tasks to queue
[2024-04-27T00:09:50.944+0000] {logging_mixin.py:188} INFO - [2024-04-27T00:09:50.944+0000] {dagbag.py:540} INFO - Filling up the DagBag from /home/airflow/.local/lib/python3.12/site-packages/airflow/example_dags/example_task_group.py
[2024-04-27T00:09:50.952+0000] {processor.py:840} INFO - DAG(s) 'example_task_group' retrieved from /home/airflow/.local/lib/python3.12/site-packages/airflow/example_dags/example_task_group.py
[2024-04-27T00:09:50.974+0000] {logging_mixin.py:188} INFO - [2024-04-27T00:09:50.974+0000] {dag.py:3096} INFO - Sync 1 DAGs
[2024-04-27T00:09:50.999+0000] {logging_mixin.py:188} INFO - [2024-04-27T00:09:50.998+0000] {dag.py:3954} INFO - Setting next_dagrun for example_task_group to 2024-04-26 00:00:00+00:00, run_after=2024-04-27 00:00:00+00:00
[2024-04-27T00:09:51.021+0000] {processor.py:183} INFO - Processing /home/airflow/.local/lib/python3.12/site-packages/airflow/example_dags/example_task_group.py took 0.094 seconds
[2024-04-27T00:10:21.530+0000] {processor.py:161} INFO - Started process (PID=11776) to work on /home/airflow/.local/lib/python3.12/site-packages/airflow/example_dags/example_task_group.py
[2024-04-27T00:10:21.531+0000] {processor.py:830} INFO - Processing file /home/airflow/.local/lib/python3.12/site-packages/airflow/example_dags/example_task_group.py for tasks to queue
[2024-04-27T00:10:21.532+0000] {logging_mixin.py:188} INFO - [2024-04-27T00:10:21.532+0000] {dagbag.py:540} INFO - Filling up the DagBag from /home/airflow/.local/lib/python3.12/site-packages/airflow/example_dags/example_task_group.py
[2024-04-27T00:10:21.541+0000] {processor.py:840} INFO - DAG(s) 'example_task_group' retrieved from /home/airflow/.local/lib/python3.12/site-packages/airflow/example_dags/example_task_group.py
[2024-04-27T00:10:21.563+0000] {logging_mixin.py:188} INFO - [2024-04-27T00:10:21.563+0000] {dag.py:3096} INFO - Sync 1 DAGs
[2024-04-27T00:10:21.602+0000] {logging_mixin.py:188} INFO - [2024-04-27T00:10:21.601+0000] {dag.py:3954} INFO - Setting next_dagrun for example_task_group to 2024-04-26 00:00:00+00:00, run_after=2024-04-27 00:00:00+00:00
[2024-04-27T00:10:21.620+0000] {processor.py:183} INFO - Processing /home/airflow/.local/lib/python3.12/site-packages/airflow/example_dags/example_task_group.py took 0.100 seconds
[2024-04-27T00:10:52.382+0000] {processor.py:161} INFO - Started process (PID=11842) to work on /home/airflow/.local/lib/python3.12/site-packages/airflow/example_dags/example_task_group.py
[2024-04-27T00:10:52.383+0000] {processor.py:830} INFO - Processing file /home/airflow/.local/lib/python3.12/site-packages/airflow/example_dags/example_task_group.py for tasks to queue
[2024-04-27T00:10:52.384+0000] {logging_mixin.py:188} INFO - [2024-04-27T00:10:52.384+0000] {dagbag.py:540} INFO - Filling up the DagBag from /home/airflow/.local/lib/python3.12/site-packages/airflow/example_dags/example_task_group.py
[2024-04-27T00:10:52.390+0000] {processor.py:840} INFO - DAG(s) 'example_task_group' retrieved from /home/airflow/.local/lib/python3.12/site-packages/airflow/example_dags/example_task_group.py
[2024-04-27T00:10:52.409+0000] {logging_mixin.py:188} INFO - [2024-04-27T00:10:52.409+0000] {dag.py:3096} INFO - Sync 1 DAGs
[2024-04-27T00:10:52.427+0000] {logging_mixin.py:188} INFO - [2024-04-27T00:10:52.427+0000] {dag.py:3954} INFO - Setting next_dagrun for example_task_group to 2024-04-26 00:00:00+00:00, run_after=2024-04-27 00:00:00+00:00
[2024-04-27T00:10:52.445+0000] {processor.py:183} INFO - Processing /home/airflow/.local/lib/python3.12/site-packages/airflow/example_dags/example_task_group.py took 0.069 seconds
[2024-04-27T00:11:22.995+0000] {processor.py:161} INFO - Started process (PID=11903) to work on /home/airflow/.local/lib/python3.12/site-packages/airflow/example_dags/example_task_group.py
[2024-04-27T00:11:22.995+0000] {processor.py:830} INFO - Processing file /home/airflow/.local/lib/python3.12/site-packages/airflow/example_dags/example_task_group.py for tasks to queue
[2024-04-27T00:11:22.996+0000] {logging_mixin.py:188} INFO - [2024-04-27T00:11:22.996+0000] {dagbag.py:540} INFO - Filling up the DagBag from /home/airflow/.local/lib/python3.12/site-packages/airflow/example_dags/example_task_group.py
[2024-04-27T00:11:23.003+0000] {processor.py:840} INFO - DAG(s) 'example_task_group' retrieved from /home/airflow/.local/lib/python3.12/site-packages/airflow/example_dags/example_task_group.py
[2024-04-27T00:11:23.023+0000] {logging_mixin.py:188} INFO - [2024-04-27T00:11:23.022+0000] {dag.py:3096} INFO - Sync 1 DAGs
[2024-04-27T00:11:23.040+0000] {logging_mixin.py:188} INFO - [2024-04-27T00:11:23.040+0000] {dag.py:3954} INFO - Setting next_dagrun for example_task_group to 2024-04-26 00:00:00+00:00, run_after=2024-04-27 00:00:00+00:00
[2024-04-27T00:11:23.056+0000] {processor.py:183} INFO - Processing /home/airflow/.local/lib/python3.12/site-packages/airflow/example_dags/example_task_group.py took 0.067 seconds
[2024-04-27T00:11:53.693+0000] {processor.py:161} INFO - Started process (PID=11963) to work on /home/airflow/.local/lib/python3.12/site-packages/airflow/example_dags/example_task_group.py
[2024-04-27T00:11:53.694+0000] {processor.py:830} INFO - Processing file /home/airflow/.local/lib/python3.12/site-packages/airflow/example_dags/example_task_group.py for tasks to queue
[2024-04-27T00:11:53.695+0000] {logging_mixin.py:188} INFO - [2024-04-27T00:11:53.695+0000] {dagbag.py:540} INFO - Filling up the DagBag from /home/airflow/.local/lib/python3.12/site-packages/airflow/example_dags/example_task_group.py
[2024-04-27T00:11:53.701+0000] {processor.py:840} INFO - DAG(s) 'example_task_group' retrieved from /home/airflow/.local/lib/python3.12/site-packages/airflow/example_dags/example_task_group.py
[2024-04-27T00:11:53.719+0000] {logging_mixin.py:188} INFO - [2024-04-27T00:11:53.719+0000] {dag.py:3096} INFO - Sync 1 DAGs
[2024-04-27T00:11:53.741+0000] {logging_mixin.py:188} INFO - [2024-04-27T00:11:53.741+0000] {dag.py:3954} INFO - Setting next_dagrun for example_task_group to 2024-04-26 00:00:00+00:00, run_after=2024-04-27 00:00:00+00:00
[2024-04-27T00:11:53.757+0000] {processor.py:183} INFO - Processing /home/airflow/.local/lib/python3.12/site-packages/airflow/example_dags/example_task_group.py took 0.069 seconds
[2024-04-27T00:12:24.007+0000] {processor.py:161} INFO - Started process (PID=12023) to work on /home/airflow/.local/lib/python3.12/site-packages/airflow/example_dags/example_task_group.py
[2024-04-27T00:12:24.009+0000] {processor.py:830} INFO - Processing file /home/airflow/.local/lib/python3.12/site-packages/airflow/example_dags/example_task_group.py for tasks to queue
[2024-04-27T00:12:24.011+0000] {logging_mixin.py:188} INFO - [2024-04-27T00:12:24.010+0000] {dagbag.py:540} INFO - Filling up the DagBag from /home/airflow/.local/lib/python3.12/site-packages/airflow/example_dags/example_task_group.py
[2024-04-27T00:12:24.018+0000] {processor.py:840} INFO - DAG(s) 'example_task_group' retrieved from /home/airflow/.local/lib/python3.12/site-packages/airflow/example_dags/example_task_group.py
[2024-04-27T00:12:24.040+0000] {logging_mixin.py:188} INFO - [2024-04-27T00:12:24.040+0000] {dag.py:3096} INFO - Sync 1 DAGs
[2024-04-27T00:12:24.063+0000] {logging_mixin.py:188} INFO - [2024-04-27T00:12:24.063+0000] {dag.py:3954} INFO - Setting next_dagrun for example_task_group to 2024-04-26 00:00:00+00:00, run_after=2024-04-27 00:00:00+00:00
[2024-04-27T00:12:24.083+0000] {processor.py:183} INFO - Processing /home/airflow/.local/lib/python3.12/site-packages/airflow/example_dags/example_task_group.py took 0.085 seconds
[2024-04-27T00:12:55.392+0000] {processor.py:161} INFO - Started process (PID=12083) to work on /home/airflow/.local/lib/python3.12/site-packages/airflow/example_dags/example_task_group.py
[2024-04-27T00:12:55.394+0000] {processor.py:830} INFO - Processing file /home/airflow/.local/lib/python3.12/site-packages/airflow/example_dags/example_task_group.py for tasks to queue
[2024-04-27T00:12:55.397+0000] {logging_mixin.py:188} INFO - [2024-04-27T00:12:55.396+0000] {dagbag.py:540} INFO - Filling up the DagBag from /home/airflow/.local/lib/python3.12/site-packages/airflow/example_dags/example_task_group.py
[2024-04-27T00:12:55.415+0000] {processor.py:840} INFO - DAG(s) 'example_task_group' retrieved from /home/airflow/.local/lib/python3.12/site-packages/airflow/example_dags/example_task_group.py
[2024-04-27T00:12:55.491+0000] {logging_mixin.py:188} INFO - [2024-04-27T00:12:55.491+0000] {dag.py:3096} INFO - Sync 1 DAGs
[2024-04-27T00:12:55.700+0000] {logging_mixin.py:188} INFO - [2024-04-27T00:12:55.700+0000] {dag.py:3954} INFO - Setting next_dagrun for example_task_group to 2024-04-26 00:00:00+00:00, run_after=2024-04-27 00:00:00+00:00
[2024-04-27T00:12:55.798+0000] {processor.py:183} INFO - Processing /home/airflow/.local/lib/python3.12/site-packages/airflow/example_dags/example_task_group.py took 0.428 seconds
[2024-04-27T00:13:26.625+0000] {processor.py:161} INFO - Started process (PID=12143) to work on /home/airflow/.local/lib/python3.12/site-packages/airflow/example_dags/example_task_group.py
[2024-04-27T00:13:26.629+0000] {processor.py:830} INFO - Processing file /home/airflow/.local/lib/python3.12/site-packages/airflow/example_dags/example_task_group.py for tasks to queue
[2024-04-27T00:13:26.630+0000] {logging_mixin.py:188} INFO - [2024-04-27T00:13:26.630+0000] {dagbag.py:540} INFO - Filling up the DagBag from /home/airflow/.local/lib/python3.12/site-packages/airflow/example_dags/example_task_group.py
[2024-04-27T00:13:26.637+0000] {processor.py:840} INFO - DAG(s) 'example_task_group' retrieved from /home/airflow/.local/lib/python3.12/site-packages/airflow/example_dags/example_task_group.py
[2024-04-27T00:13:26.662+0000] {logging_mixin.py:188} INFO - [2024-04-27T00:13:26.662+0000] {dag.py:3096} INFO - Sync 1 DAGs
[2024-04-27T00:13:26.684+0000] {logging_mixin.py:188} INFO - [2024-04-27T00:13:26.684+0000] {dag.py:3954} INFO - Setting next_dagrun for example_task_group to 2024-04-26 00:00:00+00:00, run_after=2024-04-27 00:00:00+00:00
[2024-04-27T00:13:26.704+0000] {processor.py:183} INFO - Processing /home/airflow/.local/lib/python3.12/site-packages/airflow/example_dags/example_task_group.py took 0.085 seconds
[2024-04-27T00:13:56.996+0000] {processor.py:161} INFO - Started process (PID=12203) to work on /home/airflow/.local/lib/python3.12/site-packages/airflow/example_dags/example_task_group.py
[2024-04-27T00:13:56.998+0000] {processor.py:830} INFO - Processing file /home/airflow/.local/lib/python3.12/site-packages/airflow/example_dags/example_task_group.py for tasks to queue
[2024-04-27T00:13:56.999+0000] {logging_mixin.py:188} INFO - [2024-04-27T00:13:56.998+0000] {dagbag.py:540} INFO - Filling up the DagBag from /home/airflow/.local/lib/python3.12/site-packages/airflow/example_dags/example_task_group.py
[2024-04-27T00:13:57.005+0000] {processor.py:840} INFO - DAG(s) 'example_task_group' retrieved from /home/airflow/.local/lib/python3.12/site-packages/airflow/example_dags/example_task_group.py
[2024-04-27T00:13:57.030+0000] {logging_mixin.py:188} INFO - [2024-04-27T00:13:57.030+0000] {dag.py:3096} INFO - Sync 1 DAGs
[2024-04-27T00:13:57.049+0000] {logging_mixin.py:188} INFO - [2024-04-27T00:13:57.049+0000] {dag.py:3954} INFO - Setting next_dagrun for example_task_group to 2024-04-26 00:00:00+00:00, run_after=2024-04-27 00:00:00+00:00
[2024-04-27T00:13:57.068+0000] {processor.py:183} INFO - Processing /home/airflow/.local/lib/python3.12/site-packages/airflow/example_dags/example_task_group.py took 0.077 seconds
[2024-04-27T00:14:27.982+0000] {processor.py:161} INFO - Started process (PID=12263) to work on /home/airflow/.local/lib/python3.12/site-packages/airflow/example_dags/example_task_group.py
[2024-04-27T00:14:27.984+0000] {processor.py:830} INFO - Processing file /home/airflow/.local/lib/python3.12/site-packages/airflow/example_dags/example_task_group.py for tasks to queue
[2024-04-27T00:14:27.985+0000] {logging_mixin.py:188} INFO - [2024-04-27T00:14:27.985+0000] {dagbag.py:540} INFO - Filling up the DagBag from /home/airflow/.local/lib/python3.12/site-packages/airflow/example_dags/example_task_group.py
[2024-04-27T00:14:27.993+0000] {processor.py:840} INFO - DAG(s) 'example_task_group' retrieved from /home/airflow/.local/lib/python3.12/site-packages/airflow/example_dags/example_task_group.py
[2024-04-27T00:14:28.012+0000] {logging_mixin.py:188} INFO - [2024-04-27T00:14:28.012+0000] {dag.py:3096} INFO - Sync 1 DAGs
[2024-04-27T00:14:28.037+0000] {logging_mixin.py:188} INFO - [2024-04-27T00:14:28.037+0000] {dag.py:3954} INFO - Setting next_dagrun for example_task_group to 2024-04-26 00:00:00+00:00, run_after=2024-04-27 00:00:00+00:00
[2024-04-27T00:14:28.100+0000] {processor.py:183} INFO - Processing /home/airflow/.local/lib/python3.12/site-packages/airflow/example_dags/example_task_group.py took 0.123 seconds
[2024-04-27T00:14:58.673+0000] {processor.py:161} INFO - Started process (PID=12323) to work on /home/airflow/.local/lib/python3.12/site-packages/airflow/example_dags/example_task_group.py
[2024-04-27T00:14:58.674+0000] {processor.py:830} INFO - Processing file /home/airflow/.local/lib/python3.12/site-packages/airflow/example_dags/example_task_group.py for tasks to queue
[2024-04-27T00:14:58.675+0000] {logging_mixin.py:188} INFO - [2024-04-27T00:14:58.674+0000] {dagbag.py:540} INFO - Filling up the DagBag from /home/airflow/.local/lib/python3.12/site-packages/airflow/example_dags/example_task_group.py
[2024-04-27T00:14:58.684+0000] {processor.py:840} INFO - DAG(s) 'example_task_group' retrieved from /home/airflow/.local/lib/python3.12/site-packages/airflow/example_dags/example_task_group.py
[2024-04-27T00:14:58.707+0000] {logging_mixin.py:188} INFO - [2024-04-27T00:14:58.706+0000] {dag.py:3096} INFO - Sync 1 DAGs
[2024-04-27T00:14:58.728+0000] {logging_mixin.py:188} INFO - [2024-04-27T00:14:58.728+0000] {dag.py:3954} INFO - Setting next_dagrun for example_task_group to 2024-04-26 00:00:00+00:00, run_after=2024-04-27 00:00:00+00:00
[2024-04-27T00:14:58.755+0000] {processor.py:183} INFO - Processing /home/airflow/.local/lib/python3.12/site-packages/airflow/example_dags/example_task_group.py took 0.087 seconds
[2024-04-27T00:15:29.279+0000] {processor.py:161} INFO - Started process (PID=12383) to work on /home/airflow/.local/lib/python3.12/site-packages/airflow/example_dags/example_task_group.py
[2024-04-27T00:15:29.280+0000] {processor.py:830} INFO - Processing file /home/airflow/.local/lib/python3.12/site-packages/airflow/example_dags/example_task_group.py for tasks to queue
[2024-04-27T00:15:29.281+0000] {logging_mixin.py:188} INFO - [2024-04-27T00:15:29.281+0000] {dagbag.py:540} INFO - Filling up the DagBag from /home/airflow/.local/lib/python3.12/site-packages/airflow/example_dags/example_task_group.py
[2024-04-27T00:15:29.287+0000] {processor.py:840} INFO - DAG(s) 'example_task_group' retrieved from /home/airflow/.local/lib/python3.12/site-packages/airflow/example_dags/example_task_group.py
[2024-04-27T00:15:29.307+0000] {logging_mixin.py:188} INFO - [2024-04-27T00:15:29.307+0000] {dag.py:3096} INFO - Sync 1 DAGs
[2024-04-27T00:15:29.327+0000] {logging_mixin.py:188} INFO - [2024-04-27T00:15:29.327+0000] {dag.py:3954} INFO - Setting next_dagrun for example_task_group to 2024-04-26 00:00:00+00:00, run_after=2024-04-27 00:00:00+00:00
[2024-04-27T00:15:29.348+0000] {processor.py:183} INFO - Processing /home/airflow/.local/lib/python3.12/site-packages/airflow/example_dags/example_task_group.py took 0.077 seconds
[2024-04-27T00:15:59.732+0000] {processor.py:161} INFO - Started process (PID=12443) to work on /home/airflow/.local/lib/python3.12/site-packages/airflow/example_dags/example_task_group.py
[2024-04-27T00:15:59.733+0000] {processor.py:830} INFO - Processing file /home/airflow/.local/lib/python3.12/site-packages/airflow/example_dags/example_task_group.py for tasks to queue
[2024-04-27T00:15:59.734+0000] {logging_mixin.py:188} INFO - [2024-04-27T00:15:59.734+0000] {dagbag.py:540} INFO - Filling up the DagBag from /home/airflow/.local/lib/python3.12/site-packages/airflow/example_dags/example_task_group.py
[2024-04-27T00:15:59.742+0000] {processor.py:840} INFO - DAG(s) 'example_task_group' retrieved from /home/airflow/.local/lib/python3.12/site-packages/airflow/example_dags/example_task_group.py
[2024-04-27T00:15:59.770+0000] {logging_mixin.py:188} INFO - [2024-04-27T00:15:59.769+0000] {dag.py:3096} INFO - Sync 1 DAGs
[2024-04-27T00:15:59.792+0000] {logging_mixin.py:188} INFO - [2024-04-27T00:15:59.792+0000] {dag.py:3954} INFO - Setting next_dagrun for example_task_group to 2024-04-26 00:00:00+00:00, run_after=2024-04-27 00:00:00+00:00
[2024-04-27T00:15:59.809+0000] {processor.py:183} INFO - Processing /home/airflow/.local/lib/python3.12/site-packages/airflow/example_dags/example_task_group.py took 0.089 seconds
[2024-04-27T00:16:30.242+0000] {processor.py:161} INFO - Started process (PID=12503) to work on /home/airflow/.local/lib/python3.12/site-packages/airflow/example_dags/example_task_group.py
[2024-04-27T00:16:30.247+0000] {processor.py:830} INFO - Processing file /home/airflow/.local/lib/python3.12/site-packages/airflow/example_dags/example_task_group.py for tasks to queue
[2024-04-27T00:16:30.248+0000] {logging_mixin.py:188} INFO - [2024-04-27T00:16:30.247+0000] {dagbag.py:540} INFO - Filling up the DagBag from /home/airflow/.local/lib/python3.12/site-packages/airflow/example_dags/example_task_group.py
[2024-04-27T00:16:30.258+0000] {processor.py:840} INFO - DAG(s) 'example_task_group' retrieved from /home/airflow/.local/lib/python3.12/site-packages/airflow/example_dags/example_task_group.py
[2024-04-27T00:16:30.281+0000] {logging_mixin.py:188} INFO - [2024-04-27T00:16:30.281+0000] {dag.py:3096} INFO - Sync 1 DAGs
[2024-04-27T00:16:30.301+0000] {logging_mixin.py:188} INFO - [2024-04-27T00:16:30.301+0000] {dag.py:3954} INFO - Setting next_dagrun for example_task_group to 2024-04-26 00:00:00+00:00, run_after=2024-04-27 00:00:00+00:00
[2024-04-27T00:16:30.321+0000] {processor.py:183} INFO - Processing /home/airflow/.local/lib/python3.12/site-packages/airflow/example_dags/example_task_group.py took 0.083 seconds
[2024-04-27T00:17:00.371+0000] {processor.py:161} INFO - Started process (PID=12563) to work on /home/airflow/.local/lib/python3.12/site-packages/airflow/example_dags/example_task_group.py
[2024-04-27T00:17:00.373+0000] {processor.py:830} INFO - Processing file /home/airflow/.local/lib/python3.12/site-packages/airflow/example_dags/example_task_group.py for tasks to queue
[2024-04-27T00:17:00.373+0000] {logging_mixin.py:188} INFO - [2024-04-27T00:17:00.373+0000] {dagbag.py:540} INFO - Filling up the DagBag from /home/airflow/.local/lib/python3.12/site-packages/airflow/example_dags/example_task_group.py
[2024-04-27T00:17:00.382+0000] {processor.py:840} INFO - DAG(s) 'example_task_group' retrieved from /home/airflow/.local/lib/python3.12/site-packages/airflow/example_dags/example_task_group.py
[2024-04-27T00:17:00.404+0000] {logging_mixin.py:188} INFO - [2024-04-27T00:17:00.404+0000] {dag.py:3096} INFO - Sync 1 DAGs
[2024-04-27T00:17:00.424+0000] {logging_mixin.py:188} INFO - [2024-04-27T00:17:00.423+0000] {dag.py:3954} INFO - Setting next_dagrun for example_task_group to 2024-04-26 00:00:00+00:00, run_after=2024-04-27 00:00:00+00:00
[2024-04-27T00:17:00.442+0000] {processor.py:183} INFO - Processing /home/airflow/.local/lib/python3.12/site-packages/airflow/example_dags/example_task_group.py took 0.077 seconds
[2024-04-27T00:17:30.701+0000] {processor.py:161} INFO - Started process (PID=12624) to work on /home/airflow/.local/lib/python3.12/site-packages/airflow/example_dags/example_task_group.py
[2024-04-27T00:17:30.704+0000] {processor.py:830} INFO - Processing file /home/airflow/.local/lib/python3.12/site-packages/airflow/example_dags/example_task_group.py for tasks to queue
[2024-04-27T00:17:30.705+0000] {logging_mixin.py:188} INFO - [2024-04-27T00:17:30.704+0000] {dagbag.py:540} INFO - Filling up the DagBag from /home/airflow/.local/lib/python3.12/site-packages/airflow/example_dags/example_task_group.py
[2024-04-27T00:17:30.711+0000] {processor.py:840} INFO - DAG(s) 'example_task_group' retrieved from /home/airflow/.local/lib/python3.12/site-packages/airflow/example_dags/example_task_group.py
[2024-04-27T00:17:30.730+0000] {logging_mixin.py:188} INFO - [2024-04-27T00:17:30.730+0000] {dag.py:3096} INFO - Sync 1 DAGs
[2024-04-27T00:17:30.753+0000] {logging_mixin.py:188} INFO - [2024-04-27T00:17:30.753+0000] {dag.py:3954} INFO - Setting next_dagrun for example_task_group to 2024-04-26 00:00:00+00:00, run_after=2024-04-27 00:00:00+00:00
[2024-04-27T00:17:30.770+0000] {processor.py:183} INFO - Processing /home/airflow/.local/lib/python3.12/site-packages/airflow/example_dags/example_task_group.py took 0.074 seconds
[2024-04-27T00:18:01.634+0000] {processor.py:161} INFO - Started process (PID=12683) to work on /home/airflow/.local/lib/python3.12/site-packages/airflow/example_dags/example_task_group.py
[2024-04-27T00:18:01.637+0000] {processor.py:830} INFO - Processing file /home/airflow/.local/lib/python3.12/site-packages/airflow/example_dags/example_task_group.py for tasks to queue
[2024-04-27T00:18:01.639+0000] {logging_mixin.py:188} INFO - [2024-04-27T00:18:01.638+0000] {dagbag.py:540} INFO - Filling up the DagBag from /home/airflow/.local/lib/python3.12/site-packages/airflow/example_dags/example_task_group.py
[2024-04-27T00:18:01.653+0000] {processor.py:840} INFO - DAG(s) 'example_task_group' retrieved from /home/airflow/.local/lib/python3.12/site-packages/airflow/example_dags/example_task_group.py
[2024-04-27T00:18:01.677+0000] {logging_mixin.py:188} INFO - [2024-04-27T00:18:01.676+0000] {dag.py:3096} INFO - Sync 1 DAGs
[2024-04-27T00:18:01.696+0000] {logging_mixin.py:188} INFO - [2024-04-27T00:18:01.696+0000] {dag.py:3954} INFO - Setting next_dagrun for example_task_group to 2024-04-26 00:00:00+00:00, run_after=2024-04-27 00:00:00+00:00
[2024-04-27T00:18:01.713+0000] {processor.py:183} INFO - Processing /home/airflow/.local/lib/python3.12/site-packages/airflow/example_dags/example_task_group.py took 0.084 seconds
[2024-04-27T00:18:31.993+0000] {processor.py:161} INFO - Started process (PID=12743) to work on /home/airflow/.local/lib/python3.12/site-packages/airflow/example_dags/example_task_group.py
[2024-04-27T00:18:31.994+0000] {processor.py:830} INFO - Processing file /home/airflow/.local/lib/python3.12/site-packages/airflow/example_dags/example_task_group.py for tasks to queue
[2024-04-27T00:18:31.995+0000] {logging_mixin.py:188} INFO - [2024-04-27T00:18:31.994+0000] {dagbag.py:540} INFO - Filling up the DagBag from /home/airflow/.local/lib/python3.12/site-packages/airflow/example_dags/example_task_group.py
[2024-04-27T00:18:32.002+0000] {processor.py:840} INFO - DAG(s) 'example_task_group' retrieved from /home/airflow/.local/lib/python3.12/site-packages/airflow/example_dags/example_task_group.py
[2024-04-27T00:18:32.023+0000] {logging_mixin.py:188} INFO - [2024-04-27T00:18:32.023+0000] {dag.py:3096} INFO - Sync 1 DAGs
[2024-04-27T00:18:32.046+0000] {logging_mixin.py:188} INFO - [2024-04-27T00:18:32.046+0000] {dag.py:3954} INFO - Setting next_dagrun for example_task_group to 2024-04-26 00:00:00+00:00, run_after=2024-04-27 00:00:00+00:00
[2024-04-27T00:18:32.067+0000] {processor.py:183} INFO - Processing /home/airflow/.local/lib/python3.12/site-packages/airflow/example_dags/example_task_group.py took 0.079 seconds
[2024-04-27T00:19:02.192+0000] {processor.py:161} INFO - Started process (PID=12803) to work on /home/airflow/.local/lib/python3.12/site-packages/airflow/example_dags/example_task_group.py
[2024-04-27T00:19:02.193+0000] {processor.py:830} INFO - Processing file /home/airflow/.local/lib/python3.12/site-packages/airflow/example_dags/example_task_group.py for tasks to queue
[2024-04-27T00:19:02.195+0000] {logging_mixin.py:188} INFO - [2024-04-27T00:19:02.194+0000] {dagbag.py:540} INFO - Filling up the DagBag from /home/airflow/.local/lib/python3.12/site-packages/airflow/example_dags/example_task_group.py
[2024-04-27T00:19:02.202+0000] {processor.py:840} INFO - DAG(s) 'example_task_group' retrieved from /home/airflow/.local/lib/python3.12/site-packages/airflow/example_dags/example_task_group.py
[2024-04-27T00:19:02.224+0000] {logging_mixin.py:188} INFO - [2024-04-27T00:19:02.223+0000] {dag.py:3096} INFO - Sync 1 DAGs
[2024-04-27T00:19:02.244+0000] {logging_mixin.py:188} INFO - [2024-04-27T00:19:02.243+0000] {dag.py:3954} INFO - Setting next_dagrun for example_task_group to 2024-04-26 00:00:00+00:00, run_after=2024-04-27 00:00:00+00:00
[2024-04-27T00:19:02.264+0000] {processor.py:183} INFO - Processing /home/airflow/.local/lib/python3.12/site-packages/airflow/example_dags/example_task_group.py took 0.077 seconds
[2024-04-27T00:19:32.891+0000] {processor.py:161} INFO - Started process (PID=12863) to work on /home/airflow/.local/lib/python3.12/site-packages/airflow/example_dags/example_task_group.py
[2024-04-27T00:19:32.892+0000] {processor.py:830} INFO - Processing file /home/airflow/.local/lib/python3.12/site-packages/airflow/example_dags/example_task_group.py for tasks to queue
[2024-04-27T00:19:32.894+0000] {logging_mixin.py:188} INFO - [2024-04-27T00:19:32.894+0000] {dagbag.py:540} INFO - Filling up the DagBag from /home/airflow/.local/lib/python3.12/site-packages/airflow/example_dags/example_task_group.py
[2024-04-27T00:19:32.907+0000] {processor.py:840} INFO - DAG(s) 'example_task_group' retrieved from /home/airflow/.local/lib/python3.12/site-packages/airflow/example_dags/example_task_group.py
[2024-04-27T00:19:32.928+0000] {logging_mixin.py:188} INFO - [2024-04-27T00:19:32.928+0000] {dag.py:3096} INFO - Sync 1 DAGs
[2024-04-27T00:19:32.947+0000] {logging_mixin.py:188} INFO - [2024-04-27T00:19:32.946+0000] {dag.py:3954} INFO - Setting next_dagrun for example_task_group to 2024-04-26 00:00:00+00:00, run_after=2024-04-27 00:00:00+00:00
[2024-04-27T00:19:32.963+0000] {processor.py:183} INFO - Processing /home/airflow/.local/lib/python3.12/site-packages/airflow/example_dags/example_task_group.py took 0.078 seconds
[2024-04-27T00:20:03.522+0000] {processor.py:161} INFO - Started process (PID=12923) to work on /home/airflow/.local/lib/python3.12/site-packages/airflow/example_dags/example_task_group.py
[2024-04-27T00:20:03.524+0000] {processor.py:830} INFO - Processing file /home/airflow/.local/lib/python3.12/site-packages/airflow/example_dags/example_task_group.py for tasks to queue
[2024-04-27T00:20:03.525+0000] {logging_mixin.py:188} INFO - [2024-04-27T00:20:03.525+0000] {dagbag.py:540} INFO - Filling up the DagBag from /home/airflow/.local/lib/python3.12/site-packages/airflow/example_dags/example_task_group.py
[2024-04-27T00:20:03.532+0000] {processor.py:840} INFO - DAG(s) 'example_task_group' retrieved from /home/airflow/.local/lib/python3.12/site-packages/airflow/example_dags/example_task_group.py
[2024-04-27T00:20:03.556+0000] {logging_mixin.py:188} INFO - [2024-04-27T00:20:03.555+0000] {dag.py:3096} INFO - Sync 1 DAGs
[2024-04-27T00:20:03.576+0000] {logging_mixin.py:188} INFO - [2024-04-27T00:20:03.575+0000] {dag.py:3954} INFO - Setting next_dagrun for example_task_group to 2024-04-26 00:00:00+00:00, run_after=2024-04-27 00:00:00+00:00
[2024-04-27T00:20:03.597+0000] {processor.py:183} INFO - Processing /home/airflow/.local/lib/python3.12/site-packages/airflow/example_dags/example_task_group.py took 0.080 seconds
[2024-04-27T00:20:33.997+0000] {processor.py:161} INFO - Started process (PID=12982) to work on /home/airflow/.local/lib/python3.12/site-packages/airflow/example_dags/example_task_group.py
[2024-04-27T00:20:33.999+0000] {processor.py:830} INFO - Processing file /home/airflow/.local/lib/python3.12/site-packages/airflow/example_dags/example_task_group.py for tasks to queue
[2024-04-27T00:20:34.000+0000] {logging_mixin.py:188} INFO - [2024-04-27T00:20:34.000+0000] {dagbag.py:540} INFO - Filling up the DagBag from /home/airflow/.local/lib/python3.12/site-packages/airflow/example_dags/example_task_group.py
[2024-04-27T00:20:34.007+0000] {processor.py:840} INFO - DAG(s) 'example_task_group' retrieved from /home/airflow/.local/lib/python3.12/site-packages/airflow/example_dags/example_task_group.py
[2024-04-27T00:20:34.027+0000] {logging_mixin.py:188} INFO - [2024-04-27T00:20:34.026+0000] {dag.py:3096} INFO - Sync 1 DAGs
[2024-04-27T00:20:34.059+0000] {logging_mixin.py:188} INFO - [2024-04-27T00:20:34.059+0000] {dag.py:3954} INFO - Setting next_dagrun for example_task_group to 2024-04-26 00:00:00+00:00, run_after=2024-04-27 00:00:00+00:00
[2024-04-27T00:20:34.078+0000] {processor.py:183} INFO - Processing /home/airflow/.local/lib/python3.12/site-packages/airflow/example_dags/example_task_group.py took 0.086 seconds
[2024-04-27T00:21:04.636+0000] {processor.py:161} INFO - Started process (PID=13042) to work on /home/airflow/.local/lib/python3.12/site-packages/airflow/example_dags/example_task_group.py
[2024-04-27T00:21:04.642+0000] {processor.py:830} INFO - Processing file /home/airflow/.local/lib/python3.12/site-packages/airflow/example_dags/example_task_group.py for tasks to queue
[2024-04-27T00:21:04.645+0000] {logging_mixin.py:188} INFO - [2024-04-27T00:21:04.645+0000] {dagbag.py:540} INFO - Filling up the DagBag from /home/airflow/.local/lib/python3.12/site-packages/airflow/example_dags/example_task_group.py
[2024-04-27T00:21:04.662+0000] {processor.py:840} INFO - DAG(s) 'example_task_group' retrieved from /home/airflow/.local/lib/python3.12/site-packages/airflow/example_dags/example_task_group.py
[2024-04-27T00:21:04.687+0000] {logging_mixin.py:188} INFO - [2024-04-27T00:21:04.686+0000] {dag.py:3096} INFO - Sync 1 DAGs
[2024-04-27T00:21:04.709+0000] {logging_mixin.py:188} INFO - [2024-04-27T00:21:04.709+0000] {dag.py:3954} INFO - Setting next_dagrun for example_task_group to 2024-04-26 00:00:00+00:00, run_after=2024-04-27 00:00:00+00:00
[2024-04-27T00:21:04.730+0000] {processor.py:183} INFO - Processing /home/airflow/.local/lib/python3.12/site-packages/airflow/example_dags/example_task_group.py took 0.101 seconds
[2024-04-27T00:21:34.763+0000] {processor.py:161} INFO - Started process (PID=13101) to work on /home/airflow/.local/lib/python3.12/site-packages/airflow/example_dags/example_task_group.py
[2024-04-27T00:21:34.764+0000] {processor.py:830} INFO - Processing file /home/airflow/.local/lib/python3.12/site-packages/airflow/example_dags/example_task_group.py for tasks to queue
[2024-04-27T00:21:34.766+0000] {logging_mixin.py:188} INFO - [2024-04-27T00:21:34.765+0000] {dagbag.py:540} INFO - Filling up the DagBag from /home/airflow/.local/lib/python3.12/site-packages/airflow/example_dags/example_task_group.py
[2024-04-27T00:21:34.772+0000] {processor.py:840} INFO - DAG(s) 'example_task_group' retrieved from /home/airflow/.local/lib/python3.12/site-packages/airflow/example_dags/example_task_group.py
[2024-04-27T00:21:34.795+0000] {logging_mixin.py:188} INFO - [2024-04-27T00:21:34.795+0000] {dag.py:3096} INFO - Sync 1 DAGs
[2024-04-27T00:21:34.820+0000] {logging_mixin.py:188} INFO - [2024-04-27T00:21:34.820+0000] {dag.py:3954} INFO - Setting next_dagrun for example_task_group to 2024-04-26 00:00:00+00:00, run_after=2024-04-27 00:00:00+00:00
[2024-04-27T00:21:34.842+0000] {processor.py:183} INFO - Processing /home/airflow/.local/lib/python3.12/site-packages/airflow/example_dags/example_task_group.py took 0.086 seconds
[2024-04-27T00:22:05.054+0000] {processor.py:161} INFO - Started process (PID=13160) to work on /home/airflow/.local/lib/python3.12/site-packages/airflow/example_dags/example_task_group.py
[2024-04-27T00:22:05.056+0000] {processor.py:830} INFO - Processing file /home/airflow/.local/lib/python3.12/site-packages/airflow/example_dags/example_task_group.py for tasks to queue
[2024-04-27T00:22:05.058+0000] {logging_mixin.py:188} INFO - [2024-04-27T00:22:05.057+0000] {dagbag.py:540} INFO - Filling up the DagBag from /home/airflow/.local/lib/python3.12/site-packages/airflow/example_dags/example_task_group.py
[2024-04-27T00:22:05.068+0000] {processor.py:840} INFO - DAG(s) 'example_task_group' retrieved from /home/airflow/.local/lib/python3.12/site-packages/airflow/example_dags/example_task_group.py
[2024-04-27T00:22:05.089+0000] {logging_mixin.py:188} INFO - [2024-04-27T00:22:05.089+0000] {dag.py:3096} INFO - Sync 1 DAGs
[2024-04-27T00:22:05.115+0000] {logging_mixin.py:188} INFO - [2024-04-27T00:22:05.115+0000] {dag.py:3954} INFO - Setting next_dagrun for example_task_group to 2024-04-26 00:00:00+00:00, run_after=2024-04-27 00:00:00+00:00
[2024-04-27T00:22:05.138+0000] {processor.py:183} INFO - Processing /home/airflow/.local/lib/python3.12/site-packages/airflow/example_dags/example_task_group.py took 0.089 seconds
[2024-04-27T00:22:35.856+0000] {processor.py:161} INFO - Started process (PID=13220) to work on /home/airflow/.local/lib/python3.12/site-packages/airflow/example_dags/example_task_group.py
[2024-04-27T00:22:35.858+0000] {processor.py:830} INFO - Processing file /home/airflow/.local/lib/python3.12/site-packages/airflow/example_dags/example_task_group.py for tasks to queue
[2024-04-27T00:22:35.859+0000] {logging_mixin.py:188} INFO - [2024-04-27T00:22:35.859+0000] {dagbag.py:540} INFO - Filling up the DagBag from /home/airflow/.local/lib/python3.12/site-packages/airflow/example_dags/example_task_group.py
[2024-04-27T00:22:35.867+0000] {processor.py:840} INFO - DAG(s) 'example_task_group' retrieved from /home/airflow/.local/lib/python3.12/site-packages/airflow/example_dags/example_task_group.py
[2024-04-27T00:22:35.892+0000] {logging_mixin.py:188} INFO - [2024-04-27T00:22:35.892+0000] {dag.py:3096} INFO - Sync 1 DAGs
[2024-04-27T00:22:35.916+0000] {logging_mixin.py:188} INFO - [2024-04-27T00:22:35.916+0000] {dag.py:3954} INFO - Setting next_dagrun for example_task_group to 2024-04-26 00:00:00+00:00, run_after=2024-04-27 00:00:00+00:00
[2024-04-27T00:22:35.940+0000] {processor.py:183} INFO - Processing /home/airflow/.local/lib/python3.12/site-packages/airflow/example_dags/example_task_group.py took 0.095 seconds
[2024-04-27T00:23:06.494+0000] {processor.py:161} INFO - Started process (PID=13280) to work on /home/airflow/.local/lib/python3.12/site-packages/airflow/example_dags/example_task_group.py
[2024-04-27T00:23:06.494+0000] {processor.py:830} INFO - Processing file /home/airflow/.local/lib/python3.12/site-packages/airflow/example_dags/example_task_group.py for tasks to queue
[2024-04-27T00:23:06.495+0000] {logging_mixin.py:188} INFO - [2024-04-27T00:23:06.495+0000] {dagbag.py:540} INFO - Filling up the DagBag from /home/airflow/.local/lib/python3.12/site-packages/airflow/example_dags/example_task_group.py
[2024-04-27T00:23:06.503+0000] {processor.py:840} INFO - DAG(s) 'example_task_group' retrieved from /home/airflow/.local/lib/python3.12/site-packages/airflow/example_dags/example_task_group.py
[2024-04-27T00:23:06.522+0000] {logging_mixin.py:188} INFO - [2024-04-27T00:23:06.522+0000] {dag.py:3096} INFO - Sync 1 DAGs
[2024-04-27T00:23:06.541+0000] {logging_mixin.py:188} INFO - [2024-04-27T00:23:06.541+0000] {dag.py:3954} INFO - Setting next_dagrun for example_task_group to 2024-04-26 00:00:00+00:00, run_after=2024-04-27 00:00:00+00:00
[2024-04-27T00:23:06.565+0000] {processor.py:183} INFO - Processing /home/airflow/.local/lib/python3.12/site-packages/airflow/example_dags/example_task_group.py took 0.077 seconds
[2024-04-27T00:23:37.192+0000] {processor.py:161} INFO - Started process (PID=13340) to work on /home/airflow/.local/lib/python3.12/site-packages/airflow/example_dags/example_task_group.py
[2024-04-27T00:23:37.193+0000] {processor.py:830} INFO - Processing file /home/airflow/.local/lib/python3.12/site-packages/airflow/example_dags/example_task_group.py for tasks to queue
[2024-04-27T00:23:37.200+0000] {logging_mixin.py:188} INFO - [2024-04-27T00:23:37.200+0000] {dagbag.py:540} INFO - Filling up the DagBag from /home/airflow/.local/lib/python3.12/site-packages/airflow/example_dags/example_task_group.py
[2024-04-27T00:23:37.211+0000] {processor.py:840} INFO - DAG(s) 'example_task_group' retrieved from /home/airflow/.local/lib/python3.12/site-packages/airflow/example_dags/example_task_group.py
[2024-04-27T00:23:37.238+0000] {logging_mixin.py:188} INFO - [2024-04-27T00:23:37.237+0000] {dag.py:3096} INFO - Sync 1 DAGs
[2024-04-27T00:23:37.259+0000] {logging_mixin.py:188} INFO - [2024-04-27T00:23:37.259+0000] {dag.py:3954} INFO - Setting next_dagrun for example_task_group to 2024-04-26 00:00:00+00:00, run_after=2024-04-27 00:00:00+00:00
[2024-04-27T00:23:37.282+0000] {processor.py:183} INFO - Processing /home/airflow/.local/lib/python3.12/site-packages/airflow/example_dags/example_task_group.py took 0.095 seconds
[2024-04-27T00:24:07.771+0000] {processor.py:161} INFO - Started process (PID=13401) to work on /home/airflow/.local/lib/python3.12/site-packages/airflow/example_dags/example_task_group.py
[2024-04-27T00:24:07.772+0000] {processor.py:830} INFO - Processing file /home/airflow/.local/lib/python3.12/site-packages/airflow/example_dags/example_task_group.py for tasks to queue
[2024-04-27T00:24:07.774+0000] {logging_mixin.py:188} INFO - [2024-04-27T00:24:07.773+0000] {dagbag.py:540} INFO - Filling up the DagBag from /home/airflow/.local/lib/python3.12/site-packages/airflow/example_dags/example_task_group.py
[2024-04-27T00:24:07.782+0000] {processor.py:840} INFO - DAG(s) 'example_task_group' retrieved from /home/airflow/.local/lib/python3.12/site-packages/airflow/example_dags/example_task_group.py
[2024-04-27T00:24:07.803+0000] {logging_mixin.py:188} INFO - [2024-04-27T00:24:07.803+0000] {dag.py:3096} INFO - Sync 1 DAGs
[2024-04-27T00:24:07.825+0000] {logging_mixin.py:188} INFO - [2024-04-27T00:24:07.825+0000] {dag.py:3954} INFO - Setting next_dagrun for example_task_group to 2024-04-26 00:00:00+00:00, run_after=2024-04-27 00:00:00+00:00
[2024-04-27T00:24:07.846+0000] {processor.py:183} INFO - Processing /home/airflow/.local/lib/python3.12/site-packages/airflow/example_dags/example_task_group.py took 0.081 seconds
[2024-04-27T00:24:38.208+0000] {processor.py:161} INFO - Started process (PID=13461) to work on /home/airflow/.local/lib/python3.12/site-packages/airflow/example_dags/example_task_group.py
[2024-04-27T00:24:38.209+0000] {processor.py:830} INFO - Processing file /home/airflow/.local/lib/python3.12/site-packages/airflow/example_dags/example_task_group.py for tasks to queue
[2024-04-27T00:24:38.210+0000] {logging_mixin.py:188} INFO - [2024-04-27T00:24:38.210+0000] {dagbag.py:540} INFO - Filling up the DagBag from /home/airflow/.local/lib/python3.12/site-packages/airflow/example_dags/example_task_group.py
[2024-04-27T00:24:38.218+0000] {processor.py:840} INFO - DAG(s) 'example_task_group' retrieved from /home/airflow/.local/lib/python3.12/site-packages/airflow/example_dags/example_task_group.py
[2024-04-27T00:24:38.238+0000] {logging_mixin.py:188} INFO - [2024-04-27T00:24:38.238+0000] {dag.py:3096} INFO - Sync 1 DAGs
[2024-04-27T00:24:38.272+0000] {logging_mixin.py:188} INFO - [2024-04-27T00:24:38.271+0000] {dag.py:3954} INFO - Setting next_dagrun for example_task_group to 2024-04-26 00:00:00+00:00, run_after=2024-04-27 00:00:00+00:00
[2024-04-27T00:24:38.292+0000] {processor.py:183} INFO - Processing /home/airflow/.local/lib/python3.12/site-packages/airflow/example_dags/example_task_group.py took 0.089 seconds
[2024-04-27T00:25:08.783+0000] {processor.py:161} INFO - Started process (PID=13521) to work on /home/airflow/.local/lib/python3.12/site-packages/airflow/example_dags/example_task_group.py
[2024-04-27T00:25:08.785+0000] {processor.py:830} INFO - Processing file /home/airflow/.local/lib/python3.12/site-packages/airflow/example_dags/example_task_group.py for tasks to queue
[2024-04-27T00:25:08.787+0000] {logging_mixin.py:188} INFO - [2024-04-27T00:25:08.787+0000] {dagbag.py:540} INFO - Filling up the DagBag from /home/airflow/.local/lib/python3.12/site-packages/airflow/example_dags/example_task_group.py
[2024-04-27T00:25:08.794+0000] {processor.py:840} INFO - DAG(s) 'example_task_group' retrieved from /home/airflow/.local/lib/python3.12/site-packages/airflow/example_dags/example_task_group.py
[2024-04-27T00:25:08.815+0000] {logging_mixin.py:188} INFO - [2024-04-27T00:25:08.814+0000] {dag.py:3096} INFO - Sync 1 DAGs
[2024-04-27T00:25:08.840+0000] {logging_mixin.py:188} INFO - [2024-04-27T00:25:08.840+0000] {dag.py:3954} INFO - Setting next_dagrun for example_task_group to 2024-04-26 00:00:00+00:00, run_after=2024-04-27 00:00:00+00:00
[2024-04-27T00:25:08.871+0000] {processor.py:183} INFO - Processing /home/airflow/.local/lib/python3.12/site-packages/airflow/example_dags/example_task_group.py took 0.093 seconds
