[2024-04-27T00:00:01.888+0000] {processor.py:161} INFO - Started process (PID=10548) to work on /home/airflow/.local/lib/python3.12/site-packages/airflow/example_dags/example_params_trigger_ui.py
[2024-04-27T00:00:01.889+0000] {processor.py:830} INFO - Processing file /home/airflow/.local/lib/python3.12/site-packages/airflow/example_dags/example_params_trigger_ui.py for tasks to queue
[2024-04-27T00:00:01.891+0000] {logging_mixin.py:188} INFO - [2024-04-27T00:00:01.891+0000] {dagbag.py:540} INFO - Filling up the DagBag from /home/airflow/.local/lib/python3.12/site-packages/airflow/example_dags/example_params_trigger_ui.py
[2024-04-27T00:00:01.906+0000] {processor.py:840} INFO - DAG(s) 'example_params_trigger_ui' retrieved from /home/airflow/.local/lib/python3.12/site-packages/airflow/example_dags/example_params_trigger_ui.py
[2024-04-27T00:00:01.958+0000] {logging_mixin.py:188} INFO - [2024-04-27T00:00:01.958+0000] {dag.py:3096} INFO - Sync 1 DAGs
[2024-04-27T00:00:01.975+0000] {logging_mixin.py:188} INFO - [2024-04-27T00:00:01.975+0000] {dag.py:3954} INFO - Setting next_dagrun for example_params_trigger_ui to None, run_after=None
[2024-04-27T00:00:02.021+0000] {processor.py:183} INFO - Processing /home/airflow/.local/lib/python3.12/site-packages/airflow/example_dags/example_params_trigger_ui.py took 0.139 seconds
[2024-04-27T00:00:32.116+0000] {processor.py:161} INFO - Started process (PID=10608) to work on /home/airflow/.local/lib/python3.12/site-packages/airflow/example_dags/example_params_trigger_ui.py
[2024-04-27T00:00:32.128+0000] {processor.py:830} INFO - Processing file /home/airflow/.local/lib/python3.12/site-packages/airflow/example_dags/example_params_trigger_ui.py for tasks to queue
[2024-04-27T00:00:32.134+0000] {logging_mixin.py:188} INFO - [2024-04-27T00:00:32.134+0000] {dagbag.py:540} INFO - Filling up the DagBag from /home/airflow/.local/lib/python3.12/site-packages/airflow/example_dags/example_params_trigger_ui.py
[2024-04-27T00:00:32.160+0000] {processor.py:840} INFO - DAG(s) 'example_params_trigger_ui' retrieved from /home/airflow/.local/lib/python3.12/site-packages/airflow/example_dags/example_params_trigger_ui.py
[2024-04-27T00:00:32.211+0000] {logging_mixin.py:188} INFO - [2024-04-27T00:00:32.211+0000] {dag.py:3096} INFO - Sync 1 DAGs
[2024-04-27T00:00:32.223+0000] {logging_mixin.py:188} INFO - [2024-04-27T00:00:32.223+0000] {dag.py:3954} INFO - Setting next_dagrun for example_params_trigger_ui to None, run_after=None
[2024-04-27T00:00:32.247+0000] {processor.py:183} INFO - Processing /home/airflow/.local/lib/python3.12/site-packages/airflow/example_dags/example_params_trigger_ui.py took 0.138 seconds
[2024-04-27T00:01:02.411+0000] {processor.py:161} INFO - Started process (PID=10669) to work on /home/airflow/.local/lib/python3.12/site-packages/airflow/example_dags/example_params_trigger_ui.py
[2024-04-27T00:01:02.412+0000] {processor.py:830} INFO - Processing file /home/airflow/.local/lib/python3.12/site-packages/airflow/example_dags/example_params_trigger_ui.py for tasks to queue
[2024-04-27T00:01:02.417+0000] {logging_mixin.py:188} INFO - [2024-04-27T00:01:02.416+0000] {dagbag.py:540} INFO - Filling up the DagBag from /home/airflow/.local/lib/python3.12/site-packages/airflow/example_dags/example_params_trigger_ui.py
[2024-04-27T00:01:02.433+0000] {processor.py:840} INFO - DAG(s) 'example_params_trigger_ui' retrieved from /home/airflow/.local/lib/python3.12/site-packages/airflow/example_dags/example_params_trigger_ui.py
[2024-04-27T00:01:02.484+0000] {logging_mixin.py:188} INFO - [2024-04-27T00:01:02.484+0000] {dag.py:3096} INFO - Sync 1 DAGs
[2024-04-27T00:01:02.499+0000] {logging_mixin.py:188} INFO - [2024-04-27T00:01:02.499+0000] {dag.py:3954} INFO - Setting next_dagrun for example_params_trigger_ui to None, run_after=None
[2024-04-27T00:01:02.526+0000] {processor.py:183} INFO - Processing /home/airflow/.local/lib/python3.12/site-packages/airflow/example_dags/example_params_trigger_ui.py took 0.121 seconds
[2024-04-27T00:01:33.060+0000] {processor.py:161} INFO - Started process (PID=10730) to work on /home/airflow/.local/lib/python3.12/site-packages/airflow/example_dags/example_params_trigger_ui.py
[2024-04-27T00:01:33.061+0000] {processor.py:830} INFO - Processing file /home/airflow/.local/lib/python3.12/site-packages/airflow/example_dags/example_params_trigger_ui.py for tasks to queue
[2024-04-27T00:01:33.063+0000] {logging_mixin.py:188} INFO - [2024-04-27T00:01:33.062+0000] {dagbag.py:540} INFO - Filling up the DagBag from /home/airflow/.local/lib/python3.12/site-packages/airflow/example_dags/example_params_trigger_ui.py
[2024-04-27T00:01:33.076+0000] {processor.py:840} INFO - DAG(s) 'example_params_trigger_ui' retrieved from /home/airflow/.local/lib/python3.12/site-packages/airflow/example_dags/example_params_trigger_ui.py
[2024-04-27T00:01:33.123+0000] {logging_mixin.py:188} INFO - [2024-04-27T00:01:33.123+0000] {dag.py:3096} INFO - Sync 1 DAGs
[2024-04-27T00:01:33.138+0000] {logging_mixin.py:188} INFO - [2024-04-27T00:01:33.138+0000] {dag.py:3954} INFO - Setting next_dagrun for example_params_trigger_ui to None, run_after=None
[2024-04-27T00:01:33.165+0000] {processor.py:183} INFO - Processing /home/airflow/.local/lib/python3.12/site-packages/airflow/example_dags/example_params_trigger_ui.py took 0.111 seconds
[2024-04-27T00:02:03.845+0000] {processor.py:161} INFO - Started process (PID=10791) to work on /home/airflow/.local/lib/python3.12/site-packages/airflow/example_dags/example_params_trigger_ui.py
[2024-04-27T00:02:03.846+0000] {processor.py:830} INFO - Processing file /home/airflow/.local/lib/python3.12/site-packages/airflow/example_dags/example_params_trigger_ui.py for tasks to queue
[2024-04-27T00:02:03.848+0000] {logging_mixin.py:188} INFO - [2024-04-27T00:02:03.848+0000] {dagbag.py:540} INFO - Filling up the DagBag from /home/airflow/.local/lib/python3.12/site-packages/airflow/example_dags/example_params_trigger_ui.py
[2024-04-27T00:02:03.863+0000] {processor.py:840} INFO - DAG(s) 'example_params_trigger_ui' retrieved from /home/airflow/.local/lib/python3.12/site-packages/airflow/example_dags/example_params_trigger_ui.py
[2024-04-27T00:02:03.921+0000] {logging_mixin.py:188} INFO - [2024-04-27T00:02:03.921+0000] {dag.py:3096} INFO - Sync 1 DAGs
[2024-04-27T00:02:03.933+0000] {logging_mixin.py:188} INFO - [2024-04-27T00:02:03.933+0000] {dag.py:3954} INFO - Setting next_dagrun for example_params_trigger_ui to None, run_after=None
[2024-04-27T00:02:03.963+0000] {processor.py:183} INFO - Processing /home/airflow/.local/lib/python3.12/site-packages/airflow/example_dags/example_params_trigger_ui.py took 0.123 seconds
[2024-04-27T00:02:34.258+0000] {processor.py:161} INFO - Started process (PID=10852) to work on /home/airflow/.local/lib/python3.12/site-packages/airflow/example_dags/example_params_trigger_ui.py
[2024-04-27T00:02:34.259+0000] {processor.py:830} INFO - Processing file /home/airflow/.local/lib/python3.12/site-packages/airflow/example_dags/example_params_trigger_ui.py for tasks to queue
[2024-04-27T00:02:34.261+0000] {logging_mixin.py:188} INFO - [2024-04-27T00:02:34.261+0000] {dagbag.py:540} INFO - Filling up the DagBag from /home/airflow/.local/lib/python3.12/site-packages/airflow/example_dags/example_params_trigger_ui.py
[2024-04-27T00:02:34.272+0000] {processor.py:840} INFO - DAG(s) 'example_params_trigger_ui' retrieved from /home/airflow/.local/lib/python3.12/site-packages/airflow/example_dags/example_params_trigger_ui.py
[2024-04-27T00:02:34.306+0000] {logging_mixin.py:188} INFO - [2024-04-27T00:02:34.306+0000] {dag.py:3096} INFO - Sync 1 DAGs
[2024-04-27T00:02:34.316+0000] {logging_mixin.py:188} INFO - [2024-04-27T00:02:34.316+0000] {dag.py:3954} INFO - Setting next_dagrun for example_params_trigger_ui to None, run_after=None
[2024-04-27T00:02:34.331+0000] {processor.py:183} INFO - Processing /home/airflow/.local/lib/python3.12/site-packages/airflow/example_dags/example_params_trigger_ui.py took 0.078 seconds
[2024-04-27T00:03:05.228+0000] {processor.py:161} INFO - Started process (PID=10913) to work on /home/airflow/.local/lib/python3.12/site-packages/airflow/example_dags/example_params_trigger_ui.py
[2024-04-27T00:03:05.229+0000] {processor.py:830} INFO - Processing file /home/airflow/.local/lib/python3.12/site-packages/airflow/example_dags/example_params_trigger_ui.py for tasks to queue
[2024-04-27T00:03:05.231+0000] {logging_mixin.py:188} INFO - [2024-04-27T00:03:05.230+0000] {dagbag.py:540} INFO - Filling up the DagBag from /home/airflow/.local/lib/python3.12/site-packages/airflow/example_dags/example_params_trigger_ui.py
[2024-04-27T00:03:05.243+0000] {processor.py:840} INFO - DAG(s) 'example_params_trigger_ui' retrieved from /home/airflow/.local/lib/python3.12/site-packages/airflow/example_dags/example_params_trigger_ui.py
[2024-04-27T00:03:05.401+0000] {logging_mixin.py:188} INFO - [2024-04-27T00:03:05.401+0000] {dag.py:3096} INFO - Sync 1 DAGs
[2024-04-27T00:03:05.410+0000] {logging_mixin.py:188} INFO - [2024-04-27T00:03:05.410+0000] {dag.py:3954} INFO - Setting next_dagrun for example_params_trigger_ui to None, run_after=None
[2024-04-27T00:03:05.425+0000] {processor.py:183} INFO - Processing /home/airflow/.local/lib/python3.12/site-packages/airflow/example_dags/example_params_trigger_ui.py took 0.203 seconds
[2024-04-27T00:03:35.591+0000] {processor.py:161} INFO - Started process (PID=10974) to work on /home/airflow/.local/lib/python3.12/site-packages/airflow/example_dags/example_params_trigger_ui.py
[2024-04-27T00:03:35.592+0000] {processor.py:830} INFO - Processing file /home/airflow/.local/lib/python3.12/site-packages/airflow/example_dags/example_params_trigger_ui.py for tasks to queue
[2024-04-27T00:03:35.594+0000] {logging_mixin.py:188} INFO - [2024-04-27T00:03:35.593+0000] {dagbag.py:540} INFO - Filling up the DagBag from /home/airflow/.local/lib/python3.12/site-packages/airflow/example_dags/example_params_trigger_ui.py
[2024-04-27T00:03:35.605+0000] {processor.py:840} INFO - DAG(s) 'example_params_trigger_ui' retrieved from /home/airflow/.local/lib/python3.12/site-packages/airflow/example_dags/example_params_trigger_ui.py
[2024-04-27T00:03:35.640+0000] {logging_mixin.py:188} INFO - [2024-04-27T00:03:35.639+0000] {dag.py:3096} INFO - Sync 1 DAGs
[2024-04-27T00:03:35.769+0000] {logging_mixin.py:188} INFO - [2024-04-27T00:03:35.769+0000] {dag.py:3954} INFO - Setting next_dagrun for example_params_trigger_ui to None, run_after=None
[2024-04-27T00:03:35.786+0000] {processor.py:183} INFO - Processing /home/airflow/.local/lib/python3.12/site-packages/airflow/example_dags/example_params_trigger_ui.py took 0.201 seconds
[2024-04-27T00:04:06.062+0000] {processor.py:161} INFO - Started process (PID=11034) to work on /home/airflow/.local/lib/python3.12/site-packages/airflow/example_dags/example_params_trigger_ui.py
[2024-04-27T00:04:06.063+0000] {processor.py:830} INFO - Processing file /home/airflow/.local/lib/python3.12/site-packages/airflow/example_dags/example_params_trigger_ui.py for tasks to queue
[2024-04-27T00:04:06.066+0000] {logging_mixin.py:188} INFO - [2024-04-27T00:04:06.065+0000] {dagbag.py:540} INFO - Filling up the DagBag from /home/airflow/.local/lib/python3.12/site-packages/airflow/example_dags/example_params_trigger_ui.py
[2024-04-27T00:04:06.080+0000] {processor.py:840} INFO - DAG(s) 'example_params_trigger_ui' retrieved from /home/airflow/.local/lib/python3.12/site-packages/airflow/example_dags/example_params_trigger_ui.py
[2024-04-27T00:04:06.126+0000] {logging_mixin.py:188} INFO - [2024-04-27T00:04:06.126+0000] {dag.py:3096} INFO - Sync 1 DAGs
[2024-04-27T00:04:06.141+0000] {logging_mixin.py:188} INFO - [2024-04-27T00:04:06.141+0000] {dag.py:3954} INFO - Setting next_dagrun for example_params_trigger_ui to None, run_after=None
[2024-04-27T00:04:06.300+0000] {processor.py:183} INFO - Processing /home/airflow/.local/lib/python3.12/site-packages/airflow/example_dags/example_params_trigger_ui.py took 0.243 seconds
[2024-04-27T00:04:36.682+0000] {processor.py:161} INFO - Started process (PID=11094) to work on /home/airflow/.local/lib/python3.12/site-packages/airflow/example_dags/example_params_trigger_ui.py
[2024-04-27T00:04:36.684+0000] {processor.py:830} INFO - Processing file /home/airflow/.local/lib/python3.12/site-packages/airflow/example_dags/example_params_trigger_ui.py for tasks to queue
[2024-04-27T00:04:36.686+0000] {logging_mixin.py:188} INFO - [2024-04-27T00:04:36.685+0000] {dagbag.py:540} INFO - Filling up the DagBag from /home/airflow/.local/lib/python3.12/site-packages/airflow/example_dags/example_params_trigger_ui.py
[2024-04-27T00:04:36.706+0000] {processor.py:840} INFO - DAG(s) 'example_params_trigger_ui' retrieved from /home/airflow/.local/lib/python3.12/site-packages/airflow/example_dags/example_params_trigger_ui.py
[2024-04-27T00:04:36.752+0000] {logging_mixin.py:188} INFO - [2024-04-27T00:04:36.751+0000] {dag.py:3096} INFO - Sync 1 DAGs
[2024-04-27T00:04:36.767+0000] {logging_mixin.py:188} INFO - [2024-04-27T00:04:36.767+0000] {dag.py:3954} INFO - Setting next_dagrun for example_params_trigger_ui to None, run_after=None
[2024-04-27T00:04:36.794+0000] {processor.py:183} INFO - Processing /home/airflow/.local/lib/python3.12/site-packages/airflow/example_dags/example_params_trigger_ui.py took 0.119 seconds
[2024-04-27T00:05:07.322+0000] {processor.py:161} INFO - Started process (PID=11154) to work on /home/airflow/.local/lib/python3.12/site-packages/airflow/example_dags/example_params_trigger_ui.py
[2024-04-27T00:05:07.324+0000] {processor.py:830} INFO - Processing file /home/airflow/.local/lib/python3.12/site-packages/airflow/example_dags/example_params_trigger_ui.py for tasks to queue
[2024-04-27T00:05:07.326+0000] {logging_mixin.py:188} INFO - [2024-04-27T00:05:07.326+0000] {dagbag.py:540} INFO - Filling up the DagBag from /home/airflow/.local/lib/python3.12/site-packages/airflow/example_dags/example_params_trigger_ui.py
[2024-04-27T00:05:07.344+0000] {processor.py:840} INFO - DAG(s) 'example_params_trigger_ui' retrieved from /home/airflow/.local/lib/python3.12/site-packages/airflow/example_dags/example_params_trigger_ui.py
[2024-04-27T00:05:07.415+0000] {logging_mixin.py:188} INFO - [2024-04-27T00:05:07.415+0000] {dag.py:3096} INFO - Sync 1 DAGs
[2024-04-27T00:05:07.432+0000] {logging_mixin.py:188} INFO - [2024-04-27T00:05:07.432+0000] {dag.py:3954} INFO - Setting next_dagrun for example_params_trigger_ui to None, run_after=None
[2024-04-27T00:05:07.471+0000] {processor.py:183} INFO - Processing /home/airflow/.local/lib/python3.12/site-packages/airflow/example_dags/example_params_trigger_ui.py took 0.156 seconds
[2024-04-27T00:05:38.183+0000] {processor.py:161} INFO - Started process (PID=11214) to work on /home/airflow/.local/lib/python3.12/site-packages/airflow/example_dags/example_params_trigger_ui.py
[2024-04-27T00:05:38.185+0000] {processor.py:830} INFO - Processing file /home/airflow/.local/lib/python3.12/site-packages/airflow/example_dags/example_params_trigger_ui.py for tasks to queue
[2024-04-27T00:05:38.186+0000] {logging_mixin.py:188} INFO - [2024-04-27T00:05:38.186+0000] {dagbag.py:540} INFO - Filling up the DagBag from /home/airflow/.local/lib/python3.12/site-packages/airflow/example_dags/example_params_trigger_ui.py
[2024-04-27T00:05:38.202+0000] {processor.py:840} INFO - DAG(s) 'example_params_trigger_ui' retrieved from /home/airflow/.local/lib/python3.12/site-packages/airflow/example_dags/example_params_trigger_ui.py
[2024-04-27T00:05:38.243+0000] {logging_mixin.py:188} INFO - [2024-04-27T00:05:38.242+0000] {dag.py:3096} INFO - Sync 1 DAGs
[2024-04-27T00:05:38.255+0000] {logging_mixin.py:188} INFO - [2024-04-27T00:05:38.255+0000] {dag.py:3954} INFO - Setting next_dagrun for example_params_trigger_ui to None, run_after=None
[2024-04-27T00:05:38.275+0000] {processor.py:183} INFO - Processing /home/airflow/.local/lib/python3.12/site-packages/airflow/example_dags/example_params_trigger_ui.py took 0.098 seconds
[2024-04-27T00:06:08.874+0000] {processor.py:161} INFO - Started process (PID=11274) to work on /home/airflow/.local/lib/python3.12/site-packages/airflow/example_dags/example_params_trigger_ui.py
[2024-04-27T00:06:08.876+0000] {processor.py:830} INFO - Processing file /home/airflow/.local/lib/python3.12/site-packages/airflow/example_dags/example_params_trigger_ui.py for tasks to queue
[2024-04-27T00:06:08.877+0000] {logging_mixin.py:188} INFO - [2024-04-27T00:06:08.877+0000] {dagbag.py:540} INFO - Filling up the DagBag from /home/airflow/.local/lib/python3.12/site-packages/airflow/example_dags/example_params_trigger_ui.py
[2024-04-27T00:06:08.889+0000] {processor.py:840} INFO - DAG(s) 'example_params_trigger_ui' retrieved from /home/airflow/.local/lib/python3.12/site-packages/airflow/example_dags/example_params_trigger_ui.py
[2024-04-27T00:06:08.932+0000] {logging_mixin.py:188} INFO - [2024-04-27T00:06:08.932+0000] {dag.py:3096} INFO - Sync 1 DAGs
[2024-04-27T00:06:08.945+0000] {logging_mixin.py:188} INFO - [2024-04-27T00:06:08.945+0000] {dag.py:3954} INFO - Setting next_dagrun for example_params_trigger_ui to None, run_after=None
[2024-04-27T00:06:08.977+0000] {processor.py:183} INFO - Processing /home/airflow/.local/lib/python3.12/site-packages/airflow/example_dags/example_params_trigger_ui.py took 0.107 seconds
[2024-04-27T00:06:39.592+0000] {processor.py:161} INFO - Started process (PID=11334) to work on /home/airflow/.local/lib/python3.12/site-packages/airflow/example_dags/example_params_trigger_ui.py
[2024-04-27T00:06:39.603+0000] {processor.py:830} INFO - Processing file /home/airflow/.local/lib/python3.12/site-packages/airflow/example_dags/example_params_trigger_ui.py for tasks to queue
[2024-04-27T00:06:39.604+0000] {logging_mixin.py:188} INFO - [2024-04-27T00:06:39.604+0000] {dagbag.py:540} INFO - Filling up the DagBag from /home/airflow/.local/lib/python3.12/site-packages/airflow/example_dags/example_params_trigger_ui.py
[2024-04-27T00:06:39.622+0000] {processor.py:840} INFO - DAG(s) 'example_params_trigger_ui' retrieved from /home/airflow/.local/lib/python3.12/site-packages/airflow/example_dags/example_params_trigger_ui.py
[2024-04-27T00:06:39.666+0000] {logging_mixin.py:188} INFO - [2024-04-27T00:06:39.666+0000] {dag.py:3096} INFO - Sync 1 DAGs
[2024-04-27T00:06:39.678+0000] {logging_mixin.py:188} INFO - [2024-04-27T00:06:39.678+0000] {dag.py:3954} INFO - Setting next_dagrun for example_params_trigger_ui to None, run_after=None
[2024-04-27T00:06:39.697+0000] {processor.py:183} INFO - Processing /home/airflow/.local/lib/python3.12/site-packages/airflow/example_dags/example_params_trigger_ui.py took 0.110 seconds
[2024-04-27T00:07:10.438+0000] {processor.py:161} INFO - Started process (PID=11394) to work on /home/airflow/.local/lib/python3.12/site-packages/airflow/example_dags/example_params_trigger_ui.py
[2024-04-27T00:07:10.439+0000] {processor.py:830} INFO - Processing file /home/airflow/.local/lib/python3.12/site-packages/airflow/example_dags/example_params_trigger_ui.py for tasks to queue
[2024-04-27T00:07:10.443+0000] {logging_mixin.py:188} INFO - [2024-04-27T00:07:10.442+0000] {dagbag.py:540} INFO - Filling up the DagBag from /home/airflow/.local/lib/python3.12/site-packages/airflow/example_dags/example_params_trigger_ui.py
[2024-04-27T00:07:10.456+0000] {processor.py:840} INFO - DAG(s) 'example_params_trigger_ui' retrieved from /home/airflow/.local/lib/python3.12/site-packages/airflow/example_dags/example_params_trigger_ui.py
[2024-04-27T00:07:10.496+0000] {logging_mixin.py:188} INFO - [2024-04-27T00:07:10.496+0000] {dag.py:3096} INFO - Sync 1 DAGs
[2024-04-27T00:07:10.512+0000] {logging_mixin.py:188} INFO - [2024-04-27T00:07:10.512+0000] {dag.py:3954} INFO - Setting next_dagrun for example_params_trigger_ui to None, run_after=None
[2024-04-27T00:07:10.537+0000] {processor.py:183} INFO - Processing /home/airflow/.local/lib/python3.12/site-packages/airflow/example_dags/example_params_trigger_ui.py took 0.104 seconds
[2024-04-27T00:07:40.830+0000] {processor.py:161} INFO - Started process (PID=11454) to work on /home/airflow/.local/lib/python3.12/site-packages/airflow/example_dags/example_params_trigger_ui.py
[2024-04-27T00:07:40.831+0000] {processor.py:830} INFO - Processing file /home/airflow/.local/lib/python3.12/site-packages/airflow/example_dags/example_params_trigger_ui.py for tasks to queue
[2024-04-27T00:07:40.832+0000] {logging_mixin.py:188} INFO - [2024-04-27T00:07:40.832+0000] {dagbag.py:540} INFO - Filling up the DagBag from /home/airflow/.local/lib/python3.12/site-packages/airflow/example_dags/example_params_trigger_ui.py
[2024-04-27T00:07:40.845+0000] {processor.py:840} INFO - DAG(s) 'example_params_trigger_ui' retrieved from /home/airflow/.local/lib/python3.12/site-packages/airflow/example_dags/example_params_trigger_ui.py
[2024-04-27T00:07:40.884+0000] {logging_mixin.py:188} INFO - [2024-04-27T00:07:40.884+0000] {dag.py:3096} INFO - Sync 1 DAGs
[2024-04-27T00:07:40.895+0000] {logging_mixin.py:188} INFO - [2024-04-27T00:07:40.895+0000] {dag.py:3954} INFO - Setting next_dagrun for example_params_trigger_ui to None, run_after=None
[2024-04-27T00:07:40.918+0000] {processor.py:183} INFO - Processing /home/airflow/.local/lib/python3.12/site-packages/airflow/example_dags/example_params_trigger_ui.py took 0.093 seconds
[2024-04-27T00:08:11.692+0000] {processor.py:161} INFO - Started process (PID=11514) to work on /home/airflow/.local/lib/python3.12/site-packages/airflow/example_dags/example_params_trigger_ui.py
[2024-04-27T00:08:11.693+0000] {processor.py:830} INFO - Processing file /home/airflow/.local/lib/python3.12/site-packages/airflow/example_dags/example_params_trigger_ui.py for tasks to queue
[2024-04-27T00:08:11.694+0000] {logging_mixin.py:188} INFO - [2024-04-27T00:08:11.694+0000] {dagbag.py:540} INFO - Filling up the DagBag from /home/airflow/.local/lib/python3.12/site-packages/airflow/example_dags/example_params_trigger_ui.py
[2024-04-27T00:08:11.707+0000] {processor.py:840} INFO - DAG(s) 'example_params_trigger_ui' retrieved from /home/airflow/.local/lib/python3.12/site-packages/airflow/example_dags/example_params_trigger_ui.py
[2024-04-27T00:08:11.744+0000] {logging_mixin.py:188} INFO - [2024-04-27T00:08:11.744+0000] {dag.py:3096} INFO - Sync 1 DAGs
[2024-04-27T00:08:11.755+0000] {logging_mixin.py:188} INFO - [2024-04-27T00:08:11.755+0000] {dag.py:3954} INFO - Setting next_dagrun for example_params_trigger_ui to None, run_after=None
[2024-04-27T00:08:11.770+0000] {processor.py:183} INFO - Processing /home/airflow/.local/lib/python3.12/site-packages/airflow/example_dags/example_params_trigger_ui.py took 0.083 seconds
[2024-04-27T00:08:42.122+0000] {processor.py:161} INFO - Started process (PID=11574) to work on /home/airflow/.local/lib/python3.12/site-packages/airflow/example_dags/example_params_trigger_ui.py
[2024-04-27T00:08:42.123+0000] {processor.py:830} INFO - Processing file /home/airflow/.local/lib/python3.12/site-packages/airflow/example_dags/example_params_trigger_ui.py for tasks to queue
[2024-04-27T00:08:42.124+0000] {logging_mixin.py:188} INFO - [2024-04-27T00:08:42.124+0000] {dagbag.py:540} INFO - Filling up the DagBag from /home/airflow/.local/lib/python3.12/site-packages/airflow/example_dags/example_params_trigger_ui.py
[2024-04-27T00:08:42.136+0000] {processor.py:840} INFO - DAG(s) 'example_params_trigger_ui' retrieved from /home/airflow/.local/lib/python3.12/site-packages/airflow/example_dags/example_params_trigger_ui.py
[2024-04-27T00:08:42.178+0000] {logging_mixin.py:188} INFO - [2024-04-27T00:08:42.178+0000] {dag.py:3096} INFO - Sync 1 DAGs
[2024-04-27T00:08:42.188+0000] {logging_mixin.py:188} INFO - [2024-04-27T00:08:42.188+0000] {dag.py:3954} INFO - Setting next_dagrun for example_params_trigger_ui to None, run_after=None
[2024-04-27T00:08:42.205+0000] {processor.py:183} INFO - Processing /home/airflow/.local/lib/python3.12/site-packages/airflow/example_dags/example_params_trigger_ui.py took 0.088 seconds
[2024-04-27T00:09:12.571+0000] {processor.py:161} INFO - Started process (PID=11634) to work on /home/airflow/.local/lib/python3.12/site-packages/airflow/example_dags/example_params_trigger_ui.py
[2024-04-27T00:09:12.572+0000] {processor.py:830} INFO - Processing file /home/airflow/.local/lib/python3.12/site-packages/airflow/example_dags/example_params_trigger_ui.py for tasks to queue
[2024-04-27T00:09:12.573+0000] {logging_mixin.py:188} INFO - [2024-04-27T00:09:12.573+0000] {dagbag.py:540} INFO - Filling up the DagBag from /home/airflow/.local/lib/python3.12/site-packages/airflow/example_dags/example_params_trigger_ui.py
[2024-04-27T00:09:12.592+0000] {processor.py:840} INFO - DAG(s) 'example_params_trigger_ui' retrieved from /home/airflow/.local/lib/python3.12/site-packages/airflow/example_dags/example_params_trigger_ui.py
[2024-04-27T00:09:12.634+0000] {logging_mixin.py:188} INFO - [2024-04-27T00:09:12.633+0000] {dag.py:3096} INFO - Sync 1 DAGs
[2024-04-27T00:09:12.645+0000] {logging_mixin.py:188} INFO - [2024-04-27T00:09:12.645+0000] {dag.py:3954} INFO - Setting next_dagrun for example_params_trigger_ui to None, run_after=None
[2024-04-27T00:09:12.677+0000] {processor.py:183} INFO - Processing /home/airflow/.local/lib/python3.12/site-packages/airflow/example_dags/example_params_trigger_ui.py took 0.116 seconds
[2024-04-27T00:09:43.342+0000] {processor.py:161} INFO - Started process (PID=11694) to work on /home/airflow/.local/lib/python3.12/site-packages/airflow/example_dags/example_params_trigger_ui.py
[2024-04-27T00:09:43.343+0000] {processor.py:830} INFO - Processing file /home/airflow/.local/lib/python3.12/site-packages/airflow/example_dags/example_params_trigger_ui.py for tasks to queue
[2024-04-27T00:09:43.344+0000] {logging_mixin.py:188} INFO - [2024-04-27T00:09:43.344+0000] {dagbag.py:540} INFO - Filling up the DagBag from /home/airflow/.local/lib/python3.12/site-packages/airflow/example_dags/example_params_trigger_ui.py
[2024-04-27T00:09:43.356+0000] {processor.py:840} INFO - DAG(s) 'example_params_trigger_ui' retrieved from /home/airflow/.local/lib/python3.12/site-packages/airflow/example_dags/example_params_trigger_ui.py
[2024-04-27T00:09:43.392+0000] {logging_mixin.py:188} INFO - [2024-04-27T00:09:43.392+0000] {dag.py:3096} INFO - Sync 1 DAGs
[2024-04-27T00:09:43.402+0000] {logging_mixin.py:188} INFO - [2024-04-27T00:09:43.402+0000] {dag.py:3954} INFO - Setting next_dagrun for example_params_trigger_ui to None, run_after=None
[2024-04-27T00:09:43.422+0000] {processor.py:183} INFO - Processing /home/airflow/.local/lib/python3.12/site-packages/airflow/example_dags/example_params_trigger_ui.py took 0.086 seconds
[2024-04-27T00:10:13.938+0000] {processor.py:161} INFO - Started process (PID=11754) to work on /home/airflow/.local/lib/python3.12/site-packages/airflow/example_dags/example_params_trigger_ui.py
[2024-04-27T00:10:13.940+0000] {processor.py:830} INFO - Processing file /home/airflow/.local/lib/python3.12/site-packages/airflow/example_dags/example_params_trigger_ui.py for tasks to queue
[2024-04-27T00:10:13.941+0000] {logging_mixin.py:188} INFO - [2024-04-27T00:10:13.940+0000] {dagbag.py:540} INFO - Filling up the DagBag from /home/airflow/.local/lib/python3.12/site-packages/airflow/example_dags/example_params_trigger_ui.py
[2024-04-27T00:10:13.952+0000] {processor.py:840} INFO - DAG(s) 'example_params_trigger_ui' retrieved from /home/airflow/.local/lib/python3.12/site-packages/airflow/example_dags/example_params_trigger_ui.py
[2024-04-27T00:10:13.992+0000] {logging_mixin.py:188} INFO - [2024-04-27T00:10:13.992+0000] {dag.py:3096} INFO - Sync 1 DAGs
[2024-04-27T00:10:14.004+0000] {logging_mixin.py:188} INFO - [2024-04-27T00:10:14.004+0000] {dag.py:3954} INFO - Setting next_dagrun for example_params_trigger_ui to None, run_after=None
[2024-04-27T00:10:14.025+0000] {processor.py:183} INFO - Processing /home/airflow/.local/lib/python3.12/site-packages/airflow/example_dags/example_params_trigger_ui.py took 0.091 seconds
[2024-04-27T00:10:44.851+0000] {processor.py:161} INFO - Started process (PID=11814) to work on /home/airflow/.local/lib/python3.12/site-packages/airflow/example_dags/example_params_trigger_ui.py
[2024-04-27T00:10:44.853+0000] {processor.py:830} INFO - Processing file /home/airflow/.local/lib/python3.12/site-packages/airflow/example_dags/example_params_trigger_ui.py for tasks to queue
[2024-04-27T00:10:44.854+0000] {logging_mixin.py:188} INFO - [2024-04-27T00:10:44.853+0000] {dagbag.py:540} INFO - Filling up the DagBag from /home/airflow/.local/lib/python3.12/site-packages/airflow/example_dags/example_params_trigger_ui.py
[2024-04-27T00:10:44.867+0000] {processor.py:840} INFO - DAG(s) 'example_params_trigger_ui' retrieved from /home/airflow/.local/lib/python3.12/site-packages/airflow/example_dags/example_params_trigger_ui.py
[2024-04-27T00:10:44.903+0000] {logging_mixin.py:188} INFO - [2024-04-27T00:10:44.903+0000] {dag.py:3096} INFO - Sync 1 DAGs
[2024-04-27T00:10:44.914+0000] {logging_mixin.py:188} INFO - [2024-04-27T00:10:44.914+0000] {dag.py:3954} INFO - Setting next_dagrun for example_params_trigger_ui to None, run_after=None
[2024-04-27T00:10:44.933+0000] {processor.py:183} INFO - Processing /home/airflow/.local/lib/python3.12/site-packages/airflow/example_dags/example_params_trigger_ui.py took 0.087 seconds
[2024-04-27T00:11:15.380+0000] {processor.py:161} INFO - Started process (PID=11874) to work on /home/airflow/.local/lib/python3.12/site-packages/airflow/example_dags/example_params_trigger_ui.py
[2024-04-27T00:11:15.381+0000] {processor.py:830} INFO - Processing file /home/airflow/.local/lib/python3.12/site-packages/airflow/example_dags/example_params_trigger_ui.py for tasks to queue
[2024-04-27T00:11:15.382+0000] {logging_mixin.py:188} INFO - [2024-04-27T00:11:15.382+0000] {dagbag.py:540} INFO - Filling up the DagBag from /home/airflow/.local/lib/python3.12/site-packages/airflow/example_dags/example_params_trigger_ui.py
[2024-04-27T00:11:15.393+0000] {processor.py:840} INFO - DAG(s) 'example_params_trigger_ui' retrieved from /home/airflow/.local/lib/python3.12/site-packages/airflow/example_dags/example_params_trigger_ui.py
[2024-04-27T00:11:15.431+0000] {logging_mixin.py:188} INFO - [2024-04-27T00:11:15.431+0000] {dag.py:3096} INFO - Sync 1 DAGs
[2024-04-27T00:11:15.443+0000] {logging_mixin.py:188} INFO - [2024-04-27T00:11:15.443+0000] {dag.py:3954} INFO - Setting next_dagrun for example_params_trigger_ui to None, run_after=None
[2024-04-27T00:11:15.461+0000] {processor.py:183} INFO - Processing /home/airflow/.local/lib/python3.12/site-packages/airflow/example_dags/example_params_trigger_ui.py took 0.086 seconds
[2024-04-27T00:11:46.403+0000] {processor.py:161} INFO - Started process (PID=11937) to work on /home/airflow/.local/lib/python3.12/site-packages/airflow/example_dags/example_params_trigger_ui.py
[2024-04-27T00:11:46.404+0000] {processor.py:830} INFO - Processing file /home/airflow/.local/lib/python3.12/site-packages/airflow/example_dags/example_params_trigger_ui.py for tasks to queue
[2024-04-27T00:11:46.408+0000] {logging_mixin.py:188} INFO - [2024-04-27T00:11:46.406+0000] {dagbag.py:540} INFO - Filling up the DagBag from /home/airflow/.local/lib/python3.12/site-packages/airflow/example_dags/example_params_trigger_ui.py
[2024-04-27T00:11:46.430+0000] {processor.py:840} INFO - DAG(s) 'example_params_trigger_ui' retrieved from /home/airflow/.local/lib/python3.12/site-packages/airflow/example_dags/example_params_trigger_ui.py
[2024-04-27T00:11:46.500+0000] {logging_mixin.py:188} INFO - [2024-04-27T00:11:46.500+0000] {dag.py:3096} INFO - Sync 1 DAGs
[2024-04-27T00:11:46.519+0000] {logging_mixin.py:188} INFO - [2024-04-27T00:11:46.519+0000] {dag.py:3954} INFO - Setting next_dagrun for example_params_trigger_ui to None, run_after=None
[2024-04-27T00:11:46.546+0000] {processor.py:183} INFO - Processing /home/airflow/.local/lib/python3.12/site-packages/airflow/example_dags/example_params_trigger_ui.py took 0.151 seconds
[2024-04-27T00:12:17.308+0000] {processor.py:161} INFO - Started process (PID=11997) to work on /home/airflow/.local/lib/python3.12/site-packages/airflow/example_dags/example_params_trigger_ui.py
[2024-04-27T00:12:17.310+0000] {processor.py:830} INFO - Processing file /home/airflow/.local/lib/python3.12/site-packages/airflow/example_dags/example_params_trigger_ui.py for tasks to queue
[2024-04-27T00:12:17.311+0000] {logging_mixin.py:188} INFO - [2024-04-27T00:12:17.310+0000] {dagbag.py:540} INFO - Filling up the DagBag from /home/airflow/.local/lib/python3.12/site-packages/airflow/example_dags/example_params_trigger_ui.py
[2024-04-27T00:12:17.324+0000] {processor.py:840} INFO - DAG(s) 'example_params_trigger_ui' retrieved from /home/airflow/.local/lib/python3.12/site-packages/airflow/example_dags/example_params_trigger_ui.py
[2024-04-27T00:12:17.376+0000] {logging_mixin.py:188} INFO - [2024-04-27T00:12:17.375+0000] {dag.py:3096} INFO - Sync 1 DAGs
[2024-04-27T00:12:17.389+0000] {logging_mixin.py:188} INFO - [2024-04-27T00:12:17.388+0000] {dag.py:3954} INFO - Setting next_dagrun for example_params_trigger_ui to None, run_after=None
[2024-04-27T00:12:17.412+0000] {processor.py:183} INFO - Processing /home/airflow/.local/lib/python3.12/site-packages/airflow/example_dags/example_params_trigger_ui.py took 0.110 seconds
[2024-04-27T00:12:47.559+0000] {processor.py:161} INFO - Started process (PID=12056) to work on /home/airflow/.local/lib/python3.12/site-packages/airflow/example_dags/example_params_trigger_ui.py
[2024-04-27T00:12:47.560+0000] {processor.py:830} INFO - Processing file /home/airflow/.local/lib/python3.12/site-packages/airflow/example_dags/example_params_trigger_ui.py for tasks to queue
[2024-04-27T00:12:47.561+0000] {logging_mixin.py:188} INFO - [2024-04-27T00:12:47.560+0000] {dagbag.py:540} INFO - Filling up the DagBag from /home/airflow/.local/lib/python3.12/site-packages/airflow/example_dags/example_params_trigger_ui.py
[2024-04-27T00:12:47.576+0000] {processor.py:840} INFO - DAG(s) 'example_params_trigger_ui' retrieved from /home/airflow/.local/lib/python3.12/site-packages/airflow/example_dags/example_params_trigger_ui.py
[2024-04-27T00:12:47.621+0000] {logging_mixin.py:188} INFO - [2024-04-27T00:12:47.621+0000] {dag.py:3096} INFO - Sync 1 DAGs
[2024-04-27T00:12:47.635+0000] {logging_mixin.py:188} INFO - [2024-04-27T00:12:47.634+0000] {dag.py:3954} INFO - Setting next_dagrun for example_params_trigger_ui to None, run_after=None
[2024-04-27T00:12:47.655+0000] {processor.py:183} INFO - Processing /home/airflow/.local/lib/python3.12/site-packages/airflow/example_dags/example_params_trigger_ui.py took 0.101 seconds
[2024-04-27T00:13:18.418+0000] {processor.py:161} INFO - Started process (PID=12117) to work on /home/airflow/.local/lib/python3.12/site-packages/airflow/example_dags/example_params_trigger_ui.py
[2024-04-27T00:13:18.419+0000] {processor.py:830} INFO - Processing file /home/airflow/.local/lib/python3.12/site-packages/airflow/example_dags/example_params_trigger_ui.py for tasks to queue
[2024-04-27T00:13:18.421+0000] {logging_mixin.py:188} INFO - [2024-04-27T00:13:18.420+0000] {dagbag.py:540} INFO - Filling up the DagBag from /home/airflow/.local/lib/python3.12/site-packages/airflow/example_dags/example_params_trigger_ui.py
[2024-04-27T00:13:18.436+0000] {processor.py:840} INFO - DAG(s) 'example_params_trigger_ui' retrieved from /home/airflow/.local/lib/python3.12/site-packages/airflow/example_dags/example_params_trigger_ui.py
[2024-04-27T00:13:18.478+0000] {logging_mixin.py:188} INFO - [2024-04-27T00:13:18.478+0000] {dag.py:3096} INFO - Sync 1 DAGs
[2024-04-27T00:13:18.496+0000] {logging_mixin.py:188} INFO - [2024-04-27T00:13:18.496+0000] {dag.py:3954} INFO - Setting next_dagrun for example_params_trigger_ui to None, run_after=None
[2024-04-27T00:13:18.526+0000] {processor.py:183} INFO - Processing /home/airflow/.local/lib/python3.12/site-packages/airflow/example_dags/example_params_trigger_ui.py took 0.113 seconds
[2024-04-27T00:13:48.666+0000] {processor.py:161} INFO - Started process (PID=12176) to work on /home/airflow/.local/lib/python3.12/site-packages/airflow/example_dags/example_params_trigger_ui.py
[2024-04-27T00:13:48.667+0000] {processor.py:830} INFO - Processing file /home/airflow/.local/lib/python3.12/site-packages/airflow/example_dags/example_params_trigger_ui.py for tasks to queue
[2024-04-27T00:13:48.668+0000] {logging_mixin.py:188} INFO - [2024-04-27T00:13:48.668+0000] {dagbag.py:540} INFO - Filling up the DagBag from /home/airflow/.local/lib/python3.12/site-packages/airflow/example_dags/example_params_trigger_ui.py
[2024-04-27T00:13:48.697+0000] {processor.py:840} INFO - DAG(s) 'example_params_trigger_ui' retrieved from /home/airflow/.local/lib/python3.12/site-packages/airflow/example_dags/example_params_trigger_ui.py
[2024-04-27T00:13:48.781+0000] {logging_mixin.py:188} INFO - [2024-04-27T00:13:48.781+0000] {dag.py:3096} INFO - Sync 1 DAGs
[2024-04-27T00:13:48.794+0000] {logging_mixin.py:188} INFO - [2024-04-27T00:13:48.794+0000] {dag.py:3954} INFO - Setting next_dagrun for example_params_trigger_ui to None, run_after=None
[2024-04-27T00:13:48.815+0000] {processor.py:183} INFO - Processing /home/airflow/.local/lib/python3.12/site-packages/airflow/example_dags/example_params_trigger_ui.py took 0.155 seconds
[2024-04-27T00:14:19.328+0000] {processor.py:161} INFO - Started process (PID=12235) to work on /home/airflow/.local/lib/python3.12/site-packages/airflow/example_dags/example_params_trigger_ui.py
[2024-04-27T00:14:19.330+0000] {processor.py:830} INFO - Processing file /home/airflow/.local/lib/python3.12/site-packages/airflow/example_dags/example_params_trigger_ui.py for tasks to queue
[2024-04-27T00:14:19.331+0000] {logging_mixin.py:188} INFO - [2024-04-27T00:14:19.330+0000] {dagbag.py:540} INFO - Filling up the DagBag from /home/airflow/.local/lib/python3.12/site-packages/airflow/example_dags/example_params_trigger_ui.py
[2024-04-27T00:14:19.344+0000] {processor.py:840} INFO - DAG(s) 'example_params_trigger_ui' retrieved from /home/airflow/.local/lib/python3.12/site-packages/airflow/example_dags/example_params_trigger_ui.py
[2024-04-27T00:14:19.380+0000] {logging_mixin.py:188} INFO - [2024-04-27T00:14:19.380+0000] {dag.py:3096} INFO - Sync 1 DAGs
[2024-04-27T00:14:19.391+0000] {logging_mixin.py:188} INFO - [2024-04-27T00:14:19.391+0000] {dag.py:3954} INFO - Setting next_dagrun for example_params_trigger_ui to None, run_after=None
[2024-04-27T00:14:19.409+0000] {processor.py:183} INFO - Processing /home/airflow/.local/lib/python3.12/site-packages/airflow/example_dags/example_params_trigger_ui.py took 0.086 seconds
[2024-04-27T00:14:49.569+0000] {processor.py:161} INFO - Started process (PID=12296) to work on /home/airflow/.local/lib/python3.12/site-packages/airflow/example_dags/example_params_trigger_ui.py
[2024-04-27T00:14:49.571+0000] {processor.py:830} INFO - Processing file /home/airflow/.local/lib/python3.12/site-packages/airflow/example_dags/example_params_trigger_ui.py for tasks to queue
[2024-04-27T00:14:49.571+0000] {logging_mixin.py:188} INFO - [2024-04-27T00:14:49.571+0000] {dagbag.py:540} INFO - Filling up the DagBag from /home/airflow/.local/lib/python3.12/site-packages/airflow/example_dags/example_params_trigger_ui.py
[2024-04-27T00:14:49.586+0000] {processor.py:840} INFO - DAG(s) 'example_params_trigger_ui' retrieved from /home/airflow/.local/lib/python3.12/site-packages/airflow/example_dags/example_params_trigger_ui.py
[2024-04-27T00:14:49.623+0000] {logging_mixin.py:188} INFO - [2024-04-27T00:14:49.622+0000] {dag.py:3096} INFO - Sync 1 DAGs
[2024-04-27T00:14:49.633+0000] {logging_mixin.py:188} INFO - [2024-04-27T00:14:49.633+0000] {dag.py:3954} INFO - Setting next_dagrun for example_params_trigger_ui to None, run_after=None
[2024-04-27T00:14:49.649+0000] {processor.py:183} INFO - Processing /home/airflow/.local/lib/python3.12/site-packages/airflow/example_dags/example_params_trigger_ui.py took 0.086 seconds
[2024-04-27T00:15:20.579+0000] {processor.py:161} INFO - Started process (PID=12356) to work on /home/airflow/.local/lib/python3.12/site-packages/airflow/example_dags/example_params_trigger_ui.py
[2024-04-27T00:15:20.582+0000] {processor.py:830} INFO - Processing file /home/airflow/.local/lib/python3.12/site-packages/airflow/example_dags/example_params_trigger_ui.py for tasks to queue
[2024-04-27T00:15:20.583+0000] {logging_mixin.py:188} INFO - [2024-04-27T00:15:20.582+0000] {dagbag.py:540} INFO - Filling up the DagBag from /home/airflow/.local/lib/python3.12/site-packages/airflow/example_dags/example_params_trigger_ui.py
[2024-04-27T00:15:20.594+0000] {processor.py:840} INFO - DAG(s) 'example_params_trigger_ui' retrieved from /home/airflow/.local/lib/python3.12/site-packages/airflow/example_dags/example_params_trigger_ui.py
[2024-04-27T00:15:20.630+0000] {logging_mixin.py:188} INFO - [2024-04-27T00:15:20.630+0000] {dag.py:3096} INFO - Sync 1 DAGs
[2024-04-27T00:15:20.642+0000] {logging_mixin.py:188} INFO - [2024-04-27T00:15:20.642+0000] {dag.py:3954} INFO - Setting next_dagrun for example_params_trigger_ui to None, run_after=None
[2024-04-27T00:15:20.663+0000] {processor.py:183} INFO - Processing /home/airflow/.local/lib/python3.12/site-packages/airflow/example_dags/example_params_trigger_ui.py took 0.090 seconds
[2024-04-27T00:15:51.532+0000] {processor.py:161} INFO - Started process (PID=12417) to work on /home/airflow/.local/lib/python3.12/site-packages/airflow/example_dags/example_params_trigger_ui.py
[2024-04-27T00:15:51.533+0000] {processor.py:830} INFO - Processing file /home/airflow/.local/lib/python3.12/site-packages/airflow/example_dags/example_params_trigger_ui.py for tasks to queue
[2024-04-27T00:15:51.534+0000] {logging_mixin.py:188} INFO - [2024-04-27T00:15:51.534+0000] {dagbag.py:540} INFO - Filling up the DagBag from /home/airflow/.local/lib/python3.12/site-packages/airflow/example_dags/example_params_trigger_ui.py
[2024-04-27T00:15:51.546+0000] {processor.py:840} INFO - DAG(s) 'example_params_trigger_ui' retrieved from /home/airflow/.local/lib/python3.12/site-packages/airflow/example_dags/example_params_trigger_ui.py
[2024-04-27T00:15:51.584+0000] {logging_mixin.py:188} INFO - [2024-04-27T00:15:51.584+0000] {dag.py:3096} INFO - Sync 1 DAGs
[2024-04-27T00:15:51.596+0000] {logging_mixin.py:188} INFO - [2024-04-27T00:15:51.596+0000] {dag.py:3954} INFO - Setting next_dagrun for example_params_trigger_ui to None, run_after=None
[2024-04-27T00:15:51.617+0000] {processor.py:183} INFO - Processing /home/airflow/.local/lib/python3.12/site-packages/airflow/example_dags/example_params_trigger_ui.py took 0.090 seconds
[2024-04-27T00:16:21.833+0000] {processor.py:161} INFO - Started process (PID=12476) to work on /home/airflow/.local/lib/python3.12/site-packages/airflow/example_dags/example_params_trigger_ui.py
[2024-04-27T00:16:21.834+0000] {processor.py:830} INFO - Processing file /home/airflow/.local/lib/python3.12/site-packages/airflow/example_dags/example_params_trigger_ui.py for tasks to queue
[2024-04-27T00:16:21.836+0000] {logging_mixin.py:188} INFO - [2024-04-27T00:16:21.836+0000] {dagbag.py:540} INFO - Filling up the DagBag from /home/airflow/.local/lib/python3.12/site-packages/airflow/example_dags/example_params_trigger_ui.py
[2024-04-27T00:16:21.849+0000] {processor.py:840} INFO - DAG(s) 'example_params_trigger_ui' retrieved from /home/airflow/.local/lib/python3.12/site-packages/airflow/example_dags/example_params_trigger_ui.py
[2024-04-27T00:16:21.891+0000] {logging_mixin.py:188} INFO - [2024-04-27T00:16:21.891+0000] {dag.py:3096} INFO - Sync 1 DAGs
[2024-04-27T00:16:21.903+0000] {logging_mixin.py:188} INFO - [2024-04-27T00:16:21.902+0000] {dag.py:3954} INFO - Setting next_dagrun for example_params_trigger_ui to None, run_after=None
[2024-04-27T00:16:21.923+0000] {processor.py:183} INFO - Processing /home/airflow/.local/lib/python3.12/site-packages/airflow/example_dags/example_params_trigger_ui.py took 0.095 seconds
[2024-04-27T00:16:52.701+0000] {processor.py:161} INFO - Started process (PID=12543) to work on /home/airflow/.local/lib/python3.12/site-packages/airflow/example_dags/example_params_trigger_ui.py
[2024-04-27T00:16:52.702+0000] {processor.py:830} INFO - Processing file /home/airflow/.local/lib/python3.12/site-packages/airflow/example_dags/example_params_trigger_ui.py for tasks to queue
[2024-04-27T00:16:52.705+0000] {logging_mixin.py:188} INFO - [2024-04-27T00:16:52.704+0000] {dagbag.py:540} INFO - Filling up the DagBag from /home/airflow/.local/lib/python3.12/site-packages/airflow/example_dags/example_params_trigger_ui.py
[2024-04-27T00:16:52.723+0000] {processor.py:840} INFO - DAG(s) 'example_params_trigger_ui' retrieved from /home/airflow/.local/lib/python3.12/site-packages/airflow/example_dags/example_params_trigger_ui.py
[2024-04-27T00:16:52.778+0000] {logging_mixin.py:188} INFO - [2024-04-27T00:16:52.778+0000] {dag.py:3096} INFO - Sync 1 DAGs
[2024-04-27T00:16:52.793+0000] {logging_mixin.py:188} INFO - [2024-04-27T00:16:52.793+0000] {dag.py:3954} INFO - Setting next_dagrun for example_params_trigger_ui to None, run_after=None
[2024-04-27T00:16:52.819+0000] {processor.py:183} INFO - Processing /home/airflow/.local/lib/python3.12/site-packages/airflow/example_dags/example_params_trigger_ui.py took 0.126 seconds
[2024-04-27T00:17:22.935+0000] {processor.py:161} INFO - Started process (PID=12602) to work on /home/airflow/.local/lib/python3.12/site-packages/airflow/example_dags/example_params_trigger_ui.py
[2024-04-27T00:17:22.937+0000] {processor.py:830} INFO - Processing file /home/airflow/.local/lib/python3.12/site-packages/airflow/example_dags/example_params_trigger_ui.py for tasks to queue
[2024-04-27T00:17:22.938+0000] {logging_mixin.py:188} INFO - [2024-04-27T00:17:22.937+0000] {dagbag.py:540} INFO - Filling up the DagBag from /home/airflow/.local/lib/python3.12/site-packages/airflow/example_dags/example_params_trigger_ui.py
[2024-04-27T00:17:22.949+0000] {processor.py:840} INFO - DAG(s) 'example_params_trigger_ui' retrieved from /home/airflow/.local/lib/python3.12/site-packages/airflow/example_dags/example_params_trigger_ui.py
[2024-04-27T00:17:22.988+0000] {logging_mixin.py:188} INFO - [2024-04-27T00:17:22.987+0000] {dag.py:3096} INFO - Sync 1 DAGs
[2024-04-27T00:17:22.998+0000] {logging_mixin.py:188} INFO - [2024-04-27T00:17:22.998+0000] {dag.py:3954} INFO - Setting next_dagrun for example_params_trigger_ui to None, run_after=None
[2024-04-27T00:17:23.016+0000] {processor.py:183} INFO - Processing /home/airflow/.local/lib/python3.12/site-packages/airflow/example_dags/example_params_trigger_ui.py took 0.086 seconds
[2024-04-27T00:17:53.086+0000] {processor.py:161} INFO - Started process (PID=12662) to work on /home/airflow/.local/lib/python3.12/site-packages/airflow/example_dags/example_params_trigger_ui.py
[2024-04-27T00:17:53.087+0000] {processor.py:830} INFO - Processing file /home/airflow/.local/lib/python3.12/site-packages/airflow/example_dags/example_params_trigger_ui.py for tasks to queue
[2024-04-27T00:17:53.092+0000] {logging_mixin.py:188} INFO - [2024-04-27T00:17:53.092+0000] {dagbag.py:540} INFO - Filling up the DagBag from /home/airflow/.local/lib/python3.12/site-packages/airflow/example_dags/example_params_trigger_ui.py
[2024-04-27T00:17:53.105+0000] {processor.py:840} INFO - DAG(s) 'example_params_trigger_ui' retrieved from /home/airflow/.local/lib/python3.12/site-packages/airflow/example_dags/example_params_trigger_ui.py
[2024-04-27T00:17:53.141+0000] {logging_mixin.py:188} INFO - [2024-04-27T00:17:53.141+0000] {dag.py:3096} INFO - Sync 1 DAGs
[2024-04-27T00:17:53.172+0000] {logging_mixin.py:188} INFO - [2024-04-27T00:17:53.172+0000] {dag.py:3954} INFO - Setting next_dagrun for example_params_trigger_ui to None, run_after=None
[2024-04-27T00:17:53.203+0000] {processor.py:183} INFO - Processing /home/airflow/.local/lib/python3.12/site-packages/airflow/example_dags/example_params_trigger_ui.py took 0.122 seconds
[2024-04-27T00:18:23.278+0000] {processor.py:161} INFO - Started process (PID=12722) to work on /home/airflow/.local/lib/python3.12/site-packages/airflow/example_dags/example_params_trigger_ui.py
[2024-04-27T00:18:23.279+0000] {processor.py:830} INFO - Processing file /home/airflow/.local/lib/python3.12/site-packages/airflow/example_dags/example_params_trigger_ui.py for tasks to queue
[2024-04-27T00:18:23.280+0000] {logging_mixin.py:188} INFO - [2024-04-27T00:18:23.280+0000] {dagbag.py:540} INFO - Filling up the DagBag from /home/airflow/.local/lib/python3.12/site-packages/airflow/example_dags/example_params_trigger_ui.py
[2024-04-27T00:18:23.291+0000] {processor.py:840} INFO - DAG(s) 'example_params_trigger_ui' retrieved from /home/airflow/.local/lib/python3.12/site-packages/airflow/example_dags/example_params_trigger_ui.py
[2024-04-27T00:18:23.336+0000] {logging_mixin.py:188} INFO - [2024-04-27T00:18:23.336+0000] {dag.py:3096} INFO - Sync 1 DAGs
[2024-04-27T00:18:23.348+0000] {logging_mixin.py:188} INFO - [2024-04-27T00:18:23.348+0000] {dag.py:3954} INFO - Setting next_dagrun for example_params_trigger_ui to None, run_after=None
[2024-04-27T00:18:23.371+0000] {processor.py:183} INFO - Processing /home/airflow/.local/lib/python3.12/site-packages/airflow/example_dags/example_params_trigger_ui.py took 0.099 seconds
[2024-04-27T00:18:53.443+0000] {processor.py:161} INFO - Started process (PID=12782) to work on /home/airflow/.local/lib/python3.12/site-packages/airflow/example_dags/example_params_trigger_ui.py
[2024-04-27T00:18:53.444+0000] {processor.py:830} INFO - Processing file /home/airflow/.local/lib/python3.12/site-packages/airflow/example_dags/example_params_trigger_ui.py for tasks to queue
[2024-04-27T00:18:53.445+0000] {logging_mixin.py:188} INFO - [2024-04-27T00:18:53.445+0000] {dagbag.py:540} INFO - Filling up the DagBag from /home/airflow/.local/lib/python3.12/site-packages/airflow/example_dags/example_params_trigger_ui.py
[2024-04-27T00:18:53.457+0000] {processor.py:840} INFO - DAG(s) 'example_params_trigger_ui' retrieved from /home/airflow/.local/lib/python3.12/site-packages/airflow/example_dags/example_params_trigger_ui.py
[2024-04-27T00:18:53.492+0000] {logging_mixin.py:188} INFO - [2024-04-27T00:18:53.492+0000] {dag.py:3096} INFO - Sync 1 DAGs
[2024-04-27T00:18:53.504+0000] {logging_mixin.py:188} INFO - [2024-04-27T00:18:53.503+0000] {dag.py:3954} INFO - Setting next_dagrun for example_params_trigger_ui to None, run_after=None
[2024-04-27T00:18:53.520+0000] {processor.py:183} INFO - Processing /home/airflow/.local/lib/python3.12/site-packages/airflow/example_dags/example_params_trigger_ui.py took 0.082 seconds
[2024-04-27T00:19:23.598+0000] {processor.py:161} INFO - Started process (PID=12842) to work on /home/airflow/.local/lib/python3.12/site-packages/airflow/example_dags/example_params_trigger_ui.py
[2024-04-27T00:19:23.598+0000] {processor.py:830} INFO - Processing file /home/airflow/.local/lib/python3.12/site-packages/airflow/example_dags/example_params_trigger_ui.py for tasks to queue
[2024-04-27T00:19:23.599+0000] {logging_mixin.py:188} INFO - [2024-04-27T00:19:23.599+0000] {dagbag.py:540} INFO - Filling up the DagBag from /home/airflow/.local/lib/python3.12/site-packages/airflow/example_dags/example_params_trigger_ui.py
[2024-04-27T00:19:23.612+0000] {processor.py:840} INFO - DAG(s) 'example_params_trigger_ui' retrieved from /home/airflow/.local/lib/python3.12/site-packages/airflow/example_dags/example_params_trigger_ui.py
[2024-04-27T00:19:23.645+0000] {logging_mixin.py:188} INFO - [2024-04-27T00:19:23.645+0000] {dag.py:3096} INFO - Sync 1 DAGs
[2024-04-27T00:19:23.655+0000] {logging_mixin.py:188} INFO - [2024-04-27T00:19:23.655+0000] {dag.py:3954} INFO - Setting next_dagrun for example_params_trigger_ui to None, run_after=None
[2024-04-27T00:19:23.678+0000] {processor.py:183} INFO - Processing /home/airflow/.local/lib/python3.12/site-packages/airflow/example_dags/example_params_trigger_ui.py took 0.086 seconds
[2024-04-27T00:19:53.949+0000] {processor.py:161} INFO - Started process (PID=12902) to work on /home/airflow/.local/lib/python3.12/site-packages/airflow/example_dags/example_params_trigger_ui.py
[2024-04-27T00:19:53.951+0000] {processor.py:830} INFO - Processing file /home/airflow/.local/lib/python3.12/site-packages/airflow/example_dags/example_params_trigger_ui.py for tasks to queue
[2024-04-27T00:19:53.952+0000] {logging_mixin.py:188} INFO - [2024-04-27T00:19:53.952+0000] {dagbag.py:540} INFO - Filling up the DagBag from /home/airflow/.local/lib/python3.12/site-packages/airflow/example_dags/example_params_trigger_ui.py
[2024-04-27T00:19:53.970+0000] {processor.py:840} INFO - DAG(s) 'example_params_trigger_ui' retrieved from /home/airflow/.local/lib/python3.12/site-packages/airflow/example_dags/example_params_trigger_ui.py
[2024-04-27T00:19:54.009+0000] {logging_mixin.py:188} INFO - [2024-04-27T00:19:54.008+0000] {dag.py:3096} INFO - Sync 1 DAGs
[2024-04-27T00:19:54.019+0000] {logging_mixin.py:188} INFO - [2024-04-27T00:19:54.019+0000] {dag.py:3954} INFO - Setting next_dagrun for example_params_trigger_ui to None, run_after=None
[2024-04-27T00:19:54.038+0000] {processor.py:183} INFO - Processing /home/airflow/.local/lib/python3.12/site-packages/airflow/example_dags/example_params_trigger_ui.py took 0.094 seconds
[2024-04-27T00:20:24.691+0000] {processor.py:161} INFO - Started process (PID=12960) to work on /home/airflow/.local/lib/python3.12/site-packages/airflow/example_dags/example_params_trigger_ui.py
[2024-04-27T00:20:24.692+0000] {processor.py:830} INFO - Processing file /home/airflow/.local/lib/python3.12/site-packages/airflow/example_dags/example_params_trigger_ui.py for tasks to queue
[2024-04-27T00:20:24.693+0000] {logging_mixin.py:188} INFO - [2024-04-27T00:20:24.693+0000] {dagbag.py:540} INFO - Filling up the DagBag from /home/airflow/.local/lib/python3.12/site-packages/airflow/example_dags/example_params_trigger_ui.py
[2024-04-27T00:20:24.705+0000] {processor.py:840} INFO - DAG(s) 'example_params_trigger_ui' retrieved from /home/airflow/.local/lib/python3.12/site-packages/airflow/example_dags/example_params_trigger_ui.py
[2024-04-27T00:20:24.744+0000] {logging_mixin.py:188} INFO - [2024-04-27T00:20:24.743+0000] {dag.py:3096} INFO - Sync 1 DAGs
[2024-04-27T00:20:24.754+0000] {logging_mixin.py:188} INFO - [2024-04-27T00:20:24.754+0000] {dag.py:3954} INFO - Setting next_dagrun for example_params_trigger_ui to None, run_after=None
[2024-04-27T00:20:24.771+0000] {processor.py:183} INFO - Processing /home/airflow/.local/lib/python3.12/site-packages/airflow/example_dags/example_params_trigger_ui.py took 0.085 seconds
[2024-04-27T00:20:55.016+0000] {processor.py:161} INFO - Started process (PID=13020) to work on /home/airflow/.local/lib/python3.12/site-packages/airflow/example_dags/example_params_trigger_ui.py
[2024-04-27T00:20:55.017+0000] {processor.py:830} INFO - Processing file /home/airflow/.local/lib/python3.12/site-packages/airflow/example_dags/example_params_trigger_ui.py for tasks to queue
[2024-04-27T00:20:55.018+0000] {logging_mixin.py:188} INFO - [2024-04-27T00:20:55.017+0000] {dagbag.py:540} INFO - Filling up the DagBag from /home/airflow/.local/lib/python3.12/site-packages/airflow/example_dags/example_params_trigger_ui.py
[2024-04-27T00:20:55.030+0000] {processor.py:840} INFO - DAG(s) 'example_params_trigger_ui' retrieved from /home/airflow/.local/lib/python3.12/site-packages/airflow/example_dags/example_params_trigger_ui.py
[2024-04-27T00:20:55.074+0000] {logging_mixin.py:188} INFO - [2024-04-27T00:20:55.074+0000] {dag.py:3096} INFO - Sync 1 DAGs
[2024-04-27T00:20:55.088+0000] {logging_mixin.py:188} INFO - [2024-04-27T00:20:55.088+0000] {dag.py:3954} INFO - Setting next_dagrun for example_params_trigger_ui to None, run_after=None
[2024-04-27T00:20:55.116+0000] {processor.py:183} INFO - Processing /home/airflow/.local/lib/python3.12/site-packages/airflow/example_dags/example_params_trigger_ui.py took 0.105 seconds
[2024-04-27T00:21:25.671+0000] {processor.py:161} INFO - Started process (PID=13080) to work on /home/airflow/.local/lib/python3.12/site-packages/airflow/example_dags/example_params_trigger_ui.py
[2024-04-27T00:21:25.673+0000] {processor.py:830} INFO - Processing file /home/airflow/.local/lib/python3.12/site-packages/airflow/example_dags/example_params_trigger_ui.py for tasks to queue
[2024-04-27T00:21:25.674+0000] {logging_mixin.py:188} INFO - [2024-04-27T00:21:25.674+0000] {dagbag.py:540} INFO - Filling up the DagBag from /home/airflow/.local/lib/python3.12/site-packages/airflow/example_dags/example_params_trigger_ui.py
[2024-04-27T00:21:25.688+0000] {processor.py:840} INFO - DAG(s) 'example_params_trigger_ui' retrieved from /home/airflow/.local/lib/python3.12/site-packages/airflow/example_dags/example_params_trigger_ui.py
[2024-04-27T00:21:25.730+0000] {logging_mixin.py:188} INFO - [2024-04-27T00:21:25.730+0000] {dag.py:3096} INFO - Sync 1 DAGs
[2024-04-27T00:21:25.744+0000] {logging_mixin.py:188} INFO - [2024-04-27T00:21:25.743+0000] {dag.py:3954} INFO - Setting next_dagrun for example_params_trigger_ui to None, run_after=None
[2024-04-27T00:21:25.766+0000] {processor.py:183} INFO - Processing /home/airflow/.local/lib/python3.12/site-packages/airflow/example_dags/example_params_trigger_ui.py took 0.101 seconds
[2024-04-27T00:21:55.947+0000] {processor.py:161} INFO - Started process (PID=13140) to work on /home/airflow/.local/lib/python3.12/site-packages/airflow/example_dags/example_params_trigger_ui.py
[2024-04-27T00:21:55.949+0000] {processor.py:830} INFO - Processing file /home/airflow/.local/lib/python3.12/site-packages/airflow/example_dags/example_params_trigger_ui.py for tasks to queue
[2024-04-27T00:21:55.950+0000] {logging_mixin.py:188} INFO - [2024-04-27T00:21:55.950+0000] {dagbag.py:540} INFO - Filling up the DagBag from /home/airflow/.local/lib/python3.12/site-packages/airflow/example_dags/example_params_trigger_ui.py
[2024-04-27T00:21:55.962+0000] {processor.py:840} INFO - DAG(s) 'example_params_trigger_ui' retrieved from /home/airflow/.local/lib/python3.12/site-packages/airflow/example_dags/example_params_trigger_ui.py
[2024-04-27T00:21:55.997+0000] {logging_mixin.py:188} INFO - [2024-04-27T00:21:55.997+0000] {dag.py:3096} INFO - Sync 1 DAGs
[2024-04-27T00:21:56.009+0000] {logging_mixin.py:188} INFO - [2024-04-27T00:21:56.008+0000] {dag.py:3954} INFO - Setting next_dagrun for example_params_trigger_ui to None, run_after=None
[2024-04-27T00:21:56.026+0000] {processor.py:183} INFO - Processing /home/airflow/.local/lib/python3.12/site-packages/airflow/example_dags/example_params_trigger_ui.py took 0.085 seconds
[2024-04-27T00:22:26.589+0000] {processor.py:161} INFO - Started process (PID=13200) to work on /home/airflow/.local/lib/python3.12/site-packages/airflow/example_dags/example_params_trigger_ui.py
[2024-04-27T00:22:26.591+0000] {processor.py:830} INFO - Processing file /home/airflow/.local/lib/python3.12/site-packages/airflow/example_dags/example_params_trigger_ui.py for tasks to queue
[2024-04-27T00:22:26.592+0000] {logging_mixin.py:188} INFO - [2024-04-27T00:22:26.592+0000] {dagbag.py:540} INFO - Filling up the DagBag from /home/airflow/.local/lib/python3.12/site-packages/airflow/example_dags/example_params_trigger_ui.py
[2024-04-27T00:22:26.607+0000] {processor.py:840} INFO - DAG(s) 'example_params_trigger_ui' retrieved from /home/airflow/.local/lib/python3.12/site-packages/airflow/example_dags/example_params_trigger_ui.py
[2024-04-27T00:22:26.650+0000] {logging_mixin.py:188} INFO - [2024-04-27T00:22:26.649+0000] {dag.py:3096} INFO - Sync 1 DAGs
[2024-04-27T00:22:26.663+0000] {logging_mixin.py:188} INFO - [2024-04-27T00:22:26.663+0000] {dag.py:3954} INFO - Setting next_dagrun for example_params_trigger_ui to None, run_after=None
[2024-04-27T00:22:26.692+0000] {processor.py:183} INFO - Processing /home/airflow/.local/lib/python3.12/site-packages/airflow/example_dags/example_params_trigger_ui.py took 0.109 seconds
[2024-04-27T00:22:57.168+0000] {processor.py:161} INFO - Started process (PID=13260) to work on /home/airflow/.local/lib/python3.12/site-packages/airflow/example_dags/example_params_trigger_ui.py
[2024-04-27T00:22:57.171+0000] {processor.py:830} INFO - Processing file /home/airflow/.local/lib/python3.12/site-packages/airflow/example_dags/example_params_trigger_ui.py for tasks to queue
[2024-04-27T00:22:57.174+0000] {logging_mixin.py:188} INFO - [2024-04-27T00:22:57.173+0000] {dagbag.py:540} INFO - Filling up the DagBag from /home/airflow/.local/lib/python3.12/site-packages/airflow/example_dags/example_params_trigger_ui.py
[2024-04-27T00:22:57.190+0000] {processor.py:840} INFO - DAG(s) 'example_params_trigger_ui' retrieved from /home/airflow/.local/lib/python3.12/site-packages/airflow/example_dags/example_params_trigger_ui.py
[2024-04-27T00:22:57.231+0000] {logging_mixin.py:188} INFO - [2024-04-27T00:22:57.230+0000] {dag.py:3096} INFO - Sync 1 DAGs
[2024-04-27T00:22:57.243+0000] {logging_mixin.py:188} INFO - [2024-04-27T00:22:57.243+0000] {dag.py:3954} INFO - Setting next_dagrun for example_params_trigger_ui to None, run_after=None
[2024-04-27T00:22:57.265+0000] {processor.py:183} INFO - Processing /home/airflow/.local/lib/python3.12/site-packages/airflow/example_dags/example_params_trigger_ui.py took 0.103 seconds
[2024-04-27T00:23:27.827+0000] {processor.py:161} INFO - Started process (PID=13320) to work on /home/airflow/.local/lib/python3.12/site-packages/airflow/example_dags/example_params_trigger_ui.py
[2024-04-27T00:23:27.828+0000] {processor.py:830} INFO - Processing file /home/airflow/.local/lib/python3.12/site-packages/airflow/example_dags/example_params_trigger_ui.py for tasks to queue
[2024-04-27T00:23:27.829+0000] {logging_mixin.py:188} INFO - [2024-04-27T00:23:27.829+0000] {dagbag.py:540} INFO - Filling up the DagBag from /home/airflow/.local/lib/python3.12/site-packages/airflow/example_dags/example_params_trigger_ui.py
[2024-04-27T00:23:27.841+0000] {processor.py:840} INFO - DAG(s) 'example_params_trigger_ui' retrieved from /home/airflow/.local/lib/python3.12/site-packages/airflow/example_dags/example_params_trigger_ui.py
[2024-04-27T00:23:27.879+0000] {logging_mixin.py:188} INFO - [2024-04-27T00:23:27.878+0000] {dag.py:3096} INFO - Sync 1 DAGs
[2024-04-27T00:23:27.890+0000] {logging_mixin.py:188} INFO - [2024-04-27T00:23:27.890+0000] {dag.py:3954} INFO - Setting next_dagrun for example_params_trigger_ui to None, run_after=None
[2024-04-27T00:23:27.918+0000] {processor.py:183} INFO - Processing /home/airflow/.local/lib/python3.12/site-packages/airflow/example_dags/example_params_trigger_ui.py took 0.096 seconds
[2024-04-27T00:23:58.492+0000] {processor.py:161} INFO - Started process (PID=13381) to work on /home/airflow/.local/lib/python3.12/site-packages/airflow/example_dags/example_params_trigger_ui.py
[2024-04-27T00:23:58.494+0000] {processor.py:830} INFO - Processing file /home/airflow/.local/lib/python3.12/site-packages/airflow/example_dags/example_params_trigger_ui.py for tasks to queue
[2024-04-27T00:23:58.495+0000] {logging_mixin.py:188} INFO - [2024-04-27T00:23:58.494+0000] {dagbag.py:540} INFO - Filling up the DagBag from /home/airflow/.local/lib/python3.12/site-packages/airflow/example_dags/example_params_trigger_ui.py
[2024-04-27T00:23:58.506+0000] {processor.py:840} INFO - DAG(s) 'example_params_trigger_ui' retrieved from /home/airflow/.local/lib/python3.12/site-packages/airflow/example_dags/example_params_trigger_ui.py
[2024-04-27T00:23:58.541+0000] {logging_mixin.py:188} INFO - [2024-04-27T00:23:58.541+0000] {dag.py:3096} INFO - Sync 1 DAGs
[2024-04-27T00:23:58.552+0000] {logging_mixin.py:188} INFO - [2024-04-27T00:23:58.552+0000] {dag.py:3954} INFO - Setting next_dagrun for example_params_trigger_ui to None, run_after=None
[2024-04-27T00:23:58.572+0000] {processor.py:183} INFO - Processing /home/airflow/.local/lib/python3.12/site-packages/airflow/example_dags/example_params_trigger_ui.py took 0.085 seconds
[2024-04-27T00:24:29.290+0000] {processor.py:161} INFO - Started process (PID=13441) to work on /home/airflow/.local/lib/python3.12/site-packages/airflow/example_dags/example_params_trigger_ui.py
[2024-04-27T00:24:29.291+0000] {processor.py:830} INFO - Processing file /home/airflow/.local/lib/python3.12/site-packages/airflow/example_dags/example_params_trigger_ui.py for tasks to queue
[2024-04-27T00:24:29.292+0000] {logging_mixin.py:188} INFO - [2024-04-27T00:24:29.292+0000] {dagbag.py:540} INFO - Filling up the DagBag from /home/airflow/.local/lib/python3.12/site-packages/airflow/example_dags/example_params_trigger_ui.py
[2024-04-27T00:24:29.304+0000] {processor.py:840} INFO - DAG(s) 'example_params_trigger_ui' retrieved from /home/airflow/.local/lib/python3.12/site-packages/airflow/example_dags/example_params_trigger_ui.py
[2024-04-27T00:24:29.340+0000] {logging_mixin.py:188} INFO - [2024-04-27T00:24:29.339+0000] {dag.py:3096} INFO - Sync 1 DAGs
[2024-04-27T00:24:29.350+0000] {logging_mixin.py:188} INFO - [2024-04-27T00:24:29.350+0000] {dag.py:3954} INFO - Setting next_dagrun for example_params_trigger_ui to None, run_after=None
[2024-04-27T00:24:29.369+0000] {processor.py:183} INFO - Processing /home/airflow/.local/lib/python3.12/site-packages/airflow/example_dags/example_params_trigger_ui.py took 0.084 seconds
[2024-04-27T00:24:59.542+0000] {processor.py:161} INFO - Started process (PID=13501) to work on /home/airflow/.local/lib/python3.12/site-packages/airflow/example_dags/example_params_trigger_ui.py
[2024-04-27T00:24:59.543+0000] {processor.py:830} INFO - Processing file /home/airflow/.local/lib/python3.12/site-packages/airflow/example_dags/example_params_trigger_ui.py for tasks to queue
[2024-04-27T00:24:59.544+0000] {logging_mixin.py:188} INFO - [2024-04-27T00:24:59.544+0000] {dagbag.py:540} INFO - Filling up the DagBag from /home/airflow/.local/lib/python3.12/site-packages/airflow/example_dags/example_params_trigger_ui.py
[2024-04-27T00:24:59.564+0000] {processor.py:840} INFO - DAG(s) 'example_params_trigger_ui' retrieved from /home/airflow/.local/lib/python3.12/site-packages/airflow/example_dags/example_params_trigger_ui.py
[2024-04-27T00:24:59.671+0000] {logging_mixin.py:188} INFO - [2024-04-27T00:24:59.670+0000] {dag.py:3096} INFO - Sync 1 DAGs
[2024-04-27T00:24:59.681+0000] {logging_mixin.py:188} INFO - [2024-04-27T00:24:59.681+0000] {dag.py:3954} INFO - Setting next_dagrun for example_params_trigger_ui to None, run_after=None
[2024-04-27T00:24:59.706+0000] {processor.py:183} INFO - Processing /home/airflow/.local/lib/python3.12/site-packages/airflow/example_dags/example_params_trigger_ui.py took 0.169 seconds
