[2024-04-27T00:00:01.461+0000] {processor.py:161} INFO - Started process (PID=10544) to work on /home/airflow/.local/lib/python3.12/site-packages/airflow/example_dags/example_branch_labels.py
[2024-04-27T00:00:01.462+0000] {processor.py:830} INFO - Processing file /home/airflow/.local/lib/python3.12/site-packages/airflow/example_dags/example_branch_labels.py for tasks to queue
[2024-04-27T00:00:01.465+0000] {logging_mixin.py:188} INFO - [2024-04-27T00:00:01.464+0000] {dagbag.py:540} INFO - Filling up the DagBag from /home/airflow/.local/lib/python3.12/site-packages/airflow/example_dags/example_branch_labels.py
[2024-04-27T00:00:01.474+0000] {processor.py:840} INFO - DAG(s) 'example_branch_labels' retrieved from /home/airflow/.local/lib/python3.12/site-packages/airflow/example_dags/example_branch_labels.py
[2024-04-27T00:00:01.498+0000] {logging_mixin.py:188} INFO - [2024-04-27T00:00:01.498+0000] {dag.py:3096} INFO - Sync 1 DAGs
[2024-04-27T00:00:01.527+0000] {logging_mixin.py:188} INFO - [2024-04-27T00:00:01.527+0000] {dag.py:3954} INFO - Setting next_dagrun for example_branch_labels to 2024-04-26 00:00:00+00:00, run_after=2024-04-27 00:00:00+00:00
[2024-04-27T00:00:01.555+0000] {processor.py:183} INFO - Processing /home/airflow/.local/lib/python3.12/site-packages/airflow/example_dags/example_branch_labels.py took 0.101 seconds
[2024-04-27T00:00:31.901+0000] {processor.py:161} INFO - Started process (PID=10605) to work on /home/airflow/.local/lib/python3.12/site-packages/airflow/example_dags/example_branch_labels.py
[2024-04-27T00:00:31.902+0000] {processor.py:830} INFO - Processing file /home/airflow/.local/lib/python3.12/site-packages/airflow/example_dags/example_branch_labels.py for tasks to queue
[2024-04-27T00:00:31.904+0000] {logging_mixin.py:188} INFO - [2024-04-27T00:00:31.904+0000] {dagbag.py:540} INFO - Filling up the DagBag from /home/airflow/.local/lib/python3.12/site-packages/airflow/example_dags/example_branch_labels.py
[2024-04-27T00:00:31.911+0000] {processor.py:840} INFO - DAG(s) 'example_branch_labels' retrieved from /home/airflow/.local/lib/python3.12/site-packages/airflow/example_dags/example_branch_labels.py
[2024-04-27T00:00:31.929+0000] {logging_mixin.py:188} INFO - [2024-04-27T00:00:31.929+0000] {dag.py:3096} INFO - Sync 1 DAGs
[2024-04-27T00:00:31.950+0000] {logging_mixin.py:188} INFO - [2024-04-27T00:00:31.950+0000] {dag.py:3954} INFO - Setting next_dagrun for example_branch_labels to 2024-04-26 00:00:00+00:00, run_after=2024-04-27 00:00:00+00:00
[2024-04-27T00:00:31.971+0000] {processor.py:183} INFO - Processing /home/airflow/.local/lib/python3.12/site-packages/airflow/example_dags/example_branch_labels.py took 0.075 seconds
[2024-04-27T00:01:02.052+0000] {processor.py:161} INFO - Started process (PID=10666) to work on /home/airflow/.local/lib/python3.12/site-packages/airflow/example_dags/example_branch_labels.py
[2024-04-27T00:01:02.053+0000] {processor.py:830} INFO - Processing file /home/airflow/.local/lib/python3.12/site-packages/airflow/example_dags/example_branch_labels.py for tasks to queue
[2024-04-27T00:01:02.056+0000] {logging_mixin.py:188} INFO - [2024-04-27T00:01:02.055+0000] {dagbag.py:540} INFO - Filling up the DagBag from /home/airflow/.local/lib/python3.12/site-packages/airflow/example_dags/example_branch_labels.py
[2024-04-27T00:01:02.068+0000] {processor.py:840} INFO - DAG(s) 'example_branch_labels' retrieved from /home/airflow/.local/lib/python3.12/site-packages/airflow/example_dags/example_branch_labels.py
[2024-04-27T00:01:02.099+0000] {logging_mixin.py:188} INFO - [2024-04-27T00:01:02.099+0000] {dag.py:3096} INFO - Sync 1 DAGs
[2024-04-27T00:01:02.133+0000] {logging_mixin.py:188} INFO - [2024-04-27T00:01:02.133+0000] {dag.py:3954} INFO - Setting next_dagrun for example_branch_labels to 2024-04-26 00:00:00+00:00, run_after=2024-04-27 00:00:00+00:00
[2024-04-27T00:01:02.185+0000] {processor.py:183} INFO - Processing /home/airflow/.local/lib/python3.12/site-packages/airflow/example_dags/example_branch_labels.py took 0.139 seconds
[2024-04-27T00:01:32.828+0000] {processor.py:161} INFO - Started process (PID=10727) to work on /home/airflow/.local/lib/python3.12/site-packages/airflow/example_dags/example_branch_labels.py
[2024-04-27T00:01:32.829+0000] {processor.py:830} INFO - Processing file /home/airflow/.local/lib/python3.12/site-packages/airflow/example_dags/example_branch_labels.py for tasks to queue
[2024-04-27T00:01:32.832+0000] {logging_mixin.py:188} INFO - [2024-04-27T00:01:32.832+0000] {dagbag.py:540} INFO - Filling up the DagBag from /home/airflow/.local/lib/python3.12/site-packages/airflow/example_dags/example_branch_labels.py
[2024-04-27T00:01:32.841+0000] {processor.py:840} INFO - DAG(s) 'example_branch_labels' retrieved from /home/airflow/.local/lib/python3.12/site-packages/airflow/example_dags/example_branch_labels.py
[2024-04-27T00:01:32.865+0000] {logging_mixin.py:188} INFO - [2024-04-27T00:01:32.864+0000] {dag.py:3096} INFO - Sync 1 DAGs
[2024-04-27T00:01:32.888+0000] {logging_mixin.py:188} INFO - [2024-04-27T00:01:32.887+0000] {dag.py:3954} INFO - Setting next_dagrun for example_branch_labels to 2024-04-26 00:00:00+00:00, run_after=2024-04-27 00:00:00+00:00
[2024-04-27T00:01:32.910+0000] {processor.py:183} INFO - Processing /home/airflow/.local/lib/python3.12/site-packages/airflow/example_dags/example_branch_labels.py took 0.087 seconds
[2024-04-27T00:02:03.616+0000] {processor.py:161} INFO - Started process (PID=10788) to work on /home/airflow/.local/lib/python3.12/site-packages/airflow/example_dags/example_branch_labels.py
[2024-04-27T00:02:03.618+0000] {processor.py:830} INFO - Processing file /home/airflow/.local/lib/python3.12/site-packages/airflow/example_dags/example_branch_labels.py for tasks to queue
[2024-04-27T00:02:03.622+0000] {logging_mixin.py:188} INFO - [2024-04-27T00:02:03.621+0000] {dagbag.py:540} INFO - Filling up the DagBag from /home/airflow/.local/lib/python3.12/site-packages/airflow/example_dags/example_branch_labels.py
[2024-04-27T00:02:03.629+0000] {processor.py:840} INFO - DAG(s) 'example_branch_labels' retrieved from /home/airflow/.local/lib/python3.12/site-packages/airflow/example_dags/example_branch_labels.py
[2024-04-27T00:02:03.648+0000] {logging_mixin.py:188} INFO - [2024-04-27T00:02:03.648+0000] {dag.py:3096} INFO - Sync 1 DAGs
[2024-04-27T00:02:03.669+0000] {logging_mixin.py:188} INFO - [2024-04-27T00:02:03.669+0000] {dag.py:3954} INFO - Setting next_dagrun for example_branch_labels to 2024-04-26 00:00:00+00:00, run_after=2024-04-27 00:00:00+00:00
[2024-04-27T00:02:03.690+0000] {processor.py:183} INFO - Processing /home/airflow/.local/lib/python3.12/site-packages/airflow/example_dags/example_branch_labels.py took 0.078 seconds
[2024-04-27T00:02:34.005+0000] {processor.py:161} INFO - Started process (PID=10849) to work on /home/airflow/.local/lib/python3.12/site-packages/airflow/example_dags/example_branch_labels.py
[2024-04-27T00:02:34.006+0000] {processor.py:830} INFO - Processing file /home/airflow/.local/lib/python3.12/site-packages/airflow/example_dags/example_branch_labels.py for tasks to queue
[2024-04-27T00:02:34.008+0000] {logging_mixin.py:188} INFO - [2024-04-27T00:02:34.007+0000] {dagbag.py:540} INFO - Filling up the DagBag from /home/airflow/.local/lib/python3.12/site-packages/airflow/example_dags/example_branch_labels.py
[2024-04-27T00:02:34.016+0000] {processor.py:840} INFO - DAG(s) 'example_branch_labels' retrieved from /home/airflow/.local/lib/python3.12/site-packages/airflow/example_dags/example_branch_labels.py
[2024-04-27T00:02:34.037+0000] {logging_mixin.py:188} INFO - [2024-04-27T00:02:34.037+0000] {dag.py:3096} INFO - Sync 1 DAGs
[2024-04-27T00:02:34.057+0000] {logging_mixin.py:188} INFO - [2024-04-27T00:02:34.057+0000] {dag.py:3954} INFO - Setting next_dagrun for example_branch_labels to 2024-04-26 00:00:00+00:00, run_after=2024-04-27 00:00:00+00:00
[2024-04-27T00:02:34.084+0000] {processor.py:183} INFO - Processing /home/airflow/.local/lib/python3.12/site-packages/airflow/example_dags/example_branch_labels.py took 0.085 seconds
[2024-04-27T00:03:04.770+0000] {processor.py:161} INFO - Started process (PID=10910) to work on /home/airflow/.local/lib/python3.12/site-packages/airflow/example_dags/example_branch_labels.py
[2024-04-27T00:03:04.780+0000] {processor.py:830} INFO - Processing file /home/airflow/.local/lib/python3.12/site-packages/airflow/example_dags/example_branch_labels.py for tasks to queue
[2024-04-27T00:03:04.782+0000] {logging_mixin.py:188} INFO - [2024-04-27T00:03:04.782+0000] {dagbag.py:540} INFO - Filling up the DagBag from /home/airflow/.local/lib/python3.12/site-packages/airflow/example_dags/example_branch_labels.py
[2024-04-27T00:03:04.790+0000] {processor.py:840} INFO - DAG(s) 'example_branch_labels' retrieved from /home/airflow/.local/lib/python3.12/site-packages/airflow/example_dags/example_branch_labels.py
[2024-04-27T00:03:04.812+0000] {logging_mixin.py:188} INFO - [2024-04-27T00:03:04.812+0000] {dag.py:3096} INFO - Sync 1 DAGs
[2024-04-27T00:03:04.971+0000] {logging_mixin.py:188} INFO - [2024-04-27T00:03:04.970+0000] {dag.py:3954} INFO - Setting next_dagrun for example_branch_labels to 2024-04-26 00:00:00+00:00, run_after=2024-04-27 00:00:00+00:00
[2024-04-27T00:03:04.988+0000] {processor.py:183} INFO - Processing /home/airflow/.local/lib/python3.12/site-packages/airflow/example_dags/example_branch_labels.py took 0.223 seconds
[2024-04-27T00:03:35.081+0000] {processor.py:161} INFO - Started process (PID=10971) to work on /home/airflow/.local/lib/python3.12/site-packages/airflow/example_dags/example_branch_labels.py
[2024-04-27T00:03:35.082+0000] {processor.py:830} INFO - Processing file /home/airflow/.local/lib/python3.12/site-packages/airflow/example_dags/example_branch_labels.py for tasks to queue
[2024-04-27T00:03:35.083+0000] {logging_mixin.py:188} INFO - [2024-04-27T00:03:35.083+0000] {dagbag.py:540} INFO - Filling up the DagBag from /home/airflow/.local/lib/python3.12/site-packages/airflow/example_dags/example_branch_labels.py
[2024-04-27T00:03:35.094+0000] {processor.py:840} INFO - DAG(s) 'example_branch_labels' retrieved from /home/airflow/.local/lib/python3.12/site-packages/airflow/example_dags/example_branch_labels.py
[2024-04-27T00:03:35.117+0000] {logging_mixin.py:188} INFO - [2024-04-27T00:03:35.117+0000] {dag.py:3096} INFO - Sync 1 DAGs
[2024-04-27T00:03:35.316+0000] {logging_mixin.py:188} INFO - [2024-04-27T00:03:35.316+0000] {dag.py:3954} INFO - Setting next_dagrun for example_branch_labels to 2024-04-26 00:00:00+00:00, run_after=2024-04-27 00:00:00+00:00
[2024-04-27T00:03:35.341+0000] {processor.py:183} INFO - Processing /home/airflow/.local/lib/python3.12/site-packages/airflow/example_dags/example_branch_labels.py took 0.266 seconds
[2024-04-27T00:04:05.727+0000] {processor.py:161} INFO - Started process (PID=11031) to work on /home/airflow/.local/lib/python3.12/site-packages/airflow/example_dags/example_branch_labels.py
[2024-04-27T00:04:05.728+0000] {processor.py:830} INFO - Processing file /home/airflow/.local/lib/python3.12/site-packages/airflow/example_dags/example_branch_labels.py for tasks to queue
[2024-04-27T00:04:05.730+0000] {logging_mixin.py:188} INFO - [2024-04-27T00:04:05.730+0000] {dagbag.py:540} INFO - Filling up the DagBag from /home/airflow/.local/lib/python3.12/site-packages/airflow/example_dags/example_branch_labels.py
[2024-04-27T00:04:05.742+0000] {processor.py:840} INFO - DAG(s) 'example_branch_labels' retrieved from /home/airflow/.local/lib/python3.12/site-packages/airflow/example_dags/example_branch_labels.py
[2024-04-27T00:04:05.781+0000] {logging_mixin.py:188} INFO - [2024-04-27T00:04:05.781+0000] {dag.py:3096} INFO - Sync 1 DAGs
[2024-04-27T00:04:05.856+0000] {logging_mixin.py:188} INFO - [2024-04-27T00:04:05.856+0000] {dag.py:3954} INFO - Setting next_dagrun for example_branch_labels to 2024-04-26 00:00:00+00:00, run_after=2024-04-27 00:00:00+00:00
[2024-04-27T00:04:05.881+0000] {processor.py:183} INFO - Processing /home/airflow/.local/lib/python3.12/site-packages/airflow/example_dags/example_branch_labels.py took 0.163 seconds
[2024-04-27T00:04:36.437+0000] {processor.py:161} INFO - Started process (PID=11091) to work on /home/airflow/.local/lib/python3.12/site-packages/airflow/example_dags/example_branch_labels.py
[2024-04-27T00:04:36.439+0000] {processor.py:830} INFO - Processing file /home/airflow/.local/lib/python3.12/site-packages/airflow/example_dags/example_branch_labels.py for tasks to queue
[2024-04-27T00:04:36.442+0000] {logging_mixin.py:188} INFO - [2024-04-27T00:04:36.442+0000] {dagbag.py:540} INFO - Filling up the DagBag from /home/airflow/.local/lib/python3.12/site-packages/airflow/example_dags/example_branch_labels.py
[2024-04-27T00:04:36.452+0000] {processor.py:840} INFO - DAG(s) 'example_branch_labels' retrieved from /home/airflow/.local/lib/python3.12/site-packages/airflow/example_dags/example_branch_labels.py
[2024-04-27T00:04:36.479+0000] {logging_mixin.py:188} INFO - [2024-04-27T00:04:36.479+0000] {dag.py:3096} INFO - Sync 1 DAGs
[2024-04-27T00:04:36.501+0000] {logging_mixin.py:188} INFO - [2024-04-27T00:04:36.501+0000] {dag.py:3954} INFO - Setting next_dagrun for example_branch_labels to 2024-04-26 00:00:00+00:00, run_after=2024-04-27 00:00:00+00:00
[2024-04-27T00:04:36.525+0000] {processor.py:183} INFO - Processing /home/airflow/.local/lib/python3.12/site-packages/airflow/example_dags/example_branch_labels.py took 0.096 seconds
[2024-04-27T00:05:07.026+0000] {processor.py:161} INFO - Started process (PID=11151) to work on /home/airflow/.local/lib/python3.12/site-packages/airflow/example_dags/example_branch_labels.py
[2024-04-27T00:05:07.037+0000] {processor.py:830} INFO - Processing file /home/airflow/.local/lib/python3.12/site-packages/airflow/example_dags/example_branch_labels.py for tasks to queue
[2024-04-27T00:05:07.045+0000] {logging_mixin.py:188} INFO - [2024-04-27T00:05:07.045+0000] {dagbag.py:540} INFO - Filling up the DagBag from /home/airflow/.local/lib/python3.12/site-packages/airflow/example_dags/example_branch_labels.py
[2024-04-27T00:05:07.055+0000] {processor.py:840} INFO - DAG(s) 'example_branch_labels' retrieved from /home/airflow/.local/lib/python3.12/site-packages/airflow/example_dags/example_branch_labels.py
[2024-04-27T00:05:07.083+0000] {logging_mixin.py:188} INFO - [2024-04-27T00:05:07.082+0000] {dag.py:3096} INFO - Sync 1 DAGs
[2024-04-27T00:05:07.107+0000] {logging_mixin.py:188} INFO - [2024-04-27T00:05:07.107+0000] {dag.py:3954} INFO - Setting next_dagrun for example_branch_labels to 2024-04-26 00:00:00+00:00, run_after=2024-04-27 00:00:00+00:00
[2024-04-27T00:05:07.129+0000] {processor.py:183} INFO - Processing /home/airflow/.local/lib/python3.12/site-packages/airflow/example_dags/example_branch_labels.py took 0.109 seconds
[2024-04-27T00:05:37.955+0000] {processor.py:161} INFO - Started process (PID=11211) to work on /home/airflow/.local/lib/python3.12/site-packages/airflow/example_dags/example_branch_labels.py
[2024-04-27T00:05:37.956+0000] {processor.py:830} INFO - Processing file /home/airflow/.local/lib/python3.12/site-packages/airflow/example_dags/example_branch_labels.py for tasks to queue
[2024-04-27T00:05:37.957+0000] {logging_mixin.py:188} INFO - [2024-04-27T00:05:37.957+0000] {dagbag.py:540} INFO - Filling up the DagBag from /home/airflow/.local/lib/python3.12/site-packages/airflow/example_dags/example_branch_labels.py
[2024-04-27T00:05:37.965+0000] {processor.py:840} INFO - DAG(s) 'example_branch_labels' retrieved from /home/airflow/.local/lib/python3.12/site-packages/airflow/example_dags/example_branch_labels.py
[2024-04-27T00:05:37.986+0000] {logging_mixin.py:188} INFO - [2024-04-27T00:05:37.986+0000] {dag.py:3096} INFO - Sync 1 DAGs
[2024-04-27T00:05:38.007+0000] {logging_mixin.py:188} INFO - [2024-04-27T00:05:38.007+0000] {dag.py:3954} INFO - Setting next_dagrun for example_branch_labels to 2024-04-26 00:00:00+00:00, run_after=2024-04-27 00:00:00+00:00
[2024-04-27T00:05:38.028+0000] {processor.py:183} INFO - Processing /home/airflow/.local/lib/python3.12/site-packages/airflow/example_dags/example_branch_labels.py took 0.079 seconds
[2024-04-27T00:06:08.672+0000] {processor.py:161} INFO - Started process (PID=11271) to work on /home/airflow/.local/lib/python3.12/site-packages/airflow/example_dags/example_branch_labels.py
[2024-04-27T00:06:08.674+0000] {processor.py:830} INFO - Processing file /home/airflow/.local/lib/python3.12/site-packages/airflow/example_dags/example_branch_labels.py for tasks to queue
[2024-04-27T00:06:08.675+0000] {logging_mixin.py:188} INFO - [2024-04-27T00:06:08.675+0000] {dagbag.py:540} INFO - Filling up the DagBag from /home/airflow/.local/lib/python3.12/site-packages/airflow/example_dags/example_branch_labels.py
[2024-04-27T00:06:08.682+0000] {processor.py:840} INFO - DAG(s) 'example_branch_labels' retrieved from /home/airflow/.local/lib/python3.12/site-packages/airflow/example_dags/example_branch_labels.py
[2024-04-27T00:06:08.704+0000] {logging_mixin.py:188} INFO - [2024-04-27T00:06:08.704+0000] {dag.py:3096} INFO - Sync 1 DAGs
[2024-04-27T00:06:08.724+0000] {logging_mixin.py:188} INFO - [2024-04-27T00:06:08.724+0000] {dag.py:3954} INFO - Setting next_dagrun for example_branch_labels to 2024-04-26 00:00:00+00:00, run_after=2024-04-27 00:00:00+00:00
[2024-04-27T00:06:08.743+0000] {processor.py:183} INFO - Processing /home/airflow/.local/lib/python3.12/site-packages/airflow/example_dags/example_branch_labels.py took 0.075 seconds
[2024-04-27T00:06:39.367+0000] {processor.py:161} INFO - Started process (PID=11331) to work on /home/airflow/.local/lib/python3.12/site-packages/airflow/example_dags/example_branch_labels.py
[2024-04-27T00:06:39.369+0000] {processor.py:830} INFO - Processing file /home/airflow/.local/lib/python3.12/site-packages/airflow/example_dags/example_branch_labels.py for tasks to queue
[2024-04-27T00:06:39.370+0000] {logging_mixin.py:188} INFO - [2024-04-27T00:06:39.370+0000] {dagbag.py:540} INFO - Filling up the DagBag from /home/airflow/.local/lib/python3.12/site-packages/airflow/example_dags/example_branch_labels.py
[2024-04-27T00:06:39.377+0000] {processor.py:840} INFO - DAG(s) 'example_branch_labels' retrieved from /home/airflow/.local/lib/python3.12/site-packages/airflow/example_dags/example_branch_labels.py
[2024-04-27T00:06:39.398+0000] {logging_mixin.py:188} INFO - [2024-04-27T00:06:39.398+0000] {dag.py:3096} INFO - Sync 1 DAGs
[2024-04-27T00:06:39.418+0000] {logging_mixin.py:188} INFO - [2024-04-27T00:06:39.418+0000] {dag.py:3954} INFO - Setting next_dagrun for example_branch_labels to 2024-04-26 00:00:00+00:00, run_after=2024-04-27 00:00:00+00:00
[2024-04-27T00:06:39.439+0000] {processor.py:183} INFO - Processing /home/airflow/.local/lib/python3.12/site-packages/airflow/example_dags/example_branch_labels.py took 0.077 seconds
[2024-04-27T00:07:10.223+0000] {processor.py:161} INFO - Started process (PID=11391) to work on /home/airflow/.local/lib/python3.12/site-packages/airflow/example_dags/example_branch_labels.py
[2024-04-27T00:07:10.224+0000] {processor.py:830} INFO - Processing file /home/airflow/.local/lib/python3.12/site-packages/airflow/example_dags/example_branch_labels.py for tasks to queue
[2024-04-27T00:07:10.225+0000] {logging_mixin.py:188} INFO - [2024-04-27T00:07:10.225+0000] {dagbag.py:540} INFO - Filling up the DagBag from /home/airflow/.local/lib/python3.12/site-packages/airflow/example_dags/example_branch_labels.py
[2024-04-27T00:07:10.233+0000] {processor.py:840} INFO - DAG(s) 'example_branch_labels' retrieved from /home/airflow/.local/lib/python3.12/site-packages/airflow/example_dags/example_branch_labels.py
[2024-04-27T00:07:10.257+0000] {logging_mixin.py:188} INFO - [2024-04-27T00:07:10.256+0000] {dag.py:3096} INFO - Sync 1 DAGs
[2024-04-27T00:07:10.279+0000] {logging_mixin.py:188} INFO - [2024-04-27T00:07:10.278+0000] {dag.py:3954} INFO - Setting next_dagrun for example_branch_labels to 2024-04-26 00:00:00+00:00, run_after=2024-04-27 00:00:00+00:00
[2024-04-27T00:07:10.298+0000] {processor.py:183} INFO - Processing /home/airflow/.local/lib/python3.12/site-packages/airflow/example_dags/example_branch_labels.py took 0.082 seconds
[2024-04-27T00:07:40.712+0000] {processor.py:161} INFO - Started process (PID=11451) to work on /home/airflow/.local/lib/python3.12/site-packages/airflow/example_dags/example_branch_labels.py
[2024-04-27T00:07:40.713+0000] {processor.py:830} INFO - Processing file /home/airflow/.local/lib/python3.12/site-packages/airflow/example_dags/example_branch_labels.py for tasks to queue
[2024-04-27T00:07:40.714+0000] {logging_mixin.py:188} INFO - [2024-04-27T00:07:40.714+0000] {dagbag.py:540} INFO - Filling up the DagBag from /home/airflow/.local/lib/python3.12/site-packages/airflow/example_dags/example_branch_labels.py
[2024-04-27T00:07:40.725+0000] {processor.py:840} INFO - DAG(s) 'example_branch_labels' retrieved from /home/airflow/.local/lib/python3.12/site-packages/airflow/example_dags/example_branch_labels.py
[2024-04-27T00:07:40.750+0000] {logging_mixin.py:188} INFO - [2024-04-27T00:07:40.749+0000] {dag.py:3096} INFO - Sync 1 DAGs
[2024-04-27T00:07:40.774+0000] {logging_mixin.py:188} INFO - [2024-04-27T00:07:40.774+0000] {dag.py:3954} INFO - Setting next_dagrun for example_branch_labels to 2024-04-26 00:00:00+00:00, run_after=2024-04-27 00:00:00+00:00
[2024-04-27T00:07:40.794+0000] {processor.py:183} INFO - Processing /home/airflow/.local/lib/python3.12/site-packages/airflow/example_dags/example_branch_labels.py took 0.088 seconds
[2024-04-27T00:08:11.466+0000] {processor.py:161} INFO - Started process (PID=11511) to work on /home/airflow/.local/lib/python3.12/site-packages/airflow/example_dags/example_branch_labels.py
[2024-04-27T00:08:11.468+0000] {processor.py:830} INFO - Processing file /home/airflow/.local/lib/python3.12/site-packages/airflow/example_dags/example_branch_labels.py for tasks to queue
[2024-04-27T00:08:11.469+0000] {logging_mixin.py:188} INFO - [2024-04-27T00:08:11.468+0000] {dagbag.py:540} INFO - Filling up the DagBag from /home/airflow/.local/lib/python3.12/site-packages/airflow/example_dags/example_branch_labels.py
[2024-04-27T00:08:11.475+0000] {processor.py:840} INFO - DAG(s) 'example_branch_labels' retrieved from /home/airflow/.local/lib/python3.12/site-packages/airflow/example_dags/example_branch_labels.py
[2024-04-27T00:08:11.495+0000] {logging_mixin.py:188} INFO - [2024-04-27T00:08:11.494+0000] {dag.py:3096} INFO - Sync 1 DAGs
[2024-04-27T00:08:11.513+0000] {logging_mixin.py:188} INFO - [2024-04-27T00:08:11.513+0000] {dag.py:3954} INFO - Setting next_dagrun for example_branch_labels to 2024-04-26 00:00:00+00:00, run_after=2024-04-27 00:00:00+00:00
[2024-04-27T00:08:11.533+0000] {processor.py:183} INFO - Processing /home/airflow/.local/lib/python3.12/site-packages/airflow/example_dags/example_branch_labels.py took 0.072 seconds
[2024-04-27T00:08:42.015+0000] {processor.py:161} INFO - Started process (PID=11571) to work on /home/airflow/.local/lib/python3.12/site-packages/airflow/example_dags/example_branch_labels.py
[2024-04-27T00:08:42.018+0000] {processor.py:830} INFO - Processing file /home/airflow/.local/lib/python3.12/site-packages/airflow/example_dags/example_branch_labels.py for tasks to queue
[2024-04-27T00:08:42.019+0000] {logging_mixin.py:188} INFO - [2024-04-27T00:08:42.019+0000] {dagbag.py:540} INFO - Filling up the DagBag from /home/airflow/.local/lib/python3.12/site-packages/airflow/example_dags/example_branch_labels.py
[2024-04-27T00:08:42.026+0000] {processor.py:840} INFO - DAG(s) 'example_branch_labels' retrieved from /home/airflow/.local/lib/python3.12/site-packages/airflow/example_dags/example_branch_labels.py
[2024-04-27T00:08:42.045+0000] {logging_mixin.py:188} INFO - [2024-04-27T00:08:42.045+0000] {dag.py:3096} INFO - Sync 1 DAGs
[2024-04-27T00:08:42.065+0000] {logging_mixin.py:188} INFO - [2024-04-27T00:08:42.065+0000] {dag.py:3954} INFO - Setting next_dagrun for example_branch_labels to 2024-04-26 00:00:00+00:00, run_after=2024-04-27 00:00:00+00:00
[2024-04-27T00:08:42.084+0000] {processor.py:183} INFO - Processing /home/airflow/.local/lib/python3.12/site-packages/airflow/example_dags/example_branch_labels.py took 0.074 seconds
[2024-04-27T00:09:12.445+0000] {processor.py:161} INFO - Started process (PID=11631) to work on /home/airflow/.local/lib/python3.12/site-packages/airflow/example_dags/example_branch_labels.py
[2024-04-27T00:09:12.448+0000] {processor.py:830} INFO - Processing file /home/airflow/.local/lib/python3.12/site-packages/airflow/example_dags/example_branch_labels.py for tasks to queue
[2024-04-27T00:09:12.450+0000] {logging_mixin.py:188} INFO - [2024-04-27T00:09:12.449+0000] {dagbag.py:540} INFO - Filling up the DagBag from /home/airflow/.local/lib/python3.12/site-packages/airflow/example_dags/example_branch_labels.py
[2024-04-27T00:09:12.458+0000] {processor.py:840} INFO - DAG(s) 'example_branch_labels' retrieved from /home/airflow/.local/lib/python3.12/site-packages/airflow/example_dags/example_branch_labels.py
[2024-04-27T00:09:12.477+0000] {logging_mixin.py:188} INFO - [2024-04-27T00:09:12.477+0000] {dag.py:3096} INFO - Sync 1 DAGs
[2024-04-27T00:09:12.497+0000] {logging_mixin.py:188} INFO - [2024-04-27T00:09:12.496+0000] {dag.py:3954} INFO - Setting next_dagrun for example_branch_labels to 2024-04-26 00:00:00+00:00, run_after=2024-04-27 00:00:00+00:00
[2024-04-27T00:09:12.516+0000] {processor.py:183} INFO - Processing /home/airflow/.local/lib/python3.12/site-packages/airflow/example_dags/example_branch_labels.py took 0.077 seconds
[2024-04-27T00:09:43.090+0000] {processor.py:161} INFO - Started process (PID=11691) to work on /home/airflow/.local/lib/python3.12/site-packages/airflow/example_dags/example_branch_labels.py
[2024-04-27T00:09:43.091+0000] {processor.py:830} INFO - Processing file /home/airflow/.local/lib/python3.12/site-packages/airflow/example_dags/example_branch_labels.py for tasks to queue
[2024-04-27T00:09:43.093+0000] {logging_mixin.py:188} INFO - [2024-04-27T00:09:43.092+0000] {dagbag.py:540} INFO - Filling up the DagBag from /home/airflow/.local/lib/python3.12/site-packages/airflow/example_dags/example_branch_labels.py
[2024-04-27T00:09:43.101+0000] {processor.py:840} INFO - DAG(s) 'example_branch_labels' retrieved from /home/airflow/.local/lib/python3.12/site-packages/airflow/example_dags/example_branch_labels.py
[2024-04-27T00:09:43.130+0000] {logging_mixin.py:188} INFO - [2024-04-27T00:09:43.130+0000] {dag.py:3096} INFO - Sync 1 DAGs
[2024-04-27T00:09:43.170+0000] {logging_mixin.py:188} INFO - [2024-04-27T00:09:43.170+0000] {dag.py:3954} INFO - Setting next_dagrun for example_branch_labels to 2024-04-26 00:00:00+00:00, run_after=2024-04-27 00:00:00+00:00
[2024-04-27T00:09:43.198+0000] {processor.py:183} INFO - Processing /home/airflow/.local/lib/python3.12/site-packages/airflow/example_dags/example_branch_labels.py took 0.113 seconds
[2024-04-27T00:10:13.642+0000] {processor.py:161} INFO - Started process (PID=11751) to work on /home/airflow/.local/lib/python3.12/site-packages/airflow/example_dags/example_branch_labels.py
[2024-04-27T00:10:13.645+0000] {processor.py:830} INFO - Processing file /home/airflow/.local/lib/python3.12/site-packages/airflow/example_dags/example_branch_labels.py for tasks to queue
[2024-04-27T00:10:13.651+0000] {logging_mixin.py:188} INFO - [2024-04-27T00:10:13.650+0000] {dagbag.py:540} INFO - Filling up the DagBag from /home/airflow/.local/lib/python3.12/site-packages/airflow/example_dags/example_branch_labels.py
[2024-04-27T00:10:13.658+0000] {processor.py:840} INFO - DAG(s) 'example_branch_labels' retrieved from /home/airflow/.local/lib/python3.12/site-packages/airflow/example_dags/example_branch_labels.py
[2024-04-27T00:10:13.683+0000] {logging_mixin.py:188} INFO - [2024-04-27T00:10:13.683+0000] {dag.py:3096} INFO - Sync 1 DAGs
[2024-04-27T00:10:13.708+0000] {logging_mixin.py:188} INFO - [2024-04-27T00:10:13.708+0000] {dag.py:3954} INFO - Setting next_dagrun for example_branch_labels to 2024-04-26 00:00:00+00:00, run_after=2024-04-27 00:00:00+00:00
[2024-04-27T00:10:13.730+0000] {processor.py:183} INFO - Processing /home/airflow/.local/lib/python3.12/site-packages/airflow/example_dags/example_branch_labels.py took 0.093 seconds
[2024-04-27T00:10:44.737+0000] {processor.py:161} INFO - Started process (PID=11811) to work on /home/airflow/.local/lib/python3.12/site-packages/airflow/example_dags/example_branch_labels.py
[2024-04-27T00:10:44.741+0000] {processor.py:830} INFO - Processing file /home/airflow/.local/lib/python3.12/site-packages/airflow/example_dags/example_branch_labels.py for tasks to queue
[2024-04-27T00:10:44.744+0000] {logging_mixin.py:188} INFO - [2024-04-27T00:10:44.744+0000] {dagbag.py:540} INFO - Filling up the DagBag from /home/airflow/.local/lib/python3.12/site-packages/airflow/example_dags/example_branch_labels.py
[2024-04-27T00:10:44.752+0000] {processor.py:840} INFO - DAG(s) 'example_branch_labels' retrieved from /home/airflow/.local/lib/python3.12/site-packages/airflow/example_dags/example_branch_labels.py
[2024-04-27T00:10:44.770+0000] {logging_mixin.py:188} INFO - [2024-04-27T00:10:44.770+0000] {dag.py:3096} INFO - Sync 1 DAGs
[2024-04-27T00:10:44.790+0000] {logging_mixin.py:188} INFO - [2024-04-27T00:10:44.790+0000] {dag.py:3954} INFO - Setting next_dagrun for example_branch_labels to 2024-04-26 00:00:00+00:00, run_after=2024-04-27 00:00:00+00:00
[2024-04-27T00:10:44.811+0000] {processor.py:183} INFO - Processing /home/airflow/.local/lib/python3.12/site-packages/airflow/example_dags/example_branch_labels.py took 0.080 seconds
[2024-04-27T00:11:15.144+0000] {processor.py:161} INFO - Started process (PID=11871) to work on /home/airflow/.local/lib/python3.12/site-packages/airflow/example_dags/example_branch_labels.py
[2024-04-27T00:11:15.145+0000] {processor.py:830} INFO - Processing file /home/airflow/.local/lib/python3.12/site-packages/airflow/example_dags/example_branch_labels.py for tasks to queue
[2024-04-27T00:11:15.147+0000] {logging_mixin.py:188} INFO - [2024-04-27T00:11:15.146+0000] {dagbag.py:540} INFO - Filling up the DagBag from /home/airflow/.local/lib/python3.12/site-packages/airflow/example_dags/example_branch_labels.py
[2024-04-27T00:11:15.163+0000] {processor.py:840} INFO - DAG(s) 'example_branch_labels' retrieved from /home/airflow/.local/lib/python3.12/site-packages/airflow/example_dags/example_branch_labels.py
[2024-04-27T00:11:15.192+0000] {logging_mixin.py:188} INFO - [2024-04-27T00:11:15.191+0000] {dag.py:3096} INFO - Sync 1 DAGs
[2024-04-27T00:11:15.215+0000] {logging_mixin.py:188} INFO - [2024-04-27T00:11:15.215+0000] {dag.py:3954} INFO - Setting next_dagrun for example_branch_labels to 2024-04-26 00:00:00+00:00, run_after=2024-04-27 00:00:00+00:00
[2024-04-27T00:11:15.235+0000] {processor.py:183} INFO - Processing /home/airflow/.local/lib/python3.12/site-packages/airflow/example_dags/example_branch_labels.py took 0.096 seconds
[2024-04-27T00:11:45.992+0000] {processor.py:161} INFO - Started process (PID=11933) to work on /home/airflow/.local/lib/python3.12/site-packages/airflow/example_dags/example_branch_labels.py
[2024-04-27T00:11:45.994+0000] {processor.py:830} INFO - Processing file /home/airflow/.local/lib/python3.12/site-packages/airflow/example_dags/example_branch_labels.py for tasks to queue
[2024-04-27T00:11:45.995+0000] {logging_mixin.py:188} INFO - [2024-04-27T00:11:45.995+0000] {dagbag.py:540} INFO - Filling up the DagBag from /home/airflow/.local/lib/python3.12/site-packages/airflow/example_dags/example_branch_labels.py
[2024-04-27T00:11:46.008+0000] {processor.py:840} INFO - DAG(s) 'example_branch_labels' retrieved from /home/airflow/.local/lib/python3.12/site-packages/airflow/example_dags/example_branch_labels.py
[2024-04-27T00:11:46.039+0000] {logging_mixin.py:188} INFO - [2024-04-27T00:11:46.038+0000] {dag.py:3096} INFO - Sync 1 DAGs
[2024-04-27T00:11:46.068+0000] {logging_mixin.py:188} INFO - [2024-04-27T00:11:46.068+0000] {dag.py:3954} INFO - Setting next_dagrun for example_branch_labels to 2024-04-26 00:00:00+00:00, run_after=2024-04-27 00:00:00+00:00
[2024-04-27T00:11:46.093+0000] {processor.py:183} INFO - Processing /home/airflow/.local/lib/python3.12/site-packages/airflow/example_dags/example_branch_labels.py took 0.114 seconds
[2024-04-27T00:12:16.886+0000] {processor.py:161} INFO - Started process (PID=11993) to work on /home/airflow/.local/lib/python3.12/site-packages/airflow/example_dags/example_branch_labels.py
[2024-04-27T00:12:16.887+0000] {processor.py:830} INFO - Processing file /home/airflow/.local/lib/python3.12/site-packages/airflow/example_dags/example_branch_labels.py for tasks to queue
[2024-04-27T00:12:16.891+0000] {logging_mixin.py:188} INFO - [2024-04-27T00:12:16.889+0000] {dagbag.py:540} INFO - Filling up the DagBag from /home/airflow/.local/lib/python3.12/site-packages/airflow/example_dags/example_branch_labels.py
[2024-04-27T00:12:16.899+0000] {processor.py:840} INFO - DAG(s) 'example_branch_labels' retrieved from /home/airflow/.local/lib/python3.12/site-packages/airflow/example_dags/example_branch_labels.py
[2024-04-27T00:12:16.933+0000] {logging_mixin.py:188} INFO - [2024-04-27T00:12:16.933+0000] {dag.py:3096} INFO - Sync 1 DAGs
[2024-04-27T00:12:16.959+0000] {logging_mixin.py:188} INFO - [2024-04-27T00:12:16.959+0000] {dag.py:3954} INFO - Setting next_dagrun for example_branch_labels to 2024-04-26 00:00:00+00:00, run_after=2024-04-27 00:00:00+00:00
[2024-04-27T00:12:16.984+0000] {processor.py:183} INFO - Processing /home/airflow/.local/lib/python3.12/site-packages/airflow/example_dags/example_branch_labels.py took 0.105 seconds
[2024-04-27T00:12:47.268+0000] {processor.py:161} INFO - Started process (PID=12052) to work on /home/airflow/.local/lib/python3.12/site-packages/airflow/example_dags/example_branch_labels.py
[2024-04-27T00:12:47.270+0000] {processor.py:830} INFO - Processing file /home/airflow/.local/lib/python3.12/site-packages/airflow/example_dags/example_branch_labels.py for tasks to queue
[2024-04-27T00:12:47.271+0000] {logging_mixin.py:188} INFO - [2024-04-27T00:12:47.271+0000] {dagbag.py:540} INFO - Filling up the DagBag from /home/airflow/.local/lib/python3.12/site-packages/airflow/example_dags/example_branch_labels.py
[2024-04-27T00:12:47.281+0000] {processor.py:840} INFO - DAG(s) 'example_branch_labels' retrieved from /home/airflow/.local/lib/python3.12/site-packages/airflow/example_dags/example_branch_labels.py
[2024-04-27T00:12:47.311+0000] {logging_mixin.py:188} INFO - [2024-04-27T00:12:47.311+0000] {dag.py:3096} INFO - Sync 1 DAGs
[2024-04-27T00:12:47.344+0000] {logging_mixin.py:188} INFO - [2024-04-27T00:12:47.344+0000] {dag.py:3954} INFO - Setting next_dagrun for example_branch_labels to 2024-04-26 00:00:00+00:00, run_after=2024-04-27 00:00:00+00:00
[2024-04-27T00:12:47.373+0000] {processor.py:183} INFO - Processing /home/airflow/.local/lib/python3.12/site-packages/airflow/example_dags/example_branch_labels.py took 0.111 seconds
[2024-04-27T00:13:18.014+0000] {processor.py:161} INFO - Started process (PID=12113) to work on /home/airflow/.local/lib/python3.12/site-packages/airflow/example_dags/example_branch_labels.py
[2024-04-27T00:13:18.015+0000] {processor.py:830} INFO - Processing file /home/airflow/.local/lib/python3.12/site-packages/airflow/example_dags/example_branch_labels.py for tasks to queue
[2024-04-27T00:13:18.017+0000] {logging_mixin.py:188} INFO - [2024-04-27T00:13:18.016+0000] {dagbag.py:540} INFO - Filling up the DagBag from /home/airflow/.local/lib/python3.12/site-packages/airflow/example_dags/example_branch_labels.py
[2024-04-27T00:13:18.024+0000] {processor.py:840} INFO - DAG(s) 'example_branch_labels' retrieved from /home/airflow/.local/lib/python3.12/site-packages/airflow/example_dags/example_branch_labels.py
[2024-04-27T00:13:18.050+0000] {logging_mixin.py:188} INFO - [2024-04-27T00:13:18.050+0000] {dag.py:3096} INFO - Sync 1 DAGs
[2024-04-27T00:13:18.088+0000] {logging_mixin.py:188} INFO - [2024-04-27T00:13:18.088+0000] {dag.py:3954} INFO - Setting next_dagrun for example_branch_labels to 2024-04-26 00:00:00+00:00, run_after=2024-04-27 00:00:00+00:00
[2024-04-27T00:13:18.118+0000] {processor.py:183} INFO - Processing /home/airflow/.local/lib/python3.12/site-packages/airflow/example_dags/example_branch_labels.py took 0.111 seconds
[2024-04-27T00:13:48.458+0000] {processor.py:161} INFO - Started process (PID=12172) to work on /home/airflow/.local/lib/python3.12/site-packages/airflow/example_dags/example_branch_labels.py
[2024-04-27T00:13:48.459+0000] {processor.py:830} INFO - Processing file /home/airflow/.local/lib/python3.12/site-packages/airflow/example_dags/example_branch_labels.py for tasks to queue
[2024-04-27T00:13:48.460+0000] {logging_mixin.py:188} INFO - [2024-04-27T00:13:48.460+0000] {dagbag.py:540} INFO - Filling up the DagBag from /home/airflow/.local/lib/python3.12/site-packages/airflow/example_dags/example_branch_labels.py
[2024-04-27T00:13:48.467+0000] {processor.py:840} INFO - DAG(s) 'example_branch_labels' retrieved from /home/airflow/.local/lib/python3.12/site-packages/airflow/example_dags/example_branch_labels.py
[2024-04-27T00:13:48.489+0000] {logging_mixin.py:188} INFO - [2024-04-27T00:13:48.489+0000] {dag.py:3096} INFO - Sync 1 DAGs
[2024-04-27T00:13:48.508+0000] {logging_mixin.py:188} INFO - [2024-04-27T00:13:48.508+0000] {dag.py:3954} INFO - Setting next_dagrun for example_branch_labels to 2024-04-26 00:00:00+00:00, run_after=2024-04-27 00:00:00+00:00
[2024-04-27T00:13:48.526+0000] {processor.py:183} INFO - Processing /home/airflow/.local/lib/python3.12/site-packages/airflow/example_dags/example_branch_labels.py took 0.074 seconds
[2024-04-27T00:14:19.097+0000] {processor.py:161} INFO - Started process (PID=12232) to work on /home/airflow/.local/lib/python3.12/site-packages/airflow/example_dags/example_branch_labels.py
[2024-04-27T00:14:19.098+0000] {processor.py:830} INFO - Processing file /home/airflow/.local/lib/python3.12/site-packages/airflow/example_dags/example_branch_labels.py for tasks to queue
[2024-04-27T00:14:19.099+0000] {logging_mixin.py:188} INFO - [2024-04-27T00:14:19.099+0000] {dagbag.py:540} INFO - Filling up the DagBag from /home/airflow/.local/lib/python3.12/site-packages/airflow/example_dags/example_branch_labels.py
[2024-04-27T00:14:19.109+0000] {processor.py:840} INFO - DAG(s) 'example_branch_labels' retrieved from /home/airflow/.local/lib/python3.12/site-packages/airflow/example_dags/example_branch_labels.py
[2024-04-27T00:14:19.131+0000] {logging_mixin.py:188} INFO - [2024-04-27T00:14:19.131+0000] {dag.py:3096} INFO - Sync 1 DAGs
[2024-04-27T00:14:19.153+0000] {logging_mixin.py:188} INFO - [2024-04-27T00:14:19.153+0000] {dag.py:3954} INFO - Setting next_dagrun for example_branch_labels to 2024-04-26 00:00:00+00:00, run_after=2024-04-27 00:00:00+00:00
[2024-04-27T00:14:19.180+0000] {processor.py:183} INFO - Processing /home/airflow/.local/lib/python3.12/site-packages/airflow/example_dags/example_branch_labels.py took 0.089 seconds
[2024-04-27T00:14:49.242+0000] {processor.py:161} INFO - Started process (PID=12292) to work on /home/airflow/.local/lib/python3.12/site-packages/airflow/example_dags/example_branch_labels.py
[2024-04-27T00:14:49.243+0000] {processor.py:830} INFO - Processing file /home/airflow/.local/lib/python3.12/site-packages/airflow/example_dags/example_branch_labels.py for tasks to queue
[2024-04-27T00:14:49.245+0000] {logging_mixin.py:188} INFO - [2024-04-27T00:14:49.244+0000] {dagbag.py:540} INFO - Filling up the DagBag from /home/airflow/.local/lib/python3.12/site-packages/airflow/example_dags/example_branch_labels.py
[2024-04-27T00:14:49.253+0000] {processor.py:840} INFO - DAG(s) 'example_branch_labels' retrieved from /home/airflow/.local/lib/python3.12/site-packages/airflow/example_dags/example_branch_labels.py
[2024-04-27T00:14:49.275+0000] {logging_mixin.py:188} INFO - [2024-04-27T00:14:49.274+0000] {dag.py:3096} INFO - Sync 1 DAGs
[2024-04-27T00:14:49.295+0000] {logging_mixin.py:188} INFO - [2024-04-27T00:14:49.295+0000] {dag.py:3954} INFO - Setting next_dagrun for example_branch_labels to 2024-04-26 00:00:00+00:00, run_after=2024-04-27 00:00:00+00:00
[2024-04-27T00:14:49.315+0000] {processor.py:183} INFO - Processing /home/airflow/.local/lib/python3.12/site-packages/airflow/example_dags/example_branch_labels.py took 0.078 seconds
[2024-04-27T00:15:19.448+0000] {processor.py:161} INFO - Started process (PID=12352) to work on /home/airflow/.local/lib/python3.12/site-packages/airflow/example_dags/example_branch_labels.py
[2024-04-27T00:15:19.450+0000] {processor.py:830} INFO - Processing file /home/airflow/.local/lib/python3.12/site-packages/airflow/example_dags/example_branch_labels.py for tasks to queue
[2024-04-27T00:15:19.450+0000] {logging_mixin.py:188} INFO - [2024-04-27T00:15:19.450+0000] {dagbag.py:540} INFO - Filling up the DagBag from /home/airflow/.local/lib/python3.12/site-packages/airflow/example_dags/example_branch_labels.py
[2024-04-27T00:15:19.457+0000] {processor.py:840} INFO - DAG(s) 'example_branch_labels' retrieved from /home/airflow/.local/lib/python3.12/site-packages/airflow/example_dags/example_branch_labels.py
[2024-04-27T00:15:19.479+0000] {logging_mixin.py:188} INFO - [2024-04-27T00:15:19.478+0000] {dag.py:3096} INFO - Sync 1 DAGs
[2024-04-27T00:15:19.499+0000] {logging_mixin.py:188} INFO - [2024-04-27T00:15:19.499+0000] {dag.py:3954} INFO - Setting next_dagrun for example_branch_labels to 2024-04-26 00:00:00+00:00, run_after=2024-04-27 00:00:00+00:00
[2024-04-27T00:15:19.518+0000] {processor.py:183} INFO - Processing /home/airflow/.local/lib/python3.12/site-packages/airflow/example_dags/example_branch_labels.py took 0.075 seconds
[2024-04-27T00:15:50.262+0000] {processor.py:161} INFO - Started process (PID=12412) to work on /home/airflow/.local/lib/python3.12/site-packages/airflow/example_dags/example_branch_labels.py
[2024-04-27T00:15:50.264+0000] {processor.py:830} INFO - Processing file /home/airflow/.local/lib/python3.12/site-packages/airflow/example_dags/example_branch_labels.py for tasks to queue
[2024-04-27T00:15:50.265+0000] {logging_mixin.py:188} INFO - [2024-04-27T00:15:50.264+0000] {dagbag.py:540} INFO - Filling up the DagBag from /home/airflow/.local/lib/python3.12/site-packages/airflow/example_dags/example_branch_labels.py
[2024-04-27T00:15:50.275+0000] {processor.py:840} INFO - DAG(s) 'example_branch_labels' retrieved from /home/airflow/.local/lib/python3.12/site-packages/airflow/example_dags/example_branch_labels.py
[2024-04-27T00:15:50.312+0000] {logging_mixin.py:188} INFO - [2024-04-27T00:15:50.312+0000] {dag.py:3096} INFO - Sync 1 DAGs
[2024-04-27T00:15:50.339+0000] {logging_mixin.py:188} INFO - [2024-04-27T00:15:50.339+0000] {dag.py:3954} INFO - Setting next_dagrun for example_branch_labels to 2024-04-26 00:00:00+00:00, run_after=2024-04-27 00:00:00+00:00
[2024-04-27T00:15:50.364+0000] {processor.py:183} INFO - Processing /home/airflow/.local/lib/python3.12/site-packages/airflow/example_dags/example_branch_labels.py took 0.107 seconds
[2024-04-27T00:16:20.576+0000] {processor.py:161} INFO - Started process (PID=12472) to work on /home/airflow/.local/lib/python3.12/site-packages/airflow/example_dags/example_branch_labels.py
[2024-04-27T00:16:20.581+0000] {processor.py:830} INFO - Processing file /home/airflow/.local/lib/python3.12/site-packages/airflow/example_dags/example_branch_labels.py for tasks to queue
[2024-04-27T00:16:20.587+0000] {logging_mixin.py:188} INFO - [2024-04-27T00:16:20.587+0000] {dagbag.py:540} INFO - Filling up the DagBag from /home/airflow/.local/lib/python3.12/site-packages/airflow/example_dags/example_branch_labels.py
[2024-04-27T00:16:20.598+0000] {processor.py:840} INFO - DAG(s) 'example_branch_labels' retrieved from /home/airflow/.local/lib/python3.12/site-packages/airflow/example_dags/example_branch_labels.py
[2024-04-27T00:16:20.623+0000] {logging_mixin.py:188} INFO - [2024-04-27T00:16:20.623+0000] {dag.py:3096} INFO - Sync 1 DAGs
[2024-04-27T00:16:20.651+0000] {logging_mixin.py:188} INFO - [2024-04-27T00:16:20.651+0000] {dag.py:3954} INFO - Setting next_dagrun for example_branch_labels to 2024-04-26 00:00:00+00:00, run_after=2024-04-27 00:00:00+00:00
[2024-04-27T00:16:20.668+0000] {processor.py:183} INFO - Processing /home/airflow/.local/lib/python3.12/site-packages/airflow/example_dags/example_branch_labels.py took 0.097 seconds
[2024-04-27T00:16:51.417+0000] {processor.py:161} INFO - Started process (PID=12532) to work on /home/airflow/.local/lib/python3.12/site-packages/airflow/example_dags/example_branch_labels.py
[2024-04-27T00:16:51.418+0000] {processor.py:830} INFO - Processing file /home/airflow/.local/lib/python3.12/site-packages/airflow/example_dags/example_branch_labels.py for tasks to queue
[2024-04-27T00:16:51.420+0000] {logging_mixin.py:188} INFO - [2024-04-27T00:16:51.419+0000] {dagbag.py:540} INFO - Filling up the DagBag from /home/airflow/.local/lib/python3.12/site-packages/airflow/example_dags/example_branch_labels.py
[2024-04-27T00:16:51.427+0000] {processor.py:840} INFO - DAG(s) 'example_branch_labels' retrieved from /home/airflow/.local/lib/python3.12/site-packages/airflow/example_dags/example_branch_labels.py
[2024-04-27T00:16:51.451+0000] {logging_mixin.py:188} INFO - [2024-04-27T00:16:51.450+0000] {dag.py:3096} INFO - Sync 1 DAGs
[2024-04-27T00:16:51.473+0000] {logging_mixin.py:188} INFO - [2024-04-27T00:16:51.472+0000] {dag.py:3954} INFO - Setting next_dagrun for example_branch_labels to 2024-04-26 00:00:00+00:00, run_after=2024-04-27 00:00:00+00:00
[2024-04-27T00:16:51.492+0000] {processor.py:183} INFO - Processing /home/airflow/.local/lib/python3.12/site-packages/airflow/example_dags/example_branch_labels.py took 0.081 seconds
[2024-04-27T00:17:21.541+0000] {processor.py:161} INFO - Started process (PID=12592) to work on /home/airflow/.local/lib/python3.12/site-packages/airflow/example_dags/example_branch_labels.py
[2024-04-27T00:17:21.542+0000] {processor.py:830} INFO - Processing file /home/airflow/.local/lib/python3.12/site-packages/airflow/example_dags/example_branch_labels.py for tasks to queue
[2024-04-27T00:17:21.543+0000] {logging_mixin.py:188} INFO - [2024-04-27T00:17:21.543+0000] {dagbag.py:540} INFO - Filling up the DagBag from /home/airflow/.local/lib/python3.12/site-packages/airflow/example_dags/example_branch_labels.py
[2024-04-27T00:17:21.560+0000] {processor.py:840} INFO - DAG(s) 'example_branch_labels' retrieved from /home/airflow/.local/lib/python3.12/site-packages/airflow/example_dags/example_branch_labels.py
[2024-04-27T00:17:21.605+0000] {logging_mixin.py:188} INFO - [2024-04-27T00:17:21.605+0000] {dag.py:3096} INFO - Sync 1 DAGs
[2024-04-27T00:17:21.626+0000] {logging_mixin.py:188} INFO - [2024-04-27T00:17:21.625+0000] {dag.py:3954} INFO - Setting next_dagrun for example_branch_labels to 2024-04-26 00:00:00+00:00, run_after=2024-04-27 00:00:00+00:00
[2024-04-27T00:17:21.645+0000] {processor.py:183} INFO - Processing /home/airflow/.local/lib/python3.12/site-packages/airflow/example_dags/example_branch_labels.py took 0.109 seconds
[2024-04-27T00:17:51.849+0000] {processor.py:161} INFO - Started process (PID=12652) to work on /home/airflow/.local/lib/python3.12/site-packages/airflow/example_dags/example_branch_labels.py
[2024-04-27T00:17:51.851+0000] {processor.py:830} INFO - Processing file /home/airflow/.local/lib/python3.12/site-packages/airflow/example_dags/example_branch_labels.py for tasks to queue
[2024-04-27T00:17:51.853+0000] {logging_mixin.py:188} INFO - [2024-04-27T00:17:51.852+0000] {dagbag.py:540} INFO - Filling up the DagBag from /home/airflow/.local/lib/python3.12/site-packages/airflow/example_dags/example_branch_labels.py
[2024-04-27T00:17:51.860+0000] {processor.py:840} INFO - DAG(s) 'example_branch_labels' retrieved from /home/airflow/.local/lib/python3.12/site-packages/airflow/example_dags/example_branch_labels.py
[2024-04-27T00:17:51.879+0000] {logging_mixin.py:188} INFO - [2024-04-27T00:17:51.879+0000] {dag.py:3096} INFO - Sync 1 DAGs
[2024-04-27T00:17:51.900+0000] {logging_mixin.py:188} INFO - [2024-04-27T00:17:51.900+0000] {dag.py:3954} INFO - Setting next_dagrun for example_branch_labels to 2024-04-26 00:00:00+00:00, run_after=2024-04-27 00:00:00+00:00
[2024-04-27T00:17:51.920+0000] {processor.py:183} INFO - Processing /home/airflow/.local/lib/python3.12/site-packages/airflow/example_dags/example_branch_labels.py took 0.075 seconds
[2024-04-27T00:18:22.883+0000] {processor.py:161} INFO - Started process (PID=12718) to work on /home/airflow/.local/lib/python3.12/site-packages/airflow/example_dags/example_branch_labels.py
[2024-04-27T00:18:22.886+0000] {processor.py:830} INFO - Processing file /home/airflow/.local/lib/python3.12/site-packages/airflow/example_dags/example_branch_labels.py for tasks to queue
[2024-04-27T00:18:22.888+0000] {logging_mixin.py:188} INFO - [2024-04-27T00:18:22.887+0000] {dagbag.py:540} INFO - Filling up the DagBag from /home/airflow/.local/lib/python3.12/site-packages/airflow/example_dags/example_branch_labels.py
[2024-04-27T00:18:22.898+0000] {processor.py:840} INFO - DAG(s) 'example_branch_labels' retrieved from /home/airflow/.local/lib/python3.12/site-packages/airflow/example_dags/example_branch_labels.py
[2024-04-27T00:18:22.926+0000] {logging_mixin.py:188} INFO - [2024-04-27T00:18:22.925+0000] {dag.py:3096} INFO - Sync 1 DAGs
[2024-04-27T00:18:22.953+0000] {logging_mixin.py:188} INFO - [2024-04-27T00:18:22.953+0000] {dag.py:3954} INFO - Setting next_dagrun for example_branch_labels to 2024-04-26 00:00:00+00:00, run_after=2024-04-27 00:00:00+00:00
[2024-04-27T00:18:22.974+0000] {processor.py:183} INFO - Processing /home/airflow/.local/lib/python3.12/site-packages/airflow/example_dags/example_branch_labels.py took 0.096 seconds
[2024-04-27T00:18:53.092+0000] {processor.py:161} INFO - Started process (PID=12778) to work on /home/airflow/.local/lib/python3.12/site-packages/airflow/example_dags/example_branch_labels.py
[2024-04-27T00:18:53.093+0000] {processor.py:830} INFO - Processing file /home/airflow/.local/lib/python3.12/site-packages/airflow/example_dags/example_branch_labels.py for tasks to queue
[2024-04-27T00:18:53.094+0000] {logging_mixin.py:188} INFO - [2024-04-27T00:18:53.094+0000] {dagbag.py:540} INFO - Filling up the DagBag from /home/airflow/.local/lib/python3.12/site-packages/airflow/example_dags/example_branch_labels.py
[2024-04-27T00:18:53.103+0000] {processor.py:840} INFO - DAG(s) 'example_branch_labels' retrieved from /home/airflow/.local/lib/python3.12/site-packages/airflow/example_dags/example_branch_labels.py
[2024-04-27T00:18:53.122+0000] {logging_mixin.py:188} INFO - [2024-04-27T00:18:53.122+0000] {dag.py:3096} INFO - Sync 1 DAGs
[2024-04-27T00:18:53.143+0000] {logging_mixin.py:188} INFO - [2024-04-27T00:18:53.143+0000] {dag.py:3954} INFO - Setting next_dagrun for example_branch_labels to 2024-04-26 00:00:00+00:00, run_after=2024-04-27 00:00:00+00:00
[2024-04-27T00:18:53.173+0000] {processor.py:183} INFO - Processing /home/airflow/.local/lib/python3.12/site-packages/airflow/example_dags/example_branch_labels.py took 0.085 seconds
[2024-04-27T00:19:23.285+0000] {processor.py:161} INFO - Started process (PID=12838) to work on /home/airflow/.local/lib/python3.12/site-packages/airflow/example_dags/example_branch_labels.py
[2024-04-27T00:19:23.286+0000] {processor.py:830} INFO - Processing file /home/airflow/.local/lib/python3.12/site-packages/airflow/example_dags/example_branch_labels.py for tasks to queue
[2024-04-27T00:19:23.287+0000] {logging_mixin.py:188} INFO - [2024-04-27T00:19:23.287+0000] {dagbag.py:540} INFO - Filling up the DagBag from /home/airflow/.local/lib/python3.12/site-packages/airflow/example_dags/example_branch_labels.py
[2024-04-27T00:19:23.294+0000] {processor.py:840} INFO - DAG(s) 'example_branch_labels' retrieved from /home/airflow/.local/lib/python3.12/site-packages/airflow/example_dags/example_branch_labels.py
[2024-04-27T00:19:23.315+0000] {logging_mixin.py:188} INFO - [2024-04-27T00:19:23.315+0000] {dag.py:3096} INFO - Sync 1 DAGs
[2024-04-27T00:19:23.334+0000] {logging_mixin.py:188} INFO - [2024-04-27T00:19:23.334+0000] {dag.py:3954} INFO - Setting next_dagrun for example_branch_labels to 2024-04-26 00:00:00+00:00, run_after=2024-04-27 00:00:00+00:00
[2024-04-27T00:19:23.354+0000] {processor.py:183} INFO - Processing /home/airflow/.local/lib/python3.12/site-packages/airflow/example_dags/example_branch_labels.py took 0.074 seconds
[2024-04-27T00:19:53.620+0000] {processor.py:161} INFO - Started process (PID=12898) to work on /home/airflow/.local/lib/python3.12/site-packages/airflow/example_dags/example_branch_labels.py
[2024-04-27T00:19:53.621+0000] {processor.py:830} INFO - Processing file /home/airflow/.local/lib/python3.12/site-packages/airflow/example_dags/example_branch_labels.py for tasks to queue
[2024-04-27T00:19:53.623+0000] {logging_mixin.py:188} INFO - [2024-04-27T00:19:53.622+0000] {dagbag.py:540} INFO - Filling up the DagBag from /home/airflow/.local/lib/python3.12/site-packages/airflow/example_dags/example_branch_labels.py
[2024-04-27T00:19:53.631+0000] {processor.py:840} INFO - DAG(s) 'example_branch_labels' retrieved from /home/airflow/.local/lib/python3.12/site-packages/airflow/example_dags/example_branch_labels.py
[2024-04-27T00:19:53.650+0000] {logging_mixin.py:188} INFO - [2024-04-27T00:19:53.650+0000] {dag.py:3096} INFO - Sync 1 DAGs
[2024-04-27T00:19:53.669+0000] {logging_mixin.py:188} INFO - [2024-04-27T00:19:53.669+0000] {dag.py:3954} INFO - Setting next_dagrun for example_branch_labels to 2024-04-26 00:00:00+00:00, run_after=2024-04-27 00:00:00+00:00
[2024-04-27T00:19:53.687+0000] {processor.py:183} INFO - Processing /home/airflow/.local/lib/python3.12/site-packages/airflow/example_dags/example_branch_labels.py took 0.071 seconds
[2024-04-27T00:20:24.448+0000] {processor.py:161} INFO - Started process (PID=12957) to work on /home/airflow/.local/lib/python3.12/site-packages/airflow/example_dags/example_branch_labels.py
[2024-04-27T00:20:24.449+0000] {processor.py:830} INFO - Processing file /home/airflow/.local/lib/python3.12/site-packages/airflow/example_dags/example_branch_labels.py for tasks to queue
[2024-04-27T00:20:24.450+0000] {logging_mixin.py:188} INFO - [2024-04-27T00:20:24.450+0000] {dagbag.py:540} INFO - Filling up the DagBag from /home/airflow/.local/lib/python3.12/site-packages/airflow/example_dags/example_branch_labels.py
[2024-04-27T00:20:24.459+0000] {processor.py:840} INFO - DAG(s) 'example_branch_labels' retrieved from /home/airflow/.local/lib/python3.12/site-packages/airflow/example_dags/example_branch_labels.py
[2024-04-27T00:20:24.483+0000] {logging_mixin.py:188} INFO - [2024-04-27T00:20:24.483+0000] {dag.py:3096} INFO - Sync 1 DAGs
[2024-04-27T00:20:24.516+0000] {logging_mixin.py:188} INFO - [2024-04-27T00:20:24.515+0000] {dag.py:3954} INFO - Setting next_dagrun for example_branch_labels to 2024-04-26 00:00:00+00:00, run_after=2024-04-27 00:00:00+00:00
[2024-04-27T00:20:24.552+0000] {processor.py:183} INFO - Processing /home/airflow/.local/lib/python3.12/site-packages/airflow/example_dags/example_branch_labels.py took 0.110 seconds
[2024-04-27T00:20:54.903+0000] {processor.py:161} INFO - Started process (PID=13017) to work on /home/airflow/.local/lib/python3.12/site-packages/airflow/example_dags/example_branch_labels.py
[2024-04-27T00:20:54.904+0000] {processor.py:830} INFO - Processing file /home/airflow/.local/lib/python3.12/site-packages/airflow/example_dags/example_branch_labels.py for tasks to queue
[2024-04-27T00:20:54.905+0000] {logging_mixin.py:188} INFO - [2024-04-27T00:20:54.905+0000] {dagbag.py:540} INFO - Filling up the DagBag from /home/airflow/.local/lib/python3.12/site-packages/airflow/example_dags/example_branch_labels.py
[2024-04-27T00:20:54.913+0000] {processor.py:840} INFO - DAG(s) 'example_branch_labels' retrieved from /home/airflow/.local/lib/python3.12/site-packages/airflow/example_dags/example_branch_labels.py
[2024-04-27T00:20:54.938+0000] {logging_mixin.py:188} INFO - [2024-04-27T00:20:54.937+0000] {dag.py:3096} INFO - Sync 1 DAGs
[2024-04-27T00:20:54.959+0000] {logging_mixin.py:188} INFO - [2024-04-27T00:20:54.959+0000] {dag.py:3954} INFO - Setting next_dagrun for example_branch_labels to 2024-04-26 00:00:00+00:00, run_after=2024-04-27 00:00:00+00:00
[2024-04-27T00:20:54.977+0000] {processor.py:183} INFO - Processing /home/airflow/.local/lib/python3.12/site-packages/airflow/example_dags/example_branch_labels.py took 0.079 seconds
[2024-04-27T00:21:25.461+0000] {processor.py:161} INFO - Started process (PID=13077) to work on /home/airflow/.local/lib/python3.12/site-packages/airflow/example_dags/example_branch_labels.py
[2024-04-27T00:21:25.465+0000] {processor.py:830} INFO - Processing file /home/airflow/.local/lib/python3.12/site-packages/airflow/example_dags/example_branch_labels.py for tasks to queue
[2024-04-27T00:21:25.480+0000] {logging_mixin.py:188} INFO - [2024-04-27T00:21:25.479+0000] {dagbag.py:540} INFO - Filling up the DagBag from /home/airflow/.local/lib/python3.12/site-packages/airflow/example_dags/example_branch_labels.py
[2024-04-27T00:21:25.489+0000] {processor.py:840} INFO - DAG(s) 'example_branch_labels' retrieved from /home/airflow/.local/lib/python3.12/site-packages/airflow/example_dags/example_branch_labels.py
[2024-04-27T00:21:25.518+0000] {logging_mixin.py:188} INFO - [2024-04-27T00:21:25.518+0000] {dag.py:3096} INFO - Sync 1 DAGs
[2024-04-27T00:21:25.543+0000] {logging_mixin.py:188} INFO - [2024-04-27T00:21:25.543+0000] {dag.py:3954} INFO - Setting next_dagrun for example_branch_labels to 2024-04-26 00:00:00+00:00, run_after=2024-04-27 00:00:00+00:00
[2024-04-27T00:21:25.578+0000] {processor.py:183} INFO - Processing /home/airflow/.local/lib/python3.12/site-packages/airflow/example_dags/example_branch_labels.py took 0.124 seconds
[2024-04-27T00:21:55.738+0000] {processor.py:161} INFO - Started process (PID=13137) to work on /home/airflow/.local/lib/python3.12/site-packages/airflow/example_dags/example_branch_labels.py
[2024-04-27T00:21:55.739+0000] {processor.py:830} INFO - Processing file /home/airflow/.local/lib/python3.12/site-packages/airflow/example_dags/example_branch_labels.py for tasks to queue
[2024-04-27T00:21:55.741+0000] {logging_mixin.py:188} INFO - [2024-04-27T00:21:55.740+0000] {dagbag.py:540} INFO - Filling up the DagBag from /home/airflow/.local/lib/python3.12/site-packages/airflow/example_dags/example_branch_labels.py
[2024-04-27T00:21:55.751+0000] {processor.py:840} INFO - DAG(s) 'example_branch_labels' retrieved from /home/airflow/.local/lib/python3.12/site-packages/airflow/example_dags/example_branch_labels.py
[2024-04-27T00:21:55.773+0000] {logging_mixin.py:188} INFO - [2024-04-27T00:21:55.773+0000] {dag.py:3096} INFO - Sync 1 DAGs
[2024-04-27T00:21:55.794+0000] {logging_mixin.py:188} INFO - [2024-04-27T00:21:55.794+0000] {dag.py:3954} INFO - Setting next_dagrun for example_branch_labels to 2024-04-26 00:00:00+00:00, run_after=2024-04-27 00:00:00+00:00
[2024-04-27T00:21:55.813+0000] {processor.py:183} INFO - Processing /home/airflow/.local/lib/python3.12/site-packages/airflow/example_dags/example_branch_labels.py took 0.081 seconds
[2024-04-27T00:22:26.458+0000] {processor.py:161} INFO - Started process (PID=13197) to work on /home/airflow/.local/lib/python3.12/site-packages/airflow/example_dags/example_branch_labels.py
[2024-04-27T00:22:26.459+0000] {processor.py:830} INFO - Processing file /home/airflow/.local/lib/python3.12/site-packages/airflow/example_dags/example_branch_labels.py for tasks to queue
[2024-04-27T00:22:26.461+0000] {logging_mixin.py:188} INFO - [2024-04-27T00:22:26.461+0000] {dagbag.py:540} INFO - Filling up the DagBag from /home/airflow/.local/lib/python3.12/site-packages/airflow/example_dags/example_branch_labels.py
[2024-04-27T00:22:26.468+0000] {processor.py:840} INFO - DAG(s) 'example_branch_labels' retrieved from /home/airflow/.local/lib/python3.12/site-packages/airflow/example_dags/example_branch_labels.py
[2024-04-27T00:22:26.494+0000] {logging_mixin.py:188} INFO - [2024-04-27T00:22:26.494+0000] {dag.py:3096} INFO - Sync 1 DAGs
[2024-04-27T00:22:26.517+0000] {logging_mixin.py:188} INFO - [2024-04-27T00:22:26.517+0000] {dag.py:3954} INFO - Setting next_dagrun for example_branch_labels to 2024-04-26 00:00:00+00:00, run_after=2024-04-27 00:00:00+00:00
[2024-04-27T00:22:26.537+0000] {processor.py:183} INFO - Processing /home/airflow/.local/lib/python3.12/site-packages/airflow/example_dags/example_branch_labels.py took 0.088 seconds
[2024-04-27T00:22:56.946+0000] {processor.py:161} INFO - Started process (PID=13257) to work on /home/airflow/.local/lib/python3.12/site-packages/airflow/example_dags/example_branch_labels.py
[2024-04-27T00:22:56.947+0000] {processor.py:830} INFO - Processing file /home/airflow/.local/lib/python3.12/site-packages/airflow/example_dags/example_branch_labels.py for tasks to queue
[2024-04-27T00:22:56.948+0000] {logging_mixin.py:188} INFO - [2024-04-27T00:22:56.947+0000] {dagbag.py:540} INFO - Filling up the DagBag from /home/airflow/.local/lib/python3.12/site-packages/airflow/example_dags/example_branch_labels.py
[2024-04-27T00:22:56.960+0000] {processor.py:840} INFO - DAG(s) 'example_branch_labels' retrieved from /home/airflow/.local/lib/python3.12/site-packages/airflow/example_dags/example_branch_labels.py
[2024-04-27T00:22:56.984+0000] {logging_mixin.py:188} INFO - [2024-04-27T00:22:56.983+0000] {dag.py:3096} INFO - Sync 1 DAGs
[2024-04-27T00:22:57.005+0000] {logging_mixin.py:188} INFO - [2024-04-27T00:22:57.005+0000] {dag.py:3954} INFO - Setting next_dagrun for example_branch_labels to 2024-04-26 00:00:00+00:00, run_after=2024-04-27 00:00:00+00:00
[2024-04-27T00:22:57.023+0000] {processor.py:183} INFO - Processing /home/airflow/.local/lib/python3.12/site-packages/airflow/example_dags/example_branch_labels.py took 0.082 seconds
[2024-04-27T00:23:27.689+0000] {processor.py:161} INFO - Started process (PID=13317) to work on /home/airflow/.local/lib/python3.12/site-packages/airflow/example_dags/example_branch_labels.py
[2024-04-27T00:23:27.696+0000] {processor.py:830} INFO - Processing file /home/airflow/.local/lib/python3.12/site-packages/airflow/example_dags/example_branch_labels.py for tasks to queue
[2024-04-27T00:23:27.701+0000] {logging_mixin.py:188} INFO - [2024-04-27T00:23:27.699+0000] {dagbag.py:540} INFO - Filling up the DagBag from /home/airflow/.local/lib/python3.12/site-packages/airflow/example_dags/example_branch_labels.py
[2024-04-27T00:23:27.713+0000] {processor.py:840} INFO - DAG(s) 'example_branch_labels' retrieved from /home/airflow/.local/lib/python3.12/site-packages/airflow/example_dags/example_branch_labels.py
[2024-04-27T00:23:27.740+0000] {logging_mixin.py:188} INFO - [2024-04-27T00:23:27.740+0000] {dag.py:3096} INFO - Sync 1 DAGs
[2024-04-27T00:23:27.765+0000] {logging_mixin.py:188} INFO - [2024-04-27T00:23:27.764+0000] {dag.py:3954} INFO - Setting next_dagrun for example_branch_labels to 2024-04-26 00:00:00+00:00, run_after=2024-04-27 00:00:00+00:00
[2024-04-27T00:23:27.786+0000] {processor.py:183} INFO - Processing /home/airflow/.local/lib/python3.12/site-packages/airflow/example_dags/example_branch_labels.py took 0.113 seconds
[2024-04-27T00:23:58.278+0000] {processor.py:161} INFO - Started process (PID=13378) to work on /home/airflow/.local/lib/python3.12/site-packages/airflow/example_dags/example_branch_labels.py
[2024-04-27T00:23:58.279+0000] {processor.py:830} INFO - Processing file /home/airflow/.local/lib/python3.12/site-packages/airflow/example_dags/example_branch_labels.py for tasks to queue
[2024-04-27T00:23:58.280+0000] {logging_mixin.py:188} INFO - [2024-04-27T00:23:58.280+0000] {dagbag.py:540} INFO - Filling up the DagBag from /home/airflow/.local/lib/python3.12/site-packages/airflow/example_dags/example_branch_labels.py
[2024-04-27T00:23:58.288+0000] {processor.py:840} INFO - DAG(s) 'example_branch_labels' retrieved from /home/airflow/.local/lib/python3.12/site-packages/airflow/example_dags/example_branch_labels.py
[2024-04-27T00:23:58.312+0000] {logging_mixin.py:188} INFO - [2024-04-27T00:23:58.312+0000] {dag.py:3096} INFO - Sync 1 DAGs
[2024-04-27T00:23:58.333+0000] {logging_mixin.py:188} INFO - [2024-04-27T00:23:58.333+0000] {dag.py:3954} INFO - Setting next_dagrun for example_branch_labels to 2024-04-26 00:00:00+00:00, run_after=2024-04-27 00:00:00+00:00
[2024-04-27T00:23:58.352+0000] {processor.py:183} INFO - Processing /home/airflow/.local/lib/python3.12/site-packages/airflow/example_dags/example_branch_labels.py took 0.081 seconds
[2024-04-27T00:24:29.011+0000] {processor.py:161} INFO - Started process (PID=13438) to work on /home/airflow/.local/lib/python3.12/site-packages/airflow/example_dags/example_branch_labels.py
[2024-04-27T00:24:29.023+0000] {processor.py:830} INFO - Processing file /home/airflow/.local/lib/python3.12/site-packages/airflow/example_dags/example_branch_labels.py for tasks to queue
[2024-04-27T00:24:29.040+0000] {logging_mixin.py:188} INFO - [2024-04-27T00:24:29.040+0000] {dagbag.py:540} INFO - Filling up the DagBag from /home/airflow/.local/lib/python3.12/site-packages/airflow/example_dags/example_branch_labels.py
[2024-04-27T00:24:29.058+0000] {processor.py:840} INFO - DAG(s) 'example_branch_labels' retrieved from /home/airflow/.local/lib/python3.12/site-packages/airflow/example_dags/example_branch_labels.py
[2024-04-27T00:24:29.094+0000] {logging_mixin.py:188} INFO - [2024-04-27T00:24:29.093+0000] {dag.py:3096} INFO - Sync 1 DAGs
[2024-04-27T00:24:29.120+0000] {logging_mixin.py:188} INFO - [2024-04-27T00:24:29.120+0000] {dag.py:3954} INFO - Setting next_dagrun for example_branch_labels to 2024-04-26 00:00:00+00:00, run_after=2024-04-27 00:00:00+00:00
[2024-04-27T00:24:29.142+0000] {processor.py:183} INFO - Processing /home/airflow/.local/lib/python3.12/site-packages/airflow/example_dags/example_branch_labels.py took 0.137 seconds
[2024-04-27T00:24:59.326+0000] {processor.py:161} INFO - Started process (PID=13498) to work on /home/airflow/.local/lib/python3.12/site-packages/airflow/example_dags/example_branch_labels.py
[2024-04-27T00:24:59.328+0000] {processor.py:830} INFO - Processing file /home/airflow/.local/lib/python3.12/site-packages/airflow/example_dags/example_branch_labels.py for tasks to queue
[2024-04-27T00:24:59.329+0000] {logging_mixin.py:188} INFO - [2024-04-27T00:24:59.328+0000] {dagbag.py:540} INFO - Filling up the DagBag from /home/airflow/.local/lib/python3.12/site-packages/airflow/example_dags/example_branch_labels.py
[2024-04-27T00:24:59.339+0000] {processor.py:840} INFO - DAG(s) 'example_branch_labels' retrieved from /home/airflow/.local/lib/python3.12/site-packages/airflow/example_dags/example_branch_labels.py
[2024-04-27T00:24:59.361+0000] {logging_mixin.py:188} INFO - [2024-04-27T00:24:59.361+0000] {dag.py:3096} INFO - Sync 1 DAGs
[2024-04-27T00:24:59.382+0000] {logging_mixin.py:188} INFO - [2024-04-27T00:24:59.382+0000] {dag.py:3954} INFO - Setting next_dagrun for example_branch_labels to 2024-04-26 00:00:00+00:00, run_after=2024-04-27 00:00:00+00:00
[2024-04-27T00:24:59.400+0000] {processor.py:183} INFO - Processing /home/airflow/.local/lib/python3.12/site-packages/airflow/example_dags/example_branch_labels.py took 0.079 seconds
