[2024-04-27T00:00:09.000+0000] {processor.py:161} INFO - Started process (PID=10573) to work on /home/airflow/.local/lib/python3.12/site-packages/airflow/example_dags/example_display_name.py
[2024-04-27T00:00:09.001+0000] {processor.py:830} INFO - Processing file /home/airflow/.local/lib/python3.12/site-packages/airflow/example_dags/example_display_name.py for tasks to queue
[2024-04-27T00:00:09.003+0000] {logging_mixin.py:188} INFO - [2024-04-27T00:00:09.002+0000] {dagbag.py:540} INFO - Filling up the DagBag from /home/airflow/.local/lib/python3.12/site-packages/airflow/example_dags/example_display_name.py
[2024-04-27T00:00:09.009+0000] {processor.py:840} INFO - DAG(s) 'example_display_name' retrieved from /home/airflow/.local/lib/python3.12/site-packages/airflow/example_dags/example_display_name.py
[2024-04-27T00:00:09.029+0000] {logging_mixin.py:188} INFO - [2024-04-27T00:00:09.028+0000] {dag.py:3096} INFO - Sync 1 DAGs
[2024-04-27T00:00:09.040+0000] {logging_mixin.py:188} INFO - [2024-04-27T00:00:09.040+0000] {dag.py:3954} INFO - Setting next_dagrun for example_display_name to None, run_after=None
[2024-04-27T00:00:09.061+0000] {processor.py:183} INFO - Processing /home/airflow/.local/lib/python3.12/site-packages/airflow/example_dags/example_display_name.py took 0.068 seconds
[2024-04-27T00:00:39.314+0000] {processor.py:161} INFO - Started process (PID=10634) to work on /home/airflow/.local/lib/python3.12/site-packages/airflow/example_dags/example_display_name.py
[2024-04-27T00:00:39.316+0000] {processor.py:830} INFO - Processing file /home/airflow/.local/lib/python3.12/site-packages/airflow/example_dags/example_display_name.py for tasks to queue
[2024-04-27T00:00:39.318+0000] {logging_mixin.py:188} INFO - [2024-04-27T00:00:39.318+0000] {dagbag.py:540} INFO - Filling up the DagBag from /home/airflow/.local/lib/python3.12/site-packages/airflow/example_dags/example_display_name.py
[2024-04-27T00:00:39.324+0000] {processor.py:840} INFO - DAG(s) 'example_display_name' retrieved from /home/airflow/.local/lib/python3.12/site-packages/airflow/example_dags/example_display_name.py
[2024-04-27T00:00:39.346+0000] {logging_mixin.py:188} INFO - [2024-04-27T00:00:39.345+0000] {dag.py:3096} INFO - Sync 1 DAGs
[2024-04-27T00:00:39.359+0000] {logging_mixin.py:188} INFO - [2024-04-27T00:00:39.359+0000] {dag.py:3954} INFO - Setting next_dagrun for example_display_name to None, run_after=None
[2024-04-27T00:00:39.385+0000] {processor.py:183} INFO - Processing /home/airflow/.local/lib/python3.12/site-packages/airflow/example_dags/example_display_name.py took 0.078 seconds
[2024-04-27T00:01:09.678+0000] {processor.py:161} INFO - Started process (PID=10695) to work on /home/airflow/.local/lib/python3.12/site-packages/airflow/example_dags/example_display_name.py
[2024-04-27T00:01:09.680+0000] {processor.py:830} INFO - Processing file /home/airflow/.local/lib/python3.12/site-packages/airflow/example_dags/example_display_name.py for tasks to queue
[2024-04-27T00:01:09.682+0000] {logging_mixin.py:188} INFO - [2024-04-27T00:01:09.681+0000] {dagbag.py:540} INFO - Filling up the DagBag from /home/airflow/.local/lib/python3.12/site-packages/airflow/example_dags/example_display_name.py
[2024-04-27T00:01:09.686+0000] {processor.py:840} INFO - DAG(s) 'example_display_name' retrieved from /home/airflow/.local/lib/python3.12/site-packages/airflow/example_dags/example_display_name.py
[2024-04-27T00:01:09.705+0000] {logging_mixin.py:188} INFO - [2024-04-27T00:01:09.705+0000] {dag.py:3096} INFO - Sync 1 DAGs
[2024-04-27T00:01:09.721+0000] {logging_mixin.py:188} INFO - [2024-04-27T00:01:09.720+0000] {dag.py:3954} INFO - Setting next_dagrun for example_display_name to None, run_after=None
[2024-04-27T00:01:09.741+0000] {processor.py:183} INFO - Processing /home/airflow/.local/lib/python3.12/site-packages/airflow/example_dags/example_display_name.py took 0.072 seconds
[2024-04-27T00:01:40.454+0000] {processor.py:161} INFO - Started process (PID=10755) to work on /home/airflow/.local/lib/python3.12/site-packages/airflow/example_dags/example_display_name.py
[2024-04-27T00:01:40.455+0000] {processor.py:830} INFO - Processing file /home/airflow/.local/lib/python3.12/site-packages/airflow/example_dags/example_display_name.py for tasks to queue
[2024-04-27T00:01:40.457+0000] {logging_mixin.py:188} INFO - [2024-04-27T00:01:40.457+0000] {dagbag.py:540} INFO - Filling up the DagBag from /home/airflow/.local/lib/python3.12/site-packages/airflow/example_dags/example_display_name.py
[2024-04-27T00:01:40.462+0000] {processor.py:840} INFO - DAG(s) 'example_display_name' retrieved from /home/airflow/.local/lib/python3.12/site-packages/airflow/example_dags/example_display_name.py
[2024-04-27T00:01:40.481+0000] {logging_mixin.py:188} INFO - [2024-04-27T00:01:40.481+0000] {dag.py:3096} INFO - Sync 1 DAGs
[2024-04-27T00:01:40.493+0000] {logging_mixin.py:188} INFO - [2024-04-27T00:01:40.492+0000] {dag.py:3954} INFO - Setting next_dagrun for example_display_name to None, run_after=None
[2024-04-27T00:01:40.512+0000] {processor.py:183} INFO - Processing /home/airflow/.local/lib/python3.12/site-packages/airflow/example_dags/example_display_name.py took 0.067 seconds
[2024-04-27T00:02:11.603+0000] {processor.py:161} INFO - Started process (PID=10817) to work on /home/airflow/.local/lib/python3.12/site-packages/airflow/example_dags/example_display_name.py
[2024-04-27T00:02:11.604+0000] {processor.py:830} INFO - Processing file /home/airflow/.local/lib/python3.12/site-packages/airflow/example_dags/example_display_name.py for tasks to queue
[2024-04-27T00:02:11.606+0000] {logging_mixin.py:188} INFO - [2024-04-27T00:02:11.606+0000] {dagbag.py:540} INFO - Filling up the DagBag from /home/airflow/.local/lib/python3.12/site-packages/airflow/example_dags/example_display_name.py
[2024-04-27T00:02:11.612+0000] {processor.py:840} INFO - DAG(s) 'example_display_name' retrieved from /home/airflow/.local/lib/python3.12/site-packages/airflow/example_dags/example_display_name.py
[2024-04-27T00:02:11.631+0000] {logging_mixin.py:188} INFO - [2024-04-27T00:02:11.631+0000] {dag.py:3096} INFO - Sync 1 DAGs
[2024-04-27T00:02:11.643+0000] {logging_mixin.py:188} INFO - [2024-04-27T00:02:11.643+0000] {dag.py:3954} INFO - Setting next_dagrun for example_display_name to None, run_after=None
[2024-04-27T00:02:11.663+0000] {processor.py:183} INFO - Processing /home/airflow/.local/lib/python3.12/site-packages/airflow/example_dags/example_display_name.py took 0.066 seconds
[2024-04-27T00:02:42.466+0000] {processor.py:161} INFO - Started process (PID=10878) to work on /home/airflow/.local/lib/python3.12/site-packages/airflow/example_dags/example_display_name.py
[2024-04-27T00:02:42.468+0000] {processor.py:830} INFO - Processing file /home/airflow/.local/lib/python3.12/site-packages/airflow/example_dags/example_display_name.py for tasks to queue
[2024-04-27T00:02:42.470+0000] {logging_mixin.py:188} INFO - [2024-04-27T00:02:42.469+0000] {dagbag.py:540} INFO - Filling up the DagBag from /home/airflow/.local/lib/python3.12/site-packages/airflow/example_dags/example_display_name.py
[2024-04-27T00:02:42.474+0000] {processor.py:840} INFO - DAG(s) 'example_display_name' retrieved from /home/airflow/.local/lib/python3.12/site-packages/airflow/example_dags/example_display_name.py
[2024-04-27T00:02:42.493+0000] {logging_mixin.py:188} INFO - [2024-04-27T00:02:42.493+0000] {dag.py:3096} INFO - Sync 1 DAGs
[2024-04-27T00:02:42.506+0000] {logging_mixin.py:188} INFO - [2024-04-27T00:02:42.505+0000] {dag.py:3954} INFO - Setting next_dagrun for example_display_name to None, run_after=None
[2024-04-27T00:02:42.526+0000] {processor.py:183} INFO - Processing /home/airflow/.local/lib/python3.12/site-packages/airflow/example_dags/example_display_name.py took 0.065 seconds
[2024-04-27T00:03:12.777+0000] {processor.py:161} INFO - Started process (PID=10939) to work on /home/airflow/.local/lib/python3.12/site-packages/airflow/example_dags/example_display_name.py
[2024-04-27T00:03:12.778+0000] {processor.py:830} INFO - Processing file /home/airflow/.local/lib/python3.12/site-packages/airflow/example_dags/example_display_name.py for tasks to queue
[2024-04-27T00:03:12.780+0000] {logging_mixin.py:188} INFO - [2024-04-27T00:03:12.780+0000] {dagbag.py:540} INFO - Filling up the DagBag from /home/airflow/.local/lib/python3.12/site-packages/airflow/example_dags/example_display_name.py
[2024-04-27T00:03:12.785+0000] {processor.py:840} INFO - DAG(s) 'example_display_name' retrieved from /home/airflow/.local/lib/python3.12/site-packages/airflow/example_dags/example_display_name.py
[2024-04-27T00:03:12.803+0000] {logging_mixin.py:188} INFO - [2024-04-27T00:03:12.803+0000] {dag.py:3096} INFO - Sync 1 DAGs
[2024-04-27T00:03:12.814+0000] {logging_mixin.py:188} INFO - [2024-04-27T00:03:12.814+0000] {dag.py:3954} INFO - Setting next_dagrun for example_display_name to None, run_after=None
[2024-04-27T00:03:12.835+0000] {processor.py:183} INFO - Processing /home/airflow/.local/lib/python3.12/site-packages/airflow/example_dags/example_display_name.py took 0.062 seconds
[2024-04-27T00:03:43.863+0000] {processor.py:161} INFO - Started process (PID=11000) to work on /home/airflow/.local/lib/python3.12/site-packages/airflow/example_dags/example_display_name.py
[2024-04-27T00:03:43.866+0000] {processor.py:830} INFO - Processing file /home/airflow/.local/lib/python3.12/site-packages/airflow/example_dags/example_display_name.py for tasks to queue
[2024-04-27T00:03:43.871+0000] {logging_mixin.py:188} INFO - [2024-04-27T00:03:43.870+0000] {dagbag.py:540} INFO - Filling up the DagBag from /home/airflow/.local/lib/python3.12/site-packages/airflow/example_dags/example_display_name.py
[2024-04-27T00:03:43.877+0000] {processor.py:840} INFO - DAG(s) 'example_display_name' retrieved from /home/airflow/.local/lib/python3.12/site-packages/airflow/example_dags/example_display_name.py
[2024-04-27T00:03:43.895+0000] {logging_mixin.py:188} INFO - [2024-04-27T00:03:43.895+0000] {dag.py:3096} INFO - Sync 1 DAGs
[2024-04-27T00:03:43.910+0000] {logging_mixin.py:188} INFO - [2024-04-27T00:03:43.909+0000] {dag.py:3954} INFO - Setting next_dagrun for example_display_name to None, run_after=None
[2024-04-27T00:03:43.927+0000] {processor.py:183} INFO - Processing /home/airflow/.local/lib/python3.12/site-packages/airflow/example_dags/example_display_name.py took 0.069 seconds
[2024-04-27T00:04:14.638+0000] {processor.py:161} INFO - Started process (PID=11060) to work on /home/airflow/.local/lib/python3.12/site-packages/airflow/example_dags/example_display_name.py
[2024-04-27T00:04:14.639+0000] {processor.py:830} INFO - Processing file /home/airflow/.local/lib/python3.12/site-packages/airflow/example_dags/example_display_name.py for tasks to queue
[2024-04-27T00:04:14.641+0000] {logging_mixin.py:188} INFO - [2024-04-27T00:04:14.641+0000] {dagbag.py:540} INFO - Filling up the DagBag from /home/airflow/.local/lib/python3.12/site-packages/airflow/example_dags/example_display_name.py
[2024-04-27T00:04:14.647+0000] {processor.py:840} INFO - DAG(s) 'example_display_name' retrieved from /home/airflow/.local/lib/python3.12/site-packages/airflow/example_dags/example_display_name.py
[2024-04-27T00:04:14.679+0000] {logging_mixin.py:188} INFO - [2024-04-27T00:04:14.678+0000] {dag.py:3096} INFO - Sync 1 DAGs
[2024-04-27T00:04:14.838+0000] {logging_mixin.py:188} INFO - [2024-04-27T00:04:14.838+0000] {dag.py:3954} INFO - Setting next_dagrun for example_display_name to None, run_after=None
[2024-04-27T00:04:14.861+0000] {processor.py:183} INFO - Processing /home/airflow/.local/lib/python3.12/site-packages/airflow/example_dags/example_display_name.py took 0.229 seconds
[2024-04-27T00:04:45.342+0000] {processor.py:161} INFO - Started process (PID=11120) to work on /home/airflow/.local/lib/python3.12/site-packages/airflow/example_dags/example_display_name.py
[2024-04-27T00:04:45.344+0000] {processor.py:830} INFO - Processing file /home/airflow/.local/lib/python3.12/site-packages/airflow/example_dags/example_display_name.py for tasks to queue
[2024-04-27T00:04:45.346+0000] {logging_mixin.py:188} INFO - [2024-04-27T00:04:45.346+0000] {dagbag.py:540} INFO - Filling up the DagBag from /home/airflow/.local/lib/python3.12/site-packages/airflow/example_dags/example_display_name.py
[2024-04-27T00:04:45.357+0000] {processor.py:840} INFO - DAG(s) 'example_display_name' retrieved from /home/airflow/.local/lib/python3.12/site-packages/airflow/example_dags/example_display_name.py
[2024-04-27T00:04:45.384+0000] {logging_mixin.py:188} INFO - [2024-04-27T00:04:45.384+0000] {dag.py:3096} INFO - Sync 1 DAGs
[2024-04-27T00:04:45.410+0000] {logging_mixin.py:188} INFO - [2024-04-27T00:04:45.410+0000] {dag.py:3954} INFO - Setting next_dagrun for example_display_name to None, run_after=None
[2024-04-27T00:04:45.445+0000] {processor.py:183} INFO - Processing /home/airflow/.local/lib/python3.12/site-packages/airflow/example_dags/example_display_name.py took 0.110 seconds
[2024-04-27T00:05:15.483+0000] {processor.py:161} INFO - Started process (PID=11180) to work on /home/airflow/.local/lib/python3.12/site-packages/airflow/example_dags/example_display_name.py
[2024-04-27T00:05:15.485+0000] {processor.py:830} INFO - Processing file /home/airflow/.local/lib/python3.12/site-packages/airflow/example_dags/example_display_name.py for tasks to queue
[2024-04-27T00:05:15.486+0000] {logging_mixin.py:188} INFO - [2024-04-27T00:05:15.485+0000] {dagbag.py:540} INFO - Filling up the DagBag from /home/airflow/.local/lib/python3.12/site-packages/airflow/example_dags/example_display_name.py
[2024-04-27T00:05:15.491+0000] {processor.py:840} INFO - DAG(s) 'example_display_name' retrieved from /home/airflow/.local/lib/python3.12/site-packages/airflow/example_dags/example_display_name.py
[2024-04-27T00:05:15.509+0000] {logging_mixin.py:188} INFO - [2024-04-27T00:05:15.509+0000] {dag.py:3096} INFO - Sync 1 DAGs
[2024-04-27T00:05:15.521+0000] {logging_mixin.py:188} INFO - [2024-04-27T00:05:15.521+0000] {dag.py:3954} INFO - Setting next_dagrun for example_display_name to None, run_after=None
[2024-04-27T00:05:15.537+0000] {processor.py:183} INFO - Processing /home/airflow/.local/lib/python3.12/site-packages/airflow/example_dags/example_display_name.py took 0.059 seconds
[2024-04-27T00:05:45.987+0000] {processor.py:161} INFO - Started process (PID=11240) to work on /home/airflow/.local/lib/python3.12/site-packages/airflow/example_dags/example_display_name.py
[2024-04-27T00:05:45.989+0000] {processor.py:830} INFO - Processing file /home/airflow/.local/lib/python3.12/site-packages/airflow/example_dags/example_display_name.py for tasks to queue
[2024-04-27T00:05:45.990+0000] {logging_mixin.py:188} INFO - [2024-04-27T00:05:45.989+0000] {dagbag.py:540} INFO - Filling up the DagBag from /home/airflow/.local/lib/python3.12/site-packages/airflow/example_dags/example_display_name.py
[2024-04-27T00:05:45.995+0000] {processor.py:840} INFO - DAG(s) 'example_display_name' retrieved from /home/airflow/.local/lib/python3.12/site-packages/airflow/example_dags/example_display_name.py
[2024-04-27T00:05:46.015+0000] {logging_mixin.py:188} INFO - [2024-04-27T00:05:46.014+0000] {dag.py:3096} INFO - Sync 1 DAGs
[2024-04-27T00:05:46.026+0000] {logging_mixin.py:188} INFO - [2024-04-27T00:05:46.026+0000] {dag.py:3954} INFO - Setting next_dagrun for example_display_name to None, run_after=None
[2024-04-27T00:05:46.045+0000] {processor.py:183} INFO - Processing /home/airflow/.local/lib/python3.12/site-packages/airflow/example_dags/example_display_name.py took 0.063 seconds
[2024-04-27T00:06:16.739+0000] {processor.py:161} INFO - Started process (PID=11300) to work on /home/airflow/.local/lib/python3.12/site-packages/airflow/example_dags/example_display_name.py
[2024-04-27T00:06:16.740+0000] {processor.py:830} INFO - Processing file /home/airflow/.local/lib/python3.12/site-packages/airflow/example_dags/example_display_name.py for tasks to queue
[2024-04-27T00:06:16.741+0000] {logging_mixin.py:188} INFO - [2024-04-27T00:06:16.741+0000] {dagbag.py:540} INFO - Filling up the DagBag from /home/airflow/.local/lib/python3.12/site-packages/airflow/example_dags/example_display_name.py
[2024-04-27T00:06:16.747+0000] {processor.py:840} INFO - DAG(s) 'example_display_name' retrieved from /home/airflow/.local/lib/python3.12/site-packages/airflow/example_dags/example_display_name.py
[2024-04-27T00:06:16.768+0000] {logging_mixin.py:188} INFO - [2024-04-27T00:06:16.767+0000] {dag.py:3096} INFO - Sync 1 DAGs
[2024-04-27T00:06:16.778+0000] {logging_mixin.py:188} INFO - [2024-04-27T00:06:16.778+0000] {dag.py:3954} INFO - Setting next_dagrun for example_display_name to None, run_after=None
[2024-04-27T00:06:16.796+0000] {processor.py:183} INFO - Processing /home/airflow/.local/lib/python3.12/site-packages/airflow/example_dags/example_display_name.py took 0.061 seconds
[2024-04-27T00:06:47.469+0000] {processor.py:161} INFO - Started process (PID=11360) to work on /home/airflow/.local/lib/python3.12/site-packages/airflow/example_dags/example_display_name.py
[2024-04-27T00:06:47.471+0000] {processor.py:830} INFO - Processing file /home/airflow/.local/lib/python3.12/site-packages/airflow/example_dags/example_display_name.py for tasks to queue
[2024-04-27T00:06:47.472+0000] {logging_mixin.py:188} INFO - [2024-04-27T00:06:47.471+0000] {dagbag.py:540} INFO - Filling up the DagBag from /home/airflow/.local/lib/python3.12/site-packages/airflow/example_dags/example_display_name.py
[2024-04-27T00:06:47.479+0000] {processor.py:840} INFO - DAG(s) 'example_display_name' retrieved from /home/airflow/.local/lib/python3.12/site-packages/airflow/example_dags/example_display_name.py
[2024-04-27T00:06:47.505+0000] {logging_mixin.py:188} INFO - [2024-04-27T00:06:47.505+0000] {dag.py:3096} INFO - Sync 1 DAGs
[2024-04-27T00:06:47.516+0000] {logging_mixin.py:188} INFO - [2024-04-27T00:06:47.516+0000] {dag.py:3954} INFO - Setting next_dagrun for example_display_name to None, run_after=None
[2024-04-27T00:06:47.535+0000] {processor.py:183} INFO - Processing /home/airflow/.local/lib/python3.12/site-packages/airflow/example_dags/example_display_name.py took 0.071 seconds
[2024-04-27T00:07:18.228+0000] {processor.py:161} INFO - Started process (PID=11420) to work on /home/airflow/.local/lib/python3.12/site-packages/airflow/example_dags/example_display_name.py
[2024-04-27T00:07:18.229+0000] {processor.py:830} INFO - Processing file /home/airflow/.local/lib/python3.12/site-packages/airflow/example_dags/example_display_name.py for tasks to queue
[2024-04-27T00:07:18.230+0000] {logging_mixin.py:188} INFO - [2024-04-27T00:07:18.230+0000] {dagbag.py:540} INFO - Filling up the DagBag from /home/airflow/.local/lib/python3.12/site-packages/airflow/example_dags/example_display_name.py
[2024-04-27T00:07:18.235+0000] {processor.py:840} INFO - DAG(s) 'example_display_name' retrieved from /home/airflow/.local/lib/python3.12/site-packages/airflow/example_dags/example_display_name.py
[2024-04-27T00:07:18.254+0000] {logging_mixin.py:188} INFO - [2024-04-27T00:07:18.254+0000] {dag.py:3096} INFO - Sync 1 DAGs
[2024-04-27T00:07:18.265+0000] {logging_mixin.py:188} INFO - [2024-04-27T00:07:18.265+0000] {dag.py:3954} INFO - Setting next_dagrun for example_display_name to None, run_after=None
[2024-04-27T00:07:18.286+0000] {processor.py:183} INFO - Processing /home/airflow/.local/lib/python3.12/site-packages/airflow/example_dags/example_display_name.py took 0.062 seconds
[2024-04-27T00:07:48.734+0000] {processor.py:161} INFO - Started process (PID=11480) to work on /home/airflow/.local/lib/python3.12/site-packages/airflow/example_dags/example_display_name.py
[2024-04-27T00:07:48.735+0000] {processor.py:830} INFO - Processing file /home/airflow/.local/lib/python3.12/site-packages/airflow/example_dags/example_display_name.py for tasks to queue
[2024-04-27T00:07:48.737+0000] {logging_mixin.py:188} INFO - [2024-04-27T00:07:48.736+0000] {dagbag.py:540} INFO - Filling up the DagBag from /home/airflow/.local/lib/python3.12/site-packages/airflow/example_dags/example_display_name.py
[2024-04-27T00:07:48.746+0000] {processor.py:840} INFO - DAG(s) 'example_display_name' retrieved from /home/airflow/.local/lib/python3.12/site-packages/airflow/example_dags/example_display_name.py
[2024-04-27T00:07:48.770+0000] {logging_mixin.py:188} INFO - [2024-04-27T00:07:48.770+0000] {dag.py:3096} INFO - Sync 1 DAGs
[2024-04-27T00:07:48.783+0000] {logging_mixin.py:188} INFO - [2024-04-27T00:07:48.783+0000] {dag.py:3954} INFO - Setting next_dagrun for example_display_name to None, run_after=None
[2024-04-27T00:07:48.805+0000] {processor.py:183} INFO - Processing /home/airflow/.local/lib/python3.12/site-packages/airflow/example_dags/example_display_name.py took 0.076 seconds
[2024-04-27T00:08:19.375+0000] {processor.py:161} INFO - Started process (PID=11540) to work on /home/airflow/.local/lib/python3.12/site-packages/airflow/example_dags/example_display_name.py
[2024-04-27T00:08:19.376+0000] {processor.py:830} INFO - Processing file /home/airflow/.local/lib/python3.12/site-packages/airflow/example_dags/example_display_name.py for tasks to queue
[2024-04-27T00:08:19.377+0000] {logging_mixin.py:188} INFO - [2024-04-27T00:08:19.377+0000] {dagbag.py:540} INFO - Filling up the DagBag from /home/airflow/.local/lib/python3.12/site-packages/airflow/example_dags/example_display_name.py
[2024-04-27T00:08:19.382+0000] {processor.py:840} INFO - DAG(s) 'example_display_name' retrieved from /home/airflow/.local/lib/python3.12/site-packages/airflow/example_dags/example_display_name.py
[2024-04-27T00:08:19.402+0000] {logging_mixin.py:188} INFO - [2024-04-27T00:08:19.402+0000] {dag.py:3096} INFO - Sync 1 DAGs
[2024-04-27T00:08:19.416+0000] {logging_mixin.py:188} INFO - [2024-04-27T00:08:19.416+0000] {dag.py:3954} INFO - Setting next_dagrun for example_display_name to None, run_after=None
[2024-04-27T00:08:19.437+0000] {processor.py:183} INFO - Processing /home/airflow/.local/lib/python3.12/site-packages/airflow/example_dags/example_display_name.py took 0.067 seconds
[2024-04-27T00:08:49.928+0000] {processor.py:161} INFO - Started process (PID=11600) to work on /home/airflow/.local/lib/python3.12/site-packages/airflow/example_dags/example_display_name.py
[2024-04-27T00:08:49.929+0000] {processor.py:830} INFO - Processing file /home/airflow/.local/lib/python3.12/site-packages/airflow/example_dags/example_display_name.py for tasks to queue
[2024-04-27T00:08:49.931+0000] {logging_mixin.py:188} INFO - [2024-04-27T00:08:49.930+0000] {dagbag.py:540} INFO - Filling up the DagBag from /home/airflow/.local/lib/python3.12/site-packages/airflow/example_dags/example_display_name.py
[2024-04-27T00:08:49.938+0000] {processor.py:840} INFO - DAG(s) 'example_display_name' retrieved from /home/airflow/.local/lib/python3.12/site-packages/airflow/example_dags/example_display_name.py
[2024-04-27T00:08:49.956+0000] {logging_mixin.py:188} INFO - [2024-04-27T00:08:49.956+0000] {dag.py:3096} INFO - Sync 1 DAGs
[2024-04-27T00:08:49.968+0000] {logging_mixin.py:188} INFO - [2024-04-27T00:08:49.967+0000] {dag.py:3954} INFO - Setting next_dagrun for example_display_name to None, run_after=None
[2024-04-27T00:08:49.991+0000] {processor.py:183} INFO - Processing /home/airflow/.local/lib/python3.12/site-packages/airflow/example_dags/example_display_name.py took 0.068 seconds
[2024-04-27T00:09:20.466+0000] {processor.py:161} INFO - Started process (PID=11660) to work on /home/airflow/.local/lib/python3.12/site-packages/airflow/example_dags/example_display_name.py
[2024-04-27T00:09:20.467+0000] {processor.py:830} INFO - Processing file /home/airflow/.local/lib/python3.12/site-packages/airflow/example_dags/example_display_name.py for tasks to queue
[2024-04-27T00:09:20.468+0000] {logging_mixin.py:188} INFO - [2024-04-27T00:09:20.468+0000] {dagbag.py:540} INFO - Filling up the DagBag from /home/airflow/.local/lib/python3.12/site-packages/airflow/example_dags/example_display_name.py
[2024-04-27T00:09:20.474+0000] {processor.py:840} INFO - DAG(s) 'example_display_name' retrieved from /home/airflow/.local/lib/python3.12/site-packages/airflow/example_dags/example_display_name.py
[2024-04-27T00:09:20.493+0000] {logging_mixin.py:188} INFO - [2024-04-27T00:09:20.493+0000] {dag.py:3096} INFO - Sync 1 DAGs
[2024-04-27T00:09:20.503+0000] {logging_mixin.py:188} INFO - [2024-04-27T00:09:20.503+0000] {dag.py:3954} INFO - Setting next_dagrun for example_display_name to None, run_after=None
[2024-04-27T00:09:20.521+0000] {processor.py:183} INFO - Processing /home/airflow/.local/lib/python3.12/site-packages/airflow/example_dags/example_display_name.py took 0.059 seconds
[2024-04-27T00:09:51.181+0000] {processor.py:161} INFO - Started process (PID=11720) to work on /home/airflow/.local/lib/python3.12/site-packages/airflow/example_dags/example_display_name.py
[2024-04-27T00:09:51.182+0000] {processor.py:830} INFO - Processing file /home/airflow/.local/lib/python3.12/site-packages/airflow/example_dags/example_display_name.py for tasks to queue
[2024-04-27T00:09:51.183+0000] {logging_mixin.py:188} INFO - [2024-04-27T00:09:51.183+0000] {dagbag.py:540} INFO - Filling up the DagBag from /home/airflow/.local/lib/python3.12/site-packages/airflow/example_dags/example_display_name.py
[2024-04-27T00:09:51.188+0000] {processor.py:840} INFO - DAG(s) 'example_display_name' retrieved from /home/airflow/.local/lib/python3.12/site-packages/airflow/example_dags/example_display_name.py
[2024-04-27T00:09:51.214+0000] {logging_mixin.py:188} INFO - [2024-04-27T00:09:51.214+0000] {dag.py:3096} INFO - Sync 1 DAGs
[2024-04-27T00:09:51.226+0000] {logging_mixin.py:188} INFO - [2024-04-27T00:09:51.226+0000] {dag.py:3954} INFO - Setting next_dagrun for example_display_name to None, run_after=None
[2024-04-27T00:09:51.243+0000] {processor.py:183} INFO - Processing /home/airflow/.local/lib/python3.12/site-packages/airflow/example_dags/example_display_name.py took 0.067 seconds
[2024-04-27T00:10:21.754+0000] {processor.py:161} INFO - Started process (PID=11786) to work on /home/airflow/.local/lib/python3.12/site-packages/airflow/example_dags/example_display_name.py
[2024-04-27T00:10:21.755+0000] {processor.py:830} INFO - Processing file /home/airflow/.local/lib/python3.12/site-packages/airflow/example_dags/example_display_name.py for tasks to queue
[2024-04-27T00:10:21.756+0000] {logging_mixin.py:188} INFO - [2024-04-27T00:10:21.756+0000] {dagbag.py:540} INFO - Filling up the DagBag from /home/airflow/.local/lib/python3.12/site-packages/airflow/example_dags/example_display_name.py
[2024-04-27T00:10:21.761+0000] {processor.py:840} INFO - DAG(s) 'example_display_name' retrieved from /home/airflow/.local/lib/python3.12/site-packages/airflow/example_dags/example_display_name.py
[2024-04-27T00:10:21.779+0000] {logging_mixin.py:188} INFO - [2024-04-27T00:10:21.779+0000] {dag.py:3096} INFO - Sync 1 DAGs
[2024-04-27T00:10:21.791+0000] {logging_mixin.py:188} INFO - [2024-04-27T00:10:21.791+0000] {dag.py:3954} INFO - Setting next_dagrun for example_display_name to None, run_after=None
[2024-04-27T00:10:21.808+0000] {processor.py:183} INFO - Processing /home/airflow/.local/lib/python3.12/site-packages/airflow/example_dags/example_display_name.py took 0.059 seconds
[2024-04-27T00:10:52.571+0000] {processor.py:161} INFO - Started process (PID=11846) to work on /home/airflow/.local/lib/python3.12/site-packages/airflow/example_dags/example_display_name.py
[2024-04-27T00:10:52.572+0000] {processor.py:830} INFO - Processing file /home/airflow/.local/lib/python3.12/site-packages/airflow/example_dags/example_display_name.py for tasks to queue
[2024-04-27T00:10:52.575+0000] {logging_mixin.py:188} INFO - [2024-04-27T00:10:52.575+0000] {dagbag.py:540} INFO - Filling up the DagBag from /home/airflow/.local/lib/python3.12/site-packages/airflow/example_dags/example_display_name.py
[2024-04-27T00:10:52.582+0000] {processor.py:840} INFO - DAG(s) 'example_display_name' retrieved from /home/airflow/.local/lib/python3.12/site-packages/airflow/example_dags/example_display_name.py
[2024-04-27T00:10:52.601+0000] {logging_mixin.py:188} INFO - [2024-04-27T00:10:52.601+0000] {dag.py:3096} INFO - Sync 1 DAGs
[2024-04-27T00:10:52.612+0000] {logging_mixin.py:188} INFO - [2024-04-27T00:10:52.611+0000] {dag.py:3954} INFO - Setting next_dagrun for example_display_name to None, run_after=None
[2024-04-27T00:10:52.632+0000] {processor.py:183} INFO - Processing /home/airflow/.local/lib/python3.12/site-packages/airflow/example_dags/example_display_name.py took 0.068 seconds
[2024-04-27T00:11:23.199+0000] {processor.py:161} INFO - Started process (PID=11907) to work on /home/airflow/.local/lib/python3.12/site-packages/airflow/example_dags/example_display_name.py
[2024-04-27T00:11:23.200+0000] {processor.py:830} INFO - Processing file /home/airflow/.local/lib/python3.12/site-packages/airflow/example_dags/example_display_name.py for tasks to queue
[2024-04-27T00:11:23.201+0000] {logging_mixin.py:188} INFO - [2024-04-27T00:11:23.201+0000] {dagbag.py:540} INFO - Filling up the DagBag from /home/airflow/.local/lib/python3.12/site-packages/airflow/example_dags/example_display_name.py
[2024-04-27T00:11:23.207+0000] {processor.py:840} INFO - DAG(s) 'example_display_name' retrieved from /home/airflow/.local/lib/python3.12/site-packages/airflow/example_dags/example_display_name.py
[2024-04-27T00:11:23.229+0000] {logging_mixin.py:188} INFO - [2024-04-27T00:11:23.229+0000] {dag.py:3096} INFO - Sync 1 DAGs
[2024-04-27T00:11:23.240+0000] {logging_mixin.py:188} INFO - [2024-04-27T00:11:23.240+0000] {dag.py:3954} INFO - Setting next_dagrun for example_display_name to None, run_after=None
[2024-04-27T00:11:23.258+0000] {processor.py:183} INFO - Processing /home/airflow/.local/lib/python3.12/site-packages/airflow/example_dags/example_display_name.py took 0.064 seconds
[2024-04-27T00:11:53.942+0000] {processor.py:161} INFO - Started process (PID=11967) to work on /home/airflow/.local/lib/python3.12/site-packages/airflow/example_dags/example_display_name.py
[2024-04-27T00:11:53.943+0000] {processor.py:830} INFO - Processing file /home/airflow/.local/lib/python3.12/site-packages/airflow/example_dags/example_display_name.py for tasks to queue
[2024-04-27T00:11:53.944+0000] {logging_mixin.py:188} INFO - [2024-04-27T00:11:53.944+0000] {dagbag.py:540} INFO - Filling up the DagBag from /home/airflow/.local/lib/python3.12/site-packages/airflow/example_dags/example_display_name.py
[2024-04-27T00:11:53.952+0000] {processor.py:840} INFO - DAG(s) 'example_display_name' retrieved from /home/airflow/.local/lib/python3.12/site-packages/airflow/example_dags/example_display_name.py
[2024-04-27T00:11:53.975+0000] {logging_mixin.py:188} INFO - [2024-04-27T00:11:53.974+0000] {dag.py:3096} INFO - Sync 1 DAGs
[2024-04-27T00:11:53.986+0000] {logging_mixin.py:188} INFO - [2024-04-27T00:11:53.985+0000] {dag.py:3954} INFO - Setting next_dagrun for example_display_name to None, run_after=None
[2024-04-27T00:11:54.009+0000] {processor.py:183} INFO - Processing /home/airflow/.local/lib/python3.12/site-packages/airflow/example_dags/example_display_name.py took 0.073 seconds
[2024-04-27T00:12:24.586+0000] {processor.py:161} INFO - Started process (PID=12027) to work on /home/airflow/.local/lib/python3.12/site-packages/airflow/example_dags/example_display_name.py
[2024-04-27T00:12:24.590+0000] {processor.py:830} INFO - Processing file /home/airflow/.local/lib/python3.12/site-packages/airflow/example_dags/example_display_name.py for tasks to queue
[2024-04-27T00:12:24.591+0000] {logging_mixin.py:188} INFO - [2024-04-27T00:12:24.591+0000] {dagbag.py:540} INFO - Filling up the DagBag from /home/airflow/.local/lib/python3.12/site-packages/airflow/example_dags/example_display_name.py
[2024-04-27T00:12:24.597+0000] {processor.py:840} INFO - DAG(s) 'example_display_name' retrieved from /home/airflow/.local/lib/python3.12/site-packages/airflow/example_dags/example_display_name.py
[2024-04-27T00:12:24.630+0000] {logging_mixin.py:188} INFO - [2024-04-27T00:12:24.630+0000] {dag.py:3096} INFO - Sync 1 DAGs
[2024-04-27T00:12:24.655+0000] {logging_mixin.py:188} INFO - [2024-04-27T00:12:24.655+0000] {dag.py:3954} INFO - Setting next_dagrun for example_display_name to None, run_after=None
[2024-04-27T00:12:24.683+0000] {processor.py:183} INFO - Processing /home/airflow/.local/lib/python3.12/site-packages/airflow/example_dags/example_display_name.py took 0.106 seconds
[2024-04-27T00:12:56.204+0000] {processor.py:161} INFO - Started process (PID=12087) to work on /home/airflow/.local/lib/python3.12/site-packages/airflow/example_dags/example_display_name.py
[2024-04-27T00:12:56.205+0000] {processor.py:830} INFO - Processing file /home/airflow/.local/lib/python3.12/site-packages/airflow/example_dags/example_display_name.py for tasks to queue
[2024-04-27T00:12:56.217+0000] {logging_mixin.py:188} INFO - [2024-04-27T00:12:56.215+0000] {dagbag.py:540} INFO - Filling up the DagBag from /home/airflow/.local/lib/python3.12/site-packages/airflow/example_dags/example_display_name.py
[2024-04-27T00:12:56.224+0000] {processor.py:840} INFO - DAG(s) 'example_display_name' retrieved from /home/airflow/.local/lib/python3.12/site-packages/airflow/example_dags/example_display_name.py
[2024-04-27T00:12:56.284+0000] {logging_mixin.py:188} INFO - [2024-04-27T00:12:56.283+0000] {dag.py:3096} INFO - Sync 1 DAGs
[2024-04-27T00:12:56.306+0000] {logging_mixin.py:188} INFO - [2024-04-27T00:12:56.306+0000] {dag.py:3954} INFO - Setting next_dagrun for example_display_name to None, run_after=None
[2024-04-27T00:12:56.334+0000] {processor.py:183} INFO - Processing /home/airflow/.local/lib/python3.12/site-packages/airflow/example_dags/example_display_name.py took 0.140 seconds
[2024-04-27T00:13:26.842+0000] {processor.py:161} INFO - Started process (PID=12147) to work on /home/airflow/.local/lib/python3.12/site-packages/airflow/example_dags/example_display_name.py
[2024-04-27T00:13:26.844+0000] {processor.py:830} INFO - Processing file /home/airflow/.local/lib/python3.12/site-packages/airflow/example_dags/example_display_name.py for tasks to queue
[2024-04-27T00:13:26.845+0000] {logging_mixin.py:188} INFO - [2024-04-27T00:13:26.844+0000] {dagbag.py:540} INFO - Filling up the DagBag from /home/airflow/.local/lib/python3.12/site-packages/airflow/example_dags/example_display_name.py
[2024-04-27T00:13:26.850+0000] {processor.py:840} INFO - DAG(s) 'example_display_name' retrieved from /home/airflow/.local/lib/python3.12/site-packages/airflow/example_dags/example_display_name.py
[2024-04-27T00:13:26.869+0000] {logging_mixin.py:188} INFO - [2024-04-27T00:13:26.869+0000] {dag.py:3096} INFO - Sync 1 DAGs
[2024-04-27T00:13:26.879+0000] {logging_mixin.py:188} INFO - [2024-04-27T00:13:26.879+0000] {dag.py:3954} INFO - Setting next_dagrun for example_display_name to None, run_after=None
[2024-04-27T00:13:26.897+0000] {processor.py:183} INFO - Processing /home/airflow/.local/lib/python3.12/site-packages/airflow/example_dags/example_display_name.py took 0.060 seconds
[2024-04-27T00:13:57.208+0000] {processor.py:161} INFO - Started process (PID=12207) to work on /home/airflow/.local/lib/python3.12/site-packages/airflow/example_dags/example_display_name.py
[2024-04-27T00:13:57.209+0000] {processor.py:830} INFO - Processing file /home/airflow/.local/lib/python3.12/site-packages/airflow/example_dags/example_display_name.py for tasks to queue
[2024-04-27T00:13:57.211+0000] {logging_mixin.py:188} INFO - [2024-04-27T00:13:57.210+0000] {dagbag.py:540} INFO - Filling up the DagBag from /home/airflow/.local/lib/python3.12/site-packages/airflow/example_dags/example_display_name.py
[2024-04-27T00:13:57.216+0000] {processor.py:840} INFO - DAG(s) 'example_display_name' retrieved from /home/airflow/.local/lib/python3.12/site-packages/airflow/example_dags/example_display_name.py
[2024-04-27T00:13:57.234+0000] {logging_mixin.py:188} INFO - [2024-04-27T00:13:57.234+0000] {dag.py:3096} INFO - Sync 1 DAGs
[2024-04-27T00:13:57.245+0000] {logging_mixin.py:188} INFO - [2024-04-27T00:13:57.245+0000] {dag.py:3954} INFO - Setting next_dagrun for example_display_name to None, run_after=None
[2024-04-27T00:13:57.265+0000] {processor.py:183} INFO - Processing /home/airflow/.local/lib/python3.12/site-packages/airflow/example_dags/example_display_name.py took 0.062 seconds
[2024-04-27T00:14:28.270+0000] {processor.py:161} INFO - Started process (PID=12267) to work on /home/airflow/.local/lib/python3.12/site-packages/airflow/example_dags/example_display_name.py
[2024-04-27T00:14:28.272+0000] {processor.py:830} INFO - Processing file /home/airflow/.local/lib/python3.12/site-packages/airflow/example_dags/example_display_name.py for tasks to queue
[2024-04-27T00:14:28.274+0000] {logging_mixin.py:188} INFO - [2024-04-27T00:14:28.273+0000] {dagbag.py:540} INFO - Filling up the DagBag from /home/airflow/.local/lib/python3.12/site-packages/airflow/example_dags/example_display_name.py
[2024-04-27T00:14:28.287+0000] {processor.py:840} INFO - DAG(s) 'example_display_name' retrieved from /home/airflow/.local/lib/python3.12/site-packages/airflow/example_dags/example_display_name.py
[2024-04-27T00:14:28.327+0000] {logging_mixin.py:188} INFO - [2024-04-27T00:14:28.326+0000] {dag.py:3096} INFO - Sync 1 DAGs
[2024-04-27T00:14:28.351+0000] {logging_mixin.py:188} INFO - [2024-04-27T00:14:28.350+0000] {dag.py:3954} INFO - Setting next_dagrun for example_display_name to None, run_after=None
[2024-04-27T00:14:28.381+0000] {processor.py:183} INFO - Processing /home/airflow/.local/lib/python3.12/site-packages/airflow/example_dags/example_display_name.py took 0.119 seconds
[2024-04-27T00:14:58.923+0000] {processor.py:161} INFO - Started process (PID=12327) to work on /home/airflow/.local/lib/python3.12/site-packages/airflow/example_dags/example_display_name.py
[2024-04-27T00:14:58.924+0000] {processor.py:830} INFO - Processing file /home/airflow/.local/lib/python3.12/site-packages/airflow/example_dags/example_display_name.py for tasks to queue
[2024-04-27T00:14:58.925+0000] {logging_mixin.py:188} INFO - [2024-04-27T00:14:58.925+0000] {dagbag.py:540} INFO - Filling up the DagBag from /home/airflow/.local/lib/python3.12/site-packages/airflow/example_dags/example_display_name.py
[2024-04-27T00:14:58.930+0000] {processor.py:840} INFO - DAG(s) 'example_display_name' retrieved from /home/airflow/.local/lib/python3.12/site-packages/airflow/example_dags/example_display_name.py
[2024-04-27T00:14:58.954+0000] {logging_mixin.py:188} INFO - [2024-04-27T00:14:58.954+0000] {dag.py:3096} INFO - Sync 1 DAGs
[2024-04-27T00:14:58.970+0000] {logging_mixin.py:188} INFO - [2024-04-27T00:14:58.970+0000] {dag.py:3954} INFO - Setting next_dagrun for example_display_name to None, run_after=None
[2024-04-27T00:14:58.994+0000] {processor.py:183} INFO - Processing /home/airflow/.local/lib/python3.12/site-packages/airflow/example_dags/example_display_name.py took 0.076 seconds
[2024-04-27T00:15:29.487+0000] {processor.py:161} INFO - Started process (PID=12387) to work on /home/airflow/.local/lib/python3.12/site-packages/airflow/example_dags/example_display_name.py
[2024-04-27T00:15:29.488+0000] {processor.py:830} INFO - Processing file /home/airflow/.local/lib/python3.12/site-packages/airflow/example_dags/example_display_name.py for tasks to queue
[2024-04-27T00:15:29.489+0000] {logging_mixin.py:188} INFO - [2024-04-27T00:15:29.489+0000] {dagbag.py:540} INFO - Filling up the DagBag from /home/airflow/.local/lib/python3.12/site-packages/airflow/example_dags/example_display_name.py
[2024-04-27T00:15:29.494+0000] {processor.py:840} INFO - DAG(s) 'example_display_name' retrieved from /home/airflow/.local/lib/python3.12/site-packages/airflow/example_dags/example_display_name.py
[2024-04-27T00:15:29.514+0000] {logging_mixin.py:188} INFO - [2024-04-27T00:15:29.514+0000] {dag.py:3096} INFO - Sync 1 DAGs
[2024-04-27T00:15:29.525+0000] {logging_mixin.py:188} INFO - [2024-04-27T00:15:29.525+0000] {dag.py:3954} INFO - Setting next_dagrun for example_display_name to None, run_after=None
[2024-04-27T00:15:29.546+0000] {processor.py:183} INFO - Processing /home/airflow/.local/lib/python3.12/site-packages/airflow/example_dags/example_display_name.py took 0.064 seconds
[2024-04-27T00:15:59.952+0000] {processor.py:161} INFO - Started process (PID=12447) to work on /home/airflow/.local/lib/python3.12/site-packages/airflow/example_dags/example_display_name.py
[2024-04-27T00:15:59.953+0000] {processor.py:830} INFO - Processing file /home/airflow/.local/lib/python3.12/site-packages/airflow/example_dags/example_display_name.py for tasks to queue
[2024-04-27T00:15:59.954+0000] {logging_mixin.py:188} INFO - [2024-04-27T00:15:59.954+0000] {dagbag.py:540} INFO - Filling up the DagBag from /home/airflow/.local/lib/python3.12/site-packages/airflow/example_dags/example_display_name.py
[2024-04-27T00:15:59.959+0000] {processor.py:840} INFO - DAG(s) 'example_display_name' retrieved from /home/airflow/.local/lib/python3.12/site-packages/airflow/example_dags/example_display_name.py
[2024-04-27T00:15:59.986+0000] {logging_mixin.py:188} INFO - [2024-04-27T00:15:59.985+0000] {dag.py:3096} INFO - Sync 1 DAGs
[2024-04-27T00:16:00.005+0000] {logging_mixin.py:188} INFO - [2024-04-27T00:16:00.005+0000] {dag.py:3954} INFO - Setting next_dagrun for example_display_name to None, run_after=None
[2024-04-27T00:16:00.038+0000] {processor.py:183} INFO - Processing /home/airflow/.local/lib/python3.12/site-packages/airflow/example_dags/example_display_name.py took 0.091 seconds
[2024-04-27T00:16:30.468+0000] {processor.py:161} INFO - Started process (PID=12507) to work on /home/airflow/.local/lib/python3.12/site-packages/airflow/example_dags/example_display_name.py
[2024-04-27T00:16:30.470+0000] {processor.py:830} INFO - Processing file /home/airflow/.local/lib/python3.12/site-packages/airflow/example_dags/example_display_name.py for tasks to queue
[2024-04-27T00:16:30.471+0000] {logging_mixin.py:188} INFO - [2024-04-27T00:16:30.471+0000] {dagbag.py:540} INFO - Filling up the DagBag from /home/airflow/.local/lib/python3.12/site-packages/airflow/example_dags/example_display_name.py
[2024-04-27T00:16:30.479+0000] {processor.py:840} INFO - DAG(s) 'example_display_name' retrieved from /home/airflow/.local/lib/python3.12/site-packages/airflow/example_dags/example_display_name.py
[2024-04-27T00:16:30.502+0000] {logging_mixin.py:188} INFO - [2024-04-27T00:16:30.502+0000] {dag.py:3096} INFO - Sync 1 DAGs
[2024-04-27T00:16:30.516+0000] {logging_mixin.py:188} INFO - [2024-04-27T00:16:30.516+0000] {dag.py:3954} INFO - Setting next_dagrun for example_display_name to None, run_after=None
[2024-04-27T00:16:30.536+0000] {processor.py:183} INFO - Processing /home/airflow/.local/lib/python3.12/site-packages/airflow/example_dags/example_display_name.py took 0.075 seconds
[2024-04-27T00:17:00.583+0000] {processor.py:161} INFO - Started process (PID=12567) to work on /home/airflow/.local/lib/python3.12/site-packages/airflow/example_dags/example_display_name.py
[2024-04-27T00:17:00.584+0000] {processor.py:830} INFO - Processing file /home/airflow/.local/lib/python3.12/site-packages/airflow/example_dags/example_display_name.py for tasks to queue
[2024-04-27T00:17:00.585+0000] {logging_mixin.py:188} INFO - [2024-04-27T00:17:00.585+0000] {dagbag.py:540} INFO - Filling up the DagBag from /home/airflow/.local/lib/python3.12/site-packages/airflow/example_dags/example_display_name.py
[2024-04-27T00:17:00.590+0000] {processor.py:840} INFO - DAG(s) 'example_display_name' retrieved from /home/airflow/.local/lib/python3.12/site-packages/airflow/example_dags/example_display_name.py
[2024-04-27T00:17:00.608+0000] {logging_mixin.py:188} INFO - [2024-04-27T00:17:00.608+0000] {dag.py:3096} INFO - Sync 1 DAGs
[2024-04-27T00:17:00.624+0000] {logging_mixin.py:188} INFO - [2024-04-27T00:17:00.624+0000] {dag.py:3954} INFO - Setting next_dagrun for example_display_name to None, run_after=None
[2024-04-27T00:17:00.645+0000] {processor.py:183} INFO - Processing /home/airflow/.local/lib/python3.12/site-packages/airflow/example_dags/example_display_name.py took 0.068 seconds
[2024-04-27T00:17:30.809+0000] {processor.py:161} INFO - Started process (PID=12626) to work on /home/airflow/.local/lib/python3.12/site-packages/airflow/example_dags/example_display_name.py
[2024-04-27T00:17:30.810+0000] {processor.py:830} INFO - Processing file /home/airflow/.local/lib/python3.12/site-packages/airflow/example_dags/example_display_name.py for tasks to queue
[2024-04-27T00:17:30.811+0000] {logging_mixin.py:188} INFO - [2024-04-27T00:17:30.811+0000] {dagbag.py:540} INFO - Filling up the DagBag from /home/airflow/.local/lib/python3.12/site-packages/airflow/example_dags/example_display_name.py
[2024-04-27T00:17:30.816+0000] {processor.py:840} INFO - DAG(s) 'example_display_name' retrieved from /home/airflow/.local/lib/python3.12/site-packages/airflow/example_dags/example_display_name.py
[2024-04-27T00:17:30.832+0000] {logging_mixin.py:188} INFO - [2024-04-27T00:17:30.832+0000] {dag.py:3096} INFO - Sync 1 DAGs
[2024-04-27T00:17:30.842+0000] {logging_mixin.py:188} INFO - [2024-04-27T00:17:30.842+0000] {dag.py:3954} INFO - Setting next_dagrun for example_display_name to None, run_after=None
[2024-04-27T00:17:30.857+0000] {processor.py:183} INFO - Processing /home/airflow/.local/lib/python3.12/site-packages/airflow/example_dags/example_display_name.py took 0.053 seconds
[2024-04-27T00:18:01.858+0000] {processor.py:161} INFO - Started process (PID=12687) to work on /home/airflow/.local/lib/python3.12/site-packages/airflow/example_dags/example_display_name.py
[2024-04-27T00:18:01.859+0000] {processor.py:830} INFO - Processing file /home/airflow/.local/lib/python3.12/site-packages/airflow/example_dags/example_display_name.py for tasks to queue
[2024-04-27T00:18:01.859+0000] {logging_mixin.py:188} INFO - [2024-04-27T00:18:01.859+0000] {dagbag.py:540} INFO - Filling up the DagBag from /home/airflow/.local/lib/python3.12/site-packages/airflow/example_dags/example_display_name.py
[2024-04-27T00:18:01.864+0000] {processor.py:840} INFO - DAG(s) 'example_display_name' retrieved from /home/airflow/.local/lib/python3.12/site-packages/airflow/example_dags/example_display_name.py
[2024-04-27T00:18:01.883+0000] {logging_mixin.py:188} INFO - [2024-04-27T00:18:01.883+0000] {dag.py:3096} INFO - Sync 1 DAGs
[2024-04-27T00:18:01.894+0000] {logging_mixin.py:188} INFO - [2024-04-27T00:18:01.894+0000] {dag.py:3954} INFO - Setting next_dagrun for example_display_name to None, run_after=None
[2024-04-27T00:18:01.914+0000] {processor.py:183} INFO - Processing /home/airflow/.local/lib/python3.12/site-packages/airflow/example_dags/example_display_name.py took 0.061 seconds
[2024-04-27T00:18:32.219+0000] {processor.py:161} INFO - Started process (PID=12747) to work on /home/airflow/.local/lib/python3.12/site-packages/airflow/example_dags/example_display_name.py
[2024-04-27T00:18:32.220+0000] {processor.py:830} INFO - Processing file /home/airflow/.local/lib/python3.12/site-packages/airflow/example_dags/example_display_name.py for tasks to queue
[2024-04-27T00:18:32.221+0000] {logging_mixin.py:188} INFO - [2024-04-27T00:18:32.221+0000] {dagbag.py:540} INFO - Filling up the DagBag from /home/airflow/.local/lib/python3.12/site-packages/airflow/example_dags/example_display_name.py
[2024-04-27T00:18:32.226+0000] {processor.py:840} INFO - DAG(s) 'example_display_name' retrieved from /home/airflow/.local/lib/python3.12/site-packages/airflow/example_dags/example_display_name.py
[2024-04-27T00:18:32.245+0000] {logging_mixin.py:188} INFO - [2024-04-27T00:18:32.245+0000] {dag.py:3096} INFO - Sync 1 DAGs
[2024-04-27T00:18:32.257+0000] {logging_mixin.py:188} INFO - [2024-04-27T00:18:32.256+0000] {dag.py:3954} INFO - Setting next_dagrun for example_display_name to None, run_after=None
[2024-04-27T00:18:32.277+0000] {processor.py:183} INFO - Processing /home/airflow/.local/lib/python3.12/site-packages/airflow/example_dags/example_display_name.py took 0.062 seconds
[2024-04-27T00:19:02.404+0000] {processor.py:161} INFO - Started process (PID=12807) to work on /home/airflow/.local/lib/python3.12/site-packages/airflow/example_dags/example_display_name.py
[2024-04-27T00:19:02.405+0000] {processor.py:830} INFO - Processing file /home/airflow/.local/lib/python3.12/site-packages/airflow/example_dags/example_display_name.py for tasks to queue
[2024-04-27T00:19:02.406+0000] {logging_mixin.py:188} INFO - [2024-04-27T00:19:02.406+0000] {dagbag.py:540} INFO - Filling up the DagBag from /home/airflow/.local/lib/python3.12/site-packages/airflow/example_dags/example_display_name.py
[2024-04-27T00:19:02.411+0000] {processor.py:840} INFO - DAG(s) 'example_display_name' retrieved from /home/airflow/.local/lib/python3.12/site-packages/airflow/example_dags/example_display_name.py
[2024-04-27T00:19:02.431+0000] {logging_mixin.py:188} INFO - [2024-04-27T00:19:02.431+0000] {dag.py:3096} INFO - Sync 1 DAGs
[2024-04-27T00:19:02.455+0000] {logging_mixin.py:188} INFO - [2024-04-27T00:19:02.454+0000] {dag.py:3954} INFO - Setting next_dagrun for example_display_name to None, run_after=None
[2024-04-27T00:19:02.473+0000] {processor.py:183} INFO - Processing /home/airflow/.local/lib/python3.12/site-packages/airflow/example_dags/example_display_name.py took 0.075 seconds
[2024-04-27T00:19:33.092+0000] {processor.py:161} INFO - Started process (PID=12867) to work on /home/airflow/.local/lib/python3.12/site-packages/airflow/example_dags/example_display_name.py
[2024-04-27T00:19:33.095+0000] {processor.py:830} INFO - Processing file /home/airflow/.local/lib/python3.12/site-packages/airflow/example_dags/example_display_name.py for tasks to queue
[2024-04-27T00:19:33.098+0000] {logging_mixin.py:188} INFO - [2024-04-27T00:19:33.097+0000] {dagbag.py:540} INFO - Filling up the DagBag from /home/airflow/.local/lib/python3.12/site-packages/airflow/example_dags/example_display_name.py
[2024-04-27T00:19:33.103+0000] {processor.py:840} INFO - DAG(s) 'example_display_name' retrieved from /home/airflow/.local/lib/python3.12/site-packages/airflow/example_dags/example_display_name.py
[2024-04-27T00:19:33.122+0000] {logging_mixin.py:188} INFO - [2024-04-27T00:19:33.121+0000] {dag.py:3096} INFO - Sync 1 DAGs
[2024-04-27T00:19:33.134+0000] {logging_mixin.py:188} INFO - [2024-04-27T00:19:33.134+0000] {dag.py:3954} INFO - Setting next_dagrun for example_display_name to None, run_after=None
[2024-04-27T00:19:33.157+0000] {processor.py:183} INFO - Processing /home/airflow/.local/lib/python3.12/site-packages/airflow/example_dags/example_display_name.py took 0.070 seconds
[2024-04-27T00:20:03.738+0000] {processor.py:161} INFO - Started process (PID=12927) to work on /home/airflow/.local/lib/python3.12/site-packages/airflow/example_dags/example_display_name.py
[2024-04-27T00:20:03.739+0000] {processor.py:830} INFO - Processing file /home/airflow/.local/lib/python3.12/site-packages/airflow/example_dags/example_display_name.py for tasks to queue
[2024-04-27T00:20:03.740+0000] {logging_mixin.py:188} INFO - [2024-04-27T00:20:03.740+0000] {dagbag.py:540} INFO - Filling up the DagBag from /home/airflow/.local/lib/python3.12/site-packages/airflow/example_dags/example_display_name.py
[2024-04-27T00:20:03.745+0000] {processor.py:840} INFO - DAG(s) 'example_display_name' retrieved from /home/airflow/.local/lib/python3.12/site-packages/airflow/example_dags/example_display_name.py
[2024-04-27T00:20:03.764+0000] {logging_mixin.py:188} INFO - [2024-04-27T00:20:03.764+0000] {dag.py:3096} INFO - Sync 1 DAGs
[2024-04-27T00:20:03.780+0000] {logging_mixin.py:188} INFO - [2024-04-27T00:20:03.780+0000] {dag.py:3954} INFO - Setting next_dagrun for example_display_name to None, run_after=None
[2024-04-27T00:20:03.807+0000] {processor.py:183} INFO - Processing /home/airflow/.local/lib/python3.12/site-packages/airflow/example_dags/example_display_name.py took 0.075 seconds
[2024-04-27T00:20:34.258+0000] {processor.py:161} INFO - Started process (PID=12986) to work on /home/airflow/.local/lib/python3.12/site-packages/airflow/example_dags/example_display_name.py
[2024-04-27T00:20:34.259+0000] {processor.py:830} INFO - Processing file /home/airflow/.local/lib/python3.12/site-packages/airflow/example_dags/example_display_name.py for tasks to queue
[2024-04-27T00:20:34.260+0000] {logging_mixin.py:188} INFO - [2024-04-27T00:20:34.260+0000] {dagbag.py:540} INFO - Filling up the DagBag from /home/airflow/.local/lib/python3.12/site-packages/airflow/example_dags/example_display_name.py
[2024-04-27T00:20:34.265+0000] {processor.py:840} INFO - DAG(s) 'example_display_name' retrieved from /home/airflow/.local/lib/python3.12/site-packages/airflow/example_dags/example_display_name.py
[2024-04-27T00:20:34.284+0000] {logging_mixin.py:188} INFO - [2024-04-27T00:20:34.284+0000] {dag.py:3096} INFO - Sync 1 DAGs
[2024-04-27T00:20:34.295+0000] {logging_mixin.py:188} INFO - [2024-04-27T00:20:34.294+0000] {dag.py:3954} INFO - Setting next_dagrun for example_display_name to None, run_after=None
[2024-04-27T00:20:34.317+0000] {processor.py:183} INFO - Processing /home/airflow/.local/lib/python3.12/site-packages/airflow/example_dags/example_display_name.py took 0.063 seconds
[2024-04-27T00:21:04.873+0000] {processor.py:161} INFO - Started process (PID=13046) to work on /home/airflow/.local/lib/python3.12/site-packages/airflow/example_dags/example_display_name.py
[2024-04-27T00:21:04.874+0000] {processor.py:830} INFO - Processing file /home/airflow/.local/lib/python3.12/site-packages/airflow/example_dags/example_display_name.py for tasks to queue
[2024-04-27T00:21:04.875+0000] {logging_mixin.py:188} INFO - [2024-04-27T00:21:04.875+0000] {dagbag.py:540} INFO - Filling up the DagBag from /home/airflow/.local/lib/python3.12/site-packages/airflow/example_dags/example_display_name.py
[2024-04-27T00:21:04.882+0000] {processor.py:840} INFO - DAG(s) 'example_display_name' retrieved from /home/airflow/.local/lib/python3.12/site-packages/airflow/example_dags/example_display_name.py
[2024-04-27T00:21:04.906+0000] {logging_mixin.py:188} INFO - [2024-04-27T00:21:04.905+0000] {dag.py:3096} INFO - Sync 1 DAGs
[2024-04-27T00:21:04.920+0000] {logging_mixin.py:188} INFO - [2024-04-27T00:21:04.920+0000] {dag.py:3954} INFO - Setting next_dagrun for example_display_name to None, run_after=None
[2024-04-27T00:21:04.945+0000] {processor.py:183} INFO - Processing /home/airflow/.local/lib/python3.12/site-packages/airflow/example_dags/example_display_name.py took 0.078 seconds
[2024-04-27T00:21:35.083+0000] {processor.py:161} INFO - Started process (PID=13105) to work on /home/airflow/.local/lib/python3.12/site-packages/airflow/example_dags/example_display_name.py
[2024-04-27T00:21:35.085+0000] {processor.py:830} INFO - Processing file /home/airflow/.local/lib/python3.12/site-packages/airflow/example_dags/example_display_name.py for tasks to queue
[2024-04-27T00:21:35.087+0000] {logging_mixin.py:188} INFO - [2024-04-27T00:21:35.086+0000] {dagbag.py:540} INFO - Filling up the DagBag from /home/airflow/.local/lib/python3.12/site-packages/airflow/example_dags/example_display_name.py
[2024-04-27T00:21:35.094+0000] {processor.py:840} INFO - DAG(s) 'example_display_name' retrieved from /home/airflow/.local/lib/python3.12/site-packages/airflow/example_dags/example_display_name.py
[2024-04-27T00:21:35.112+0000] {logging_mixin.py:188} INFO - [2024-04-27T00:21:35.112+0000] {dag.py:3096} INFO - Sync 1 DAGs
[2024-04-27T00:21:35.124+0000] {logging_mixin.py:188} INFO - [2024-04-27T00:21:35.124+0000] {dag.py:3954} INFO - Setting next_dagrun for example_display_name to None, run_after=None
[2024-04-27T00:21:35.147+0000] {processor.py:183} INFO - Processing /home/airflow/.local/lib/python3.12/site-packages/airflow/example_dags/example_display_name.py took 0.073 seconds
[2024-04-27T00:22:05.611+0000] {processor.py:161} INFO - Started process (PID=13166) to work on /home/airflow/.local/lib/python3.12/site-packages/airflow/example_dags/example_display_name.py
[2024-04-27T00:22:05.612+0000] {processor.py:830} INFO - Processing file /home/airflow/.local/lib/python3.12/site-packages/airflow/example_dags/example_display_name.py for tasks to queue
[2024-04-27T00:22:05.613+0000] {logging_mixin.py:188} INFO - [2024-04-27T00:22:05.613+0000] {dagbag.py:540} INFO - Filling up the DagBag from /home/airflow/.local/lib/python3.12/site-packages/airflow/example_dags/example_display_name.py
[2024-04-27T00:22:05.618+0000] {processor.py:840} INFO - DAG(s) 'example_display_name' retrieved from /home/airflow/.local/lib/python3.12/site-packages/airflow/example_dags/example_display_name.py
[2024-04-27T00:22:05.639+0000] {logging_mixin.py:188} INFO - [2024-04-27T00:22:05.638+0000] {dag.py:3096} INFO - Sync 1 DAGs
[2024-04-27T00:22:05.651+0000] {logging_mixin.py:188} INFO - [2024-04-27T00:22:05.651+0000] {dag.py:3954} INFO - Setting next_dagrun for example_display_name to None, run_after=None
[2024-04-27T00:22:05.670+0000] {processor.py:183} INFO - Processing /home/airflow/.local/lib/python3.12/site-packages/airflow/example_dags/example_display_name.py took 0.068 seconds
[2024-04-27T00:22:36.095+0000] {processor.py:161} INFO - Started process (PID=13224) to work on /home/airflow/.local/lib/python3.12/site-packages/airflow/example_dags/example_display_name.py
[2024-04-27T00:22:36.096+0000] {processor.py:830} INFO - Processing file /home/airflow/.local/lib/python3.12/site-packages/airflow/example_dags/example_display_name.py for tasks to queue
[2024-04-27T00:22:36.098+0000] {logging_mixin.py:188} INFO - [2024-04-27T00:22:36.097+0000] {dagbag.py:540} INFO - Filling up the DagBag from /home/airflow/.local/lib/python3.12/site-packages/airflow/example_dags/example_display_name.py
[2024-04-27T00:22:36.104+0000] {processor.py:840} INFO - DAG(s) 'example_display_name' retrieved from /home/airflow/.local/lib/python3.12/site-packages/airflow/example_dags/example_display_name.py
[2024-04-27T00:22:36.129+0000] {logging_mixin.py:188} INFO - [2024-04-27T00:22:36.128+0000] {dag.py:3096} INFO - Sync 1 DAGs
[2024-04-27T00:22:36.149+0000] {logging_mixin.py:188} INFO - [2024-04-27T00:22:36.148+0000] {dag.py:3954} INFO - Setting next_dagrun for example_display_name to None, run_after=None
[2024-04-27T00:22:36.177+0000] {processor.py:183} INFO - Processing /home/airflow/.local/lib/python3.12/site-packages/airflow/example_dags/example_display_name.py took 0.087 seconds
[2024-04-27T00:23:06.716+0000] {processor.py:161} INFO - Started process (PID=13284) to work on /home/airflow/.local/lib/python3.12/site-packages/airflow/example_dags/example_display_name.py
[2024-04-27T00:23:06.717+0000] {processor.py:830} INFO - Processing file /home/airflow/.local/lib/python3.12/site-packages/airflow/example_dags/example_display_name.py for tasks to queue
[2024-04-27T00:23:06.719+0000] {logging_mixin.py:188} INFO - [2024-04-27T00:23:06.718+0000] {dagbag.py:540} INFO - Filling up the DagBag from /home/airflow/.local/lib/python3.12/site-packages/airflow/example_dags/example_display_name.py
[2024-04-27T00:23:06.724+0000] {processor.py:840} INFO - DAG(s) 'example_display_name' retrieved from /home/airflow/.local/lib/python3.12/site-packages/airflow/example_dags/example_display_name.py
[2024-04-27T00:23:06.744+0000] {logging_mixin.py:188} INFO - [2024-04-27T00:23:06.744+0000] {dag.py:3096} INFO - Sync 1 DAGs
[2024-04-27T00:23:06.755+0000] {logging_mixin.py:188} INFO - [2024-04-27T00:23:06.755+0000] {dag.py:3954} INFO - Setting next_dagrun for example_display_name to None, run_after=None
[2024-04-27T00:23:06.772+0000] {processor.py:183} INFO - Processing /home/airflow/.local/lib/python3.12/site-packages/airflow/example_dags/example_display_name.py took 0.061 seconds
[2024-04-27T00:23:37.438+0000] {processor.py:161} INFO - Started process (PID=13344) to work on /home/airflow/.local/lib/python3.12/site-packages/airflow/example_dags/example_display_name.py
[2024-04-27T00:23:37.439+0000] {processor.py:830} INFO - Processing file /home/airflow/.local/lib/python3.12/site-packages/airflow/example_dags/example_display_name.py for tasks to queue
[2024-04-27T00:23:37.440+0000] {logging_mixin.py:188} INFO - [2024-04-27T00:23:37.439+0000] {dagbag.py:540} INFO - Filling up the DagBag from /home/airflow/.local/lib/python3.12/site-packages/airflow/example_dags/example_display_name.py
[2024-04-27T00:23:37.446+0000] {processor.py:840} INFO - DAG(s) 'example_display_name' retrieved from /home/airflow/.local/lib/python3.12/site-packages/airflow/example_dags/example_display_name.py
[2024-04-27T00:23:37.465+0000] {logging_mixin.py:188} INFO - [2024-04-27T00:23:37.465+0000] {dag.py:3096} INFO - Sync 1 DAGs
[2024-04-27T00:23:37.476+0000] {logging_mixin.py:188} INFO - [2024-04-27T00:23:37.476+0000] {dag.py:3954} INFO - Setting next_dagrun for example_display_name to None, run_after=None
[2024-04-27T00:23:37.495+0000] {processor.py:183} INFO - Processing /home/airflow/.local/lib/python3.12/site-packages/airflow/example_dags/example_display_name.py took 0.067 seconds
[2024-04-27T00:24:08.017+0000] {processor.py:161} INFO - Started process (PID=13405) to work on /home/airflow/.local/lib/python3.12/site-packages/airflow/example_dags/example_display_name.py
[2024-04-27T00:24:08.018+0000] {processor.py:830} INFO - Processing file /home/airflow/.local/lib/python3.12/site-packages/airflow/example_dags/example_display_name.py for tasks to queue
[2024-04-27T00:24:08.019+0000] {logging_mixin.py:188} INFO - [2024-04-27T00:24:08.019+0000] {dagbag.py:540} INFO - Filling up the DagBag from /home/airflow/.local/lib/python3.12/site-packages/airflow/example_dags/example_display_name.py
[2024-04-27T00:24:08.025+0000] {processor.py:840} INFO - DAG(s) 'example_display_name' retrieved from /home/airflow/.local/lib/python3.12/site-packages/airflow/example_dags/example_display_name.py
[2024-04-27T00:24:08.046+0000] {logging_mixin.py:188} INFO - [2024-04-27T00:24:08.046+0000] {dag.py:3096} INFO - Sync 1 DAGs
[2024-04-27T00:24:08.058+0000] {logging_mixin.py:188} INFO - [2024-04-27T00:24:08.058+0000] {dag.py:3954} INFO - Setting next_dagrun for example_display_name to None, run_after=None
[2024-04-27T00:24:08.079+0000] {processor.py:183} INFO - Processing /home/airflow/.local/lib/python3.12/site-packages/airflow/example_dags/example_display_name.py took 0.068 seconds
[2024-04-27T00:24:38.419+0000] {processor.py:161} INFO - Started process (PID=13465) to work on /home/airflow/.local/lib/python3.12/site-packages/airflow/example_dags/example_display_name.py
[2024-04-27T00:24:38.420+0000] {processor.py:830} INFO - Processing file /home/airflow/.local/lib/python3.12/site-packages/airflow/example_dags/example_display_name.py for tasks to queue
[2024-04-27T00:24:38.421+0000] {logging_mixin.py:188} INFO - [2024-04-27T00:24:38.421+0000] {dagbag.py:540} INFO - Filling up the DagBag from /home/airflow/.local/lib/python3.12/site-packages/airflow/example_dags/example_display_name.py
[2024-04-27T00:24:38.427+0000] {processor.py:840} INFO - DAG(s) 'example_display_name' retrieved from /home/airflow/.local/lib/python3.12/site-packages/airflow/example_dags/example_display_name.py
[2024-04-27T00:24:38.444+0000] {logging_mixin.py:188} INFO - [2024-04-27T00:24:38.444+0000] {dag.py:3096} INFO - Sync 1 DAGs
[2024-04-27T00:24:38.455+0000] {logging_mixin.py:188} INFO - [2024-04-27T00:24:38.455+0000] {dag.py:3954} INFO - Setting next_dagrun for example_display_name to None, run_after=None
[2024-04-27T00:24:38.472+0000] {processor.py:183} INFO - Processing /home/airflow/.local/lib/python3.12/site-packages/airflow/example_dags/example_display_name.py took 0.057 seconds
[2024-04-27T00:25:09.024+0000] {processor.py:161} INFO - Started process (PID=13525) to work on /home/airflow/.local/lib/python3.12/site-packages/airflow/example_dags/example_display_name.py
[2024-04-27T00:25:09.025+0000] {processor.py:830} INFO - Processing file /home/airflow/.local/lib/python3.12/site-packages/airflow/example_dags/example_display_name.py for tasks to queue
[2024-04-27T00:25:09.026+0000] {logging_mixin.py:188} INFO - [2024-04-27T00:25:09.026+0000] {dagbag.py:540} INFO - Filling up the DagBag from /home/airflow/.local/lib/python3.12/site-packages/airflow/example_dags/example_display_name.py
[2024-04-27T00:25:09.032+0000] {processor.py:840} INFO - DAG(s) 'example_display_name' retrieved from /home/airflow/.local/lib/python3.12/site-packages/airflow/example_dags/example_display_name.py
[2024-04-27T00:25:09.054+0000] {logging_mixin.py:188} INFO - [2024-04-27T00:25:09.054+0000] {dag.py:3096} INFO - Sync 1 DAGs
[2024-04-27T00:25:09.065+0000] {logging_mixin.py:188} INFO - [2024-04-27T00:25:09.065+0000] {dag.py:3954} INFO - Setting next_dagrun for example_display_name to None, run_after=None
[2024-04-27T00:25:09.089+0000] {processor.py:183} INFO - Processing /home/airflow/.local/lib/python3.12/site-packages/airflow/example_dags/example_display_name.py took 0.070 seconds
