[2024-04-27T00:00:21.045+0000] {processor.py:161} INFO - Started process (PID=10595) to work on /home/airflow/.local/lib/python3.12/site-packages/airflow/example_dags/example_kubernetes_executor.py
[2024-04-27T00:00:21.047+0000] {processor.py:830} INFO - Processing file /home/airflow/.local/lib/python3.12/site-packages/airflow/example_dags/example_kubernetes_executor.py for tasks to queue
[2024-04-27T00:00:21.051+0000] {logging_mixin.py:188} INFO - [2024-04-27T00:00:21.050+0000] {dagbag.py:540} INFO - Filling up the DagBag from /home/airflow/.local/lib/python3.12/site-packages/airflow/example_dags/example_kubernetes_executor.py
[2024-04-27T00:00:21.064+0000] {processor.py:840} INFO - DAG(s) 'example_kubernetes_executor' retrieved from /home/airflow/.local/lib/python3.12/site-packages/airflow/example_dags/example_kubernetes_executor.py
[2024-04-27T00:00:21.100+0000] {logging_mixin.py:188} INFO - [2024-04-27T00:00:21.100+0000] {dag.py:3096} INFO - Sync 1 DAGs
[2024-04-27T00:00:21.114+0000] {logging_mixin.py:188} INFO - [2024-04-27T00:00:21.114+0000] {dag.py:3954} INFO - Setting next_dagrun for example_kubernetes_executor to None, run_after=None
[2024-04-27T00:00:21.138+0000] {processor.py:183} INFO - Processing /home/airflow/.local/lib/python3.12/site-packages/airflow/example_dags/example_kubernetes_executor.py took 0.098 seconds
[2024-04-27T00:00:51.307+0000] {processor.py:161} INFO - Started process (PID=10656) to work on /home/airflow/.local/lib/python3.12/site-packages/airflow/example_dags/example_kubernetes_executor.py
[2024-04-27T00:00:51.309+0000] {processor.py:830} INFO - Processing file /home/airflow/.local/lib/python3.12/site-packages/airflow/example_dags/example_kubernetes_executor.py for tasks to queue
[2024-04-27T00:00:51.313+0000] {logging_mixin.py:188} INFO - [2024-04-27T00:00:51.312+0000] {dagbag.py:540} INFO - Filling up the DagBag from /home/airflow/.local/lib/python3.12/site-packages/airflow/example_dags/example_kubernetes_executor.py
[2024-04-27T00:00:51.323+0000] {processor.py:840} INFO - DAG(s) 'example_kubernetes_executor' retrieved from /home/airflow/.local/lib/python3.12/site-packages/airflow/example_dags/example_kubernetes_executor.py
[2024-04-27T00:00:51.355+0000] {logging_mixin.py:188} INFO - [2024-04-27T00:00:51.355+0000] {dag.py:3096} INFO - Sync 1 DAGs
[2024-04-27T00:00:51.374+0000] {logging_mixin.py:188} INFO - [2024-04-27T00:00:51.374+0000] {dag.py:3954} INFO - Setting next_dagrun for example_kubernetes_executor to None, run_after=None
[2024-04-27T00:00:51.394+0000] {processor.py:183} INFO - Processing /home/airflow/.local/lib/python3.12/site-packages/airflow/example_dags/example_kubernetes_executor.py took 0.092 seconds
[2024-04-27T00:01:22.107+0000] {processor.py:161} INFO - Started process (PID=10717) to work on /home/airflow/.local/lib/python3.12/site-packages/airflow/example_dags/example_kubernetes_executor.py
[2024-04-27T00:01:22.109+0000] {processor.py:830} INFO - Processing file /home/airflow/.local/lib/python3.12/site-packages/airflow/example_dags/example_kubernetes_executor.py for tasks to queue
[2024-04-27T00:01:22.112+0000] {logging_mixin.py:188} INFO - [2024-04-27T00:01:22.112+0000] {dagbag.py:540} INFO - Filling up the DagBag from /home/airflow/.local/lib/python3.12/site-packages/airflow/example_dags/example_kubernetes_executor.py
[2024-04-27T00:01:22.123+0000] {processor.py:840} INFO - DAG(s) 'example_kubernetes_executor' retrieved from /home/airflow/.local/lib/python3.12/site-packages/airflow/example_dags/example_kubernetes_executor.py
[2024-04-27T00:01:22.181+0000] {logging_mixin.py:188} INFO - [2024-04-27T00:01:22.180+0000] {dag.py:3096} INFO - Sync 1 DAGs
[2024-04-27T00:01:22.199+0000] {logging_mixin.py:188} INFO - [2024-04-27T00:01:22.198+0000] {dag.py:3954} INFO - Setting next_dagrun for example_kubernetes_executor to None, run_after=None
[2024-04-27T00:01:22.228+0000] {processor.py:183} INFO - Processing /home/airflow/.local/lib/python3.12/site-packages/airflow/example_dags/example_kubernetes_executor.py took 0.127 seconds
[2024-04-27T00:01:52.951+0000] {processor.py:161} INFO - Started process (PID=10778) to work on /home/airflow/.local/lib/python3.12/site-packages/airflow/example_dags/example_kubernetes_executor.py
[2024-04-27T00:01:52.953+0000] {processor.py:830} INFO - Processing file /home/airflow/.local/lib/python3.12/site-packages/airflow/example_dags/example_kubernetes_executor.py for tasks to queue
[2024-04-27T00:01:52.955+0000] {logging_mixin.py:188} INFO - [2024-04-27T00:01:52.955+0000] {dagbag.py:540} INFO - Filling up the DagBag from /home/airflow/.local/lib/python3.12/site-packages/airflow/example_dags/example_kubernetes_executor.py
[2024-04-27T00:01:52.968+0000] {processor.py:840} INFO - DAG(s) 'example_kubernetes_executor' retrieved from /home/airflow/.local/lib/python3.12/site-packages/airflow/example_dags/example_kubernetes_executor.py
[2024-04-27T00:01:53.000+0000] {logging_mixin.py:188} INFO - [2024-04-27T00:01:52.999+0000] {dag.py:3096} INFO - Sync 1 DAGs
[2024-04-27T00:01:53.010+0000] {logging_mixin.py:188} INFO - [2024-04-27T00:01:53.010+0000] {dag.py:3954} INFO - Setting next_dagrun for example_kubernetes_executor to None, run_after=None
[2024-04-27T00:01:53.027+0000] {processor.py:183} INFO - Processing /home/airflow/.local/lib/python3.12/site-packages/airflow/example_dags/example_kubernetes_executor.py took 0.083 seconds
[2024-04-27T00:02:23.203+0000] {processor.py:161} INFO - Started process (PID=10839) to work on /home/airflow/.local/lib/python3.12/site-packages/airflow/example_dags/example_kubernetes_executor.py
[2024-04-27T00:02:23.204+0000] {processor.py:830} INFO - Processing file /home/airflow/.local/lib/python3.12/site-packages/airflow/example_dags/example_kubernetes_executor.py for tasks to queue
[2024-04-27T00:02:23.206+0000] {logging_mixin.py:188} INFO - [2024-04-27T00:02:23.206+0000] {dagbag.py:540} INFO - Filling up the DagBag from /home/airflow/.local/lib/python3.12/site-packages/airflow/example_dags/example_kubernetes_executor.py
[2024-04-27T00:02:23.221+0000] {processor.py:840} INFO - DAG(s) 'example_kubernetes_executor' retrieved from /home/airflow/.local/lib/python3.12/site-packages/airflow/example_dags/example_kubernetes_executor.py
[2024-04-27T00:02:23.387+0000] {logging_mixin.py:188} INFO - [2024-04-27T00:02:23.386+0000] {dag.py:3096} INFO - Sync 1 DAGs
[2024-04-27T00:02:23.396+0000] {logging_mixin.py:188} INFO - [2024-04-27T00:02:23.396+0000] {dag.py:3954} INFO - Setting next_dagrun for example_kubernetes_executor to None, run_after=None
[2024-04-27T00:02:23.413+0000] {processor.py:183} INFO - Processing /home/airflow/.local/lib/python3.12/site-packages/airflow/example_dags/example_kubernetes_executor.py took 0.215 seconds
[2024-04-27T00:02:53.737+0000] {processor.py:161} INFO - Started process (PID=10900) to work on /home/airflow/.local/lib/python3.12/site-packages/airflow/example_dags/example_kubernetes_executor.py
[2024-04-27T00:02:53.738+0000] {processor.py:830} INFO - Processing file /home/airflow/.local/lib/python3.12/site-packages/airflow/example_dags/example_kubernetes_executor.py for tasks to queue
[2024-04-27T00:02:53.740+0000] {logging_mixin.py:188} INFO - [2024-04-27T00:02:53.740+0000] {dagbag.py:540} INFO - Filling up the DagBag from /home/airflow/.local/lib/python3.12/site-packages/airflow/example_dags/example_kubernetes_executor.py
[2024-04-27T00:02:53.752+0000] {processor.py:840} INFO - DAG(s) 'example_kubernetes_executor' retrieved from /home/airflow/.local/lib/python3.12/site-packages/airflow/example_dags/example_kubernetes_executor.py
[2024-04-27T00:02:53.788+0000] {logging_mixin.py:188} INFO - [2024-04-27T00:02:53.788+0000] {dag.py:3096} INFO - Sync 1 DAGs
[2024-04-27T00:02:53.948+0000] {logging_mixin.py:188} INFO - [2024-04-27T00:02:53.947+0000] {dag.py:3954} INFO - Setting next_dagrun for example_kubernetes_executor to None, run_after=None
[2024-04-27T00:02:53.978+0000] {processor.py:183} INFO - Processing /home/airflow/.local/lib/python3.12/site-packages/airflow/example_dags/example_kubernetes_executor.py took 0.247 seconds
[2024-04-27T00:03:24.135+0000] {processor.py:161} INFO - Started process (PID=10961) to work on /home/airflow/.local/lib/python3.12/site-packages/airflow/example_dags/example_kubernetes_executor.py
[2024-04-27T00:03:24.138+0000] {processor.py:830} INFO - Processing file /home/airflow/.local/lib/python3.12/site-packages/airflow/example_dags/example_kubernetes_executor.py for tasks to queue
[2024-04-27T00:03:24.142+0000] {logging_mixin.py:188} INFO - [2024-04-27T00:03:24.142+0000] {dagbag.py:540} INFO - Filling up the DagBag from /home/airflow/.local/lib/python3.12/site-packages/airflow/example_dags/example_kubernetes_executor.py
[2024-04-27T00:03:24.166+0000] {processor.py:840} INFO - DAG(s) 'example_kubernetes_executor' retrieved from /home/airflow/.local/lib/python3.12/site-packages/airflow/example_dags/example_kubernetes_executor.py
[2024-04-27T00:03:24.211+0000] {logging_mixin.py:188} INFO - [2024-04-27T00:03:24.211+0000] {dag.py:3096} INFO - Sync 1 DAGs
[2024-04-27T00:03:24.227+0000] {logging_mixin.py:188} INFO - [2024-04-27T00:03:24.227+0000] {dag.py:3954} INFO - Setting next_dagrun for example_kubernetes_executor to None, run_after=None
[2024-04-27T00:03:24.376+0000] {processor.py:183} INFO - Processing /home/airflow/.local/lib/python3.12/site-packages/airflow/example_dags/example_kubernetes_executor.py took 0.246 seconds
[2024-04-27T00:03:54.808+0000] {processor.py:161} INFO - Started process (PID=11021) to work on /home/airflow/.local/lib/python3.12/site-packages/airflow/example_dags/example_kubernetes_executor.py
[2024-04-27T00:03:54.810+0000] {processor.py:830} INFO - Processing file /home/airflow/.local/lib/python3.12/site-packages/airflow/example_dags/example_kubernetes_executor.py for tasks to queue
[2024-04-27T00:03:54.811+0000] {logging_mixin.py:188} INFO - [2024-04-27T00:03:54.811+0000] {dagbag.py:540} INFO - Filling up the DagBag from /home/airflow/.local/lib/python3.12/site-packages/airflow/example_dags/example_kubernetes_executor.py
[2024-04-27T00:03:54.822+0000] {processor.py:840} INFO - DAG(s) 'example_kubernetes_executor' retrieved from /home/airflow/.local/lib/python3.12/site-packages/airflow/example_dags/example_kubernetes_executor.py
[2024-04-27T00:03:54.856+0000] {logging_mixin.py:188} INFO - [2024-04-27T00:03:54.855+0000] {dag.py:3096} INFO - Sync 1 DAGs
[2024-04-27T00:03:54.866+0000] {logging_mixin.py:188} INFO - [2024-04-27T00:03:54.865+0000] {dag.py:3954} INFO - Setting next_dagrun for example_kubernetes_executor to None, run_after=None
[2024-04-27T00:03:54.888+0000] {processor.py:183} INFO - Processing /home/airflow/.local/lib/python3.12/site-packages/airflow/example_dags/example_kubernetes_executor.py took 0.085 seconds
[2024-04-27T00:04:25.717+0000] {processor.py:161} INFO - Started process (PID=11081) to work on /home/airflow/.local/lib/python3.12/site-packages/airflow/example_dags/example_kubernetes_executor.py
[2024-04-27T00:04:25.718+0000] {processor.py:830} INFO - Processing file /home/airflow/.local/lib/python3.12/site-packages/airflow/example_dags/example_kubernetes_executor.py for tasks to queue
[2024-04-27T00:04:25.721+0000] {logging_mixin.py:188} INFO - [2024-04-27T00:04:25.720+0000] {dagbag.py:540} INFO - Filling up the DagBag from /home/airflow/.local/lib/python3.12/site-packages/airflow/example_dags/example_kubernetes_executor.py
[2024-04-27T00:04:25.733+0000] {processor.py:840} INFO - DAG(s) 'example_kubernetes_executor' retrieved from /home/airflow/.local/lib/python3.12/site-packages/airflow/example_dags/example_kubernetes_executor.py
[2024-04-27T00:04:25.767+0000] {logging_mixin.py:188} INFO - [2024-04-27T00:04:25.767+0000] {dag.py:3096} INFO - Sync 1 DAGs
[2024-04-27T00:04:25.778+0000] {logging_mixin.py:188} INFO - [2024-04-27T00:04:25.778+0000] {dag.py:3954} INFO - Setting next_dagrun for example_kubernetes_executor to None, run_after=None
[2024-04-27T00:04:25.795+0000] {processor.py:183} INFO - Processing /home/airflow/.local/lib/python3.12/site-packages/airflow/example_dags/example_kubernetes_executor.py took 0.083 seconds
[2024-04-27T00:04:56.372+0000] {processor.py:161} INFO - Started process (PID=11142) to work on /home/airflow/.local/lib/python3.12/site-packages/airflow/example_dags/example_kubernetes_executor.py
[2024-04-27T00:04:56.373+0000] {processor.py:830} INFO - Processing file /home/airflow/.local/lib/python3.12/site-packages/airflow/example_dags/example_kubernetes_executor.py for tasks to queue
[2024-04-27T00:04:56.375+0000] {logging_mixin.py:188} INFO - [2024-04-27T00:04:56.375+0000] {dagbag.py:540} INFO - Filling up the DagBag from /home/airflow/.local/lib/python3.12/site-packages/airflow/example_dags/example_kubernetes_executor.py
[2024-04-27T00:04:56.385+0000] {processor.py:840} INFO - DAG(s) 'example_kubernetes_executor' retrieved from /home/airflow/.local/lib/python3.12/site-packages/airflow/example_dags/example_kubernetes_executor.py
[2024-04-27T00:04:56.419+0000] {logging_mixin.py:188} INFO - [2024-04-27T00:04:56.419+0000] {dag.py:3096} INFO - Sync 1 DAGs
[2024-04-27T00:04:56.430+0000] {logging_mixin.py:188} INFO - [2024-04-27T00:04:56.430+0000] {dag.py:3954} INFO - Setting next_dagrun for example_kubernetes_executor to None, run_after=None
[2024-04-27T00:04:56.451+0000] {processor.py:183} INFO - Processing /home/airflow/.local/lib/python3.12/site-packages/airflow/example_dags/example_kubernetes_executor.py took 0.084 seconds
[2024-04-27T00:05:27.294+0000] {processor.py:161} INFO - Started process (PID=11202) to work on /home/airflow/.local/lib/python3.12/site-packages/airflow/example_dags/example_kubernetes_executor.py
[2024-04-27T00:05:27.295+0000] {processor.py:830} INFO - Processing file /home/airflow/.local/lib/python3.12/site-packages/airflow/example_dags/example_kubernetes_executor.py for tasks to queue
[2024-04-27T00:05:27.296+0000] {logging_mixin.py:188} INFO - [2024-04-27T00:05:27.295+0000] {dagbag.py:540} INFO - Filling up the DagBag from /home/airflow/.local/lib/python3.12/site-packages/airflow/example_dags/example_kubernetes_executor.py
[2024-04-27T00:05:27.307+0000] {processor.py:840} INFO - DAG(s) 'example_kubernetes_executor' retrieved from /home/airflow/.local/lib/python3.12/site-packages/airflow/example_dags/example_kubernetes_executor.py
[2024-04-27T00:05:27.343+0000] {logging_mixin.py:188} INFO - [2024-04-27T00:05:27.343+0000] {dag.py:3096} INFO - Sync 1 DAGs
[2024-04-27T00:05:27.355+0000] {logging_mixin.py:188} INFO - [2024-04-27T00:05:27.355+0000] {dag.py:3954} INFO - Setting next_dagrun for example_kubernetes_executor to None, run_after=None
[2024-04-27T00:05:27.376+0000] {processor.py:183} INFO - Processing /home/airflow/.local/lib/python3.12/site-packages/airflow/example_dags/example_kubernetes_executor.py took 0.088 seconds
[2024-04-27T00:05:58.017+0000] {processor.py:161} INFO - Started process (PID=11262) to work on /home/airflow/.local/lib/python3.12/site-packages/airflow/example_dags/example_kubernetes_executor.py
[2024-04-27T00:05:58.023+0000] {processor.py:830} INFO - Processing file /home/airflow/.local/lib/python3.12/site-packages/airflow/example_dags/example_kubernetes_executor.py for tasks to queue
[2024-04-27T00:05:58.024+0000] {logging_mixin.py:188} INFO - [2024-04-27T00:05:58.024+0000] {dagbag.py:540} INFO - Filling up the DagBag from /home/airflow/.local/lib/python3.12/site-packages/airflow/example_dags/example_kubernetes_executor.py
[2024-04-27T00:05:58.036+0000] {processor.py:840} INFO - DAG(s) 'example_kubernetes_executor' retrieved from /home/airflow/.local/lib/python3.12/site-packages/airflow/example_dags/example_kubernetes_executor.py
[2024-04-27T00:05:58.083+0000] {logging_mixin.py:188} INFO - [2024-04-27T00:05:58.082+0000] {dag.py:3096} INFO - Sync 1 DAGs
[2024-04-27T00:05:58.095+0000] {logging_mixin.py:188} INFO - [2024-04-27T00:05:58.095+0000] {dag.py:3954} INFO - Setting next_dagrun for example_kubernetes_executor to None, run_after=None
[2024-04-27T00:05:58.121+0000] {processor.py:183} INFO - Processing /home/airflow/.local/lib/python3.12/site-packages/airflow/example_dags/example_kubernetes_executor.py took 0.108 seconds
[2024-04-27T00:06:28.676+0000] {processor.py:161} INFO - Started process (PID=11322) to work on /home/airflow/.local/lib/python3.12/site-packages/airflow/example_dags/example_kubernetes_executor.py
[2024-04-27T00:06:28.677+0000] {processor.py:830} INFO - Processing file /home/airflow/.local/lib/python3.12/site-packages/airflow/example_dags/example_kubernetes_executor.py for tasks to queue
[2024-04-27T00:06:28.678+0000] {logging_mixin.py:188} INFO - [2024-04-27T00:06:28.678+0000] {dagbag.py:540} INFO - Filling up the DagBag from /home/airflow/.local/lib/python3.12/site-packages/airflow/example_dags/example_kubernetes_executor.py
[2024-04-27T00:06:28.690+0000] {processor.py:840} INFO - DAG(s) 'example_kubernetes_executor' retrieved from /home/airflow/.local/lib/python3.12/site-packages/airflow/example_dags/example_kubernetes_executor.py
[2024-04-27T00:06:28.736+0000] {logging_mixin.py:188} INFO - [2024-04-27T00:06:28.735+0000] {dag.py:3096} INFO - Sync 1 DAGs
[2024-04-27T00:06:28.753+0000] {logging_mixin.py:188} INFO - [2024-04-27T00:06:28.753+0000] {dag.py:3954} INFO - Setting next_dagrun for example_kubernetes_executor to None, run_after=None
[2024-04-27T00:06:28.774+0000] {processor.py:183} INFO - Processing /home/airflow/.local/lib/python3.12/site-packages/airflow/example_dags/example_kubernetes_executor.py took 0.105 seconds
[2024-04-27T00:06:59.492+0000] {processor.py:161} INFO - Started process (PID=11382) to work on /home/airflow/.local/lib/python3.12/site-packages/airflow/example_dags/example_kubernetes_executor.py
[2024-04-27T00:06:59.493+0000] {processor.py:830} INFO - Processing file /home/airflow/.local/lib/python3.12/site-packages/airflow/example_dags/example_kubernetes_executor.py for tasks to queue
[2024-04-27T00:06:59.495+0000] {logging_mixin.py:188} INFO - [2024-04-27T00:06:59.494+0000] {dagbag.py:540} INFO - Filling up the DagBag from /home/airflow/.local/lib/python3.12/site-packages/airflow/example_dags/example_kubernetes_executor.py
[2024-04-27T00:06:59.505+0000] {processor.py:840} INFO - DAG(s) 'example_kubernetes_executor' retrieved from /home/airflow/.local/lib/python3.12/site-packages/airflow/example_dags/example_kubernetes_executor.py
[2024-04-27T00:06:59.540+0000] {logging_mixin.py:188} INFO - [2024-04-27T00:06:59.539+0000] {dag.py:3096} INFO - Sync 1 DAGs
[2024-04-27T00:06:59.553+0000] {logging_mixin.py:188} INFO - [2024-04-27T00:06:59.553+0000] {dag.py:3954} INFO - Setting next_dagrun for example_kubernetes_executor to None, run_after=None
[2024-04-27T00:06:59.578+0000] {processor.py:183} INFO - Processing /home/airflow/.local/lib/python3.12/site-packages/airflow/example_dags/example_kubernetes_executor.py took 0.091 seconds
[2024-04-27T00:07:30.105+0000] {processor.py:161} INFO - Started process (PID=11442) to work on /home/airflow/.local/lib/python3.12/site-packages/airflow/example_dags/example_kubernetes_executor.py
[2024-04-27T00:07:30.106+0000] {processor.py:830} INFO - Processing file /home/airflow/.local/lib/python3.12/site-packages/airflow/example_dags/example_kubernetes_executor.py for tasks to queue
[2024-04-27T00:07:30.107+0000] {logging_mixin.py:188} INFO - [2024-04-27T00:07:30.106+0000] {dagbag.py:540} INFO - Filling up the DagBag from /home/airflow/.local/lib/python3.12/site-packages/airflow/example_dags/example_kubernetes_executor.py
[2024-04-27T00:07:30.122+0000] {processor.py:840} INFO - DAG(s) 'example_kubernetes_executor' retrieved from /home/airflow/.local/lib/python3.12/site-packages/airflow/example_dags/example_kubernetes_executor.py
[2024-04-27T00:07:30.165+0000] {logging_mixin.py:188} INFO - [2024-04-27T00:07:30.165+0000] {dag.py:3096} INFO - Sync 1 DAGs
[2024-04-27T00:07:30.182+0000] {logging_mixin.py:188} INFO - [2024-04-27T00:07:30.182+0000] {dag.py:3954} INFO - Setting next_dagrun for example_kubernetes_executor to None, run_after=None
[2024-04-27T00:07:30.202+0000] {processor.py:183} INFO - Processing /home/airflow/.local/lib/python3.12/site-packages/airflow/example_dags/example_kubernetes_executor.py took 0.103 seconds
[2024-04-27T00:08:00.684+0000] {processor.py:161} INFO - Started process (PID=11502) to work on /home/airflow/.local/lib/python3.12/site-packages/airflow/example_dags/example_kubernetes_executor.py
[2024-04-27T00:08:00.685+0000] {processor.py:830} INFO - Processing file /home/airflow/.local/lib/python3.12/site-packages/airflow/example_dags/example_kubernetes_executor.py for tasks to queue
[2024-04-27T00:08:00.687+0000] {logging_mixin.py:188} INFO - [2024-04-27T00:08:00.686+0000] {dagbag.py:540} INFO - Filling up the DagBag from /home/airflow/.local/lib/python3.12/site-packages/airflow/example_dags/example_kubernetes_executor.py
[2024-04-27T00:08:00.699+0000] {processor.py:840} INFO - DAG(s) 'example_kubernetes_executor' retrieved from /home/airflow/.local/lib/python3.12/site-packages/airflow/example_dags/example_kubernetes_executor.py
[2024-04-27T00:08:00.742+0000] {logging_mixin.py:188} INFO - [2024-04-27T00:08:00.742+0000] {dag.py:3096} INFO - Sync 1 DAGs
[2024-04-27T00:08:00.753+0000] {logging_mixin.py:188} INFO - [2024-04-27T00:08:00.753+0000] {dag.py:3954} INFO - Setting next_dagrun for example_kubernetes_executor to None, run_after=None
[2024-04-27T00:08:00.775+0000] {processor.py:183} INFO - Processing /home/airflow/.local/lib/python3.12/site-packages/airflow/example_dags/example_kubernetes_executor.py took 0.098 seconds
[2024-04-27T00:08:31.254+0000] {processor.py:161} INFO - Started process (PID=11562) to work on /home/airflow/.local/lib/python3.12/site-packages/airflow/example_dags/example_kubernetes_executor.py
[2024-04-27T00:08:31.255+0000] {processor.py:830} INFO - Processing file /home/airflow/.local/lib/python3.12/site-packages/airflow/example_dags/example_kubernetes_executor.py for tasks to queue
[2024-04-27T00:08:31.256+0000] {logging_mixin.py:188} INFO - [2024-04-27T00:08:31.256+0000] {dagbag.py:540} INFO - Filling up the DagBag from /home/airflow/.local/lib/python3.12/site-packages/airflow/example_dags/example_kubernetes_executor.py
[2024-04-27T00:08:31.267+0000] {processor.py:840} INFO - DAG(s) 'example_kubernetes_executor' retrieved from /home/airflow/.local/lib/python3.12/site-packages/airflow/example_dags/example_kubernetes_executor.py
[2024-04-27T00:08:31.302+0000] {logging_mixin.py:188} INFO - [2024-04-27T00:08:31.302+0000] {dag.py:3096} INFO - Sync 1 DAGs
[2024-04-27T00:08:31.316+0000] {logging_mixin.py:188} INFO - [2024-04-27T00:08:31.316+0000] {dag.py:3954} INFO - Setting next_dagrun for example_kubernetes_executor to None, run_after=None
[2024-04-27T00:08:31.348+0000] {processor.py:183} INFO - Processing /home/airflow/.local/lib/python3.12/site-packages/airflow/example_dags/example_kubernetes_executor.py took 0.099 seconds
[2024-04-27T00:09:01.776+0000] {processor.py:161} INFO - Started process (PID=11622) to work on /home/airflow/.local/lib/python3.12/site-packages/airflow/example_dags/example_kubernetes_executor.py
[2024-04-27T00:09:01.778+0000] {processor.py:830} INFO - Processing file /home/airflow/.local/lib/python3.12/site-packages/airflow/example_dags/example_kubernetes_executor.py for tasks to queue
[2024-04-27T00:09:01.779+0000] {logging_mixin.py:188} INFO - [2024-04-27T00:09:01.779+0000] {dagbag.py:540} INFO - Filling up the DagBag from /home/airflow/.local/lib/python3.12/site-packages/airflow/example_dags/example_kubernetes_executor.py
[2024-04-27T00:09:01.791+0000] {processor.py:840} INFO - DAG(s) 'example_kubernetes_executor' retrieved from /home/airflow/.local/lib/python3.12/site-packages/airflow/example_dags/example_kubernetes_executor.py
[2024-04-27T00:09:01.835+0000] {logging_mixin.py:188} INFO - [2024-04-27T00:09:01.834+0000] {dag.py:3096} INFO - Sync 1 DAGs
[2024-04-27T00:09:01.846+0000] {logging_mixin.py:188} INFO - [2024-04-27T00:09:01.846+0000] {dag.py:3954} INFO - Setting next_dagrun for example_kubernetes_executor to None, run_after=None
[2024-04-27T00:09:01.870+0000] {processor.py:183} INFO - Processing /home/airflow/.local/lib/python3.12/site-packages/airflow/example_dags/example_kubernetes_executor.py took 0.100 seconds
[2024-04-27T00:09:32.412+0000] {processor.py:161} INFO - Started process (PID=11682) to work on /home/airflow/.local/lib/python3.12/site-packages/airflow/example_dags/example_kubernetes_executor.py
[2024-04-27T00:09:32.412+0000] {processor.py:830} INFO - Processing file /home/airflow/.local/lib/python3.12/site-packages/airflow/example_dags/example_kubernetes_executor.py for tasks to queue
[2024-04-27T00:09:32.414+0000] {logging_mixin.py:188} INFO - [2024-04-27T00:09:32.413+0000] {dagbag.py:540} INFO - Filling up the DagBag from /home/airflow/.local/lib/python3.12/site-packages/airflow/example_dags/example_kubernetes_executor.py
[2024-04-27T00:09:32.423+0000] {processor.py:840} INFO - DAG(s) 'example_kubernetes_executor' retrieved from /home/airflow/.local/lib/python3.12/site-packages/airflow/example_dags/example_kubernetes_executor.py
[2024-04-27T00:09:32.481+0000] {logging_mixin.py:188} INFO - [2024-04-27T00:09:32.481+0000] {dag.py:3096} INFO - Sync 1 DAGs
[2024-04-27T00:09:32.494+0000] {logging_mixin.py:188} INFO - [2024-04-27T00:09:32.494+0000] {dag.py:3954} INFO - Setting next_dagrun for example_kubernetes_executor to None, run_after=None
[2024-04-27T00:09:32.517+0000] {processor.py:183} INFO - Processing /home/airflow/.local/lib/python3.12/site-packages/airflow/example_dags/example_kubernetes_executor.py took 0.111 seconds
[2024-04-27T00:10:03.006+0000] {processor.py:161} INFO - Started process (PID=11742) to work on /home/airflow/.local/lib/python3.12/site-packages/airflow/example_dags/example_kubernetes_executor.py
[2024-04-27T00:10:03.009+0000] {processor.py:830} INFO - Processing file /home/airflow/.local/lib/python3.12/site-packages/airflow/example_dags/example_kubernetes_executor.py for tasks to queue
[2024-04-27T00:10:03.010+0000] {logging_mixin.py:188} INFO - [2024-04-27T00:10:03.009+0000] {dagbag.py:540} INFO - Filling up the DagBag from /home/airflow/.local/lib/python3.12/site-packages/airflow/example_dags/example_kubernetes_executor.py
[2024-04-27T00:10:03.023+0000] {processor.py:840} INFO - DAG(s) 'example_kubernetes_executor' retrieved from /home/airflow/.local/lib/python3.12/site-packages/airflow/example_dags/example_kubernetes_executor.py
[2024-04-27T00:10:03.063+0000] {logging_mixin.py:188} INFO - [2024-04-27T00:10:03.063+0000] {dag.py:3096} INFO - Sync 1 DAGs
[2024-04-27T00:10:03.076+0000] {logging_mixin.py:188} INFO - [2024-04-27T00:10:03.076+0000] {dag.py:3954} INFO - Setting next_dagrun for example_kubernetes_executor to None, run_after=None
[2024-04-27T00:10:03.107+0000] {processor.py:183} INFO - Processing /home/airflow/.local/lib/python3.12/site-packages/airflow/example_dags/example_kubernetes_executor.py took 0.106 seconds
[2024-04-27T00:10:33.813+0000] {processor.py:161} INFO - Started process (PID=11802) to work on /home/airflow/.local/lib/python3.12/site-packages/airflow/example_dags/example_kubernetes_executor.py
[2024-04-27T00:10:33.815+0000] {processor.py:830} INFO - Processing file /home/airflow/.local/lib/python3.12/site-packages/airflow/example_dags/example_kubernetes_executor.py for tasks to queue
[2024-04-27T00:10:33.816+0000] {logging_mixin.py:188} INFO - [2024-04-27T00:10:33.816+0000] {dagbag.py:540} INFO - Filling up the DagBag from /home/airflow/.local/lib/python3.12/site-packages/airflow/example_dags/example_kubernetes_executor.py
[2024-04-27T00:10:33.828+0000] {processor.py:840} INFO - DAG(s) 'example_kubernetes_executor' retrieved from /home/airflow/.local/lib/python3.12/site-packages/airflow/example_dags/example_kubernetes_executor.py
[2024-04-27T00:10:33.867+0000] {logging_mixin.py:188} INFO - [2024-04-27T00:10:33.867+0000] {dag.py:3096} INFO - Sync 1 DAGs
[2024-04-27T00:10:33.881+0000] {logging_mixin.py:188} INFO - [2024-04-27T00:10:33.881+0000] {dag.py:3954} INFO - Setting next_dagrun for example_kubernetes_executor to None, run_after=None
[2024-04-27T00:10:33.900+0000] {processor.py:183} INFO - Processing /home/airflow/.local/lib/python3.12/site-packages/airflow/example_dags/example_kubernetes_executor.py took 0.093 seconds
[2024-04-27T00:11:04.458+0000] {processor.py:161} INFO - Started process (PID=11862) to work on /home/airflow/.local/lib/python3.12/site-packages/airflow/example_dags/example_kubernetes_executor.py
[2024-04-27T00:11:04.459+0000] {processor.py:830} INFO - Processing file /home/airflow/.local/lib/python3.12/site-packages/airflow/example_dags/example_kubernetes_executor.py for tasks to queue
[2024-04-27T00:11:04.461+0000] {logging_mixin.py:188} INFO - [2024-04-27T00:11:04.461+0000] {dagbag.py:540} INFO - Filling up the DagBag from /home/airflow/.local/lib/python3.12/site-packages/airflow/example_dags/example_kubernetes_executor.py
[2024-04-27T00:11:04.472+0000] {processor.py:840} INFO - DAG(s) 'example_kubernetes_executor' retrieved from /home/airflow/.local/lib/python3.12/site-packages/airflow/example_dags/example_kubernetes_executor.py
[2024-04-27T00:11:04.510+0000] {logging_mixin.py:188} INFO - [2024-04-27T00:11:04.510+0000] {dag.py:3096} INFO - Sync 1 DAGs
[2024-04-27T00:11:04.522+0000] {logging_mixin.py:188} INFO - [2024-04-27T00:11:04.521+0000] {dag.py:3954} INFO - Setting next_dagrun for example_kubernetes_executor to None, run_after=None
[2024-04-27T00:11:04.542+0000] {processor.py:183} INFO - Processing /home/airflow/.local/lib/python3.12/site-packages/airflow/example_dags/example_kubernetes_executor.py took 0.089 seconds
[2024-04-27T00:11:35.234+0000] {processor.py:161} INFO - Started process (PID=11923) to work on /home/airflow/.local/lib/python3.12/site-packages/airflow/example_dags/example_kubernetes_executor.py
[2024-04-27T00:11:35.236+0000] {processor.py:830} INFO - Processing file /home/airflow/.local/lib/python3.12/site-packages/airflow/example_dags/example_kubernetes_executor.py for tasks to queue
[2024-04-27T00:11:35.237+0000] {logging_mixin.py:188} INFO - [2024-04-27T00:11:35.237+0000] {dagbag.py:540} INFO - Filling up the DagBag from /home/airflow/.local/lib/python3.12/site-packages/airflow/example_dags/example_kubernetes_executor.py
[2024-04-27T00:11:35.249+0000] {processor.py:840} INFO - DAG(s) 'example_kubernetes_executor' retrieved from /home/airflow/.local/lib/python3.12/site-packages/airflow/example_dags/example_kubernetes_executor.py
[2024-04-27T00:11:35.290+0000] {logging_mixin.py:188} INFO - [2024-04-27T00:11:35.289+0000] {dag.py:3096} INFO - Sync 1 DAGs
[2024-04-27T00:11:35.300+0000] {logging_mixin.py:188} INFO - [2024-04-27T00:11:35.300+0000] {dag.py:3954} INFO - Setting next_dagrun for example_kubernetes_executor to None, run_after=None
[2024-04-27T00:11:35.324+0000] {processor.py:183} INFO - Processing /home/airflow/.local/lib/python3.12/site-packages/airflow/example_dags/example_kubernetes_executor.py took 0.094 seconds
[2024-04-27T00:12:05.948+0000] {processor.py:161} INFO - Started process (PID=11983) to work on /home/airflow/.local/lib/python3.12/site-packages/airflow/example_dags/example_kubernetes_executor.py
[2024-04-27T00:12:05.951+0000] {processor.py:830} INFO - Processing file /home/airflow/.local/lib/python3.12/site-packages/airflow/example_dags/example_kubernetes_executor.py for tasks to queue
[2024-04-27T00:12:05.957+0000] {logging_mixin.py:188} INFO - [2024-04-27T00:12:05.955+0000] {dagbag.py:540} INFO - Filling up the DagBag from /home/airflow/.local/lib/python3.12/site-packages/airflow/example_dags/example_kubernetes_executor.py
[2024-04-27T00:12:05.974+0000] {processor.py:840} INFO - DAG(s) 'example_kubernetes_executor' retrieved from /home/airflow/.local/lib/python3.12/site-packages/airflow/example_dags/example_kubernetes_executor.py
[2024-04-27T00:12:06.032+0000] {logging_mixin.py:188} INFO - [2024-04-27T00:12:06.032+0000] {dag.py:3096} INFO - Sync 1 DAGs
[2024-04-27T00:12:06.051+0000] {logging_mixin.py:188} INFO - [2024-04-27T00:12:06.050+0000] {dag.py:3954} INFO - Setting next_dagrun for example_kubernetes_executor to None, run_after=None
[2024-04-27T00:12:06.071+0000] {processor.py:183} INFO - Processing /home/airflow/.local/lib/python3.12/site-packages/airflow/example_dags/example_kubernetes_executor.py took 0.137 seconds
[2024-04-27T00:12:36.551+0000] {processor.py:161} INFO - Started process (PID=12043) to work on /home/airflow/.local/lib/python3.12/site-packages/airflow/example_dags/example_kubernetes_executor.py
[2024-04-27T00:12:36.552+0000] {processor.py:830} INFO - Processing file /home/airflow/.local/lib/python3.12/site-packages/airflow/example_dags/example_kubernetes_executor.py for tasks to queue
[2024-04-27T00:12:36.553+0000] {logging_mixin.py:188} INFO - [2024-04-27T00:12:36.553+0000] {dagbag.py:540} INFO - Filling up the DagBag from /home/airflow/.local/lib/python3.12/site-packages/airflow/example_dags/example_kubernetes_executor.py
[2024-04-27T00:12:36.569+0000] {processor.py:840} INFO - DAG(s) 'example_kubernetes_executor' retrieved from /home/airflow/.local/lib/python3.12/site-packages/airflow/example_dags/example_kubernetes_executor.py
[2024-04-27T00:12:36.612+0000] {logging_mixin.py:188} INFO - [2024-04-27T00:12:36.612+0000] {dag.py:3096} INFO - Sync 1 DAGs
[2024-04-27T00:12:36.625+0000] {logging_mixin.py:188} INFO - [2024-04-27T00:12:36.625+0000] {dag.py:3954} INFO - Setting next_dagrun for example_kubernetes_executor to None, run_after=None
[2024-04-27T00:12:36.645+0000] {processor.py:183} INFO - Processing /home/airflow/.local/lib/python3.12/site-packages/airflow/example_dags/example_kubernetes_executor.py took 0.104 seconds
[2024-04-27T00:13:07.282+0000] {processor.py:161} INFO - Started process (PID=12103) to work on /home/airflow/.local/lib/python3.12/site-packages/airflow/example_dags/example_kubernetes_executor.py
[2024-04-27T00:13:07.283+0000] {processor.py:830} INFO - Processing file /home/airflow/.local/lib/python3.12/site-packages/airflow/example_dags/example_kubernetes_executor.py for tasks to queue
[2024-04-27T00:13:07.285+0000] {logging_mixin.py:188} INFO - [2024-04-27T00:13:07.284+0000] {dagbag.py:540} INFO - Filling up the DagBag from /home/airflow/.local/lib/python3.12/site-packages/airflow/example_dags/example_kubernetes_executor.py
[2024-04-27T00:13:07.295+0000] {processor.py:840} INFO - DAG(s) 'example_kubernetes_executor' retrieved from /home/airflow/.local/lib/python3.12/site-packages/airflow/example_dags/example_kubernetes_executor.py
[2024-04-27T00:13:07.335+0000] {logging_mixin.py:188} INFO - [2024-04-27T00:13:07.335+0000] {dag.py:3096} INFO - Sync 1 DAGs
[2024-04-27T00:13:07.346+0000] {logging_mixin.py:188} INFO - [2024-04-27T00:13:07.346+0000] {dag.py:3954} INFO - Setting next_dagrun for example_kubernetes_executor to None, run_after=None
[2024-04-27T00:13:07.365+0000] {processor.py:183} INFO - Processing /home/airflow/.local/lib/python3.12/site-packages/airflow/example_dags/example_kubernetes_executor.py took 0.089 seconds
[2024-04-27T00:13:37.784+0000] {processor.py:161} INFO - Started process (PID=12163) to work on /home/airflow/.local/lib/python3.12/site-packages/airflow/example_dags/example_kubernetes_executor.py
[2024-04-27T00:13:37.786+0000] {processor.py:830} INFO - Processing file /home/airflow/.local/lib/python3.12/site-packages/airflow/example_dags/example_kubernetes_executor.py for tasks to queue
[2024-04-27T00:13:37.787+0000] {logging_mixin.py:188} INFO - [2024-04-27T00:13:37.787+0000] {dagbag.py:540} INFO - Filling up the DagBag from /home/airflow/.local/lib/python3.12/site-packages/airflow/example_dags/example_kubernetes_executor.py
[2024-04-27T00:13:37.803+0000] {processor.py:840} INFO - DAG(s) 'example_kubernetes_executor' retrieved from /home/airflow/.local/lib/python3.12/site-packages/airflow/example_dags/example_kubernetes_executor.py
[2024-04-27T00:13:37.844+0000] {logging_mixin.py:188} INFO - [2024-04-27T00:13:37.844+0000] {dag.py:3096} INFO - Sync 1 DAGs
[2024-04-27T00:13:37.857+0000] {logging_mixin.py:188} INFO - [2024-04-27T00:13:37.856+0000] {dag.py:3954} INFO - Setting next_dagrun for example_kubernetes_executor to None, run_after=None
[2024-04-27T00:13:37.883+0000] {processor.py:183} INFO - Processing /home/airflow/.local/lib/python3.12/site-packages/airflow/example_dags/example_kubernetes_executor.py took 0.104 seconds
[2024-04-27T00:14:08.145+0000] {processor.py:161} INFO - Started process (PID=12223) to work on /home/airflow/.local/lib/python3.12/site-packages/airflow/example_dags/example_kubernetes_executor.py
[2024-04-27T00:14:08.149+0000] {processor.py:830} INFO - Processing file /home/airflow/.local/lib/python3.12/site-packages/airflow/example_dags/example_kubernetes_executor.py for tasks to queue
[2024-04-27T00:14:08.151+0000] {logging_mixin.py:188} INFO - [2024-04-27T00:14:08.150+0000] {dagbag.py:540} INFO - Filling up the DagBag from /home/airflow/.local/lib/python3.12/site-packages/airflow/example_dags/example_kubernetes_executor.py
[2024-04-27T00:14:08.164+0000] {processor.py:840} INFO - DAG(s) 'example_kubernetes_executor' retrieved from /home/airflow/.local/lib/python3.12/site-packages/airflow/example_dags/example_kubernetes_executor.py
[2024-04-27T00:14:08.214+0000] {logging_mixin.py:188} INFO - [2024-04-27T00:14:08.214+0000] {dag.py:3096} INFO - Sync 1 DAGs
[2024-04-27T00:14:08.236+0000] {logging_mixin.py:188} INFO - [2024-04-27T00:14:08.235+0000] {dag.py:3954} INFO - Setting next_dagrun for example_kubernetes_executor to None, run_after=None
[2024-04-27T00:14:08.262+0000] {processor.py:183} INFO - Processing /home/airflow/.local/lib/python3.12/site-packages/airflow/example_dags/example_kubernetes_executor.py took 0.121 seconds
[2024-04-27T00:14:38.463+0000] {processor.py:161} INFO - Started process (PID=12282) to work on /home/airflow/.local/lib/python3.12/site-packages/airflow/example_dags/example_kubernetes_executor.py
[2024-04-27T00:14:38.466+0000] {processor.py:830} INFO - Processing file /home/airflow/.local/lib/python3.12/site-packages/airflow/example_dags/example_kubernetes_executor.py for tasks to queue
[2024-04-27T00:14:38.467+0000] {logging_mixin.py:188} INFO - [2024-04-27T00:14:38.467+0000] {dagbag.py:540} INFO - Filling up the DagBag from /home/airflow/.local/lib/python3.12/site-packages/airflow/example_dags/example_kubernetes_executor.py
[2024-04-27T00:14:38.478+0000] {processor.py:840} INFO - DAG(s) 'example_kubernetes_executor' retrieved from /home/airflow/.local/lib/python3.12/site-packages/airflow/example_dags/example_kubernetes_executor.py
[2024-04-27T00:14:38.516+0000] {logging_mixin.py:188} INFO - [2024-04-27T00:14:38.516+0000] {dag.py:3096} INFO - Sync 1 DAGs
[2024-04-27T00:14:38.527+0000] {logging_mixin.py:188} INFO - [2024-04-27T00:14:38.526+0000] {dag.py:3954} INFO - Setting next_dagrun for example_kubernetes_executor to None, run_after=None
[2024-04-27T00:14:38.548+0000] {processor.py:183} INFO - Processing /home/airflow/.local/lib/python3.12/site-packages/airflow/example_dags/example_kubernetes_executor.py took 0.089 seconds
[2024-04-27T00:15:08.820+0000] {processor.py:161} INFO - Started process (PID=12343) to work on /home/airflow/.local/lib/python3.12/site-packages/airflow/example_dags/example_kubernetes_executor.py
[2024-04-27T00:15:08.822+0000] {processor.py:830} INFO - Processing file /home/airflow/.local/lib/python3.12/site-packages/airflow/example_dags/example_kubernetes_executor.py for tasks to queue
[2024-04-27T00:15:08.823+0000] {logging_mixin.py:188} INFO - [2024-04-27T00:15:08.823+0000] {dagbag.py:540} INFO - Filling up the DagBag from /home/airflow/.local/lib/python3.12/site-packages/airflow/example_dags/example_kubernetes_executor.py
[2024-04-27T00:15:08.836+0000] {processor.py:840} INFO - DAG(s) 'example_kubernetes_executor' retrieved from /home/airflow/.local/lib/python3.12/site-packages/airflow/example_dags/example_kubernetes_executor.py
[2024-04-27T00:15:08.880+0000] {logging_mixin.py:188} INFO - [2024-04-27T00:15:08.880+0000] {dag.py:3096} INFO - Sync 1 DAGs
[2024-04-27T00:15:08.892+0000] {logging_mixin.py:188} INFO - [2024-04-27T00:15:08.891+0000] {dag.py:3954} INFO - Setting next_dagrun for example_kubernetes_executor to None, run_after=None
[2024-04-27T00:15:08.915+0000] {processor.py:183} INFO - Processing /home/airflow/.local/lib/python3.12/site-packages/airflow/example_dags/example_kubernetes_executor.py took 0.102 seconds
[2024-04-27T00:15:39.498+0000] {processor.py:161} INFO - Started process (PID=12403) to work on /home/airflow/.local/lib/python3.12/site-packages/airflow/example_dags/example_kubernetes_executor.py
[2024-04-27T00:15:39.500+0000] {processor.py:830} INFO - Processing file /home/airflow/.local/lib/python3.12/site-packages/airflow/example_dags/example_kubernetes_executor.py for tasks to queue
[2024-04-27T00:15:39.501+0000] {logging_mixin.py:188} INFO - [2024-04-27T00:15:39.501+0000] {dagbag.py:540} INFO - Filling up the DagBag from /home/airflow/.local/lib/python3.12/site-packages/airflow/example_dags/example_kubernetes_executor.py
[2024-04-27T00:15:39.516+0000] {processor.py:840} INFO - DAG(s) 'example_kubernetes_executor' retrieved from /home/airflow/.local/lib/python3.12/site-packages/airflow/example_dags/example_kubernetes_executor.py
[2024-04-27T00:15:39.565+0000] {logging_mixin.py:188} INFO - [2024-04-27T00:15:39.565+0000] {dag.py:3096} INFO - Sync 1 DAGs
[2024-04-27T00:15:39.584+0000] {logging_mixin.py:188} INFO - [2024-04-27T00:15:39.584+0000] {dag.py:3954} INFO - Setting next_dagrun for example_kubernetes_executor to None, run_after=None
[2024-04-27T00:15:39.614+0000] {processor.py:183} INFO - Processing /home/airflow/.local/lib/python3.12/site-packages/airflow/example_dags/example_kubernetes_executor.py took 0.122 seconds
[2024-04-27T00:16:09.874+0000] {processor.py:161} INFO - Started process (PID=12463) to work on /home/airflow/.local/lib/python3.12/site-packages/airflow/example_dags/example_kubernetes_executor.py
[2024-04-27T00:16:09.881+0000] {processor.py:830} INFO - Processing file /home/airflow/.local/lib/python3.12/site-packages/airflow/example_dags/example_kubernetes_executor.py for tasks to queue
[2024-04-27T00:16:09.884+0000] {logging_mixin.py:188} INFO - [2024-04-27T00:16:09.883+0000] {dagbag.py:540} INFO - Filling up the DagBag from /home/airflow/.local/lib/python3.12/site-packages/airflow/example_dags/example_kubernetes_executor.py
[2024-04-27T00:16:09.896+0000] {processor.py:840} INFO - DAG(s) 'example_kubernetes_executor' retrieved from /home/airflow/.local/lib/python3.12/site-packages/airflow/example_dags/example_kubernetes_executor.py
[2024-04-27T00:16:09.936+0000] {logging_mixin.py:188} INFO - [2024-04-27T00:16:09.935+0000] {dag.py:3096} INFO - Sync 1 DAGs
[2024-04-27T00:16:09.950+0000] {logging_mixin.py:188} INFO - [2024-04-27T00:16:09.950+0000] {dag.py:3954} INFO - Setting next_dagrun for example_kubernetes_executor to None, run_after=None
[2024-04-27T00:16:09.969+0000] {processor.py:183} INFO - Processing /home/airflow/.local/lib/python3.12/site-packages/airflow/example_dags/example_kubernetes_executor.py took 0.101 seconds
[2024-04-27T00:16:40.545+0000] {processor.py:161} INFO - Started process (PID=12523) to work on /home/airflow/.local/lib/python3.12/site-packages/airflow/example_dags/example_kubernetes_executor.py
[2024-04-27T00:16:40.547+0000] {processor.py:830} INFO - Processing file /home/airflow/.local/lib/python3.12/site-packages/airflow/example_dags/example_kubernetes_executor.py for tasks to queue
[2024-04-27T00:16:40.548+0000] {logging_mixin.py:188} INFO - [2024-04-27T00:16:40.548+0000] {dagbag.py:540} INFO - Filling up the DagBag from /home/airflow/.local/lib/python3.12/site-packages/airflow/example_dags/example_kubernetes_executor.py
[2024-04-27T00:16:40.558+0000] {processor.py:840} INFO - DAG(s) 'example_kubernetes_executor' retrieved from /home/airflow/.local/lib/python3.12/site-packages/airflow/example_dags/example_kubernetes_executor.py
[2024-04-27T00:16:40.600+0000] {logging_mixin.py:188} INFO - [2024-04-27T00:16:40.599+0000] {dag.py:3096} INFO - Sync 1 DAGs
[2024-04-27T00:16:40.612+0000] {logging_mixin.py:188} INFO - [2024-04-27T00:16:40.612+0000] {dag.py:3954} INFO - Setting next_dagrun for example_kubernetes_executor to None, run_after=None
[2024-04-27T00:16:40.638+0000] {processor.py:183} INFO - Processing /home/airflow/.local/lib/python3.12/site-packages/airflow/example_dags/example_kubernetes_executor.py took 0.098 seconds
[2024-04-27T00:17:10.794+0000] {processor.py:161} INFO - Started process (PID=12583) to work on /home/airflow/.local/lib/python3.12/site-packages/airflow/example_dags/example_kubernetes_executor.py
[2024-04-27T00:17:10.846+0000] {processor.py:830} INFO - Processing file /home/airflow/.local/lib/python3.12/site-packages/airflow/example_dags/example_kubernetes_executor.py for tasks to queue
[2024-04-27T00:17:10.882+0000] {logging_mixin.py:188} INFO - [2024-04-27T00:17:10.881+0000] {dagbag.py:540} INFO - Filling up the DagBag from /home/airflow/.local/lib/python3.12/site-packages/airflow/example_dags/example_kubernetes_executor.py
[2024-04-27T00:17:10.909+0000] {processor.py:840} INFO - DAG(s) 'example_kubernetes_executor' retrieved from /home/airflow/.local/lib/python3.12/site-packages/airflow/example_dags/example_kubernetes_executor.py
[2024-04-27T00:17:10.966+0000] {logging_mixin.py:188} INFO - [2024-04-27T00:17:10.966+0000] {dag.py:3096} INFO - Sync 1 DAGs
[2024-04-27T00:17:10.976+0000] {logging_mixin.py:188} INFO - [2024-04-27T00:17:10.976+0000] {dag.py:3954} INFO - Setting next_dagrun for example_kubernetes_executor to None, run_after=None
[2024-04-27T00:17:10.995+0000] {processor.py:183} INFO - Processing /home/airflow/.local/lib/python3.12/site-packages/airflow/example_dags/example_kubernetes_executor.py took 0.205 seconds
[2024-04-27T00:17:41.189+0000] {processor.py:161} INFO - Started process (PID=12643) to work on /home/airflow/.local/lib/python3.12/site-packages/airflow/example_dags/example_kubernetes_executor.py
[2024-04-27T00:17:41.191+0000] {processor.py:830} INFO - Processing file /home/airflow/.local/lib/python3.12/site-packages/airflow/example_dags/example_kubernetes_executor.py for tasks to queue
[2024-04-27T00:17:41.192+0000] {logging_mixin.py:188} INFO - [2024-04-27T00:17:41.192+0000] {dagbag.py:540} INFO - Filling up the DagBag from /home/airflow/.local/lib/python3.12/site-packages/airflow/example_dags/example_kubernetes_executor.py
[2024-04-27T00:17:41.202+0000] {processor.py:840} INFO - DAG(s) 'example_kubernetes_executor' retrieved from /home/airflow/.local/lib/python3.12/site-packages/airflow/example_dags/example_kubernetes_executor.py
[2024-04-27T00:17:41.244+0000] {logging_mixin.py:188} INFO - [2024-04-27T00:17:41.244+0000] {dag.py:3096} INFO - Sync 1 DAGs
[2024-04-27T00:17:41.255+0000] {logging_mixin.py:188} INFO - [2024-04-27T00:17:41.255+0000] {dag.py:3954} INFO - Setting next_dagrun for example_kubernetes_executor to None, run_after=None
[2024-04-27T00:17:41.275+0000] {processor.py:183} INFO - Processing /home/airflow/.local/lib/python3.12/site-packages/airflow/example_dags/example_kubernetes_executor.py took 0.091 seconds
[2024-04-27T00:18:12.021+0000] {processor.py:161} INFO - Started process (PID=12703) to work on /home/airflow/.local/lib/python3.12/site-packages/airflow/example_dags/example_kubernetes_executor.py
[2024-04-27T00:18:12.023+0000] {processor.py:830} INFO - Processing file /home/airflow/.local/lib/python3.12/site-packages/airflow/example_dags/example_kubernetes_executor.py for tasks to queue
[2024-04-27T00:18:12.024+0000] {logging_mixin.py:188} INFO - [2024-04-27T00:18:12.024+0000] {dagbag.py:540} INFO - Filling up the DagBag from /home/airflow/.local/lib/python3.12/site-packages/airflow/example_dags/example_kubernetes_executor.py
[2024-04-27T00:18:12.040+0000] {processor.py:840} INFO - DAG(s) 'example_kubernetes_executor' retrieved from /home/airflow/.local/lib/python3.12/site-packages/airflow/example_dags/example_kubernetes_executor.py
[2024-04-27T00:18:12.134+0000] {logging_mixin.py:188} INFO - [2024-04-27T00:18:12.133+0000] {dag.py:3096} INFO - Sync 1 DAGs
[2024-04-27T00:18:12.168+0000] {logging_mixin.py:188} INFO - [2024-04-27T00:18:12.168+0000] {dag.py:3954} INFO - Setting next_dagrun for example_kubernetes_executor to None, run_after=None
[2024-04-27T00:18:12.202+0000] {processor.py:183} INFO - Processing /home/airflow/.local/lib/python3.12/site-packages/airflow/example_dags/example_kubernetes_executor.py took 0.187 seconds
[2024-04-27T00:18:42.329+0000] {processor.py:161} INFO - Started process (PID=12763) to work on /home/airflow/.local/lib/python3.12/site-packages/airflow/example_dags/example_kubernetes_executor.py
[2024-04-27T00:18:42.330+0000] {processor.py:830} INFO - Processing file /home/airflow/.local/lib/python3.12/site-packages/airflow/example_dags/example_kubernetes_executor.py for tasks to queue
[2024-04-27T00:18:42.331+0000] {logging_mixin.py:188} INFO - [2024-04-27T00:18:42.331+0000] {dagbag.py:540} INFO - Filling up the DagBag from /home/airflow/.local/lib/python3.12/site-packages/airflow/example_dags/example_kubernetes_executor.py
[2024-04-27T00:18:42.346+0000] {processor.py:840} INFO - DAG(s) 'example_kubernetes_executor' retrieved from /home/airflow/.local/lib/python3.12/site-packages/airflow/example_dags/example_kubernetes_executor.py
[2024-04-27T00:18:42.386+0000] {logging_mixin.py:188} INFO - [2024-04-27T00:18:42.386+0000] {dag.py:3096} INFO - Sync 1 DAGs
[2024-04-27T00:18:42.397+0000] {logging_mixin.py:188} INFO - [2024-04-27T00:18:42.397+0000] {dag.py:3954} INFO - Setting next_dagrun for example_kubernetes_executor to None, run_after=None
[2024-04-27T00:18:42.420+0000] {processor.py:183} INFO - Processing /home/airflow/.local/lib/python3.12/site-packages/airflow/example_dags/example_kubernetes_executor.py took 0.097 seconds
[2024-04-27T00:19:12.472+0000] {processor.py:161} INFO - Started process (PID=12822) to work on /home/airflow/.local/lib/python3.12/site-packages/airflow/example_dags/example_kubernetes_executor.py
[2024-04-27T00:19:12.473+0000] {processor.py:830} INFO - Processing file /home/airflow/.local/lib/python3.12/site-packages/airflow/example_dags/example_kubernetes_executor.py for tasks to queue
[2024-04-27T00:19:12.475+0000] {logging_mixin.py:188} INFO - [2024-04-27T00:19:12.474+0000] {dagbag.py:540} INFO - Filling up the DagBag from /home/airflow/.local/lib/python3.12/site-packages/airflow/example_dags/example_kubernetes_executor.py
[2024-04-27T00:19:12.486+0000] {processor.py:840} INFO - DAG(s) 'example_kubernetes_executor' retrieved from /home/airflow/.local/lib/python3.12/site-packages/airflow/example_dags/example_kubernetes_executor.py
[2024-04-27T00:19:12.527+0000] {logging_mixin.py:188} INFO - [2024-04-27T00:19:12.527+0000] {dag.py:3096} INFO - Sync 1 DAGs
[2024-04-27T00:19:12.538+0000] {logging_mixin.py:188} INFO - [2024-04-27T00:19:12.537+0000] {dag.py:3954} INFO - Setting next_dagrun for example_kubernetes_executor to None, run_after=None
[2024-04-27T00:19:12.559+0000] {processor.py:183} INFO - Processing /home/airflow/.local/lib/python3.12/site-packages/airflow/example_dags/example_kubernetes_executor.py took 0.093 seconds
[2024-04-27T00:19:43.049+0000] {processor.py:161} INFO - Started process (PID=12883) to work on /home/airflow/.local/lib/python3.12/site-packages/airflow/example_dags/example_kubernetes_executor.py
[2024-04-27T00:19:43.050+0000] {processor.py:830} INFO - Processing file /home/airflow/.local/lib/python3.12/site-packages/airflow/example_dags/example_kubernetes_executor.py for tasks to queue
[2024-04-27T00:19:43.051+0000] {logging_mixin.py:188} INFO - [2024-04-27T00:19:43.051+0000] {dagbag.py:540} INFO - Filling up the DagBag from /home/airflow/.local/lib/python3.12/site-packages/airflow/example_dags/example_kubernetes_executor.py
[2024-04-27T00:19:43.065+0000] {processor.py:840} INFO - DAG(s) 'example_kubernetes_executor' retrieved from /home/airflow/.local/lib/python3.12/site-packages/airflow/example_dags/example_kubernetes_executor.py
[2024-04-27T00:19:43.107+0000] {logging_mixin.py:188} INFO - [2024-04-27T00:19:43.107+0000] {dag.py:3096} INFO - Sync 1 DAGs
[2024-04-27T00:19:43.119+0000] {logging_mixin.py:188} INFO - [2024-04-27T00:19:43.119+0000] {dag.py:3954} INFO - Setting next_dagrun for example_kubernetes_executor to None, run_after=None
[2024-04-27T00:19:43.154+0000] {processor.py:183} INFO - Processing /home/airflow/.local/lib/python3.12/site-packages/airflow/example_dags/example_kubernetes_executor.py took 0.109 seconds
[2024-04-27T00:20:13.695+0000] {processor.py:161} INFO - Started process (PID=12943) to work on /home/airflow/.local/lib/python3.12/site-packages/airflow/example_dags/example_kubernetes_executor.py
[2024-04-27T00:20:13.696+0000] {processor.py:830} INFO - Processing file /home/airflow/.local/lib/python3.12/site-packages/airflow/example_dags/example_kubernetes_executor.py for tasks to queue
[2024-04-27T00:20:13.697+0000] {logging_mixin.py:188} INFO - [2024-04-27T00:20:13.696+0000] {dagbag.py:540} INFO - Filling up the DagBag from /home/airflow/.local/lib/python3.12/site-packages/airflow/example_dags/example_kubernetes_executor.py
[2024-04-27T00:20:13.708+0000] {processor.py:840} INFO - DAG(s) 'example_kubernetes_executor' retrieved from /home/airflow/.local/lib/python3.12/site-packages/airflow/example_dags/example_kubernetes_executor.py
[2024-04-27T00:20:13.747+0000] {logging_mixin.py:188} INFO - [2024-04-27T00:20:13.747+0000] {dag.py:3096} INFO - Sync 1 DAGs
[2024-04-27T00:20:13.759+0000] {logging_mixin.py:188} INFO - [2024-04-27T00:20:13.759+0000] {dag.py:3954} INFO - Setting next_dagrun for example_kubernetes_executor to None, run_after=None
[2024-04-27T00:20:13.778+0000] {processor.py:183} INFO - Processing /home/airflow/.local/lib/python3.12/site-packages/airflow/example_dags/example_kubernetes_executor.py took 0.089 seconds
[2024-04-27T00:20:44.194+0000] {processor.py:161} INFO - Started process (PID=13002) to work on /home/airflow/.local/lib/python3.12/site-packages/airflow/example_dags/example_kubernetes_executor.py
[2024-04-27T00:20:44.196+0000] {processor.py:830} INFO - Processing file /home/airflow/.local/lib/python3.12/site-packages/airflow/example_dags/example_kubernetes_executor.py for tasks to queue
[2024-04-27T00:20:44.197+0000] {logging_mixin.py:188} INFO - [2024-04-27T00:20:44.197+0000] {dagbag.py:540} INFO - Filling up the DagBag from /home/airflow/.local/lib/python3.12/site-packages/airflow/example_dags/example_kubernetes_executor.py
[2024-04-27T00:20:44.210+0000] {processor.py:840} INFO - DAG(s) 'example_kubernetes_executor' retrieved from /home/airflow/.local/lib/python3.12/site-packages/airflow/example_dags/example_kubernetes_executor.py
[2024-04-27T00:20:44.249+0000] {logging_mixin.py:188} INFO - [2024-04-27T00:20:44.249+0000] {dag.py:3096} INFO - Sync 1 DAGs
[2024-04-27T00:20:44.264+0000] {logging_mixin.py:188} INFO - [2024-04-27T00:20:44.264+0000] {dag.py:3954} INFO - Setting next_dagrun for example_kubernetes_executor to None, run_after=None
[2024-04-27T00:20:44.289+0000] {processor.py:183} INFO - Processing /home/airflow/.local/lib/python3.12/site-packages/airflow/example_dags/example_kubernetes_executor.py took 0.099 seconds
[2024-04-27T00:21:14.821+0000] {processor.py:161} INFO - Started process (PID=13062) to work on /home/airflow/.local/lib/python3.12/site-packages/airflow/example_dags/example_kubernetes_executor.py
[2024-04-27T00:21:14.828+0000] {processor.py:830} INFO - Processing file /home/airflow/.local/lib/python3.12/site-packages/airflow/example_dags/example_kubernetes_executor.py for tasks to queue
[2024-04-27T00:21:14.829+0000] {logging_mixin.py:188} INFO - [2024-04-27T00:21:14.829+0000] {dagbag.py:540} INFO - Filling up the DagBag from /home/airflow/.local/lib/python3.12/site-packages/airflow/example_dags/example_kubernetes_executor.py
[2024-04-27T00:21:14.841+0000] {processor.py:840} INFO - DAG(s) 'example_kubernetes_executor' retrieved from /home/airflow/.local/lib/python3.12/site-packages/airflow/example_dags/example_kubernetes_executor.py
[2024-04-27T00:21:14.877+0000] {logging_mixin.py:188} INFO - [2024-04-27T00:21:14.877+0000] {dag.py:3096} INFO - Sync 1 DAGs
[2024-04-27T00:21:14.887+0000] {logging_mixin.py:188} INFO - [2024-04-27T00:21:14.887+0000] {dag.py:3954} INFO - Setting next_dagrun for example_kubernetes_executor to None, run_after=None
[2024-04-27T00:21:14.906+0000] {processor.py:183} INFO - Processing /home/airflow/.local/lib/python3.12/site-packages/airflow/example_dags/example_kubernetes_executor.py took 0.090 seconds
[2024-04-27T00:21:45.104+0000] {processor.py:161} INFO - Started process (PID=13122) to work on /home/airflow/.local/lib/python3.12/site-packages/airflow/example_dags/example_kubernetes_executor.py
[2024-04-27T00:21:45.105+0000] {processor.py:830} INFO - Processing file /home/airflow/.local/lib/python3.12/site-packages/airflow/example_dags/example_kubernetes_executor.py for tasks to queue
[2024-04-27T00:21:45.106+0000] {logging_mixin.py:188} INFO - [2024-04-27T00:21:45.106+0000] {dagbag.py:540} INFO - Filling up the DagBag from /home/airflow/.local/lib/python3.12/site-packages/airflow/example_dags/example_kubernetes_executor.py
[2024-04-27T00:21:45.121+0000] {processor.py:840} INFO - DAG(s) 'example_kubernetes_executor' retrieved from /home/airflow/.local/lib/python3.12/site-packages/airflow/example_dags/example_kubernetes_executor.py
[2024-04-27T00:21:45.165+0000] {logging_mixin.py:188} INFO - [2024-04-27T00:21:45.165+0000] {dag.py:3096} INFO - Sync 1 DAGs
[2024-04-27T00:21:45.180+0000] {logging_mixin.py:188} INFO - [2024-04-27T00:21:45.180+0000] {dag.py:3954} INFO - Setting next_dagrun for example_kubernetes_executor to None, run_after=None
[2024-04-27T00:21:45.198+0000] {processor.py:183} INFO - Processing /home/airflow/.local/lib/python3.12/site-packages/airflow/example_dags/example_kubernetes_executor.py took 0.099 seconds
[2024-04-27T00:22:15.727+0000] {processor.py:161} INFO - Started process (PID=13182) to work on /home/airflow/.local/lib/python3.12/site-packages/airflow/example_dags/example_kubernetes_executor.py
[2024-04-27T00:22:15.729+0000] {processor.py:830} INFO - Processing file /home/airflow/.local/lib/python3.12/site-packages/airflow/example_dags/example_kubernetes_executor.py for tasks to queue
[2024-04-27T00:22:15.733+0000] {logging_mixin.py:188} INFO - [2024-04-27T00:22:15.733+0000] {dagbag.py:540} INFO - Filling up the DagBag from /home/airflow/.local/lib/python3.12/site-packages/airflow/example_dags/example_kubernetes_executor.py
[2024-04-27T00:22:15.747+0000] {processor.py:840} INFO - DAG(s) 'example_kubernetes_executor' retrieved from /home/airflow/.local/lib/python3.12/site-packages/airflow/example_dags/example_kubernetes_executor.py
[2024-04-27T00:22:15.797+0000] {logging_mixin.py:188} INFO - [2024-04-27T00:22:15.797+0000] {dag.py:3096} INFO - Sync 1 DAGs
[2024-04-27T00:22:15.810+0000] {logging_mixin.py:188} INFO - [2024-04-27T00:22:15.809+0000] {dag.py:3954} INFO - Setting next_dagrun for example_kubernetes_executor to None, run_after=None
[2024-04-27T00:22:15.836+0000] {processor.py:183} INFO - Processing /home/airflow/.local/lib/python3.12/site-packages/airflow/example_dags/example_kubernetes_executor.py took 0.116 seconds
[2024-04-27T00:22:46.331+0000] {processor.py:161} INFO - Started process (PID=13242) to work on /home/airflow/.local/lib/python3.12/site-packages/airflow/example_dags/example_kubernetes_executor.py
[2024-04-27T00:22:46.332+0000] {processor.py:830} INFO - Processing file /home/airflow/.local/lib/python3.12/site-packages/airflow/example_dags/example_kubernetes_executor.py for tasks to queue
[2024-04-27T00:22:46.334+0000] {logging_mixin.py:188} INFO - [2024-04-27T00:22:46.334+0000] {dagbag.py:540} INFO - Filling up the DagBag from /home/airflow/.local/lib/python3.12/site-packages/airflow/example_dags/example_kubernetes_executor.py
[2024-04-27T00:22:46.346+0000] {processor.py:840} INFO - DAG(s) 'example_kubernetes_executor' retrieved from /home/airflow/.local/lib/python3.12/site-packages/airflow/example_dags/example_kubernetes_executor.py
[2024-04-27T00:22:46.382+0000] {logging_mixin.py:188} INFO - [2024-04-27T00:22:46.382+0000] {dag.py:3096} INFO - Sync 1 DAGs
[2024-04-27T00:22:46.393+0000] {logging_mixin.py:188} INFO - [2024-04-27T00:22:46.392+0000] {dag.py:3954} INFO - Setting next_dagrun for example_kubernetes_executor to None, run_after=None
[2024-04-27T00:22:46.412+0000] {processor.py:183} INFO - Processing /home/airflow/.local/lib/python3.12/site-packages/airflow/example_dags/example_kubernetes_executor.py took 0.086 seconds
[2024-04-27T00:23:16.768+0000] {processor.py:161} INFO - Started process (PID=13302) to work on /home/airflow/.local/lib/python3.12/site-packages/airflow/example_dags/example_kubernetes_executor.py
[2024-04-27T00:23:16.769+0000] {processor.py:830} INFO - Processing file /home/airflow/.local/lib/python3.12/site-packages/airflow/example_dags/example_kubernetes_executor.py for tasks to queue
[2024-04-27T00:23:16.770+0000] {logging_mixin.py:188} INFO - [2024-04-27T00:23:16.770+0000] {dagbag.py:540} INFO - Filling up the DagBag from /home/airflow/.local/lib/python3.12/site-packages/airflow/example_dags/example_kubernetes_executor.py
[2024-04-27T00:23:16.780+0000] {processor.py:840} INFO - DAG(s) 'example_kubernetes_executor' retrieved from /home/airflow/.local/lib/python3.12/site-packages/airflow/example_dags/example_kubernetes_executor.py
[2024-04-27T00:23:16.819+0000] {logging_mixin.py:188} INFO - [2024-04-27T00:23:16.819+0000] {dag.py:3096} INFO - Sync 1 DAGs
[2024-04-27T00:23:16.832+0000] {logging_mixin.py:188} INFO - [2024-04-27T00:23:16.831+0000] {dag.py:3954} INFO - Setting next_dagrun for example_kubernetes_executor to None, run_after=None
[2024-04-27T00:23:16.851+0000] {processor.py:183} INFO - Processing /home/airflow/.local/lib/python3.12/site-packages/airflow/example_dags/example_kubernetes_executor.py took 0.089 seconds
[2024-04-27T00:23:47.517+0000] {processor.py:161} INFO - Started process (PID=13362) to work on /home/airflow/.local/lib/python3.12/site-packages/airflow/example_dags/example_kubernetes_executor.py
[2024-04-27T00:23:47.518+0000] {processor.py:830} INFO - Processing file /home/airflow/.local/lib/python3.12/site-packages/airflow/example_dags/example_kubernetes_executor.py for tasks to queue
[2024-04-27T00:23:47.519+0000] {logging_mixin.py:188} INFO - [2024-04-27T00:23:47.519+0000] {dagbag.py:540} INFO - Filling up the DagBag from /home/airflow/.local/lib/python3.12/site-packages/airflow/example_dags/example_kubernetes_executor.py
[2024-04-27T00:23:47.537+0000] {processor.py:840} INFO - DAG(s) 'example_kubernetes_executor' retrieved from /home/airflow/.local/lib/python3.12/site-packages/airflow/example_dags/example_kubernetes_executor.py
[2024-04-27T00:23:47.585+0000] {logging_mixin.py:188} INFO - [2024-04-27T00:23:47.585+0000] {dag.py:3096} INFO - Sync 1 DAGs
[2024-04-27T00:23:47.600+0000] {logging_mixin.py:188} INFO - [2024-04-27T00:23:47.600+0000] {dag.py:3954} INFO - Setting next_dagrun for example_kubernetes_executor to None, run_after=None
[2024-04-27T00:23:47.624+0000] {processor.py:183} INFO - Processing /home/airflow/.local/lib/python3.12/site-packages/airflow/example_dags/example_kubernetes_executor.py took 0.117 seconds
[2024-04-27T00:24:18.054+0000] {processor.py:161} INFO - Started process (PID=13423) to work on /home/airflow/.local/lib/python3.12/site-packages/airflow/example_dags/example_kubernetes_executor.py
[2024-04-27T00:24:18.056+0000] {processor.py:830} INFO - Processing file /home/airflow/.local/lib/python3.12/site-packages/airflow/example_dags/example_kubernetes_executor.py for tasks to queue
[2024-04-27T00:24:18.058+0000] {logging_mixin.py:188} INFO - [2024-04-27T00:24:18.058+0000] {dagbag.py:540} INFO - Filling up the DagBag from /home/airflow/.local/lib/python3.12/site-packages/airflow/example_dags/example_kubernetes_executor.py
[2024-04-27T00:24:18.072+0000] {processor.py:840} INFO - DAG(s) 'example_kubernetes_executor' retrieved from /home/airflow/.local/lib/python3.12/site-packages/airflow/example_dags/example_kubernetes_executor.py
[2024-04-27T00:24:18.119+0000] {logging_mixin.py:188} INFO - [2024-04-27T00:24:18.118+0000] {dag.py:3096} INFO - Sync 1 DAGs
[2024-04-27T00:24:18.134+0000] {logging_mixin.py:188} INFO - [2024-04-27T00:24:18.133+0000] {dag.py:3954} INFO - Setting next_dagrun for example_kubernetes_executor to None, run_after=None
[2024-04-27T00:24:18.182+0000] {processor.py:183} INFO - Processing /home/airflow/.local/lib/python3.12/site-packages/airflow/example_dags/example_kubernetes_executor.py took 0.138 seconds
[2024-04-27T00:24:48.481+0000] {processor.py:161} INFO - Started process (PID=13483) to work on /home/airflow/.local/lib/python3.12/site-packages/airflow/example_dags/example_kubernetes_executor.py
[2024-04-27T00:24:48.483+0000] {processor.py:830} INFO - Processing file /home/airflow/.local/lib/python3.12/site-packages/airflow/example_dags/example_kubernetes_executor.py for tasks to queue
[2024-04-27T00:24:48.484+0000] {logging_mixin.py:188} INFO - [2024-04-27T00:24:48.484+0000] {dagbag.py:540} INFO - Filling up the DagBag from /home/airflow/.local/lib/python3.12/site-packages/airflow/example_dags/example_kubernetes_executor.py
[2024-04-27T00:24:48.494+0000] {processor.py:840} INFO - DAG(s) 'example_kubernetes_executor' retrieved from /home/airflow/.local/lib/python3.12/site-packages/airflow/example_dags/example_kubernetes_executor.py
[2024-04-27T00:24:48.526+0000] {logging_mixin.py:188} INFO - [2024-04-27T00:24:48.526+0000] {dag.py:3096} INFO - Sync 1 DAGs
[2024-04-27T00:24:48.537+0000] {logging_mixin.py:188} INFO - [2024-04-27T00:24:48.536+0000] {dag.py:3954} INFO - Setting next_dagrun for example_kubernetes_executor to None, run_after=None
[2024-04-27T00:24:48.554+0000] {processor.py:183} INFO - Processing /home/airflow/.local/lib/python3.12/site-packages/airflow/example_dags/example_kubernetes_executor.py took 0.077 seconds
[2024-04-27T00:25:19.095+0000] {processor.py:161} INFO - Started process (PID=13543) to work on /home/airflow/.local/lib/python3.12/site-packages/airflow/example_dags/example_kubernetes_executor.py
[2024-04-27T00:25:19.096+0000] {processor.py:830} INFO - Processing file /home/airflow/.local/lib/python3.12/site-packages/airflow/example_dags/example_kubernetes_executor.py for tasks to queue
[2024-04-27T00:25:19.097+0000] {logging_mixin.py:188} INFO - [2024-04-27T00:25:19.097+0000] {dagbag.py:540} INFO - Filling up the DagBag from /home/airflow/.local/lib/python3.12/site-packages/airflow/example_dags/example_kubernetes_executor.py
[2024-04-27T00:25:19.108+0000] {processor.py:840} INFO - DAG(s) 'example_kubernetes_executor' retrieved from /home/airflow/.local/lib/python3.12/site-packages/airflow/example_dags/example_kubernetes_executor.py
[2024-04-27T00:25:19.152+0000] {logging_mixin.py:188} INFO - [2024-04-27T00:25:19.152+0000] {dag.py:3096} INFO - Sync 1 DAGs
[2024-04-27T00:25:19.169+0000] {logging_mixin.py:188} INFO - [2024-04-27T00:25:19.169+0000] {dag.py:3954} INFO - Setting next_dagrun for example_kubernetes_executor to None, run_after=None
[2024-04-27T00:25:19.188+0000] {processor.py:183} INFO - Processing /home/airflow/.local/lib/python3.12/site-packages/airflow/example_dags/example_kubernetes_executor.py took 0.098 seconds
