[2024-04-27T00:00:06.558+0000] {processor.py:161} INFO - Started process (PID=10565) to work on /home/airflow/.local/lib/python3.12/site-packages/airflow/example_dags/tutorial.py
[2024-04-27T00:00:06.559+0000] {processor.py:830} INFO - Processing file /home/airflow/.local/lib/python3.12/site-packages/airflow/example_dags/tutorial.py for tasks to queue
[2024-04-27T00:00:06.561+0000] {logging_mixin.py:188} INFO - [2024-04-27T00:00:06.561+0000] {dagbag.py:540} INFO - Filling up the DagBag from /home/airflow/.local/lib/python3.12/site-packages/airflow/example_dags/tutorial.py
[2024-04-27T00:00:06.567+0000] {processor.py:840} INFO - DAG(s) 'tutorial' retrieved from /home/airflow/.local/lib/python3.12/site-packages/airflow/example_dags/tutorial.py
[2024-04-27T00:00:06.586+0000] {logging_mixin.py:188} INFO - [2024-04-27T00:00:06.586+0000] {dag.py:3096} INFO - Sync 1 DAGs
[2024-04-27T00:00:06.606+0000] {logging_mixin.py:188} INFO - [2024-04-27T00:00:06.606+0000] {dag.py:3954} INFO - Setting next_dagrun for tutorial to 2024-04-26 00:00:00+00:00, run_after=2024-04-27 00:00:00+00:00
[2024-04-27T00:00:06.628+0000] {processor.py:183} INFO - Processing /home/airflow/.local/lib/python3.12/site-packages/airflow/example_dags/tutorial.py took 0.075 seconds
[2024-04-27T00:00:36.858+0000] {processor.py:161} INFO - Started process (PID=10626) to work on /home/airflow/.local/lib/python3.12/site-packages/airflow/example_dags/tutorial.py
[2024-04-27T00:00:36.860+0000] {processor.py:830} INFO - Processing file /home/airflow/.local/lib/python3.12/site-packages/airflow/example_dags/tutorial.py for tasks to queue
[2024-04-27T00:00:36.862+0000] {logging_mixin.py:188} INFO - [2024-04-27T00:00:36.862+0000] {dagbag.py:540} INFO - Filling up the DagBag from /home/airflow/.local/lib/python3.12/site-packages/airflow/example_dags/tutorial.py
[2024-04-27T00:00:36.868+0000] {processor.py:840} INFO - DAG(s) 'tutorial' retrieved from /home/airflow/.local/lib/python3.12/site-packages/airflow/example_dags/tutorial.py
[2024-04-27T00:00:36.896+0000] {logging_mixin.py:188} INFO - [2024-04-27T00:00:36.896+0000] {dag.py:3096} INFO - Sync 1 DAGs
[2024-04-27T00:00:36.915+0000] {logging_mixin.py:188} INFO - [2024-04-27T00:00:36.915+0000] {dag.py:3954} INFO - Setting next_dagrun for tutorial to 2024-04-26 00:00:00+00:00, run_after=2024-04-27 00:00:00+00:00
[2024-04-27T00:00:36.938+0000] {processor.py:183} INFO - Processing /home/airflow/.local/lib/python3.12/site-packages/airflow/example_dags/tutorial.py took 0.084 seconds
[2024-04-27T00:01:07.150+0000] {processor.py:161} INFO - Started process (PID=10687) to work on /home/airflow/.local/lib/python3.12/site-packages/airflow/example_dags/tutorial.py
[2024-04-27T00:01:07.151+0000] {processor.py:830} INFO - Processing file /home/airflow/.local/lib/python3.12/site-packages/airflow/example_dags/tutorial.py for tasks to queue
[2024-04-27T00:01:07.153+0000] {logging_mixin.py:188} INFO - [2024-04-27T00:01:07.152+0000] {dagbag.py:540} INFO - Filling up the DagBag from /home/airflow/.local/lib/python3.12/site-packages/airflow/example_dags/tutorial.py
[2024-04-27T00:01:07.163+0000] {processor.py:840} INFO - DAG(s) 'tutorial' retrieved from /home/airflow/.local/lib/python3.12/site-packages/airflow/example_dags/tutorial.py
[2024-04-27T00:01:07.185+0000] {logging_mixin.py:188} INFO - [2024-04-27T00:01:07.184+0000] {dag.py:3096} INFO - Sync 1 DAGs
[2024-04-27T00:01:07.206+0000] {logging_mixin.py:188} INFO - [2024-04-27T00:01:07.206+0000] {dag.py:3954} INFO - Setting next_dagrun for tutorial to 2024-04-26 00:00:00+00:00, run_after=2024-04-27 00:00:00+00:00
[2024-04-27T00:01:07.224+0000] {processor.py:183} INFO - Processing /home/airflow/.local/lib/python3.12/site-packages/airflow/example_dags/tutorial.py took 0.079 seconds
[2024-04-27T00:01:37.698+0000] {processor.py:161} INFO - Started process (PID=10748) to work on /home/airflow/.local/lib/python3.12/site-packages/airflow/example_dags/tutorial.py
[2024-04-27T00:01:37.699+0000] {processor.py:830} INFO - Processing file /home/airflow/.local/lib/python3.12/site-packages/airflow/example_dags/tutorial.py for tasks to queue
[2024-04-27T00:01:37.702+0000] {logging_mixin.py:188} INFO - [2024-04-27T00:01:37.701+0000] {dagbag.py:540} INFO - Filling up the DagBag from /home/airflow/.local/lib/python3.12/site-packages/airflow/example_dags/tutorial.py
[2024-04-27T00:01:37.707+0000] {processor.py:840} INFO - DAG(s) 'tutorial' retrieved from /home/airflow/.local/lib/python3.12/site-packages/airflow/example_dags/tutorial.py
[2024-04-27T00:01:37.727+0000] {logging_mixin.py:188} INFO - [2024-04-27T00:01:37.727+0000] {dag.py:3096} INFO - Sync 1 DAGs
[2024-04-27T00:01:37.748+0000] {logging_mixin.py:188} INFO - [2024-04-27T00:01:37.748+0000] {dag.py:3954} INFO - Setting next_dagrun for tutorial to 2024-04-26 00:00:00+00:00, run_after=2024-04-27 00:00:00+00:00
[2024-04-27T00:01:37.888+0000] {processor.py:183} INFO - Processing /home/airflow/.local/lib/python3.12/site-packages/airflow/example_dags/tutorial.py took 0.195 seconds
[2024-04-27T00:02:07.939+0000] {processor.py:161} INFO - Started process (PID=10809) to work on /home/airflow/.local/lib/python3.12/site-packages/airflow/example_dags/tutorial.py
[2024-04-27T00:02:07.940+0000] {processor.py:830} INFO - Processing file /home/airflow/.local/lib/python3.12/site-packages/airflow/example_dags/tutorial.py for tasks to queue
[2024-04-27T00:02:07.942+0000] {logging_mixin.py:188} INFO - [2024-04-27T00:02:07.942+0000] {dagbag.py:540} INFO - Filling up the DagBag from /home/airflow/.local/lib/python3.12/site-packages/airflow/example_dags/tutorial.py
[2024-04-27T00:02:07.950+0000] {processor.py:840} INFO - DAG(s) 'tutorial' retrieved from /home/airflow/.local/lib/python3.12/site-packages/airflow/example_dags/tutorial.py
[2024-04-27T00:02:07.972+0000] {logging_mixin.py:188} INFO - [2024-04-27T00:02:07.972+0000] {dag.py:3096} INFO - Sync 1 DAGs
[2024-04-27T00:02:07.998+0000] {logging_mixin.py:188} INFO - [2024-04-27T00:02:07.998+0000] {dag.py:3954} INFO - Setting next_dagrun for tutorial to 2024-04-26 00:00:00+00:00, run_after=2024-04-27 00:00:00+00:00
[2024-04-27T00:02:08.027+0000] {processor.py:183} INFO - Processing /home/airflow/.local/lib/python3.12/site-packages/airflow/example_dags/tutorial.py took 0.094 seconds
[2024-04-27T00:02:38.748+0000] {processor.py:161} INFO - Started process (PID=10870) to work on /home/airflow/.local/lib/python3.12/site-packages/airflow/example_dags/tutorial.py
[2024-04-27T00:02:38.750+0000] {processor.py:830} INFO - Processing file /home/airflow/.local/lib/python3.12/site-packages/airflow/example_dags/tutorial.py for tasks to queue
[2024-04-27T00:02:38.751+0000] {logging_mixin.py:188} INFO - [2024-04-27T00:02:38.751+0000] {dagbag.py:540} INFO - Filling up the DagBag from /home/airflow/.local/lib/python3.12/site-packages/airflow/example_dags/tutorial.py
[2024-04-27T00:02:38.757+0000] {processor.py:840} INFO - DAG(s) 'tutorial' retrieved from /home/airflow/.local/lib/python3.12/site-packages/airflow/example_dags/tutorial.py
[2024-04-27T00:02:38.776+0000] {logging_mixin.py:188} INFO - [2024-04-27T00:02:38.776+0000] {dag.py:3096} INFO - Sync 1 DAGs
[2024-04-27T00:02:38.797+0000] {logging_mixin.py:188} INFO - [2024-04-27T00:02:38.796+0000] {dag.py:3954} INFO - Setting next_dagrun for tutorial to 2024-04-26 00:00:00+00:00, run_after=2024-04-27 00:00:00+00:00
[2024-04-27T00:02:38.819+0000] {processor.py:183} INFO - Processing /home/airflow/.local/lib/python3.12/site-packages/airflow/example_dags/tutorial.py took 0.075 seconds
[2024-04-27T00:03:09.351+0000] {processor.py:161} INFO - Started process (PID=10931) to work on /home/airflow/.local/lib/python3.12/site-packages/airflow/example_dags/tutorial.py
[2024-04-27T00:03:09.353+0000] {processor.py:830} INFO - Processing file /home/airflow/.local/lib/python3.12/site-packages/airflow/example_dags/tutorial.py for tasks to queue
[2024-04-27T00:03:09.355+0000] {logging_mixin.py:188} INFO - [2024-04-27T00:03:09.355+0000] {dagbag.py:540} INFO - Filling up the DagBag from /home/airflow/.local/lib/python3.12/site-packages/airflow/example_dags/tutorial.py
[2024-04-27T00:03:09.361+0000] {processor.py:840} INFO - DAG(s) 'tutorial' retrieved from /home/airflow/.local/lib/python3.12/site-packages/airflow/example_dags/tutorial.py
[2024-04-27T00:03:09.380+0000] {logging_mixin.py:188} INFO - [2024-04-27T00:03:09.380+0000] {dag.py:3096} INFO - Sync 1 DAGs
[2024-04-27T00:03:09.401+0000] {logging_mixin.py:188} INFO - [2024-04-27T00:03:09.401+0000] {dag.py:3954} INFO - Setting next_dagrun for tutorial to 2024-04-26 00:00:00+00:00, run_after=2024-04-27 00:00:00+00:00
[2024-04-27T00:03:09.424+0000] {processor.py:183} INFO - Processing /home/airflow/.local/lib/python3.12/site-packages/airflow/example_dags/tutorial.py took 0.077 seconds
[2024-04-27T00:03:40.244+0000] {processor.py:161} INFO - Started process (PID=10992) to work on /home/airflow/.local/lib/python3.12/site-packages/airflow/example_dags/tutorial.py
[2024-04-27T00:03:40.245+0000] {processor.py:830} INFO - Processing file /home/airflow/.local/lib/python3.12/site-packages/airflow/example_dags/tutorial.py for tasks to queue
[2024-04-27T00:03:40.247+0000] {logging_mixin.py:188} INFO - [2024-04-27T00:03:40.247+0000] {dagbag.py:540} INFO - Filling up the DagBag from /home/airflow/.local/lib/python3.12/site-packages/airflow/example_dags/tutorial.py
[2024-04-27T00:03:40.254+0000] {processor.py:840} INFO - DAG(s) 'tutorial' retrieved from /home/airflow/.local/lib/python3.12/site-packages/airflow/example_dags/tutorial.py
[2024-04-27T00:03:40.272+0000] {logging_mixin.py:188} INFO - [2024-04-27T00:03:40.271+0000] {dag.py:3096} INFO - Sync 1 DAGs
[2024-04-27T00:03:40.293+0000] {logging_mixin.py:188} INFO - [2024-04-27T00:03:40.293+0000] {dag.py:3954} INFO - Setting next_dagrun for tutorial to 2024-04-26 00:00:00+00:00, run_after=2024-04-27 00:00:00+00:00
[2024-04-27T00:03:40.316+0000] {processor.py:183} INFO - Processing /home/airflow/.local/lib/python3.12/site-packages/airflow/example_dags/tutorial.py took 0.077 seconds
[2024-04-27T00:04:11.193+0000] {processor.py:161} INFO - Started process (PID=11052) to work on /home/airflow/.local/lib/python3.12/site-packages/airflow/example_dags/tutorial.py
[2024-04-27T00:04:11.194+0000] {processor.py:830} INFO - Processing file /home/airflow/.local/lib/python3.12/site-packages/airflow/example_dags/tutorial.py for tasks to queue
[2024-04-27T00:04:11.196+0000] {logging_mixin.py:188} INFO - [2024-04-27T00:04:11.195+0000] {dagbag.py:540} INFO - Filling up the DagBag from /home/airflow/.local/lib/python3.12/site-packages/airflow/example_dags/tutorial.py
[2024-04-27T00:04:11.202+0000] {processor.py:840} INFO - DAG(s) 'tutorial' retrieved from /home/airflow/.local/lib/python3.12/site-packages/airflow/example_dags/tutorial.py
[2024-04-27T00:04:11.219+0000] {logging_mixin.py:188} INFO - [2024-04-27T00:04:11.219+0000] {dag.py:3096} INFO - Sync 1 DAGs
[2024-04-27T00:04:11.389+0000] {logging_mixin.py:188} INFO - [2024-04-27T00:04:11.389+0000] {dag.py:3954} INFO - Setting next_dagrun for tutorial to 2024-04-26 00:00:00+00:00, run_after=2024-04-27 00:00:00+00:00
[2024-04-27T00:04:11.406+0000] {processor.py:183} INFO - Processing /home/airflow/.local/lib/python3.12/site-packages/airflow/example_dags/tutorial.py took 0.219 seconds
[2024-04-27T00:04:41.503+0000] {processor.py:161} INFO - Started process (PID=11112) to work on /home/airflow/.local/lib/python3.12/site-packages/airflow/example_dags/tutorial.py
[2024-04-27T00:04:41.504+0000] {processor.py:830} INFO - Processing file /home/airflow/.local/lib/python3.12/site-packages/airflow/example_dags/tutorial.py for tasks to queue
[2024-04-27T00:04:41.506+0000] {logging_mixin.py:188} INFO - [2024-04-27T00:04:41.506+0000] {dagbag.py:540} INFO - Filling up the DagBag from /home/airflow/.local/lib/python3.12/site-packages/airflow/example_dags/tutorial.py
[2024-04-27T00:04:41.512+0000] {processor.py:840} INFO - DAG(s) 'tutorial' retrieved from /home/airflow/.local/lib/python3.12/site-packages/airflow/example_dags/tutorial.py
[2024-04-27T00:04:41.530+0000] {logging_mixin.py:188} INFO - [2024-04-27T00:04:41.530+0000] {dag.py:3096} INFO - Sync 1 DAGs
[2024-04-27T00:04:41.549+0000] {logging_mixin.py:188} INFO - [2024-04-27T00:04:41.549+0000] {dag.py:3954} INFO - Setting next_dagrun for tutorial to 2024-04-26 00:00:00+00:00, run_after=2024-04-27 00:00:00+00:00
[2024-04-27T00:04:41.568+0000] {processor.py:183} INFO - Processing /home/airflow/.local/lib/python3.12/site-packages/airflow/example_dags/tutorial.py took 0.071 seconds
[2024-04-27T00:05:11.930+0000] {processor.py:161} INFO - Started process (PID=11172) to work on /home/airflow/.local/lib/python3.12/site-packages/airflow/example_dags/tutorial.py
[2024-04-27T00:05:11.931+0000] {processor.py:830} INFO - Processing file /home/airflow/.local/lib/python3.12/site-packages/airflow/example_dags/tutorial.py for tasks to queue
[2024-04-27T00:05:11.932+0000] {logging_mixin.py:188} INFO - [2024-04-27T00:05:11.931+0000] {dagbag.py:540} INFO - Filling up the DagBag from /home/airflow/.local/lib/python3.12/site-packages/airflow/example_dags/tutorial.py
[2024-04-27T00:05:11.938+0000] {processor.py:840} INFO - DAG(s) 'tutorial' retrieved from /home/airflow/.local/lib/python3.12/site-packages/airflow/example_dags/tutorial.py
[2024-04-27T00:05:11.954+0000] {logging_mixin.py:188} INFO - [2024-04-27T00:05:11.954+0000] {dag.py:3096} INFO - Sync 1 DAGs
[2024-04-27T00:05:11.973+0000] {logging_mixin.py:188} INFO - [2024-04-27T00:05:11.973+0000] {dag.py:3954} INFO - Setting next_dagrun for tutorial to 2024-04-26 00:00:00+00:00, run_after=2024-04-27 00:00:00+00:00
[2024-04-27T00:05:11.991+0000] {processor.py:183} INFO - Processing /home/airflow/.local/lib/python3.12/site-packages/airflow/example_dags/tutorial.py took 0.066 seconds
[2024-04-27T00:05:42.382+0000] {processor.py:161} INFO - Started process (PID=11232) to work on /home/airflow/.local/lib/python3.12/site-packages/airflow/example_dags/tutorial.py
[2024-04-27T00:05:42.383+0000] {processor.py:830} INFO - Processing file /home/airflow/.local/lib/python3.12/site-packages/airflow/example_dags/tutorial.py for tasks to queue
[2024-04-27T00:05:42.384+0000] {logging_mixin.py:188} INFO - [2024-04-27T00:05:42.384+0000] {dagbag.py:540} INFO - Filling up the DagBag from /home/airflow/.local/lib/python3.12/site-packages/airflow/example_dags/tutorial.py
[2024-04-27T00:05:42.390+0000] {processor.py:840} INFO - DAG(s) 'tutorial' retrieved from /home/airflow/.local/lib/python3.12/site-packages/airflow/example_dags/tutorial.py
[2024-04-27T00:05:42.413+0000] {logging_mixin.py:188} INFO - [2024-04-27T00:05:42.412+0000] {dag.py:3096} INFO - Sync 1 DAGs
[2024-04-27T00:05:42.442+0000] {logging_mixin.py:188} INFO - [2024-04-27T00:05:42.442+0000] {dag.py:3954} INFO - Setting next_dagrun for tutorial to 2024-04-26 00:00:00+00:00, run_after=2024-04-27 00:00:00+00:00
[2024-04-27T00:05:42.461+0000] {processor.py:183} INFO - Processing /home/airflow/.local/lib/python3.12/site-packages/airflow/example_dags/tutorial.py took 0.085 seconds
[2024-04-27T00:06:13.330+0000] {processor.py:161} INFO - Started process (PID=11292) to work on /home/airflow/.local/lib/python3.12/site-packages/airflow/example_dags/tutorial.py
[2024-04-27T00:06:13.331+0000] {processor.py:830} INFO - Processing file /home/airflow/.local/lib/python3.12/site-packages/airflow/example_dags/tutorial.py for tasks to queue
[2024-04-27T00:06:13.332+0000] {logging_mixin.py:188} INFO - [2024-04-27T00:06:13.332+0000] {dagbag.py:540} INFO - Filling up the DagBag from /home/airflow/.local/lib/python3.12/site-packages/airflow/example_dags/tutorial.py
[2024-04-27T00:06:13.338+0000] {processor.py:840} INFO - DAG(s) 'tutorial' retrieved from /home/airflow/.local/lib/python3.12/site-packages/airflow/example_dags/tutorial.py
[2024-04-27T00:06:13.357+0000] {logging_mixin.py:188} INFO - [2024-04-27T00:06:13.357+0000] {dag.py:3096} INFO - Sync 1 DAGs
[2024-04-27T00:06:13.375+0000] {logging_mixin.py:188} INFO - [2024-04-27T00:06:13.375+0000] {dag.py:3954} INFO - Setting next_dagrun for tutorial to 2024-04-26 00:00:00+00:00, run_after=2024-04-27 00:00:00+00:00
[2024-04-27T00:06:13.392+0000] {processor.py:183} INFO - Processing /home/airflow/.local/lib/python3.12/site-packages/airflow/example_dags/tutorial.py took 0.066 seconds
[2024-04-27T00:06:43.885+0000] {processor.py:161} INFO - Started process (PID=11352) to work on /home/airflow/.local/lib/python3.12/site-packages/airflow/example_dags/tutorial.py
[2024-04-27T00:06:43.886+0000] {processor.py:830} INFO - Processing file /home/airflow/.local/lib/python3.12/site-packages/airflow/example_dags/tutorial.py for tasks to queue
[2024-04-27T00:06:43.887+0000] {logging_mixin.py:188} INFO - [2024-04-27T00:06:43.886+0000] {dagbag.py:540} INFO - Filling up the DagBag from /home/airflow/.local/lib/python3.12/site-packages/airflow/example_dags/tutorial.py
[2024-04-27T00:06:43.892+0000] {processor.py:840} INFO - DAG(s) 'tutorial' retrieved from /home/airflow/.local/lib/python3.12/site-packages/airflow/example_dags/tutorial.py
[2024-04-27T00:06:43.908+0000] {logging_mixin.py:188} INFO - [2024-04-27T00:06:43.908+0000] {dag.py:3096} INFO - Sync 1 DAGs
[2024-04-27T00:06:43.926+0000] {logging_mixin.py:188} INFO - [2024-04-27T00:06:43.926+0000] {dag.py:3954} INFO - Setting next_dagrun for tutorial to 2024-04-26 00:00:00+00:00, run_after=2024-04-27 00:00:00+00:00
[2024-04-27T00:06:43.947+0000] {processor.py:183} INFO - Processing /home/airflow/.local/lib/python3.12/site-packages/airflow/example_dags/tutorial.py took 0.067 seconds
[2024-04-27T00:07:14.649+0000] {processor.py:161} INFO - Started process (PID=11412) to work on /home/airflow/.local/lib/python3.12/site-packages/airflow/example_dags/tutorial.py
[2024-04-27T00:07:14.650+0000] {processor.py:830} INFO - Processing file /home/airflow/.local/lib/python3.12/site-packages/airflow/example_dags/tutorial.py for tasks to queue
[2024-04-27T00:07:14.651+0000] {logging_mixin.py:188} INFO - [2024-04-27T00:07:14.650+0000] {dagbag.py:540} INFO - Filling up the DagBag from /home/airflow/.local/lib/python3.12/site-packages/airflow/example_dags/tutorial.py
[2024-04-27T00:07:14.657+0000] {processor.py:840} INFO - DAG(s) 'tutorial' retrieved from /home/airflow/.local/lib/python3.12/site-packages/airflow/example_dags/tutorial.py
[2024-04-27T00:07:14.675+0000] {logging_mixin.py:188} INFO - [2024-04-27T00:07:14.675+0000] {dag.py:3096} INFO - Sync 1 DAGs
[2024-04-27T00:07:14.694+0000] {logging_mixin.py:188} INFO - [2024-04-27T00:07:14.694+0000] {dag.py:3954} INFO - Setting next_dagrun for tutorial to 2024-04-26 00:00:00+00:00, run_after=2024-04-27 00:00:00+00:00
[2024-04-27T00:07:14.713+0000] {processor.py:183} INFO - Processing /home/airflow/.local/lib/python3.12/site-packages/airflow/example_dags/tutorial.py took 0.070 seconds
[2024-04-27T00:07:45.121+0000] {processor.py:161} INFO - Started process (PID=11472) to work on /home/airflow/.local/lib/python3.12/site-packages/airflow/example_dags/tutorial.py
[2024-04-27T00:07:45.122+0000] {processor.py:830} INFO - Processing file /home/airflow/.local/lib/python3.12/site-packages/airflow/example_dags/tutorial.py for tasks to queue
[2024-04-27T00:07:45.123+0000] {logging_mixin.py:188} INFO - [2024-04-27T00:07:45.123+0000] {dagbag.py:540} INFO - Filling up the DagBag from /home/airflow/.local/lib/python3.12/site-packages/airflow/example_dags/tutorial.py
[2024-04-27T00:07:45.129+0000] {processor.py:840} INFO - DAG(s) 'tutorial' retrieved from /home/airflow/.local/lib/python3.12/site-packages/airflow/example_dags/tutorial.py
[2024-04-27T00:07:45.145+0000] {logging_mixin.py:188} INFO - [2024-04-27T00:07:45.145+0000] {dag.py:3096} INFO - Sync 1 DAGs
[2024-04-27T00:07:45.174+0000] {logging_mixin.py:188} INFO - [2024-04-27T00:07:45.173+0000] {dag.py:3954} INFO - Setting next_dagrun for tutorial to 2024-04-26 00:00:00+00:00, run_after=2024-04-27 00:00:00+00:00
[2024-04-27T00:07:45.187+0000] {processor.py:183} INFO - Processing /home/airflow/.local/lib/python3.12/site-packages/airflow/example_dags/tutorial.py took 0.073 seconds
[2024-04-27T00:08:15.891+0000] {processor.py:161} INFO - Started process (PID=11532) to work on /home/airflow/.local/lib/python3.12/site-packages/airflow/example_dags/tutorial.py
[2024-04-27T00:08:15.892+0000] {processor.py:830} INFO - Processing file /home/airflow/.local/lib/python3.12/site-packages/airflow/example_dags/tutorial.py for tasks to queue
[2024-04-27T00:08:15.893+0000] {logging_mixin.py:188} INFO - [2024-04-27T00:08:15.893+0000] {dagbag.py:540} INFO - Filling up the DagBag from /home/airflow/.local/lib/python3.12/site-packages/airflow/example_dags/tutorial.py
[2024-04-27T00:08:15.899+0000] {processor.py:840} INFO - DAG(s) 'tutorial' retrieved from /home/airflow/.local/lib/python3.12/site-packages/airflow/example_dags/tutorial.py
[2024-04-27T00:08:15.914+0000] {logging_mixin.py:188} INFO - [2024-04-27T00:08:15.914+0000] {dag.py:3096} INFO - Sync 1 DAGs
[2024-04-27T00:08:15.931+0000] {logging_mixin.py:188} INFO - [2024-04-27T00:08:15.931+0000] {dag.py:3954} INFO - Setting next_dagrun for tutorial to 2024-04-26 00:00:00+00:00, run_after=2024-04-27 00:00:00+00:00
[2024-04-27T00:08:15.949+0000] {processor.py:183} INFO - Processing /home/airflow/.local/lib/python3.12/site-packages/airflow/example_dags/tutorial.py took 0.063 seconds
[2024-04-27T00:08:46.341+0000] {processor.py:161} INFO - Started process (PID=11592) to work on /home/airflow/.local/lib/python3.12/site-packages/airflow/example_dags/tutorial.py
[2024-04-27T00:08:46.342+0000] {processor.py:830} INFO - Processing file /home/airflow/.local/lib/python3.12/site-packages/airflow/example_dags/tutorial.py for tasks to queue
[2024-04-27T00:08:46.344+0000] {logging_mixin.py:188} INFO - [2024-04-27T00:08:46.343+0000] {dagbag.py:540} INFO - Filling up the DagBag from /home/airflow/.local/lib/python3.12/site-packages/airflow/example_dags/tutorial.py
[2024-04-27T00:08:46.352+0000] {processor.py:840} INFO - DAG(s) 'tutorial' retrieved from /home/airflow/.local/lib/python3.12/site-packages/airflow/example_dags/tutorial.py
[2024-04-27T00:08:46.370+0000] {logging_mixin.py:188} INFO - [2024-04-27T00:08:46.370+0000] {dag.py:3096} INFO - Sync 1 DAGs
[2024-04-27T00:08:46.388+0000] {logging_mixin.py:188} INFO - [2024-04-27T00:08:46.387+0000] {dag.py:3954} INFO - Setting next_dagrun for tutorial to 2024-04-26 00:00:00+00:00, run_after=2024-04-27 00:00:00+00:00
[2024-04-27T00:08:46.404+0000] {processor.py:183} INFO - Processing /home/airflow/.local/lib/python3.12/site-packages/airflow/example_dags/tutorial.py took 0.069 seconds
[2024-04-27T00:09:16.855+0000] {processor.py:161} INFO - Started process (PID=11652) to work on /home/airflow/.local/lib/python3.12/site-packages/airflow/example_dags/tutorial.py
[2024-04-27T00:09:16.856+0000] {processor.py:830} INFO - Processing file /home/airflow/.local/lib/python3.12/site-packages/airflow/example_dags/tutorial.py for tasks to queue
[2024-04-27T00:09:16.857+0000] {logging_mixin.py:188} INFO - [2024-04-27T00:09:16.857+0000] {dagbag.py:540} INFO - Filling up the DagBag from /home/airflow/.local/lib/python3.12/site-packages/airflow/example_dags/tutorial.py
[2024-04-27T00:09:16.865+0000] {processor.py:840} INFO - DAG(s) 'tutorial' retrieved from /home/airflow/.local/lib/python3.12/site-packages/airflow/example_dags/tutorial.py
[2024-04-27T00:09:16.889+0000] {logging_mixin.py:188} INFO - [2024-04-27T00:09:16.889+0000] {dag.py:3096} INFO - Sync 1 DAGs
[2024-04-27T00:09:16.912+0000] {logging_mixin.py:188} INFO - [2024-04-27T00:09:16.911+0000] {dag.py:3954} INFO - Setting next_dagrun for tutorial to 2024-04-26 00:00:00+00:00, run_after=2024-04-27 00:00:00+00:00
[2024-04-27T00:09:16.934+0000] {processor.py:183} INFO - Processing /home/airflow/.local/lib/python3.12/site-packages/airflow/example_dags/tutorial.py took 0.085 seconds
[2024-04-27T00:09:47.622+0000] {processor.py:161} INFO - Started process (PID=11712) to work on /home/airflow/.local/lib/python3.12/site-packages/airflow/example_dags/tutorial.py
[2024-04-27T00:09:47.623+0000] {processor.py:830} INFO - Processing file /home/airflow/.local/lib/python3.12/site-packages/airflow/example_dags/tutorial.py for tasks to queue
[2024-04-27T00:09:47.624+0000] {logging_mixin.py:188} INFO - [2024-04-27T00:09:47.624+0000] {dagbag.py:540} INFO - Filling up the DagBag from /home/airflow/.local/lib/python3.12/site-packages/airflow/example_dags/tutorial.py
[2024-04-27T00:09:47.634+0000] {processor.py:840} INFO - DAG(s) 'tutorial' retrieved from /home/airflow/.local/lib/python3.12/site-packages/airflow/example_dags/tutorial.py
[2024-04-27T00:09:47.651+0000] {logging_mixin.py:188} INFO - [2024-04-27T00:09:47.650+0000] {dag.py:3096} INFO - Sync 1 DAGs
[2024-04-27T00:09:47.671+0000] {logging_mixin.py:188} INFO - [2024-04-27T00:09:47.671+0000] {dag.py:3954} INFO - Setting next_dagrun for tutorial to 2024-04-26 00:00:00+00:00, run_after=2024-04-27 00:00:00+00:00
[2024-04-27T00:09:47.690+0000] {processor.py:183} INFO - Processing /home/airflow/.local/lib/python3.12/site-packages/airflow/example_dags/tutorial.py took 0.075 seconds
[2024-04-27T00:10:18.248+0000] {processor.py:161} INFO - Started process (PID=11772) to work on /home/airflow/.local/lib/python3.12/site-packages/airflow/example_dags/tutorial.py
[2024-04-27T00:10:18.249+0000] {processor.py:830} INFO - Processing file /home/airflow/.local/lib/python3.12/site-packages/airflow/example_dags/tutorial.py for tasks to queue
[2024-04-27T00:10:18.250+0000] {logging_mixin.py:188} INFO - [2024-04-27T00:10:18.249+0000] {dagbag.py:540} INFO - Filling up the DagBag from /home/airflow/.local/lib/python3.12/site-packages/airflow/example_dags/tutorial.py
[2024-04-27T00:10:18.256+0000] {processor.py:840} INFO - DAG(s) 'tutorial' retrieved from /home/airflow/.local/lib/python3.12/site-packages/airflow/example_dags/tutorial.py
[2024-04-27T00:10:18.274+0000] {logging_mixin.py:188} INFO - [2024-04-27T00:10:18.273+0000] {dag.py:3096} INFO - Sync 1 DAGs
[2024-04-27T00:10:18.291+0000] {logging_mixin.py:188} INFO - [2024-04-27T00:10:18.291+0000] {dag.py:3954} INFO - Setting next_dagrun for tutorial to 2024-04-26 00:00:00+00:00, run_after=2024-04-27 00:00:00+00:00
[2024-04-27T00:10:18.324+0000] {processor.py:183} INFO - Processing /home/airflow/.local/lib/python3.12/site-packages/airflow/example_dags/tutorial.py took 0.082 seconds
[2024-04-27T00:10:49.148+0000] {processor.py:161} INFO - Started process (PID=11832) to work on /home/airflow/.local/lib/python3.12/site-packages/airflow/example_dags/tutorial.py
[2024-04-27T00:10:49.157+0000] {processor.py:830} INFO - Processing file /home/airflow/.local/lib/python3.12/site-packages/airflow/example_dags/tutorial.py for tasks to queue
[2024-04-27T00:10:49.160+0000] {logging_mixin.py:188} INFO - [2024-04-27T00:10:49.160+0000] {dagbag.py:540} INFO - Filling up the DagBag from /home/airflow/.local/lib/python3.12/site-packages/airflow/example_dags/tutorial.py
[2024-04-27T00:10:49.167+0000] {processor.py:840} INFO - DAG(s) 'tutorial' retrieved from /home/airflow/.local/lib/python3.12/site-packages/airflow/example_dags/tutorial.py
[2024-04-27T00:10:49.186+0000] {logging_mixin.py:188} INFO - [2024-04-27T00:10:49.186+0000] {dag.py:3096} INFO - Sync 1 DAGs
[2024-04-27T00:10:49.203+0000] {logging_mixin.py:188} INFO - [2024-04-27T00:10:49.203+0000] {dag.py:3954} INFO - Setting next_dagrun for tutorial to 2024-04-26 00:00:00+00:00, run_after=2024-04-27 00:00:00+00:00
[2024-04-27T00:10:49.218+0000] {processor.py:183} INFO - Processing /home/airflow/.local/lib/python3.12/site-packages/airflow/example_dags/tutorial.py took 0.077 seconds
[2024-04-27T00:11:19.673+0000] {processor.py:161} INFO - Started process (PID=11892) to work on /home/airflow/.local/lib/python3.12/site-packages/airflow/example_dags/tutorial.py
[2024-04-27T00:11:19.674+0000] {processor.py:830} INFO - Processing file /home/airflow/.local/lib/python3.12/site-packages/airflow/example_dags/tutorial.py for tasks to queue
[2024-04-27T00:11:19.676+0000] {logging_mixin.py:188} INFO - [2024-04-27T00:11:19.675+0000] {dagbag.py:540} INFO - Filling up the DagBag from /home/airflow/.local/lib/python3.12/site-packages/airflow/example_dags/tutorial.py
[2024-04-27T00:11:19.682+0000] {processor.py:840} INFO - DAG(s) 'tutorial' retrieved from /home/airflow/.local/lib/python3.12/site-packages/airflow/example_dags/tutorial.py
[2024-04-27T00:11:19.703+0000] {logging_mixin.py:188} INFO - [2024-04-27T00:11:19.703+0000] {dag.py:3096} INFO - Sync 1 DAGs
[2024-04-27T00:11:19.723+0000] {logging_mixin.py:188} INFO - [2024-04-27T00:11:19.723+0000] {dag.py:3954} INFO - Setting next_dagrun for tutorial to 2024-04-26 00:00:00+00:00, run_after=2024-04-27 00:00:00+00:00
[2024-04-27T00:11:19.746+0000] {processor.py:183} INFO - Processing /home/airflow/.local/lib/python3.12/site-packages/airflow/example_dags/tutorial.py took 0.079 seconds
[2024-04-27T00:11:50.478+0000] {processor.py:161} INFO - Started process (PID=11953) to work on /home/airflow/.local/lib/python3.12/site-packages/airflow/example_dags/tutorial.py
[2024-04-27T00:11:50.479+0000] {processor.py:830} INFO - Processing file /home/airflow/.local/lib/python3.12/site-packages/airflow/example_dags/tutorial.py for tasks to queue
[2024-04-27T00:11:50.480+0000] {logging_mixin.py:188} INFO - [2024-04-27T00:11:50.479+0000] {dagbag.py:540} INFO - Filling up the DagBag from /home/airflow/.local/lib/python3.12/site-packages/airflow/example_dags/tutorial.py
[2024-04-27T00:11:50.485+0000] {processor.py:840} INFO - DAG(s) 'tutorial' retrieved from /home/airflow/.local/lib/python3.12/site-packages/airflow/example_dags/tutorial.py
[2024-04-27T00:11:50.502+0000] {logging_mixin.py:188} INFO - [2024-04-27T00:11:50.502+0000] {dag.py:3096} INFO - Sync 1 DAGs
[2024-04-27T00:11:50.519+0000] {logging_mixin.py:188} INFO - [2024-04-27T00:11:50.519+0000] {dag.py:3954} INFO - Setting next_dagrun for tutorial to 2024-04-26 00:00:00+00:00, run_after=2024-04-27 00:00:00+00:00
[2024-04-27T00:11:50.536+0000] {processor.py:183} INFO - Processing /home/airflow/.local/lib/python3.12/site-packages/airflow/example_dags/tutorial.py took 0.064 seconds
[2024-04-27T00:12:20.688+0000] {processor.py:161} INFO - Started process (PID=12013) to work on /home/airflow/.local/lib/python3.12/site-packages/airflow/example_dags/tutorial.py
[2024-04-27T00:12:20.690+0000] {processor.py:830} INFO - Processing file /home/airflow/.local/lib/python3.12/site-packages/airflow/example_dags/tutorial.py for tasks to queue
[2024-04-27T00:12:20.692+0000] {logging_mixin.py:188} INFO - [2024-04-27T00:12:20.691+0000] {dagbag.py:540} INFO - Filling up the DagBag from /home/airflow/.local/lib/python3.12/site-packages/airflow/example_dags/tutorial.py
[2024-04-27T00:12:20.699+0000] {processor.py:840} INFO - DAG(s) 'tutorial' retrieved from /home/airflow/.local/lib/python3.12/site-packages/airflow/example_dags/tutorial.py
[2024-04-27T00:12:20.720+0000] {logging_mixin.py:188} INFO - [2024-04-27T00:12:20.719+0000] {dag.py:3096} INFO - Sync 1 DAGs
[2024-04-27T00:12:20.742+0000] {logging_mixin.py:188} INFO - [2024-04-27T00:12:20.742+0000] {dag.py:3954} INFO - Setting next_dagrun for tutorial to 2024-04-26 00:00:00+00:00, run_after=2024-04-27 00:00:00+00:00
[2024-04-27T00:12:20.769+0000] {processor.py:183} INFO - Processing /home/airflow/.local/lib/python3.12/site-packages/airflow/example_dags/tutorial.py took 0.088 seconds
[2024-04-27T00:12:51.166+0000] {processor.py:161} INFO - Started process (PID=12073) to work on /home/airflow/.local/lib/python3.12/site-packages/airflow/example_dags/tutorial.py
[2024-04-27T00:12:51.171+0000] {processor.py:830} INFO - Processing file /home/airflow/.local/lib/python3.12/site-packages/airflow/example_dags/tutorial.py for tasks to queue
[2024-04-27T00:12:51.172+0000] {logging_mixin.py:188} INFO - [2024-04-27T00:12:51.172+0000] {dagbag.py:540} INFO - Filling up the DagBag from /home/airflow/.local/lib/python3.12/site-packages/airflow/example_dags/tutorial.py
[2024-04-27T00:12:51.178+0000] {processor.py:840} INFO - DAG(s) 'tutorial' retrieved from /home/airflow/.local/lib/python3.12/site-packages/airflow/example_dags/tutorial.py
[2024-04-27T00:12:51.202+0000] {logging_mixin.py:188} INFO - [2024-04-27T00:12:51.202+0000] {dag.py:3096} INFO - Sync 1 DAGs
[2024-04-27T00:12:51.225+0000] {logging_mixin.py:188} INFO - [2024-04-27T00:12:51.225+0000] {dag.py:3954} INFO - Setting next_dagrun for tutorial to 2024-04-26 00:00:00+00:00, run_after=2024-04-27 00:00:00+00:00
[2024-04-27T00:12:51.248+0000] {processor.py:183} INFO - Processing /home/airflow/.local/lib/python3.12/site-packages/airflow/example_dags/tutorial.py took 0.094 seconds
[2024-04-27T00:13:21.921+0000] {processor.py:161} INFO - Started process (PID=12137) to work on /home/airflow/.local/lib/python3.12/site-packages/airflow/example_dags/tutorial.py
[2024-04-27T00:13:21.922+0000] {processor.py:830} INFO - Processing file /home/airflow/.local/lib/python3.12/site-packages/airflow/example_dags/tutorial.py for tasks to queue
[2024-04-27T00:13:21.924+0000] {logging_mixin.py:188} INFO - [2024-04-27T00:13:21.923+0000] {dagbag.py:540} INFO - Filling up the DagBag from /home/airflow/.local/lib/python3.12/site-packages/airflow/example_dags/tutorial.py
[2024-04-27T00:13:21.933+0000] {processor.py:840} INFO - DAG(s) 'tutorial' retrieved from /home/airflow/.local/lib/python3.12/site-packages/airflow/example_dags/tutorial.py
[2024-04-27T00:13:21.968+0000] {logging_mixin.py:188} INFO - [2024-04-27T00:13:21.967+0000] {dag.py:3096} INFO - Sync 1 DAGs
[2024-04-27T00:13:21.993+0000] {logging_mixin.py:188} INFO - [2024-04-27T00:13:21.993+0000] {dag.py:3954} INFO - Setting next_dagrun for tutorial to 2024-04-26 00:00:00+00:00, run_after=2024-04-27 00:00:00+00:00
[2024-04-27T00:13:22.024+0000] {processor.py:183} INFO - Processing /home/airflow/.local/lib/python3.12/site-packages/airflow/example_dags/tutorial.py took 0.112 seconds
[2024-04-27T00:13:52.737+0000] {processor.py:161} INFO - Started process (PID=12197) to work on /home/airflow/.local/lib/python3.12/site-packages/airflow/example_dags/tutorial.py
[2024-04-27T00:13:52.740+0000] {processor.py:830} INFO - Processing file /home/airflow/.local/lib/python3.12/site-packages/airflow/example_dags/tutorial.py for tasks to queue
[2024-04-27T00:13:52.741+0000] {logging_mixin.py:188} INFO - [2024-04-27T00:13:52.741+0000] {dagbag.py:540} INFO - Filling up the DagBag from /home/airflow/.local/lib/python3.12/site-packages/airflow/example_dags/tutorial.py
[2024-04-27T00:13:52.747+0000] {processor.py:840} INFO - DAG(s) 'tutorial' retrieved from /home/airflow/.local/lib/python3.12/site-packages/airflow/example_dags/tutorial.py
[2024-04-27T00:13:52.771+0000] {logging_mixin.py:188} INFO - [2024-04-27T00:13:52.770+0000] {dag.py:3096} INFO - Sync 1 DAGs
[2024-04-27T00:13:52.792+0000] {logging_mixin.py:188} INFO - [2024-04-27T00:13:52.791+0000] {dag.py:3954} INFO - Setting next_dagrun for tutorial to 2024-04-26 00:00:00+00:00, run_after=2024-04-27 00:00:00+00:00
[2024-04-27T00:13:52.812+0000] {processor.py:183} INFO - Processing /home/airflow/.local/lib/python3.12/site-packages/airflow/example_dags/tutorial.py took 0.080 seconds
[2024-04-27T00:14:23.617+0000] {processor.py:161} INFO - Started process (PID=12257) to work on /home/airflow/.local/lib/python3.12/site-packages/airflow/example_dags/tutorial.py
[2024-04-27T00:14:23.618+0000] {processor.py:830} INFO - Processing file /home/airflow/.local/lib/python3.12/site-packages/airflow/example_dags/tutorial.py for tasks to queue
[2024-04-27T00:14:23.619+0000] {logging_mixin.py:188} INFO - [2024-04-27T00:14:23.618+0000] {dagbag.py:540} INFO - Filling up the DagBag from /home/airflow/.local/lib/python3.12/site-packages/airflow/example_dags/tutorial.py
[2024-04-27T00:14:23.624+0000] {processor.py:840} INFO - DAG(s) 'tutorial' retrieved from /home/airflow/.local/lib/python3.12/site-packages/airflow/example_dags/tutorial.py
[2024-04-27T00:14:23.641+0000] {logging_mixin.py:188} INFO - [2024-04-27T00:14:23.641+0000] {dag.py:3096} INFO - Sync 1 DAGs
[2024-04-27T00:14:23.660+0000] {logging_mixin.py:188} INFO - [2024-04-27T00:14:23.659+0000] {dag.py:3954} INFO - Setting next_dagrun for tutorial to 2024-04-26 00:00:00+00:00, run_after=2024-04-27 00:00:00+00:00
[2024-04-27T00:14:23.676+0000] {processor.py:183} INFO - Processing /home/airflow/.local/lib/python3.12/site-packages/airflow/example_dags/tutorial.py took 0.065 seconds
[2024-04-27T00:14:54.411+0000] {processor.py:161} INFO - Started process (PID=12317) to work on /home/airflow/.local/lib/python3.12/site-packages/airflow/example_dags/tutorial.py
[2024-04-27T00:14:54.411+0000] {processor.py:830} INFO - Processing file /home/airflow/.local/lib/python3.12/site-packages/airflow/example_dags/tutorial.py for tasks to queue
[2024-04-27T00:14:54.412+0000] {logging_mixin.py:188} INFO - [2024-04-27T00:14:54.412+0000] {dagbag.py:540} INFO - Filling up the DagBag from /home/airflow/.local/lib/python3.12/site-packages/airflow/example_dags/tutorial.py
[2024-04-27T00:14:54.418+0000] {processor.py:840} INFO - DAG(s) 'tutorial' retrieved from /home/airflow/.local/lib/python3.12/site-packages/airflow/example_dags/tutorial.py
[2024-04-27T00:14:54.441+0000] {logging_mixin.py:188} INFO - [2024-04-27T00:14:54.441+0000] {dag.py:3096} INFO - Sync 1 DAGs
[2024-04-27T00:14:54.466+0000] {logging_mixin.py:188} INFO - [2024-04-27T00:14:54.465+0000] {dag.py:3954} INFO - Setting next_dagrun for tutorial to 2024-04-26 00:00:00+00:00, run_after=2024-04-27 00:00:00+00:00
[2024-04-27T00:14:54.484+0000] {processor.py:183} INFO - Processing /home/airflow/.local/lib/python3.12/site-packages/airflow/example_dags/tutorial.py took 0.079 seconds
[2024-04-27T00:15:25.000+0000] {processor.py:161} INFO - Started process (PID=12377) to work on /home/airflow/.local/lib/python3.12/site-packages/airflow/example_dags/tutorial.py
[2024-04-27T00:15:25.002+0000] {processor.py:830} INFO - Processing file /home/airflow/.local/lib/python3.12/site-packages/airflow/example_dags/tutorial.py for tasks to queue
[2024-04-27T00:15:25.003+0000] {logging_mixin.py:188} INFO - [2024-04-27T00:15:25.002+0000] {dagbag.py:540} INFO - Filling up the DagBag from /home/airflow/.local/lib/python3.12/site-packages/airflow/example_dags/tutorial.py
[2024-04-27T00:15:25.009+0000] {processor.py:840} INFO - DAG(s) 'tutorial' retrieved from /home/airflow/.local/lib/python3.12/site-packages/airflow/example_dags/tutorial.py
[2024-04-27T00:15:25.028+0000] {logging_mixin.py:188} INFO - [2024-04-27T00:15:25.028+0000] {dag.py:3096} INFO - Sync 1 DAGs
[2024-04-27T00:15:25.047+0000] {logging_mixin.py:188} INFO - [2024-04-27T00:15:25.046+0000] {dag.py:3954} INFO - Setting next_dagrun for tutorial to 2024-04-26 00:00:00+00:00, run_after=2024-04-27 00:00:00+00:00
[2024-04-27T00:15:25.065+0000] {processor.py:183} INFO - Processing /home/airflow/.local/lib/python3.12/site-packages/airflow/example_dags/tutorial.py took 0.070 seconds
[2024-04-27T00:15:55.479+0000] {processor.py:161} INFO - Started process (PID=12437) to work on /home/airflow/.local/lib/python3.12/site-packages/airflow/example_dags/tutorial.py
[2024-04-27T00:15:55.480+0000] {processor.py:830} INFO - Processing file /home/airflow/.local/lib/python3.12/site-packages/airflow/example_dags/tutorial.py for tasks to queue
[2024-04-27T00:15:55.481+0000] {logging_mixin.py:188} INFO - [2024-04-27T00:15:55.481+0000] {dagbag.py:540} INFO - Filling up the DagBag from /home/airflow/.local/lib/python3.12/site-packages/airflow/example_dags/tutorial.py
[2024-04-27T00:15:55.486+0000] {processor.py:840} INFO - DAG(s) 'tutorial' retrieved from /home/airflow/.local/lib/python3.12/site-packages/airflow/example_dags/tutorial.py
[2024-04-27T00:15:55.503+0000] {logging_mixin.py:188} INFO - [2024-04-27T00:15:55.503+0000] {dag.py:3096} INFO - Sync 1 DAGs
[2024-04-27T00:15:55.523+0000] {logging_mixin.py:188} INFO - [2024-04-27T00:15:55.523+0000] {dag.py:3954} INFO - Setting next_dagrun for tutorial to 2024-04-26 00:00:00+00:00, run_after=2024-04-27 00:00:00+00:00
[2024-04-27T00:15:55.540+0000] {processor.py:183} INFO - Processing /home/airflow/.local/lib/python3.12/site-packages/airflow/example_dags/tutorial.py took 0.066 seconds
[2024-04-27T00:16:25.823+0000] {processor.py:161} INFO - Started process (PID=12497) to work on /home/airflow/.local/lib/python3.12/site-packages/airflow/example_dags/tutorial.py
[2024-04-27T00:16:25.824+0000] {processor.py:830} INFO - Processing file /home/airflow/.local/lib/python3.12/site-packages/airflow/example_dags/tutorial.py for tasks to queue
[2024-04-27T00:16:25.826+0000] {logging_mixin.py:188} INFO - [2024-04-27T00:16:25.825+0000] {dagbag.py:540} INFO - Filling up the DagBag from /home/airflow/.local/lib/python3.12/site-packages/airflow/example_dags/tutorial.py
[2024-04-27T00:16:25.833+0000] {processor.py:840} INFO - DAG(s) 'tutorial' retrieved from /home/airflow/.local/lib/python3.12/site-packages/airflow/example_dags/tutorial.py
[2024-04-27T00:16:25.851+0000] {logging_mixin.py:188} INFO - [2024-04-27T00:16:25.850+0000] {dag.py:3096} INFO - Sync 1 DAGs
[2024-04-27T00:16:25.870+0000] {logging_mixin.py:188} INFO - [2024-04-27T00:16:25.870+0000] {dag.py:3954} INFO - Setting next_dagrun for tutorial to 2024-04-26 00:00:00+00:00, run_after=2024-04-27 00:00:00+00:00
[2024-04-27T00:16:25.886+0000] {processor.py:183} INFO - Processing /home/airflow/.local/lib/python3.12/site-packages/airflow/example_dags/tutorial.py took 0.068 seconds
[2024-04-27T00:16:56.771+0000] {processor.py:161} INFO - Started process (PID=12557) to work on /home/airflow/.local/lib/python3.12/site-packages/airflow/example_dags/tutorial.py
[2024-04-27T00:16:56.773+0000] {processor.py:830} INFO - Processing file /home/airflow/.local/lib/python3.12/site-packages/airflow/example_dags/tutorial.py for tasks to queue
[2024-04-27T00:16:56.774+0000] {logging_mixin.py:188} INFO - [2024-04-27T00:16:56.774+0000] {dagbag.py:540} INFO - Filling up the DagBag from /home/airflow/.local/lib/python3.12/site-packages/airflow/example_dags/tutorial.py
[2024-04-27T00:16:56.781+0000] {processor.py:840} INFO - DAG(s) 'tutorial' retrieved from /home/airflow/.local/lib/python3.12/site-packages/airflow/example_dags/tutorial.py
[2024-04-27T00:16:56.803+0000] {logging_mixin.py:188} INFO - [2024-04-27T00:16:56.803+0000] {dag.py:3096} INFO - Sync 1 DAGs
[2024-04-27T00:16:56.823+0000] {logging_mixin.py:188} INFO - [2024-04-27T00:16:56.823+0000] {dag.py:3954} INFO - Setting next_dagrun for tutorial to 2024-04-26 00:00:00+00:00, run_after=2024-04-27 00:00:00+00:00
[2024-04-27T00:16:56.843+0000] {processor.py:183} INFO - Processing /home/airflow/.local/lib/python3.12/site-packages/airflow/example_dags/tutorial.py took 0.078 seconds
[2024-04-27T00:17:27.253+0000] {processor.py:161} INFO - Started process (PID=12617) to work on /home/airflow/.local/lib/python3.12/site-packages/airflow/example_dags/tutorial.py
[2024-04-27T00:17:27.254+0000] {processor.py:830} INFO - Processing file /home/airflow/.local/lib/python3.12/site-packages/airflow/example_dags/tutorial.py for tasks to queue
[2024-04-27T00:17:27.255+0000] {logging_mixin.py:188} INFO - [2024-04-27T00:17:27.255+0000] {dagbag.py:540} INFO - Filling up the DagBag from /home/airflow/.local/lib/python3.12/site-packages/airflow/example_dags/tutorial.py
[2024-04-27T00:17:27.262+0000] {processor.py:840} INFO - DAG(s) 'tutorial' retrieved from /home/airflow/.local/lib/python3.12/site-packages/airflow/example_dags/tutorial.py
[2024-04-27T00:17:27.282+0000] {logging_mixin.py:188} INFO - [2024-04-27T00:17:27.282+0000] {dag.py:3096} INFO - Sync 1 DAGs
[2024-04-27T00:17:27.303+0000] {logging_mixin.py:188} INFO - [2024-04-27T00:17:27.302+0000] {dag.py:3954} INFO - Setting next_dagrun for tutorial to 2024-04-26 00:00:00+00:00, run_after=2024-04-27 00:00:00+00:00
[2024-04-27T00:17:27.323+0000] {processor.py:183} INFO - Processing /home/airflow/.local/lib/python3.12/site-packages/airflow/example_dags/tutorial.py took 0.075 seconds
[2024-04-27T00:17:58.044+0000] {processor.py:161} INFO - Started process (PID=12677) to work on /home/airflow/.local/lib/python3.12/site-packages/airflow/example_dags/tutorial.py
[2024-04-27T00:17:58.045+0000] {processor.py:830} INFO - Processing file /home/airflow/.local/lib/python3.12/site-packages/airflow/example_dags/tutorial.py for tasks to queue
[2024-04-27T00:17:58.046+0000] {logging_mixin.py:188} INFO - [2024-04-27T00:17:58.046+0000] {dagbag.py:540} INFO - Filling up the DagBag from /home/airflow/.local/lib/python3.12/site-packages/airflow/example_dags/tutorial.py
[2024-04-27T00:17:58.051+0000] {processor.py:840} INFO - DAG(s) 'tutorial' retrieved from /home/airflow/.local/lib/python3.12/site-packages/airflow/example_dags/tutorial.py
[2024-04-27T00:17:58.067+0000] {logging_mixin.py:188} INFO - [2024-04-27T00:17:58.067+0000] {dag.py:3096} INFO - Sync 1 DAGs
[2024-04-27T00:17:58.087+0000] {logging_mixin.py:188} INFO - [2024-04-27T00:17:58.087+0000] {dag.py:3954} INFO - Setting next_dagrun for tutorial to 2024-04-26 00:00:00+00:00, run_after=2024-04-27 00:00:00+00:00
[2024-04-27T00:17:58.103+0000] {processor.py:183} INFO - Processing /home/airflow/.local/lib/python3.12/site-packages/airflow/example_dags/tutorial.py took 0.064 seconds
[2024-04-27T00:18:28.461+0000] {processor.py:161} INFO - Started process (PID=12737) to work on /home/airflow/.local/lib/python3.12/site-packages/airflow/example_dags/tutorial.py
[2024-04-27T00:18:28.462+0000] {processor.py:830} INFO - Processing file /home/airflow/.local/lib/python3.12/site-packages/airflow/example_dags/tutorial.py for tasks to queue
[2024-04-27T00:18:28.463+0000] {logging_mixin.py:188} INFO - [2024-04-27T00:18:28.462+0000] {dagbag.py:540} INFO - Filling up the DagBag from /home/airflow/.local/lib/python3.12/site-packages/airflow/example_dags/tutorial.py
[2024-04-27T00:18:28.469+0000] {processor.py:840} INFO - DAG(s) 'tutorial' retrieved from /home/airflow/.local/lib/python3.12/site-packages/airflow/example_dags/tutorial.py
[2024-04-27T00:18:28.488+0000] {logging_mixin.py:188} INFO - [2024-04-27T00:18:28.488+0000] {dag.py:3096} INFO - Sync 1 DAGs
[2024-04-27T00:18:28.512+0000] {logging_mixin.py:188} INFO - [2024-04-27T00:18:28.512+0000] {dag.py:3954} INFO - Setting next_dagrun for tutorial to 2024-04-26 00:00:00+00:00, run_after=2024-04-27 00:00:00+00:00
[2024-04-27T00:18:28.532+0000] {processor.py:183} INFO - Processing /home/airflow/.local/lib/python3.12/site-packages/airflow/example_dags/tutorial.py took 0.077 seconds
[2024-04-27T00:18:58.647+0000] {processor.py:161} INFO - Started process (PID=12797) to work on /home/airflow/.local/lib/python3.12/site-packages/airflow/example_dags/tutorial.py
[2024-04-27T00:18:58.649+0000] {processor.py:830} INFO - Processing file /home/airflow/.local/lib/python3.12/site-packages/airflow/example_dags/tutorial.py for tasks to queue
[2024-04-27T00:18:58.650+0000] {logging_mixin.py:188} INFO - [2024-04-27T00:18:58.650+0000] {dagbag.py:540} INFO - Filling up the DagBag from /home/airflow/.local/lib/python3.12/site-packages/airflow/example_dags/tutorial.py
[2024-04-27T00:18:58.656+0000] {processor.py:840} INFO - DAG(s) 'tutorial' retrieved from /home/airflow/.local/lib/python3.12/site-packages/airflow/example_dags/tutorial.py
[2024-04-27T00:18:58.676+0000] {logging_mixin.py:188} INFO - [2024-04-27T00:18:58.676+0000] {dag.py:3096} INFO - Sync 1 DAGs
[2024-04-27T00:18:58.696+0000] {logging_mixin.py:188} INFO - [2024-04-27T00:18:58.696+0000] {dag.py:3954} INFO - Setting next_dagrun for tutorial to 2024-04-26 00:00:00+00:00, run_after=2024-04-27 00:00:00+00:00
[2024-04-27T00:18:58.716+0000] {processor.py:183} INFO - Processing /home/airflow/.local/lib/python3.12/site-packages/airflow/example_dags/tutorial.py took 0.074 seconds
[2024-04-27T00:19:29.641+0000] {processor.py:161} INFO - Started process (PID=12857) to work on /home/airflow/.local/lib/python3.12/site-packages/airflow/example_dags/tutorial.py
[2024-04-27T00:19:29.642+0000] {processor.py:830} INFO - Processing file /home/airflow/.local/lib/python3.12/site-packages/airflow/example_dags/tutorial.py for tasks to queue
[2024-04-27T00:19:29.644+0000] {logging_mixin.py:188} INFO - [2024-04-27T00:19:29.643+0000] {dagbag.py:540} INFO - Filling up the DagBag from /home/airflow/.local/lib/python3.12/site-packages/airflow/example_dags/tutorial.py
[2024-04-27T00:19:29.650+0000] {processor.py:840} INFO - DAG(s) 'tutorial' retrieved from /home/airflow/.local/lib/python3.12/site-packages/airflow/example_dags/tutorial.py
[2024-04-27T00:19:29.668+0000] {logging_mixin.py:188} INFO - [2024-04-27T00:19:29.668+0000] {dag.py:3096} INFO - Sync 1 DAGs
[2024-04-27T00:19:29.689+0000] {logging_mixin.py:188} INFO - [2024-04-27T00:19:29.689+0000] {dag.py:3954} INFO - Setting next_dagrun for tutorial to 2024-04-26 00:00:00+00:00, run_after=2024-04-27 00:00:00+00:00
[2024-04-27T00:19:29.708+0000] {processor.py:183} INFO - Processing /home/airflow/.local/lib/python3.12/site-packages/airflow/example_dags/tutorial.py took 0.073 seconds
[2024-04-27T00:20:00.221+0000] {processor.py:161} INFO - Started process (PID=12917) to work on /home/airflow/.local/lib/python3.12/site-packages/airflow/example_dags/tutorial.py
[2024-04-27T00:20:00.223+0000] {processor.py:830} INFO - Processing file /home/airflow/.local/lib/python3.12/site-packages/airflow/example_dags/tutorial.py for tasks to queue
[2024-04-27T00:20:00.224+0000] {logging_mixin.py:188} INFO - [2024-04-27T00:20:00.223+0000] {dagbag.py:540} INFO - Filling up the DagBag from /home/airflow/.local/lib/python3.12/site-packages/airflow/example_dags/tutorial.py
[2024-04-27T00:20:00.229+0000] {processor.py:840} INFO - DAG(s) 'tutorial' retrieved from /home/airflow/.local/lib/python3.12/site-packages/airflow/example_dags/tutorial.py
[2024-04-27T00:20:00.249+0000] {logging_mixin.py:188} INFO - [2024-04-27T00:20:00.249+0000] {dag.py:3096} INFO - Sync 1 DAGs
[2024-04-27T00:20:00.274+0000] {logging_mixin.py:188} INFO - [2024-04-27T00:20:00.274+0000] {dag.py:3954} INFO - Setting next_dagrun for tutorial to 2024-04-26 00:00:00+00:00, run_after=2024-04-27 00:00:00+00:00
[2024-04-27T00:20:00.295+0000] {processor.py:183} INFO - Processing /home/airflow/.local/lib/python3.12/site-packages/airflow/example_dags/tutorial.py took 0.079 seconds
[2024-04-27T00:20:30.739+0000] {processor.py:161} INFO - Started process (PID=12976) to work on /home/airflow/.local/lib/python3.12/site-packages/airflow/example_dags/tutorial.py
[2024-04-27T00:20:30.740+0000] {processor.py:830} INFO - Processing file /home/airflow/.local/lib/python3.12/site-packages/airflow/example_dags/tutorial.py for tasks to queue
[2024-04-27T00:20:30.741+0000] {logging_mixin.py:188} INFO - [2024-04-27T00:20:30.741+0000] {dagbag.py:540} INFO - Filling up the DagBag from /home/airflow/.local/lib/python3.12/site-packages/airflow/example_dags/tutorial.py
[2024-04-27T00:20:30.747+0000] {processor.py:840} INFO - DAG(s) 'tutorial' retrieved from /home/airflow/.local/lib/python3.12/site-packages/airflow/example_dags/tutorial.py
[2024-04-27T00:20:30.769+0000] {logging_mixin.py:188} INFO - [2024-04-27T00:20:30.769+0000] {dag.py:3096} INFO - Sync 1 DAGs
[2024-04-27T00:20:30.789+0000] {logging_mixin.py:188} INFO - [2024-04-27T00:20:30.788+0000] {dag.py:3954} INFO - Setting next_dagrun for tutorial to 2024-04-26 00:00:00+00:00, run_after=2024-04-27 00:00:00+00:00
[2024-04-27T00:20:30.806+0000] {processor.py:183} INFO - Processing /home/airflow/.local/lib/python3.12/site-packages/airflow/example_dags/tutorial.py took 0.073 seconds
[2024-04-27T00:21:01.371+0000] {processor.py:161} INFO - Started process (PID=13036) to work on /home/airflow/.local/lib/python3.12/site-packages/airflow/example_dags/tutorial.py
[2024-04-27T00:21:01.373+0000] {processor.py:830} INFO - Processing file /home/airflow/.local/lib/python3.12/site-packages/airflow/example_dags/tutorial.py for tasks to queue
[2024-04-27T00:21:01.374+0000] {logging_mixin.py:188} INFO - [2024-04-27T00:21:01.373+0000] {dagbag.py:540} INFO - Filling up the DagBag from /home/airflow/.local/lib/python3.12/site-packages/airflow/example_dags/tutorial.py
[2024-04-27T00:21:01.383+0000] {processor.py:840} INFO - DAG(s) 'tutorial' retrieved from /home/airflow/.local/lib/python3.12/site-packages/airflow/example_dags/tutorial.py
[2024-04-27T00:21:01.407+0000] {logging_mixin.py:188} INFO - [2024-04-27T00:21:01.406+0000] {dag.py:3096} INFO - Sync 1 DAGs
[2024-04-27T00:21:01.435+0000] {logging_mixin.py:188} INFO - [2024-04-27T00:21:01.434+0000] {dag.py:3954} INFO - Setting next_dagrun for tutorial to 2024-04-26 00:00:00+00:00, run_after=2024-04-27 00:00:00+00:00
[2024-04-27T00:21:01.465+0000] {processor.py:183} INFO - Processing /home/airflow/.local/lib/python3.12/site-packages/airflow/example_dags/tutorial.py took 0.101 seconds
[2024-04-27T00:21:31.522+0000] {processor.py:161} INFO - Started process (PID=13096) to work on /home/airflow/.local/lib/python3.12/site-packages/airflow/example_dags/tutorial.py
[2024-04-27T00:21:31.523+0000] {processor.py:830} INFO - Processing file /home/airflow/.local/lib/python3.12/site-packages/airflow/example_dags/tutorial.py for tasks to queue
[2024-04-27T00:21:31.524+0000] {logging_mixin.py:188} INFO - [2024-04-27T00:21:31.523+0000] {dagbag.py:540} INFO - Filling up the DagBag from /home/airflow/.local/lib/python3.12/site-packages/airflow/example_dags/tutorial.py
[2024-04-27T00:21:31.531+0000] {processor.py:840} INFO - DAG(s) 'tutorial' retrieved from /home/airflow/.local/lib/python3.12/site-packages/airflow/example_dags/tutorial.py
[2024-04-27T00:21:31.550+0000] {logging_mixin.py:188} INFO - [2024-04-27T00:21:31.550+0000] {dag.py:3096} INFO - Sync 1 DAGs
[2024-04-27T00:21:31.570+0000] {logging_mixin.py:188} INFO - [2024-04-27T00:21:31.570+0000] {dag.py:3954} INFO - Setting next_dagrun for tutorial to 2024-04-26 00:00:00+00:00, run_after=2024-04-27 00:00:00+00:00
[2024-04-27T00:21:31.597+0000] {processor.py:183} INFO - Processing /home/airflow/.local/lib/python3.12/site-packages/airflow/example_dags/tutorial.py took 0.080 seconds
[2024-04-27T00:22:01.831+0000] {processor.py:161} INFO - Started process (PID=13156) to work on /home/airflow/.local/lib/python3.12/site-packages/airflow/example_dags/tutorial.py
[2024-04-27T00:22:01.832+0000] {processor.py:830} INFO - Processing file /home/airflow/.local/lib/python3.12/site-packages/airflow/example_dags/tutorial.py for tasks to queue
[2024-04-27T00:22:01.833+0000] {logging_mixin.py:188} INFO - [2024-04-27T00:22:01.833+0000] {dagbag.py:540} INFO - Filling up the DagBag from /home/airflow/.local/lib/python3.12/site-packages/airflow/example_dags/tutorial.py
[2024-04-27T00:22:01.839+0000] {processor.py:840} INFO - DAG(s) 'tutorial' retrieved from /home/airflow/.local/lib/python3.12/site-packages/airflow/example_dags/tutorial.py
[2024-04-27T00:22:01.886+0000] {logging_mixin.py:188} INFO - [2024-04-27T00:22:01.886+0000] {dag.py:3096} INFO - Sync 1 DAGs
[2024-04-27T00:22:01.905+0000] {logging_mixin.py:188} INFO - [2024-04-27T00:22:01.905+0000] {dag.py:3954} INFO - Setting next_dagrun for tutorial to 2024-04-26 00:00:00+00:00, run_after=2024-04-27 00:00:00+00:00
[2024-04-27T00:22:01.926+0000] {processor.py:183} INFO - Processing /home/airflow/.local/lib/python3.12/site-packages/airflow/example_dags/tutorial.py took 0.100 seconds
[2024-04-27T00:22:32.606+0000] {processor.py:161} INFO - Started process (PID=13216) to work on /home/airflow/.local/lib/python3.12/site-packages/airflow/example_dags/tutorial.py
[2024-04-27T00:22:32.607+0000] {processor.py:830} INFO - Processing file /home/airflow/.local/lib/python3.12/site-packages/airflow/example_dags/tutorial.py for tasks to queue
[2024-04-27T00:22:32.608+0000] {logging_mixin.py:188} INFO - [2024-04-27T00:22:32.608+0000] {dagbag.py:540} INFO - Filling up the DagBag from /home/airflow/.local/lib/python3.12/site-packages/airflow/example_dags/tutorial.py
[2024-04-27T00:22:32.613+0000] {processor.py:840} INFO - DAG(s) 'tutorial' retrieved from /home/airflow/.local/lib/python3.12/site-packages/airflow/example_dags/tutorial.py
[2024-04-27T00:22:32.632+0000] {logging_mixin.py:188} INFO - [2024-04-27T00:22:32.631+0000] {dag.py:3096} INFO - Sync 1 DAGs
[2024-04-27T00:22:32.651+0000] {logging_mixin.py:188} INFO - [2024-04-27T00:22:32.651+0000] {dag.py:3954} INFO - Setting next_dagrun for tutorial to 2024-04-26 00:00:00+00:00, run_after=2024-04-27 00:00:00+00:00
[2024-04-27T00:22:32.671+0000] {processor.py:183} INFO - Processing /home/airflow/.local/lib/python3.12/site-packages/airflow/example_dags/tutorial.py took 0.071 seconds
[2024-04-27T00:23:03.263+0000] {processor.py:161} INFO - Started process (PID=13276) to work on /home/airflow/.local/lib/python3.12/site-packages/airflow/example_dags/tutorial.py
[2024-04-27T00:23:03.265+0000] {processor.py:830} INFO - Processing file /home/airflow/.local/lib/python3.12/site-packages/airflow/example_dags/tutorial.py for tasks to queue
[2024-04-27T00:23:03.266+0000] {logging_mixin.py:188} INFO - [2024-04-27T00:23:03.266+0000] {dagbag.py:540} INFO - Filling up the DagBag from /home/airflow/.local/lib/python3.12/site-packages/airflow/example_dags/tutorial.py
[2024-04-27T00:23:03.276+0000] {processor.py:840} INFO - DAG(s) 'tutorial' retrieved from /home/airflow/.local/lib/python3.12/site-packages/airflow/example_dags/tutorial.py
[2024-04-27T00:23:03.299+0000] {logging_mixin.py:188} INFO - [2024-04-27T00:23:03.298+0000] {dag.py:3096} INFO - Sync 1 DAGs
[2024-04-27T00:23:03.318+0000] {logging_mixin.py:188} INFO - [2024-04-27T00:23:03.317+0000] {dag.py:3954} INFO - Setting next_dagrun for tutorial to 2024-04-26 00:00:00+00:00, run_after=2024-04-27 00:00:00+00:00
[2024-04-27T00:23:03.336+0000] {processor.py:183} INFO - Processing /home/airflow/.local/lib/python3.12/site-packages/airflow/example_dags/tutorial.py took 0.078 seconds
[2024-04-27T00:23:33.660+0000] {processor.py:161} INFO - Started process (PID=13336) to work on /home/airflow/.local/lib/python3.12/site-packages/airflow/example_dags/tutorial.py
[2024-04-27T00:23:33.661+0000] {processor.py:830} INFO - Processing file /home/airflow/.local/lib/python3.12/site-packages/airflow/example_dags/tutorial.py for tasks to queue
[2024-04-27T00:23:33.662+0000] {logging_mixin.py:188} INFO - [2024-04-27T00:23:33.662+0000] {dagbag.py:540} INFO - Filling up the DagBag from /home/airflow/.local/lib/python3.12/site-packages/airflow/example_dags/tutorial.py
[2024-04-27T00:23:33.668+0000] {processor.py:840} INFO - DAG(s) 'tutorial' retrieved from /home/airflow/.local/lib/python3.12/site-packages/airflow/example_dags/tutorial.py
[2024-04-27T00:23:33.687+0000] {logging_mixin.py:188} INFO - [2024-04-27T00:23:33.687+0000] {dag.py:3096} INFO - Sync 1 DAGs
[2024-04-27T00:23:33.706+0000] {logging_mixin.py:188} INFO - [2024-04-27T00:23:33.706+0000] {dag.py:3954} INFO - Setting next_dagrun for tutorial to 2024-04-26 00:00:00+00:00, run_after=2024-04-27 00:00:00+00:00
[2024-04-27T00:23:33.721+0000] {processor.py:183} INFO - Processing /home/airflow/.local/lib/python3.12/site-packages/airflow/example_dags/tutorial.py took 0.066 seconds
[2024-04-27T00:24:04.545+0000] {processor.py:161} INFO - Started process (PID=13397) to work on /home/airflow/.local/lib/python3.12/site-packages/airflow/example_dags/tutorial.py
[2024-04-27T00:24:04.547+0000] {processor.py:830} INFO - Processing file /home/airflow/.local/lib/python3.12/site-packages/airflow/example_dags/tutorial.py for tasks to queue
[2024-04-27T00:24:04.548+0000] {logging_mixin.py:188} INFO - [2024-04-27T00:24:04.547+0000] {dagbag.py:540} INFO - Filling up the DagBag from /home/airflow/.local/lib/python3.12/site-packages/airflow/example_dags/tutorial.py
[2024-04-27T00:24:04.553+0000] {processor.py:840} INFO - DAG(s) 'tutorial' retrieved from /home/airflow/.local/lib/python3.12/site-packages/airflow/example_dags/tutorial.py
[2024-04-27T00:24:04.571+0000] {logging_mixin.py:188} INFO - [2024-04-27T00:24:04.571+0000] {dag.py:3096} INFO - Sync 1 DAGs
[2024-04-27T00:24:04.590+0000] {logging_mixin.py:188} INFO - [2024-04-27T00:24:04.590+0000] {dag.py:3954} INFO - Setting next_dagrun for tutorial to 2024-04-26 00:00:00+00:00, run_after=2024-04-27 00:00:00+00:00
[2024-04-27T00:24:04.609+0000] {processor.py:183} INFO - Processing /home/airflow/.local/lib/python3.12/site-packages/airflow/example_dags/tutorial.py took 0.069 seconds
[2024-04-27T00:24:35.013+0000] {processor.py:161} INFO - Started process (PID=13457) to work on /home/airflow/.local/lib/python3.12/site-packages/airflow/example_dags/tutorial.py
[2024-04-27T00:24:35.015+0000] {processor.py:830} INFO - Processing file /home/airflow/.local/lib/python3.12/site-packages/airflow/example_dags/tutorial.py for tasks to queue
[2024-04-27T00:24:35.016+0000] {logging_mixin.py:188} INFO - [2024-04-27T00:24:35.016+0000] {dagbag.py:540} INFO - Filling up the DagBag from /home/airflow/.local/lib/python3.12/site-packages/airflow/example_dags/tutorial.py
[2024-04-27T00:24:35.022+0000] {processor.py:840} INFO - DAG(s) 'tutorial' retrieved from /home/airflow/.local/lib/python3.12/site-packages/airflow/example_dags/tutorial.py
[2024-04-27T00:24:35.039+0000] {logging_mixin.py:188} INFO - [2024-04-27T00:24:35.039+0000] {dag.py:3096} INFO - Sync 1 DAGs
[2024-04-27T00:24:35.058+0000] {logging_mixin.py:188} INFO - [2024-04-27T00:24:35.058+0000] {dag.py:3954} INFO - Setting next_dagrun for tutorial to 2024-04-26 00:00:00+00:00, run_after=2024-04-27 00:00:00+00:00
[2024-04-27T00:24:35.075+0000] {processor.py:183} INFO - Processing /home/airflow/.local/lib/python3.12/site-packages/airflow/example_dags/tutorial.py took 0.067 seconds
[2024-04-27T00:25:05.526+0000] {processor.py:161} INFO - Started process (PID=13517) to work on /home/airflow/.local/lib/python3.12/site-packages/airflow/example_dags/tutorial.py
[2024-04-27T00:25:05.527+0000] {processor.py:830} INFO - Processing file /home/airflow/.local/lib/python3.12/site-packages/airflow/example_dags/tutorial.py for tasks to queue
[2024-04-27T00:25:05.528+0000] {logging_mixin.py:188} INFO - [2024-04-27T00:25:05.528+0000] {dagbag.py:540} INFO - Filling up the DagBag from /home/airflow/.local/lib/python3.12/site-packages/airflow/example_dags/tutorial.py
[2024-04-27T00:25:05.534+0000] {processor.py:840} INFO - DAG(s) 'tutorial' retrieved from /home/airflow/.local/lib/python3.12/site-packages/airflow/example_dags/tutorial.py
[2024-04-27T00:25:05.555+0000] {logging_mixin.py:188} INFO - [2024-04-27T00:25:05.554+0000] {dag.py:3096} INFO - Sync 1 DAGs
[2024-04-27T00:25:05.574+0000] {logging_mixin.py:188} INFO - [2024-04-27T00:25:05.574+0000] {dag.py:3954} INFO - Setting next_dagrun for tutorial to 2024-04-26 00:00:00+00:00, run_after=2024-04-27 00:00:00+00:00
[2024-04-27T00:25:05.592+0000] {processor.py:183} INFO - Processing /home/airflow/.local/lib/python3.12/site-packages/airflow/example_dags/tutorial.py took 0.072 seconds
