[2024-04-27T00:00:01.455+0000] {processor.py:161} INFO - Started process (PID=10543) to work on /opt/airflow/dags/processing_rocket.py
[2024-04-27T00:00:01.457+0000] {processor.py:830} INFO - Processing file /opt/airflow/dags/processing_rocket.py for tasks to queue
[2024-04-27T00:00:01.459+0000] {logging_mixin.py:188} INFO - [2024-04-27T00:00:01.459+0000] {dagbag.py:540} INFO - Filling up the DagBag from /opt/airflow/dags/processing_rocket.py
[2024-04-27T00:00:01.481+0000] {processor.py:840} INFO - DAG(s) 'downlad_rocket_launches' retrieved from /opt/airflow/dags/processing_rocket.py
[2024-04-27T00:00:01.600+0000] {logging_mixin.py:188} INFO - [2024-04-27T00:00:01.600+0000] {dag.py:3096} INFO - Sync 1 DAGs
[2024-04-27T00:00:01.614+0000] {logging_mixin.py:188} INFO - [2024-04-27T00:00:01.614+0000] {dag.py:3954} INFO - Setting next_dagrun for downlad_rocket_launches to None, run_after=None
[2024-04-27T00:00:01.781+0000] {processor.py:183} INFO - Processing /opt/airflow/dags/processing_rocket.py took 0.332 seconds
[2024-04-27T00:00:31.897+0000] {processor.py:161} INFO - Started process (PID=10604) to work on /opt/airflow/dags/processing_rocket.py
[2024-04-27T00:00:31.899+0000] {processor.py:830} INFO - Processing file /opt/airflow/dags/processing_rocket.py for tasks to queue
[2024-04-27T00:00:31.901+0000] {logging_mixin.py:188} INFO - [2024-04-27T00:00:31.901+0000] {dagbag.py:540} INFO - Filling up the DagBag from /opt/airflow/dags/processing_rocket.py
[2024-04-27T00:00:31.922+0000] {processor.py:840} INFO - DAG(s) 'downlad_rocket_launches' retrieved from /opt/airflow/dags/processing_rocket.py
[2024-04-27T00:00:31.940+0000] {logging_mixin.py:188} INFO - [2024-04-27T00:00:31.940+0000] {dag.py:3096} INFO - Sync 1 DAGs
[2024-04-27T00:00:31.952+0000] {logging_mixin.py:188} INFO - [2024-04-27T00:00:31.952+0000] {dag.py:3954} INFO - Setting next_dagrun for downlad_rocket_launches to None, run_after=None
[2024-04-27T00:00:31.973+0000] {processor.py:183} INFO - Processing /opt/airflow/dags/processing_rocket.py took 0.081 seconds
[2024-04-27T00:01:02.041+0000] {processor.py:161} INFO - Started process (PID=10665) to work on /opt/airflow/dags/processing_rocket.py
[2024-04-27T00:01:02.043+0000] {processor.py:830} INFO - Processing file /opt/airflow/dags/processing_rocket.py for tasks to queue
[2024-04-27T00:01:02.048+0000] {logging_mixin.py:188} INFO - [2024-04-27T00:01:02.047+0000] {dagbag.py:540} INFO - Filling up the DagBag from /opt/airflow/dags/processing_rocket.py
[2024-04-27T00:01:02.081+0000] {processor.py:840} INFO - DAG(s) 'downlad_rocket_launches' retrieved from /opt/airflow/dags/processing_rocket.py
[2024-04-27T00:01:02.106+0000] {logging_mixin.py:188} INFO - [2024-04-27T00:01:02.106+0000] {dag.py:3096} INFO - Sync 1 DAGs
[2024-04-27T00:01:02.125+0000] {logging_mixin.py:188} INFO - [2024-04-27T00:01:02.125+0000] {dag.py:3954} INFO - Setting next_dagrun for downlad_rocket_launches to None, run_after=None
[2024-04-27T00:01:02.176+0000] {processor.py:183} INFO - Processing /opt/airflow/dags/processing_rocket.py took 0.141 seconds
[2024-04-27T00:01:32.820+0000] {processor.py:161} INFO - Started process (PID=10726) to work on /opt/airflow/dags/processing_rocket.py
[2024-04-27T00:01:32.821+0000] {processor.py:830} INFO - Processing file /opt/airflow/dags/processing_rocket.py for tasks to queue
[2024-04-27T00:01:32.823+0000] {logging_mixin.py:188} INFO - [2024-04-27T00:01:32.822+0000] {dagbag.py:540} INFO - Filling up the DagBag from /opt/airflow/dags/processing_rocket.py
[2024-04-27T00:01:32.846+0000] {processor.py:840} INFO - DAG(s) 'downlad_rocket_launches' retrieved from /opt/airflow/dags/processing_rocket.py
[2024-04-27T00:01:32.874+0000] {logging_mixin.py:188} INFO - [2024-04-27T00:01:32.874+0000] {dag.py:3096} INFO - Sync 1 DAGs
[2024-04-27T00:01:32.888+0000] {logging_mixin.py:188} INFO - [2024-04-27T00:01:32.888+0000] {dag.py:3954} INFO - Setting next_dagrun for downlad_rocket_launches to None, run_after=None
[2024-04-27T00:01:32.913+0000] {processor.py:183} INFO - Processing /opt/airflow/dags/processing_rocket.py took 0.100 seconds
[2024-04-27T00:02:03.604+0000] {processor.py:161} INFO - Started process (PID=10787) to work on /opt/airflow/dags/processing_rocket.py
[2024-04-27T00:02:03.605+0000] {processor.py:830} INFO - Processing file /opt/airflow/dags/processing_rocket.py for tasks to queue
[2024-04-27T00:02:03.607+0000] {logging_mixin.py:188} INFO - [2024-04-27T00:02:03.607+0000] {dagbag.py:540} INFO - Filling up the DagBag from /opt/airflow/dags/processing_rocket.py
[2024-04-27T00:02:03.636+0000] {processor.py:840} INFO - DAG(s) 'downlad_rocket_launches' retrieved from /opt/airflow/dags/processing_rocket.py
[2024-04-27T00:02:03.654+0000] {logging_mixin.py:188} INFO - [2024-04-27T00:02:03.654+0000] {dag.py:3096} INFO - Sync 1 DAGs
[2024-04-27T00:02:03.665+0000] {logging_mixin.py:188} INFO - [2024-04-27T00:02:03.665+0000] {dag.py:3954} INFO - Setting next_dagrun for downlad_rocket_launches to None, run_after=None
[2024-04-27T00:02:03.689+0000] {processor.py:183} INFO - Processing /opt/airflow/dags/processing_rocket.py took 0.091 seconds
[2024-04-27T00:02:33.997+0000] {processor.py:161} INFO - Started process (PID=10848) to work on /opt/airflow/dags/processing_rocket.py
[2024-04-27T00:02:33.998+0000] {processor.py:830} INFO - Processing file /opt/airflow/dags/processing_rocket.py for tasks to queue
[2024-04-27T00:02:34.000+0000] {logging_mixin.py:188} INFO - [2024-04-27T00:02:34.000+0000] {dagbag.py:540} INFO - Filling up the DagBag from /opt/airflow/dags/processing_rocket.py
[2024-04-27T00:02:34.027+0000] {processor.py:840} INFO - DAG(s) 'downlad_rocket_launches' retrieved from /opt/airflow/dags/processing_rocket.py
[2024-04-27T00:02:34.047+0000] {logging_mixin.py:188} INFO - [2024-04-27T00:02:34.047+0000] {dag.py:3096} INFO - Sync 1 DAGs
[2024-04-27T00:02:34.058+0000] {logging_mixin.py:188} INFO - [2024-04-27T00:02:34.058+0000] {dag.py:3954} INFO - Setting next_dagrun for downlad_rocket_launches to None, run_after=None
[2024-04-27T00:02:34.084+0000] {processor.py:183} INFO - Processing /opt/airflow/dags/processing_rocket.py took 0.094 seconds
[2024-04-27T00:03:04.720+0000] {processor.py:161} INFO - Started process (PID=10909) to work on /opt/airflow/dags/processing_rocket.py
[2024-04-27T00:03:04.721+0000] {processor.py:830} INFO - Processing file /opt/airflow/dags/processing_rocket.py for tasks to queue
[2024-04-27T00:03:04.723+0000] {logging_mixin.py:188} INFO - [2024-04-27T00:03:04.723+0000] {dagbag.py:540} INFO - Filling up the DagBag from /opt/airflow/dags/processing_rocket.py
[2024-04-27T00:03:04.769+0000] {processor.py:840} INFO - DAG(s) 'downlad_rocket_launches' retrieved from /opt/airflow/dags/processing_rocket.py
[2024-04-27T00:03:04.800+0000] {logging_mixin.py:188} INFO - [2024-04-27T00:03:04.800+0000] {dag.py:3096} INFO - Sync 1 DAGs
[2024-04-27T00:03:04.958+0000] {logging_mixin.py:188} INFO - [2024-04-27T00:03:04.958+0000] {dag.py:3954} INFO - Setting next_dagrun for downlad_rocket_launches to None, run_after=None
[2024-04-27T00:03:04.979+0000] {processor.py:183} INFO - Processing /opt/airflow/dags/processing_rocket.py took 0.264 seconds
[2024-04-27T00:03:35.075+0000] {processor.py:161} INFO - Started process (PID=10970) to work on /opt/airflow/dags/processing_rocket.py
[2024-04-27T00:03:35.076+0000] {processor.py:830} INFO - Processing file /opt/airflow/dags/processing_rocket.py for tasks to queue
[2024-04-27T00:03:35.079+0000] {logging_mixin.py:188} INFO - [2024-04-27T00:03:35.078+0000] {dagbag.py:540} INFO - Filling up the DagBag from /opt/airflow/dags/processing_rocket.py
[2024-04-27T00:03:35.103+0000] {processor.py:840} INFO - DAG(s) 'downlad_rocket_launches' retrieved from /opt/airflow/dags/processing_rocket.py
[2024-04-27T00:03:35.128+0000] {logging_mixin.py:188} INFO - [2024-04-27T00:03:35.128+0000] {dag.py:3096} INFO - Sync 1 DAGs
[2024-04-27T00:03:35.145+0000] {logging_mixin.py:188} INFO - [2024-04-27T00:03:35.145+0000] {dag.py:3954} INFO - Setting next_dagrun for downlad_rocket_launches to None, run_after=None
[2024-04-27T00:03:35.338+0000] {processor.py:183} INFO - Processing /opt/airflow/dags/processing_rocket.py took 0.271 seconds
[2024-04-27T00:04:05.717+0000] {processor.py:161} INFO - Started process (PID=11030) to work on /opt/airflow/dags/processing_rocket.py
[2024-04-27T00:04:05.721+0000] {processor.py:830} INFO - Processing file /opt/airflow/dags/processing_rocket.py for tasks to queue
[2024-04-27T00:04:05.724+0000] {logging_mixin.py:188} INFO - [2024-04-27T00:04:05.724+0000] {dagbag.py:540} INFO - Filling up the DagBag from /opt/airflow/dags/processing_rocket.py
[2024-04-27T00:04:05.752+0000] {processor.py:840} INFO - DAG(s) 'downlad_rocket_launches' retrieved from /opt/airflow/dags/processing_rocket.py
[2024-04-27T00:04:05.848+0000] {logging_mixin.py:188} INFO - [2024-04-27T00:04:05.848+0000] {dag.py:3096} INFO - Sync 1 DAGs
[2024-04-27T00:04:05.862+0000] {logging_mixin.py:188} INFO - [2024-04-27T00:04:05.862+0000] {dag.py:3954} INFO - Setting next_dagrun for downlad_rocket_launches to None, run_after=None
[2024-04-27T00:04:05.892+0000] {processor.py:183} INFO - Processing /opt/airflow/dags/processing_rocket.py took 0.183 seconds
[2024-04-27T00:04:36.425+0000] {processor.py:161} INFO - Started process (PID=11090) to work on /opt/airflow/dags/processing_rocket.py
[2024-04-27T00:04:36.427+0000] {processor.py:830} INFO - Processing file /opt/airflow/dags/processing_rocket.py for tasks to queue
[2024-04-27T00:04:36.430+0000] {logging_mixin.py:188} INFO - [2024-04-27T00:04:36.429+0000] {dagbag.py:540} INFO - Filling up the DagBag from /opt/airflow/dags/processing_rocket.py
[2024-04-27T00:04:36.466+0000] {processor.py:840} INFO - DAG(s) 'downlad_rocket_launches' retrieved from /opt/airflow/dags/processing_rocket.py
[2024-04-27T00:04:36.488+0000] {logging_mixin.py:188} INFO - [2024-04-27T00:04:36.488+0000] {dag.py:3096} INFO - Sync 1 DAGs
[2024-04-27T00:04:36.502+0000] {logging_mixin.py:188} INFO - [2024-04-27T00:04:36.502+0000] {dag.py:3954} INFO - Setting next_dagrun for downlad_rocket_launches to None, run_after=None
[2024-04-27T00:04:36.526+0000] {processor.py:183} INFO - Processing /opt/airflow/dags/processing_rocket.py took 0.107 seconds
