[2024-04-26T22:34:15.761+0000] {local_task_job_runner.py:120} INFO - ::group::Pre task execution logs
[2024-04-26T22:34:15.851+0000] {taskinstance.py:2073} INFO - Dependencies all met for dep_context=non-requeueable deps ti=<TaskInstance: Crypto_ETL.fetch_and_save_data scheduled__2024-04-17T00:00:00+00:00 [queued]>
[2024-04-26T22:34:15.893+0000] {taskinstance.py:2073} INFO - Dependencies all met for dep_context=requeueable deps ti=<TaskInstance: Crypto_ETL.fetch_and_save_data scheduled__2024-04-17T00:00:00+00:00 [queued]>
[2024-04-26T22:34:15.895+0000] {taskinstance.py:2303} INFO - Starting attempt 1 of 1
[2024-04-26T22:34:15.944+0000] {taskinstance.py:2327} INFO - Executing <Task(PythonOperator): fetch_and_save_data> on 2024-04-17 00:00:00+00:00
[2024-04-26T22:34:15.989+0000] {standard_task_runner.py:90} INFO - Running: ['***', 'tasks', 'run', 'Crypto_ETL', 'fetch_and_save_data', 'scheduled__2024-04-17T00:00:00+00:00', '--job-id', '78', '--raw', '--subdir', 'DAGS_FOLDER/processing_ETL.py', '--cfg-path', '/tmp/tmp7n9_scxo']
[2024-04-26T22:34:16.001+0000] {standard_task_runner.py:91} INFO - Job 78: Subtask fetch_and_save_data
[2024-04-26T22:34:15.980+0000] {warnings.py:110} WARNING - /home/***/.local/lib/python3.12/site-packages/***/task/task_runner/standard_task_runner.py:61: DeprecationWarning: This process (pid=150) is multi-threaded, use of fork() may lead to deadlocks in the child.
  pid = os.fork()

[2024-04-26T22:34:16.033+0000] {standard_task_runner.py:63} INFO - Started process 237 to run task
[2024-04-26T22:34:16.198+0000] {task_command.py:426} INFO - Running <TaskInstance: Crypto_ETL.fetch_and_save_data scheduled__2024-04-17T00:00:00+00:00 [running]> on host 7542c54372fc
[2024-04-26T22:34:16.641+0000] {taskinstance.py:2644} INFO - Exporting env vars: AIRFLOW_CTX_DAG_OWNER='***' AIRFLOW_CTX_DAG_ID='Crypto_ETL' AIRFLOW_CTX_TASK_ID='fetch_and_save_data' AIRFLOW_CTX_EXECUTION_DATE='2024-04-17T00:00:00+00:00' AIRFLOW_CTX_TRY_NUMBER='1' AIRFLOW_CTX_DAG_RUN_ID='scheduled__2024-04-17T00:00:00+00:00'
[2024-04-26T22:34:16.649+0000] {taskinstance.py:430} INFO - ::endgroup::
[2024-04-26T22:34:16.741+0000] {logging_mixin.py:188} INFO - Data saved to binance_dataset.csv
[2024-04-26T22:34:16.742+0000] {python.py:237} INFO - Done. Returned value was: None
[2024-04-26T22:34:16.743+0000] {taskinstance.py:441} INFO - ::group::Post task execution logs
[2024-04-26T22:34:16.800+0000] {taskinstance.py:1205} INFO - Marking task as SUCCESS. dag_id=Crypto_ETL, task_id=fetch_and_save_data, execution_date=20240417T000000, start_date=20240426T223415, end_date=20240426T223416
[2024-04-26T22:34:16.880+0000] {local_task_job_runner.py:240} INFO - Task exited with return code 0
[2024-04-26T22:34:17.343+0000] {taskinstance.py:3482} INFO - 1 downstream tasks scheduled from follow-on schedule check
[2024-04-26T22:34:17.380+0000] {local_task_job_runner.py:222} INFO - ::endgroup::
