[2024-04-26T22:53:22.820+0000] {local_task_job_runner.py:120} INFO - ::group::Pre task execution logs
[2024-04-26T22:53:22.840+0000] {taskinstance.py:2073} INFO - Dependencies all met for dep_context=non-requeueable deps ti=<TaskInstance: Crypto_ETL.predict_price manual__2024-04-26T22:53:12.095230+00:00 [queued]>
[2024-04-26T22:53:22.850+0000] {taskinstance.py:2073} INFO - Dependencies all met for dep_context=requeueable deps ti=<TaskInstance: Crypto_ETL.predict_price manual__2024-04-26T22:53:12.095230+00:00 [queued]>
[2024-04-26T22:53:22.851+0000] {taskinstance.py:2303} INFO - Starting attempt 1 of 1
[2024-04-26T22:53:22.867+0000] {taskinstance.py:2327} INFO - Executing <Task(PythonOperator): predict_price> on 2024-04-26 22:53:12.095230+00:00
[2024-04-26T22:53:22.874+0000] {warnings.py:110} WARNING - /home/***/.local/lib/python3.12/site-packages/***/task/task_runner/standard_task_runner.py:61: DeprecationWarning: This process (pid=657) is multi-threaded, use of fork() may lead to deadlocks in the child.
  pid = os.fork()

[2024-04-26T22:53:22.875+0000] {standard_task_runner.py:63} INFO - Started process 659 to run task
[2024-04-26T22:53:22.875+0000] {standard_task_runner.py:90} INFO - Running: ['***', 'tasks', 'run', 'Crypto_ETL', 'predict_price', 'manual__2024-04-26T22:53:12.095230+00:00', '--job-id', '137', '--raw', '--subdir', 'DAGS_FOLDER/processing_ETL.py', '--cfg-path', '/tmp/tmphscskzwy']
[2024-04-26T22:53:22.877+0000] {standard_task_runner.py:91} INFO - Job 137: Subtask predict_price
[2024-04-26T22:53:22.926+0000] {task_command.py:426} INFO - Running <TaskInstance: Crypto_ETL.predict_price manual__2024-04-26T22:53:12.095230+00:00 [running]> on host 7542c54372fc
[2024-04-26T22:53:23.018+0000] {taskinstance.py:2644} INFO - Exporting env vars: AIRFLOW_CTX_DAG_OWNER='***' AIRFLOW_CTX_DAG_ID='Crypto_ETL' AIRFLOW_CTX_TASK_ID='predict_price' AIRFLOW_CTX_EXECUTION_DATE='2024-04-26T22:53:12.095230+00:00' AIRFLOW_CTX_TRY_NUMBER='1' AIRFLOW_CTX_DAG_RUN_ID='manual__2024-04-26T22:53:12.095230+00:00'
[2024-04-26T22:53:23.021+0000] {taskinstance.py:430} INFO - ::endgroup::
[2024-04-26T22:53:23.038+0000] {logging_mixin.py:188} INFO - Cette phase consiste de entrainer le modèle
[2024-04-26T22:53:23.045+0000] {python.py:237} INFO - Done. Returned value was: None
[2024-04-26T22:53:23.047+0000] {taskinstance.py:441} INFO - ::group::Post task execution logs
[2024-04-26T22:53:23.056+0000] {taskinstance.py:1205} INFO - Marking task as SUCCESS. dag_id=Crypto_ETL, task_id=predict_price, execution_date=20240426T225312, start_date=20240426T225322, end_date=20240426T225323
[2024-04-26T22:53:23.092+0000] {local_task_job_runner.py:240} INFO - Task exited with return code 0
[2024-04-26T22:53:23.116+0000] {taskinstance.py:3482} INFO - 1 downstream tasks scheduled from follow-on schedule check
[2024-04-26T22:53:23.119+0000] {local_task_job_runner.py:222} INFO - ::endgroup::
